[2023-03-03T14:32:56.241+0000] {taskinstance.py:1083} INFO - Dependencies all met for <TaskInstance: ETL_dag.is_api_available manual__2023-03-03T14:32:54.034092+00:00 [queued]>
[2023-03-03T14:32:56.254+0000] {taskinstance.py:1083} INFO - Dependencies all met for <TaskInstance: ETL_dag.is_api_available manual__2023-03-03T14:32:54.034092+00:00 [queued]>
[2023-03-03T14:32:56.254+0000] {taskinstance.py:1279} INFO - 
--------------------------------------------------------------------------------
[2023-03-03T14:32:56.254+0000] {taskinstance.py:1280} INFO - Starting attempt 1 of 2
[2023-03-03T14:32:56.254+0000] {taskinstance.py:1281} INFO - 
--------------------------------------------------------------------------------
[2023-03-03T14:32:56.274+0000] {taskinstance.py:1300} INFO - Executing <Task(HttpSensor): is_api_available> on 2023-03-03 14:32:54.034092+00:00
[2023-03-03T14:32:56.283+0000] {standard_task_runner.py:55} INFO - Started process 6769 to run task
[2023-03-03T14:32:56.286+0000] {standard_task_runner.py:82} INFO - Running: ['***', 'tasks', 'run', 'ETL_dag', 'is_api_available', 'manual__2023-03-03T14:32:54.034092+00:00', '--job-id', '25', '--raw', '--subdir', 'DAGS_FOLDER/ETL_dag.py', '--cfg-path', '/tmp/tmphzeeiwrh']
[2023-03-03T14:32:56.288+0000] {standard_task_runner.py:83} INFO - Job 25: Subtask is_api_available
[2023-03-03T14:32:56.360+0000] {task_command.py:388} INFO - Running <TaskInstance: ETL_dag.is_api_available manual__2023-03-03T14:32:54.034092+00:00 [running]> on host bb703684ec8f
[2023-03-03T14:32:56.492+0000] {taskinstance.py:1509} INFO - Exporting the following env vars:
AIRFLOW_CTX_DAG_OWNER=Airflow
AIRFLOW_CTX_DAG_ID=ETL_dag
AIRFLOW_CTX_TASK_ID=is_api_available
AIRFLOW_CTX_EXECUTION_DATE=2023-03-03T14:32:54.034092+00:00
AIRFLOW_CTX_TRY_NUMBER=1
AIRFLOW_CTX_DAG_RUN_ID=manual__2023-03-03T14:32:54.034092+00:00
[2023-03-03T14:32:56.493+0000] {http.py:122} INFO - Poking: /bitcoin/history?interval=h1
[2023-03-03T14:32:56.519+0000] {base.py:73} INFO - Using connection ID 'api_call' for task execution.
[2023-03-03T14:32:56.912+0000] {base.py:228} INFO - Success criteria met. Exiting.
[2023-03-03T14:32:56.926+0000] {taskinstance.py:1323} INFO - Marking task as SUCCESS. dag_id=ETL_dag, task_id=is_api_available, execution_date=20230303T143254, start_date=20230303T143256, end_date=20230303T143256
[2023-03-03T14:32:56.981+0000] {local_task_job.py:208} INFO - Task exited with return code 0
[2023-03-03T14:32:57.040+0000] {taskinstance.py:2578} INFO - 1 downstream tasks scheduled from follow-on schedule check
