[2023-03-03T15:08:04.290+0000] {taskinstance.py:1083} INFO - Dependencies all met for <TaskInstance: ETL_dag.transform_data manual__2023-03-03T15:07:57.805327+00:00 [queued]>
[2023-03-03T15:08:04.300+0000] {taskinstance.py:1083} INFO - Dependencies all met for <TaskInstance: ETL_dag.transform_data manual__2023-03-03T15:07:57.805327+00:00 [queued]>
[2023-03-03T15:08:04.301+0000] {taskinstance.py:1279} INFO - 
--------------------------------------------------------------------------------
[2023-03-03T15:08:04.301+0000] {taskinstance.py:1280} INFO - Starting attempt 1 of 2
[2023-03-03T15:08:04.301+0000] {taskinstance.py:1281} INFO - 
--------------------------------------------------------------------------------
[2023-03-03T15:08:04.313+0000] {taskinstance.py:1300} INFO - Executing <Task(PythonOperator): transform_data> on 2023-03-03 15:07:57.805327+00:00
[2023-03-03T15:08:04.319+0000] {standard_task_runner.py:55} INFO - Started process 10397 to run task
[2023-03-03T15:08:04.321+0000] {standard_task_runner.py:82} INFO - Running: ['***', 'tasks', 'run', 'ETL_dag', 'transform_data', 'manual__2023-03-03T15:07:57.805327+00:00', '--job-id', '41', '--raw', '--subdir', 'DAGS_FOLDER/ETL_dag.py', '--cfg-path', '/tmp/tmpkv7anmgn']
[2023-03-03T15:08:04.323+0000] {standard_task_runner.py:83} INFO - Job 41: Subtask transform_data
[2023-03-03T15:08:04.377+0000] {task_command.py:388} INFO - Running <TaskInstance: ETL_dag.transform_data manual__2023-03-03T15:07:57.805327+00:00 [running]> on host bb703684ec8f
[2023-03-03T15:08:04.441+0000] {taskinstance.py:1509} INFO - Exporting the following env vars:
AIRFLOW_CTX_DAG_OWNER=Airflow
AIRFLOW_CTX_DAG_ID=ETL_dag
AIRFLOW_CTX_TASK_ID=transform_data
AIRFLOW_CTX_EXECUTION_DATE=2023-03-03T15:07:57.805327+00:00
AIRFLOW_CTX_TRY_NUMBER=1
AIRFLOW_CTX_DAG_RUN_ID=manual__2023-03-03T15:07:57.805327+00:00
[2023-03-03T15:08:04.500+0000] {python.py:177} INFO - Done. Returned value was: None
[2023-03-03T15:08:04.508+0000] {taskinstance.py:1323} INFO - Marking task as SUCCESS. dag_id=ETL_dag, task_id=transform_data, execution_date=20230303T150757, start_date=20230303T150804, end_date=20230303T150804
[2023-03-03T15:08:04.533+0000] {local_task_job.py:208} INFO - Task exited with return code 0
[2023-03-03T15:08:04.569+0000] {taskinstance.py:2578} INFO - 1 downstream tasks scheduled from follow-on schedule check
