[2023-03-03T15:08:05.170+0000] {taskinstance.py:1083} INFO - Dependencies all met for <TaskInstance: ETL_dag.load_data manual__2023-03-03T15:07:57.805327+00:00 [queued]>
[2023-03-03T15:08:05.178+0000] {taskinstance.py:1083} INFO - Dependencies all met for <TaskInstance: ETL_dag.load_data manual__2023-03-03T15:07:57.805327+00:00 [queued]>
[2023-03-03T15:08:05.179+0000] {taskinstance.py:1279} INFO - 
--------------------------------------------------------------------------------
[2023-03-03T15:08:05.179+0000] {taskinstance.py:1280} INFO - Starting attempt 1 of 2
[2023-03-03T15:08:05.179+0000] {taskinstance.py:1281} INFO - 
--------------------------------------------------------------------------------
[2023-03-03T15:08:05.190+0000] {taskinstance.py:1300} INFO - Executing <Task(PythonOperator): load_data> on 2023-03-03 15:07:57.805327+00:00
[2023-03-03T15:08:05.197+0000] {standard_task_runner.py:55} INFO - Started process 10400 to run task
[2023-03-03T15:08:05.200+0000] {standard_task_runner.py:82} INFO - Running: ['***', 'tasks', 'run', 'ETL_dag', 'load_data', 'manual__2023-03-03T15:07:57.805327+00:00', '--job-id', '42', '--raw', '--subdir', 'DAGS_FOLDER/ETL_dag.py', '--cfg-path', '/tmp/tmpdfjg2a8m']
[2023-03-03T15:08:05.201+0000] {standard_task_runner.py:83} INFO - Job 42: Subtask load_data
[2023-03-03T15:08:05.258+0000] {task_command.py:388} INFO - Running <TaskInstance: ETL_dag.load_data manual__2023-03-03T15:07:57.805327+00:00 [running]> on host bb703684ec8f
[2023-03-03T15:08:05.323+0000] {taskinstance.py:1509} INFO - Exporting the following env vars:
AIRFLOW_CTX_DAG_OWNER=Airflow
AIRFLOW_CTX_DAG_ID=ETL_dag
AIRFLOW_CTX_TASK_ID=load_data
AIRFLOW_CTX_EXECUTION_DATE=2023-03-03T15:07:57.805327+00:00
AIRFLOW_CTX_TRY_NUMBER=1
AIRFLOW_CTX_DAG_RUN_ID=manual__2023-03-03T15:07:57.805327+00:00
[2023-03-03T15:08:05.324+0000] {postgres.py:158} INFO - Running copy expert: COPY bitcoin_data FROM stdin WITH DELIMITER as ',', filename: /tmp/processed_data.csv
[2023-03-03T15:08:05.334+0000] {base.py:73} INFO - Using connection ID 'postgres' for task execution.
[2023-03-03T15:08:05.340+0000] {python.py:177} INFO - Done. Returned value was: None
[2023-03-03T15:08:05.351+0000] {taskinstance.py:1323} INFO - Marking task as SUCCESS. dag_id=ETL_dag, task_id=load_data, execution_date=20230303T150757, start_date=20230303T150805, end_date=20230303T150805
[2023-03-03T15:08:05.371+0000] {local_task_job.py:208} INFO - Task exited with return code 0
[2023-03-03T15:08:05.390+0000] {taskinstance.py:2578} INFO - 0 downstream tasks scheduled from follow-on schedule check
