[2023-03-03T14:37:57.174+0000] {taskinstance.py:1083} INFO - Dependencies all met for <TaskInstance: ETL_dag.transform_data manual__2023-03-03T14:32:54.034092+00:00 [queued]>
[2023-03-03T14:37:57.183+0000] {taskinstance.py:1083} INFO - Dependencies all met for <TaskInstance: ETL_dag.transform_data manual__2023-03-03T14:32:54.034092+00:00 [queued]>
[2023-03-03T14:37:57.184+0000] {taskinstance.py:1279} INFO - 
--------------------------------------------------------------------------------
[2023-03-03T14:37:57.184+0000] {taskinstance.py:1280} INFO - Starting attempt 2 of 2
[2023-03-03T14:37:57.184+0000] {taskinstance.py:1281} INFO - 
--------------------------------------------------------------------------------
[2023-03-03T14:37:57.196+0000] {taskinstance.py:1300} INFO - Executing <Task(PythonOperator): transform_data> on 2023-03-03 14:32:54.034092+00:00
[2023-03-03T14:37:57.202+0000] {standard_task_runner.py:55} INFO - Started process 7314 to run task
[2023-03-03T14:37:57.205+0000] {standard_task_runner.py:82} INFO - Running: ['***', 'tasks', 'run', 'ETL_dag', 'transform_data', 'manual__2023-03-03T14:32:54.034092+00:00', '--job-id', '32', '--raw', '--subdir', 'DAGS_FOLDER/ETL_dag.py', '--cfg-path', '/tmp/tmpo92tyt25']
[2023-03-03T14:37:57.206+0000] {standard_task_runner.py:83} INFO - Job 32: Subtask transform_data
[2023-03-03T14:37:57.262+0000] {task_command.py:388} INFO - Running <TaskInstance: ETL_dag.transform_data manual__2023-03-03T14:32:54.034092+00:00 [running]> on host bb703684ec8f
[2023-03-03T14:37:57.325+0000] {taskinstance.py:1509} INFO - Exporting the following env vars:
AIRFLOW_CTX_DAG_OWNER=Airflow
AIRFLOW_CTX_DAG_ID=ETL_dag
AIRFLOW_CTX_TASK_ID=transform_data
AIRFLOW_CTX_EXECUTION_DATE=2023-03-03T14:32:54.034092+00:00
AIRFLOW_CTX_TRY_NUMBER=2
AIRFLOW_CTX_DAG_RUN_ID=manual__2023-03-03T14:32:54.034092+00:00
[2023-03-03T14:37:57.383+0000] {python.py:177} INFO - Done. Returned value was: None
[2023-03-03T14:37:57.394+0000] {taskinstance.py:1323} INFO - Marking task as SUCCESS. dag_id=ETL_dag, task_id=transform_data, execution_date=20230303T143254, start_date=20230303T143757, end_date=20230303T143757
[2023-03-03T14:37:57.416+0000] {local_task_job.py:208} INFO - Task exited with return code 0
[2023-03-03T14:37:57.433+0000] {taskinstance.py:2578} INFO - 0 downstream tasks scheduled from follow-on schedule check
