[2023-03-03T13:27:45.159+0000] {taskinstance.py:1083} INFO - Dependencies all met for <TaskInstance: ETL_dag.create_table scheduled__2023-03-02T00:00:00+00:00 [queued]>
[2023-03-03T13:27:45.170+0000] {taskinstance.py:1083} INFO - Dependencies all met for <TaskInstance: ETL_dag.create_table scheduled__2023-03-02T00:00:00+00:00 [queued]>
[2023-03-03T13:27:45.170+0000] {taskinstance.py:1279} INFO - 
--------------------------------------------------------------------------------
[2023-03-03T13:27:45.170+0000] {taskinstance.py:1280} INFO - Starting attempt 1 of 2
[2023-03-03T13:27:45.170+0000] {taskinstance.py:1281} INFO - 
--------------------------------------------------------------------------------
[2023-03-03T13:27:45.182+0000] {taskinstance.py:1300} INFO - Executing <Task(PostgresOperator): create_table> on 2023-03-02 00:00:00+00:00
[2023-03-03T13:27:45.187+0000] {standard_task_runner.py:55} INFO - Started process 122 to run task
[2023-03-03T13:27:45.190+0000] {standard_task_runner.py:82} INFO - Running: ['***', 'tasks', 'run', 'ETL_dag', 'create_table', 'scheduled__2023-03-02T00:00:00+00:00', '--job-id', '20', '--raw', '--subdir', 'DAGS_FOLDER/api_dag.py', '--cfg-path', '/tmp/tmpkkjo4nmx']
[2023-03-03T13:27:45.190+0000] {standard_task_runner.py:83} INFO - Job 20: Subtask create_table
[2023-03-03T13:27:45.242+0000] {task_command.py:388} INFO - Running <TaskInstance: ETL_dag.create_table scheduled__2023-03-02T00:00:00+00:00 [running]> on host bb703684ec8f
[2023-03-03T13:27:45.306+0000] {taskinstance.py:1509} INFO - Exporting the following env vars:
AIRFLOW_CTX_DAG_OWNER=Airflow
AIRFLOW_CTX_DAG_ID=ETL_dag
AIRFLOW_CTX_TASK_ID=create_table
AIRFLOW_CTX_EXECUTION_DATE=2023-03-02T00:00:00+00:00
AIRFLOW_CTX_TRY_NUMBER=1
AIRFLOW_CTX_DAG_RUN_ID=scheduled__2023-03-02T00:00:00+00:00
[2023-03-03T13:27:45.307+0000] {sql.py:254} INFO - Executing: 
            drop table if exists rates;
            drop table if exists bitcoin_data; 
            create table bitcoin_data(
                priceUsd float not null,
                time int not null,
                date date not null
            );
        
[2023-03-03T13:27:45.315+0000] {base.py:73} INFO - Using connection ID 'postgres' for task execution.
[2023-03-03T13:27:45.507+0000] {base.py:73} INFO - Using connection ID 'postgres' for task execution.
[2023-03-03T13:27:45.511+0000] {sql.py:375} INFO - Running statement: 
            drop table if exists rates;
            drop table if exists bitcoin_data; 
            create table bitcoin_data(
                priceUsd float not null,
                time int not null,
                date date not null
            );
        , parameters: None
[2023-03-03T13:27:45.532+0000] {taskinstance.py:1323} INFO - Marking task as SUCCESS. dag_id=ETL_dag, task_id=create_table, execution_date=20230302T000000, start_date=20230303T132745, end_date=20230303T132745
[2023-03-03T13:27:45.562+0000] {local_task_job.py:208} INFO - Task exited with return code 0
[2023-03-03T13:27:45.580+0000] {taskinstance.py:2578} INFO - 0 downstream tasks scheduled from follow-on schedule check
