[2023-03-01T15:18:19.268+0000] {processor.py:153} INFO - Started process (PID=86) to work on /home/airflow/.local/lib/python3.7/site-packages/airflow/example_dags/example_nested_branch_dag.py
[2023-03-01T15:18:19.269+0000] {processor.py:743} INFO - Processing file /home/airflow/.local/lib/python3.7/site-packages/airflow/example_dags/example_nested_branch_dag.py for tasks to queue
[2023-03-01T15:18:19.269+0000] {logging_mixin.py:137} INFO - [2023-03-01T15:18:19.269+0000] {dagbag.py:538} INFO - Filling up the DagBag from /home/airflow/.local/lib/python3.7/site-packages/airflow/example_dags/example_nested_branch_dag.py
[2023-03-01T15:18:19.307+0000] {processor.py:753} INFO - DAG(s) dict_keys(['example_nested_branch_dag']) retrieved from /home/airflow/.local/lib/python3.7/site-packages/airflow/example_dags/example_nested_branch_dag.py
[2023-03-01T15:18:19.323+0000] {logging_mixin.py:137} INFO - [2023-03-01T15:18:19.323+0000] {dag.py:2690} INFO - Sync 1 DAGs
[2023-03-01T15:18:19.362+0000] {logging_mixin.py:137} INFO - [2023-03-01T15:18:19.362+0000] {dag.py:3441} INFO - Setting next_dagrun for example_nested_branch_dag to 2023-02-28T00:00:00+00:00, run_after=2023-03-01T00:00:00+00:00
[2023-03-01T15:18:19.395+0000] {processor.py:175} INFO - Processing /home/airflow/.local/lib/python3.7/site-packages/airflow/example_dags/example_nested_branch_dag.py took 0.132 seconds
[2023-03-01T15:18:50.167+0000] {processor.py:153} INFO - Started process (PID=165) to work on /home/airflow/.local/lib/python3.7/site-packages/airflow/example_dags/example_nested_branch_dag.py
[2023-03-01T15:18:50.167+0000] {processor.py:743} INFO - Processing file /home/airflow/.local/lib/python3.7/site-packages/airflow/example_dags/example_nested_branch_dag.py for tasks to queue
[2023-03-01T15:18:50.168+0000] {logging_mixin.py:137} INFO - [2023-03-01T15:18:50.168+0000] {dagbag.py:538} INFO - Filling up the DagBag from /home/airflow/.local/lib/python3.7/site-packages/airflow/example_dags/example_nested_branch_dag.py
[2023-03-01T15:18:50.188+0000] {processor.py:753} INFO - DAG(s) dict_keys(['example_nested_branch_dag']) retrieved from /home/airflow/.local/lib/python3.7/site-packages/airflow/example_dags/example_nested_branch_dag.py
[2023-03-01T15:18:50.210+0000] {logging_mixin.py:137} INFO - [2023-03-01T15:18:50.210+0000] {dag.py:2690} INFO - Sync 1 DAGs
[2023-03-01T15:18:50.234+0000] {logging_mixin.py:137} INFO - [2023-03-01T15:18:50.234+0000] {dag.py:3441} INFO - Setting next_dagrun for example_nested_branch_dag to 2023-02-28T00:00:00+00:00, run_after=2023-03-01T00:00:00+00:00
[2023-03-01T15:18:50.253+0000] {processor.py:175} INFO - Processing /home/airflow/.local/lib/python3.7/site-packages/airflow/example_dags/example_nested_branch_dag.py took 0.089 seconds
[2023-03-01T15:19:20.937+0000] {processor.py:153} INFO - Started process (PID=264) to work on /home/airflow/.local/lib/python3.7/site-packages/airflow/example_dags/example_nested_branch_dag.py
[2023-03-01T15:19:20.938+0000] {processor.py:743} INFO - Processing file /home/airflow/.local/lib/python3.7/site-packages/airflow/example_dags/example_nested_branch_dag.py for tasks to queue
[2023-03-01T15:19:20.938+0000] {logging_mixin.py:137} INFO - [2023-03-01T15:19:20.938+0000] {dagbag.py:538} INFO - Filling up the DagBag from /home/airflow/.local/lib/python3.7/site-packages/airflow/example_dags/example_nested_branch_dag.py
[2023-03-01T15:19:20.964+0000] {processor.py:753} INFO - DAG(s) dict_keys(['example_nested_branch_dag']) retrieved from /home/airflow/.local/lib/python3.7/site-packages/airflow/example_dags/example_nested_branch_dag.py
[2023-03-01T15:19:20.995+0000] {logging_mixin.py:137} INFO - [2023-03-01T15:19:20.995+0000] {dag.py:2690} INFO - Sync 1 DAGs
[2023-03-01T15:19:21.030+0000] {logging_mixin.py:137} INFO - [2023-03-01T15:19:21.029+0000] {dag.py:3441} INFO - Setting next_dagrun for example_nested_branch_dag to 2023-02-28T00:00:00+00:00, run_after=2023-03-01T00:00:00+00:00
[2023-03-01T15:19:21.060+0000] {processor.py:175} INFO - Processing /home/airflow/.local/lib/python3.7/site-packages/airflow/example_dags/example_nested_branch_dag.py took 0.126 seconds
[2023-03-01T15:19:51.961+0000] {processor.py:153} INFO - Started process (PID=343) to work on /home/airflow/.local/lib/python3.7/site-packages/airflow/example_dags/example_nested_branch_dag.py
[2023-03-01T15:19:51.962+0000] {processor.py:743} INFO - Processing file /home/airflow/.local/lib/python3.7/site-packages/airflow/example_dags/example_nested_branch_dag.py for tasks to queue
[2023-03-01T15:19:51.963+0000] {logging_mixin.py:137} INFO - [2023-03-01T15:19:51.963+0000] {dagbag.py:538} INFO - Filling up the DagBag from /home/airflow/.local/lib/python3.7/site-packages/airflow/example_dags/example_nested_branch_dag.py
[2023-03-01T15:19:51.983+0000] {processor.py:753} INFO - DAG(s) dict_keys(['example_nested_branch_dag']) retrieved from /home/airflow/.local/lib/python3.7/site-packages/airflow/example_dags/example_nested_branch_dag.py
[2023-03-01T15:19:52.006+0000] {logging_mixin.py:137} INFO - [2023-03-01T15:19:52.006+0000] {dag.py:2690} INFO - Sync 1 DAGs
[2023-03-01T15:19:52.029+0000] {logging_mixin.py:137} INFO - [2023-03-01T15:19:52.029+0000] {dag.py:3441} INFO - Setting next_dagrun for example_nested_branch_dag to 2023-02-28T00:00:00+00:00, run_after=2023-03-01T00:00:00+00:00
[2023-03-01T15:19:52.048+0000] {processor.py:175} INFO - Processing /home/airflow/.local/lib/python3.7/site-packages/airflow/example_dags/example_nested_branch_dag.py took 0.089 seconds
[2023-03-01T15:20:22.515+0000] {processor.py:153} INFO - Started process (PID=442) to work on /home/airflow/.local/lib/python3.7/site-packages/airflow/example_dags/example_nested_branch_dag.py
[2023-03-01T15:20:22.516+0000] {processor.py:743} INFO - Processing file /home/airflow/.local/lib/python3.7/site-packages/airflow/example_dags/example_nested_branch_dag.py for tasks to queue
[2023-03-01T15:20:22.517+0000] {logging_mixin.py:137} INFO - [2023-03-01T15:20:22.516+0000] {dagbag.py:538} INFO - Filling up the DagBag from /home/airflow/.local/lib/python3.7/site-packages/airflow/example_dags/example_nested_branch_dag.py
[2023-03-01T15:20:22.542+0000] {processor.py:753} INFO - DAG(s) dict_keys(['example_nested_branch_dag']) retrieved from /home/airflow/.local/lib/python3.7/site-packages/airflow/example_dags/example_nested_branch_dag.py
[2023-03-01T15:20:22.568+0000] {logging_mixin.py:137} INFO - [2023-03-01T15:20:22.567+0000] {dag.py:2690} INFO - Sync 1 DAGs
[2023-03-01T15:20:22.596+0000] {logging_mixin.py:137} INFO - [2023-03-01T15:20:22.596+0000] {dag.py:3441} INFO - Setting next_dagrun for example_nested_branch_dag to 2023-02-28T00:00:00+00:00, run_after=2023-03-01T00:00:00+00:00
[2023-03-01T15:20:22.616+0000] {processor.py:175} INFO - Processing /home/airflow/.local/lib/python3.7/site-packages/airflow/example_dags/example_nested_branch_dag.py took 0.103 seconds
[2023-03-01T15:20:53.384+0000] {processor.py:153} INFO - Started process (PID=521) to work on /home/airflow/.local/lib/python3.7/site-packages/airflow/example_dags/example_nested_branch_dag.py
[2023-03-01T15:20:53.385+0000] {processor.py:743} INFO - Processing file /home/airflow/.local/lib/python3.7/site-packages/airflow/example_dags/example_nested_branch_dag.py for tasks to queue
[2023-03-01T15:20:53.385+0000] {logging_mixin.py:137} INFO - [2023-03-01T15:20:53.385+0000] {dagbag.py:538} INFO - Filling up the DagBag from /home/airflow/.local/lib/python3.7/site-packages/airflow/example_dags/example_nested_branch_dag.py
[2023-03-01T15:20:53.404+0000] {processor.py:753} INFO - DAG(s) dict_keys(['example_nested_branch_dag']) retrieved from /home/airflow/.local/lib/python3.7/site-packages/airflow/example_dags/example_nested_branch_dag.py
[2023-03-01T15:20:53.426+0000] {logging_mixin.py:137} INFO - [2023-03-01T15:20:53.426+0000] {dag.py:2690} INFO - Sync 1 DAGs
[2023-03-01T15:20:53.451+0000] {logging_mixin.py:137} INFO - [2023-03-01T15:20:53.451+0000] {dag.py:3441} INFO - Setting next_dagrun for example_nested_branch_dag to 2023-02-28T00:00:00+00:00, run_after=2023-03-01T00:00:00+00:00
[2023-03-01T15:20:53.468+0000] {processor.py:175} INFO - Processing /home/airflow/.local/lib/python3.7/site-packages/airflow/example_dags/example_nested_branch_dag.py took 0.086 seconds
[2023-03-01T15:21:23.833+0000] {processor.py:153} INFO - Started process (PID=620) to work on /home/airflow/.local/lib/python3.7/site-packages/airflow/example_dags/example_nested_branch_dag.py
[2023-03-01T15:21:23.834+0000] {processor.py:743} INFO - Processing file /home/airflow/.local/lib/python3.7/site-packages/airflow/example_dags/example_nested_branch_dag.py for tasks to queue
[2023-03-01T15:21:23.834+0000] {logging_mixin.py:137} INFO - [2023-03-01T15:21:23.834+0000] {dagbag.py:538} INFO - Filling up the DagBag from /home/airflow/.local/lib/python3.7/site-packages/airflow/example_dags/example_nested_branch_dag.py
[2023-03-01T15:21:23.864+0000] {processor.py:753} INFO - DAG(s) dict_keys(['example_nested_branch_dag']) retrieved from /home/airflow/.local/lib/python3.7/site-packages/airflow/example_dags/example_nested_branch_dag.py
[2023-03-01T15:21:23.889+0000] {logging_mixin.py:137} INFO - [2023-03-01T15:21:23.889+0000] {dag.py:2690} INFO - Sync 1 DAGs
[2023-03-01T15:21:23.913+0000] {logging_mixin.py:137} INFO - [2023-03-01T15:21:23.913+0000] {dag.py:3441} INFO - Setting next_dagrun for example_nested_branch_dag to 2023-02-28T00:00:00+00:00, run_after=2023-03-01T00:00:00+00:00
[2023-03-01T15:21:23.931+0000] {processor.py:175} INFO - Processing /home/airflow/.local/lib/python3.7/site-packages/airflow/example_dags/example_nested_branch_dag.py took 0.102 seconds
[2023-03-01T15:21:54.213+0000] {processor.py:153} INFO - Started process (PID=700) to work on /home/airflow/.local/lib/python3.7/site-packages/airflow/example_dags/example_nested_branch_dag.py
[2023-03-01T15:21:54.213+0000] {processor.py:743} INFO - Processing file /home/airflow/.local/lib/python3.7/site-packages/airflow/example_dags/example_nested_branch_dag.py for tasks to queue
[2023-03-01T15:21:54.214+0000] {logging_mixin.py:137} INFO - [2023-03-01T15:21:54.214+0000] {dagbag.py:538} INFO - Filling up the DagBag from /home/airflow/.local/lib/python3.7/site-packages/airflow/example_dags/example_nested_branch_dag.py
[2023-03-01T15:21:54.234+0000] {processor.py:753} INFO - DAG(s) dict_keys(['example_nested_branch_dag']) retrieved from /home/airflow/.local/lib/python3.7/site-packages/airflow/example_dags/example_nested_branch_dag.py
[2023-03-01T15:21:54.256+0000] {logging_mixin.py:137} INFO - [2023-03-01T15:21:54.256+0000] {dag.py:2690} INFO - Sync 1 DAGs
[2023-03-01T15:21:54.279+0000] {logging_mixin.py:137} INFO - [2023-03-01T15:21:54.279+0000] {dag.py:3441} INFO - Setting next_dagrun for example_nested_branch_dag to 2023-02-28T00:00:00+00:00, run_after=2023-03-01T00:00:00+00:00
[2023-03-01T15:21:54.296+0000] {processor.py:175} INFO - Processing /home/airflow/.local/lib/python3.7/site-packages/airflow/example_dags/example_nested_branch_dag.py took 0.087 seconds
[2023-03-01T15:22:24.861+0000] {processor.py:153} INFO - Started process (PID=799) to work on /home/airflow/.local/lib/python3.7/site-packages/airflow/example_dags/example_nested_branch_dag.py
[2023-03-01T15:22:24.862+0000] {processor.py:743} INFO - Processing file /home/airflow/.local/lib/python3.7/site-packages/airflow/example_dags/example_nested_branch_dag.py for tasks to queue
[2023-03-01T15:22:24.862+0000] {logging_mixin.py:137} INFO - [2023-03-01T15:22:24.862+0000] {dagbag.py:538} INFO - Filling up the DagBag from /home/airflow/.local/lib/python3.7/site-packages/airflow/example_dags/example_nested_branch_dag.py
[2023-03-01T15:22:24.881+0000] {processor.py:753} INFO - DAG(s) dict_keys(['example_nested_branch_dag']) retrieved from /home/airflow/.local/lib/python3.7/site-packages/airflow/example_dags/example_nested_branch_dag.py
[2023-03-01T15:22:24.903+0000] {logging_mixin.py:137} INFO - [2023-03-01T15:22:24.903+0000] {dag.py:2690} INFO - Sync 1 DAGs
[2023-03-01T15:22:24.926+0000] {logging_mixin.py:137} INFO - [2023-03-01T15:22:24.926+0000] {dag.py:3441} INFO - Setting next_dagrun for example_nested_branch_dag to 2023-02-28T00:00:00+00:00, run_after=2023-03-01T00:00:00+00:00
[2023-03-01T15:22:24.949+0000] {processor.py:175} INFO - Processing /home/airflow/.local/lib/python3.7/site-packages/airflow/example_dags/example_nested_branch_dag.py took 0.090 seconds
[2023-03-01T15:22:55.206+0000] {processor.py:153} INFO - Started process (PID=878) to work on /home/airflow/.local/lib/python3.7/site-packages/airflow/example_dags/example_nested_branch_dag.py
[2023-03-01T15:22:55.207+0000] {processor.py:743} INFO - Processing file /home/airflow/.local/lib/python3.7/site-packages/airflow/example_dags/example_nested_branch_dag.py for tasks to queue
[2023-03-01T15:22:55.207+0000] {logging_mixin.py:137} INFO - [2023-03-01T15:22:55.207+0000] {dagbag.py:538} INFO - Filling up the DagBag from /home/airflow/.local/lib/python3.7/site-packages/airflow/example_dags/example_nested_branch_dag.py
[2023-03-01T15:22:55.229+0000] {processor.py:753} INFO - DAG(s) dict_keys(['example_nested_branch_dag']) retrieved from /home/airflow/.local/lib/python3.7/site-packages/airflow/example_dags/example_nested_branch_dag.py
[2023-03-01T15:22:55.258+0000] {logging_mixin.py:137} INFO - [2023-03-01T15:22:55.257+0000] {dag.py:2690} INFO - Sync 1 DAGs
[2023-03-01T15:22:55.287+0000] {logging_mixin.py:137} INFO - [2023-03-01T15:22:55.287+0000] {dag.py:3441} INFO - Setting next_dagrun for example_nested_branch_dag to 2023-02-28T00:00:00+00:00, run_after=2023-03-01T00:00:00+00:00
[2023-03-01T15:22:55.305+0000] {processor.py:175} INFO - Processing /home/airflow/.local/lib/python3.7/site-packages/airflow/example_dags/example_nested_branch_dag.py took 0.102 seconds
[2023-03-01T15:23:26.064+0000] {processor.py:153} INFO - Started process (PID=977) to work on /home/airflow/.local/lib/python3.7/site-packages/airflow/example_dags/example_nested_branch_dag.py
[2023-03-01T15:23:26.065+0000] {processor.py:743} INFO - Processing file /home/airflow/.local/lib/python3.7/site-packages/airflow/example_dags/example_nested_branch_dag.py for tasks to queue
[2023-03-01T15:23:26.065+0000] {logging_mixin.py:137} INFO - [2023-03-01T15:23:26.065+0000] {dagbag.py:538} INFO - Filling up the DagBag from /home/airflow/.local/lib/python3.7/site-packages/airflow/example_dags/example_nested_branch_dag.py
[2023-03-01T15:23:26.085+0000] {processor.py:753} INFO - DAG(s) dict_keys(['example_nested_branch_dag']) retrieved from /home/airflow/.local/lib/python3.7/site-packages/airflow/example_dags/example_nested_branch_dag.py
[2023-03-01T15:23:26.108+0000] {logging_mixin.py:137} INFO - [2023-03-01T15:23:26.108+0000] {dag.py:2690} INFO - Sync 1 DAGs
[2023-03-01T15:23:26.133+0000] {logging_mixin.py:137} INFO - [2023-03-01T15:23:26.133+0000] {dag.py:3441} INFO - Setting next_dagrun for example_nested_branch_dag to 2023-02-28T00:00:00+00:00, run_after=2023-03-01T00:00:00+00:00
[2023-03-01T15:23:26.153+0000] {processor.py:175} INFO - Processing /home/airflow/.local/lib/python3.7/site-packages/airflow/example_dags/example_nested_branch_dag.py took 0.091 seconds
[2023-03-01T15:23:56.437+0000] {processor.py:153} INFO - Started process (PID=1056) to work on /home/airflow/.local/lib/python3.7/site-packages/airflow/example_dags/example_nested_branch_dag.py
[2023-03-01T15:23:56.438+0000] {processor.py:743} INFO - Processing file /home/airflow/.local/lib/python3.7/site-packages/airflow/example_dags/example_nested_branch_dag.py for tasks to queue
[2023-03-01T15:23:56.438+0000] {logging_mixin.py:137} INFO - [2023-03-01T15:23:56.438+0000] {dagbag.py:538} INFO - Filling up the DagBag from /home/airflow/.local/lib/python3.7/site-packages/airflow/example_dags/example_nested_branch_dag.py
[2023-03-01T15:23:56.457+0000] {processor.py:753} INFO - DAG(s) dict_keys(['example_nested_branch_dag']) retrieved from /home/airflow/.local/lib/python3.7/site-packages/airflow/example_dags/example_nested_branch_dag.py
[2023-03-01T15:23:56.479+0000] {logging_mixin.py:137} INFO - [2023-03-01T15:23:56.479+0000] {dag.py:2690} INFO - Sync 1 DAGs
[2023-03-01T15:23:56.502+0000] {logging_mixin.py:137} INFO - [2023-03-01T15:23:56.501+0000] {dag.py:3441} INFO - Setting next_dagrun for example_nested_branch_dag to 2023-02-28T00:00:00+00:00, run_after=2023-03-01T00:00:00+00:00
[2023-03-01T15:23:56.518+0000] {processor.py:175} INFO - Processing /home/airflow/.local/lib/python3.7/site-packages/airflow/example_dags/example_nested_branch_dag.py took 0.083 seconds
[2023-03-01T15:24:27.176+0000] {processor.py:153} INFO - Started process (PID=1155) to work on /home/airflow/.local/lib/python3.7/site-packages/airflow/example_dags/example_nested_branch_dag.py
[2023-03-01T15:24:27.177+0000] {processor.py:743} INFO - Processing file /home/airflow/.local/lib/python3.7/site-packages/airflow/example_dags/example_nested_branch_dag.py for tasks to queue
[2023-03-01T15:24:27.178+0000] {logging_mixin.py:137} INFO - [2023-03-01T15:24:27.178+0000] {dagbag.py:538} INFO - Filling up the DagBag from /home/airflow/.local/lib/python3.7/site-packages/airflow/example_dags/example_nested_branch_dag.py
[2023-03-01T15:24:27.197+0000] {processor.py:753} INFO - DAG(s) dict_keys(['example_nested_branch_dag']) retrieved from /home/airflow/.local/lib/python3.7/site-packages/airflow/example_dags/example_nested_branch_dag.py
[2023-03-01T15:24:27.219+0000] {logging_mixin.py:137} INFO - [2023-03-01T15:24:27.219+0000] {dag.py:2690} INFO - Sync 1 DAGs
[2023-03-01T15:24:27.243+0000] {logging_mixin.py:137} INFO - [2023-03-01T15:24:27.243+0000] {dag.py:3441} INFO - Setting next_dagrun for example_nested_branch_dag to 2023-02-28T00:00:00+00:00, run_after=2023-03-01T00:00:00+00:00
[2023-03-01T15:24:27.261+0000] {processor.py:175} INFO - Processing /home/airflow/.local/lib/python3.7/site-packages/airflow/example_dags/example_nested_branch_dag.py took 0.087 seconds
[2023-03-01T15:24:57.818+0000] {processor.py:153} INFO - Started process (PID=1234) to work on /home/airflow/.local/lib/python3.7/site-packages/airflow/example_dags/example_nested_branch_dag.py
[2023-03-01T15:24:57.819+0000] {processor.py:743} INFO - Processing file /home/airflow/.local/lib/python3.7/site-packages/airflow/example_dags/example_nested_branch_dag.py for tasks to queue
[2023-03-01T15:24:57.819+0000] {logging_mixin.py:137} INFO - [2023-03-01T15:24:57.819+0000] {dagbag.py:538} INFO - Filling up the DagBag from /home/airflow/.local/lib/python3.7/site-packages/airflow/example_dags/example_nested_branch_dag.py
[2023-03-01T15:24:57.839+0000] {processor.py:753} INFO - DAG(s) dict_keys(['example_nested_branch_dag']) retrieved from /home/airflow/.local/lib/python3.7/site-packages/airflow/example_dags/example_nested_branch_dag.py
[2023-03-01T15:24:57.861+0000] {logging_mixin.py:137} INFO - [2023-03-01T15:24:57.861+0000] {dag.py:2690} INFO - Sync 1 DAGs
[2023-03-01T15:24:57.885+0000] {logging_mixin.py:137} INFO - [2023-03-01T15:24:57.885+0000] {dag.py:3441} INFO - Setting next_dagrun for example_nested_branch_dag to 2023-02-28T00:00:00+00:00, run_after=2023-03-01T00:00:00+00:00
[2023-03-01T15:24:57.905+0000] {processor.py:175} INFO - Processing /home/airflow/.local/lib/python3.7/site-packages/airflow/example_dags/example_nested_branch_dag.py took 0.089 seconds
[2023-03-01T15:25:28.403+0000] {processor.py:153} INFO - Started process (PID=1333) to work on /home/airflow/.local/lib/python3.7/site-packages/airflow/example_dags/example_nested_branch_dag.py
[2023-03-01T15:25:28.404+0000] {processor.py:743} INFO - Processing file /home/airflow/.local/lib/python3.7/site-packages/airflow/example_dags/example_nested_branch_dag.py for tasks to queue
[2023-03-01T15:25:28.404+0000] {logging_mixin.py:137} INFO - [2023-03-01T15:25:28.404+0000] {dagbag.py:538} INFO - Filling up the DagBag from /home/airflow/.local/lib/python3.7/site-packages/airflow/example_dags/example_nested_branch_dag.py
[2023-03-01T15:25:28.430+0000] {processor.py:753} INFO - DAG(s) dict_keys(['example_nested_branch_dag']) retrieved from /home/airflow/.local/lib/python3.7/site-packages/airflow/example_dags/example_nested_branch_dag.py
[2023-03-01T15:25:28.456+0000] {logging_mixin.py:137} INFO - [2023-03-01T15:25:28.456+0000] {dag.py:2690} INFO - Sync 1 DAGs
[2023-03-01T15:25:28.483+0000] {logging_mixin.py:137} INFO - [2023-03-01T15:25:28.483+0000] {dag.py:3441} INFO - Setting next_dagrun for example_nested_branch_dag to 2023-02-28T00:00:00+00:00, run_after=2023-03-01T00:00:00+00:00
[2023-03-01T15:25:28.505+0000] {processor.py:175} INFO - Processing /home/airflow/.local/lib/python3.7/site-packages/airflow/example_dags/example_nested_branch_dag.py took 0.105 seconds
[2023-03-01T15:25:59.112+0000] {processor.py:153} INFO - Started process (PID=1412) to work on /home/airflow/.local/lib/python3.7/site-packages/airflow/example_dags/example_nested_branch_dag.py
[2023-03-01T15:25:59.112+0000] {processor.py:743} INFO - Processing file /home/airflow/.local/lib/python3.7/site-packages/airflow/example_dags/example_nested_branch_dag.py for tasks to queue
[2023-03-01T15:25:59.113+0000] {logging_mixin.py:137} INFO - [2023-03-01T15:25:59.113+0000] {dagbag.py:538} INFO - Filling up the DagBag from /home/airflow/.local/lib/python3.7/site-packages/airflow/example_dags/example_nested_branch_dag.py
[2023-03-01T15:25:59.135+0000] {processor.py:753} INFO - DAG(s) dict_keys(['example_nested_branch_dag']) retrieved from /home/airflow/.local/lib/python3.7/site-packages/airflow/example_dags/example_nested_branch_dag.py
[2023-03-01T15:25:59.158+0000] {logging_mixin.py:137} INFO - [2023-03-01T15:25:59.157+0000] {dag.py:2690} INFO - Sync 1 DAGs
[2023-03-01T15:25:59.181+0000] {logging_mixin.py:137} INFO - [2023-03-01T15:25:59.181+0000] {dag.py:3441} INFO - Setting next_dagrun for example_nested_branch_dag to 2023-02-28T00:00:00+00:00, run_after=2023-03-01T00:00:00+00:00
[2023-03-01T15:25:59.200+0000] {processor.py:175} INFO - Processing /home/airflow/.local/lib/python3.7/site-packages/airflow/example_dags/example_nested_branch_dag.py took 0.090 seconds
[2023-03-01T15:26:29.822+0000] {processor.py:153} INFO - Started process (PID=1511) to work on /home/airflow/.local/lib/python3.7/site-packages/airflow/example_dags/example_nested_branch_dag.py
[2023-03-01T15:26:29.823+0000] {processor.py:743} INFO - Processing file /home/airflow/.local/lib/python3.7/site-packages/airflow/example_dags/example_nested_branch_dag.py for tasks to queue
[2023-03-01T15:26:29.823+0000] {logging_mixin.py:137} INFO - [2023-03-01T15:26:29.823+0000] {dagbag.py:538} INFO - Filling up the DagBag from /home/airflow/.local/lib/python3.7/site-packages/airflow/example_dags/example_nested_branch_dag.py
[2023-03-01T15:26:29.842+0000] {processor.py:753} INFO - DAG(s) dict_keys(['example_nested_branch_dag']) retrieved from /home/airflow/.local/lib/python3.7/site-packages/airflow/example_dags/example_nested_branch_dag.py
[2023-03-01T15:26:29.863+0000] {logging_mixin.py:137} INFO - [2023-03-01T15:26:29.863+0000] {dag.py:2690} INFO - Sync 1 DAGs
[2023-03-01T15:26:29.886+0000] {logging_mixin.py:137} INFO - [2023-03-01T15:26:29.886+0000] {dag.py:3441} INFO - Setting next_dagrun for example_nested_branch_dag to 2023-02-28T00:00:00+00:00, run_after=2023-03-01T00:00:00+00:00
[2023-03-01T15:26:29.902+0000] {processor.py:175} INFO - Processing /home/airflow/.local/lib/python3.7/site-packages/airflow/example_dags/example_nested_branch_dag.py took 0.081 seconds
[2023-03-01T15:27:00.045+0000] {processor.py:153} INFO - Started process (PID=1590) to work on /home/airflow/.local/lib/python3.7/site-packages/airflow/example_dags/example_nested_branch_dag.py
[2023-03-01T15:27:00.045+0000] {processor.py:743} INFO - Processing file /home/airflow/.local/lib/python3.7/site-packages/airflow/example_dags/example_nested_branch_dag.py for tasks to queue
[2023-03-01T15:27:00.046+0000] {logging_mixin.py:137} INFO - [2023-03-01T15:27:00.046+0000] {dagbag.py:538} INFO - Filling up the DagBag from /home/airflow/.local/lib/python3.7/site-packages/airflow/example_dags/example_nested_branch_dag.py
[2023-03-01T15:27:00.065+0000] {processor.py:753} INFO - DAG(s) dict_keys(['example_nested_branch_dag']) retrieved from /home/airflow/.local/lib/python3.7/site-packages/airflow/example_dags/example_nested_branch_dag.py
[2023-03-01T15:27:00.088+0000] {logging_mixin.py:137} INFO - [2023-03-01T15:27:00.088+0000] {dag.py:2690} INFO - Sync 1 DAGs
[2023-03-01T15:27:00.114+0000] {logging_mixin.py:137} INFO - [2023-03-01T15:27:00.114+0000] {dag.py:3441} INFO - Setting next_dagrun for example_nested_branch_dag to 2023-02-28T00:00:00+00:00, run_after=2023-03-01T00:00:00+00:00
[2023-03-01T15:27:00.133+0000] {processor.py:175} INFO - Processing /home/airflow/.local/lib/python3.7/site-packages/airflow/example_dags/example_nested_branch_dag.py took 0.090 seconds
[2023-03-01T15:27:30.784+0000] {processor.py:153} INFO - Started process (PID=1690) to work on /home/airflow/.local/lib/python3.7/site-packages/airflow/example_dags/example_nested_branch_dag.py
[2023-03-01T15:27:30.785+0000] {processor.py:743} INFO - Processing file /home/airflow/.local/lib/python3.7/site-packages/airflow/example_dags/example_nested_branch_dag.py for tasks to queue
[2023-03-01T15:27:30.786+0000] {logging_mixin.py:137} INFO - [2023-03-01T15:27:30.786+0000] {dagbag.py:538} INFO - Filling up the DagBag from /home/airflow/.local/lib/python3.7/site-packages/airflow/example_dags/example_nested_branch_dag.py
[2023-03-01T15:27:30.813+0000] {processor.py:753} INFO - DAG(s) dict_keys(['example_nested_branch_dag']) retrieved from /home/airflow/.local/lib/python3.7/site-packages/airflow/example_dags/example_nested_branch_dag.py
[2023-03-01T15:27:30.847+0000] {logging_mixin.py:137} INFO - [2023-03-01T15:27:30.846+0000] {dag.py:2690} INFO - Sync 1 DAGs
[2023-03-01T15:27:30.875+0000] {logging_mixin.py:137} INFO - [2023-03-01T15:27:30.874+0000] {dag.py:3441} INFO - Setting next_dagrun for example_nested_branch_dag to 2023-02-28T00:00:00+00:00, run_after=2023-03-01T00:00:00+00:00
[2023-03-01T15:27:30.895+0000] {processor.py:175} INFO - Processing /home/airflow/.local/lib/python3.7/site-packages/airflow/example_dags/example_nested_branch_dag.py took 0.114 seconds
[2023-03-01T15:28:01.337+0000] {processor.py:153} INFO - Started process (PID=1768) to work on /home/airflow/.local/lib/python3.7/site-packages/airflow/example_dags/example_nested_branch_dag.py
[2023-03-01T15:28:01.338+0000] {processor.py:743} INFO - Processing file /home/airflow/.local/lib/python3.7/site-packages/airflow/example_dags/example_nested_branch_dag.py for tasks to queue
[2023-03-01T15:28:01.339+0000] {logging_mixin.py:137} INFO - [2023-03-01T15:28:01.339+0000] {dagbag.py:538} INFO - Filling up the DagBag from /home/airflow/.local/lib/python3.7/site-packages/airflow/example_dags/example_nested_branch_dag.py
[2023-03-01T15:28:01.369+0000] {processor.py:753} INFO - DAG(s) dict_keys(['example_nested_branch_dag']) retrieved from /home/airflow/.local/lib/python3.7/site-packages/airflow/example_dags/example_nested_branch_dag.py
[2023-03-01T15:28:01.408+0000] {logging_mixin.py:137} INFO - [2023-03-01T15:28:01.407+0000] {dag.py:2690} INFO - Sync 1 DAGs
[2023-03-01T15:28:01.446+0000] {logging_mixin.py:137} INFO - [2023-03-01T15:28:01.445+0000] {dag.py:3441} INFO - Setting next_dagrun for example_nested_branch_dag to 2023-02-28T00:00:00+00:00, run_after=2023-03-01T00:00:00+00:00
[2023-03-01T15:28:01.477+0000] {processor.py:175} INFO - Processing /home/airflow/.local/lib/python3.7/site-packages/airflow/example_dags/example_nested_branch_dag.py took 0.144 seconds
[2023-03-01T15:28:32.062+0000] {processor.py:153} INFO - Started process (PID=1867) to work on /home/airflow/.local/lib/python3.7/site-packages/airflow/example_dags/example_nested_branch_dag.py
[2023-03-01T15:28:32.062+0000] {processor.py:743} INFO - Processing file /home/airflow/.local/lib/python3.7/site-packages/airflow/example_dags/example_nested_branch_dag.py for tasks to queue
[2023-03-01T15:28:32.063+0000] {logging_mixin.py:137} INFO - [2023-03-01T15:28:32.063+0000] {dagbag.py:538} INFO - Filling up the DagBag from /home/airflow/.local/lib/python3.7/site-packages/airflow/example_dags/example_nested_branch_dag.py
[2023-03-01T15:28:32.083+0000] {processor.py:753} INFO - DAG(s) dict_keys(['example_nested_branch_dag']) retrieved from /home/airflow/.local/lib/python3.7/site-packages/airflow/example_dags/example_nested_branch_dag.py
[2023-03-01T15:28:32.105+0000] {logging_mixin.py:137} INFO - [2023-03-01T15:28:32.105+0000] {dag.py:2690} INFO - Sync 1 DAGs
[2023-03-01T15:28:32.130+0000] {logging_mixin.py:137} INFO - [2023-03-01T15:28:32.130+0000] {dag.py:3441} INFO - Setting next_dagrun for example_nested_branch_dag to 2023-02-28T00:00:00+00:00, run_after=2023-03-01T00:00:00+00:00
[2023-03-01T15:28:32.147+0000] {processor.py:175} INFO - Processing /home/airflow/.local/lib/python3.7/site-packages/airflow/example_dags/example_nested_branch_dag.py took 0.088 seconds
[2023-03-01T15:29:02.524+0000] {processor.py:153} INFO - Started process (PID=1946) to work on /home/airflow/.local/lib/python3.7/site-packages/airflow/example_dags/example_nested_branch_dag.py
[2023-03-01T15:29:02.524+0000] {processor.py:743} INFO - Processing file /home/airflow/.local/lib/python3.7/site-packages/airflow/example_dags/example_nested_branch_dag.py for tasks to queue
[2023-03-01T15:29:02.525+0000] {logging_mixin.py:137} INFO - [2023-03-01T15:29:02.525+0000] {dagbag.py:538} INFO - Filling up the DagBag from /home/airflow/.local/lib/python3.7/site-packages/airflow/example_dags/example_nested_branch_dag.py
[2023-03-01T15:29:02.547+0000] {processor.py:753} INFO - DAG(s) dict_keys(['example_nested_branch_dag']) retrieved from /home/airflow/.local/lib/python3.7/site-packages/airflow/example_dags/example_nested_branch_dag.py
[2023-03-01T15:29:02.573+0000] {logging_mixin.py:137} INFO - [2023-03-01T15:29:02.573+0000] {dag.py:2690} INFO - Sync 1 DAGs
[2023-03-01T15:29:02.597+0000] {logging_mixin.py:137} INFO - [2023-03-01T15:29:02.597+0000] {dag.py:3441} INFO - Setting next_dagrun for example_nested_branch_dag to 2023-02-28T00:00:00+00:00, run_after=2023-03-01T00:00:00+00:00
[2023-03-01T15:29:02.616+0000] {processor.py:175} INFO - Processing /home/airflow/.local/lib/python3.7/site-packages/airflow/example_dags/example_nested_branch_dag.py took 0.096 seconds
[2023-03-01T15:29:33.230+0000] {processor.py:153} INFO - Started process (PID=2045) to work on /home/airflow/.local/lib/python3.7/site-packages/airflow/example_dags/example_nested_branch_dag.py
[2023-03-01T15:29:33.231+0000] {processor.py:743} INFO - Processing file /home/airflow/.local/lib/python3.7/site-packages/airflow/example_dags/example_nested_branch_dag.py for tasks to queue
[2023-03-01T15:29:33.231+0000] {logging_mixin.py:137} INFO - [2023-03-01T15:29:33.231+0000] {dagbag.py:538} INFO - Filling up the DagBag from /home/airflow/.local/lib/python3.7/site-packages/airflow/example_dags/example_nested_branch_dag.py
[2023-03-01T15:29:33.251+0000] {processor.py:753} INFO - DAG(s) dict_keys(['example_nested_branch_dag']) retrieved from /home/airflow/.local/lib/python3.7/site-packages/airflow/example_dags/example_nested_branch_dag.py
[2023-03-01T15:29:33.274+0000] {logging_mixin.py:137} INFO - [2023-03-01T15:29:33.274+0000] {dag.py:2690} INFO - Sync 1 DAGs
[2023-03-01T15:29:33.300+0000] {logging_mixin.py:137} INFO - [2023-03-01T15:29:33.299+0000] {dag.py:3441} INFO - Setting next_dagrun for example_nested_branch_dag to 2023-02-28T00:00:00+00:00, run_after=2023-03-01T00:00:00+00:00
[2023-03-01T15:29:33.317+0000] {processor.py:175} INFO - Processing /home/airflow/.local/lib/python3.7/site-packages/airflow/example_dags/example_nested_branch_dag.py took 0.090 seconds
[2023-03-01T15:30:03.890+0000] {processor.py:153} INFO - Started process (PID=2124) to work on /home/airflow/.local/lib/python3.7/site-packages/airflow/example_dags/example_nested_branch_dag.py
[2023-03-01T15:30:03.891+0000] {processor.py:743} INFO - Processing file /home/airflow/.local/lib/python3.7/site-packages/airflow/example_dags/example_nested_branch_dag.py for tasks to queue
[2023-03-01T15:30:03.891+0000] {logging_mixin.py:137} INFO - [2023-03-01T15:30:03.891+0000] {dagbag.py:538} INFO - Filling up the DagBag from /home/airflow/.local/lib/python3.7/site-packages/airflow/example_dags/example_nested_branch_dag.py
[2023-03-01T15:30:03.917+0000] {processor.py:753} INFO - DAG(s) dict_keys(['example_nested_branch_dag']) retrieved from /home/airflow/.local/lib/python3.7/site-packages/airflow/example_dags/example_nested_branch_dag.py
[2023-03-01T15:30:03.945+0000] {logging_mixin.py:137} INFO - [2023-03-01T15:30:03.945+0000] {dag.py:2690} INFO - Sync 1 DAGs
[2023-03-01T15:30:03.975+0000] {logging_mixin.py:137} INFO - [2023-03-01T15:30:03.975+0000] {dag.py:3441} INFO - Setting next_dagrun for example_nested_branch_dag to 2023-02-28T00:00:00+00:00, run_after=2023-03-01T00:00:00+00:00
[2023-03-01T15:30:03.997+0000] {processor.py:175} INFO - Processing /home/airflow/.local/lib/python3.7/site-packages/airflow/example_dags/example_nested_branch_dag.py took 0.111 seconds
[2023-03-01T15:30:34.610+0000] {processor.py:153} INFO - Started process (PID=2224) to work on /home/airflow/.local/lib/python3.7/site-packages/airflow/example_dags/example_nested_branch_dag.py
[2023-03-01T15:30:34.611+0000] {processor.py:743} INFO - Processing file /home/airflow/.local/lib/python3.7/site-packages/airflow/example_dags/example_nested_branch_dag.py for tasks to queue
[2023-03-01T15:30:34.611+0000] {logging_mixin.py:137} INFO - [2023-03-01T15:30:34.611+0000] {dagbag.py:538} INFO - Filling up the DagBag from /home/airflow/.local/lib/python3.7/site-packages/airflow/example_dags/example_nested_branch_dag.py
[2023-03-01T15:30:34.630+0000] {processor.py:753} INFO - DAG(s) dict_keys(['example_nested_branch_dag']) retrieved from /home/airflow/.local/lib/python3.7/site-packages/airflow/example_dags/example_nested_branch_dag.py
[2023-03-01T15:30:34.652+0000] {logging_mixin.py:137} INFO - [2023-03-01T15:30:34.652+0000] {dag.py:2690} INFO - Sync 1 DAGs
[2023-03-01T15:30:34.677+0000] {logging_mixin.py:137} INFO - [2023-03-01T15:30:34.677+0000] {dag.py:3441} INFO - Setting next_dagrun for example_nested_branch_dag to 2023-02-28T00:00:00+00:00, run_after=2023-03-01T00:00:00+00:00
[2023-03-01T15:30:34.696+0000] {processor.py:175} INFO - Processing /home/airflow/.local/lib/python3.7/site-packages/airflow/example_dags/example_nested_branch_dag.py took 0.089 seconds
[2023-03-01T15:31:05.360+0000] {processor.py:153} INFO - Started process (PID=2310) to work on /home/airflow/.local/lib/python3.7/site-packages/airflow/example_dags/example_nested_branch_dag.py
[2023-03-01T15:31:05.361+0000] {processor.py:743} INFO - Processing file /home/airflow/.local/lib/python3.7/site-packages/airflow/example_dags/example_nested_branch_dag.py for tasks to queue
[2023-03-01T15:31:05.361+0000] {logging_mixin.py:137} INFO - [2023-03-01T15:31:05.361+0000] {dagbag.py:538} INFO - Filling up the DagBag from /home/airflow/.local/lib/python3.7/site-packages/airflow/example_dags/example_nested_branch_dag.py
[2023-03-01T15:31:05.383+0000] {processor.py:753} INFO - DAG(s) dict_keys(['example_nested_branch_dag']) retrieved from /home/airflow/.local/lib/python3.7/site-packages/airflow/example_dags/example_nested_branch_dag.py
[2023-03-01T15:31:05.406+0000] {logging_mixin.py:137} INFO - [2023-03-01T15:31:05.406+0000] {dag.py:2690} INFO - Sync 1 DAGs
[2023-03-01T15:31:05.429+0000] {logging_mixin.py:137} INFO - [2023-03-01T15:31:05.429+0000] {dag.py:3441} INFO - Setting next_dagrun for example_nested_branch_dag to 2023-02-28T00:00:00+00:00, run_after=2023-03-01T00:00:00+00:00
[2023-03-01T15:31:05.449+0000] {processor.py:175} INFO - Processing /home/airflow/.local/lib/python3.7/site-packages/airflow/example_dags/example_nested_branch_dag.py took 0.092 seconds
[2023-03-01T15:31:36.299+0000] {processor.py:153} INFO - Started process (PID=2402) to work on /home/airflow/.local/lib/python3.7/site-packages/airflow/example_dags/example_nested_branch_dag.py
[2023-03-01T15:31:36.299+0000] {processor.py:743} INFO - Processing file /home/airflow/.local/lib/python3.7/site-packages/airflow/example_dags/example_nested_branch_dag.py for tasks to queue
[2023-03-01T15:31:36.300+0000] {logging_mixin.py:137} INFO - [2023-03-01T15:31:36.300+0000] {dagbag.py:538} INFO - Filling up the DagBag from /home/airflow/.local/lib/python3.7/site-packages/airflow/example_dags/example_nested_branch_dag.py
[2023-03-01T15:31:36.320+0000] {processor.py:753} INFO - DAG(s) dict_keys(['example_nested_branch_dag']) retrieved from /home/airflow/.local/lib/python3.7/site-packages/airflow/example_dags/example_nested_branch_dag.py
[2023-03-01T15:31:36.341+0000] {logging_mixin.py:137} INFO - [2023-03-01T15:31:36.341+0000] {dag.py:2690} INFO - Sync 1 DAGs
[2023-03-01T15:31:36.364+0000] {logging_mixin.py:137} INFO - [2023-03-01T15:31:36.364+0000] {dag.py:3441} INFO - Setting next_dagrun for example_nested_branch_dag to 2023-02-28T00:00:00+00:00, run_after=2023-03-01T00:00:00+00:00
[2023-03-01T15:31:36.383+0000] {processor.py:175} INFO - Processing /home/airflow/.local/lib/python3.7/site-packages/airflow/example_dags/example_nested_branch_dag.py took 0.086 seconds
[2023-03-01T15:32:06.854+0000] {processor.py:153} INFO - Started process (PID=2501) to work on /home/airflow/.local/lib/python3.7/site-packages/airflow/example_dags/example_nested_branch_dag.py
[2023-03-01T15:32:06.855+0000] {processor.py:743} INFO - Processing file /home/airflow/.local/lib/python3.7/site-packages/airflow/example_dags/example_nested_branch_dag.py for tasks to queue
[2023-03-01T15:32:06.855+0000] {logging_mixin.py:137} INFO - [2023-03-01T15:32:06.855+0000] {dagbag.py:538} INFO - Filling up the DagBag from /home/airflow/.local/lib/python3.7/site-packages/airflow/example_dags/example_nested_branch_dag.py
[2023-03-01T15:32:06.879+0000] {processor.py:753} INFO - DAG(s) dict_keys(['example_nested_branch_dag']) retrieved from /home/airflow/.local/lib/python3.7/site-packages/airflow/example_dags/example_nested_branch_dag.py
[2023-03-01T15:32:06.902+0000] {logging_mixin.py:137} INFO - [2023-03-01T15:32:06.902+0000] {dag.py:2690} INFO - Sync 1 DAGs
[2023-03-01T15:32:06.927+0000] {logging_mixin.py:137} INFO - [2023-03-01T15:32:06.926+0000] {dag.py:3441} INFO - Setting next_dagrun for example_nested_branch_dag to 2023-02-28T00:00:00+00:00, run_after=2023-03-01T00:00:00+00:00
[2023-03-01T15:32:06.948+0000] {processor.py:175} INFO - Processing /home/airflow/.local/lib/python3.7/site-packages/airflow/example_dags/example_nested_branch_dag.py took 0.096 seconds
[2023-03-01T15:32:37.313+0000] {processor.py:153} INFO - Started process (PID=2580) to work on /home/airflow/.local/lib/python3.7/site-packages/airflow/example_dags/example_nested_branch_dag.py
[2023-03-01T15:32:37.314+0000] {processor.py:743} INFO - Processing file /home/airflow/.local/lib/python3.7/site-packages/airflow/example_dags/example_nested_branch_dag.py for tasks to queue
[2023-03-01T15:32:37.314+0000] {logging_mixin.py:137} INFO - [2023-03-01T15:32:37.314+0000] {dagbag.py:538} INFO - Filling up the DagBag from /home/airflow/.local/lib/python3.7/site-packages/airflow/example_dags/example_nested_branch_dag.py
[2023-03-01T15:32:37.336+0000] {processor.py:753} INFO - DAG(s) dict_keys(['example_nested_branch_dag']) retrieved from /home/airflow/.local/lib/python3.7/site-packages/airflow/example_dags/example_nested_branch_dag.py
[2023-03-01T15:32:37.359+0000] {logging_mixin.py:137} INFO - [2023-03-01T15:32:37.359+0000] {dag.py:2690} INFO - Sync 1 DAGs
[2023-03-01T15:32:37.384+0000] {logging_mixin.py:137} INFO - [2023-03-01T15:32:37.383+0000] {dag.py:3441} INFO - Setting next_dagrun for example_nested_branch_dag to 2023-02-28T00:00:00+00:00, run_after=2023-03-01T00:00:00+00:00
[2023-03-01T15:32:37.402+0000] {processor.py:175} INFO - Processing /home/airflow/.local/lib/python3.7/site-packages/airflow/example_dags/example_nested_branch_dag.py took 0.091 seconds
[2023-03-01T15:33:08.276+0000] {processor.py:153} INFO - Started process (PID=2679) to work on /home/airflow/.local/lib/python3.7/site-packages/airflow/example_dags/example_nested_branch_dag.py
[2023-03-01T15:33:08.277+0000] {processor.py:743} INFO - Processing file /home/airflow/.local/lib/python3.7/site-packages/airflow/example_dags/example_nested_branch_dag.py for tasks to queue
[2023-03-01T15:33:08.277+0000] {logging_mixin.py:137} INFO - [2023-03-01T15:33:08.277+0000] {dagbag.py:538} INFO - Filling up the DagBag from /home/airflow/.local/lib/python3.7/site-packages/airflow/example_dags/example_nested_branch_dag.py
[2023-03-01T15:33:08.296+0000] {processor.py:753} INFO - DAG(s) dict_keys(['example_nested_branch_dag']) retrieved from /home/airflow/.local/lib/python3.7/site-packages/airflow/example_dags/example_nested_branch_dag.py
[2023-03-01T15:33:08.319+0000] {logging_mixin.py:137} INFO - [2023-03-01T15:33:08.319+0000] {dag.py:2690} INFO - Sync 1 DAGs
[2023-03-01T15:33:08.343+0000] {logging_mixin.py:137} INFO - [2023-03-01T15:33:08.343+0000] {dag.py:3441} INFO - Setting next_dagrun for example_nested_branch_dag to 2023-02-28T00:00:00+00:00, run_after=2023-03-01T00:00:00+00:00
[2023-03-01T15:33:08.364+0000] {processor.py:175} INFO - Processing /home/airflow/.local/lib/python3.7/site-packages/airflow/example_dags/example_nested_branch_dag.py took 0.090 seconds
[2023-03-01T15:33:38.656+0000] {processor.py:153} INFO - Started process (PID=2758) to work on /home/airflow/.local/lib/python3.7/site-packages/airflow/example_dags/example_nested_branch_dag.py
[2023-03-01T15:33:38.657+0000] {processor.py:743} INFO - Processing file /home/airflow/.local/lib/python3.7/site-packages/airflow/example_dags/example_nested_branch_dag.py for tasks to queue
[2023-03-01T15:33:38.657+0000] {logging_mixin.py:137} INFO - [2023-03-01T15:33:38.657+0000] {dagbag.py:538} INFO - Filling up the DagBag from /home/airflow/.local/lib/python3.7/site-packages/airflow/example_dags/example_nested_branch_dag.py
[2023-03-01T15:33:38.676+0000] {processor.py:753} INFO - DAG(s) dict_keys(['example_nested_branch_dag']) retrieved from /home/airflow/.local/lib/python3.7/site-packages/airflow/example_dags/example_nested_branch_dag.py
[2023-03-01T15:33:38.699+0000] {logging_mixin.py:137} INFO - [2023-03-01T15:33:38.699+0000] {dag.py:2690} INFO - Sync 1 DAGs
[2023-03-01T15:33:38.723+0000] {logging_mixin.py:137} INFO - [2023-03-01T15:33:38.723+0000] {dag.py:3441} INFO - Setting next_dagrun for example_nested_branch_dag to 2023-02-28T00:00:00+00:00, run_after=2023-03-01T00:00:00+00:00
[2023-03-01T15:33:38.741+0000] {processor.py:175} INFO - Processing /home/airflow/.local/lib/python3.7/site-packages/airflow/example_dags/example_nested_branch_dag.py took 0.087 seconds
[2023-03-01T15:34:09.421+0000] {processor.py:153} INFO - Started process (PID=2856) to work on /home/airflow/.local/lib/python3.7/site-packages/airflow/example_dags/example_nested_branch_dag.py
[2023-03-01T15:34:09.422+0000] {processor.py:743} INFO - Processing file /home/airflow/.local/lib/python3.7/site-packages/airflow/example_dags/example_nested_branch_dag.py for tasks to queue
[2023-03-01T15:34:09.422+0000] {logging_mixin.py:137} INFO - [2023-03-01T15:34:09.422+0000] {dagbag.py:538} INFO - Filling up the DagBag from /home/airflow/.local/lib/python3.7/site-packages/airflow/example_dags/example_nested_branch_dag.py
[2023-03-01T15:34:09.445+0000] {processor.py:753} INFO - DAG(s) dict_keys(['example_nested_branch_dag']) retrieved from /home/airflow/.local/lib/python3.7/site-packages/airflow/example_dags/example_nested_branch_dag.py
[2023-03-01T15:34:09.467+0000] {logging_mixin.py:137} INFO - [2023-03-01T15:34:09.467+0000] {dag.py:2690} INFO - Sync 1 DAGs
[2023-03-01T15:34:09.491+0000] {logging_mixin.py:137} INFO - [2023-03-01T15:34:09.490+0000] {dag.py:3441} INFO - Setting next_dagrun for example_nested_branch_dag to 2023-02-28T00:00:00+00:00, run_after=2023-03-01T00:00:00+00:00
[2023-03-01T15:34:09.508+0000] {processor.py:175} INFO - Processing /home/airflow/.local/lib/python3.7/site-packages/airflow/example_dags/example_nested_branch_dag.py took 0.090 seconds
[2023-03-01T15:34:40.006+0000] {processor.py:153} INFO - Started process (PID=2936) to work on /home/airflow/.local/lib/python3.7/site-packages/airflow/example_dags/example_nested_branch_dag.py
[2023-03-01T15:34:40.007+0000] {processor.py:743} INFO - Processing file /home/airflow/.local/lib/python3.7/site-packages/airflow/example_dags/example_nested_branch_dag.py for tasks to queue
[2023-03-01T15:34:40.007+0000] {logging_mixin.py:137} INFO - [2023-03-01T15:34:40.007+0000] {dagbag.py:538} INFO - Filling up the DagBag from /home/airflow/.local/lib/python3.7/site-packages/airflow/example_dags/example_nested_branch_dag.py
[2023-03-01T15:34:40.027+0000] {processor.py:753} INFO - DAG(s) dict_keys(['example_nested_branch_dag']) retrieved from /home/airflow/.local/lib/python3.7/site-packages/airflow/example_dags/example_nested_branch_dag.py
[2023-03-01T15:34:40.050+0000] {logging_mixin.py:137} INFO - [2023-03-01T15:34:40.050+0000] {dag.py:2690} INFO - Sync 1 DAGs
[2023-03-01T15:34:40.073+0000] {logging_mixin.py:137} INFO - [2023-03-01T15:34:40.073+0000] {dag.py:3441} INFO - Setting next_dagrun for example_nested_branch_dag to 2023-02-28T00:00:00+00:00, run_after=2023-03-01T00:00:00+00:00
[2023-03-01T15:34:40.091+0000] {processor.py:175} INFO - Processing /home/airflow/.local/lib/python3.7/site-packages/airflow/example_dags/example_nested_branch_dag.py took 0.087 seconds
[2023-03-01T15:35:10.754+0000] {processor.py:153} INFO - Started process (PID=3035) to work on /home/airflow/.local/lib/python3.7/site-packages/airflow/example_dags/example_nested_branch_dag.py
[2023-03-01T15:35:10.755+0000] {processor.py:743} INFO - Processing file /home/airflow/.local/lib/python3.7/site-packages/airflow/example_dags/example_nested_branch_dag.py for tasks to queue
[2023-03-01T15:35:10.755+0000] {logging_mixin.py:137} INFO - [2023-03-01T15:35:10.755+0000] {dagbag.py:538} INFO - Filling up the DagBag from /home/airflow/.local/lib/python3.7/site-packages/airflow/example_dags/example_nested_branch_dag.py
[2023-03-01T15:35:10.775+0000] {processor.py:753} INFO - DAG(s) dict_keys(['example_nested_branch_dag']) retrieved from /home/airflow/.local/lib/python3.7/site-packages/airflow/example_dags/example_nested_branch_dag.py
[2023-03-01T15:35:10.797+0000] {logging_mixin.py:137} INFO - [2023-03-01T15:35:10.797+0000] {dag.py:2690} INFO - Sync 1 DAGs
[2023-03-01T15:35:10.820+0000] {logging_mixin.py:137} INFO - [2023-03-01T15:35:10.820+0000] {dag.py:3441} INFO - Setting next_dagrun for example_nested_branch_dag to 2023-02-28T00:00:00+00:00, run_after=2023-03-01T00:00:00+00:00
[2023-03-01T15:35:10.837+0000] {processor.py:175} INFO - Processing /home/airflow/.local/lib/python3.7/site-packages/airflow/example_dags/example_nested_branch_dag.py took 0.086 seconds
[2023-03-01T15:35:41.090+0000] {processor.py:153} INFO - Started process (PID=3114) to work on /home/airflow/.local/lib/python3.7/site-packages/airflow/example_dags/example_nested_branch_dag.py
[2023-03-01T15:35:41.091+0000] {processor.py:743} INFO - Processing file /home/airflow/.local/lib/python3.7/site-packages/airflow/example_dags/example_nested_branch_dag.py for tasks to queue
[2023-03-01T15:35:41.091+0000] {logging_mixin.py:137} INFO - [2023-03-01T15:35:41.091+0000] {dagbag.py:538} INFO - Filling up the DagBag from /home/airflow/.local/lib/python3.7/site-packages/airflow/example_dags/example_nested_branch_dag.py
[2023-03-01T15:35:41.115+0000] {processor.py:753} INFO - DAG(s) dict_keys(['example_nested_branch_dag']) retrieved from /home/airflow/.local/lib/python3.7/site-packages/airflow/example_dags/example_nested_branch_dag.py
[2023-03-01T15:35:41.138+0000] {logging_mixin.py:137} INFO - [2023-03-01T15:35:41.138+0000] {dag.py:2690} INFO - Sync 1 DAGs
[2023-03-01T15:35:41.163+0000] {logging_mixin.py:137} INFO - [2023-03-01T15:35:41.163+0000] {dag.py:3441} INFO - Setting next_dagrun for example_nested_branch_dag to 2023-02-28T00:00:00+00:00, run_after=2023-03-01T00:00:00+00:00
[2023-03-01T15:35:41.183+0000] {processor.py:175} INFO - Processing /home/airflow/.local/lib/python3.7/site-packages/airflow/example_dags/example_nested_branch_dag.py took 0.096 seconds
[2023-03-01T15:36:11.670+0000] {processor.py:153} INFO - Started process (PID=3213) to work on /home/airflow/.local/lib/python3.7/site-packages/airflow/example_dags/example_nested_branch_dag.py
[2023-03-01T15:36:11.671+0000] {processor.py:743} INFO - Processing file /home/airflow/.local/lib/python3.7/site-packages/airflow/example_dags/example_nested_branch_dag.py for tasks to queue
[2023-03-01T15:36:11.672+0000] {logging_mixin.py:137} INFO - [2023-03-01T15:36:11.671+0000] {dagbag.py:538} INFO - Filling up the DagBag from /home/airflow/.local/lib/python3.7/site-packages/airflow/example_dags/example_nested_branch_dag.py
[2023-03-01T15:36:11.691+0000] {processor.py:753} INFO - DAG(s) dict_keys(['example_nested_branch_dag']) retrieved from /home/airflow/.local/lib/python3.7/site-packages/airflow/example_dags/example_nested_branch_dag.py
[2023-03-01T15:36:11.713+0000] {logging_mixin.py:137} INFO - [2023-03-01T15:36:11.713+0000] {dag.py:2690} INFO - Sync 1 DAGs
[2023-03-01T15:36:11.737+0000] {logging_mixin.py:137} INFO - [2023-03-01T15:36:11.737+0000] {dag.py:3441} INFO - Setting next_dagrun for example_nested_branch_dag to 2023-02-28T00:00:00+00:00, run_after=2023-03-01T00:00:00+00:00
[2023-03-01T15:36:11.754+0000] {processor.py:175} INFO - Processing /home/airflow/.local/lib/python3.7/site-packages/airflow/example_dags/example_nested_branch_dag.py took 0.086 seconds
[2023-03-01T15:36:42.334+0000] {processor.py:153} INFO - Started process (PID=3292) to work on /home/airflow/.local/lib/python3.7/site-packages/airflow/example_dags/example_nested_branch_dag.py
[2023-03-01T15:36:42.334+0000] {processor.py:743} INFO - Processing file /home/airflow/.local/lib/python3.7/site-packages/airflow/example_dags/example_nested_branch_dag.py for tasks to queue
[2023-03-01T15:36:42.335+0000] {logging_mixin.py:137} INFO - [2023-03-01T15:36:42.335+0000] {dagbag.py:538} INFO - Filling up the DagBag from /home/airflow/.local/lib/python3.7/site-packages/airflow/example_dags/example_nested_branch_dag.py
[2023-03-01T15:36:42.354+0000] {processor.py:753} INFO - DAG(s) dict_keys(['example_nested_branch_dag']) retrieved from /home/airflow/.local/lib/python3.7/site-packages/airflow/example_dags/example_nested_branch_dag.py
[2023-03-01T15:36:42.378+0000] {logging_mixin.py:137} INFO - [2023-03-01T15:36:42.378+0000] {dag.py:2690} INFO - Sync 1 DAGs
[2023-03-01T15:36:42.402+0000] {logging_mixin.py:137} INFO - [2023-03-01T15:36:42.402+0000] {dag.py:3441} INFO - Setting next_dagrun for example_nested_branch_dag to 2023-02-28T00:00:00+00:00, run_after=2023-03-01T00:00:00+00:00
[2023-03-01T15:36:42.422+0000] {processor.py:175} INFO - Processing /home/airflow/.local/lib/python3.7/site-packages/airflow/example_dags/example_nested_branch_dag.py took 0.091 seconds
[2023-03-01T15:37:13.006+0000] {processor.py:153} INFO - Started process (PID=3391) to work on /home/airflow/.local/lib/python3.7/site-packages/airflow/example_dags/example_nested_branch_dag.py
[2023-03-01T15:37:13.007+0000] {processor.py:743} INFO - Processing file /home/airflow/.local/lib/python3.7/site-packages/airflow/example_dags/example_nested_branch_dag.py for tasks to queue
[2023-03-01T15:37:13.007+0000] {logging_mixin.py:137} INFO - [2023-03-01T15:37:13.007+0000] {dagbag.py:538} INFO - Filling up the DagBag from /home/airflow/.local/lib/python3.7/site-packages/airflow/example_dags/example_nested_branch_dag.py
[2023-03-01T15:37:13.027+0000] {processor.py:753} INFO - DAG(s) dict_keys(['example_nested_branch_dag']) retrieved from /home/airflow/.local/lib/python3.7/site-packages/airflow/example_dags/example_nested_branch_dag.py
[2023-03-01T15:37:13.050+0000] {logging_mixin.py:137} INFO - [2023-03-01T15:37:13.049+0000] {dag.py:2690} INFO - Sync 1 DAGs
[2023-03-01T15:37:13.073+0000] {logging_mixin.py:137} INFO - [2023-03-01T15:37:13.073+0000] {dag.py:3441} INFO - Setting next_dagrun for example_nested_branch_dag to 2023-02-28T00:00:00+00:00, run_after=2023-03-01T00:00:00+00:00
[2023-03-01T15:37:13.091+0000] {processor.py:175} INFO - Processing /home/airflow/.local/lib/python3.7/site-packages/airflow/example_dags/example_nested_branch_dag.py took 0.087 seconds
[2023-03-01T15:37:43.806+0000] {processor.py:153} INFO - Started process (PID=3470) to work on /home/airflow/.local/lib/python3.7/site-packages/airflow/example_dags/example_nested_branch_dag.py
[2023-03-01T15:37:43.807+0000] {processor.py:743} INFO - Processing file /home/airflow/.local/lib/python3.7/site-packages/airflow/example_dags/example_nested_branch_dag.py for tasks to queue
[2023-03-01T15:37:43.807+0000] {logging_mixin.py:137} INFO - [2023-03-01T15:37:43.807+0000] {dagbag.py:538} INFO - Filling up the DagBag from /home/airflow/.local/lib/python3.7/site-packages/airflow/example_dags/example_nested_branch_dag.py
[2023-03-01T15:37:43.827+0000] {processor.py:753} INFO - DAG(s) dict_keys(['example_nested_branch_dag']) retrieved from /home/airflow/.local/lib/python3.7/site-packages/airflow/example_dags/example_nested_branch_dag.py
[2023-03-01T15:37:43.848+0000] {logging_mixin.py:137} INFO - [2023-03-01T15:37:43.848+0000] {dag.py:2690} INFO - Sync 1 DAGs
[2023-03-01T15:37:43.871+0000] {logging_mixin.py:137} INFO - [2023-03-01T15:37:43.871+0000] {dag.py:3441} INFO - Setting next_dagrun for example_nested_branch_dag to 2023-02-28T00:00:00+00:00, run_after=2023-03-01T00:00:00+00:00
[2023-03-01T15:37:43.890+0000] {processor.py:175} INFO - Processing /home/airflow/.local/lib/python3.7/site-packages/airflow/example_dags/example_nested_branch_dag.py took 0.086 seconds
[2023-03-01T15:38:14.309+0000] {processor.py:153} INFO - Started process (PID=3569) to work on /home/airflow/.local/lib/python3.7/site-packages/airflow/example_dags/example_nested_branch_dag.py
[2023-03-01T15:38:14.310+0000] {processor.py:743} INFO - Processing file /home/airflow/.local/lib/python3.7/site-packages/airflow/example_dags/example_nested_branch_dag.py for tasks to queue
[2023-03-01T15:38:14.310+0000] {logging_mixin.py:137} INFO - [2023-03-01T15:38:14.310+0000] {dagbag.py:538} INFO - Filling up the DagBag from /home/airflow/.local/lib/python3.7/site-packages/airflow/example_dags/example_nested_branch_dag.py
[2023-03-01T15:38:14.329+0000] {processor.py:753} INFO - DAG(s) dict_keys(['example_nested_branch_dag']) retrieved from /home/airflow/.local/lib/python3.7/site-packages/airflow/example_dags/example_nested_branch_dag.py
[2023-03-01T15:38:14.351+0000] {logging_mixin.py:137} INFO - [2023-03-01T15:38:14.351+0000] {dag.py:2690} INFO - Sync 1 DAGs
[2023-03-01T15:38:14.375+0000] {logging_mixin.py:137} INFO - [2023-03-01T15:38:14.375+0000] {dag.py:3441} INFO - Setting next_dagrun for example_nested_branch_dag to 2023-02-28T00:00:00+00:00, run_after=2023-03-01T00:00:00+00:00
[2023-03-01T15:38:14.393+0000] {processor.py:175} INFO - Processing /home/airflow/.local/lib/python3.7/site-packages/airflow/example_dags/example_nested_branch_dag.py took 0.087 seconds
[2023-03-01T15:38:44.991+0000] {processor.py:153} INFO - Started process (PID=3648) to work on /home/airflow/.local/lib/python3.7/site-packages/airflow/example_dags/example_nested_branch_dag.py
[2023-03-01T15:38:44.992+0000] {processor.py:743} INFO - Processing file /home/airflow/.local/lib/python3.7/site-packages/airflow/example_dags/example_nested_branch_dag.py for tasks to queue
[2023-03-01T15:38:44.992+0000] {logging_mixin.py:137} INFO - [2023-03-01T15:38:44.992+0000] {dagbag.py:538} INFO - Filling up the DagBag from /home/airflow/.local/lib/python3.7/site-packages/airflow/example_dags/example_nested_branch_dag.py
[2023-03-01T15:38:45.011+0000] {processor.py:753} INFO - DAG(s) dict_keys(['example_nested_branch_dag']) retrieved from /home/airflow/.local/lib/python3.7/site-packages/airflow/example_dags/example_nested_branch_dag.py
[2023-03-01T15:38:45.034+0000] {logging_mixin.py:137} INFO - [2023-03-01T15:38:45.033+0000] {dag.py:2690} INFO - Sync 1 DAGs
[2023-03-01T15:38:45.059+0000] {logging_mixin.py:137} INFO - [2023-03-01T15:38:45.059+0000] {dag.py:3441} INFO - Setting next_dagrun for example_nested_branch_dag to 2023-02-28T00:00:00+00:00, run_after=2023-03-01T00:00:00+00:00
[2023-03-01T15:38:45.078+0000] {processor.py:175} INFO - Processing /home/airflow/.local/lib/python3.7/site-packages/airflow/example_dags/example_nested_branch_dag.py took 0.089 seconds
[2023-03-01T15:39:15.326+0000] {processor.py:153} INFO - Started process (PID=3748) to work on /home/airflow/.local/lib/python3.7/site-packages/airflow/example_dags/example_nested_branch_dag.py
[2023-03-01T15:39:15.327+0000] {processor.py:743} INFO - Processing file /home/airflow/.local/lib/python3.7/site-packages/airflow/example_dags/example_nested_branch_dag.py for tasks to queue
[2023-03-01T15:39:15.328+0000] {logging_mixin.py:137} INFO - [2023-03-01T15:39:15.327+0000] {dagbag.py:538} INFO - Filling up the DagBag from /home/airflow/.local/lib/python3.7/site-packages/airflow/example_dags/example_nested_branch_dag.py
[2023-03-01T15:39:15.349+0000] {processor.py:753} INFO - DAG(s) dict_keys(['example_nested_branch_dag']) retrieved from /home/airflow/.local/lib/python3.7/site-packages/airflow/example_dags/example_nested_branch_dag.py
[2023-03-01T15:39:15.371+0000] {logging_mixin.py:137} INFO - [2023-03-01T15:39:15.371+0000] {dag.py:2690} INFO - Sync 1 DAGs
[2023-03-01T15:39:15.395+0000] {logging_mixin.py:137} INFO - [2023-03-01T15:39:15.395+0000] {dag.py:3441} INFO - Setting next_dagrun for example_nested_branch_dag to 2023-02-28T00:00:00+00:00, run_after=2023-03-01T00:00:00+00:00
[2023-03-01T15:39:15.412+0000] {processor.py:175} INFO - Processing /home/airflow/.local/lib/python3.7/site-packages/airflow/example_dags/example_nested_branch_dag.py took 0.089 seconds
[2023-03-01T15:39:45.894+0000] {processor.py:153} INFO - Started process (PID=3834) to work on /home/airflow/.local/lib/python3.7/site-packages/airflow/example_dags/example_nested_branch_dag.py
[2023-03-01T15:39:45.895+0000] {processor.py:743} INFO - Processing file /home/airflow/.local/lib/python3.7/site-packages/airflow/example_dags/example_nested_branch_dag.py for tasks to queue
[2023-03-01T15:39:45.895+0000] {logging_mixin.py:137} INFO - [2023-03-01T15:39:45.895+0000] {dagbag.py:538} INFO - Filling up the DagBag from /home/airflow/.local/lib/python3.7/site-packages/airflow/example_dags/example_nested_branch_dag.py
[2023-03-01T15:39:45.917+0000] {processor.py:753} INFO - DAG(s) dict_keys(['example_nested_branch_dag']) retrieved from /home/airflow/.local/lib/python3.7/site-packages/airflow/example_dags/example_nested_branch_dag.py
[2023-03-01T15:39:45.944+0000] {logging_mixin.py:137} INFO - [2023-03-01T15:39:45.943+0000] {dag.py:2690} INFO - Sync 1 DAGs
[2023-03-01T15:39:45.971+0000] {logging_mixin.py:137} INFO - [2023-03-01T15:39:45.971+0000] {dag.py:3441} INFO - Setting next_dagrun for example_nested_branch_dag to 2023-02-28T00:00:00+00:00, run_after=2023-03-01T00:00:00+00:00
[2023-03-01T15:39:45.992+0000] {processor.py:175} INFO - Processing /home/airflow/.local/lib/python3.7/site-packages/airflow/example_dags/example_nested_branch_dag.py took 0.101 seconds
[2023-03-01T15:40:16.533+0000] {processor.py:153} INFO - Started process (PID=3926) to work on /home/airflow/.local/lib/python3.7/site-packages/airflow/example_dags/example_nested_branch_dag.py
[2023-03-01T15:40:16.534+0000] {processor.py:743} INFO - Processing file /home/airflow/.local/lib/python3.7/site-packages/airflow/example_dags/example_nested_branch_dag.py for tasks to queue
[2023-03-01T15:40:16.534+0000] {logging_mixin.py:137} INFO - [2023-03-01T15:40:16.534+0000] {dagbag.py:538} INFO - Filling up the DagBag from /home/airflow/.local/lib/python3.7/site-packages/airflow/example_dags/example_nested_branch_dag.py
[2023-03-01T15:40:16.553+0000] {processor.py:753} INFO - DAG(s) dict_keys(['example_nested_branch_dag']) retrieved from /home/airflow/.local/lib/python3.7/site-packages/airflow/example_dags/example_nested_branch_dag.py
[2023-03-01T15:40:16.575+0000] {logging_mixin.py:137} INFO - [2023-03-01T15:40:16.575+0000] {dag.py:2690} INFO - Sync 1 DAGs
[2023-03-01T15:40:16.599+0000] {logging_mixin.py:137} INFO - [2023-03-01T15:40:16.599+0000] {dag.py:3441} INFO - Setting next_dagrun for example_nested_branch_dag to 2023-02-28T00:00:00+00:00, run_after=2023-03-01T00:00:00+00:00
[2023-03-01T15:40:16.616+0000] {processor.py:175} INFO - Processing /home/airflow/.local/lib/python3.7/site-packages/airflow/example_dags/example_nested_branch_dag.py took 0.085 seconds
[2023-03-01T15:40:47.244+0000] {processor.py:153} INFO - Started process (PID=4025) to work on /home/airflow/.local/lib/python3.7/site-packages/airflow/example_dags/example_nested_branch_dag.py
[2023-03-01T15:40:47.245+0000] {processor.py:743} INFO - Processing file /home/airflow/.local/lib/python3.7/site-packages/airflow/example_dags/example_nested_branch_dag.py for tasks to queue
[2023-03-01T15:40:47.246+0000] {logging_mixin.py:137} INFO - [2023-03-01T15:40:47.246+0000] {dagbag.py:538} INFO - Filling up the DagBag from /home/airflow/.local/lib/python3.7/site-packages/airflow/example_dags/example_nested_branch_dag.py
[2023-03-01T15:40:47.267+0000] {processor.py:753} INFO - DAG(s) dict_keys(['example_nested_branch_dag']) retrieved from /home/airflow/.local/lib/python3.7/site-packages/airflow/example_dags/example_nested_branch_dag.py
[2023-03-01T15:40:47.293+0000] {logging_mixin.py:137} INFO - [2023-03-01T15:40:47.292+0000] {dag.py:2690} INFO - Sync 1 DAGs
[2023-03-01T15:40:47.318+0000] {logging_mixin.py:137} INFO - [2023-03-01T15:40:47.318+0000] {dag.py:3441} INFO - Setting next_dagrun for example_nested_branch_dag to 2023-02-28T00:00:00+00:00, run_after=2023-03-01T00:00:00+00:00
[2023-03-01T15:40:47.340+0000] {processor.py:175} INFO - Processing /home/airflow/.local/lib/python3.7/site-packages/airflow/example_dags/example_nested_branch_dag.py took 0.099 seconds
[2023-03-01T15:41:17.964+0000] {processor.py:153} INFO - Started process (PID=4104) to work on /home/airflow/.local/lib/python3.7/site-packages/airflow/example_dags/example_nested_branch_dag.py
[2023-03-01T15:41:17.964+0000] {processor.py:743} INFO - Processing file /home/airflow/.local/lib/python3.7/site-packages/airflow/example_dags/example_nested_branch_dag.py for tasks to queue
[2023-03-01T15:41:17.965+0000] {logging_mixin.py:137} INFO - [2023-03-01T15:41:17.965+0000] {dagbag.py:538} INFO - Filling up the DagBag from /home/airflow/.local/lib/python3.7/site-packages/airflow/example_dags/example_nested_branch_dag.py
[2023-03-01T15:41:17.984+0000] {processor.py:753} INFO - DAG(s) dict_keys(['example_nested_branch_dag']) retrieved from /home/airflow/.local/lib/python3.7/site-packages/airflow/example_dags/example_nested_branch_dag.py
[2023-03-01T15:41:18.005+0000] {logging_mixin.py:137} INFO - [2023-03-01T15:41:18.005+0000] {dag.py:2690} INFO - Sync 1 DAGs
[2023-03-01T15:41:18.029+0000] {logging_mixin.py:137} INFO - [2023-03-01T15:41:18.029+0000] {dag.py:3441} INFO - Setting next_dagrun for example_nested_branch_dag to 2023-02-28T00:00:00+00:00, run_after=2023-03-01T00:00:00+00:00
[2023-03-01T15:41:18.046+0000] {processor.py:175} INFO - Processing /home/airflow/.local/lib/python3.7/site-packages/airflow/example_dags/example_nested_branch_dag.py took 0.085 seconds
[2023-03-01T15:41:48.533+0000] {processor.py:153} INFO - Started process (PID=4203) to work on /home/airflow/.local/lib/python3.7/site-packages/airflow/example_dags/example_nested_branch_dag.py
[2023-03-01T15:41:48.533+0000] {processor.py:743} INFO - Processing file /home/airflow/.local/lib/python3.7/site-packages/airflow/example_dags/example_nested_branch_dag.py for tasks to queue
[2023-03-01T15:41:48.534+0000] {logging_mixin.py:137} INFO - [2023-03-01T15:41:48.534+0000] {dagbag.py:538} INFO - Filling up the DagBag from /home/airflow/.local/lib/python3.7/site-packages/airflow/example_dags/example_nested_branch_dag.py
[2023-03-01T15:41:48.553+0000] {processor.py:753} INFO - DAG(s) dict_keys(['example_nested_branch_dag']) retrieved from /home/airflow/.local/lib/python3.7/site-packages/airflow/example_dags/example_nested_branch_dag.py
[2023-03-01T15:41:48.578+0000] {logging_mixin.py:137} INFO - [2023-03-01T15:41:48.578+0000] {dag.py:2690} INFO - Sync 1 DAGs
[2023-03-01T15:41:48.612+0000] {logging_mixin.py:137} INFO - [2023-03-01T15:41:48.611+0000] {dag.py:3441} INFO - Setting next_dagrun for example_nested_branch_dag to 2023-02-28T00:00:00+00:00, run_after=2023-03-01T00:00:00+00:00
[2023-03-01T15:41:48.631+0000] {processor.py:175} INFO - Processing /home/airflow/.local/lib/python3.7/site-packages/airflow/example_dags/example_nested_branch_dag.py took 0.101 seconds
[2023-03-01T15:42:19.181+0000] {processor.py:153} INFO - Started process (PID=4282) to work on /home/airflow/.local/lib/python3.7/site-packages/airflow/example_dags/example_nested_branch_dag.py
[2023-03-01T15:42:19.182+0000] {processor.py:743} INFO - Processing file /home/airflow/.local/lib/python3.7/site-packages/airflow/example_dags/example_nested_branch_dag.py for tasks to queue
[2023-03-01T15:42:19.182+0000] {logging_mixin.py:137} INFO - [2023-03-01T15:42:19.182+0000] {dagbag.py:538} INFO - Filling up the DagBag from /home/airflow/.local/lib/python3.7/site-packages/airflow/example_dags/example_nested_branch_dag.py
[2023-03-01T15:42:19.201+0000] {processor.py:753} INFO - DAG(s) dict_keys(['example_nested_branch_dag']) retrieved from /home/airflow/.local/lib/python3.7/site-packages/airflow/example_dags/example_nested_branch_dag.py
[2023-03-01T15:42:19.224+0000] {logging_mixin.py:137} INFO - [2023-03-01T15:42:19.224+0000] {dag.py:2690} INFO - Sync 1 DAGs
[2023-03-01T15:42:19.247+0000] {logging_mixin.py:137} INFO - [2023-03-01T15:42:19.247+0000] {dag.py:3441} INFO - Setting next_dagrun for example_nested_branch_dag to 2023-02-28T00:00:00+00:00, run_after=2023-03-01T00:00:00+00:00
[2023-03-01T15:42:19.265+0000] {processor.py:175} INFO - Processing /home/airflow/.local/lib/python3.7/site-packages/airflow/example_dags/example_nested_branch_dag.py took 0.086 seconds
[2023-03-01T15:42:50.125+0000] {processor.py:153} INFO - Started process (PID=4381) to work on /home/airflow/.local/lib/python3.7/site-packages/airflow/example_dags/example_nested_branch_dag.py
[2023-03-01T15:42:50.125+0000] {processor.py:743} INFO - Processing file /home/airflow/.local/lib/python3.7/site-packages/airflow/example_dags/example_nested_branch_dag.py for tasks to queue
[2023-03-01T15:42:50.126+0000] {logging_mixin.py:137} INFO - [2023-03-01T15:42:50.126+0000] {dagbag.py:538} INFO - Filling up the DagBag from /home/airflow/.local/lib/python3.7/site-packages/airflow/example_dags/example_nested_branch_dag.py
[2023-03-01T15:42:50.145+0000] {processor.py:753} INFO - DAG(s) dict_keys(['example_nested_branch_dag']) retrieved from /home/airflow/.local/lib/python3.7/site-packages/airflow/example_dags/example_nested_branch_dag.py
[2023-03-01T15:42:50.167+0000] {logging_mixin.py:137} INFO - [2023-03-01T15:42:50.167+0000] {dag.py:2690} INFO - Sync 1 DAGs
[2023-03-01T15:42:50.190+0000] {logging_mixin.py:137} INFO - [2023-03-01T15:42:50.190+0000] {dag.py:3441} INFO - Setting next_dagrun for example_nested_branch_dag to 2023-02-28T00:00:00+00:00, run_after=2023-03-01T00:00:00+00:00
[2023-03-01T15:42:50.209+0000] {processor.py:175} INFO - Processing /home/airflow/.local/lib/python3.7/site-packages/airflow/example_dags/example_nested_branch_dag.py took 0.086 seconds
[2023-03-01T20:03:09.493+0000] {processor.py:153} INFO - Started process (PID=75) to work on /home/airflow/.local/lib/python3.7/site-packages/airflow/example_dags/example_nested_branch_dag.py
[2023-03-01T20:03:09.494+0000] {processor.py:743} INFO - Processing file /home/airflow/.local/lib/python3.7/site-packages/airflow/example_dags/example_nested_branch_dag.py for tasks to queue
[2023-03-01T20:03:09.495+0000] {logging_mixin.py:137} INFO - [2023-03-01T20:03:09.495+0000] {dagbag.py:538} INFO - Filling up the DagBag from /home/airflow/.local/lib/python3.7/site-packages/airflow/example_dags/example_nested_branch_dag.py
[2023-03-01T20:03:09.520+0000] {processor.py:753} INFO - DAG(s) dict_keys(['example_nested_branch_dag']) retrieved from /home/airflow/.local/lib/python3.7/site-packages/airflow/example_dags/example_nested_branch_dag.py
[2023-03-01T20:03:09.533+0000] {logging_mixin.py:137} INFO - [2023-03-01T20:03:09.533+0000] {dag.py:2690} INFO - Sync 1 DAGs
[2023-03-01T20:03:09.568+0000] {logging_mixin.py:137} INFO - [2023-03-01T20:03:09.568+0000] {dag.py:3441} INFO - Setting next_dagrun for example_nested_branch_dag to 2023-02-28T00:00:00+00:00, run_after=2023-03-01T00:00:00+00:00
[2023-03-01T20:03:09.592+0000] {processor.py:175} INFO - Processing /home/airflow/.local/lib/python3.7/site-packages/airflow/example_dags/example_nested_branch_dag.py took 0.101 seconds
[2023-03-01T20:03:40.543+0000] {processor.py:153} INFO - Started process (PID=165) to work on /home/airflow/.local/lib/python3.7/site-packages/airflow/example_dags/example_nested_branch_dag.py
[2023-03-01T20:03:40.544+0000] {processor.py:743} INFO - Processing file /home/airflow/.local/lib/python3.7/site-packages/airflow/example_dags/example_nested_branch_dag.py for tasks to queue
[2023-03-01T20:03:40.544+0000] {logging_mixin.py:137} INFO - [2023-03-01T20:03:40.544+0000] {dagbag.py:538} INFO - Filling up the DagBag from /home/airflow/.local/lib/python3.7/site-packages/airflow/example_dags/example_nested_branch_dag.py
[2023-03-01T20:03:40.563+0000] {processor.py:753} INFO - DAG(s) dict_keys(['example_nested_branch_dag']) retrieved from /home/airflow/.local/lib/python3.7/site-packages/airflow/example_dags/example_nested_branch_dag.py
[2023-03-01T20:03:40.588+0000] {logging_mixin.py:137} INFO - [2023-03-01T20:03:40.587+0000] {dag.py:2690} INFO - Sync 1 DAGs
[2023-03-01T20:03:40.612+0000] {logging_mixin.py:137} INFO - [2023-03-01T20:03:40.611+0000] {dag.py:3441} INFO - Setting next_dagrun for example_nested_branch_dag to 2023-02-28T00:00:00+00:00, run_after=2023-03-01T00:00:00+00:00
[2023-03-01T20:03:40.629+0000] {processor.py:175} INFO - Processing /home/airflow/.local/lib/python3.7/site-packages/airflow/example_dags/example_nested_branch_dag.py took 0.088 seconds
[2023-03-01T20:04:11.249+0000] {processor.py:153} INFO - Started process (PID=244) to work on /home/airflow/.local/lib/python3.7/site-packages/airflow/example_dags/example_nested_branch_dag.py
[2023-03-01T20:04:11.250+0000] {processor.py:743} INFO - Processing file /home/airflow/.local/lib/python3.7/site-packages/airflow/example_dags/example_nested_branch_dag.py for tasks to queue
[2023-03-01T20:04:11.250+0000] {logging_mixin.py:137} INFO - [2023-03-01T20:04:11.250+0000] {dagbag.py:538} INFO - Filling up the DagBag from /home/airflow/.local/lib/python3.7/site-packages/airflow/example_dags/example_nested_branch_dag.py
[2023-03-01T20:04:11.270+0000] {processor.py:753} INFO - DAG(s) dict_keys(['example_nested_branch_dag']) retrieved from /home/airflow/.local/lib/python3.7/site-packages/airflow/example_dags/example_nested_branch_dag.py
[2023-03-01T20:04:11.292+0000] {logging_mixin.py:137} INFO - [2023-03-01T20:04:11.292+0000] {dag.py:2690} INFO - Sync 1 DAGs
[2023-03-01T20:04:11.317+0000] {logging_mixin.py:137} INFO - [2023-03-01T20:04:11.316+0000] {dag.py:3441} INFO - Setting next_dagrun for example_nested_branch_dag to 2023-02-28T00:00:00+00:00, run_after=2023-03-01T00:00:00+00:00
[2023-03-01T20:04:11.338+0000] {processor.py:175} INFO - Processing /home/airflow/.local/lib/python3.7/site-packages/airflow/example_dags/example_nested_branch_dag.py took 0.091 seconds
[2023-03-01T20:04:41.636+0000] {processor.py:153} INFO - Started process (PID=343) to work on /home/airflow/.local/lib/python3.7/site-packages/airflow/example_dags/example_nested_branch_dag.py
[2023-03-01T20:04:41.637+0000] {processor.py:743} INFO - Processing file /home/airflow/.local/lib/python3.7/site-packages/airflow/example_dags/example_nested_branch_dag.py for tasks to queue
[2023-03-01T20:04:41.637+0000] {logging_mixin.py:137} INFO - [2023-03-01T20:04:41.637+0000] {dagbag.py:538} INFO - Filling up the DagBag from /home/airflow/.local/lib/python3.7/site-packages/airflow/example_dags/example_nested_branch_dag.py
[2023-03-01T20:04:41.657+0000] {processor.py:753} INFO - DAG(s) dict_keys(['example_nested_branch_dag']) retrieved from /home/airflow/.local/lib/python3.7/site-packages/airflow/example_dags/example_nested_branch_dag.py
[2023-03-01T20:04:41.679+0000] {logging_mixin.py:137} INFO - [2023-03-01T20:04:41.679+0000] {dag.py:2690} INFO - Sync 1 DAGs
[2023-03-01T20:04:41.702+0000] {logging_mixin.py:137} INFO - [2023-03-01T20:04:41.702+0000] {dag.py:3441} INFO - Setting next_dagrun for example_nested_branch_dag to 2023-02-28T00:00:00+00:00, run_after=2023-03-01T00:00:00+00:00
[2023-03-01T20:04:41.721+0000] {processor.py:175} INFO - Processing /home/airflow/.local/lib/python3.7/site-packages/airflow/example_dags/example_nested_branch_dag.py took 0.087 seconds
[2023-03-01T20:05:12.194+0000] {processor.py:153} INFO - Started process (PID=422) to work on /home/airflow/.local/lib/python3.7/site-packages/airflow/example_dags/example_nested_branch_dag.py
[2023-03-01T20:05:12.195+0000] {processor.py:743} INFO - Processing file /home/airflow/.local/lib/python3.7/site-packages/airflow/example_dags/example_nested_branch_dag.py for tasks to queue
[2023-03-01T20:05:12.196+0000] {logging_mixin.py:137} INFO - [2023-03-01T20:05:12.196+0000] {dagbag.py:538} INFO - Filling up the DagBag from /home/airflow/.local/lib/python3.7/site-packages/airflow/example_dags/example_nested_branch_dag.py
[2023-03-01T20:05:12.216+0000] {processor.py:753} INFO - DAG(s) dict_keys(['example_nested_branch_dag']) retrieved from /home/airflow/.local/lib/python3.7/site-packages/airflow/example_dags/example_nested_branch_dag.py
[2023-03-01T20:05:12.239+0000] {logging_mixin.py:137} INFO - [2023-03-01T20:05:12.239+0000] {dag.py:2690} INFO - Sync 1 DAGs
[2023-03-01T20:05:12.262+0000] {logging_mixin.py:137} INFO - [2023-03-01T20:05:12.261+0000] {dag.py:3441} INFO - Setting next_dagrun for example_nested_branch_dag to 2023-02-28T00:00:00+00:00, run_after=2023-03-01T00:00:00+00:00
[2023-03-01T20:05:12.280+0000] {processor.py:175} INFO - Processing /home/airflow/.local/lib/python3.7/site-packages/airflow/example_dags/example_nested_branch_dag.py took 0.088 seconds
[2023-03-01T20:05:42.590+0000] {processor.py:153} INFO - Started process (PID=521) to work on /home/airflow/.local/lib/python3.7/site-packages/airflow/example_dags/example_nested_branch_dag.py
[2023-03-01T20:05:42.590+0000] {processor.py:743} INFO - Processing file /home/airflow/.local/lib/python3.7/site-packages/airflow/example_dags/example_nested_branch_dag.py for tasks to queue
[2023-03-01T20:05:42.591+0000] {logging_mixin.py:137} INFO - [2023-03-01T20:05:42.591+0000] {dagbag.py:538} INFO - Filling up the DagBag from /home/airflow/.local/lib/python3.7/site-packages/airflow/example_dags/example_nested_branch_dag.py
[2023-03-01T20:05:42.619+0000] {processor.py:753} INFO - DAG(s) dict_keys(['example_nested_branch_dag']) retrieved from /home/airflow/.local/lib/python3.7/site-packages/airflow/example_dags/example_nested_branch_dag.py
[2023-03-01T20:05:42.642+0000] {logging_mixin.py:137} INFO - [2023-03-01T20:05:42.642+0000] {dag.py:2690} INFO - Sync 1 DAGs
[2023-03-01T20:05:42.665+0000] {logging_mixin.py:137} INFO - [2023-03-01T20:05:42.665+0000] {dag.py:3441} INFO - Setting next_dagrun for example_nested_branch_dag to 2023-02-28T00:00:00+00:00, run_after=2023-03-01T00:00:00+00:00
[2023-03-01T20:05:42.681+0000] {processor.py:175} INFO - Processing /home/airflow/.local/lib/python3.7/site-packages/airflow/example_dags/example_nested_branch_dag.py took 0.093 seconds
[2023-03-01T20:06:13.253+0000] {processor.py:153} INFO - Started process (PID=600) to work on /home/airflow/.local/lib/python3.7/site-packages/airflow/example_dags/example_nested_branch_dag.py
[2023-03-01T20:06:13.254+0000] {processor.py:743} INFO - Processing file /home/airflow/.local/lib/python3.7/site-packages/airflow/example_dags/example_nested_branch_dag.py for tasks to queue
[2023-03-01T20:06:13.254+0000] {logging_mixin.py:137} INFO - [2023-03-01T20:06:13.254+0000] {dagbag.py:538} INFO - Filling up the DagBag from /home/airflow/.local/lib/python3.7/site-packages/airflow/example_dags/example_nested_branch_dag.py
[2023-03-01T20:06:13.272+0000] {processor.py:753} INFO - DAG(s) dict_keys(['example_nested_branch_dag']) retrieved from /home/airflow/.local/lib/python3.7/site-packages/airflow/example_dags/example_nested_branch_dag.py
[2023-03-01T20:06:13.295+0000] {logging_mixin.py:137} INFO - [2023-03-01T20:06:13.295+0000] {dag.py:2690} INFO - Sync 1 DAGs
[2023-03-01T20:06:13.318+0000] {logging_mixin.py:137} INFO - [2023-03-01T20:06:13.318+0000] {dag.py:3441} INFO - Setting next_dagrun for example_nested_branch_dag to 2023-02-28T00:00:00+00:00, run_after=2023-03-01T00:00:00+00:00
[2023-03-01T20:06:13.333+0000] {processor.py:175} INFO - Processing /home/airflow/.local/lib/python3.7/site-packages/airflow/example_dags/example_nested_branch_dag.py took 0.082 seconds
[2023-03-01T20:06:43.717+0000] {processor.py:153} INFO - Started process (PID=699) to work on /home/airflow/.local/lib/python3.7/site-packages/airflow/example_dags/example_nested_branch_dag.py
[2023-03-01T20:06:43.718+0000] {processor.py:743} INFO - Processing file /home/airflow/.local/lib/python3.7/site-packages/airflow/example_dags/example_nested_branch_dag.py for tasks to queue
[2023-03-01T20:06:43.718+0000] {logging_mixin.py:137} INFO - [2023-03-01T20:06:43.718+0000] {dagbag.py:538} INFO - Filling up the DagBag from /home/airflow/.local/lib/python3.7/site-packages/airflow/example_dags/example_nested_branch_dag.py
[2023-03-01T20:06:43.741+0000] {processor.py:753} INFO - DAG(s) dict_keys(['example_nested_branch_dag']) retrieved from /home/airflow/.local/lib/python3.7/site-packages/airflow/example_dags/example_nested_branch_dag.py
[2023-03-01T20:06:43.763+0000] {logging_mixin.py:137} INFO - [2023-03-01T20:06:43.763+0000] {dag.py:2690} INFO - Sync 1 DAGs
[2023-03-01T20:06:43.786+0000] {logging_mixin.py:137} INFO - [2023-03-01T20:06:43.786+0000] {dag.py:3441} INFO - Setting next_dagrun for example_nested_branch_dag to 2023-02-28T00:00:00+00:00, run_after=2023-03-01T00:00:00+00:00
[2023-03-01T20:06:43.803+0000] {processor.py:175} INFO - Processing /home/airflow/.local/lib/python3.7/site-packages/airflow/example_dags/example_nested_branch_dag.py took 0.089 seconds
[2023-03-01T20:07:14.297+0000] {processor.py:153} INFO - Started process (PID=787) to work on /home/airflow/.local/lib/python3.7/site-packages/airflow/example_dags/example_nested_branch_dag.py
[2023-03-01T20:07:14.297+0000] {processor.py:743} INFO - Processing file /home/airflow/.local/lib/python3.7/site-packages/airflow/example_dags/example_nested_branch_dag.py for tasks to queue
[2023-03-01T20:07:14.298+0000] {logging_mixin.py:137} INFO - [2023-03-01T20:07:14.298+0000] {dagbag.py:538} INFO - Filling up the DagBag from /home/airflow/.local/lib/python3.7/site-packages/airflow/example_dags/example_nested_branch_dag.py
[2023-03-01T20:07:14.320+0000] {processor.py:753} INFO - DAG(s) dict_keys(['example_nested_branch_dag']) retrieved from /home/airflow/.local/lib/python3.7/site-packages/airflow/example_dags/example_nested_branch_dag.py
[2023-03-01T20:07:14.342+0000] {logging_mixin.py:137} INFO - [2023-03-01T20:07:14.342+0000] {dag.py:2690} INFO - Sync 1 DAGs
[2023-03-01T20:07:14.367+0000] {logging_mixin.py:137} INFO - [2023-03-01T20:07:14.367+0000] {dag.py:3441} INFO - Setting next_dagrun for example_nested_branch_dag to 2023-02-28T00:00:00+00:00, run_after=2023-03-01T00:00:00+00:00
[2023-03-01T20:07:14.388+0000] {processor.py:175} INFO - Processing /home/airflow/.local/lib/python3.7/site-packages/airflow/example_dags/example_nested_branch_dag.py took 0.094 seconds
[2023-03-01T20:07:45.109+0000] {processor.py:153} INFO - Started process (PID=877) to work on /home/airflow/.local/lib/python3.7/site-packages/airflow/example_dags/example_nested_branch_dag.py
[2023-03-01T20:07:45.110+0000] {processor.py:743} INFO - Processing file /home/airflow/.local/lib/python3.7/site-packages/airflow/example_dags/example_nested_branch_dag.py for tasks to queue
[2023-03-01T20:07:45.110+0000] {logging_mixin.py:137} INFO - [2023-03-01T20:07:45.110+0000] {dagbag.py:538} INFO - Filling up the DagBag from /home/airflow/.local/lib/python3.7/site-packages/airflow/example_dags/example_nested_branch_dag.py
[2023-03-01T20:07:45.129+0000] {processor.py:753} INFO - DAG(s) dict_keys(['example_nested_branch_dag']) retrieved from /home/airflow/.local/lib/python3.7/site-packages/airflow/example_dags/example_nested_branch_dag.py
[2023-03-01T20:07:45.152+0000] {logging_mixin.py:137} INFO - [2023-03-01T20:07:45.152+0000] {dag.py:2690} INFO - Sync 1 DAGs
[2023-03-01T20:07:45.176+0000] {logging_mixin.py:137} INFO - [2023-03-01T20:07:45.175+0000] {dag.py:3441} INFO - Setting next_dagrun for example_nested_branch_dag to 2023-02-28T00:00:00+00:00, run_after=2023-03-01T00:00:00+00:00
[2023-03-01T20:07:45.193+0000] {processor.py:175} INFO - Processing /home/airflow/.local/lib/python3.7/site-packages/airflow/example_dags/example_nested_branch_dag.py took 0.088 seconds
