[2023-03-01T15:18:20.037+0000] {processor.py:153} INFO - Started process (PID=96) to work on /home/airflow/.local/lib/python3.7/site-packages/airflow/example_dags/example_xcomargs.py
[2023-03-01T15:18:20.038+0000] {processor.py:743} INFO - Processing file /home/airflow/.local/lib/python3.7/site-packages/airflow/example_dags/example_xcomargs.py for tasks to queue
[2023-03-01T15:18:20.038+0000] {logging_mixin.py:137} INFO - [2023-03-01T15:18:20.038+0000] {dagbag.py:538} INFO - Filling up the DagBag from /home/airflow/.local/lib/python3.7/site-packages/airflow/example_dags/example_xcomargs.py
[2023-03-01T15:18:20.076+0000] {processor.py:753} INFO - DAG(s) dict_keys(['example_xcom_args_with_operators', 'example_xcom_args']) retrieved from /home/airflow/.local/lib/python3.7/site-packages/airflow/example_dags/example_xcomargs.py
[2023-03-01T15:18:20.097+0000] {logging_mixin.py:137} INFO - [2023-03-01T15:18:20.097+0000] {dag.py:2690} INFO - Sync 2 DAGs
[2023-03-01T15:18:20.134+0000] {logging_mixin.py:137} INFO - [2023-03-01T15:18:20.133+0000] {dag.py:3441} INFO - Setting next_dagrun for example_xcom_args to None, run_after=None
[2023-03-01T15:18:20.138+0000] {logging_mixin.py:137} INFO - [2023-03-01T15:18:20.138+0000] {dag.py:3441} INFO - Setting next_dagrun for example_xcom_args_with_operators to None, run_after=None
[2023-03-01T15:18:20.167+0000] {processor.py:175} INFO - Processing /home/airflow/.local/lib/python3.7/site-packages/airflow/example_dags/example_xcomargs.py took 0.133 seconds
[2023-03-01T15:18:51.005+0000] {processor.py:153} INFO - Started process (PID=175) to work on /home/airflow/.local/lib/python3.7/site-packages/airflow/example_dags/example_xcomargs.py
[2023-03-01T15:18:51.006+0000] {processor.py:743} INFO - Processing file /home/airflow/.local/lib/python3.7/site-packages/airflow/example_dags/example_xcomargs.py for tasks to queue
[2023-03-01T15:18:51.006+0000] {logging_mixin.py:137} INFO - [2023-03-01T15:18:51.006+0000] {dagbag.py:538} INFO - Filling up the DagBag from /home/airflow/.local/lib/python3.7/site-packages/airflow/example_dags/example_xcomargs.py
[2023-03-01T15:18:51.026+0000] {processor.py:753} INFO - DAG(s) dict_keys(['example_xcom_args', 'example_xcom_args_with_operators']) retrieved from /home/airflow/.local/lib/python3.7/site-packages/airflow/example_dags/example_xcomargs.py
[2023-03-01T15:18:51.052+0000] {logging_mixin.py:137} INFO - [2023-03-01T15:18:51.052+0000] {dag.py:2690} INFO - Sync 2 DAGs
[2023-03-01T15:18:51.075+0000] {logging_mixin.py:137} INFO - [2023-03-01T15:18:51.075+0000] {dag.py:3441} INFO - Setting next_dagrun for example_xcom_args to None, run_after=None
[2023-03-01T15:18:51.079+0000] {logging_mixin.py:137} INFO - [2023-03-01T15:18:51.079+0000] {dag.py:3441} INFO - Setting next_dagrun for example_xcom_args_with_operators to None, run_after=None
[2023-03-01T15:18:51.094+0000] {processor.py:175} INFO - Processing /home/airflow/.local/lib/python3.7/site-packages/airflow/example_dags/example_xcomargs.py took 0.093 seconds
[2023-03-01T15:19:21.758+0000] {processor.py:153} INFO - Started process (PID=274) to work on /home/airflow/.local/lib/python3.7/site-packages/airflow/example_dags/example_xcomargs.py
[2023-03-01T15:19:21.759+0000] {processor.py:743} INFO - Processing file /home/airflow/.local/lib/python3.7/site-packages/airflow/example_dags/example_xcomargs.py for tasks to queue
[2023-03-01T15:19:21.760+0000] {logging_mixin.py:137} INFO - [2023-03-01T15:19:21.760+0000] {dagbag.py:538} INFO - Filling up the DagBag from /home/airflow/.local/lib/python3.7/site-packages/airflow/example_dags/example_xcomargs.py
[2023-03-01T15:19:21.782+0000] {processor.py:753} INFO - DAG(s) dict_keys(['example_xcom_args_with_operators', 'example_xcom_args']) retrieved from /home/airflow/.local/lib/python3.7/site-packages/airflow/example_dags/example_xcomargs.py
[2023-03-01T15:19:21.816+0000] {logging_mixin.py:137} INFO - [2023-03-01T15:19:21.816+0000] {dag.py:2690} INFO - Sync 2 DAGs
[2023-03-01T15:19:21.846+0000] {logging_mixin.py:137} INFO - [2023-03-01T15:19:21.846+0000] {dag.py:3441} INFO - Setting next_dagrun for example_xcom_args to None, run_after=None
[2023-03-01T15:19:21.851+0000] {logging_mixin.py:137} INFO - [2023-03-01T15:19:21.850+0000] {dag.py:3441} INFO - Setting next_dagrun for example_xcom_args_with_operators to None, run_after=None
[2023-03-01T15:19:21.872+0000] {processor.py:175} INFO - Processing /home/airflow/.local/lib/python3.7/site-packages/airflow/example_dags/example_xcomargs.py took 0.116 seconds
[2023-03-01T15:19:52.565+0000] {processor.py:153} INFO - Started process (PID=353) to work on /home/airflow/.local/lib/python3.7/site-packages/airflow/example_dags/example_xcomargs.py
[2023-03-01T15:19:52.566+0000] {processor.py:743} INFO - Processing file /home/airflow/.local/lib/python3.7/site-packages/airflow/example_dags/example_xcomargs.py for tasks to queue
[2023-03-01T15:19:52.566+0000] {logging_mixin.py:137} INFO - [2023-03-01T15:19:52.566+0000] {dagbag.py:538} INFO - Filling up the DagBag from /home/airflow/.local/lib/python3.7/site-packages/airflow/example_dags/example_xcomargs.py
[2023-03-01T15:19:52.585+0000] {processor.py:753} INFO - DAG(s) dict_keys(['example_xcom_args', 'example_xcom_args_with_operators']) retrieved from /home/airflow/.local/lib/python3.7/site-packages/airflow/example_dags/example_xcomargs.py
[2023-03-01T15:19:52.613+0000] {logging_mixin.py:137} INFO - [2023-03-01T15:19:52.613+0000] {dag.py:2690} INFO - Sync 2 DAGs
[2023-03-01T15:19:52.639+0000] {logging_mixin.py:137} INFO - [2023-03-01T15:19:52.639+0000] {dag.py:3441} INFO - Setting next_dagrun for example_xcom_args to None, run_after=None
[2023-03-01T15:19:52.643+0000] {logging_mixin.py:137} INFO - [2023-03-01T15:19:52.642+0000] {dag.py:3441} INFO - Setting next_dagrun for example_xcom_args_with_operators to None, run_after=None
[2023-03-01T15:19:52.660+0000] {processor.py:175} INFO - Processing /home/airflow/.local/lib/python3.7/site-packages/airflow/example_dags/example_xcomargs.py took 0.097 seconds
[2023-03-01T15:20:23.329+0000] {processor.py:153} INFO - Started process (PID=452) to work on /home/airflow/.local/lib/python3.7/site-packages/airflow/example_dags/example_xcomargs.py
[2023-03-01T15:20:23.330+0000] {processor.py:743} INFO - Processing file /home/airflow/.local/lib/python3.7/site-packages/airflow/example_dags/example_xcomargs.py for tasks to queue
[2023-03-01T15:20:23.330+0000] {logging_mixin.py:137} INFO - [2023-03-01T15:20:23.330+0000] {dagbag.py:538} INFO - Filling up the DagBag from /home/airflow/.local/lib/python3.7/site-packages/airflow/example_dags/example_xcomargs.py
[2023-03-01T15:20:23.353+0000] {processor.py:753} INFO - DAG(s) dict_keys(['example_xcom_args_with_operators', 'example_xcom_args']) retrieved from /home/airflow/.local/lib/python3.7/site-packages/airflow/example_dags/example_xcomargs.py
[2023-03-01T15:20:23.385+0000] {logging_mixin.py:137} INFO - [2023-03-01T15:20:23.385+0000] {dag.py:2690} INFO - Sync 2 DAGs
[2023-03-01T15:20:23.412+0000] {logging_mixin.py:137} INFO - [2023-03-01T15:20:23.412+0000] {dag.py:3441} INFO - Setting next_dagrun for example_xcom_args to None, run_after=None
[2023-03-01T15:20:23.416+0000] {logging_mixin.py:137} INFO - [2023-03-01T15:20:23.416+0000] {dag.py:3441} INFO - Setting next_dagrun for example_xcom_args_with_operators to None, run_after=None
[2023-03-01T15:20:23.439+0000] {processor.py:175} INFO - Processing /home/airflow/.local/lib/python3.7/site-packages/airflow/example_dags/example_xcomargs.py took 0.113 seconds
[2023-03-01T15:20:53.927+0000] {processor.py:153} INFO - Started process (PID=531) to work on /home/airflow/.local/lib/python3.7/site-packages/airflow/example_dags/example_xcomargs.py
[2023-03-01T15:20:53.927+0000] {processor.py:743} INFO - Processing file /home/airflow/.local/lib/python3.7/site-packages/airflow/example_dags/example_xcomargs.py for tasks to queue
[2023-03-01T15:20:53.928+0000] {logging_mixin.py:137} INFO - [2023-03-01T15:20:53.928+0000] {dagbag.py:538} INFO - Filling up the DagBag from /home/airflow/.local/lib/python3.7/site-packages/airflow/example_dags/example_xcomargs.py
[2023-03-01T15:20:53.945+0000] {processor.py:753} INFO - DAG(s) dict_keys(['example_xcom_args_with_operators', 'example_xcom_args']) retrieved from /home/airflow/.local/lib/python3.7/site-packages/airflow/example_dags/example_xcomargs.py
[2023-03-01T15:20:53.969+0000] {logging_mixin.py:137} INFO - [2023-03-01T15:20:53.969+0000] {dag.py:2690} INFO - Sync 2 DAGs
[2023-03-01T15:20:53.995+0000] {logging_mixin.py:137} INFO - [2023-03-01T15:20:53.995+0000] {dag.py:3441} INFO - Setting next_dagrun for example_xcom_args to None, run_after=None
[2023-03-01T15:20:53.998+0000] {logging_mixin.py:137} INFO - [2023-03-01T15:20:53.998+0000] {dag.py:3441} INFO - Setting next_dagrun for example_xcom_args_with_operators to None, run_after=None
[2023-03-01T15:20:54.017+0000] {processor.py:175} INFO - Processing /home/airflow/.local/lib/python3.7/site-packages/airflow/example_dags/example_xcomargs.py took 0.093 seconds
[2023-03-01T15:21:24.426+0000] {processor.py:153} INFO - Started process (PID=630) to work on /home/airflow/.local/lib/python3.7/site-packages/airflow/example_dags/example_xcomargs.py
[2023-03-01T15:21:24.426+0000] {processor.py:743} INFO - Processing file /home/airflow/.local/lib/python3.7/site-packages/airflow/example_dags/example_xcomargs.py for tasks to queue
[2023-03-01T15:21:24.427+0000] {logging_mixin.py:137} INFO - [2023-03-01T15:21:24.427+0000] {dagbag.py:538} INFO - Filling up the DagBag from /home/airflow/.local/lib/python3.7/site-packages/airflow/example_dags/example_xcomargs.py
[2023-03-01T15:21:24.444+0000] {processor.py:753} INFO - DAG(s) dict_keys(['example_xcom_args_with_operators', 'example_xcom_args']) retrieved from /home/airflow/.local/lib/python3.7/site-packages/airflow/example_dags/example_xcomargs.py
[2023-03-01T15:21:24.470+0000] {logging_mixin.py:137} INFO - [2023-03-01T15:21:24.470+0000] {dag.py:2690} INFO - Sync 2 DAGs
[2023-03-01T15:21:24.494+0000] {logging_mixin.py:137} INFO - [2023-03-01T15:21:24.494+0000] {dag.py:3441} INFO - Setting next_dagrun for example_xcom_args to None, run_after=None
[2023-03-01T15:21:24.497+0000] {logging_mixin.py:137} INFO - [2023-03-01T15:21:24.497+0000] {dag.py:3441} INFO - Setting next_dagrun for example_xcom_args_with_operators to None, run_after=None
[2023-03-01T15:21:24.514+0000] {processor.py:175} INFO - Processing /home/airflow/.local/lib/python3.7/site-packages/airflow/example_dags/example_xcomargs.py took 0.091 seconds
[2023-03-01T15:21:54.921+0000] {processor.py:153} INFO - Started process (PID=710) to work on /home/airflow/.local/lib/python3.7/site-packages/airflow/example_dags/example_xcomargs.py
[2023-03-01T15:21:54.922+0000] {processor.py:743} INFO - Processing file /home/airflow/.local/lib/python3.7/site-packages/airflow/example_dags/example_xcomargs.py for tasks to queue
[2023-03-01T15:21:54.922+0000] {logging_mixin.py:137} INFO - [2023-03-01T15:21:54.922+0000] {dagbag.py:538} INFO - Filling up the DagBag from /home/airflow/.local/lib/python3.7/site-packages/airflow/example_dags/example_xcomargs.py
[2023-03-01T15:21:54.949+0000] {processor.py:753} INFO - DAG(s) dict_keys(['example_xcom_args_with_operators', 'example_xcom_args']) retrieved from /home/airflow/.local/lib/python3.7/site-packages/airflow/example_dags/example_xcomargs.py
[2023-03-01T15:21:54.979+0000] {logging_mixin.py:137} INFO - [2023-03-01T15:21:54.978+0000] {dag.py:2690} INFO - Sync 2 DAGs
[2023-03-01T15:21:55.007+0000] {logging_mixin.py:137} INFO - [2023-03-01T15:21:55.006+0000] {dag.py:3441} INFO - Setting next_dagrun for example_xcom_args to None, run_after=None
[2023-03-01T15:21:55.011+0000] {logging_mixin.py:137} INFO - [2023-03-01T15:21:55.011+0000] {dag.py:3441} INFO - Setting next_dagrun for example_xcom_args_with_operators to None, run_after=None
[2023-03-01T15:21:55.038+0000] {processor.py:175} INFO - Processing /home/airflow/.local/lib/python3.7/site-packages/airflow/example_dags/example_xcomargs.py took 0.120 seconds
[2023-03-01T15:22:25.413+0000] {processor.py:153} INFO - Started process (PID=809) to work on /home/airflow/.local/lib/python3.7/site-packages/airflow/example_dags/example_xcomargs.py
[2023-03-01T15:22:25.414+0000] {processor.py:743} INFO - Processing file /home/airflow/.local/lib/python3.7/site-packages/airflow/example_dags/example_xcomargs.py for tasks to queue
[2023-03-01T15:22:25.414+0000] {logging_mixin.py:137} INFO - [2023-03-01T15:22:25.414+0000] {dagbag.py:538} INFO - Filling up the DagBag from /home/airflow/.local/lib/python3.7/site-packages/airflow/example_dags/example_xcomargs.py
[2023-03-01T15:22:25.432+0000] {processor.py:753} INFO - DAG(s) dict_keys(['example_xcom_args', 'example_xcom_args_with_operators']) retrieved from /home/airflow/.local/lib/python3.7/site-packages/airflow/example_dags/example_xcomargs.py
[2023-03-01T15:22:25.455+0000] {logging_mixin.py:137} INFO - [2023-03-01T15:22:25.455+0000] {dag.py:2690} INFO - Sync 2 DAGs
[2023-03-01T15:22:25.478+0000] {logging_mixin.py:137} INFO - [2023-03-01T15:22:25.478+0000] {dag.py:3441} INFO - Setting next_dagrun for example_xcom_args to None, run_after=None
[2023-03-01T15:22:25.482+0000] {logging_mixin.py:137} INFO - [2023-03-01T15:22:25.481+0000] {dag.py:3441} INFO - Setting next_dagrun for example_xcom_args_with_operators to None, run_after=None
[2023-03-01T15:22:25.499+0000] {processor.py:175} INFO - Processing /home/airflow/.local/lib/python3.7/site-packages/airflow/example_dags/example_xcomargs.py took 0.088 seconds
[2023-03-01T15:22:56.012+0000] {processor.py:153} INFO - Started process (PID=888) to work on /home/airflow/.local/lib/python3.7/site-packages/airflow/example_dags/example_xcomargs.py
[2023-03-01T15:22:56.012+0000] {processor.py:743} INFO - Processing file /home/airflow/.local/lib/python3.7/site-packages/airflow/example_dags/example_xcomargs.py for tasks to queue
[2023-03-01T15:22:56.013+0000] {logging_mixin.py:137} INFO - [2023-03-01T15:22:56.012+0000] {dagbag.py:538} INFO - Filling up the DagBag from /home/airflow/.local/lib/python3.7/site-packages/airflow/example_dags/example_xcomargs.py
[2023-03-01T15:22:56.030+0000] {processor.py:753} INFO - DAG(s) dict_keys(['example_xcom_args_with_operators', 'example_xcom_args']) retrieved from /home/airflow/.local/lib/python3.7/site-packages/airflow/example_dags/example_xcomargs.py
[2023-03-01T15:22:56.056+0000] {logging_mixin.py:137} INFO - [2023-03-01T15:22:56.056+0000] {dag.py:2690} INFO - Sync 2 DAGs
[2023-03-01T15:22:56.081+0000] {logging_mixin.py:137} INFO - [2023-03-01T15:22:56.081+0000] {dag.py:3441} INFO - Setting next_dagrun for example_xcom_args to None, run_after=None
[2023-03-01T15:22:56.084+0000] {logging_mixin.py:137} INFO - [2023-03-01T15:22:56.084+0000] {dag.py:3441} INFO - Setting next_dagrun for example_xcom_args_with_operators to None, run_after=None
[2023-03-01T15:22:56.101+0000] {processor.py:175} INFO - Processing /home/airflow/.local/lib/python3.7/site-packages/airflow/example_dags/example_xcomargs.py took 0.092 seconds
[2023-03-01T15:23:26.666+0000] {processor.py:153} INFO - Started process (PID=987) to work on /home/airflow/.local/lib/python3.7/site-packages/airflow/example_dags/example_xcomargs.py
[2023-03-01T15:23:26.667+0000] {processor.py:743} INFO - Processing file /home/airflow/.local/lib/python3.7/site-packages/airflow/example_dags/example_xcomargs.py for tasks to queue
[2023-03-01T15:23:26.667+0000] {logging_mixin.py:137} INFO - [2023-03-01T15:23:26.667+0000] {dagbag.py:538} INFO - Filling up the DagBag from /home/airflow/.local/lib/python3.7/site-packages/airflow/example_dags/example_xcomargs.py
[2023-03-01T15:23:26.686+0000] {processor.py:753} INFO - DAG(s) dict_keys(['example_xcom_args', 'example_xcom_args_with_operators']) retrieved from /home/airflow/.local/lib/python3.7/site-packages/airflow/example_dags/example_xcomargs.py
[2023-03-01T15:23:26.713+0000] {logging_mixin.py:137} INFO - [2023-03-01T15:23:26.713+0000] {dag.py:2690} INFO - Sync 2 DAGs
[2023-03-01T15:23:26.735+0000] {logging_mixin.py:137} INFO - [2023-03-01T15:23:26.734+0000] {dag.py:3441} INFO - Setting next_dagrun for example_xcom_args to None, run_after=None
[2023-03-01T15:23:26.738+0000] {logging_mixin.py:137} INFO - [2023-03-01T15:23:26.738+0000] {dag.py:3441} INFO - Setting next_dagrun for example_xcom_args_with_operators to None, run_after=None
[2023-03-01T15:23:26.754+0000] {processor.py:175} INFO - Processing /home/airflow/.local/lib/python3.7/site-packages/airflow/example_dags/example_xcomargs.py took 0.091 seconds
[2023-03-01T15:23:57.275+0000] {processor.py:153} INFO - Started process (PID=1066) to work on /home/airflow/.local/lib/python3.7/site-packages/airflow/example_dags/example_xcomargs.py
[2023-03-01T15:23:57.275+0000] {processor.py:743} INFO - Processing file /home/airflow/.local/lib/python3.7/site-packages/airflow/example_dags/example_xcomargs.py for tasks to queue
[2023-03-01T15:23:57.276+0000] {logging_mixin.py:137} INFO - [2023-03-01T15:23:57.276+0000] {dagbag.py:538} INFO - Filling up the DagBag from /home/airflow/.local/lib/python3.7/site-packages/airflow/example_dags/example_xcomargs.py
[2023-03-01T15:23:57.294+0000] {processor.py:753} INFO - DAG(s) dict_keys(['example_xcom_args', 'example_xcom_args_with_operators']) retrieved from /home/airflow/.local/lib/python3.7/site-packages/airflow/example_dags/example_xcomargs.py
[2023-03-01T15:23:57.320+0000] {logging_mixin.py:137} INFO - [2023-03-01T15:23:57.319+0000] {dag.py:2690} INFO - Sync 2 DAGs
[2023-03-01T15:23:57.343+0000] {logging_mixin.py:137} INFO - [2023-03-01T15:23:57.342+0000] {dag.py:3441} INFO - Setting next_dagrun for example_xcom_args to None, run_after=None
[2023-03-01T15:23:57.346+0000] {logging_mixin.py:137} INFO - [2023-03-01T15:23:57.346+0000] {dag.py:3441} INFO - Setting next_dagrun for example_xcom_args_with_operators to None, run_after=None
[2023-03-01T15:23:57.364+0000] {processor.py:175} INFO - Processing /home/airflow/.local/lib/python3.7/site-packages/airflow/example_dags/example_xcomargs.py took 0.091 seconds
[2023-03-01T15:24:27.840+0000] {processor.py:153} INFO - Started process (PID=1165) to work on /home/airflow/.local/lib/python3.7/site-packages/airflow/example_dags/example_xcomargs.py
[2023-03-01T15:24:27.840+0000] {processor.py:743} INFO - Processing file /home/airflow/.local/lib/python3.7/site-packages/airflow/example_dags/example_xcomargs.py for tasks to queue
[2023-03-01T15:24:27.841+0000] {logging_mixin.py:137} INFO - [2023-03-01T15:24:27.841+0000] {dagbag.py:538} INFO - Filling up the DagBag from /home/airflow/.local/lib/python3.7/site-packages/airflow/example_dags/example_xcomargs.py
[2023-03-01T15:24:27.859+0000] {processor.py:753} INFO - DAG(s) dict_keys(['example_xcom_args', 'example_xcom_args_with_operators']) retrieved from /home/airflow/.local/lib/python3.7/site-packages/airflow/example_dags/example_xcomargs.py
[2023-03-01T15:24:27.887+0000] {logging_mixin.py:137} INFO - [2023-03-01T15:24:27.887+0000] {dag.py:2690} INFO - Sync 2 DAGs
[2023-03-01T15:24:27.918+0000] {logging_mixin.py:137} INFO - [2023-03-01T15:24:27.918+0000] {dag.py:3441} INFO - Setting next_dagrun for example_xcom_args to None, run_after=None
[2023-03-01T15:24:27.921+0000] {logging_mixin.py:137} INFO - [2023-03-01T15:24:27.921+0000] {dag.py:3441} INFO - Setting next_dagrun for example_xcom_args_with_operators to None, run_after=None
[2023-03-01T15:24:27.942+0000] {processor.py:175} INFO - Processing /home/airflow/.local/lib/python3.7/site-packages/airflow/example_dags/example_xcomargs.py took 0.105 seconds
[2023-03-01T15:24:58.404+0000] {processor.py:153} INFO - Started process (PID=1244) to work on /home/airflow/.local/lib/python3.7/site-packages/airflow/example_dags/example_xcomargs.py
[2023-03-01T15:24:58.405+0000] {processor.py:743} INFO - Processing file /home/airflow/.local/lib/python3.7/site-packages/airflow/example_dags/example_xcomargs.py for tasks to queue
[2023-03-01T15:24:58.406+0000] {logging_mixin.py:137} INFO - [2023-03-01T15:24:58.405+0000] {dagbag.py:538} INFO - Filling up the DagBag from /home/airflow/.local/lib/python3.7/site-packages/airflow/example_dags/example_xcomargs.py
[2023-03-01T15:24:58.424+0000] {processor.py:753} INFO - DAG(s) dict_keys(['example_xcom_args_with_operators', 'example_xcom_args']) retrieved from /home/airflow/.local/lib/python3.7/site-packages/airflow/example_dags/example_xcomargs.py
[2023-03-01T15:24:58.449+0000] {logging_mixin.py:137} INFO - [2023-03-01T15:24:58.448+0000] {dag.py:2690} INFO - Sync 2 DAGs
[2023-03-01T15:24:58.475+0000] {logging_mixin.py:137} INFO - [2023-03-01T15:24:58.475+0000] {dag.py:3441} INFO - Setting next_dagrun for example_xcom_args to None, run_after=None
[2023-03-01T15:24:58.478+0000] {logging_mixin.py:137} INFO - [2023-03-01T15:24:58.478+0000] {dag.py:3441} INFO - Setting next_dagrun for example_xcom_args_with_operators to None, run_after=None
[2023-03-01T15:24:58.496+0000] {processor.py:175} INFO - Processing /home/airflow/.local/lib/python3.7/site-packages/airflow/example_dags/example_xcomargs.py took 0.094 seconds
[2023-03-01T15:25:29.281+0000] {processor.py:153} INFO - Started process (PID=1343) to work on /home/airflow/.local/lib/python3.7/site-packages/airflow/example_dags/example_xcomargs.py
[2023-03-01T15:25:29.281+0000] {processor.py:743} INFO - Processing file /home/airflow/.local/lib/python3.7/site-packages/airflow/example_dags/example_xcomargs.py for tasks to queue
[2023-03-01T15:25:29.282+0000] {logging_mixin.py:137} INFO - [2023-03-01T15:25:29.282+0000] {dagbag.py:538} INFO - Filling up the DagBag from /home/airflow/.local/lib/python3.7/site-packages/airflow/example_dags/example_xcomargs.py
[2023-03-01T15:25:29.302+0000] {processor.py:753} INFO - DAG(s) dict_keys(['example_xcom_args_with_operators', 'example_xcom_args']) retrieved from /home/airflow/.local/lib/python3.7/site-packages/airflow/example_dags/example_xcomargs.py
[2023-03-01T15:25:29.330+0000] {logging_mixin.py:137} INFO - [2023-03-01T15:25:29.329+0000] {dag.py:2690} INFO - Sync 2 DAGs
[2023-03-01T15:25:29.352+0000] {logging_mixin.py:137} INFO - [2023-03-01T15:25:29.352+0000] {dag.py:3441} INFO - Setting next_dagrun for example_xcom_args to None, run_after=None
[2023-03-01T15:25:29.355+0000] {logging_mixin.py:137} INFO - [2023-03-01T15:25:29.355+0000] {dag.py:3441} INFO - Setting next_dagrun for example_xcom_args_with_operators to None, run_after=None
[2023-03-01T15:25:29.371+0000] {processor.py:175} INFO - Processing /home/airflow/.local/lib/python3.7/site-packages/airflow/example_dags/example_xcomargs.py took 0.092 seconds
[2023-03-01T15:25:59.874+0000] {processor.py:153} INFO - Started process (PID=1422) to work on /home/airflow/.local/lib/python3.7/site-packages/airflow/example_dags/example_xcomargs.py
[2023-03-01T15:25:59.875+0000] {processor.py:743} INFO - Processing file /home/airflow/.local/lib/python3.7/site-packages/airflow/example_dags/example_xcomargs.py for tasks to queue
[2023-03-01T15:25:59.875+0000] {logging_mixin.py:137} INFO - [2023-03-01T15:25:59.875+0000] {dagbag.py:538} INFO - Filling up the DagBag from /home/airflow/.local/lib/python3.7/site-packages/airflow/example_dags/example_xcomargs.py
[2023-03-01T15:25:59.893+0000] {processor.py:753} INFO - DAG(s) dict_keys(['example_xcom_args_with_operators', 'example_xcom_args']) retrieved from /home/airflow/.local/lib/python3.7/site-packages/airflow/example_dags/example_xcomargs.py
[2023-03-01T15:25:59.918+0000] {logging_mixin.py:137} INFO - [2023-03-01T15:25:59.918+0000] {dag.py:2690} INFO - Sync 2 DAGs
[2023-03-01T15:25:59.940+0000] {logging_mixin.py:137} INFO - [2023-03-01T15:25:59.939+0000] {dag.py:3441} INFO - Setting next_dagrun for example_xcom_args to None, run_after=None
[2023-03-01T15:25:59.943+0000] {logging_mixin.py:137} INFO - [2023-03-01T15:25:59.943+0000] {dag.py:3441} INFO - Setting next_dagrun for example_xcom_args_with_operators to None, run_after=None
[2023-03-01T15:25:59.958+0000] {processor.py:175} INFO - Processing /home/airflow/.local/lib/python3.7/site-packages/airflow/example_dags/example_xcomargs.py took 0.087 seconds
[2023-03-01T15:26:30.378+0000] {processor.py:153} INFO - Started process (PID=1521) to work on /home/airflow/.local/lib/python3.7/site-packages/airflow/example_dags/example_xcomargs.py
[2023-03-01T15:26:30.378+0000] {processor.py:743} INFO - Processing file /home/airflow/.local/lib/python3.7/site-packages/airflow/example_dags/example_xcomargs.py for tasks to queue
[2023-03-01T15:26:30.379+0000] {logging_mixin.py:137} INFO - [2023-03-01T15:26:30.379+0000] {dagbag.py:538} INFO - Filling up the DagBag from /home/airflow/.local/lib/python3.7/site-packages/airflow/example_dags/example_xcomargs.py
[2023-03-01T15:26:30.396+0000] {processor.py:753} INFO - DAG(s) dict_keys(['example_xcom_args_with_operators', 'example_xcom_args']) retrieved from /home/airflow/.local/lib/python3.7/site-packages/airflow/example_dags/example_xcomargs.py
[2023-03-01T15:26:30.423+0000] {logging_mixin.py:137} INFO - [2023-03-01T15:26:30.423+0000] {dag.py:2690} INFO - Sync 2 DAGs
[2023-03-01T15:26:30.448+0000] {logging_mixin.py:137} INFO - [2023-03-01T15:26:30.448+0000] {dag.py:3441} INFO - Setting next_dagrun for example_xcom_args to None, run_after=None
[2023-03-01T15:26:30.451+0000] {logging_mixin.py:137} INFO - [2023-03-01T15:26:30.451+0000] {dag.py:3441} INFO - Setting next_dagrun for example_xcom_args_with_operators to None, run_after=None
[2023-03-01T15:26:30.468+0000] {processor.py:175} INFO - Processing /home/airflow/.local/lib/python3.7/site-packages/airflow/example_dags/example_xcomargs.py took 0.093 seconds
[2023-03-01T15:27:00.909+0000] {processor.py:153} INFO - Started process (PID=1600) to work on /home/airflow/.local/lib/python3.7/site-packages/airflow/example_dags/example_xcomargs.py
[2023-03-01T15:27:00.909+0000] {processor.py:743} INFO - Processing file /home/airflow/.local/lib/python3.7/site-packages/airflow/example_dags/example_xcomargs.py for tasks to queue
[2023-03-01T15:27:00.910+0000] {logging_mixin.py:137} INFO - [2023-03-01T15:27:00.910+0000] {dagbag.py:538} INFO - Filling up the DagBag from /home/airflow/.local/lib/python3.7/site-packages/airflow/example_dags/example_xcomargs.py
[2023-03-01T15:27:00.929+0000] {processor.py:753} INFO - DAG(s) dict_keys(['example_xcom_args', 'example_xcom_args_with_operators']) retrieved from /home/airflow/.local/lib/python3.7/site-packages/airflow/example_dags/example_xcomargs.py
[2023-03-01T15:27:00.958+0000] {logging_mixin.py:137} INFO - [2023-03-01T15:27:00.957+0000] {dag.py:2690} INFO - Sync 2 DAGs
[2023-03-01T15:27:00.981+0000] {logging_mixin.py:137} INFO - [2023-03-01T15:27:00.980+0000] {dag.py:3441} INFO - Setting next_dagrun for example_xcom_args to None, run_after=None
[2023-03-01T15:27:00.985+0000] {logging_mixin.py:137} INFO - [2023-03-01T15:27:00.984+0000] {dag.py:3441} INFO - Setting next_dagrun for example_xcom_args_with_operators to None, run_after=None
[2023-03-01T15:27:01.004+0000] {processor.py:175} INFO - Processing /home/airflow/.local/lib/python3.7/site-packages/airflow/example_dags/example_xcomargs.py took 0.098 seconds
[2023-03-01T15:27:31.471+0000] {processor.py:153} INFO - Started process (PID=1700) to work on /home/airflow/.local/lib/python3.7/site-packages/airflow/example_dags/example_xcomargs.py
[2023-03-01T15:27:31.471+0000] {processor.py:743} INFO - Processing file /home/airflow/.local/lib/python3.7/site-packages/airflow/example_dags/example_xcomargs.py for tasks to queue
[2023-03-01T15:27:31.472+0000] {logging_mixin.py:137} INFO - [2023-03-01T15:27:31.472+0000] {dagbag.py:538} INFO - Filling up the DagBag from /home/airflow/.local/lib/python3.7/site-packages/airflow/example_dags/example_xcomargs.py
[2023-03-01T15:27:31.499+0000] {processor.py:753} INFO - DAG(s) dict_keys(['example_xcom_args_with_operators', 'example_xcom_args']) retrieved from /home/airflow/.local/lib/python3.7/site-packages/airflow/example_dags/example_xcomargs.py
[2023-03-01T15:27:31.527+0000] {logging_mixin.py:137} INFO - [2023-03-01T15:27:31.527+0000] {dag.py:2690} INFO - Sync 2 DAGs
[2023-03-01T15:27:31.551+0000] {logging_mixin.py:137} INFO - [2023-03-01T15:27:31.551+0000] {dag.py:3441} INFO - Setting next_dagrun for example_xcom_args to None, run_after=None
[2023-03-01T15:27:31.556+0000] {logging_mixin.py:137} INFO - [2023-03-01T15:27:31.556+0000] {dag.py:3441} INFO - Setting next_dagrun for example_xcom_args_with_operators to None, run_after=None
[2023-03-01T15:27:31.582+0000] {processor.py:175} INFO - Processing /home/airflow/.local/lib/python3.7/site-packages/airflow/example_dags/example_xcomargs.py took 0.115 seconds
[2023-03-01T15:28:02.060+0000] {processor.py:153} INFO - Started process (PID=1778) to work on /home/airflow/.local/lib/python3.7/site-packages/airflow/example_dags/example_xcomargs.py
[2023-03-01T15:28:02.061+0000] {processor.py:743} INFO - Processing file /home/airflow/.local/lib/python3.7/site-packages/airflow/example_dags/example_xcomargs.py for tasks to queue
[2023-03-01T15:28:02.061+0000] {logging_mixin.py:137} INFO - [2023-03-01T15:28:02.061+0000] {dagbag.py:538} INFO - Filling up the DagBag from /home/airflow/.local/lib/python3.7/site-packages/airflow/example_dags/example_xcomargs.py
[2023-03-01T15:28:02.081+0000] {processor.py:753} INFO - DAG(s) dict_keys(['example_xcom_args', 'example_xcom_args_with_operators']) retrieved from /home/airflow/.local/lib/python3.7/site-packages/airflow/example_dags/example_xcomargs.py
[2023-03-01T15:28:02.107+0000] {logging_mixin.py:137} INFO - [2023-03-01T15:28:02.107+0000] {dag.py:2690} INFO - Sync 2 DAGs
[2023-03-01T15:28:02.131+0000] {logging_mixin.py:137} INFO - [2023-03-01T15:28:02.130+0000] {dag.py:3441} INFO - Setting next_dagrun for example_xcom_args to None, run_after=None
[2023-03-01T15:28:02.134+0000] {logging_mixin.py:137} INFO - [2023-03-01T15:28:02.134+0000] {dag.py:3441} INFO - Setting next_dagrun for example_xcom_args_with_operators to None, run_after=None
[2023-03-01T15:28:02.154+0000] {processor.py:175} INFO - Processing /home/airflow/.local/lib/python3.7/site-packages/airflow/example_dags/example_xcomargs.py took 0.096 seconds
[2023-03-01T15:28:32.683+0000] {processor.py:153} INFO - Started process (PID=1877) to work on /home/airflow/.local/lib/python3.7/site-packages/airflow/example_dags/example_xcomargs.py
[2023-03-01T15:28:32.684+0000] {processor.py:743} INFO - Processing file /home/airflow/.local/lib/python3.7/site-packages/airflow/example_dags/example_xcomargs.py for tasks to queue
[2023-03-01T15:28:32.684+0000] {logging_mixin.py:137} INFO - [2023-03-01T15:28:32.684+0000] {dagbag.py:538} INFO - Filling up the DagBag from /home/airflow/.local/lib/python3.7/site-packages/airflow/example_dags/example_xcomargs.py
[2023-03-01T15:28:32.702+0000] {processor.py:753} INFO - DAG(s) dict_keys(['example_xcom_args_with_operators', 'example_xcom_args']) retrieved from /home/airflow/.local/lib/python3.7/site-packages/airflow/example_dags/example_xcomargs.py
[2023-03-01T15:28:32.728+0000] {logging_mixin.py:137} INFO - [2023-03-01T15:28:32.728+0000] {dag.py:2690} INFO - Sync 2 DAGs
[2023-03-01T15:28:32.755+0000] {logging_mixin.py:137} INFO - [2023-03-01T15:28:32.754+0000] {dag.py:3441} INFO - Setting next_dagrun for example_xcom_args to None, run_after=None
[2023-03-01T15:28:32.758+0000] {logging_mixin.py:137} INFO - [2023-03-01T15:28:32.758+0000] {dag.py:3441} INFO - Setting next_dagrun for example_xcom_args_with_operators to None, run_after=None
[2023-03-01T15:28:32.773+0000] {processor.py:175} INFO - Processing /home/airflow/.local/lib/python3.7/site-packages/airflow/example_dags/example_xcomargs.py took 0.092 seconds
[2023-03-01T15:29:03.145+0000] {processor.py:153} INFO - Started process (PID=1956) to work on /home/airflow/.local/lib/python3.7/site-packages/airflow/example_dags/example_xcomargs.py
[2023-03-01T15:29:03.145+0000] {processor.py:743} INFO - Processing file /home/airflow/.local/lib/python3.7/site-packages/airflow/example_dags/example_xcomargs.py for tasks to queue
[2023-03-01T15:29:03.146+0000] {logging_mixin.py:137} INFO - [2023-03-01T15:29:03.146+0000] {dagbag.py:538} INFO - Filling up the DagBag from /home/airflow/.local/lib/python3.7/site-packages/airflow/example_dags/example_xcomargs.py
[2023-03-01T15:29:03.163+0000] {processor.py:753} INFO - DAG(s) dict_keys(['example_xcom_args_with_operators', 'example_xcom_args']) retrieved from /home/airflow/.local/lib/python3.7/site-packages/airflow/example_dags/example_xcomargs.py
[2023-03-01T15:29:03.188+0000] {logging_mixin.py:137} INFO - [2023-03-01T15:29:03.188+0000] {dag.py:2690} INFO - Sync 2 DAGs
[2023-03-01T15:29:03.210+0000] {logging_mixin.py:137} INFO - [2023-03-01T15:29:03.210+0000] {dag.py:3441} INFO - Setting next_dagrun for example_xcom_args to None, run_after=None
[2023-03-01T15:29:03.213+0000] {logging_mixin.py:137} INFO - [2023-03-01T15:29:03.213+0000] {dag.py:3441} INFO - Setting next_dagrun for example_xcom_args_with_operators to None, run_after=None
[2023-03-01T15:29:03.229+0000] {processor.py:175} INFO - Processing /home/airflow/.local/lib/python3.7/site-packages/airflow/example_dags/example_xcomargs.py took 0.086 seconds
[2023-03-01T15:29:33.890+0000] {processor.py:153} INFO - Started process (PID=2055) to work on /home/airflow/.local/lib/python3.7/site-packages/airflow/example_dags/example_xcomargs.py
[2023-03-01T15:29:33.891+0000] {processor.py:743} INFO - Processing file /home/airflow/.local/lib/python3.7/site-packages/airflow/example_dags/example_xcomargs.py for tasks to queue
[2023-03-01T15:29:33.891+0000] {logging_mixin.py:137} INFO - [2023-03-01T15:29:33.891+0000] {dagbag.py:538} INFO - Filling up the DagBag from /home/airflow/.local/lib/python3.7/site-packages/airflow/example_dags/example_xcomargs.py
[2023-03-01T15:29:33.913+0000] {processor.py:753} INFO - DAG(s) dict_keys(['example_xcom_args', 'example_xcom_args_with_operators']) retrieved from /home/airflow/.local/lib/python3.7/site-packages/airflow/example_dags/example_xcomargs.py
[2023-03-01T15:29:33.949+0000] {logging_mixin.py:137} INFO - [2023-03-01T15:29:33.948+0000] {dag.py:2690} INFO - Sync 2 DAGs
[2023-03-01T15:29:33.974+0000] {logging_mixin.py:137} INFO - [2023-03-01T15:29:33.974+0000] {dag.py:3441} INFO - Setting next_dagrun for example_xcom_args to None, run_after=None
[2023-03-01T15:29:33.978+0000] {logging_mixin.py:137} INFO - [2023-03-01T15:29:33.978+0000] {dag.py:3441} INFO - Setting next_dagrun for example_xcom_args_with_operators to None, run_after=None
[2023-03-01T15:29:33.997+0000] {processor.py:175} INFO - Processing /home/airflow/.local/lib/python3.7/site-packages/airflow/example_dags/example_xcomargs.py took 0.110 seconds
[2023-03-01T15:30:04.711+0000] {processor.py:153} INFO - Started process (PID=2134) to work on /home/airflow/.local/lib/python3.7/site-packages/airflow/example_dags/example_xcomargs.py
[2023-03-01T15:30:04.712+0000] {processor.py:743} INFO - Processing file /home/airflow/.local/lib/python3.7/site-packages/airflow/example_dags/example_xcomargs.py for tasks to queue
[2023-03-01T15:30:04.713+0000] {logging_mixin.py:137} INFO - [2023-03-01T15:30:04.712+0000] {dagbag.py:538} INFO - Filling up the DagBag from /home/airflow/.local/lib/python3.7/site-packages/airflow/example_dags/example_xcomargs.py
[2023-03-01T15:30:04.731+0000] {processor.py:753} INFO - DAG(s) dict_keys(['example_xcom_args_with_operators', 'example_xcom_args']) retrieved from /home/airflow/.local/lib/python3.7/site-packages/airflow/example_dags/example_xcomargs.py
[2023-03-01T15:30:04.757+0000] {logging_mixin.py:137} INFO - [2023-03-01T15:30:04.756+0000] {dag.py:2690} INFO - Sync 2 DAGs
[2023-03-01T15:30:04.782+0000] {logging_mixin.py:137} INFO - [2023-03-01T15:30:04.782+0000] {dag.py:3441} INFO - Setting next_dagrun for example_xcom_args to None, run_after=None
[2023-03-01T15:30:04.785+0000] {logging_mixin.py:137} INFO - [2023-03-01T15:30:04.785+0000] {dag.py:3441} INFO - Setting next_dagrun for example_xcom_args_with_operators to None, run_after=None
[2023-03-01T15:30:04.800+0000] {processor.py:175} INFO - Processing /home/airflow/.local/lib/python3.7/site-packages/airflow/example_dags/example_xcomargs.py took 0.091 seconds
[2023-03-01T15:30:35.426+0000] {processor.py:153} INFO - Started process (PID=2234) to work on /home/airflow/.local/lib/python3.7/site-packages/airflow/example_dags/example_xcomargs.py
[2023-03-01T15:30:35.427+0000] {processor.py:743} INFO - Processing file /home/airflow/.local/lib/python3.7/site-packages/airflow/example_dags/example_xcomargs.py for tasks to queue
[2023-03-01T15:30:35.428+0000] {logging_mixin.py:137} INFO - [2023-03-01T15:30:35.427+0000] {dagbag.py:538} INFO - Filling up the DagBag from /home/airflow/.local/lib/python3.7/site-packages/airflow/example_dags/example_xcomargs.py
[2023-03-01T15:30:35.445+0000] {processor.py:753} INFO - DAG(s) dict_keys(['example_xcom_args', 'example_xcom_args_with_operators']) retrieved from /home/airflow/.local/lib/python3.7/site-packages/airflow/example_dags/example_xcomargs.py
[2023-03-01T15:30:35.470+0000] {logging_mixin.py:137} INFO - [2023-03-01T15:30:35.469+0000] {dag.py:2690} INFO - Sync 2 DAGs
[2023-03-01T15:30:35.492+0000] {logging_mixin.py:137} INFO - [2023-03-01T15:30:35.492+0000] {dag.py:3441} INFO - Setting next_dagrun for example_xcom_args to None, run_after=None
[2023-03-01T15:30:35.495+0000] {logging_mixin.py:137} INFO - [2023-03-01T15:30:35.495+0000] {dag.py:3441} INFO - Setting next_dagrun for example_xcom_args_with_operators to None, run_after=None
[2023-03-01T15:30:35.513+0000] {processor.py:175} INFO - Processing /home/airflow/.local/lib/python3.7/site-packages/airflow/example_dags/example_xcomargs.py took 0.089 seconds
[2023-03-01T15:31:06.210+0000] {processor.py:153} INFO - Started process (PID=2322) to work on /home/airflow/.local/lib/python3.7/site-packages/airflow/example_dags/example_xcomargs.py
[2023-03-01T15:31:06.211+0000] {processor.py:743} INFO - Processing file /home/airflow/.local/lib/python3.7/site-packages/airflow/example_dags/example_xcomargs.py for tasks to queue
[2023-03-01T15:31:06.211+0000] {logging_mixin.py:137} INFO - [2023-03-01T15:31:06.211+0000] {dagbag.py:538} INFO - Filling up the DagBag from /home/airflow/.local/lib/python3.7/site-packages/airflow/example_dags/example_xcomargs.py
[2023-03-01T15:31:06.240+0000] {processor.py:753} INFO - DAG(s) dict_keys(['example_xcom_args', 'example_xcom_args_with_operators']) retrieved from /home/airflow/.local/lib/python3.7/site-packages/airflow/example_dags/example_xcomargs.py
[2023-03-01T15:31:06.296+0000] {logging_mixin.py:137} INFO - [2023-03-01T15:31:06.295+0000] {dag.py:2690} INFO - Sync 2 DAGs
[2023-03-01T15:31:06.340+0000] {logging_mixin.py:137} INFO - [2023-03-01T15:31:06.339+0000] {dag.py:3441} INFO - Setting next_dagrun for example_xcom_args to None, run_after=None
[2023-03-01T15:31:06.343+0000] {logging_mixin.py:137} INFO - [2023-03-01T15:31:06.343+0000] {dag.py:3441} INFO - Setting next_dagrun for example_xcom_args_with_operators to None, run_after=None
[2023-03-01T15:31:06.365+0000] {processor.py:175} INFO - Processing /home/airflow/.local/lib/python3.7/site-packages/airflow/example_dags/example_xcomargs.py took 0.158 seconds
[2023-03-01T15:31:36.833+0000] {processor.py:153} INFO - Started process (PID=2412) to work on /home/airflow/.local/lib/python3.7/site-packages/airflow/example_dags/example_xcomargs.py
[2023-03-01T15:31:36.833+0000] {processor.py:743} INFO - Processing file /home/airflow/.local/lib/python3.7/site-packages/airflow/example_dags/example_xcomargs.py for tasks to queue
[2023-03-01T15:31:36.834+0000] {logging_mixin.py:137} INFO - [2023-03-01T15:31:36.834+0000] {dagbag.py:538} INFO - Filling up the DagBag from /home/airflow/.local/lib/python3.7/site-packages/airflow/example_dags/example_xcomargs.py
[2023-03-01T15:31:36.852+0000] {processor.py:753} INFO - DAG(s) dict_keys(['example_xcom_args_with_operators', 'example_xcom_args']) retrieved from /home/airflow/.local/lib/python3.7/site-packages/airflow/example_dags/example_xcomargs.py
[2023-03-01T15:31:36.880+0000] {logging_mixin.py:137} INFO - [2023-03-01T15:31:36.880+0000] {dag.py:2690} INFO - Sync 2 DAGs
[2023-03-01T15:31:36.907+0000] {logging_mixin.py:137} INFO - [2023-03-01T15:31:36.907+0000] {dag.py:3441} INFO - Setting next_dagrun for example_xcom_args to None, run_after=None
[2023-03-01T15:31:36.910+0000] {logging_mixin.py:137} INFO - [2023-03-01T15:31:36.910+0000] {dag.py:3441} INFO - Setting next_dagrun for example_xcom_args_with_operators to None, run_after=None
[2023-03-01T15:31:36.927+0000] {processor.py:175} INFO - Processing /home/airflow/.local/lib/python3.7/site-packages/airflow/example_dags/example_xcomargs.py took 0.097 seconds
[2023-03-01T15:32:07.507+0000] {processor.py:153} INFO - Started process (PID=2511) to work on /home/airflow/.local/lib/python3.7/site-packages/airflow/example_dags/example_xcomargs.py
[2023-03-01T15:32:07.507+0000] {processor.py:743} INFO - Processing file /home/airflow/.local/lib/python3.7/site-packages/airflow/example_dags/example_xcomargs.py for tasks to queue
[2023-03-01T15:32:07.508+0000] {logging_mixin.py:137} INFO - [2023-03-01T15:32:07.508+0000] {dagbag.py:538} INFO - Filling up the DagBag from /home/airflow/.local/lib/python3.7/site-packages/airflow/example_dags/example_xcomargs.py
[2023-03-01T15:32:07.527+0000] {processor.py:753} INFO - DAG(s) dict_keys(['example_xcom_args', 'example_xcom_args_with_operators']) retrieved from /home/airflow/.local/lib/python3.7/site-packages/airflow/example_dags/example_xcomargs.py
[2023-03-01T15:32:07.555+0000] {logging_mixin.py:137} INFO - [2023-03-01T15:32:07.555+0000] {dag.py:2690} INFO - Sync 2 DAGs
[2023-03-01T15:32:07.583+0000] {logging_mixin.py:137} INFO - [2023-03-01T15:32:07.583+0000] {dag.py:3441} INFO - Setting next_dagrun for example_xcom_args to None, run_after=None
[2023-03-01T15:32:07.587+0000] {logging_mixin.py:137} INFO - [2023-03-01T15:32:07.587+0000] {dag.py:3441} INFO - Setting next_dagrun for example_xcom_args_with_operators to None, run_after=None
[2023-03-01T15:32:07.609+0000] {processor.py:175} INFO - Processing /home/airflow/.local/lib/python3.7/site-packages/airflow/example_dags/example_xcomargs.py took 0.105 seconds
[2023-03-01T15:32:38.100+0000] {processor.py:153} INFO - Started process (PID=2590) to work on /home/airflow/.local/lib/python3.7/site-packages/airflow/example_dags/example_xcomargs.py
[2023-03-01T15:32:38.100+0000] {processor.py:743} INFO - Processing file /home/airflow/.local/lib/python3.7/site-packages/airflow/example_dags/example_xcomargs.py for tasks to queue
[2023-03-01T15:32:38.101+0000] {logging_mixin.py:137} INFO - [2023-03-01T15:32:38.101+0000] {dagbag.py:538} INFO - Filling up the DagBag from /home/airflow/.local/lib/python3.7/site-packages/airflow/example_dags/example_xcomargs.py
[2023-03-01T15:32:38.118+0000] {processor.py:753} INFO - DAG(s) dict_keys(['example_xcom_args', 'example_xcom_args_with_operators']) retrieved from /home/airflow/.local/lib/python3.7/site-packages/airflow/example_dags/example_xcomargs.py
[2023-03-01T15:32:38.143+0000] {logging_mixin.py:137} INFO - [2023-03-01T15:32:38.143+0000] {dag.py:2690} INFO - Sync 2 DAGs
[2023-03-01T15:32:38.167+0000] {logging_mixin.py:137} INFO - [2023-03-01T15:32:38.167+0000] {dag.py:3441} INFO - Setting next_dagrun for example_xcom_args to None, run_after=None
[2023-03-01T15:32:38.170+0000] {logging_mixin.py:137} INFO - [2023-03-01T15:32:38.170+0000] {dag.py:3441} INFO - Setting next_dagrun for example_xcom_args_with_operators to None, run_after=None
[2023-03-01T15:32:38.186+0000] {processor.py:175} INFO - Processing /home/airflow/.local/lib/python3.7/site-packages/airflow/example_dags/example_xcomargs.py took 0.089 seconds
[2023-03-01T15:33:08.850+0000] {processor.py:153} INFO - Started process (PID=2689) to work on /home/airflow/.local/lib/python3.7/site-packages/airflow/example_dags/example_xcomargs.py
[2023-03-01T15:33:08.851+0000] {processor.py:743} INFO - Processing file /home/airflow/.local/lib/python3.7/site-packages/airflow/example_dags/example_xcomargs.py for tasks to queue
[2023-03-01T15:33:08.851+0000] {logging_mixin.py:137} INFO - [2023-03-01T15:33:08.851+0000] {dagbag.py:538} INFO - Filling up the DagBag from /home/airflow/.local/lib/python3.7/site-packages/airflow/example_dags/example_xcomargs.py
[2023-03-01T15:33:08.870+0000] {processor.py:753} INFO - DAG(s) dict_keys(['example_xcom_args_with_operators', 'example_xcom_args']) retrieved from /home/airflow/.local/lib/python3.7/site-packages/airflow/example_dags/example_xcomargs.py
[2023-03-01T15:33:08.898+0000] {logging_mixin.py:137} INFO - [2023-03-01T15:33:08.897+0000] {dag.py:2690} INFO - Sync 2 DAGs
[2023-03-01T15:33:08.921+0000] {logging_mixin.py:137} INFO - [2023-03-01T15:33:08.920+0000] {dag.py:3441} INFO - Setting next_dagrun for example_xcom_args to None, run_after=None
[2023-03-01T15:33:08.924+0000] {logging_mixin.py:137} INFO - [2023-03-01T15:33:08.924+0000] {dag.py:3441} INFO - Setting next_dagrun for example_xcom_args_with_operators to None, run_after=None
[2023-03-01T15:33:08.942+0000] {processor.py:175} INFO - Processing /home/airflow/.local/lib/python3.7/site-packages/airflow/example_dags/example_xcomargs.py took 0.094 seconds
[2023-03-01T15:33:39.193+0000] {processor.py:153} INFO - Started process (PID=2768) to work on /home/airflow/.local/lib/python3.7/site-packages/airflow/example_dags/example_xcomargs.py
[2023-03-01T15:33:39.193+0000] {processor.py:743} INFO - Processing file /home/airflow/.local/lib/python3.7/site-packages/airflow/example_dags/example_xcomargs.py for tasks to queue
[2023-03-01T15:33:39.194+0000] {logging_mixin.py:137} INFO - [2023-03-01T15:33:39.194+0000] {dagbag.py:538} INFO - Filling up the DagBag from /home/airflow/.local/lib/python3.7/site-packages/airflow/example_dags/example_xcomargs.py
[2023-03-01T15:33:39.211+0000] {processor.py:753} INFO - DAG(s) dict_keys(['example_xcom_args_with_operators', 'example_xcom_args']) retrieved from /home/airflow/.local/lib/python3.7/site-packages/airflow/example_dags/example_xcomargs.py
[2023-03-01T15:33:39.235+0000] {logging_mixin.py:137} INFO - [2023-03-01T15:33:39.235+0000] {dag.py:2690} INFO - Sync 2 DAGs
[2023-03-01T15:33:39.261+0000] {logging_mixin.py:137} INFO - [2023-03-01T15:33:39.261+0000] {dag.py:3441} INFO - Setting next_dagrun for example_xcom_args to None, run_after=None
[2023-03-01T15:33:39.264+0000] {logging_mixin.py:137} INFO - [2023-03-01T15:33:39.264+0000] {dag.py:3441} INFO - Setting next_dagrun for example_xcom_args_with_operators to None, run_after=None
[2023-03-01T15:33:39.281+0000] {processor.py:175} INFO - Processing /home/airflow/.local/lib/python3.7/site-packages/airflow/example_dags/example_xcomargs.py took 0.091 seconds
[2023-03-01T15:34:10.196+0000] {processor.py:153} INFO - Started process (PID=2866) to work on /home/airflow/.local/lib/python3.7/site-packages/airflow/example_dags/example_xcomargs.py
[2023-03-01T15:34:10.196+0000] {processor.py:743} INFO - Processing file /home/airflow/.local/lib/python3.7/site-packages/airflow/example_dags/example_xcomargs.py for tasks to queue
[2023-03-01T15:34:10.197+0000] {logging_mixin.py:137} INFO - [2023-03-01T15:34:10.197+0000] {dagbag.py:538} INFO - Filling up the DagBag from /home/airflow/.local/lib/python3.7/site-packages/airflow/example_dags/example_xcomargs.py
[2023-03-01T15:34:10.218+0000] {processor.py:753} INFO - DAG(s) dict_keys(['example_xcom_args_with_operators', 'example_xcom_args']) retrieved from /home/airflow/.local/lib/python3.7/site-packages/airflow/example_dags/example_xcomargs.py
[2023-03-01T15:34:10.242+0000] {logging_mixin.py:137} INFO - [2023-03-01T15:34:10.242+0000] {dag.py:2690} INFO - Sync 2 DAGs
[2023-03-01T15:34:10.266+0000] {logging_mixin.py:137} INFO - [2023-03-01T15:34:10.266+0000] {dag.py:3441} INFO - Setting next_dagrun for example_xcom_args to None, run_after=None
[2023-03-01T15:34:10.269+0000] {logging_mixin.py:137} INFO - [2023-03-01T15:34:10.269+0000] {dag.py:3441} INFO - Setting next_dagrun for example_xcom_args_with_operators to None, run_after=None
[2023-03-01T15:34:10.285+0000] {processor.py:175} INFO - Processing /home/airflow/.local/lib/python3.7/site-packages/airflow/example_dags/example_xcomargs.py took 0.092 seconds
[2023-03-01T15:34:40.800+0000] {processor.py:153} INFO - Started process (PID=2946) to work on /home/airflow/.local/lib/python3.7/site-packages/airflow/example_dags/example_xcomargs.py
[2023-03-01T15:34:40.801+0000] {processor.py:743} INFO - Processing file /home/airflow/.local/lib/python3.7/site-packages/airflow/example_dags/example_xcomargs.py for tasks to queue
[2023-03-01T15:34:40.802+0000] {logging_mixin.py:137} INFO - [2023-03-01T15:34:40.801+0000] {dagbag.py:538} INFO - Filling up the DagBag from /home/airflow/.local/lib/python3.7/site-packages/airflow/example_dags/example_xcomargs.py
[2023-03-01T15:34:40.821+0000] {processor.py:753} INFO - DAG(s) dict_keys(['example_xcom_args_with_operators', 'example_xcom_args']) retrieved from /home/airflow/.local/lib/python3.7/site-packages/airflow/example_dags/example_xcomargs.py
[2023-03-01T15:34:40.849+0000] {logging_mixin.py:137} INFO - [2023-03-01T15:34:40.849+0000] {dag.py:2690} INFO - Sync 2 DAGs
[2023-03-01T15:34:40.873+0000] {logging_mixin.py:137} INFO - [2023-03-01T15:34:40.873+0000] {dag.py:3441} INFO - Setting next_dagrun for example_xcom_args to None, run_after=None
[2023-03-01T15:34:40.876+0000] {logging_mixin.py:137} INFO - [2023-03-01T15:34:40.876+0000] {dag.py:3441} INFO - Setting next_dagrun for example_xcom_args_with_operators to None, run_after=None
[2023-03-01T15:34:40.894+0000] {processor.py:175} INFO - Processing /home/airflow/.local/lib/python3.7/site-packages/airflow/example_dags/example_xcomargs.py took 0.096 seconds
[2023-03-01T15:35:11.284+0000] {processor.py:153} INFO - Started process (PID=3045) to work on /home/airflow/.local/lib/python3.7/site-packages/airflow/example_dags/example_xcomargs.py
[2023-03-01T15:35:11.285+0000] {processor.py:743} INFO - Processing file /home/airflow/.local/lib/python3.7/site-packages/airflow/example_dags/example_xcomargs.py for tasks to queue
[2023-03-01T15:35:11.285+0000] {logging_mixin.py:137} INFO - [2023-03-01T15:35:11.285+0000] {dagbag.py:538} INFO - Filling up the DagBag from /home/airflow/.local/lib/python3.7/site-packages/airflow/example_dags/example_xcomargs.py
[2023-03-01T15:35:11.303+0000] {processor.py:753} INFO - DAG(s) dict_keys(['example_xcom_args_with_operators', 'example_xcom_args']) retrieved from /home/airflow/.local/lib/python3.7/site-packages/airflow/example_dags/example_xcomargs.py
[2023-03-01T15:35:11.329+0000] {logging_mixin.py:137} INFO - [2023-03-01T15:35:11.328+0000] {dag.py:2690} INFO - Sync 2 DAGs
[2023-03-01T15:35:11.352+0000] {logging_mixin.py:137} INFO - [2023-03-01T15:35:11.352+0000] {dag.py:3441} INFO - Setting next_dagrun for example_xcom_args to None, run_after=None
[2023-03-01T15:35:11.356+0000] {logging_mixin.py:137} INFO - [2023-03-01T15:35:11.356+0000] {dag.py:3441} INFO - Setting next_dagrun for example_xcom_args_with_operators to None, run_after=None
[2023-03-01T15:35:11.377+0000] {processor.py:175} INFO - Processing /home/airflow/.local/lib/python3.7/site-packages/airflow/example_dags/example_xcomargs.py took 0.095 seconds
[2023-03-01T15:35:41.657+0000] {processor.py:153} INFO - Started process (PID=3124) to work on /home/airflow/.local/lib/python3.7/site-packages/airflow/example_dags/example_xcomargs.py
[2023-03-01T15:35:41.657+0000] {processor.py:743} INFO - Processing file /home/airflow/.local/lib/python3.7/site-packages/airflow/example_dags/example_xcomargs.py for tasks to queue
[2023-03-01T15:35:41.658+0000] {logging_mixin.py:137} INFO - [2023-03-01T15:35:41.658+0000] {dagbag.py:538} INFO - Filling up the DagBag from /home/airflow/.local/lib/python3.7/site-packages/airflow/example_dags/example_xcomargs.py
[2023-03-01T15:35:41.680+0000] {processor.py:753} INFO - DAG(s) dict_keys(['example_xcom_args_with_operators', 'example_xcom_args']) retrieved from /home/airflow/.local/lib/python3.7/site-packages/airflow/example_dags/example_xcomargs.py
[2023-03-01T15:35:41.714+0000] {logging_mixin.py:137} INFO - [2023-03-01T15:35:41.713+0000] {dag.py:2690} INFO - Sync 2 DAGs
[2023-03-01T15:35:41.742+0000] {logging_mixin.py:137} INFO - [2023-03-01T15:35:41.742+0000] {dag.py:3441} INFO - Setting next_dagrun for example_xcom_args to None, run_after=None
[2023-03-01T15:35:41.748+0000] {logging_mixin.py:137} INFO - [2023-03-01T15:35:41.748+0000] {dag.py:3441} INFO - Setting next_dagrun for example_xcom_args_with_operators to None, run_after=None
[2023-03-01T15:35:41.771+0000] {processor.py:175} INFO - Processing /home/airflow/.local/lib/python3.7/site-packages/airflow/example_dags/example_xcomargs.py took 0.117 seconds
[2023-03-01T15:36:12.448+0000] {processor.py:153} INFO - Started process (PID=3223) to work on /home/airflow/.local/lib/python3.7/site-packages/airflow/example_dags/example_xcomargs.py
[2023-03-01T15:36:12.449+0000] {processor.py:743} INFO - Processing file /home/airflow/.local/lib/python3.7/site-packages/airflow/example_dags/example_xcomargs.py for tasks to queue
[2023-03-01T15:36:12.449+0000] {logging_mixin.py:137} INFO - [2023-03-01T15:36:12.449+0000] {dagbag.py:538} INFO - Filling up the DagBag from /home/airflow/.local/lib/python3.7/site-packages/airflow/example_dags/example_xcomargs.py
[2023-03-01T15:36:12.467+0000] {processor.py:753} INFO - DAG(s) dict_keys(['example_xcom_args_with_operators', 'example_xcom_args']) retrieved from /home/airflow/.local/lib/python3.7/site-packages/airflow/example_dags/example_xcomargs.py
[2023-03-01T15:36:12.491+0000] {logging_mixin.py:137} INFO - [2023-03-01T15:36:12.491+0000] {dag.py:2690} INFO - Sync 2 DAGs
[2023-03-01T15:36:12.515+0000] {logging_mixin.py:137} INFO - [2023-03-01T15:36:12.515+0000] {dag.py:3441} INFO - Setting next_dagrun for example_xcom_args to None, run_after=None
[2023-03-01T15:36:12.518+0000] {logging_mixin.py:137} INFO - [2023-03-01T15:36:12.518+0000] {dag.py:3441} INFO - Setting next_dagrun for example_xcom_args_with_operators to None, run_after=None
[2023-03-01T15:36:12.535+0000] {processor.py:175} INFO - Processing /home/airflow/.local/lib/python3.7/site-packages/airflow/example_dags/example_xcomargs.py took 0.089 seconds
[2023-03-01T15:36:42.924+0000] {processor.py:153} INFO - Started process (PID=3302) to work on /home/airflow/.local/lib/python3.7/site-packages/airflow/example_dags/example_xcomargs.py
[2023-03-01T15:36:42.925+0000] {processor.py:743} INFO - Processing file /home/airflow/.local/lib/python3.7/site-packages/airflow/example_dags/example_xcomargs.py for tasks to queue
[2023-03-01T15:36:42.925+0000] {logging_mixin.py:137} INFO - [2023-03-01T15:36:42.925+0000] {dagbag.py:538} INFO - Filling up the DagBag from /home/airflow/.local/lib/python3.7/site-packages/airflow/example_dags/example_xcomargs.py
[2023-03-01T15:36:42.943+0000] {processor.py:753} INFO - DAG(s) dict_keys(['example_xcom_args', 'example_xcom_args_with_operators']) retrieved from /home/airflow/.local/lib/python3.7/site-packages/airflow/example_dags/example_xcomargs.py
[2023-03-01T15:36:42.969+0000] {logging_mixin.py:137} INFO - [2023-03-01T15:36:42.969+0000] {dag.py:2690} INFO - Sync 2 DAGs
[2023-03-01T15:36:42.992+0000] {logging_mixin.py:137} INFO - [2023-03-01T15:36:42.992+0000] {dag.py:3441} INFO - Setting next_dagrun for example_xcom_args to None, run_after=None
[2023-03-01T15:36:42.995+0000] {logging_mixin.py:137} INFO - [2023-03-01T15:36:42.995+0000] {dag.py:3441} INFO - Setting next_dagrun for example_xcom_args_with_operators to None, run_after=None
[2023-03-01T15:36:43.014+0000] {processor.py:175} INFO - Processing /home/airflow/.local/lib/python3.7/site-packages/airflow/example_dags/example_xcomargs.py took 0.093 seconds
[2023-03-01T15:37:13.781+0000] {processor.py:153} INFO - Started process (PID=3401) to work on /home/airflow/.local/lib/python3.7/site-packages/airflow/example_dags/example_xcomargs.py
[2023-03-01T15:37:13.782+0000] {processor.py:743} INFO - Processing file /home/airflow/.local/lib/python3.7/site-packages/airflow/example_dags/example_xcomargs.py for tasks to queue
[2023-03-01T15:37:13.782+0000] {logging_mixin.py:137} INFO - [2023-03-01T15:37:13.782+0000] {dagbag.py:538} INFO - Filling up the DagBag from /home/airflow/.local/lib/python3.7/site-packages/airflow/example_dags/example_xcomargs.py
[2023-03-01T15:37:13.800+0000] {processor.py:753} INFO - DAG(s) dict_keys(['example_xcom_args', 'example_xcom_args_with_operators']) retrieved from /home/airflow/.local/lib/python3.7/site-packages/airflow/example_dags/example_xcomargs.py
[2023-03-01T15:37:13.826+0000] {logging_mixin.py:137} INFO - [2023-03-01T15:37:13.826+0000] {dag.py:2690} INFO - Sync 2 DAGs
[2023-03-01T15:37:13.849+0000] {logging_mixin.py:137} INFO - [2023-03-01T15:37:13.849+0000] {dag.py:3441} INFO - Setting next_dagrun for example_xcom_args to None, run_after=None
[2023-03-01T15:37:13.852+0000] {logging_mixin.py:137} INFO - [2023-03-01T15:37:13.852+0000] {dag.py:3441} INFO - Setting next_dagrun for example_xcom_args_with_operators to None, run_after=None
[2023-03-01T15:37:13.869+0000] {processor.py:175} INFO - Processing /home/airflow/.local/lib/python3.7/site-packages/airflow/example_dags/example_xcomargs.py took 0.090 seconds
[2023-03-01T15:37:44.378+0000] {processor.py:153} INFO - Started process (PID=3480) to work on /home/airflow/.local/lib/python3.7/site-packages/airflow/example_dags/example_xcomargs.py
[2023-03-01T15:37:44.379+0000] {processor.py:743} INFO - Processing file /home/airflow/.local/lib/python3.7/site-packages/airflow/example_dags/example_xcomargs.py for tasks to queue
[2023-03-01T15:37:44.379+0000] {logging_mixin.py:137} INFO - [2023-03-01T15:37:44.379+0000] {dagbag.py:538} INFO - Filling up the DagBag from /home/airflow/.local/lib/python3.7/site-packages/airflow/example_dags/example_xcomargs.py
[2023-03-01T15:37:44.399+0000] {processor.py:753} INFO - DAG(s) dict_keys(['example_xcom_args', 'example_xcom_args_with_operators']) retrieved from /home/airflow/.local/lib/python3.7/site-packages/airflow/example_dags/example_xcomargs.py
[2023-03-01T15:37:44.426+0000] {logging_mixin.py:137} INFO - [2023-03-01T15:37:44.426+0000] {dag.py:2690} INFO - Sync 2 DAGs
[2023-03-01T15:37:44.451+0000] {logging_mixin.py:137} INFO - [2023-03-01T15:37:44.451+0000] {dag.py:3441} INFO - Setting next_dagrun for example_xcom_args to None, run_after=None
[2023-03-01T15:37:44.455+0000] {logging_mixin.py:137} INFO - [2023-03-01T15:37:44.454+0000] {dag.py:3441} INFO - Setting next_dagrun for example_xcom_args_with_operators to None, run_after=None
[2023-03-01T15:37:44.472+0000] {processor.py:175} INFO - Processing /home/airflow/.local/lib/python3.7/site-packages/airflow/example_dags/example_xcomargs.py took 0.096 seconds
[2023-03-01T15:38:14.996+0000] {processor.py:153} INFO - Started process (PID=3579) to work on /home/airflow/.local/lib/python3.7/site-packages/airflow/example_dags/example_xcomargs.py
[2023-03-01T15:38:14.997+0000] {processor.py:743} INFO - Processing file /home/airflow/.local/lib/python3.7/site-packages/airflow/example_dags/example_xcomargs.py for tasks to queue
[2023-03-01T15:38:14.997+0000] {logging_mixin.py:137} INFO - [2023-03-01T15:38:14.997+0000] {dagbag.py:538} INFO - Filling up the DagBag from /home/airflow/.local/lib/python3.7/site-packages/airflow/example_dags/example_xcomargs.py
[2023-03-01T15:38:15.016+0000] {processor.py:753} INFO - DAG(s) dict_keys(['example_xcom_args', 'example_xcom_args_with_operators']) retrieved from /home/airflow/.local/lib/python3.7/site-packages/airflow/example_dags/example_xcomargs.py
[2023-03-01T15:38:15.041+0000] {logging_mixin.py:137} INFO - [2023-03-01T15:38:15.040+0000] {dag.py:2690} INFO - Sync 2 DAGs
[2023-03-01T15:38:15.062+0000] {logging_mixin.py:137} INFO - [2023-03-01T15:38:15.062+0000] {dag.py:3441} INFO - Setting next_dagrun for example_xcom_args to None, run_after=None
[2023-03-01T15:38:15.065+0000] {logging_mixin.py:137} INFO - [2023-03-01T15:38:15.065+0000] {dag.py:3441} INFO - Setting next_dagrun for example_xcom_args_with_operators to None, run_after=None
[2023-03-01T15:38:15.082+0000] {processor.py:175} INFO - Processing /home/airflow/.local/lib/python3.7/site-packages/airflow/example_dags/example_xcomargs.py took 0.088 seconds
[2023-03-01T15:38:45.611+0000] {processor.py:153} INFO - Started process (PID=3668) to work on /home/airflow/.local/lib/python3.7/site-packages/airflow/example_dags/example_xcomargs.py
[2023-03-01T15:38:45.612+0000] {processor.py:743} INFO - Processing file /home/airflow/.local/lib/python3.7/site-packages/airflow/example_dags/example_xcomargs.py for tasks to queue
[2023-03-01T15:38:45.613+0000] {logging_mixin.py:137} INFO - [2023-03-01T15:38:45.613+0000] {dagbag.py:538} INFO - Filling up the DagBag from /home/airflow/.local/lib/python3.7/site-packages/airflow/example_dags/example_xcomargs.py
[2023-03-01T15:38:45.637+0000] {processor.py:753} INFO - DAG(s) dict_keys(['example_xcom_args', 'example_xcom_args_with_operators']) retrieved from /home/airflow/.local/lib/python3.7/site-packages/airflow/example_dags/example_xcomargs.py
[2023-03-01T15:38:45.701+0000] {logging_mixin.py:137} INFO - [2023-03-01T15:38:45.701+0000] {dag.py:2690} INFO - Sync 2 DAGs
[2023-03-01T15:38:45.726+0000] {logging_mixin.py:137} INFO - [2023-03-01T15:38:45.725+0000] {dag.py:3441} INFO - Setting next_dagrun for example_xcom_args to None, run_after=None
[2023-03-01T15:38:45.731+0000] {logging_mixin.py:137} INFO - [2023-03-01T15:38:45.731+0000] {dag.py:3441} INFO - Setting next_dagrun for example_xcom_args_with_operators to None, run_after=None
[2023-03-01T15:38:45.756+0000] {processor.py:175} INFO - Processing /home/airflow/.local/lib/python3.7/site-packages/airflow/example_dags/example_xcomargs.py took 0.147 seconds
[2023-03-01T15:39:15.870+0000] {processor.py:153} INFO - Started process (PID=3758) to work on /home/airflow/.local/lib/python3.7/site-packages/airflow/example_dags/example_xcomargs.py
[2023-03-01T15:39:15.870+0000] {processor.py:743} INFO - Processing file /home/airflow/.local/lib/python3.7/site-packages/airflow/example_dags/example_xcomargs.py for tasks to queue
[2023-03-01T15:39:15.871+0000] {logging_mixin.py:137} INFO - [2023-03-01T15:39:15.871+0000] {dagbag.py:538} INFO - Filling up the DagBag from /home/airflow/.local/lib/python3.7/site-packages/airflow/example_dags/example_xcomargs.py
[2023-03-01T15:39:15.889+0000] {processor.py:753} INFO - DAG(s) dict_keys(['example_xcom_args', 'example_xcom_args_with_operators']) retrieved from /home/airflow/.local/lib/python3.7/site-packages/airflow/example_dags/example_xcomargs.py
[2023-03-01T15:39:15.913+0000] {logging_mixin.py:137} INFO - [2023-03-01T15:39:15.913+0000] {dag.py:2690} INFO - Sync 2 DAGs
[2023-03-01T15:39:15.936+0000] {logging_mixin.py:137} INFO - [2023-03-01T15:39:15.936+0000] {dag.py:3441} INFO - Setting next_dagrun for example_xcom_args to None, run_after=None
[2023-03-01T15:39:15.939+0000] {logging_mixin.py:137} INFO - [2023-03-01T15:39:15.939+0000] {dag.py:3441} INFO - Setting next_dagrun for example_xcom_args_with_operators to None, run_after=None
[2023-03-01T15:39:15.959+0000] {processor.py:175} INFO - Processing /home/airflow/.local/lib/python3.7/site-packages/airflow/example_dags/example_xcomargs.py took 0.091 seconds
[2023-03-01T15:39:46.671+0000] {processor.py:153} INFO - Started process (PID=3857) to work on /home/airflow/.local/lib/python3.7/site-packages/airflow/example_dags/example_xcomargs.py
[2023-03-01T15:39:46.680+0000] {processor.py:743} INFO - Processing file /home/airflow/.local/lib/python3.7/site-packages/airflow/example_dags/example_xcomargs.py for tasks to queue
[2023-03-01T15:39:46.681+0000] {logging_mixin.py:137} INFO - [2023-03-01T15:39:46.681+0000] {dagbag.py:538} INFO - Filling up the DagBag from /home/airflow/.local/lib/python3.7/site-packages/airflow/example_dags/example_xcomargs.py
[2023-03-01T15:39:46.726+0000] {processor.py:753} INFO - DAG(s) dict_keys(['example_xcom_args_with_operators', 'example_xcom_args']) retrieved from /home/airflow/.local/lib/python3.7/site-packages/airflow/example_dags/example_xcomargs.py
[2023-03-01T15:39:46.770+0000] {logging_mixin.py:137} INFO - [2023-03-01T15:39:46.770+0000] {dag.py:2690} INFO - Sync 2 DAGs
[2023-03-01T15:39:46.810+0000] {logging_mixin.py:137} INFO - [2023-03-01T15:39:46.810+0000] {dag.py:3441} INFO - Setting next_dagrun for example_xcom_args to None, run_after=None
[2023-03-01T15:39:46.813+0000] {logging_mixin.py:137} INFO - [2023-03-01T15:39:46.813+0000] {dag.py:3441} INFO - Setting next_dagrun for example_xcom_args_with_operators to None, run_after=None
[2023-03-01T15:39:46.831+0000] {processor.py:175} INFO - Processing /home/airflow/.local/lib/python3.7/site-packages/airflow/example_dags/example_xcomargs.py took 0.164 seconds
[2023-03-01T15:40:17.207+0000] {processor.py:153} INFO - Started process (PID=3936) to work on /home/airflow/.local/lib/python3.7/site-packages/airflow/example_dags/example_xcomargs.py
[2023-03-01T15:40:17.208+0000] {processor.py:743} INFO - Processing file /home/airflow/.local/lib/python3.7/site-packages/airflow/example_dags/example_xcomargs.py for tasks to queue
[2023-03-01T15:40:17.208+0000] {logging_mixin.py:137} INFO - [2023-03-01T15:40:17.208+0000] {dagbag.py:538} INFO - Filling up the DagBag from /home/airflow/.local/lib/python3.7/site-packages/airflow/example_dags/example_xcomargs.py
[2023-03-01T15:40:17.226+0000] {processor.py:753} INFO - DAG(s) dict_keys(['example_xcom_args', 'example_xcom_args_with_operators']) retrieved from /home/airflow/.local/lib/python3.7/site-packages/airflow/example_dags/example_xcomargs.py
[2023-03-01T15:40:17.251+0000] {logging_mixin.py:137} INFO - [2023-03-01T15:40:17.250+0000] {dag.py:2690} INFO - Sync 2 DAGs
[2023-03-01T15:40:17.274+0000] {logging_mixin.py:137} INFO - [2023-03-01T15:40:17.274+0000] {dag.py:3441} INFO - Setting next_dagrun for example_xcom_args to None, run_after=None
[2023-03-01T15:40:17.277+0000] {logging_mixin.py:137} INFO - [2023-03-01T15:40:17.277+0000] {dag.py:3441} INFO - Setting next_dagrun for example_xcom_args_with_operators to None, run_after=None
[2023-03-01T15:40:17.293+0000] {processor.py:175} INFO - Processing /home/airflow/.local/lib/python3.7/site-packages/airflow/example_dags/example_xcomargs.py took 0.088 seconds
[2023-03-01T15:40:47.925+0000] {processor.py:153} INFO - Started process (PID=4035) to work on /home/airflow/.local/lib/python3.7/site-packages/airflow/example_dags/example_xcomargs.py
[2023-03-01T15:40:47.926+0000] {processor.py:743} INFO - Processing file /home/airflow/.local/lib/python3.7/site-packages/airflow/example_dags/example_xcomargs.py for tasks to queue
[2023-03-01T15:40:47.927+0000] {logging_mixin.py:137} INFO - [2023-03-01T15:40:47.926+0000] {dagbag.py:538} INFO - Filling up the DagBag from /home/airflow/.local/lib/python3.7/site-packages/airflow/example_dags/example_xcomargs.py
[2023-03-01T15:40:47.949+0000] {processor.py:753} INFO - DAG(s) dict_keys(['example_xcom_args', 'example_xcom_args_with_operators']) retrieved from /home/airflow/.local/lib/python3.7/site-packages/airflow/example_dags/example_xcomargs.py
[2023-03-01T15:40:47.976+0000] {logging_mixin.py:137} INFO - [2023-03-01T15:40:47.976+0000] {dag.py:2690} INFO - Sync 2 DAGs
[2023-03-01T15:40:48.002+0000] {logging_mixin.py:137} INFO - [2023-03-01T15:40:48.002+0000] {dag.py:3441} INFO - Setting next_dagrun for example_xcom_args to None, run_after=None
[2023-03-01T15:40:48.005+0000] {logging_mixin.py:137} INFO - [2023-03-01T15:40:48.005+0000] {dag.py:3441} INFO - Setting next_dagrun for example_xcom_args_with_operators to None, run_after=None
[2023-03-01T15:40:48.028+0000] {processor.py:175} INFO - Processing /home/airflow/.local/lib/python3.7/site-packages/airflow/example_dags/example_xcomargs.py took 0.105 seconds
[2023-03-01T15:41:18.655+0000] {processor.py:153} INFO - Started process (PID=4114) to work on /home/airflow/.local/lib/python3.7/site-packages/airflow/example_dags/example_xcomargs.py
[2023-03-01T15:41:18.656+0000] {processor.py:743} INFO - Processing file /home/airflow/.local/lib/python3.7/site-packages/airflow/example_dags/example_xcomargs.py for tasks to queue
[2023-03-01T15:41:18.656+0000] {logging_mixin.py:137} INFO - [2023-03-01T15:41:18.656+0000] {dagbag.py:538} INFO - Filling up the DagBag from /home/airflow/.local/lib/python3.7/site-packages/airflow/example_dags/example_xcomargs.py
[2023-03-01T15:41:18.674+0000] {processor.py:753} INFO - DAG(s) dict_keys(['example_xcom_args_with_operators', 'example_xcom_args']) retrieved from /home/airflow/.local/lib/python3.7/site-packages/airflow/example_dags/example_xcomargs.py
[2023-03-01T15:41:18.698+0000] {logging_mixin.py:137} INFO - [2023-03-01T15:41:18.698+0000] {dag.py:2690} INFO - Sync 2 DAGs
[2023-03-01T15:41:18.720+0000] {logging_mixin.py:137} INFO - [2023-03-01T15:41:18.720+0000] {dag.py:3441} INFO - Setting next_dagrun for example_xcom_args to None, run_after=None
[2023-03-01T15:41:18.724+0000] {logging_mixin.py:137} INFO - [2023-03-01T15:41:18.723+0000] {dag.py:3441} INFO - Setting next_dagrun for example_xcom_args_with_operators to None, run_after=None
[2023-03-01T15:41:18.740+0000] {processor.py:175} INFO - Processing /home/airflow/.local/lib/python3.7/site-packages/airflow/example_dags/example_xcomargs.py took 0.088 seconds
[2023-03-01T15:41:49.232+0000] {processor.py:153} INFO - Started process (PID=4213) to work on /home/airflow/.local/lib/python3.7/site-packages/airflow/example_dags/example_xcomargs.py
[2023-03-01T15:41:49.233+0000] {processor.py:743} INFO - Processing file /home/airflow/.local/lib/python3.7/site-packages/airflow/example_dags/example_xcomargs.py for tasks to queue
[2023-03-01T15:41:49.233+0000] {logging_mixin.py:137} INFO - [2023-03-01T15:41:49.233+0000] {dagbag.py:538} INFO - Filling up the DagBag from /home/airflow/.local/lib/python3.7/site-packages/airflow/example_dags/example_xcomargs.py
[2023-03-01T15:41:49.252+0000] {processor.py:753} INFO - DAG(s) dict_keys(['example_xcom_args_with_operators', 'example_xcom_args']) retrieved from /home/airflow/.local/lib/python3.7/site-packages/airflow/example_dags/example_xcomargs.py
[2023-03-01T15:41:49.277+0000] {logging_mixin.py:137} INFO - [2023-03-01T15:41:49.277+0000] {dag.py:2690} INFO - Sync 2 DAGs
[2023-03-01T15:41:49.302+0000] {logging_mixin.py:137} INFO - [2023-03-01T15:41:49.301+0000] {dag.py:3441} INFO - Setting next_dagrun for example_xcom_args to None, run_after=None
[2023-03-01T15:41:49.305+0000] {logging_mixin.py:137} INFO - [2023-03-01T15:41:49.305+0000] {dag.py:3441} INFO - Setting next_dagrun for example_xcom_args_with_operators to None, run_after=None
[2023-03-01T15:41:49.323+0000] {processor.py:175} INFO - Processing /home/airflow/.local/lib/python3.7/site-packages/airflow/example_dags/example_xcomargs.py took 0.093 seconds
[2023-03-01T15:42:19.972+0000] {processor.py:153} INFO - Started process (PID=4292) to work on /home/airflow/.local/lib/python3.7/site-packages/airflow/example_dags/example_xcomargs.py
[2023-03-01T15:42:19.972+0000] {processor.py:743} INFO - Processing file /home/airflow/.local/lib/python3.7/site-packages/airflow/example_dags/example_xcomargs.py for tasks to queue
[2023-03-01T15:42:19.973+0000] {logging_mixin.py:137} INFO - [2023-03-01T15:42:19.973+0000] {dagbag.py:538} INFO - Filling up the DagBag from /home/airflow/.local/lib/python3.7/site-packages/airflow/example_dags/example_xcomargs.py
[2023-03-01T15:42:19.990+0000] {processor.py:753} INFO - DAG(s) dict_keys(['example_xcom_args_with_operators', 'example_xcom_args']) retrieved from /home/airflow/.local/lib/python3.7/site-packages/airflow/example_dags/example_xcomargs.py
[2023-03-01T15:42:20.015+0000] {logging_mixin.py:137} INFO - [2023-03-01T15:42:20.015+0000] {dag.py:2690} INFO - Sync 2 DAGs
[2023-03-01T15:42:20.039+0000] {logging_mixin.py:137} INFO - [2023-03-01T15:42:20.039+0000] {dag.py:3441} INFO - Setting next_dagrun for example_xcom_args to None, run_after=None
[2023-03-01T15:42:20.042+0000] {logging_mixin.py:137} INFO - [2023-03-01T15:42:20.042+0000] {dag.py:3441} INFO - Setting next_dagrun for example_xcom_args_with_operators to None, run_after=None
[2023-03-01T15:42:20.058+0000] {processor.py:175} INFO - Processing /home/airflow/.local/lib/python3.7/site-packages/airflow/example_dags/example_xcomargs.py took 0.088 seconds
[2023-03-01T15:42:50.657+0000] {processor.py:153} INFO - Started process (PID=4391) to work on /home/airflow/.local/lib/python3.7/site-packages/airflow/example_dags/example_xcomargs.py
[2023-03-01T15:42:50.657+0000] {processor.py:743} INFO - Processing file /home/airflow/.local/lib/python3.7/site-packages/airflow/example_dags/example_xcomargs.py for tasks to queue
[2023-03-01T15:42:50.658+0000] {logging_mixin.py:137} INFO - [2023-03-01T15:42:50.658+0000] {dagbag.py:538} INFO - Filling up the DagBag from /home/airflow/.local/lib/python3.7/site-packages/airflow/example_dags/example_xcomargs.py
[2023-03-01T15:42:50.675+0000] {processor.py:753} INFO - DAG(s) dict_keys(['example_xcom_args', 'example_xcom_args_with_operators']) retrieved from /home/airflow/.local/lib/python3.7/site-packages/airflow/example_dags/example_xcomargs.py
[2023-03-01T15:42:50.699+0000] {logging_mixin.py:137} INFO - [2023-03-01T15:42:50.699+0000] {dag.py:2690} INFO - Sync 2 DAGs
[2023-03-01T15:42:50.722+0000] {logging_mixin.py:137} INFO - [2023-03-01T15:42:50.721+0000] {dag.py:3441} INFO - Setting next_dagrun for example_xcom_args to None, run_after=None
[2023-03-01T15:42:50.725+0000] {logging_mixin.py:137} INFO - [2023-03-01T15:42:50.725+0000] {dag.py:3441} INFO - Setting next_dagrun for example_xcom_args_with_operators to None, run_after=None
[2023-03-01T15:42:50.741+0000] {processor.py:175} INFO - Processing /home/airflow/.local/lib/python3.7/site-packages/airflow/example_dags/example_xcomargs.py took 0.087 seconds
[2023-03-01T20:03:10.434+0000] {processor.py:153} INFO - Started process (PID=96) to work on /home/airflow/.local/lib/python3.7/site-packages/airflow/example_dags/example_xcomargs.py
[2023-03-01T20:03:10.435+0000] {processor.py:743} INFO - Processing file /home/airflow/.local/lib/python3.7/site-packages/airflow/example_dags/example_xcomargs.py for tasks to queue
[2023-03-01T20:03:10.437+0000] {logging_mixin.py:137} INFO - [2023-03-01T20:03:10.437+0000] {dagbag.py:538} INFO - Filling up the DagBag from /home/airflow/.local/lib/python3.7/site-packages/airflow/example_dags/example_xcomargs.py
[2023-03-01T20:03:10.472+0000] {processor.py:753} INFO - DAG(s) dict_keys(['example_xcom_args', 'example_xcom_args_with_operators']) retrieved from /home/airflow/.local/lib/python3.7/site-packages/airflow/example_dags/example_xcomargs.py
[2023-03-01T20:03:10.492+0000] {logging_mixin.py:137} INFO - [2023-03-01T20:03:10.492+0000] {dag.py:2690} INFO - Sync 2 DAGs
[2023-03-01T20:03:10.531+0000] {logging_mixin.py:137} INFO - [2023-03-01T20:03:10.531+0000] {dag.py:3441} INFO - Setting next_dagrun for example_xcom_args to None, run_after=None
[2023-03-01T20:03:10.536+0000] {logging_mixin.py:137} INFO - [2023-03-01T20:03:10.536+0000] {dag.py:3441} INFO - Setting next_dagrun for example_xcom_args_with_operators to None, run_after=None
[2023-03-01T20:03:10.567+0000] {processor.py:175} INFO - Processing /home/airflow/.local/lib/python3.7/site-packages/airflow/example_dags/example_xcomargs.py took 0.137 seconds
[2023-03-01T20:03:41.325+0000] {processor.py:153} INFO - Started process (PID=175) to work on /home/airflow/.local/lib/python3.7/site-packages/airflow/example_dags/example_xcomargs.py
[2023-03-01T20:03:41.326+0000] {processor.py:743} INFO - Processing file /home/airflow/.local/lib/python3.7/site-packages/airflow/example_dags/example_xcomargs.py for tasks to queue
[2023-03-01T20:03:41.326+0000] {logging_mixin.py:137} INFO - [2023-03-01T20:03:41.326+0000] {dagbag.py:538} INFO - Filling up the DagBag from /home/airflow/.local/lib/python3.7/site-packages/airflow/example_dags/example_xcomargs.py
[2023-03-01T20:03:41.354+0000] {processor.py:753} INFO - DAG(s) dict_keys(['example_xcom_args_with_operators', 'example_xcom_args']) retrieved from /home/airflow/.local/lib/python3.7/site-packages/airflow/example_dags/example_xcomargs.py
[2023-03-01T20:03:41.382+0000] {logging_mixin.py:137} INFO - [2023-03-01T20:03:41.382+0000] {dag.py:2690} INFO - Sync 2 DAGs
[2023-03-01T20:03:41.406+0000] {logging_mixin.py:137} INFO - [2023-03-01T20:03:41.406+0000] {dag.py:3441} INFO - Setting next_dagrun for example_xcom_args to None, run_after=None
[2023-03-01T20:03:41.409+0000] {logging_mixin.py:137} INFO - [2023-03-01T20:03:41.409+0000] {dag.py:3441} INFO - Setting next_dagrun for example_xcom_args_with_operators to None, run_after=None
[2023-03-01T20:03:41.429+0000] {processor.py:175} INFO - Processing /home/airflow/.local/lib/python3.7/site-packages/airflow/example_dags/example_xcomargs.py took 0.106 seconds
[2023-03-01T20:04:11.877+0000] {processor.py:153} INFO - Started process (PID=263) to work on /home/airflow/.local/lib/python3.7/site-packages/airflow/example_dags/example_xcomargs.py
[2023-03-01T20:04:11.878+0000] {processor.py:743} INFO - Processing file /home/airflow/.local/lib/python3.7/site-packages/airflow/example_dags/example_xcomargs.py for tasks to queue
[2023-03-01T20:04:11.879+0000] {logging_mixin.py:137} INFO - [2023-03-01T20:04:11.879+0000] {dagbag.py:538} INFO - Filling up the DagBag from /home/airflow/.local/lib/python3.7/site-packages/airflow/example_dags/example_xcomargs.py
[2023-03-01T20:04:11.898+0000] {processor.py:753} INFO - DAG(s) dict_keys(['example_xcom_args', 'example_xcom_args_with_operators']) retrieved from /home/airflow/.local/lib/python3.7/site-packages/airflow/example_dags/example_xcomargs.py
[2023-03-01T20:04:11.925+0000] {logging_mixin.py:137} INFO - [2023-03-01T20:04:11.925+0000] {dag.py:2690} INFO - Sync 2 DAGs
[2023-03-01T20:04:11.955+0000] {logging_mixin.py:137} INFO - [2023-03-01T20:04:11.955+0000] {dag.py:3441} INFO - Setting next_dagrun for example_xcom_args to None, run_after=None
[2023-03-01T20:04:11.961+0000] {logging_mixin.py:137} INFO - [2023-03-01T20:04:11.961+0000] {dag.py:3441} INFO - Setting next_dagrun for example_xcom_args_with_operators to None, run_after=None
[2023-03-01T20:04:11.987+0000] {processor.py:175} INFO - Processing /home/airflow/.local/lib/python3.7/site-packages/airflow/example_dags/example_xcomargs.py took 0.112 seconds
[2023-03-01T20:04:42.397+0000] {processor.py:153} INFO - Started process (PID=353) to work on /home/airflow/.local/lib/python3.7/site-packages/airflow/example_dags/example_xcomargs.py
[2023-03-01T20:04:42.398+0000] {processor.py:743} INFO - Processing file /home/airflow/.local/lib/python3.7/site-packages/airflow/example_dags/example_xcomargs.py for tasks to queue
[2023-03-01T20:04:42.398+0000] {logging_mixin.py:137} INFO - [2023-03-01T20:04:42.398+0000] {dagbag.py:538} INFO - Filling up the DagBag from /home/airflow/.local/lib/python3.7/site-packages/airflow/example_dags/example_xcomargs.py
[2023-03-01T20:04:42.417+0000] {processor.py:753} INFO - DAG(s) dict_keys(['example_xcom_args', 'example_xcom_args_with_operators']) retrieved from /home/airflow/.local/lib/python3.7/site-packages/airflow/example_dags/example_xcomargs.py
[2023-03-01T20:04:42.441+0000] {logging_mixin.py:137} INFO - [2023-03-01T20:04:42.441+0000] {dag.py:2690} INFO - Sync 2 DAGs
[2023-03-01T20:04:42.462+0000] {logging_mixin.py:137} INFO - [2023-03-01T20:04:42.462+0000] {dag.py:3441} INFO - Setting next_dagrun for example_xcom_args to None, run_after=None
[2023-03-01T20:04:42.465+0000] {logging_mixin.py:137} INFO - [2023-03-01T20:04:42.465+0000] {dag.py:3441} INFO - Setting next_dagrun for example_xcom_args_with_operators to None, run_after=None
[2023-03-01T20:04:42.480+0000] {processor.py:175} INFO - Processing /home/airflow/.local/lib/python3.7/site-packages/airflow/example_dags/example_xcomargs.py took 0.086 seconds
[2023-03-01T20:05:12.780+0000] {processor.py:153} INFO - Started process (PID=432) to work on /home/airflow/.local/lib/python3.7/site-packages/airflow/example_dags/example_xcomargs.py
[2023-03-01T20:05:12.781+0000] {processor.py:743} INFO - Processing file /home/airflow/.local/lib/python3.7/site-packages/airflow/example_dags/example_xcomargs.py for tasks to queue
[2023-03-01T20:05:12.781+0000] {logging_mixin.py:137} INFO - [2023-03-01T20:05:12.781+0000] {dagbag.py:538} INFO - Filling up the DagBag from /home/airflow/.local/lib/python3.7/site-packages/airflow/example_dags/example_xcomargs.py
[2023-03-01T20:05:12.803+0000] {processor.py:753} INFO - DAG(s) dict_keys(['example_xcom_args_with_operators', 'example_xcom_args']) retrieved from /home/airflow/.local/lib/python3.7/site-packages/airflow/example_dags/example_xcomargs.py
[2023-03-01T20:05:12.829+0000] {logging_mixin.py:137} INFO - [2023-03-01T20:05:12.829+0000] {dag.py:2690} INFO - Sync 2 DAGs
[2023-03-01T20:05:12.854+0000] {logging_mixin.py:137} INFO - [2023-03-01T20:05:12.853+0000] {dag.py:3441} INFO - Setting next_dagrun for example_xcom_args to None, run_after=None
[2023-03-01T20:05:12.858+0000] {logging_mixin.py:137} INFO - [2023-03-01T20:05:12.857+0000] {dag.py:3441} INFO - Setting next_dagrun for example_xcom_args_with_operators to None, run_after=None
[2023-03-01T20:05:12.878+0000] {processor.py:175} INFO - Processing /home/airflow/.local/lib/python3.7/site-packages/airflow/example_dags/example_xcomargs.py took 0.101 seconds
[2023-03-01T20:05:43.386+0000] {processor.py:153} INFO - Started process (PID=531) to work on /home/airflow/.local/lib/python3.7/site-packages/airflow/example_dags/example_xcomargs.py
[2023-03-01T20:05:43.387+0000] {processor.py:743} INFO - Processing file /home/airflow/.local/lib/python3.7/site-packages/airflow/example_dags/example_xcomargs.py for tasks to queue
[2023-03-01T20:05:43.388+0000] {logging_mixin.py:137} INFO - [2023-03-01T20:05:43.388+0000] {dagbag.py:538} INFO - Filling up the DagBag from /home/airflow/.local/lib/python3.7/site-packages/airflow/example_dags/example_xcomargs.py
[2023-03-01T20:05:43.409+0000] {processor.py:753} INFO - DAG(s) dict_keys(['example_xcom_args_with_operators', 'example_xcom_args']) retrieved from /home/airflow/.local/lib/python3.7/site-packages/airflow/example_dags/example_xcomargs.py
[2023-03-01T20:05:43.435+0000] {logging_mixin.py:137} INFO - [2023-03-01T20:05:43.435+0000] {dag.py:2690} INFO - Sync 2 DAGs
[2023-03-01T20:05:43.463+0000] {logging_mixin.py:137} INFO - [2023-03-01T20:05:43.463+0000] {dag.py:3441} INFO - Setting next_dagrun for example_xcom_args to None, run_after=None
[2023-03-01T20:05:43.467+0000] {logging_mixin.py:137} INFO - [2023-03-01T20:05:43.466+0000] {dag.py:3441} INFO - Setting next_dagrun for example_xcom_args_with_operators to None, run_after=None
[2023-03-01T20:05:43.486+0000] {processor.py:175} INFO - Processing /home/airflow/.local/lib/python3.7/site-packages/airflow/example_dags/example_xcomargs.py took 0.102 seconds
[2023-03-01T20:06:14.035+0000] {processor.py:153} INFO - Started process (PID=619) to work on /home/airflow/.local/lib/python3.7/site-packages/airflow/example_dags/example_xcomargs.py
[2023-03-01T20:06:14.035+0000] {processor.py:743} INFO - Processing file /home/airflow/.local/lib/python3.7/site-packages/airflow/example_dags/example_xcomargs.py for tasks to queue
[2023-03-01T20:06:14.036+0000] {logging_mixin.py:137} INFO - [2023-03-01T20:06:14.036+0000] {dagbag.py:538} INFO - Filling up the DagBag from /home/airflow/.local/lib/python3.7/site-packages/airflow/example_dags/example_xcomargs.py
[2023-03-01T20:06:14.055+0000] {processor.py:753} INFO - DAG(s) dict_keys(['example_xcom_args_with_operators', 'example_xcom_args']) retrieved from /home/airflow/.local/lib/python3.7/site-packages/airflow/example_dags/example_xcomargs.py
[2023-03-01T20:06:14.083+0000] {logging_mixin.py:137} INFO - [2023-03-01T20:06:14.083+0000] {dag.py:2690} INFO - Sync 2 DAGs
[2023-03-01T20:06:14.108+0000] {logging_mixin.py:137} INFO - [2023-03-01T20:06:14.107+0000] {dag.py:3441} INFO - Setting next_dagrun for example_xcom_args to None, run_after=None
[2023-03-01T20:06:14.111+0000] {logging_mixin.py:137} INFO - [2023-03-01T20:06:14.111+0000] {dag.py:3441} INFO - Setting next_dagrun for example_xcom_args_with_operators to None, run_after=None
[2023-03-01T20:06:14.128+0000] {processor.py:175} INFO - Processing /home/airflow/.local/lib/python3.7/site-packages/airflow/example_dags/example_xcomargs.py took 0.096 seconds
[2023-03-01T20:06:44.302+0000] {processor.py:153} INFO - Started process (PID=710) to work on /home/airflow/.local/lib/python3.7/site-packages/airflow/example_dags/example_xcomargs.py
[2023-03-01T20:06:44.303+0000] {processor.py:743} INFO - Processing file /home/airflow/.local/lib/python3.7/site-packages/airflow/example_dags/example_xcomargs.py for tasks to queue
[2023-03-01T20:06:44.304+0000] {logging_mixin.py:137} INFO - [2023-03-01T20:06:44.303+0000] {dagbag.py:538} INFO - Filling up the DagBag from /home/airflow/.local/lib/python3.7/site-packages/airflow/example_dags/example_xcomargs.py
[2023-03-01T20:06:44.321+0000] {processor.py:753} INFO - DAG(s) dict_keys(['example_xcom_args', 'example_xcom_args_with_operators']) retrieved from /home/airflow/.local/lib/python3.7/site-packages/airflow/example_dags/example_xcomargs.py
[2023-03-01T20:06:44.345+0000] {logging_mixin.py:137} INFO - [2023-03-01T20:06:44.345+0000] {dag.py:2690} INFO - Sync 2 DAGs
[2023-03-01T20:06:44.369+0000] {logging_mixin.py:137} INFO - [2023-03-01T20:06:44.369+0000] {dag.py:3441} INFO - Setting next_dagrun for example_xcom_args to None, run_after=None
[2023-03-01T20:06:44.372+0000] {logging_mixin.py:137} INFO - [2023-03-01T20:06:44.372+0000] {dag.py:3441} INFO - Setting next_dagrun for example_xcom_args_with_operators to None, run_after=None
[2023-03-01T20:06:44.389+0000] {processor.py:175} INFO - Processing /home/airflow/.local/lib/python3.7/site-packages/airflow/example_dags/example_xcomargs.py took 0.089 seconds
[2023-03-01T20:07:15.154+0000] {processor.py:153} INFO - Started process (PID=808) to work on /home/airflow/.local/lib/python3.7/site-packages/airflow/example_dags/example_xcomargs.py
[2023-03-01T20:07:15.155+0000] {processor.py:743} INFO - Processing file /home/airflow/.local/lib/python3.7/site-packages/airflow/example_dags/example_xcomargs.py for tasks to queue
[2023-03-01T20:07:15.155+0000] {logging_mixin.py:137} INFO - [2023-03-01T20:07:15.155+0000] {dagbag.py:538} INFO - Filling up the DagBag from /home/airflow/.local/lib/python3.7/site-packages/airflow/example_dags/example_xcomargs.py
[2023-03-01T20:07:15.174+0000] {processor.py:753} INFO - DAG(s) dict_keys(['example_xcom_args', 'example_xcom_args_with_operators']) retrieved from /home/airflow/.local/lib/python3.7/site-packages/airflow/example_dags/example_xcomargs.py
[2023-03-01T20:07:15.199+0000] {logging_mixin.py:137} INFO - [2023-03-01T20:07:15.199+0000] {dag.py:2690} INFO - Sync 2 DAGs
[2023-03-01T20:07:15.223+0000] {logging_mixin.py:137} INFO - [2023-03-01T20:07:15.223+0000] {dag.py:3441} INFO - Setting next_dagrun for example_xcom_args to None, run_after=None
[2023-03-01T20:07:15.226+0000] {logging_mixin.py:137} INFO - [2023-03-01T20:07:15.226+0000] {dag.py:3441} INFO - Setting next_dagrun for example_xcom_args_with_operators to None, run_after=None
[2023-03-01T20:07:15.245+0000] {processor.py:175} INFO - Processing /home/airflow/.local/lib/python3.7/site-packages/airflow/example_dags/example_xcomargs.py took 0.093 seconds
[2023-03-01T20:07:45.968+0000] {processor.py:153} INFO - Started process (PID=887) to work on /home/airflow/.local/lib/python3.7/site-packages/airflow/example_dags/example_xcomargs.py
[2023-03-01T20:07:45.969+0000] {processor.py:743} INFO - Processing file /home/airflow/.local/lib/python3.7/site-packages/airflow/example_dags/example_xcomargs.py for tasks to queue
[2023-03-01T20:07:45.970+0000] {logging_mixin.py:137} INFO - [2023-03-01T20:07:45.970+0000] {dagbag.py:538} INFO - Filling up the DagBag from /home/airflow/.local/lib/python3.7/site-packages/airflow/example_dags/example_xcomargs.py
[2023-03-01T20:07:46.001+0000] {processor.py:753} INFO - DAG(s) dict_keys(['example_xcom_args', 'example_xcom_args_with_operators']) retrieved from /home/airflow/.local/lib/python3.7/site-packages/airflow/example_dags/example_xcomargs.py
[2023-03-01T20:07:46.040+0000] {logging_mixin.py:137} INFO - [2023-03-01T20:07:46.040+0000] {dag.py:2690} INFO - Sync 2 DAGs
[2023-03-01T20:07:46.069+0000] {logging_mixin.py:137} INFO - [2023-03-01T20:07:46.069+0000] {dag.py:3441} INFO - Setting next_dagrun for example_xcom_args to None, run_after=None
[2023-03-01T20:07:46.073+0000] {logging_mixin.py:137} INFO - [2023-03-01T20:07:46.073+0000] {dag.py:3441} INFO - Setting next_dagrun for example_xcom_args_with_operators to None, run_after=None
[2023-03-01T20:07:46.095+0000] {processor.py:175} INFO - Processing /home/airflow/.local/lib/python3.7/site-packages/airflow/example_dags/example_xcomargs.py took 0.132 seconds
