[2023-03-01T15:18:18.625+0000] {processor.py:153} INFO - Started process (PID=68) to work on /home/airflow/.local/lib/python3.7/site-packages/airflow/example_dags/example_branch_labels.py
[2023-03-01T15:18:18.626+0000] {processor.py:743} INFO - Processing file /home/airflow/.local/lib/python3.7/site-packages/airflow/example_dags/example_branch_labels.py for tasks to queue
[2023-03-01T15:18:18.627+0000] {logging_mixin.py:137} INFO - [2023-03-01T15:18:18.627+0000] {dagbag.py:538} INFO - Filling up the DagBag from /home/airflow/.local/lib/python3.7/site-packages/airflow/example_dags/example_branch_labels.py
[2023-03-01T15:18:18.647+0000] {processor.py:753} INFO - DAG(s) dict_keys(['example_branch_labels']) retrieved from /home/airflow/.local/lib/python3.7/site-packages/airflow/example_dags/example_branch_labels.py
[2023-03-01T15:18:18.662+0000] {logging_mixin.py:137} INFO - [2023-03-01T15:18:18.662+0000] {dag.py:2690} INFO - Sync 1 DAGs
[2023-03-01T15:18:18.704+0000] {logging_mixin.py:137} INFO - [2023-03-01T15:18:18.704+0000] {dag.py:3441} INFO - Setting next_dagrun for example_branch_labels to 2023-02-28T00:00:00+00:00, run_after=2023-03-01T00:00:00+00:00
[2023-03-01T15:18:18.737+0000] {processor.py:175} INFO - Processing /home/airflow/.local/lib/python3.7/site-packages/airflow/example_dags/example_branch_labels.py took 0.115 seconds
[2023-03-01T15:18:48.833+0000] {processor.py:153} INFO - Started process (PID=158) to work on /home/airflow/.local/lib/python3.7/site-packages/airflow/example_dags/example_branch_labels.py
[2023-03-01T15:18:48.834+0000] {processor.py:743} INFO - Processing file /home/airflow/.local/lib/python3.7/site-packages/airflow/example_dags/example_branch_labels.py for tasks to queue
[2023-03-01T15:18:48.834+0000] {logging_mixin.py:137} INFO - [2023-03-01T15:18:48.834+0000] {dagbag.py:538} INFO - Filling up the DagBag from /home/airflow/.local/lib/python3.7/site-packages/airflow/example_dags/example_branch_labels.py
[2023-03-01T15:18:48.846+0000] {processor.py:753} INFO - DAG(s) dict_keys(['example_branch_labels']) retrieved from /home/airflow/.local/lib/python3.7/site-packages/airflow/example_dags/example_branch_labels.py
[2023-03-01T15:18:48.868+0000] {logging_mixin.py:137} INFO - [2023-03-01T15:18:48.868+0000] {dag.py:2690} INFO - Sync 1 DAGs
[2023-03-01T15:18:48.894+0000] {logging_mixin.py:137} INFO - [2023-03-01T15:18:48.893+0000] {dag.py:3441} INFO - Setting next_dagrun for example_branch_labels to 2023-02-28T00:00:00+00:00, run_after=2023-03-01T00:00:00+00:00
[2023-03-01T15:18:48.911+0000] {processor.py:175} INFO - Processing /home/airflow/.local/lib/python3.7/site-packages/airflow/example_dags/example_branch_labels.py took 0.080 seconds
[2023-03-01T15:19:19.383+0000] {processor.py:153} INFO - Started process (PID=237) to work on /home/airflow/.local/lib/python3.7/site-packages/airflow/example_dags/example_branch_labels.py
[2023-03-01T15:19:19.384+0000] {processor.py:743} INFO - Processing file /home/airflow/.local/lib/python3.7/site-packages/airflow/example_dags/example_branch_labels.py for tasks to queue
[2023-03-01T15:19:19.385+0000] {logging_mixin.py:137} INFO - [2023-03-01T15:19:19.385+0000] {dagbag.py:538} INFO - Filling up the DagBag from /home/airflow/.local/lib/python3.7/site-packages/airflow/example_dags/example_branch_labels.py
[2023-03-01T15:19:19.397+0000] {processor.py:753} INFO - DAG(s) dict_keys(['example_branch_labels']) retrieved from /home/airflow/.local/lib/python3.7/site-packages/airflow/example_dags/example_branch_labels.py
[2023-03-01T15:19:19.428+0000] {logging_mixin.py:137} INFO - [2023-03-01T15:19:19.427+0000] {dag.py:2690} INFO - Sync 1 DAGs
[2023-03-01T15:19:19.461+0000] {logging_mixin.py:137} INFO - [2023-03-01T15:19:19.461+0000] {dag.py:3441} INFO - Setting next_dagrun for example_branch_labels to 2023-02-28T00:00:00+00:00, run_after=2023-03-01T00:00:00+00:00
[2023-03-01T15:19:19.485+0000] {processor.py:175} INFO - Processing /home/airflow/.local/lib/python3.7/site-packages/airflow/example_dags/example_branch_labels.py took 0.104 seconds
[2023-03-01T15:19:50.463+0000] {processor.py:153} INFO - Started process (PID=336) to work on /home/airflow/.local/lib/python3.7/site-packages/airflow/example_dags/example_branch_labels.py
[2023-03-01T15:19:50.464+0000] {processor.py:743} INFO - Processing file /home/airflow/.local/lib/python3.7/site-packages/airflow/example_dags/example_branch_labels.py for tasks to queue
[2023-03-01T15:19:50.465+0000] {logging_mixin.py:137} INFO - [2023-03-01T15:19:50.465+0000] {dagbag.py:538} INFO - Filling up the DagBag from /home/airflow/.local/lib/python3.7/site-packages/airflow/example_dags/example_branch_labels.py
[2023-03-01T15:19:50.477+0000] {processor.py:753} INFO - DAG(s) dict_keys(['example_branch_labels']) retrieved from /home/airflow/.local/lib/python3.7/site-packages/airflow/example_dags/example_branch_labels.py
[2023-03-01T15:19:50.502+0000] {logging_mixin.py:137} INFO - [2023-03-01T15:19:50.502+0000] {dag.py:2690} INFO - Sync 1 DAGs
[2023-03-01T15:19:50.531+0000] {logging_mixin.py:137} INFO - [2023-03-01T15:19:50.531+0000] {dag.py:3441} INFO - Setting next_dagrun for example_branch_labels to 2023-02-28T00:00:00+00:00, run_after=2023-03-01T00:00:00+00:00
[2023-03-01T15:19:50.551+0000] {processor.py:175} INFO - Processing /home/airflow/.local/lib/python3.7/site-packages/airflow/example_dags/example_branch_labels.py took 0.091 seconds
[2023-03-01T15:20:21.025+0000] {processor.py:153} INFO - Started process (PID=415) to work on /home/airflow/.local/lib/python3.7/site-packages/airflow/example_dags/example_branch_labels.py
[2023-03-01T15:20:21.026+0000] {processor.py:743} INFO - Processing file /home/airflow/.local/lib/python3.7/site-packages/airflow/example_dags/example_branch_labels.py for tasks to queue
[2023-03-01T15:20:21.027+0000] {logging_mixin.py:137} INFO - [2023-03-01T15:20:21.026+0000] {dagbag.py:538} INFO - Filling up the DagBag from /home/airflow/.local/lib/python3.7/site-packages/airflow/example_dags/example_branch_labels.py
[2023-03-01T15:20:21.038+0000] {processor.py:753} INFO - DAG(s) dict_keys(['example_branch_labels']) retrieved from /home/airflow/.local/lib/python3.7/site-packages/airflow/example_dags/example_branch_labels.py
[2023-03-01T15:20:21.060+0000] {logging_mixin.py:137} INFO - [2023-03-01T15:20:21.060+0000] {dag.py:2690} INFO - Sync 1 DAGs
[2023-03-01T15:20:21.085+0000] {logging_mixin.py:137} INFO - [2023-03-01T15:20:21.085+0000] {dag.py:3441} INFO - Setting next_dagrun for example_branch_labels to 2023-02-28T00:00:00+00:00, run_after=2023-03-01T00:00:00+00:00
[2023-03-01T15:20:21.105+0000] {processor.py:175} INFO - Processing /home/airflow/.local/lib/python3.7/site-packages/airflow/example_dags/example_branch_labels.py took 0.082 seconds
[2023-03-01T15:20:52.056+0000] {processor.py:153} INFO - Started process (PID=514) to work on /home/airflow/.local/lib/python3.7/site-packages/airflow/example_dags/example_branch_labels.py
[2023-03-01T15:20:52.056+0000] {processor.py:743} INFO - Processing file /home/airflow/.local/lib/python3.7/site-packages/airflow/example_dags/example_branch_labels.py for tasks to queue
[2023-03-01T15:20:52.057+0000] {logging_mixin.py:137} INFO - [2023-03-01T15:20:52.057+0000] {dagbag.py:538} INFO - Filling up the DagBag from /home/airflow/.local/lib/python3.7/site-packages/airflow/example_dags/example_branch_labels.py
[2023-03-01T15:20:52.068+0000] {processor.py:753} INFO - DAG(s) dict_keys(['example_branch_labels']) retrieved from /home/airflow/.local/lib/python3.7/site-packages/airflow/example_dags/example_branch_labels.py
[2023-03-01T15:20:52.090+0000] {logging_mixin.py:137} INFO - [2023-03-01T15:20:52.090+0000] {dag.py:2690} INFO - Sync 1 DAGs
[2023-03-01T15:20:52.112+0000] {logging_mixin.py:137} INFO - [2023-03-01T15:20:52.112+0000] {dag.py:3441} INFO - Setting next_dagrun for example_branch_labels to 2023-02-28T00:00:00+00:00, run_after=2023-03-01T00:00:00+00:00
[2023-03-01T15:20:52.133+0000] {processor.py:175} INFO - Processing /home/airflow/.local/lib/python3.7/site-packages/airflow/example_dags/example_branch_labels.py took 0.079 seconds
[2023-03-01T15:21:22.430+0000] {processor.py:153} INFO - Started process (PID=602) to work on /home/airflow/.local/lib/python3.7/site-packages/airflow/example_dags/example_branch_labels.py
[2023-03-01T15:21:22.431+0000] {processor.py:743} INFO - Processing file /home/airflow/.local/lib/python3.7/site-packages/airflow/example_dags/example_branch_labels.py for tasks to queue
[2023-03-01T15:21:22.431+0000] {logging_mixin.py:137} INFO - [2023-03-01T15:21:22.431+0000] {dagbag.py:538} INFO - Filling up the DagBag from /home/airflow/.local/lib/python3.7/site-packages/airflow/example_dags/example_branch_labels.py
[2023-03-01T15:21:22.442+0000] {processor.py:753} INFO - DAG(s) dict_keys(['example_branch_labels']) retrieved from /home/airflow/.local/lib/python3.7/site-packages/airflow/example_dags/example_branch_labels.py
[2023-03-01T15:21:22.464+0000] {logging_mixin.py:137} INFO - [2023-03-01T15:21:22.464+0000] {dag.py:2690} INFO - Sync 1 DAGs
[2023-03-01T15:21:22.489+0000] {logging_mixin.py:137} INFO - [2023-03-01T15:21:22.489+0000] {dag.py:3441} INFO - Setting next_dagrun for example_branch_labels to 2023-02-28T00:00:00+00:00, run_after=2023-03-01T00:00:00+00:00
[2023-03-01T15:21:22.515+0000] {processor.py:175} INFO - Processing /home/airflow/.local/lib/python3.7/site-packages/airflow/example_dags/example_branch_labels.py took 0.087 seconds
[2023-03-01T15:21:52.801+0000] {processor.py:153} INFO - Started process (PID=693) to work on /home/airflow/.local/lib/python3.7/site-packages/airflow/example_dags/example_branch_labels.py
[2023-03-01T15:21:52.802+0000] {processor.py:743} INFO - Processing file /home/airflow/.local/lib/python3.7/site-packages/airflow/example_dags/example_branch_labels.py for tasks to queue
[2023-03-01T15:21:52.802+0000] {logging_mixin.py:137} INFO - [2023-03-01T15:21:52.802+0000] {dagbag.py:538} INFO - Filling up the DagBag from /home/airflow/.local/lib/python3.7/site-packages/airflow/example_dags/example_branch_labels.py
[2023-03-01T15:21:52.814+0000] {processor.py:753} INFO - DAG(s) dict_keys(['example_branch_labels']) retrieved from /home/airflow/.local/lib/python3.7/site-packages/airflow/example_dags/example_branch_labels.py
[2023-03-01T15:21:52.836+0000] {logging_mixin.py:137} INFO - [2023-03-01T15:21:52.836+0000] {dag.py:2690} INFO - Sync 1 DAGs
[2023-03-01T15:21:52.861+0000] {logging_mixin.py:137} INFO - [2023-03-01T15:21:52.860+0000] {dag.py:3441} INFO - Setting next_dagrun for example_branch_labels to 2023-02-28T00:00:00+00:00, run_after=2023-03-01T00:00:00+00:00
[2023-03-01T15:21:52.878+0000] {processor.py:175} INFO - Processing /home/airflow/.local/lib/python3.7/site-packages/airflow/example_dags/example_branch_labels.py took 0.080 seconds
[2023-03-01T15:22:23.480+0000] {processor.py:153} INFO - Started process (PID=781) to work on /home/airflow/.local/lib/python3.7/site-packages/airflow/example_dags/example_branch_labels.py
[2023-03-01T15:22:23.481+0000] {processor.py:743} INFO - Processing file /home/airflow/.local/lib/python3.7/site-packages/airflow/example_dags/example_branch_labels.py for tasks to queue
[2023-03-01T15:22:23.482+0000] {logging_mixin.py:137} INFO - [2023-03-01T15:22:23.481+0000] {dagbag.py:538} INFO - Filling up the DagBag from /home/airflow/.local/lib/python3.7/site-packages/airflow/example_dags/example_branch_labels.py
[2023-03-01T15:22:23.496+0000] {processor.py:753} INFO - DAG(s) dict_keys(['example_branch_labels']) retrieved from /home/airflow/.local/lib/python3.7/site-packages/airflow/example_dags/example_branch_labels.py
[2023-03-01T15:22:23.527+0000] {logging_mixin.py:137} INFO - [2023-03-01T15:22:23.527+0000] {dag.py:2690} INFO - Sync 1 DAGs
[2023-03-01T15:22:23.562+0000] {logging_mixin.py:137} INFO - [2023-03-01T15:22:23.562+0000] {dag.py:3441} INFO - Setting next_dagrun for example_branch_labels to 2023-02-28T00:00:00+00:00, run_after=2023-03-01T00:00:00+00:00
[2023-03-01T15:22:23.590+0000] {processor.py:175} INFO - Processing /home/airflow/.local/lib/python3.7/site-packages/airflow/example_dags/example_branch_labels.py took 0.113 seconds
[2023-03-01T15:22:53.819+0000] {processor.py:153} INFO - Started process (PID=871) to work on /home/airflow/.local/lib/python3.7/site-packages/airflow/example_dags/example_branch_labels.py
[2023-03-01T15:22:53.820+0000] {processor.py:743} INFO - Processing file /home/airflow/.local/lib/python3.7/site-packages/airflow/example_dags/example_branch_labels.py for tasks to queue
[2023-03-01T15:22:53.821+0000] {logging_mixin.py:137} INFO - [2023-03-01T15:22:53.820+0000] {dagbag.py:538} INFO - Filling up the DagBag from /home/airflow/.local/lib/python3.7/site-packages/airflow/example_dags/example_branch_labels.py
[2023-03-01T15:22:53.836+0000] {processor.py:753} INFO - DAG(s) dict_keys(['example_branch_labels']) retrieved from /home/airflow/.local/lib/python3.7/site-packages/airflow/example_dags/example_branch_labels.py
[2023-03-01T15:22:53.866+0000] {logging_mixin.py:137} INFO - [2023-03-01T15:22:53.866+0000] {dag.py:2690} INFO - Sync 1 DAGs
[2023-03-01T15:22:53.891+0000] {logging_mixin.py:137} INFO - [2023-03-01T15:22:53.891+0000] {dag.py:3441} INFO - Setting next_dagrun for example_branch_labels to 2023-02-28T00:00:00+00:00, run_after=2023-03-01T00:00:00+00:00
[2023-03-01T15:22:53.911+0000] {processor.py:175} INFO - Processing /home/airflow/.local/lib/python3.7/site-packages/airflow/example_dags/example_branch_labels.py took 0.095 seconds
[2023-03-01T15:23:24.693+0000] {processor.py:153} INFO - Started process (PID=970) to work on /home/airflow/.local/lib/python3.7/site-packages/airflow/example_dags/example_branch_labels.py
[2023-03-01T15:23:24.694+0000] {processor.py:743} INFO - Processing file /home/airflow/.local/lib/python3.7/site-packages/airflow/example_dags/example_branch_labels.py for tasks to queue
[2023-03-01T15:23:24.695+0000] {logging_mixin.py:137} INFO - [2023-03-01T15:23:24.694+0000] {dagbag.py:538} INFO - Filling up the DagBag from /home/airflow/.local/lib/python3.7/site-packages/airflow/example_dags/example_branch_labels.py
[2023-03-01T15:23:24.706+0000] {processor.py:753} INFO - DAG(s) dict_keys(['example_branch_labels']) retrieved from /home/airflow/.local/lib/python3.7/site-packages/airflow/example_dags/example_branch_labels.py
[2023-03-01T15:23:24.731+0000] {logging_mixin.py:137} INFO - [2023-03-01T15:23:24.730+0000] {dag.py:2690} INFO - Sync 1 DAGs
[2023-03-01T15:23:24.758+0000] {logging_mixin.py:137} INFO - [2023-03-01T15:23:24.758+0000] {dag.py:3441} INFO - Setting next_dagrun for example_branch_labels to 2023-02-28T00:00:00+00:00, run_after=2023-03-01T00:00:00+00:00
[2023-03-01T15:23:24.778+0000] {processor.py:175} INFO - Processing /home/airflow/.local/lib/python3.7/site-packages/airflow/example_dags/example_branch_labels.py took 0.088 seconds
[2023-03-01T15:23:55.066+0000] {processor.py:153} INFO - Started process (PID=1049) to work on /home/airflow/.local/lib/python3.7/site-packages/airflow/example_dags/example_branch_labels.py
[2023-03-01T15:23:55.066+0000] {processor.py:743} INFO - Processing file /home/airflow/.local/lib/python3.7/site-packages/airflow/example_dags/example_branch_labels.py for tasks to queue
[2023-03-01T15:23:55.067+0000] {logging_mixin.py:137} INFO - [2023-03-01T15:23:55.067+0000] {dagbag.py:538} INFO - Filling up the DagBag from /home/airflow/.local/lib/python3.7/site-packages/airflow/example_dags/example_branch_labels.py
[2023-03-01T15:23:55.077+0000] {processor.py:753} INFO - DAG(s) dict_keys(['example_branch_labels']) retrieved from /home/airflow/.local/lib/python3.7/site-packages/airflow/example_dags/example_branch_labels.py
[2023-03-01T15:23:55.100+0000] {logging_mixin.py:137} INFO - [2023-03-01T15:23:55.099+0000] {dag.py:2690} INFO - Sync 1 DAGs
[2023-03-01T15:23:55.124+0000] {logging_mixin.py:137} INFO - [2023-03-01T15:23:55.124+0000] {dag.py:3441} INFO - Setting next_dagrun for example_branch_labels to 2023-02-28T00:00:00+00:00, run_after=2023-03-01T00:00:00+00:00
[2023-03-01T15:23:55.142+0000] {processor.py:175} INFO - Processing /home/airflow/.local/lib/python3.7/site-packages/airflow/example_dags/example_branch_labels.py took 0.078 seconds
[2023-03-01T15:24:25.798+0000] {processor.py:153} INFO - Started process (PID=1148) to work on /home/airflow/.local/lib/python3.7/site-packages/airflow/example_dags/example_branch_labels.py
[2023-03-01T15:24:25.799+0000] {processor.py:743} INFO - Processing file /home/airflow/.local/lib/python3.7/site-packages/airflow/example_dags/example_branch_labels.py for tasks to queue
[2023-03-01T15:24:25.800+0000] {logging_mixin.py:137} INFO - [2023-03-01T15:24:25.799+0000] {dagbag.py:538} INFO - Filling up the DagBag from /home/airflow/.local/lib/python3.7/site-packages/airflow/example_dags/example_branch_labels.py
[2023-03-01T15:24:25.812+0000] {processor.py:753} INFO - DAG(s) dict_keys(['example_branch_labels']) retrieved from /home/airflow/.local/lib/python3.7/site-packages/airflow/example_dags/example_branch_labels.py
[2023-03-01T15:24:25.836+0000] {logging_mixin.py:137} INFO - [2023-03-01T15:24:25.836+0000] {dag.py:2690} INFO - Sync 1 DAGs
[2023-03-01T15:24:25.867+0000] {logging_mixin.py:137} INFO - [2023-03-01T15:24:25.867+0000] {dag.py:3441} INFO - Setting next_dagrun for example_branch_labels to 2023-02-28T00:00:00+00:00, run_after=2023-03-01T00:00:00+00:00
[2023-03-01T15:24:25.891+0000] {processor.py:175} INFO - Processing /home/airflow/.local/lib/python3.7/site-packages/airflow/example_dags/example_branch_labels.py took 0.095 seconds
[2023-03-01T15:24:56.400+0000] {processor.py:153} INFO - Started process (PID=1227) to work on /home/airflow/.local/lib/python3.7/site-packages/airflow/example_dags/example_branch_labels.py
[2023-03-01T15:24:56.400+0000] {processor.py:743} INFO - Processing file /home/airflow/.local/lib/python3.7/site-packages/airflow/example_dags/example_branch_labels.py for tasks to queue
[2023-03-01T15:24:56.401+0000] {logging_mixin.py:137} INFO - [2023-03-01T15:24:56.400+0000] {dagbag.py:538} INFO - Filling up the DagBag from /home/airflow/.local/lib/python3.7/site-packages/airflow/example_dags/example_branch_labels.py
[2023-03-01T15:24:56.412+0000] {processor.py:753} INFO - DAG(s) dict_keys(['example_branch_labels']) retrieved from /home/airflow/.local/lib/python3.7/site-packages/airflow/example_dags/example_branch_labels.py
[2023-03-01T15:24:56.434+0000] {logging_mixin.py:137} INFO - [2023-03-01T15:24:56.434+0000] {dag.py:2690} INFO - Sync 1 DAGs
[2023-03-01T15:24:56.459+0000] {logging_mixin.py:137} INFO - [2023-03-01T15:24:56.459+0000] {dag.py:3441} INFO - Setting next_dagrun for example_branch_labels to 2023-02-28T00:00:00+00:00, run_after=2023-03-01T00:00:00+00:00
[2023-03-01T15:24:56.477+0000] {processor.py:175} INFO - Processing /home/airflow/.local/lib/python3.7/site-packages/airflow/example_dags/example_branch_labels.py took 0.079 seconds
[2023-03-01T15:25:26.981+0000] {processor.py:153} INFO - Started process (PID=1326) to work on /home/airflow/.local/lib/python3.7/site-packages/airflow/example_dags/example_branch_labels.py
[2023-03-01T15:25:26.982+0000] {processor.py:743} INFO - Processing file /home/airflow/.local/lib/python3.7/site-packages/airflow/example_dags/example_branch_labels.py for tasks to queue
[2023-03-01T15:25:26.982+0000] {logging_mixin.py:137} INFO - [2023-03-01T15:25:26.982+0000] {dagbag.py:538} INFO - Filling up the DagBag from /home/airflow/.local/lib/python3.7/site-packages/airflow/example_dags/example_branch_labels.py
[2023-03-01T15:25:26.993+0000] {processor.py:753} INFO - DAG(s) dict_keys(['example_branch_labels']) retrieved from /home/airflow/.local/lib/python3.7/site-packages/airflow/example_dags/example_branch_labels.py
[2023-03-01T15:25:27.014+0000] {logging_mixin.py:137} INFO - [2023-03-01T15:25:27.014+0000] {dag.py:2690} INFO - Sync 1 DAGs
[2023-03-01T15:25:27.037+0000] {logging_mixin.py:137} INFO - [2023-03-01T15:25:27.037+0000] {dag.py:3441} INFO - Setting next_dagrun for example_branch_labels to 2023-02-28T00:00:00+00:00, run_after=2023-03-01T00:00:00+00:00
[2023-03-01T15:25:27.055+0000] {processor.py:175} INFO - Processing /home/airflow/.local/lib/python3.7/site-packages/airflow/example_dags/example_branch_labels.py took 0.077 seconds
[2023-03-01T15:25:57.692+0000] {processor.py:153} INFO - Started process (PID=1405) to work on /home/airflow/.local/lib/python3.7/site-packages/airflow/example_dags/example_branch_labels.py
[2023-03-01T15:25:57.693+0000] {processor.py:743} INFO - Processing file /home/airflow/.local/lib/python3.7/site-packages/airflow/example_dags/example_branch_labels.py for tasks to queue
[2023-03-01T15:25:57.694+0000] {logging_mixin.py:137} INFO - [2023-03-01T15:25:57.693+0000] {dagbag.py:538} INFO - Filling up the DagBag from /home/airflow/.local/lib/python3.7/site-packages/airflow/example_dags/example_branch_labels.py
[2023-03-01T15:25:57.704+0000] {processor.py:753} INFO - DAG(s) dict_keys(['example_branch_labels']) retrieved from /home/airflow/.local/lib/python3.7/site-packages/airflow/example_dags/example_branch_labels.py
[2023-03-01T15:25:57.727+0000] {logging_mixin.py:137} INFO - [2023-03-01T15:25:57.727+0000] {dag.py:2690} INFO - Sync 1 DAGs
[2023-03-01T15:25:57.749+0000] {logging_mixin.py:137} INFO - [2023-03-01T15:25:57.749+0000] {dag.py:3441} INFO - Setting next_dagrun for example_branch_labels to 2023-02-28T00:00:00+00:00, run_after=2023-03-01T00:00:00+00:00
[2023-03-01T15:25:57.765+0000] {processor.py:175} INFO - Processing /home/airflow/.local/lib/python3.7/site-packages/airflow/example_dags/example_branch_labels.py took 0.075 seconds
[2023-03-01T15:26:28.435+0000] {processor.py:153} INFO - Started process (PID=1504) to work on /home/airflow/.local/lib/python3.7/site-packages/airflow/example_dags/example_branch_labels.py
[2023-03-01T15:26:28.435+0000] {processor.py:743} INFO - Processing file /home/airflow/.local/lib/python3.7/site-packages/airflow/example_dags/example_branch_labels.py for tasks to queue
[2023-03-01T15:26:28.436+0000] {logging_mixin.py:137} INFO - [2023-03-01T15:26:28.436+0000] {dagbag.py:538} INFO - Filling up the DagBag from /home/airflow/.local/lib/python3.7/site-packages/airflow/example_dags/example_branch_labels.py
[2023-03-01T15:26:28.446+0000] {processor.py:753} INFO - DAG(s) dict_keys(['example_branch_labels']) retrieved from /home/airflow/.local/lib/python3.7/site-packages/airflow/example_dags/example_branch_labels.py
[2023-03-01T15:26:28.468+0000] {logging_mixin.py:137} INFO - [2023-03-01T15:26:28.468+0000] {dag.py:2690} INFO - Sync 1 DAGs
[2023-03-01T15:26:28.494+0000] {logging_mixin.py:137} INFO - [2023-03-01T15:26:28.493+0000] {dag.py:3441} INFO - Setting next_dagrun for example_branch_labels to 2023-02-28T00:00:00+00:00, run_after=2023-03-01T00:00:00+00:00
[2023-03-01T15:26:28.511+0000] {processor.py:175} INFO - Processing /home/airflow/.local/lib/python3.7/site-packages/airflow/example_dags/example_branch_labels.py took 0.079 seconds
[2023-03-01T15:26:58.693+0000] {processor.py:153} INFO - Started process (PID=1583) to work on /home/airflow/.local/lib/python3.7/site-packages/airflow/example_dags/example_branch_labels.py
[2023-03-01T15:26:58.693+0000] {processor.py:743} INFO - Processing file /home/airflow/.local/lib/python3.7/site-packages/airflow/example_dags/example_branch_labels.py for tasks to queue
[2023-03-01T15:26:58.694+0000] {logging_mixin.py:137} INFO - [2023-03-01T15:26:58.694+0000] {dagbag.py:538} INFO - Filling up the DagBag from /home/airflow/.local/lib/python3.7/site-packages/airflow/example_dags/example_branch_labels.py
[2023-03-01T15:26:58.705+0000] {processor.py:753} INFO - DAG(s) dict_keys(['example_branch_labels']) retrieved from /home/airflow/.local/lib/python3.7/site-packages/airflow/example_dags/example_branch_labels.py
[2023-03-01T15:26:58.728+0000] {logging_mixin.py:137} INFO - [2023-03-01T15:26:58.727+0000] {dag.py:2690} INFO - Sync 1 DAGs
[2023-03-01T15:26:58.753+0000] {logging_mixin.py:137} INFO - [2023-03-01T15:26:58.753+0000] {dag.py:3441} INFO - Setting next_dagrun for example_branch_labels to 2023-02-28T00:00:00+00:00, run_after=2023-03-01T00:00:00+00:00
[2023-03-01T15:26:58.772+0000] {processor.py:175} INFO - Processing /home/airflow/.local/lib/python3.7/site-packages/airflow/example_dags/example_branch_labels.py took 0.082 seconds
[2023-03-01T15:27:29.387+0000] {processor.py:153} INFO - Started process (PID=1683) to work on /home/airflow/.local/lib/python3.7/site-packages/airflow/example_dags/example_branch_labels.py
[2023-03-01T15:27:29.388+0000] {processor.py:743} INFO - Processing file /home/airflow/.local/lib/python3.7/site-packages/airflow/example_dags/example_branch_labels.py for tasks to queue
[2023-03-01T15:27:29.389+0000] {logging_mixin.py:137} INFO - [2023-03-01T15:27:29.389+0000] {dagbag.py:538} INFO - Filling up the DagBag from /home/airflow/.local/lib/python3.7/site-packages/airflow/example_dags/example_branch_labels.py
[2023-03-01T15:27:29.403+0000] {processor.py:753} INFO - DAG(s) dict_keys(['example_branch_labels']) retrieved from /home/airflow/.local/lib/python3.7/site-packages/airflow/example_dags/example_branch_labels.py
[2023-03-01T15:27:29.429+0000] {logging_mixin.py:137} INFO - [2023-03-01T15:27:29.428+0000] {dag.py:2690} INFO - Sync 1 DAGs
[2023-03-01T15:27:29.457+0000] {logging_mixin.py:137} INFO - [2023-03-01T15:27:29.457+0000] {dag.py:3441} INFO - Setting next_dagrun for example_branch_labels to 2023-02-28T00:00:00+00:00, run_after=2023-03-01T00:00:00+00:00
[2023-03-01T15:27:29.477+0000] {processor.py:175} INFO - Processing /home/airflow/.local/lib/python3.7/site-packages/airflow/example_dags/example_branch_labels.py took 0.093 seconds
[2023-03-01T15:27:59.915+0000] {processor.py:153} INFO - Started process (PID=1761) to work on /home/airflow/.local/lib/python3.7/site-packages/airflow/example_dags/example_branch_labels.py
[2023-03-01T15:27:59.915+0000] {processor.py:743} INFO - Processing file /home/airflow/.local/lib/python3.7/site-packages/airflow/example_dags/example_branch_labels.py for tasks to queue
[2023-03-01T15:27:59.916+0000] {logging_mixin.py:137} INFO - [2023-03-01T15:27:59.915+0000] {dagbag.py:538} INFO - Filling up the DagBag from /home/airflow/.local/lib/python3.7/site-packages/airflow/example_dags/example_branch_labels.py
[2023-03-01T15:27:59.926+0000] {processor.py:753} INFO - DAG(s) dict_keys(['example_branch_labels']) retrieved from /home/airflow/.local/lib/python3.7/site-packages/airflow/example_dags/example_branch_labels.py
[2023-03-01T15:27:59.946+0000] {logging_mixin.py:137} INFO - [2023-03-01T15:27:59.946+0000] {dag.py:2690} INFO - Sync 1 DAGs
[2023-03-01T15:27:59.969+0000] {logging_mixin.py:137} INFO - [2023-03-01T15:27:59.969+0000] {dag.py:3441} INFO - Setting next_dagrun for example_branch_labels to 2023-02-28T00:00:00+00:00, run_after=2023-03-01T00:00:00+00:00
[2023-03-01T15:27:59.984+0000] {processor.py:175} INFO - Processing /home/airflow/.local/lib/python3.7/site-packages/airflow/example_dags/example_branch_labels.py took 0.072 seconds
[2023-03-01T15:28:30.664+0000] {processor.py:153} INFO - Started process (PID=1860) to work on /home/airflow/.local/lib/python3.7/site-packages/airflow/example_dags/example_branch_labels.py
[2023-03-01T15:28:30.664+0000] {processor.py:743} INFO - Processing file /home/airflow/.local/lib/python3.7/site-packages/airflow/example_dags/example_branch_labels.py for tasks to queue
[2023-03-01T15:28:30.665+0000] {logging_mixin.py:137} INFO - [2023-03-01T15:28:30.665+0000] {dagbag.py:538} INFO - Filling up the DagBag from /home/airflow/.local/lib/python3.7/site-packages/airflow/example_dags/example_branch_labels.py
[2023-03-01T15:28:30.677+0000] {processor.py:753} INFO - DAG(s) dict_keys(['example_branch_labels']) retrieved from /home/airflow/.local/lib/python3.7/site-packages/airflow/example_dags/example_branch_labels.py
[2023-03-01T15:28:30.699+0000] {logging_mixin.py:137} INFO - [2023-03-01T15:28:30.699+0000] {dag.py:2690} INFO - Sync 1 DAGs
[2023-03-01T15:28:30.725+0000] {logging_mixin.py:137} INFO - [2023-03-01T15:28:30.725+0000] {dag.py:3441} INFO - Setting next_dagrun for example_branch_labels to 2023-02-28T00:00:00+00:00, run_after=2023-03-01T00:00:00+00:00
[2023-03-01T15:28:30.747+0000] {processor.py:175} INFO - Processing /home/airflow/.local/lib/python3.7/site-packages/airflow/example_dags/example_branch_labels.py took 0.086 seconds
[2023-03-01T15:29:01.125+0000] {processor.py:153} INFO - Started process (PID=1939) to work on /home/airflow/.local/lib/python3.7/site-packages/airflow/example_dags/example_branch_labels.py
[2023-03-01T15:29:01.126+0000] {processor.py:743} INFO - Processing file /home/airflow/.local/lib/python3.7/site-packages/airflow/example_dags/example_branch_labels.py for tasks to queue
[2023-03-01T15:29:01.126+0000] {logging_mixin.py:137} INFO - [2023-03-01T15:29:01.126+0000] {dagbag.py:538} INFO - Filling up the DagBag from /home/airflow/.local/lib/python3.7/site-packages/airflow/example_dags/example_branch_labels.py
[2023-03-01T15:29:01.138+0000] {processor.py:753} INFO - DAG(s) dict_keys(['example_branch_labels']) retrieved from /home/airflow/.local/lib/python3.7/site-packages/airflow/example_dags/example_branch_labels.py
[2023-03-01T15:29:01.162+0000] {logging_mixin.py:137} INFO - [2023-03-01T15:29:01.162+0000] {dag.py:2690} INFO - Sync 1 DAGs
[2023-03-01T15:29:01.189+0000] {logging_mixin.py:137} INFO - [2023-03-01T15:29:01.189+0000] {dag.py:3441} INFO - Setting next_dagrun for example_branch_labels to 2023-02-28T00:00:00+00:00, run_after=2023-03-01T00:00:00+00:00
[2023-03-01T15:29:01.208+0000] {processor.py:175} INFO - Processing /home/airflow/.local/lib/python3.7/site-packages/airflow/example_dags/example_branch_labels.py took 0.085 seconds
[2023-03-01T15:29:31.790+0000] {processor.py:153} INFO - Started process (PID=2038) to work on /home/airflow/.local/lib/python3.7/site-packages/airflow/example_dags/example_branch_labels.py
[2023-03-01T15:29:31.791+0000] {processor.py:743} INFO - Processing file /home/airflow/.local/lib/python3.7/site-packages/airflow/example_dags/example_branch_labels.py for tasks to queue
[2023-03-01T15:29:31.791+0000] {logging_mixin.py:137} INFO - [2023-03-01T15:29:31.791+0000] {dagbag.py:538} INFO - Filling up the DagBag from /home/airflow/.local/lib/python3.7/site-packages/airflow/example_dags/example_branch_labels.py
[2023-03-01T15:29:31.802+0000] {processor.py:753} INFO - DAG(s) dict_keys(['example_branch_labels']) retrieved from /home/airflow/.local/lib/python3.7/site-packages/airflow/example_dags/example_branch_labels.py
[2023-03-01T15:29:31.826+0000] {logging_mixin.py:137} INFO - [2023-03-01T15:29:31.825+0000] {dag.py:2690} INFO - Sync 1 DAGs
[2023-03-01T15:29:31.848+0000] {logging_mixin.py:137} INFO - [2023-03-01T15:29:31.848+0000] {dag.py:3441} INFO - Setting next_dagrun for example_branch_labels to 2023-02-28T00:00:00+00:00, run_after=2023-03-01T00:00:00+00:00
[2023-03-01T15:29:31.866+0000] {processor.py:175} INFO - Processing /home/airflow/.local/lib/python3.7/site-packages/airflow/example_dags/example_branch_labels.py took 0.078 seconds
[2023-03-01T15:30:02.474+0000] {processor.py:153} INFO - Started process (PID=2117) to work on /home/airflow/.local/lib/python3.7/site-packages/airflow/example_dags/example_branch_labels.py
[2023-03-01T15:30:02.474+0000] {processor.py:743} INFO - Processing file /home/airflow/.local/lib/python3.7/site-packages/airflow/example_dags/example_branch_labels.py for tasks to queue
[2023-03-01T15:30:02.475+0000] {logging_mixin.py:137} INFO - [2023-03-01T15:30:02.474+0000] {dagbag.py:538} INFO - Filling up the DagBag from /home/airflow/.local/lib/python3.7/site-packages/airflow/example_dags/example_branch_labels.py
[2023-03-01T15:30:02.487+0000] {processor.py:753} INFO - DAG(s) dict_keys(['example_branch_labels']) retrieved from /home/airflow/.local/lib/python3.7/site-packages/airflow/example_dags/example_branch_labels.py
[2023-03-01T15:30:02.511+0000] {logging_mixin.py:137} INFO - [2023-03-01T15:30:02.511+0000] {dag.py:2690} INFO - Sync 1 DAGs
[2023-03-01T15:30:02.537+0000] {logging_mixin.py:137} INFO - [2023-03-01T15:30:02.537+0000] {dag.py:3441} INFO - Setting next_dagrun for example_branch_labels to 2023-02-28T00:00:00+00:00, run_after=2023-03-01T00:00:00+00:00
[2023-03-01T15:30:02.555+0000] {processor.py:175} INFO - Processing /home/airflow/.local/lib/python3.7/site-packages/airflow/example_dags/example_branch_labels.py took 0.085 seconds
[2023-03-01T15:30:33.234+0000] {processor.py:153} INFO - Started process (PID=2217) to work on /home/airflow/.local/lib/python3.7/site-packages/airflow/example_dags/example_branch_labels.py
[2023-03-01T15:30:33.235+0000] {processor.py:743} INFO - Processing file /home/airflow/.local/lib/python3.7/site-packages/airflow/example_dags/example_branch_labels.py for tasks to queue
[2023-03-01T15:30:33.235+0000] {logging_mixin.py:137} INFO - [2023-03-01T15:30:33.235+0000] {dagbag.py:538} INFO - Filling up the DagBag from /home/airflow/.local/lib/python3.7/site-packages/airflow/example_dags/example_branch_labels.py
[2023-03-01T15:30:33.246+0000] {processor.py:753} INFO - DAG(s) dict_keys(['example_branch_labels']) retrieved from /home/airflow/.local/lib/python3.7/site-packages/airflow/example_dags/example_branch_labels.py
[2023-03-01T15:30:33.268+0000] {logging_mixin.py:137} INFO - [2023-03-01T15:30:33.268+0000] {dag.py:2690} INFO - Sync 1 DAGs
[2023-03-01T15:30:33.293+0000] {logging_mixin.py:137} INFO - [2023-03-01T15:30:33.293+0000] {dag.py:3441} INFO - Setting next_dagrun for example_branch_labels to 2023-02-28T00:00:00+00:00, run_after=2023-03-01T00:00:00+00:00
[2023-03-01T15:30:33.311+0000] {processor.py:175} INFO - Processing /home/airflow/.local/lib/python3.7/site-packages/airflow/example_dags/example_branch_labels.py took 0.079 seconds
[2023-03-01T15:31:03.956+0000] {processor.py:153} INFO - Started process (PID=2296) to work on /home/airflow/.local/lib/python3.7/site-packages/airflow/example_dags/example_branch_labels.py
[2023-03-01T15:31:03.957+0000] {processor.py:743} INFO - Processing file /home/airflow/.local/lib/python3.7/site-packages/airflow/example_dags/example_branch_labels.py for tasks to queue
[2023-03-01T15:31:03.957+0000] {logging_mixin.py:137} INFO - [2023-03-01T15:31:03.957+0000] {dagbag.py:538} INFO - Filling up the DagBag from /home/airflow/.local/lib/python3.7/site-packages/airflow/example_dags/example_branch_labels.py
[2023-03-01T15:31:03.968+0000] {processor.py:753} INFO - DAG(s) dict_keys(['example_branch_labels']) retrieved from /home/airflow/.local/lib/python3.7/site-packages/airflow/example_dags/example_branch_labels.py
[2023-03-01T15:31:03.989+0000] {logging_mixin.py:137} INFO - [2023-03-01T15:31:03.988+0000] {dag.py:2690} INFO - Sync 1 DAGs
[2023-03-01T15:31:04.015+0000] {logging_mixin.py:137} INFO - [2023-03-01T15:31:04.015+0000] {dag.py:3441} INFO - Setting next_dagrun for example_branch_labels to 2023-02-28T00:00:00+00:00, run_after=2023-03-01T00:00:00+00:00
[2023-03-01T15:31:04.038+0000] {processor.py:175} INFO - Processing /home/airflow/.local/lib/python3.7/site-packages/airflow/example_dags/example_branch_labels.py took 0.084 seconds
[2023-03-01T15:31:34.857+0000] {processor.py:153} INFO - Started process (PID=2395) to work on /home/airflow/.local/lib/python3.7/site-packages/airflow/example_dags/example_branch_labels.py
[2023-03-01T15:31:34.858+0000] {processor.py:743} INFO - Processing file /home/airflow/.local/lib/python3.7/site-packages/airflow/example_dags/example_branch_labels.py for tasks to queue
[2023-03-01T15:31:34.858+0000] {logging_mixin.py:137} INFO - [2023-03-01T15:31:34.858+0000] {dagbag.py:538} INFO - Filling up the DagBag from /home/airflow/.local/lib/python3.7/site-packages/airflow/example_dags/example_branch_labels.py
[2023-03-01T15:31:34.870+0000] {processor.py:753} INFO - DAG(s) dict_keys(['example_branch_labels']) retrieved from /home/airflow/.local/lib/python3.7/site-packages/airflow/example_dags/example_branch_labels.py
[2023-03-01T15:31:34.892+0000] {logging_mixin.py:137} INFO - [2023-03-01T15:31:34.892+0000] {dag.py:2690} INFO - Sync 1 DAGs
[2023-03-01T15:31:34.919+0000] {logging_mixin.py:137} INFO - [2023-03-01T15:31:34.918+0000] {dag.py:3441} INFO - Setting next_dagrun for example_branch_labels to 2023-02-28T00:00:00+00:00, run_after=2023-03-01T00:00:00+00:00
[2023-03-01T15:31:34.938+0000] {processor.py:175} INFO - Processing /home/airflow/.local/lib/python3.7/site-packages/airflow/example_dags/example_branch_labels.py took 0.083 seconds
[2023-03-01T15:32:05.416+0000] {processor.py:153} INFO - Started process (PID=2474) to work on /home/airflow/.local/lib/python3.7/site-packages/airflow/example_dags/example_branch_labels.py
[2023-03-01T15:32:05.416+0000] {processor.py:743} INFO - Processing file /home/airflow/.local/lib/python3.7/site-packages/airflow/example_dags/example_branch_labels.py for tasks to queue
[2023-03-01T15:32:05.417+0000] {logging_mixin.py:137} INFO - [2023-03-01T15:32:05.416+0000] {dagbag.py:538} INFO - Filling up the DagBag from /home/airflow/.local/lib/python3.7/site-packages/airflow/example_dags/example_branch_labels.py
[2023-03-01T15:32:05.427+0000] {processor.py:753} INFO - DAG(s) dict_keys(['example_branch_labels']) retrieved from /home/airflow/.local/lib/python3.7/site-packages/airflow/example_dags/example_branch_labels.py
[2023-03-01T15:32:05.449+0000] {logging_mixin.py:137} INFO - [2023-03-01T15:32:05.449+0000] {dag.py:2690} INFO - Sync 1 DAGs
[2023-03-01T15:32:05.474+0000] {logging_mixin.py:137} INFO - [2023-03-01T15:32:05.473+0000] {dag.py:3441} INFO - Setting next_dagrun for example_branch_labels to 2023-02-28T00:00:00+00:00, run_after=2023-03-01T00:00:00+00:00
[2023-03-01T15:32:05.492+0000] {processor.py:175} INFO - Processing /home/airflow/.local/lib/python3.7/site-packages/airflow/example_dags/example_branch_labels.py took 0.078 seconds
[2023-03-01T15:32:35.954+0000] {processor.py:153} INFO - Started process (PID=2573) to work on /home/airflow/.local/lib/python3.7/site-packages/airflow/example_dags/example_branch_labels.py
[2023-03-01T15:32:35.955+0000] {processor.py:743} INFO - Processing file /home/airflow/.local/lib/python3.7/site-packages/airflow/example_dags/example_branch_labels.py for tasks to queue
[2023-03-01T15:32:35.955+0000] {logging_mixin.py:137} INFO - [2023-03-01T15:32:35.955+0000] {dagbag.py:538} INFO - Filling up the DagBag from /home/airflow/.local/lib/python3.7/site-packages/airflow/example_dags/example_branch_labels.py
[2023-03-01T15:32:35.967+0000] {processor.py:753} INFO - DAG(s) dict_keys(['example_branch_labels']) retrieved from /home/airflow/.local/lib/python3.7/site-packages/airflow/example_dags/example_branch_labels.py
[2023-03-01T15:32:35.989+0000] {logging_mixin.py:137} INFO - [2023-03-01T15:32:35.989+0000] {dag.py:2690} INFO - Sync 1 DAGs
[2023-03-01T15:32:36.015+0000] {logging_mixin.py:137} INFO - [2023-03-01T15:32:36.014+0000] {dag.py:3441} INFO - Setting next_dagrun for example_branch_labels to 2023-02-28T00:00:00+00:00, run_after=2023-03-01T00:00:00+00:00
[2023-03-01T15:32:36.031+0000] {processor.py:175} INFO - Processing /home/airflow/.local/lib/python3.7/site-packages/airflow/example_dags/example_branch_labels.py took 0.079 seconds
[2023-03-01T15:33:06.887+0000] {processor.py:153} INFO - Started process (PID=2672) to work on /home/airflow/.local/lib/python3.7/site-packages/airflow/example_dags/example_branch_labels.py
[2023-03-01T15:33:06.887+0000] {processor.py:743} INFO - Processing file /home/airflow/.local/lib/python3.7/site-packages/airflow/example_dags/example_branch_labels.py for tasks to queue
[2023-03-01T15:33:06.888+0000] {logging_mixin.py:137} INFO - [2023-03-01T15:33:06.888+0000] {dagbag.py:538} INFO - Filling up the DagBag from /home/airflow/.local/lib/python3.7/site-packages/airflow/example_dags/example_branch_labels.py
[2023-03-01T15:33:06.900+0000] {processor.py:753} INFO - DAG(s) dict_keys(['example_branch_labels']) retrieved from /home/airflow/.local/lib/python3.7/site-packages/airflow/example_dags/example_branch_labels.py
[2023-03-01T15:33:06.923+0000] {logging_mixin.py:137} INFO - [2023-03-01T15:33:06.923+0000] {dag.py:2690} INFO - Sync 1 DAGs
[2023-03-01T15:33:06.950+0000] {logging_mixin.py:137} INFO - [2023-03-01T15:33:06.950+0000] {dag.py:3441} INFO - Setting next_dagrun for example_branch_labels to 2023-02-28T00:00:00+00:00, run_after=2023-03-01T00:00:00+00:00
[2023-03-01T15:33:06.971+0000] {processor.py:175} INFO - Processing /home/airflow/.local/lib/python3.7/site-packages/airflow/example_dags/example_branch_labels.py took 0.086 seconds
[2023-03-01T15:33:37.287+0000] {processor.py:153} INFO - Started process (PID=2751) to work on /home/airflow/.local/lib/python3.7/site-packages/airflow/example_dags/example_branch_labels.py
[2023-03-01T15:33:37.287+0000] {processor.py:743} INFO - Processing file /home/airflow/.local/lib/python3.7/site-packages/airflow/example_dags/example_branch_labels.py for tasks to queue
[2023-03-01T15:33:37.288+0000] {logging_mixin.py:137} INFO - [2023-03-01T15:33:37.288+0000] {dagbag.py:538} INFO - Filling up the DagBag from /home/airflow/.local/lib/python3.7/site-packages/airflow/example_dags/example_branch_labels.py
[2023-03-01T15:33:37.299+0000] {processor.py:753} INFO - DAG(s) dict_keys(['example_branch_labels']) retrieved from /home/airflow/.local/lib/python3.7/site-packages/airflow/example_dags/example_branch_labels.py
[2023-03-01T15:33:37.321+0000] {logging_mixin.py:137} INFO - [2023-03-01T15:33:37.321+0000] {dag.py:2690} INFO - Sync 1 DAGs
[2023-03-01T15:33:37.345+0000] {logging_mixin.py:137} INFO - [2023-03-01T15:33:37.344+0000] {dag.py:3441} INFO - Setting next_dagrun for example_branch_labels to 2023-02-28T00:00:00+00:00, run_after=2023-03-01T00:00:00+00:00
[2023-03-01T15:33:37.364+0000] {processor.py:175} INFO - Processing /home/airflow/.local/lib/python3.7/site-packages/airflow/example_dags/example_branch_labels.py took 0.079 seconds
[2023-03-01T15:34:07.999+0000] {processor.py:153} INFO - Started process (PID=2849) to work on /home/airflow/.local/lib/python3.7/site-packages/airflow/example_dags/example_branch_labels.py
[2023-03-01T15:34:08.000+0000] {processor.py:743} INFO - Processing file /home/airflow/.local/lib/python3.7/site-packages/airflow/example_dags/example_branch_labels.py for tasks to queue
[2023-03-01T15:34:08.000+0000] {logging_mixin.py:137} INFO - [2023-03-01T15:34:08.000+0000] {dagbag.py:538} INFO - Filling up the DagBag from /home/airflow/.local/lib/python3.7/site-packages/airflow/example_dags/example_branch_labels.py
[2023-03-01T15:34:08.013+0000] {processor.py:753} INFO - DAG(s) dict_keys(['example_branch_labels']) retrieved from /home/airflow/.local/lib/python3.7/site-packages/airflow/example_dags/example_branch_labels.py
[2023-03-01T15:34:08.038+0000] {logging_mixin.py:137} INFO - [2023-03-01T15:34:08.038+0000] {dag.py:2690} INFO - Sync 1 DAGs
[2023-03-01T15:34:08.063+0000] {logging_mixin.py:137} INFO - [2023-03-01T15:34:08.063+0000] {dag.py:3441} INFO - Setting next_dagrun for example_branch_labels to 2023-02-28T00:00:00+00:00, run_after=2023-03-01T00:00:00+00:00
[2023-03-01T15:34:08.088+0000] {processor.py:175} INFO - Processing /home/airflow/.local/lib/python3.7/site-packages/airflow/example_dags/example_branch_labels.py took 0.092 seconds
[2023-03-01T15:34:38.640+0000] {processor.py:153} INFO - Started process (PID=2929) to work on /home/airflow/.local/lib/python3.7/site-packages/airflow/example_dags/example_branch_labels.py
[2023-03-01T15:34:38.641+0000] {processor.py:743} INFO - Processing file /home/airflow/.local/lib/python3.7/site-packages/airflow/example_dags/example_branch_labels.py for tasks to queue
[2023-03-01T15:34:38.641+0000] {logging_mixin.py:137} INFO - [2023-03-01T15:34:38.641+0000] {dagbag.py:538} INFO - Filling up the DagBag from /home/airflow/.local/lib/python3.7/site-packages/airflow/example_dags/example_branch_labels.py
[2023-03-01T15:34:38.653+0000] {processor.py:753} INFO - DAG(s) dict_keys(['example_branch_labels']) retrieved from /home/airflow/.local/lib/python3.7/site-packages/airflow/example_dags/example_branch_labels.py
[2023-03-01T15:34:38.674+0000] {logging_mixin.py:137} INFO - [2023-03-01T15:34:38.674+0000] {dag.py:2690} INFO - Sync 1 DAGs
[2023-03-01T15:34:38.698+0000] {logging_mixin.py:137} INFO - [2023-03-01T15:34:38.697+0000] {dag.py:3441} INFO - Setting next_dagrun for example_branch_labels to 2023-02-28T00:00:00+00:00, run_after=2023-03-01T00:00:00+00:00
[2023-03-01T15:34:38.715+0000] {processor.py:175} INFO - Processing /home/airflow/.local/lib/python3.7/site-packages/airflow/example_dags/example_branch_labels.py took 0.078 seconds
[2023-03-01T15:35:09.377+0000] {processor.py:153} INFO - Started process (PID=3028) to work on /home/airflow/.local/lib/python3.7/site-packages/airflow/example_dags/example_branch_labels.py
[2023-03-01T15:35:09.377+0000] {processor.py:743} INFO - Processing file /home/airflow/.local/lib/python3.7/site-packages/airflow/example_dags/example_branch_labels.py for tasks to queue
[2023-03-01T15:35:09.378+0000] {logging_mixin.py:137} INFO - [2023-03-01T15:35:09.378+0000] {dagbag.py:538} INFO - Filling up the DagBag from /home/airflow/.local/lib/python3.7/site-packages/airflow/example_dags/example_branch_labels.py
[2023-03-01T15:35:09.390+0000] {processor.py:753} INFO - DAG(s) dict_keys(['example_branch_labels']) retrieved from /home/airflow/.local/lib/python3.7/site-packages/airflow/example_dags/example_branch_labels.py
[2023-03-01T15:35:09.418+0000] {logging_mixin.py:137} INFO - [2023-03-01T15:35:09.417+0000] {dag.py:2690} INFO - Sync 1 DAGs
[2023-03-01T15:35:09.443+0000] {logging_mixin.py:137} INFO - [2023-03-01T15:35:09.443+0000] {dag.py:3441} INFO - Setting next_dagrun for example_branch_labels to 2023-02-28T00:00:00+00:00, run_after=2023-03-01T00:00:00+00:00
[2023-03-01T15:35:09.462+0000] {processor.py:175} INFO - Processing /home/airflow/.local/lib/python3.7/site-packages/airflow/example_dags/example_branch_labels.py took 0.088 seconds
[2023-03-01T15:35:39.727+0000] {processor.py:153} INFO - Started process (PID=3107) to work on /home/airflow/.local/lib/python3.7/site-packages/airflow/example_dags/example_branch_labels.py
[2023-03-01T15:35:39.728+0000] {processor.py:743} INFO - Processing file /home/airflow/.local/lib/python3.7/site-packages/airflow/example_dags/example_branch_labels.py for tasks to queue
[2023-03-01T15:35:39.728+0000] {logging_mixin.py:137} INFO - [2023-03-01T15:35:39.728+0000] {dagbag.py:538} INFO - Filling up the DagBag from /home/airflow/.local/lib/python3.7/site-packages/airflow/example_dags/example_branch_labels.py
[2023-03-01T15:35:39.741+0000] {processor.py:753} INFO - DAG(s) dict_keys(['example_branch_labels']) retrieved from /home/airflow/.local/lib/python3.7/site-packages/airflow/example_dags/example_branch_labels.py
[2023-03-01T15:35:39.764+0000] {logging_mixin.py:137} INFO - [2023-03-01T15:35:39.763+0000] {dag.py:2690} INFO - Sync 1 DAGs
[2023-03-01T15:35:39.789+0000] {logging_mixin.py:137} INFO - [2023-03-01T15:35:39.789+0000] {dag.py:3441} INFO - Setting next_dagrun for example_branch_labels to 2023-02-28T00:00:00+00:00, run_after=2023-03-01T00:00:00+00:00
[2023-03-01T15:35:39.808+0000] {processor.py:175} INFO - Processing /home/airflow/.local/lib/python3.7/site-packages/airflow/example_dags/example_branch_labels.py took 0.084 seconds
[2023-03-01T15:36:10.267+0000] {processor.py:153} INFO - Started process (PID=3206) to work on /home/airflow/.local/lib/python3.7/site-packages/airflow/example_dags/example_branch_labels.py
[2023-03-01T15:36:10.268+0000] {processor.py:743} INFO - Processing file /home/airflow/.local/lib/python3.7/site-packages/airflow/example_dags/example_branch_labels.py for tasks to queue
[2023-03-01T15:36:10.268+0000] {logging_mixin.py:137} INFO - [2023-03-01T15:36:10.268+0000] {dagbag.py:538} INFO - Filling up the DagBag from /home/airflow/.local/lib/python3.7/site-packages/airflow/example_dags/example_branch_labels.py
[2023-03-01T15:36:10.281+0000] {processor.py:753} INFO - DAG(s) dict_keys(['example_branch_labels']) retrieved from /home/airflow/.local/lib/python3.7/site-packages/airflow/example_dags/example_branch_labels.py
[2023-03-01T15:36:10.304+0000] {logging_mixin.py:137} INFO - [2023-03-01T15:36:10.304+0000] {dag.py:2690} INFO - Sync 1 DAGs
[2023-03-01T15:36:10.328+0000] {logging_mixin.py:137} INFO - [2023-03-01T15:36:10.328+0000] {dag.py:3441} INFO - Setting next_dagrun for example_branch_labels to 2023-02-28T00:00:00+00:00, run_after=2023-03-01T00:00:00+00:00
[2023-03-01T15:36:10.349+0000] {processor.py:175} INFO - Processing /home/airflow/.local/lib/python3.7/site-packages/airflow/example_dags/example_branch_labels.py took 0.085 seconds
[2023-03-01T15:36:40.911+0000] {processor.py:153} INFO - Started process (PID=3285) to work on /home/airflow/.local/lib/python3.7/site-packages/airflow/example_dags/example_branch_labels.py
[2023-03-01T15:36:40.912+0000] {processor.py:743} INFO - Processing file /home/airflow/.local/lib/python3.7/site-packages/airflow/example_dags/example_branch_labels.py for tasks to queue
[2023-03-01T15:36:40.912+0000] {logging_mixin.py:137} INFO - [2023-03-01T15:36:40.912+0000] {dagbag.py:538} INFO - Filling up the DagBag from /home/airflow/.local/lib/python3.7/site-packages/airflow/example_dags/example_branch_labels.py
[2023-03-01T15:36:40.924+0000] {processor.py:753} INFO - DAG(s) dict_keys(['example_branch_labels']) retrieved from /home/airflow/.local/lib/python3.7/site-packages/airflow/example_dags/example_branch_labels.py
[2023-03-01T15:36:40.946+0000] {logging_mixin.py:137} INFO - [2023-03-01T15:36:40.946+0000] {dag.py:2690} INFO - Sync 1 DAGs
[2023-03-01T15:36:40.970+0000] {logging_mixin.py:137} INFO - [2023-03-01T15:36:40.970+0000] {dag.py:3441} INFO - Setting next_dagrun for example_branch_labels to 2023-02-28T00:00:00+00:00, run_after=2023-03-01T00:00:00+00:00
[2023-03-01T15:36:40.989+0000] {processor.py:175} INFO - Processing /home/airflow/.local/lib/python3.7/site-packages/airflow/example_dags/example_branch_labels.py took 0.081 seconds
[2023-03-01T15:37:11.564+0000] {processor.py:153} INFO - Started process (PID=3384) to work on /home/airflow/.local/lib/python3.7/site-packages/airflow/example_dags/example_branch_labels.py
[2023-03-01T15:37:11.565+0000] {processor.py:743} INFO - Processing file /home/airflow/.local/lib/python3.7/site-packages/airflow/example_dags/example_branch_labels.py for tasks to queue
[2023-03-01T15:37:11.565+0000] {logging_mixin.py:137} INFO - [2023-03-01T15:37:11.565+0000] {dagbag.py:538} INFO - Filling up the DagBag from /home/airflow/.local/lib/python3.7/site-packages/airflow/example_dags/example_branch_labels.py
[2023-03-01T15:37:11.577+0000] {processor.py:753} INFO - DAG(s) dict_keys(['example_branch_labels']) retrieved from /home/airflow/.local/lib/python3.7/site-packages/airflow/example_dags/example_branch_labels.py
[2023-03-01T15:37:11.605+0000] {logging_mixin.py:137} INFO - [2023-03-01T15:37:11.605+0000] {dag.py:2690} INFO - Sync 1 DAGs
[2023-03-01T15:37:11.634+0000] {logging_mixin.py:137} INFO - [2023-03-01T15:37:11.634+0000] {dag.py:3441} INFO - Setting next_dagrun for example_branch_labels to 2023-02-28T00:00:00+00:00, run_after=2023-03-01T00:00:00+00:00
[2023-03-01T15:37:11.653+0000] {processor.py:175} INFO - Processing /home/airflow/.local/lib/python3.7/site-packages/airflow/example_dags/example_branch_labels.py took 0.092 seconds
[2023-03-01T15:37:42.471+0000] {processor.py:153} INFO - Started process (PID=3463) to work on /home/airflow/.local/lib/python3.7/site-packages/airflow/example_dags/example_branch_labels.py
[2023-03-01T15:37:42.472+0000] {processor.py:743} INFO - Processing file /home/airflow/.local/lib/python3.7/site-packages/airflow/example_dags/example_branch_labels.py for tasks to queue
[2023-03-01T15:37:42.473+0000] {logging_mixin.py:137} INFO - [2023-03-01T15:37:42.473+0000] {dagbag.py:538} INFO - Filling up the DagBag from /home/airflow/.local/lib/python3.7/site-packages/airflow/example_dags/example_branch_labels.py
[2023-03-01T15:37:42.483+0000] {processor.py:753} INFO - DAG(s) dict_keys(['example_branch_labels']) retrieved from /home/airflow/.local/lib/python3.7/site-packages/airflow/example_dags/example_branch_labels.py
[2023-03-01T15:37:42.510+0000] {logging_mixin.py:137} INFO - [2023-03-01T15:37:42.510+0000] {dag.py:2690} INFO - Sync 1 DAGs
[2023-03-01T15:37:42.534+0000] {logging_mixin.py:137} INFO - [2023-03-01T15:37:42.534+0000] {dag.py:3441} INFO - Setting next_dagrun for example_branch_labels to 2023-02-28T00:00:00+00:00, run_after=2023-03-01T00:00:00+00:00
[2023-03-01T15:37:42.552+0000] {processor.py:175} INFO - Processing /home/airflow/.local/lib/python3.7/site-packages/airflow/example_dags/example_branch_labels.py took 0.083 seconds
[2023-03-01T15:38:12.978+0000] {processor.py:153} INFO - Started process (PID=3562) to work on /home/airflow/.local/lib/python3.7/site-packages/airflow/example_dags/example_branch_labels.py
[2023-03-01T15:38:12.979+0000] {processor.py:743} INFO - Processing file /home/airflow/.local/lib/python3.7/site-packages/airflow/example_dags/example_branch_labels.py for tasks to queue
[2023-03-01T15:38:12.979+0000] {logging_mixin.py:137} INFO - [2023-03-01T15:38:12.979+0000] {dagbag.py:538} INFO - Filling up the DagBag from /home/airflow/.local/lib/python3.7/site-packages/airflow/example_dags/example_branch_labels.py
[2023-03-01T15:38:12.990+0000] {processor.py:753} INFO - DAG(s) dict_keys(['example_branch_labels']) retrieved from /home/airflow/.local/lib/python3.7/site-packages/airflow/example_dags/example_branch_labels.py
[2023-03-01T15:38:13.013+0000] {logging_mixin.py:137} INFO - [2023-03-01T15:38:13.013+0000] {dag.py:2690} INFO - Sync 1 DAGs
[2023-03-01T15:38:13.038+0000] {logging_mixin.py:137} INFO - [2023-03-01T15:38:13.038+0000] {dag.py:3441} INFO - Setting next_dagrun for example_branch_labels to 2023-02-28T00:00:00+00:00, run_after=2023-03-01T00:00:00+00:00
[2023-03-01T15:38:13.055+0000] {processor.py:175} INFO - Processing /home/airflow/.local/lib/python3.7/site-packages/airflow/example_dags/example_branch_labels.py took 0.079 seconds
[2023-03-01T15:38:43.567+0000] {processor.py:153} INFO - Started process (PID=3641) to work on /home/airflow/.local/lib/python3.7/site-packages/airflow/example_dags/example_branch_labels.py
[2023-03-01T15:38:43.567+0000] {processor.py:743} INFO - Processing file /home/airflow/.local/lib/python3.7/site-packages/airflow/example_dags/example_branch_labels.py for tasks to queue
[2023-03-01T15:38:43.568+0000] {logging_mixin.py:137} INFO - [2023-03-01T15:38:43.568+0000] {dagbag.py:538} INFO - Filling up the DagBag from /home/airflow/.local/lib/python3.7/site-packages/airflow/example_dags/example_branch_labels.py
[2023-03-01T15:38:43.578+0000] {processor.py:753} INFO - DAG(s) dict_keys(['example_branch_labels']) retrieved from /home/airflow/.local/lib/python3.7/site-packages/airflow/example_dags/example_branch_labels.py
[2023-03-01T15:38:43.600+0000] {logging_mixin.py:137} INFO - [2023-03-01T15:38:43.600+0000] {dag.py:2690} INFO - Sync 1 DAGs
[2023-03-01T15:38:43.625+0000] {logging_mixin.py:137} INFO - [2023-03-01T15:38:43.625+0000] {dag.py:3441} INFO - Setting next_dagrun for example_branch_labels to 2023-02-28T00:00:00+00:00, run_after=2023-03-01T00:00:00+00:00
[2023-03-01T15:38:43.642+0000] {processor.py:175} INFO - Processing /home/airflow/.local/lib/python3.7/site-packages/airflow/example_dags/example_branch_labels.py took 0.078 seconds
[2023-03-01T15:39:13.988+0000] {processor.py:153} INFO - Started process (PID=3741) to work on /home/airflow/.local/lib/python3.7/site-packages/airflow/example_dags/example_branch_labels.py
[2023-03-01T15:39:13.988+0000] {processor.py:743} INFO - Processing file /home/airflow/.local/lib/python3.7/site-packages/airflow/example_dags/example_branch_labels.py for tasks to queue
[2023-03-01T15:39:13.989+0000] {logging_mixin.py:137} INFO - [2023-03-01T15:39:13.989+0000] {dagbag.py:538} INFO - Filling up the DagBag from /home/airflow/.local/lib/python3.7/site-packages/airflow/example_dags/example_branch_labels.py
[2023-03-01T15:39:14.000+0000] {processor.py:753} INFO - DAG(s) dict_keys(['example_branch_labels']) retrieved from /home/airflow/.local/lib/python3.7/site-packages/airflow/example_dags/example_branch_labels.py
[2023-03-01T15:39:14.023+0000] {logging_mixin.py:137} INFO - [2023-03-01T15:39:14.022+0000] {dag.py:2690} INFO - Sync 1 DAGs
[2023-03-01T15:39:14.046+0000] {logging_mixin.py:137} INFO - [2023-03-01T15:39:14.046+0000] {dag.py:3441} INFO - Setting next_dagrun for example_branch_labels to 2023-02-28T00:00:00+00:00, run_after=2023-03-01T00:00:00+00:00
[2023-03-01T15:39:14.064+0000] {processor.py:175} INFO - Processing /home/airflow/.local/lib/python3.7/site-packages/airflow/example_dags/example_branch_labels.py took 0.078 seconds
[2023-03-01T15:39:44.454+0000] {processor.py:153} INFO - Started process (PID=3820) to work on /home/airflow/.local/lib/python3.7/site-packages/airflow/example_dags/example_branch_labels.py
[2023-03-01T15:39:44.454+0000] {processor.py:743} INFO - Processing file /home/airflow/.local/lib/python3.7/site-packages/airflow/example_dags/example_branch_labels.py for tasks to queue
[2023-03-01T15:39:44.455+0000] {logging_mixin.py:137} INFO - [2023-03-01T15:39:44.455+0000] {dagbag.py:538} INFO - Filling up the DagBag from /home/airflow/.local/lib/python3.7/site-packages/airflow/example_dags/example_branch_labels.py
[2023-03-01T15:39:44.466+0000] {processor.py:753} INFO - DAG(s) dict_keys(['example_branch_labels']) retrieved from /home/airflow/.local/lib/python3.7/site-packages/airflow/example_dags/example_branch_labels.py
[2023-03-01T15:39:44.489+0000] {logging_mixin.py:137} INFO - [2023-03-01T15:39:44.489+0000] {dag.py:2690} INFO - Sync 1 DAGs
[2023-03-01T15:39:44.512+0000] {logging_mixin.py:137} INFO - [2023-03-01T15:39:44.512+0000] {dag.py:3441} INFO - Setting next_dagrun for example_branch_labels to 2023-02-28T00:00:00+00:00, run_after=2023-03-01T00:00:00+00:00
[2023-03-01T15:39:44.533+0000] {processor.py:175} INFO - Processing /home/airflow/.local/lib/python3.7/site-packages/airflow/example_dags/example_branch_labels.py took 0.081 seconds
[2023-03-01T15:40:15.192+0000] {processor.py:153} INFO - Started process (PID=3919) to work on /home/airflow/.local/lib/python3.7/site-packages/airflow/example_dags/example_branch_labels.py
[2023-03-01T15:40:15.193+0000] {processor.py:743} INFO - Processing file /home/airflow/.local/lib/python3.7/site-packages/airflow/example_dags/example_branch_labels.py for tasks to queue
[2023-03-01T15:40:15.193+0000] {logging_mixin.py:137} INFO - [2023-03-01T15:40:15.193+0000] {dagbag.py:538} INFO - Filling up the DagBag from /home/airflow/.local/lib/python3.7/site-packages/airflow/example_dags/example_branch_labels.py
[2023-03-01T15:40:15.205+0000] {processor.py:753} INFO - DAG(s) dict_keys(['example_branch_labels']) retrieved from /home/airflow/.local/lib/python3.7/site-packages/airflow/example_dags/example_branch_labels.py
[2023-03-01T15:40:15.229+0000] {logging_mixin.py:137} INFO - [2023-03-01T15:40:15.229+0000] {dag.py:2690} INFO - Sync 1 DAGs
[2023-03-01T15:40:15.255+0000] {logging_mixin.py:137} INFO - [2023-03-01T15:40:15.255+0000] {dag.py:3441} INFO - Setting next_dagrun for example_branch_labels to 2023-02-28T00:00:00+00:00, run_after=2023-03-01T00:00:00+00:00
[2023-03-01T15:40:15.275+0000] {processor.py:175} INFO - Processing /home/airflow/.local/lib/python3.7/site-packages/airflow/example_dags/example_branch_labels.py took 0.086 seconds
[2023-03-01T15:40:45.814+0000] {processor.py:153} INFO - Started process (PID=3998) to work on /home/airflow/.local/lib/python3.7/site-packages/airflow/example_dags/example_branch_labels.py
[2023-03-01T15:40:45.815+0000] {processor.py:743} INFO - Processing file /home/airflow/.local/lib/python3.7/site-packages/airflow/example_dags/example_branch_labels.py for tasks to queue
[2023-03-01T15:40:45.815+0000] {logging_mixin.py:137} INFO - [2023-03-01T15:40:45.815+0000] {dagbag.py:538} INFO - Filling up the DagBag from /home/airflow/.local/lib/python3.7/site-packages/airflow/example_dags/example_branch_labels.py
[2023-03-01T15:40:45.826+0000] {processor.py:753} INFO - DAG(s) dict_keys(['example_branch_labels']) retrieved from /home/airflow/.local/lib/python3.7/site-packages/airflow/example_dags/example_branch_labels.py
[2023-03-01T15:40:45.849+0000] {logging_mixin.py:137} INFO - [2023-03-01T15:40:45.849+0000] {dag.py:2690} INFO - Sync 1 DAGs
[2023-03-01T15:40:45.872+0000] {logging_mixin.py:137} INFO - [2023-03-01T15:40:45.872+0000] {dag.py:3441} INFO - Setting next_dagrun for example_branch_labels to 2023-02-28T00:00:00+00:00, run_after=2023-03-01T00:00:00+00:00
[2023-03-01T15:40:45.890+0000] {processor.py:175} INFO - Processing /home/airflow/.local/lib/python3.7/site-packages/airflow/example_dags/example_branch_labels.py took 0.079 seconds
[2023-03-01T15:41:16.581+0000] {processor.py:153} INFO - Started process (PID=4097) to work on /home/airflow/.local/lib/python3.7/site-packages/airflow/example_dags/example_branch_labels.py
[2023-03-01T15:41:16.582+0000] {processor.py:743} INFO - Processing file /home/airflow/.local/lib/python3.7/site-packages/airflow/example_dags/example_branch_labels.py for tasks to queue
[2023-03-01T15:41:16.582+0000] {logging_mixin.py:137} INFO - [2023-03-01T15:41:16.582+0000] {dagbag.py:538} INFO - Filling up the DagBag from /home/airflow/.local/lib/python3.7/site-packages/airflow/example_dags/example_branch_labels.py
[2023-03-01T15:41:16.593+0000] {processor.py:753} INFO - DAG(s) dict_keys(['example_branch_labels']) retrieved from /home/airflow/.local/lib/python3.7/site-packages/airflow/example_dags/example_branch_labels.py
[2023-03-01T15:41:16.617+0000] {logging_mixin.py:137} INFO - [2023-03-01T15:41:16.617+0000] {dag.py:2690} INFO - Sync 1 DAGs
[2023-03-01T15:41:16.639+0000] {logging_mixin.py:137} INFO - [2023-03-01T15:41:16.639+0000] {dag.py:3441} INFO - Setting next_dagrun for example_branch_labels to 2023-02-28T00:00:00+00:00, run_after=2023-03-01T00:00:00+00:00
[2023-03-01T15:41:16.658+0000] {processor.py:175} INFO - Processing /home/airflow/.local/lib/python3.7/site-packages/airflow/example_dags/example_branch_labels.py took 0.079 seconds
[2023-03-01T15:41:47.111+0000] {processor.py:153} INFO - Started process (PID=4185) to work on /home/airflow/.local/lib/python3.7/site-packages/airflow/example_dags/example_branch_labels.py
[2023-03-01T15:41:47.112+0000] {processor.py:743} INFO - Processing file /home/airflow/.local/lib/python3.7/site-packages/airflow/example_dags/example_branch_labels.py for tasks to queue
[2023-03-01T15:41:47.112+0000] {logging_mixin.py:137} INFO - [2023-03-01T15:41:47.112+0000] {dagbag.py:538} INFO - Filling up the DagBag from /home/airflow/.local/lib/python3.7/site-packages/airflow/example_dags/example_branch_labels.py
[2023-03-01T15:41:47.125+0000] {processor.py:753} INFO - DAG(s) dict_keys(['example_branch_labels']) retrieved from /home/airflow/.local/lib/python3.7/site-packages/airflow/example_dags/example_branch_labels.py
[2023-03-01T15:41:47.149+0000] {logging_mixin.py:137} INFO - [2023-03-01T15:41:47.148+0000] {dag.py:2690} INFO - Sync 1 DAGs
[2023-03-01T15:41:47.172+0000] {logging_mixin.py:137} INFO - [2023-03-01T15:41:47.172+0000] {dag.py:3441} INFO - Setting next_dagrun for example_branch_labels to 2023-02-28T00:00:00+00:00, run_after=2023-03-01T00:00:00+00:00
[2023-03-01T15:41:47.192+0000] {processor.py:175} INFO - Processing /home/airflow/.local/lib/python3.7/site-packages/airflow/example_dags/example_branch_labels.py took 0.084 seconds
[2023-03-01T15:42:17.762+0000] {processor.py:153} INFO - Started process (PID=4275) to work on /home/airflow/.local/lib/python3.7/site-packages/airflow/example_dags/example_branch_labels.py
[2023-03-01T15:42:17.763+0000] {processor.py:743} INFO - Processing file /home/airflow/.local/lib/python3.7/site-packages/airflow/example_dags/example_branch_labels.py for tasks to queue
[2023-03-01T15:42:17.763+0000] {logging_mixin.py:137} INFO - [2023-03-01T15:42:17.763+0000] {dagbag.py:538} INFO - Filling up the DagBag from /home/airflow/.local/lib/python3.7/site-packages/airflow/example_dags/example_branch_labels.py
[2023-03-01T15:42:17.776+0000] {processor.py:753} INFO - DAG(s) dict_keys(['example_branch_labels']) retrieved from /home/airflow/.local/lib/python3.7/site-packages/airflow/example_dags/example_branch_labels.py
[2023-03-01T15:42:17.797+0000] {logging_mixin.py:137} INFO - [2023-03-01T15:42:17.797+0000] {dag.py:2690} INFO - Sync 1 DAGs
[2023-03-01T15:42:17.822+0000] {logging_mixin.py:137} INFO - [2023-03-01T15:42:17.822+0000] {dag.py:3441} INFO - Setting next_dagrun for example_branch_labels to 2023-02-28T00:00:00+00:00, run_after=2023-03-01T00:00:00+00:00
[2023-03-01T15:42:17.841+0000] {processor.py:175} INFO - Processing /home/airflow/.local/lib/python3.7/site-packages/airflow/example_dags/example_branch_labels.py took 0.081 seconds
[2023-03-01T15:42:48.628+0000] {processor.py:153} INFO - Started process (PID=4363) to work on /home/airflow/.local/lib/python3.7/site-packages/airflow/example_dags/example_branch_labels.py
[2023-03-01T15:42:48.628+0000] {processor.py:743} INFO - Processing file /home/airflow/.local/lib/python3.7/site-packages/airflow/example_dags/example_branch_labels.py for tasks to queue
[2023-03-01T15:42:48.629+0000] {logging_mixin.py:137} INFO - [2023-03-01T15:42:48.629+0000] {dagbag.py:538} INFO - Filling up the DagBag from /home/airflow/.local/lib/python3.7/site-packages/airflow/example_dags/example_branch_labels.py
[2023-03-01T15:42:48.641+0000] {processor.py:753} INFO - DAG(s) dict_keys(['example_branch_labels']) retrieved from /home/airflow/.local/lib/python3.7/site-packages/airflow/example_dags/example_branch_labels.py
[2023-03-01T15:42:48.668+0000] {logging_mixin.py:137} INFO - [2023-03-01T15:42:48.668+0000] {dag.py:2690} INFO - Sync 1 DAGs
[2023-03-01T15:42:48.704+0000] {logging_mixin.py:137} INFO - [2023-03-01T15:42:48.704+0000] {dag.py:3441} INFO - Setting next_dagrun for example_branch_labels to 2023-02-28T00:00:00+00:00, run_after=2023-03-01T00:00:00+00:00
[2023-03-01T15:42:48.734+0000] {processor.py:175} INFO - Processing /home/airflow/.local/lib/python3.7/site-packages/airflow/example_dags/example_branch_labels.py took 0.109 seconds
[2023-03-01T15:43:18.912+0000] {processor.py:153} INFO - Started process (PID=4453) to work on /home/airflow/.local/lib/python3.7/site-packages/airflow/example_dags/example_branch_labels.py
[2023-03-01T15:43:18.913+0000] {processor.py:743} INFO - Processing file /home/airflow/.local/lib/python3.7/site-packages/airflow/example_dags/example_branch_labels.py for tasks to queue
[2023-03-01T15:43:18.913+0000] {logging_mixin.py:137} INFO - [2023-03-01T15:43:18.913+0000] {dagbag.py:538} INFO - Filling up the DagBag from /home/airflow/.local/lib/python3.7/site-packages/airflow/example_dags/example_branch_labels.py
[2023-03-01T15:43:18.925+0000] {processor.py:753} INFO - DAG(s) dict_keys(['example_branch_labels']) retrieved from /home/airflow/.local/lib/python3.7/site-packages/airflow/example_dags/example_branch_labels.py
[2023-03-01T15:43:18.947+0000] {logging_mixin.py:137} INFO - [2023-03-01T15:43:18.947+0000] {dag.py:2690} INFO - Sync 1 DAGs
[2023-03-01T15:43:18.972+0000] {logging_mixin.py:137} INFO - [2023-03-01T15:43:18.972+0000] {dag.py:3441} INFO - Setting next_dagrun for example_branch_labels to 2023-02-28T00:00:00+00:00, run_after=2023-03-01T00:00:00+00:00
[2023-03-01T15:43:18.991+0000] {processor.py:175} INFO - Processing /home/airflow/.local/lib/python3.7/site-packages/airflow/example_dags/example_branch_labels.py took 0.081 seconds
[2023-03-01T20:03:09.058+0000] {processor.py:153} INFO - Started process (PID=66) to work on /home/airflow/.local/lib/python3.7/site-packages/airflow/example_dags/example_branch_labels.py
[2023-03-01T20:03:09.059+0000] {processor.py:743} INFO - Processing file /home/airflow/.local/lib/python3.7/site-packages/airflow/example_dags/example_branch_labels.py for tasks to queue
[2023-03-01T20:03:09.061+0000] {logging_mixin.py:137} INFO - [2023-03-01T20:03:09.060+0000] {dagbag.py:538} INFO - Filling up the DagBag from /home/airflow/.local/lib/python3.7/site-packages/airflow/example_dags/example_branch_labels.py
[2023-03-01T20:03:09.079+0000] {processor.py:753} INFO - DAG(s) dict_keys(['example_branch_labels']) retrieved from /home/airflow/.local/lib/python3.7/site-packages/airflow/example_dags/example_branch_labels.py
[2023-03-01T20:03:09.095+0000] {logging_mixin.py:137} INFO - [2023-03-01T20:03:09.094+0000] {dag.py:2690} INFO - Sync 1 DAGs
[2023-03-01T20:03:09.137+0000] {logging_mixin.py:137} INFO - [2023-03-01T20:03:09.137+0000] {dag.py:3441} INFO - Setting next_dagrun for example_branch_labels to 2023-02-28T00:00:00+00:00, run_after=2023-03-01T00:00:00+00:00
[2023-03-01T20:03:09.164+0000] {processor.py:175} INFO - Processing /home/airflow/.local/lib/python3.7/site-packages/airflow/example_dags/example_branch_labels.py took 0.110 seconds
[2023-03-01T20:03:40.110+0000] {processor.py:153} INFO - Started process (PID=158) to work on /home/airflow/.local/lib/python3.7/site-packages/airflow/example_dags/example_branch_labels.py
[2023-03-01T20:03:40.111+0000] {processor.py:743} INFO - Processing file /home/airflow/.local/lib/python3.7/site-packages/airflow/example_dags/example_branch_labels.py for tasks to queue
[2023-03-01T20:03:40.111+0000] {logging_mixin.py:137} INFO - [2023-03-01T20:03:40.111+0000] {dagbag.py:538} INFO - Filling up the DagBag from /home/airflow/.local/lib/python3.7/site-packages/airflow/example_dags/example_branch_labels.py
[2023-03-01T20:03:40.123+0000] {processor.py:753} INFO - DAG(s) dict_keys(['example_branch_labels']) retrieved from /home/airflow/.local/lib/python3.7/site-packages/airflow/example_dags/example_branch_labels.py
[2023-03-01T20:03:40.143+0000] {logging_mixin.py:137} INFO - [2023-03-01T20:03:40.143+0000] {dag.py:2690} INFO - Sync 1 DAGs
[2023-03-01T20:03:40.166+0000] {logging_mixin.py:137} INFO - [2023-03-01T20:03:40.165+0000] {dag.py:3441} INFO - Setting next_dagrun for example_branch_labels to 2023-02-28T00:00:00+00:00, run_after=2023-03-01T00:00:00+00:00
[2023-03-01T20:03:40.186+0000] {processor.py:175} INFO - Processing /home/airflow/.local/lib/python3.7/site-packages/airflow/example_dags/example_branch_labels.py took 0.078 seconds
[2023-03-01T20:04:10.928+0000] {processor.py:153} INFO - Started process (PID=237) to work on /home/airflow/.local/lib/python3.7/site-packages/airflow/example_dags/example_branch_labels.py
[2023-03-01T20:04:10.928+0000] {processor.py:743} INFO - Processing file /home/airflow/.local/lib/python3.7/site-packages/airflow/example_dags/example_branch_labels.py for tasks to queue
[2023-03-01T20:04:10.929+0000] {logging_mixin.py:137} INFO - [2023-03-01T20:04:10.929+0000] {dagbag.py:538} INFO - Filling up the DagBag from /home/airflow/.local/lib/python3.7/site-packages/airflow/example_dags/example_branch_labels.py
[2023-03-01T20:04:10.940+0000] {processor.py:753} INFO - DAG(s) dict_keys(['example_branch_labels']) retrieved from /home/airflow/.local/lib/python3.7/site-packages/airflow/example_dags/example_branch_labels.py
[2023-03-01T20:04:10.964+0000] {logging_mixin.py:137} INFO - [2023-03-01T20:04:10.964+0000] {dag.py:2690} INFO - Sync 1 DAGs
[2023-03-01T20:04:10.992+0000] {logging_mixin.py:137} INFO - [2023-03-01T20:04:10.992+0000] {dag.py:3441} INFO - Setting next_dagrun for example_branch_labels to 2023-02-28T00:00:00+00:00, run_after=2023-03-01T00:00:00+00:00
[2023-03-01T20:04:11.010+0000] {processor.py:175} INFO - Processing /home/airflow/.local/lib/python3.7/site-packages/airflow/example_dags/example_branch_labels.py took 0.085 seconds
[2023-03-01T20:04:41.321+0000] {processor.py:153} INFO - Started process (PID=336) to work on /home/airflow/.local/lib/python3.7/site-packages/airflow/example_dags/example_branch_labels.py
[2023-03-01T20:04:41.321+0000] {processor.py:743} INFO - Processing file /home/airflow/.local/lib/python3.7/site-packages/airflow/example_dags/example_branch_labels.py for tasks to queue
[2023-03-01T20:04:41.322+0000] {logging_mixin.py:137} INFO - [2023-03-01T20:04:41.322+0000] {dagbag.py:538} INFO - Filling up the DagBag from /home/airflow/.local/lib/python3.7/site-packages/airflow/example_dags/example_branch_labels.py
[2023-03-01T20:04:41.333+0000] {processor.py:753} INFO - DAG(s) dict_keys(['example_branch_labels']) retrieved from /home/airflow/.local/lib/python3.7/site-packages/airflow/example_dags/example_branch_labels.py
[2023-03-01T20:04:41.357+0000] {logging_mixin.py:137} INFO - [2023-03-01T20:04:41.357+0000] {dag.py:2690} INFO - Sync 1 DAGs
[2023-03-01T20:04:41.380+0000] {logging_mixin.py:137} INFO - [2023-03-01T20:04:41.380+0000] {dag.py:3441} INFO - Setting next_dagrun for example_branch_labels to 2023-02-28T00:00:00+00:00, run_after=2023-03-01T00:00:00+00:00
[2023-03-01T20:04:41.396+0000] {processor.py:175} INFO - Processing /home/airflow/.local/lib/python3.7/site-packages/airflow/example_dags/example_branch_labels.py took 0.078 seconds
[2023-03-01T20:05:11.797+0000] {processor.py:153} INFO - Started process (PID=415) to work on /home/airflow/.local/lib/python3.7/site-packages/airflow/example_dags/example_branch_labels.py
[2023-03-01T20:05:11.797+0000] {processor.py:743} INFO - Processing file /home/airflow/.local/lib/python3.7/site-packages/airflow/example_dags/example_branch_labels.py for tasks to queue
[2023-03-01T20:05:11.797+0000] {logging_mixin.py:137} INFO - [2023-03-01T20:05:11.797+0000] {dagbag.py:538} INFO - Filling up the DagBag from /home/airflow/.local/lib/python3.7/site-packages/airflow/example_dags/example_branch_labels.py
[2023-03-01T20:05:11.809+0000] {processor.py:753} INFO - DAG(s) dict_keys(['example_branch_labels']) retrieved from /home/airflow/.local/lib/python3.7/site-packages/airflow/example_dags/example_branch_labels.py
[2023-03-01T20:05:11.831+0000] {logging_mixin.py:137} INFO - [2023-03-01T20:05:11.831+0000] {dag.py:2690} INFO - Sync 1 DAGs
[2023-03-01T20:05:11.856+0000] {logging_mixin.py:137} INFO - [2023-03-01T20:05:11.855+0000] {dag.py:3441} INFO - Setting next_dagrun for example_branch_labels to 2023-02-28T00:00:00+00:00, run_after=2023-03-01T00:00:00+00:00
[2023-03-01T20:05:11.873+0000] {processor.py:175} INFO - Processing /home/airflow/.local/lib/python3.7/site-packages/airflow/example_dags/example_branch_labels.py took 0.079 seconds
[2023-03-01T20:05:42.229+0000] {processor.py:153} INFO - Started process (PID=514) to work on /home/airflow/.local/lib/python3.7/site-packages/airflow/example_dags/example_branch_labels.py
[2023-03-01T20:05:42.229+0000] {processor.py:743} INFO - Processing file /home/airflow/.local/lib/python3.7/site-packages/airflow/example_dags/example_branch_labels.py for tasks to queue
[2023-03-01T20:05:42.230+0000] {logging_mixin.py:137} INFO - [2023-03-01T20:05:42.230+0000] {dagbag.py:538} INFO - Filling up the DagBag from /home/airflow/.local/lib/python3.7/site-packages/airflow/example_dags/example_branch_labels.py
[2023-03-01T20:05:42.241+0000] {processor.py:753} INFO - DAG(s) dict_keys(['example_branch_labels']) retrieved from /home/airflow/.local/lib/python3.7/site-packages/airflow/example_dags/example_branch_labels.py
[2023-03-01T20:05:42.265+0000] {logging_mixin.py:137} INFO - [2023-03-01T20:05:42.265+0000] {dag.py:2690} INFO - Sync 1 DAGs
[2023-03-01T20:05:42.294+0000] {logging_mixin.py:137} INFO - [2023-03-01T20:05:42.294+0000] {dag.py:3441} INFO - Setting next_dagrun for example_branch_labels to 2023-02-28T00:00:00+00:00, run_after=2023-03-01T00:00:00+00:00
[2023-03-01T20:05:42.315+0000] {processor.py:175} INFO - Processing /home/airflow/.local/lib/python3.7/site-packages/airflow/example_dags/example_branch_labels.py took 0.089 seconds
[2023-03-01T20:06:12.939+0000] {processor.py:153} INFO - Started process (PID=593) to work on /home/airflow/.local/lib/python3.7/site-packages/airflow/example_dags/example_branch_labels.py
[2023-03-01T20:06:12.940+0000] {processor.py:743} INFO - Processing file /home/airflow/.local/lib/python3.7/site-packages/airflow/example_dags/example_branch_labels.py for tasks to queue
[2023-03-01T20:06:12.940+0000] {logging_mixin.py:137} INFO - [2023-03-01T20:06:12.940+0000] {dagbag.py:538} INFO - Filling up the DagBag from /home/airflow/.local/lib/python3.7/site-packages/airflow/example_dags/example_branch_labels.py
[2023-03-01T20:06:12.951+0000] {processor.py:753} INFO - DAG(s) dict_keys(['example_branch_labels']) retrieved from /home/airflow/.local/lib/python3.7/site-packages/airflow/example_dags/example_branch_labels.py
[2023-03-01T20:06:12.972+0000] {logging_mixin.py:137} INFO - [2023-03-01T20:06:12.971+0000] {dag.py:2690} INFO - Sync 1 DAGs
[2023-03-01T20:06:12.996+0000] {logging_mixin.py:137} INFO - [2023-03-01T20:06:12.995+0000] {dag.py:3441} INFO - Setting next_dagrun for example_branch_labels to 2023-02-28T00:00:00+00:00, run_after=2023-03-01T00:00:00+00:00
[2023-03-01T20:06:13.014+0000] {processor.py:175} INFO - Processing /home/airflow/.local/lib/python3.7/site-packages/airflow/example_dags/example_branch_labels.py took 0.077 seconds
[2023-03-01T20:06:43.331+0000] {processor.py:153} INFO - Started process (PID=692) to work on /home/airflow/.local/lib/python3.7/site-packages/airflow/example_dags/example_branch_labels.py
[2023-03-01T20:06:43.332+0000] {processor.py:743} INFO - Processing file /home/airflow/.local/lib/python3.7/site-packages/airflow/example_dags/example_branch_labels.py for tasks to queue
[2023-03-01T20:06:43.333+0000] {logging_mixin.py:137} INFO - [2023-03-01T20:06:43.332+0000] {dagbag.py:538} INFO - Filling up the DagBag from /home/airflow/.local/lib/python3.7/site-packages/airflow/example_dags/example_branch_labels.py
[2023-03-01T20:06:43.343+0000] {processor.py:753} INFO - DAG(s) dict_keys(['example_branch_labels']) retrieved from /home/airflow/.local/lib/python3.7/site-packages/airflow/example_dags/example_branch_labels.py
[2023-03-01T20:06:43.366+0000] {logging_mixin.py:137} INFO - [2023-03-01T20:06:43.366+0000] {dag.py:2690} INFO - Sync 1 DAGs
[2023-03-01T20:06:43.392+0000] {logging_mixin.py:137} INFO - [2023-03-01T20:06:43.392+0000] {dag.py:3441} INFO - Setting next_dagrun for example_branch_labels to 2023-02-28T00:00:00+00:00, run_after=2023-03-01T00:00:00+00:00
[2023-03-01T20:06:43.408+0000] {processor.py:175} INFO - Processing /home/airflow/.local/lib/python3.7/site-packages/airflow/example_dags/example_branch_labels.py took 0.079 seconds
[2023-03-01T20:07:13.798+0000] {processor.py:153} INFO - Started process (PID=771) to work on /home/airflow/.local/lib/python3.7/site-packages/airflow/example_dags/example_branch_labels.py
[2023-03-01T20:07:13.798+0000] {processor.py:743} INFO - Processing file /home/airflow/.local/lib/python3.7/site-packages/airflow/example_dags/example_branch_labels.py for tasks to queue
[2023-03-01T20:07:13.799+0000] {logging_mixin.py:137} INFO - [2023-03-01T20:07:13.799+0000] {dagbag.py:538} INFO - Filling up the DagBag from /home/airflow/.local/lib/python3.7/site-packages/airflow/example_dags/example_branch_labels.py
[2023-03-01T20:07:13.813+0000] {processor.py:753} INFO - DAG(s) dict_keys(['example_branch_labels']) retrieved from /home/airflow/.local/lib/python3.7/site-packages/airflow/example_dags/example_branch_labels.py
[2023-03-01T20:07:13.835+0000] {logging_mixin.py:137} INFO - [2023-03-01T20:07:13.834+0000] {dag.py:2690} INFO - Sync 1 DAGs
[2023-03-01T20:07:13.860+0000] {logging_mixin.py:137} INFO - [2023-03-01T20:07:13.859+0000] {dag.py:3441} INFO - Setting next_dagrun for example_branch_labels to 2023-02-28T00:00:00+00:00, run_after=2023-03-01T00:00:00+00:00
[2023-03-01T20:07:13.877+0000] {processor.py:175} INFO - Processing /home/airflow/.local/lib/python3.7/site-packages/airflow/example_dags/example_branch_labels.py took 0.083 seconds
[2023-03-01T20:07:44.696+0000] {processor.py:153} INFO - Started process (PID=870) to work on /home/airflow/.local/lib/python3.7/site-packages/airflow/example_dags/example_branch_labels.py
[2023-03-01T20:07:44.697+0000] {processor.py:743} INFO - Processing file /home/airflow/.local/lib/python3.7/site-packages/airflow/example_dags/example_branch_labels.py for tasks to queue
[2023-03-01T20:07:44.697+0000] {logging_mixin.py:137} INFO - [2023-03-01T20:07:44.697+0000] {dagbag.py:538} INFO - Filling up the DagBag from /home/airflow/.local/lib/python3.7/site-packages/airflow/example_dags/example_branch_labels.py
[2023-03-01T20:07:44.709+0000] {processor.py:753} INFO - DAG(s) dict_keys(['example_branch_labels']) retrieved from /home/airflow/.local/lib/python3.7/site-packages/airflow/example_dags/example_branch_labels.py
[2023-03-01T20:07:44.732+0000] {logging_mixin.py:137} INFO - [2023-03-01T20:07:44.732+0000] {dag.py:2690} INFO - Sync 1 DAGs
[2023-03-01T20:07:44.757+0000] {logging_mixin.py:137} INFO - [2023-03-01T20:07:44.756+0000] {dag.py:3441} INFO - Setting next_dagrun for example_branch_labels to 2023-02-28T00:00:00+00:00, run_after=2023-03-01T00:00:00+00:00
[2023-03-01T20:07:44.779+0000] {processor.py:175} INFO - Processing /home/airflow/.local/lib/python3.7/site-packages/airflow/example_dags/example_branch_labels.py took 0.085 seconds
