[2023-03-01T15:18:19.572+0000] {processor.py:153} INFO - Started process (PID=90) to work on /home/airflow/.local/lib/python3.7/site-packages/airflow/example_dags/example_latest_only.py
[2023-03-01T15:18:19.572+0000] {processor.py:743} INFO - Processing file /home/airflow/.local/lib/python3.7/site-packages/airflow/example_dags/example_latest_only.py for tasks to queue
[2023-03-01T15:18:19.573+0000] {logging_mixin.py:137} INFO - [2023-03-01T15:18:19.573+0000] {dagbag.py:538} INFO - Filling up the DagBag from /home/airflow/.local/lib/python3.7/site-packages/airflow/example_dags/example_latest_only.py
[2023-03-01T15:18:19.596+0000] {processor.py:753} INFO - DAG(s) dict_keys(['latest_only']) retrieved from /home/airflow/.local/lib/python3.7/site-packages/airflow/example_dags/example_latest_only.py
[2023-03-01T15:18:19.618+0000] {logging_mixin.py:137} INFO - [2023-03-01T15:18:19.618+0000] {dag.py:2690} INFO - Sync 1 DAGs
[2023-03-01T15:18:19.658+0000] {logging_mixin.py:137} INFO - [2023-03-01T15:18:19.658+0000] {dag.py:3441} INFO - Setting next_dagrun for latest_only to 2023-03-01T11:18:19.658267+00:00, run_after=2023-03-01T15:18:19.658267+00:00
[2023-03-01T15:18:19.691+0000] {processor.py:175} INFO - Processing /home/airflow/.local/lib/python3.7/site-packages/airflow/example_dags/example_latest_only.py took 0.123 seconds
[2023-03-01T15:18:50.546+0000] {processor.py:153} INFO - Started process (PID=169) to work on /home/airflow/.local/lib/python3.7/site-packages/airflow/example_dags/example_latest_only.py
[2023-03-01T15:18:50.547+0000] {processor.py:743} INFO - Processing file /home/airflow/.local/lib/python3.7/site-packages/airflow/example_dags/example_latest_only.py for tasks to queue
[2023-03-01T15:18:50.547+0000] {logging_mixin.py:137} INFO - [2023-03-01T15:18:50.547+0000] {dagbag.py:538} INFO - Filling up the DagBag from /home/airflow/.local/lib/python3.7/site-packages/airflow/example_dags/example_latest_only.py
[2023-03-01T15:18:50.558+0000] {processor.py:753} INFO - DAG(s) dict_keys(['latest_only']) retrieved from /home/airflow/.local/lib/python3.7/site-packages/airflow/example_dags/example_latest_only.py
[2023-03-01T15:18:50.578+0000] {logging_mixin.py:137} INFO - [2023-03-01T15:18:50.578+0000] {dag.py:2690} INFO - Sync 1 DAGs
[2023-03-01T15:18:50.600+0000] {logging_mixin.py:137} INFO - [2023-03-01T15:18:50.600+0000] {dag.py:3441} INFO - Setting next_dagrun for latest_only to 2023-03-01T11:18:50.600646+00:00, run_after=2023-03-01T15:18:50.600646+00:00
[2023-03-01T15:18:50.618+0000] {processor.py:175} INFO - Processing /home/airflow/.local/lib/python3.7/site-packages/airflow/example_dags/example_latest_only.py took 0.075 seconds
[2023-03-01T15:19:21.357+0000] {processor.py:153} INFO - Started process (PID=268) to work on /home/airflow/.local/lib/python3.7/site-packages/airflow/example_dags/example_latest_only.py
[2023-03-01T15:19:21.357+0000] {processor.py:743} INFO - Processing file /home/airflow/.local/lib/python3.7/site-packages/airflow/example_dags/example_latest_only.py for tasks to queue
[2023-03-01T15:19:21.358+0000] {logging_mixin.py:137} INFO - [2023-03-01T15:19:21.358+0000] {dagbag.py:538} INFO - Filling up the DagBag from /home/airflow/.local/lib/python3.7/site-packages/airflow/example_dags/example_latest_only.py
[2023-03-01T15:19:21.369+0000] {processor.py:753} INFO - DAG(s) dict_keys(['latest_only']) retrieved from /home/airflow/.local/lib/python3.7/site-packages/airflow/example_dags/example_latest_only.py
[2023-03-01T15:19:21.393+0000] {logging_mixin.py:137} INFO - [2023-03-01T15:19:21.392+0000] {dag.py:2690} INFO - Sync 1 DAGs
[2023-03-01T15:19:21.417+0000] {logging_mixin.py:137} INFO - [2023-03-01T15:19:21.417+0000] {dag.py:3441} INFO - Setting next_dagrun for latest_only to 2023-03-01T11:19:21.417360+00:00, run_after=2023-03-01T15:19:21.417360+00:00
[2023-03-01T15:19:21.440+0000] {processor.py:175} INFO - Processing /home/airflow/.local/lib/python3.7/site-packages/airflow/example_dags/example_latest_only.py took 0.085 seconds
[2023-03-01T15:19:52.230+0000] {processor.py:153} INFO - Started process (PID=347) to work on /home/airflow/.local/lib/python3.7/site-packages/airflow/example_dags/example_latest_only.py
[2023-03-01T15:19:52.231+0000] {processor.py:743} INFO - Processing file /home/airflow/.local/lib/python3.7/site-packages/airflow/example_dags/example_latest_only.py for tasks to queue
[2023-03-01T15:19:52.231+0000] {logging_mixin.py:137} INFO - [2023-03-01T15:19:52.231+0000] {dagbag.py:538} INFO - Filling up the DagBag from /home/airflow/.local/lib/python3.7/site-packages/airflow/example_dags/example_latest_only.py
[2023-03-01T15:19:52.242+0000] {processor.py:753} INFO - DAG(s) dict_keys(['latest_only']) retrieved from /home/airflow/.local/lib/python3.7/site-packages/airflow/example_dags/example_latest_only.py
[2023-03-01T15:19:52.264+0000] {logging_mixin.py:137} INFO - [2023-03-01T15:19:52.263+0000] {dag.py:2690} INFO - Sync 1 DAGs
[2023-03-01T15:19:52.286+0000] {logging_mixin.py:137} INFO - [2023-03-01T15:19:52.286+0000] {dag.py:3441} INFO - Setting next_dagrun for latest_only to 2023-03-01T11:19:52.286213+00:00, run_after=2023-03-01T15:19:52.286213+00:00
[2023-03-01T15:19:52.306+0000] {processor.py:175} INFO - Processing /home/airflow/.local/lib/python3.7/site-packages/airflow/example_dags/example_latest_only.py took 0.078 seconds
[2023-03-01T15:20:22.925+0000] {processor.py:153} INFO - Started process (PID=446) to work on /home/airflow/.local/lib/python3.7/site-packages/airflow/example_dags/example_latest_only.py
[2023-03-01T15:20:22.926+0000] {processor.py:743} INFO - Processing file /home/airflow/.local/lib/python3.7/site-packages/airflow/example_dags/example_latest_only.py for tasks to queue
[2023-03-01T15:20:22.926+0000] {logging_mixin.py:137} INFO - [2023-03-01T15:20:22.926+0000] {dagbag.py:538} INFO - Filling up the DagBag from /home/airflow/.local/lib/python3.7/site-packages/airflow/example_dags/example_latest_only.py
[2023-03-01T15:20:22.938+0000] {processor.py:753} INFO - DAG(s) dict_keys(['latest_only']) retrieved from /home/airflow/.local/lib/python3.7/site-packages/airflow/example_dags/example_latest_only.py
[2023-03-01T15:20:22.965+0000] {logging_mixin.py:137} INFO - [2023-03-01T15:20:22.964+0000] {dag.py:2690} INFO - Sync 1 DAGs
[2023-03-01T15:20:22.994+0000] {logging_mixin.py:137} INFO - [2023-03-01T15:20:22.994+0000] {dag.py:3441} INFO - Setting next_dagrun for latest_only to 2023-03-01T11:20:22.993998+00:00, run_after=2023-03-01T15:20:22.993998+00:00
[2023-03-01T15:20:23.015+0000] {processor.py:175} INFO - Processing /home/airflow/.local/lib/python3.7/site-packages/airflow/example_dags/example_latest_only.py took 0.093 seconds
[2023-03-01T15:20:53.602+0000] {processor.py:153} INFO - Started process (PID=525) to work on /home/airflow/.local/lib/python3.7/site-packages/airflow/example_dags/example_latest_only.py
[2023-03-01T15:20:53.603+0000] {processor.py:743} INFO - Processing file /home/airflow/.local/lib/python3.7/site-packages/airflow/example_dags/example_latest_only.py for tasks to queue
[2023-03-01T15:20:53.603+0000] {logging_mixin.py:137} INFO - [2023-03-01T15:20:53.603+0000] {dagbag.py:538} INFO - Filling up the DagBag from /home/airflow/.local/lib/python3.7/site-packages/airflow/example_dags/example_latest_only.py
[2023-03-01T15:20:53.613+0000] {processor.py:753} INFO - DAG(s) dict_keys(['latest_only']) retrieved from /home/airflow/.local/lib/python3.7/site-packages/airflow/example_dags/example_latest_only.py
[2023-03-01T15:20:53.636+0000] {logging_mixin.py:137} INFO - [2023-03-01T15:20:53.635+0000] {dag.py:2690} INFO - Sync 1 DAGs
[2023-03-01T15:20:53.660+0000] {logging_mixin.py:137} INFO - [2023-03-01T15:20:53.660+0000] {dag.py:3441} INFO - Setting next_dagrun for latest_only to 2023-03-01T11:20:53.659954+00:00, run_after=2023-03-01T15:20:53.659954+00:00
[2023-03-01T15:20:53.681+0000] {processor.py:175} INFO - Processing /home/airflow/.local/lib/python3.7/site-packages/airflow/example_dags/example_latest_only.py took 0.081 seconds
[2023-03-01T15:21:24.099+0000] {processor.py:153} INFO - Started process (PID=624) to work on /home/airflow/.local/lib/python3.7/site-packages/airflow/example_dags/example_latest_only.py
[2023-03-01T15:21:24.100+0000] {processor.py:743} INFO - Processing file /home/airflow/.local/lib/python3.7/site-packages/airflow/example_dags/example_latest_only.py for tasks to queue
[2023-03-01T15:21:24.100+0000] {logging_mixin.py:137} INFO - [2023-03-01T15:21:24.100+0000] {dagbag.py:538} INFO - Filling up the DagBag from /home/airflow/.local/lib/python3.7/site-packages/airflow/example_dags/example_latest_only.py
[2023-03-01T15:21:24.111+0000] {processor.py:753} INFO - DAG(s) dict_keys(['latest_only']) retrieved from /home/airflow/.local/lib/python3.7/site-packages/airflow/example_dags/example_latest_only.py
[2023-03-01T15:21:24.137+0000] {logging_mixin.py:137} INFO - [2023-03-01T15:21:24.137+0000] {dag.py:2690} INFO - Sync 1 DAGs
[2023-03-01T15:21:24.164+0000] {logging_mixin.py:137} INFO - [2023-03-01T15:21:24.164+0000] {dag.py:3441} INFO - Setting next_dagrun for latest_only to 2023-03-01T11:21:24.164044+00:00, run_after=2023-03-01T15:21:24.164044+00:00
[2023-03-01T15:21:24.186+0000] {processor.py:175} INFO - Processing /home/airflow/.local/lib/python3.7/site-packages/airflow/example_dags/example_latest_only.py took 0.089 seconds
[2023-03-01T15:21:54.453+0000] {processor.py:153} INFO - Started process (PID=704) to work on /home/airflow/.local/lib/python3.7/site-packages/airflow/example_dags/example_latest_only.py
[2023-03-01T15:21:54.454+0000] {processor.py:743} INFO - Processing file /home/airflow/.local/lib/python3.7/site-packages/airflow/example_dags/example_latest_only.py for tasks to queue
[2023-03-01T15:21:54.454+0000] {logging_mixin.py:137} INFO - [2023-03-01T15:21:54.454+0000] {dagbag.py:538} INFO - Filling up the DagBag from /home/airflow/.local/lib/python3.7/site-packages/airflow/example_dags/example_latest_only.py
[2023-03-01T15:21:54.467+0000] {processor.py:753} INFO - DAG(s) dict_keys(['latest_only']) retrieved from /home/airflow/.local/lib/python3.7/site-packages/airflow/example_dags/example_latest_only.py
[2023-03-01T15:21:54.494+0000] {logging_mixin.py:137} INFO - [2023-03-01T15:21:54.494+0000] {dag.py:2690} INFO - Sync 1 DAGs
[2023-03-01T15:21:54.517+0000] {logging_mixin.py:137} INFO - [2023-03-01T15:21:54.516+0000] {dag.py:3441} INFO - Setting next_dagrun for latest_only to 2023-03-01T11:21:54.516751+00:00, run_after=2023-03-01T15:21:54.516751+00:00
[2023-03-01T15:21:54.541+0000] {processor.py:175} INFO - Processing /home/airflow/.local/lib/python3.7/site-packages/airflow/example_dags/example_latest_only.py took 0.091 seconds
[2023-03-01T15:22:25.092+0000] {processor.py:153} INFO - Started process (PID=803) to work on /home/airflow/.local/lib/python3.7/site-packages/airflow/example_dags/example_latest_only.py
[2023-03-01T15:22:25.093+0000] {processor.py:743} INFO - Processing file /home/airflow/.local/lib/python3.7/site-packages/airflow/example_dags/example_latest_only.py for tasks to queue
[2023-03-01T15:22:25.094+0000] {logging_mixin.py:137} INFO - [2023-03-01T15:22:25.093+0000] {dagbag.py:538} INFO - Filling up the DagBag from /home/airflow/.local/lib/python3.7/site-packages/airflow/example_dags/example_latest_only.py
[2023-03-01T15:22:25.103+0000] {processor.py:753} INFO - DAG(s) dict_keys(['latest_only']) retrieved from /home/airflow/.local/lib/python3.7/site-packages/airflow/example_dags/example_latest_only.py
[2023-03-01T15:22:25.126+0000] {logging_mixin.py:137} INFO - [2023-03-01T15:22:25.126+0000] {dag.py:2690} INFO - Sync 1 DAGs
[2023-03-01T15:22:25.149+0000] {logging_mixin.py:137} INFO - [2023-03-01T15:22:25.149+0000] {dag.py:3441} INFO - Setting next_dagrun for latest_only to 2023-03-01T11:22:25.148931+00:00, run_after=2023-03-01T15:22:25.148931+00:00
[2023-03-01T15:22:25.168+0000] {processor.py:175} INFO - Processing /home/airflow/.local/lib/python3.7/site-packages/airflow/example_dags/example_latest_only.py took 0.077 seconds
[2023-03-01T15:22:55.591+0000] {processor.py:153} INFO - Started process (PID=882) to work on /home/airflow/.local/lib/python3.7/site-packages/airflow/example_dags/example_latest_only.py
[2023-03-01T15:22:55.592+0000] {processor.py:743} INFO - Processing file /home/airflow/.local/lib/python3.7/site-packages/airflow/example_dags/example_latest_only.py for tasks to queue
[2023-03-01T15:22:55.593+0000] {logging_mixin.py:137} INFO - [2023-03-01T15:22:55.592+0000] {dagbag.py:538} INFO - Filling up the DagBag from /home/airflow/.local/lib/python3.7/site-packages/airflow/example_dags/example_latest_only.py
[2023-03-01T15:22:55.603+0000] {processor.py:753} INFO - DAG(s) dict_keys(['latest_only']) retrieved from /home/airflow/.local/lib/python3.7/site-packages/airflow/example_dags/example_latest_only.py
[2023-03-01T15:22:55.631+0000] {logging_mixin.py:137} INFO - [2023-03-01T15:22:55.631+0000] {dag.py:2690} INFO - Sync 1 DAGs
[2023-03-01T15:22:55.652+0000] {logging_mixin.py:137} INFO - [2023-03-01T15:22:55.652+0000] {dag.py:3441} INFO - Setting next_dagrun for latest_only to 2023-03-01T11:22:55.651868+00:00, run_after=2023-03-01T15:22:55.651868+00:00
[2023-03-01T15:22:55.669+0000] {processor.py:175} INFO - Processing /home/airflow/.local/lib/python3.7/site-packages/airflow/example_dags/example_latest_only.py took 0.080 seconds
[2023-03-01T15:23:26.327+0000] {processor.py:153} INFO - Started process (PID=981) to work on /home/airflow/.local/lib/python3.7/site-packages/airflow/example_dags/example_latest_only.py
[2023-03-01T15:23:26.327+0000] {processor.py:743} INFO - Processing file /home/airflow/.local/lib/python3.7/site-packages/airflow/example_dags/example_latest_only.py for tasks to queue
[2023-03-01T15:23:26.328+0000] {logging_mixin.py:137} INFO - [2023-03-01T15:23:26.328+0000] {dagbag.py:538} INFO - Filling up the DagBag from /home/airflow/.local/lib/python3.7/site-packages/airflow/example_dags/example_latest_only.py
[2023-03-01T15:23:26.339+0000] {processor.py:753} INFO - DAG(s) dict_keys(['latest_only']) retrieved from /home/airflow/.local/lib/python3.7/site-packages/airflow/example_dags/example_latest_only.py
[2023-03-01T15:23:26.362+0000] {logging_mixin.py:137} INFO - [2023-03-01T15:23:26.362+0000] {dag.py:2690} INFO - Sync 1 DAGs
[2023-03-01T15:23:26.386+0000] {logging_mixin.py:137} INFO - [2023-03-01T15:23:26.386+0000] {dag.py:3441} INFO - Setting next_dagrun for latest_only to 2023-03-01T11:23:26.386614+00:00, run_after=2023-03-01T15:23:26.386614+00:00
[2023-03-01T15:23:26.411+0000] {processor.py:175} INFO - Processing /home/airflow/.local/lib/python3.7/site-packages/airflow/example_dags/example_latest_only.py took 0.087 seconds
[2023-03-01T15:23:56.836+0000] {processor.py:153} INFO - Started process (PID=1060) to work on /home/airflow/.local/lib/python3.7/site-packages/airflow/example_dags/example_latest_only.py
[2023-03-01T15:23:56.837+0000] {processor.py:743} INFO - Processing file /home/airflow/.local/lib/python3.7/site-packages/airflow/example_dags/example_latest_only.py for tasks to queue
[2023-03-01T15:23:56.838+0000] {logging_mixin.py:137} INFO - [2023-03-01T15:23:56.837+0000] {dagbag.py:538} INFO - Filling up the DagBag from /home/airflow/.local/lib/python3.7/site-packages/airflow/example_dags/example_latest_only.py
[2023-03-01T15:23:56.848+0000] {processor.py:753} INFO - DAG(s) dict_keys(['latest_only']) retrieved from /home/airflow/.local/lib/python3.7/site-packages/airflow/example_dags/example_latest_only.py
[2023-03-01T15:23:56.870+0000] {logging_mixin.py:137} INFO - [2023-03-01T15:23:56.870+0000] {dag.py:2690} INFO - Sync 1 DAGs
[2023-03-01T15:23:56.893+0000] {logging_mixin.py:137} INFO - [2023-03-01T15:23:56.893+0000] {dag.py:3441} INFO - Setting next_dagrun for latest_only to 2023-03-01T11:23:56.893575+00:00, run_after=2023-03-01T15:23:56.893575+00:00
[2023-03-01T15:23:56.911+0000] {processor.py:175} INFO - Processing /home/airflow/.local/lib/python3.7/site-packages/airflow/example_dags/example_latest_only.py took 0.077 seconds
[2023-03-01T15:24:27.419+0000] {processor.py:153} INFO - Started process (PID=1159) to work on /home/airflow/.local/lib/python3.7/site-packages/airflow/example_dags/example_latest_only.py
[2023-03-01T15:24:27.420+0000] {processor.py:743} INFO - Processing file /home/airflow/.local/lib/python3.7/site-packages/airflow/example_dags/example_latest_only.py for tasks to queue
[2023-03-01T15:24:27.421+0000] {logging_mixin.py:137} INFO - [2023-03-01T15:24:27.420+0000] {dagbag.py:538} INFO - Filling up the DagBag from /home/airflow/.local/lib/python3.7/site-packages/airflow/example_dags/example_latest_only.py
[2023-03-01T15:24:27.431+0000] {processor.py:753} INFO - DAG(s) dict_keys(['latest_only']) retrieved from /home/airflow/.local/lib/python3.7/site-packages/airflow/example_dags/example_latest_only.py
[2023-03-01T15:24:27.451+0000] {logging_mixin.py:137} INFO - [2023-03-01T15:24:27.451+0000] {dag.py:2690} INFO - Sync 1 DAGs
[2023-03-01T15:24:27.474+0000] {logging_mixin.py:137} INFO - [2023-03-01T15:24:27.474+0000] {dag.py:3441} INFO - Setting next_dagrun for latest_only to 2023-03-01T11:24:27.474150+00:00, run_after=2023-03-01T15:24:27.474150+00:00
[2023-03-01T15:24:27.494+0000] {processor.py:175} INFO - Processing /home/airflow/.local/lib/python3.7/site-packages/airflow/example_dags/example_latest_only.py took 0.077 seconds
[2023-03-01T15:24:58.081+0000] {processor.py:153} INFO - Started process (PID=1238) to work on /home/airflow/.local/lib/python3.7/site-packages/airflow/example_dags/example_latest_only.py
[2023-03-01T15:24:58.081+0000] {processor.py:743} INFO - Processing file /home/airflow/.local/lib/python3.7/site-packages/airflow/example_dags/example_latest_only.py for tasks to queue
[2023-03-01T15:24:58.082+0000] {logging_mixin.py:137} INFO - [2023-03-01T15:24:58.082+0000] {dagbag.py:538} INFO - Filling up the DagBag from /home/airflow/.local/lib/python3.7/site-packages/airflow/example_dags/example_latest_only.py
[2023-03-01T15:24:58.091+0000] {processor.py:753} INFO - DAG(s) dict_keys(['latest_only']) retrieved from /home/airflow/.local/lib/python3.7/site-packages/airflow/example_dags/example_latest_only.py
[2023-03-01T15:24:58.112+0000] {logging_mixin.py:137} INFO - [2023-03-01T15:24:58.112+0000] {dag.py:2690} INFO - Sync 1 DAGs
[2023-03-01T15:24:58.135+0000] {logging_mixin.py:137} INFO - [2023-03-01T15:24:58.135+0000] {dag.py:3441} INFO - Setting next_dagrun for latest_only to 2023-03-01T11:24:58.135173+00:00, run_after=2023-03-01T15:24:58.135173+00:00
[2023-03-01T15:24:58.153+0000] {processor.py:175} INFO - Processing /home/airflow/.local/lib/python3.7/site-packages/airflow/example_dags/example_latest_only.py took 0.075 seconds
[2023-03-01T15:25:28.827+0000] {processor.py:153} INFO - Started process (PID=1337) to work on /home/airflow/.local/lib/python3.7/site-packages/airflow/example_dags/example_latest_only.py
[2023-03-01T15:25:28.828+0000] {processor.py:743} INFO - Processing file /home/airflow/.local/lib/python3.7/site-packages/airflow/example_dags/example_latest_only.py for tasks to queue
[2023-03-01T15:25:28.828+0000] {logging_mixin.py:137} INFO - [2023-03-01T15:25:28.828+0000] {dagbag.py:538} INFO - Filling up the DagBag from /home/airflow/.local/lib/python3.7/site-packages/airflow/example_dags/example_latest_only.py
[2023-03-01T15:25:28.838+0000] {processor.py:753} INFO - DAG(s) dict_keys(['latest_only']) retrieved from /home/airflow/.local/lib/python3.7/site-packages/airflow/example_dags/example_latest_only.py
[2023-03-01T15:25:28.860+0000] {logging_mixin.py:137} INFO - [2023-03-01T15:25:28.860+0000] {dag.py:2690} INFO - Sync 1 DAGs
[2023-03-01T15:25:28.883+0000] {logging_mixin.py:137} INFO - [2023-03-01T15:25:28.882+0000] {dag.py:3441} INFO - Setting next_dagrun for latest_only to 2023-03-01T11:25:28.882741+00:00, run_after=2023-03-01T15:25:28.882741+00:00
[2023-03-01T15:25:28.901+0000] {processor.py:175} INFO - Processing /home/airflow/.local/lib/python3.7/site-packages/airflow/example_dags/example_latest_only.py took 0.076 seconds
[2023-03-01T15:25:59.487+0000] {processor.py:153} INFO - Started process (PID=1416) to work on /home/airflow/.local/lib/python3.7/site-packages/airflow/example_dags/example_latest_only.py
[2023-03-01T15:25:59.487+0000] {processor.py:743} INFO - Processing file /home/airflow/.local/lib/python3.7/site-packages/airflow/example_dags/example_latest_only.py for tasks to queue
[2023-03-01T15:25:59.488+0000] {logging_mixin.py:137} INFO - [2023-03-01T15:25:59.488+0000] {dagbag.py:538} INFO - Filling up the DagBag from /home/airflow/.local/lib/python3.7/site-packages/airflow/example_dags/example_latest_only.py
[2023-03-01T15:25:59.498+0000] {processor.py:753} INFO - DAG(s) dict_keys(['latest_only']) retrieved from /home/airflow/.local/lib/python3.7/site-packages/airflow/example_dags/example_latest_only.py
[2023-03-01T15:25:59.518+0000] {logging_mixin.py:137} INFO - [2023-03-01T15:25:59.518+0000] {dag.py:2690} INFO - Sync 1 DAGs
[2023-03-01T15:25:59.542+0000] {logging_mixin.py:137} INFO - [2023-03-01T15:25:59.542+0000] {dag.py:3441} INFO - Setting next_dagrun for latest_only to 2023-03-01T11:25:59.542174+00:00, run_after=2023-03-01T15:25:59.542174+00:00
[2023-03-01T15:25:59.563+0000] {processor.py:175} INFO - Processing /home/airflow/.local/lib/python3.7/site-packages/airflow/example_dags/example_latest_only.py took 0.078 seconds
[2023-03-01T15:26:30.037+0000] {processor.py:153} INFO - Started process (PID=1515) to work on /home/airflow/.local/lib/python3.7/site-packages/airflow/example_dags/example_latest_only.py
[2023-03-01T15:26:30.039+0000] {processor.py:743} INFO - Processing file /home/airflow/.local/lib/python3.7/site-packages/airflow/example_dags/example_latest_only.py for tasks to queue
[2023-03-01T15:26:30.039+0000] {logging_mixin.py:137} INFO - [2023-03-01T15:26:30.039+0000] {dagbag.py:538} INFO - Filling up the DagBag from /home/airflow/.local/lib/python3.7/site-packages/airflow/example_dags/example_latest_only.py
[2023-03-01T15:26:30.054+0000] {processor.py:753} INFO - DAG(s) dict_keys(['latest_only']) retrieved from /home/airflow/.local/lib/python3.7/site-packages/airflow/example_dags/example_latest_only.py
[2023-03-01T15:26:30.088+0000] {logging_mixin.py:137} INFO - [2023-03-01T15:26:30.088+0000] {dag.py:2690} INFO - Sync 1 DAGs
[2023-03-01T15:26:30.109+0000] {logging_mixin.py:137} INFO - [2023-03-01T15:26:30.109+0000] {dag.py:3441} INFO - Setting next_dagrun for latest_only to 2023-03-01T11:26:30.109633+00:00, run_after=2023-03-01T15:26:30.109633+00:00
[2023-03-01T15:26:30.128+0000] {processor.py:175} INFO - Processing /home/airflow/.local/lib/python3.7/site-packages/airflow/example_dags/example_latest_only.py took 0.093 seconds
[2023-03-01T15:27:00.426+0000] {processor.py:153} INFO - Started process (PID=1594) to work on /home/airflow/.local/lib/python3.7/site-packages/airflow/example_dags/example_latest_only.py
[2023-03-01T15:27:00.427+0000] {processor.py:743} INFO - Processing file /home/airflow/.local/lib/python3.7/site-packages/airflow/example_dags/example_latest_only.py for tasks to queue
[2023-03-01T15:27:00.428+0000] {logging_mixin.py:137} INFO - [2023-03-01T15:27:00.428+0000] {dagbag.py:538} INFO - Filling up the DagBag from /home/airflow/.local/lib/python3.7/site-packages/airflow/example_dags/example_latest_only.py
[2023-03-01T15:27:00.441+0000] {processor.py:753} INFO - DAG(s) dict_keys(['latest_only']) retrieved from /home/airflow/.local/lib/python3.7/site-packages/airflow/example_dags/example_latest_only.py
[2023-03-01T15:27:00.506+0000] {logging_mixin.py:137} INFO - [2023-03-01T15:27:00.506+0000] {dag.py:2690} INFO - Sync 1 DAGs
[2023-03-01T15:27:00.529+0000] {logging_mixin.py:137} INFO - [2023-03-01T15:27:00.529+0000] {dag.py:3441} INFO - Setting next_dagrun for latest_only to 2023-03-01T11:27:00.529265+00:00, run_after=2023-03-01T15:27:00.529265+00:00
[2023-03-01T15:27:00.548+0000] {processor.py:175} INFO - Processing /home/airflow/.local/lib/python3.7/site-packages/airflow/example_dags/example_latest_only.py took 0.124 seconds
[2023-03-01T15:27:31.110+0000] {processor.py:153} INFO - Started process (PID=1694) to work on /home/airflow/.local/lib/python3.7/site-packages/airflow/example_dags/example_latest_only.py
[2023-03-01T15:27:31.111+0000] {processor.py:743} INFO - Processing file /home/airflow/.local/lib/python3.7/site-packages/airflow/example_dags/example_latest_only.py for tasks to queue
[2023-03-01T15:27:31.111+0000] {logging_mixin.py:137} INFO - [2023-03-01T15:27:31.111+0000] {dagbag.py:538} INFO - Filling up the DagBag from /home/airflow/.local/lib/python3.7/site-packages/airflow/example_dags/example_latest_only.py
[2023-03-01T15:27:31.121+0000] {processor.py:753} INFO - DAG(s) dict_keys(['latest_only']) retrieved from /home/airflow/.local/lib/python3.7/site-packages/airflow/example_dags/example_latest_only.py
[2023-03-01T15:27:31.143+0000] {logging_mixin.py:137} INFO - [2023-03-01T15:27:31.143+0000] {dag.py:2690} INFO - Sync 1 DAGs
[2023-03-01T15:27:31.166+0000] {logging_mixin.py:137} INFO - [2023-03-01T15:27:31.166+0000] {dag.py:3441} INFO - Setting next_dagrun for latest_only to 2023-03-01T11:27:31.166037+00:00, run_after=2023-03-01T15:27:31.166037+00:00
[2023-03-01T15:27:31.184+0000] {processor.py:175} INFO - Processing /home/airflow/.local/lib/python3.7/site-packages/airflow/example_dags/example_latest_only.py took 0.076 seconds
[2023-03-01T15:28:01.714+0000] {processor.py:153} INFO - Started process (PID=1772) to work on /home/airflow/.local/lib/python3.7/site-packages/airflow/example_dags/example_latest_only.py
[2023-03-01T15:28:01.715+0000] {processor.py:743} INFO - Processing file /home/airflow/.local/lib/python3.7/site-packages/airflow/example_dags/example_latest_only.py for tasks to queue
[2023-03-01T15:28:01.716+0000] {logging_mixin.py:137} INFO - [2023-03-01T15:28:01.715+0000] {dagbag.py:538} INFO - Filling up the DagBag from /home/airflow/.local/lib/python3.7/site-packages/airflow/example_dags/example_latest_only.py
[2023-03-01T15:28:01.729+0000] {processor.py:753} INFO - DAG(s) dict_keys(['latest_only']) retrieved from /home/airflow/.local/lib/python3.7/site-packages/airflow/example_dags/example_latest_only.py
[2023-03-01T15:28:01.756+0000] {logging_mixin.py:137} INFO - [2023-03-01T15:28:01.756+0000] {dag.py:2690} INFO - Sync 1 DAGs
[2023-03-01T15:28:01.780+0000] {logging_mixin.py:137} INFO - [2023-03-01T15:28:01.780+0000] {dag.py:3441} INFO - Setting next_dagrun for latest_only to 2023-03-01T11:28:01.780095+00:00, run_after=2023-03-01T15:28:01.780095+00:00
[2023-03-01T15:28:01.803+0000] {processor.py:175} INFO - Processing /home/airflow/.local/lib/python3.7/site-packages/airflow/example_dags/example_latest_only.py took 0.093 seconds
[2023-03-01T15:28:32.328+0000] {processor.py:153} INFO - Started process (PID=1871) to work on /home/airflow/.local/lib/python3.7/site-packages/airflow/example_dags/example_latest_only.py
[2023-03-01T15:28:32.329+0000] {processor.py:743} INFO - Processing file /home/airflow/.local/lib/python3.7/site-packages/airflow/example_dags/example_latest_only.py for tasks to queue
[2023-03-01T15:28:32.329+0000] {logging_mixin.py:137} INFO - [2023-03-01T15:28:32.329+0000] {dagbag.py:538} INFO - Filling up the DagBag from /home/airflow/.local/lib/python3.7/site-packages/airflow/example_dags/example_latest_only.py
[2023-03-01T15:28:32.340+0000] {processor.py:753} INFO - DAG(s) dict_keys(['latest_only']) retrieved from /home/airflow/.local/lib/python3.7/site-packages/airflow/example_dags/example_latest_only.py
[2023-03-01T15:28:32.363+0000] {logging_mixin.py:137} INFO - [2023-03-01T15:28:32.363+0000] {dag.py:2690} INFO - Sync 1 DAGs
[2023-03-01T15:28:32.391+0000] {logging_mixin.py:137} INFO - [2023-03-01T15:28:32.391+0000] {dag.py:3441} INFO - Setting next_dagrun for latest_only to 2023-03-01T11:28:32.390916+00:00, run_after=2023-03-01T15:28:32.390916+00:00
[2023-03-01T15:28:32.412+0000] {processor.py:175} INFO - Processing /home/airflow/.local/lib/python3.7/site-packages/airflow/example_dags/example_latest_only.py took 0.087 seconds
[2023-03-01T15:29:02.811+0000] {processor.py:153} INFO - Started process (PID=1950) to work on /home/airflow/.local/lib/python3.7/site-packages/airflow/example_dags/example_latest_only.py
[2023-03-01T15:29:02.812+0000] {processor.py:743} INFO - Processing file /home/airflow/.local/lib/python3.7/site-packages/airflow/example_dags/example_latest_only.py for tasks to queue
[2023-03-01T15:29:02.812+0000] {logging_mixin.py:137} INFO - [2023-03-01T15:29:02.812+0000] {dagbag.py:538} INFO - Filling up the DagBag from /home/airflow/.local/lib/python3.7/site-packages/airflow/example_dags/example_latest_only.py
[2023-03-01T15:29:02.822+0000] {processor.py:753} INFO - DAG(s) dict_keys(['latest_only']) retrieved from /home/airflow/.local/lib/python3.7/site-packages/airflow/example_dags/example_latest_only.py
[2023-03-01T15:29:02.843+0000] {logging_mixin.py:137} INFO - [2023-03-01T15:29:02.843+0000] {dag.py:2690} INFO - Sync 1 DAGs
[2023-03-01T15:29:02.865+0000] {logging_mixin.py:137} INFO - [2023-03-01T15:29:02.865+0000] {dag.py:3441} INFO - Setting next_dagrun for latest_only to 2023-03-01T11:29:02.865479+00:00, run_after=2023-03-01T15:29:02.865479+00:00
[2023-03-01T15:29:02.887+0000] {processor.py:175} INFO - Processing /home/airflow/.local/lib/python3.7/site-packages/airflow/example_dags/example_latest_only.py took 0.078 seconds
[2023-03-01T15:29:33.457+0000] {processor.py:153} INFO - Started process (PID=2049) to work on /home/airflow/.local/lib/python3.7/site-packages/airflow/example_dags/example_latest_only.py
[2023-03-01T15:29:33.457+0000] {processor.py:743} INFO - Processing file /home/airflow/.local/lib/python3.7/site-packages/airflow/example_dags/example_latest_only.py for tasks to queue
[2023-03-01T15:29:33.458+0000] {logging_mixin.py:137} INFO - [2023-03-01T15:29:33.458+0000] {dagbag.py:538} INFO - Filling up the DagBag from /home/airflow/.local/lib/python3.7/site-packages/airflow/example_dags/example_latest_only.py
[2023-03-01T15:29:33.467+0000] {processor.py:753} INFO - DAG(s) dict_keys(['latest_only']) retrieved from /home/airflow/.local/lib/python3.7/site-packages/airflow/example_dags/example_latest_only.py
[2023-03-01T15:29:33.488+0000] {logging_mixin.py:137} INFO - [2023-03-01T15:29:33.488+0000] {dag.py:2690} INFO - Sync 1 DAGs
[2023-03-01T15:29:33.511+0000] {logging_mixin.py:137} INFO - [2023-03-01T15:29:33.511+0000] {dag.py:3441} INFO - Setting next_dagrun for latest_only to 2023-03-01T11:29:33.511265+00:00, run_after=2023-03-01T15:29:33.511265+00:00
[2023-03-01T15:29:33.531+0000] {processor.py:175} INFO - Processing /home/airflow/.local/lib/python3.7/site-packages/airflow/example_dags/example_latest_only.py took 0.077 seconds
[2023-03-01T15:30:04.273+0000] {processor.py:153} INFO - Started process (PID=2128) to work on /home/airflow/.local/lib/python3.7/site-packages/airflow/example_dags/example_latest_only.py
[2023-03-01T15:30:04.274+0000] {processor.py:743} INFO - Processing file /home/airflow/.local/lib/python3.7/site-packages/airflow/example_dags/example_latest_only.py for tasks to queue
[2023-03-01T15:30:04.274+0000] {logging_mixin.py:137} INFO - [2023-03-01T15:30:04.274+0000] {dagbag.py:538} INFO - Filling up the DagBag from /home/airflow/.local/lib/python3.7/site-packages/airflow/example_dags/example_latest_only.py
[2023-03-01T15:30:04.284+0000] {processor.py:753} INFO - DAG(s) dict_keys(['latest_only']) retrieved from /home/airflow/.local/lib/python3.7/site-packages/airflow/example_dags/example_latest_only.py
[2023-03-01T15:30:04.306+0000] {logging_mixin.py:137} INFO - [2023-03-01T15:30:04.306+0000] {dag.py:2690} INFO - Sync 1 DAGs
[2023-03-01T15:30:04.329+0000] {logging_mixin.py:137} INFO - [2023-03-01T15:30:04.329+0000] {dag.py:3441} INFO - Setting next_dagrun for latest_only to 2023-03-01T11:30:04.329164+00:00, run_after=2023-03-01T15:30:04.329164+00:00
[2023-03-01T15:30:04.347+0000] {processor.py:175} INFO - Processing /home/airflow/.local/lib/python3.7/site-packages/airflow/example_dags/example_latest_only.py took 0.076 seconds
[2023-03-01T15:30:34.996+0000] {processor.py:153} INFO - Started process (PID=2228) to work on /home/airflow/.local/lib/python3.7/site-packages/airflow/example_dags/example_latest_only.py
[2023-03-01T15:30:34.997+0000] {processor.py:743} INFO - Processing file /home/airflow/.local/lib/python3.7/site-packages/airflow/example_dags/example_latest_only.py for tasks to queue
[2023-03-01T15:30:34.997+0000] {logging_mixin.py:137} INFO - [2023-03-01T15:30:34.997+0000] {dagbag.py:538} INFO - Filling up the DagBag from /home/airflow/.local/lib/python3.7/site-packages/airflow/example_dags/example_latest_only.py
[2023-03-01T15:30:35.008+0000] {processor.py:753} INFO - DAG(s) dict_keys(['latest_only']) retrieved from /home/airflow/.local/lib/python3.7/site-packages/airflow/example_dags/example_latest_only.py
[2023-03-01T15:30:35.031+0000] {logging_mixin.py:137} INFO - [2023-03-01T15:30:35.030+0000] {dag.py:2690} INFO - Sync 1 DAGs
[2023-03-01T15:30:35.057+0000] {logging_mixin.py:137} INFO - [2023-03-01T15:30:35.056+0000] {dag.py:3441} INFO - Setting next_dagrun for latest_only to 2023-03-01T11:30:35.056688+00:00, run_after=2023-03-01T15:30:35.056688+00:00
[2023-03-01T15:30:35.075+0000] {processor.py:175} INFO - Processing /home/airflow/.local/lib/python3.7/site-packages/airflow/example_dags/example_latest_only.py took 0.081 seconds
[2023-03-01T15:31:05.751+0000] {processor.py:153} INFO - Started process (PID=2316) to work on /home/airflow/.local/lib/python3.7/site-packages/airflow/example_dags/example_latest_only.py
[2023-03-01T15:31:05.752+0000] {processor.py:743} INFO - Processing file /home/airflow/.local/lib/python3.7/site-packages/airflow/example_dags/example_latest_only.py for tasks to queue
[2023-03-01T15:31:05.752+0000] {logging_mixin.py:137} INFO - [2023-03-01T15:31:05.752+0000] {dagbag.py:538} INFO - Filling up the DagBag from /home/airflow/.local/lib/python3.7/site-packages/airflow/example_dags/example_latest_only.py
[2023-03-01T15:31:05.763+0000] {processor.py:753} INFO - DAG(s) dict_keys(['latest_only']) retrieved from /home/airflow/.local/lib/python3.7/site-packages/airflow/example_dags/example_latest_only.py
[2023-03-01T15:31:05.791+0000] {logging_mixin.py:137} INFO - [2023-03-01T15:31:05.791+0000] {dag.py:2690} INFO - Sync 1 DAGs
[2023-03-01T15:31:05.822+0000] {logging_mixin.py:137} INFO - [2023-03-01T15:31:05.822+0000] {dag.py:3441} INFO - Setting next_dagrun for latest_only to 2023-03-01T11:31:05.822400+00:00, run_after=2023-03-01T15:31:05.822400+00:00
[2023-03-01T15:31:05.843+0000] {processor.py:175} INFO - Processing /home/airflow/.local/lib/python3.7/site-packages/airflow/example_dags/example_latest_only.py took 0.094 seconds
[2023-03-01T15:31:36.521+0000] {processor.py:153} INFO - Started process (PID=2406) to work on /home/airflow/.local/lib/python3.7/site-packages/airflow/example_dags/example_latest_only.py
[2023-03-01T15:31:36.521+0000] {processor.py:743} INFO - Processing file /home/airflow/.local/lib/python3.7/site-packages/airflow/example_dags/example_latest_only.py for tasks to queue
[2023-03-01T15:31:36.522+0000] {logging_mixin.py:137} INFO - [2023-03-01T15:31:36.522+0000] {dagbag.py:538} INFO - Filling up the DagBag from /home/airflow/.local/lib/python3.7/site-packages/airflow/example_dags/example_latest_only.py
[2023-03-01T15:31:36.532+0000] {processor.py:753} INFO - DAG(s) dict_keys(['latest_only']) retrieved from /home/airflow/.local/lib/python3.7/site-packages/airflow/example_dags/example_latest_only.py
[2023-03-01T15:31:36.554+0000] {logging_mixin.py:137} INFO - [2023-03-01T15:31:36.554+0000] {dag.py:2690} INFO - Sync 1 DAGs
[2023-03-01T15:31:36.578+0000] {logging_mixin.py:137} INFO - [2023-03-01T15:31:36.577+0000] {dag.py:3441} INFO - Setting next_dagrun for latest_only to 2023-03-01T11:31:36.577602+00:00, run_after=2023-03-01T15:31:36.577602+00:00
[2023-03-01T15:31:36.598+0000] {processor.py:175} INFO - Processing /home/airflow/.local/lib/python3.7/site-packages/airflow/example_dags/example_latest_only.py took 0.080 seconds
[2023-03-01T15:32:07.136+0000] {processor.py:153} INFO - Started process (PID=2505) to work on /home/airflow/.local/lib/python3.7/site-packages/airflow/example_dags/example_latest_only.py
[2023-03-01T15:32:07.137+0000] {processor.py:743} INFO - Processing file /home/airflow/.local/lib/python3.7/site-packages/airflow/example_dags/example_latest_only.py for tasks to queue
[2023-03-01T15:32:07.137+0000] {logging_mixin.py:137} INFO - [2023-03-01T15:32:07.137+0000] {dagbag.py:538} INFO - Filling up the DagBag from /home/airflow/.local/lib/python3.7/site-packages/airflow/example_dags/example_latest_only.py
[2023-03-01T15:32:07.147+0000] {processor.py:753} INFO - DAG(s) dict_keys(['latest_only']) retrieved from /home/airflow/.local/lib/python3.7/site-packages/airflow/example_dags/example_latest_only.py
[2023-03-01T15:32:07.169+0000] {logging_mixin.py:137} INFO - [2023-03-01T15:32:07.169+0000] {dag.py:2690} INFO - Sync 1 DAGs
[2023-03-01T15:32:07.195+0000] {logging_mixin.py:137} INFO - [2023-03-01T15:32:07.195+0000] {dag.py:3441} INFO - Setting next_dagrun for latest_only to 2023-03-01T11:32:07.195324+00:00, run_after=2023-03-01T15:32:07.195324+00:00
[2023-03-01T15:32:07.219+0000] {processor.py:175} INFO - Processing /home/airflow/.local/lib/python3.7/site-packages/airflow/example_dags/example_latest_only.py took 0.086 seconds
[2023-03-01T15:32:37.693+0000] {processor.py:153} INFO - Started process (PID=2584) to work on /home/airflow/.local/lib/python3.7/site-packages/airflow/example_dags/example_latest_only.py
[2023-03-01T15:32:37.693+0000] {processor.py:743} INFO - Processing file /home/airflow/.local/lib/python3.7/site-packages/airflow/example_dags/example_latest_only.py for tasks to queue
[2023-03-01T15:32:37.694+0000] {logging_mixin.py:137} INFO - [2023-03-01T15:32:37.694+0000] {dagbag.py:538} INFO - Filling up the DagBag from /home/airflow/.local/lib/python3.7/site-packages/airflow/example_dags/example_latest_only.py
[2023-03-01T15:32:37.703+0000] {processor.py:753} INFO - DAG(s) dict_keys(['latest_only']) retrieved from /home/airflow/.local/lib/python3.7/site-packages/airflow/example_dags/example_latest_only.py
[2023-03-01T15:32:37.724+0000] {logging_mixin.py:137} INFO - [2023-03-01T15:32:37.724+0000] {dag.py:2690} INFO - Sync 1 DAGs
[2023-03-01T15:32:37.747+0000] {logging_mixin.py:137} INFO - [2023-03-01T15:32:37.747+0000] {dag.py:3441} INFO - Setting next_dagrun for latest_only to 2023-03-01T11:32:37.747279+00:00, run_after=2023-03-01T15:32:37.747279+00:00
[2023-03-01T15:32:37.765+0000] {processor.py:175} INFO - Processing /home/airflow/.local/lib/python3.7/site-packages/airflow/example_dags/example_latest_only.py took 0.074 seconds
[2023-03-01T15:33:08.520+0000] {processor.py:153} INFO - Started process (PID=2683) to work on /home/airflow/.local/lib/python3.7/site-packages/airflow/example_dags/example_latest_only.py
[2023-03-01T15:33:08.520+0000] {processor.py:743} INFO - Processing file /home/airflow/.local/lib/python3.7/site-packages/airflow/example_dags/example_latest_only.py for tasks to queue
[2023-03-01T15:33:08.521+0000] {logging_mixin.py:137} INFO - [2023-03-01T15:33:08.521+0000] {dagbag.py:538} INFO - Filling up the DagBag from /home/airflow/.local/lib/python3.7/site-packages/airflow/example_dags/example_latest_only.py
[2023-03-01T15:33:08.531+0000] {processor.py:753} INFO - DAG(s) dict_keys(['latest_only']) retrieved from /home/airflow/.local/lib/python3.7/site-packages/airflow/example_dags/example_latest_only.py
[2023-03-01T15:33:08.554+0000] {logging_mixin.py:137} INFO - [2023-03-01T15:33:08.553+0000] {dag.py:2690} INFO - Sync 1 DAGs
[2023-03-01T15:33:08.579+0000] {logging_mixin.py:137} INFO - [2023-03-01T15:33:08.579+0000] {dag.py:3441} INFO - Setting next_dagrun for latest_only to 2023-03-01T11:33:08.579169+00:00, run_after=2023-03-01T15:33:08.579169+00:00
[2023-03-01T15:33:08.597+0000] {processor.py:175} INFO - Processing /home/airflow/.local/lib/python3.7/site-packages/airflow/example_dags/example_latest_only.py took 0.080 seconds
[2023-03-01T15:33:38.873+0000] {processor.py:153} INFO - Started process (PID=2762) to work on /home/airflow/.local/lib/python3.7/site-packages/airflow/example_dags/example_latest_only.py
[2023-03-01T15:33:38.873+0000] {processor.py:743} INFO - Processing file /home/airflow/.local/lib/python3.7/site-packages/airflow/example_dags/example_latest_only.py for tasks to queue
[2023-03-01T15:33:38.874+0000] {logging_mixin.py:137} INFO - [2023-03-01T15:33:38.873+0000] {dagbag.py:538} INFO - Filling up the DagBag from /home/airflow/.local/lib/python3.7/site-packages/airflow/example_dags/example_latest_only.py
[2023-03-01T15:33:38.883+0000] {processor.py:753} INFO - DAG(s) dict_keys(['latest_only']) retrieved from /home/airflow/.local/lib/python3.7/site-packages/airflow/example_dags/example_latest_only.py
[2023-03-01T15:33:38.904+0000] {logging_mixin.py:137} INFO - [2023-03-01T15:33:38.903+0000] {dag.py:2690} INFO - Sync 1 DAGs
[2023-03-01T15:33:38.926+0000] {logging_mixin.py:137} INFO - [2023-03-01T15:33:38.925+0000] {dag.py:3441} INFO - Setting next_dagrun for latest_only to 2023-03-01T11:33:38.925771+00:00, run_after=2023-03-01T15:33:38.925771+00:00
[2023-03-01T15:33:38.943+0000] {processor.py:175} INFO - Processing /home/airflow/.local/lib/python3.7/site-packages/airflow/example_dags/example_latest_only.py took 0.073 seconds
[2023-03-01T15:34:09.786+0000] {processor.py:153} INFO - Started process (PID=2860) to work on /home/airflow/.local/lib/python3.7/site-packages/airflow/example_dags/example_latest_only.py
[2023-03-01T15:34:09.787+0000] {processor.py:743} INFO - Processing file /home/airflow/.local/lib/python3.7/site-packages/airflow/example_dags/example_latest_only.py for tasks to queue
[2023-03-01T15:34:09.787+0000] {logging_mixin.py:137} INFO - [2023-03-01T15:34:09.787+0000] {dagbag.py:538} INFO - Filling up the DagBag from /home/airflow/.local/lib/python3.7/site-packages/airflow/example_dags/example_latest_only.py
[2023-03-01T15:34:09.797+0000] {processor.py:753} INFO - DAG(s) dict_keys(['latest_only']) retrieved from /home/airflow/.local/lib/python3.7/site-packages/airflow/example_dags/example_latest_only.py
[2023-03-01T15:34:09.818+0000] {logging_mixin.py:137} INFO - [2023-03-01T15:34:09.818+0000] {dag.py:2690} INFO - Sync 1 DAGs
[2023-03-01T15:34:09.841+0000] {logging_mixin.py:137} INFO - [2023-03-01T15:34:09.841+0000] {dag.py:3441} INFO - Setting next_dagrun for latest_only to 2023-03-01T11:34:09.840914+00:00, run_after=2023-03-01T15:34:09.840914+00:00
[2023-03-01T15:34:09.859+0000] {processor.py:175} INFO - Processing /home/airflow/.local/lib/python3.7/site-packages/airflow/example_dags/example_latest_only.py took 0.074 seconds
[2023-03-01T15:34:40.372+0000] {processor.py:153} INFO - Started process (PID=2940) to work on /home/airflow/.local/lib/python3.7/site-packages/airflow/example_dags/example_latest_only.py
[2023-03-01T15:34:40.372+0000] {processor.py:743} INFO - Processing file /home/airflow/.local/lib/python3.7/site-packages/airflow/example_dags/example_latest_only.py for tasks to queue
[2023-03-01T15:34:40.373+0000] {logging_mixin.py:137} INFO - [2023-03-01T15:34:40.373+0000] {dagbag.py:538} INFO - Filling up the DagBag from /home/airflow/.local/lib/python3.7/site-packages/airflow/example_dags/example_latest_only.py
[2023-03-01T15:34:40.383+0000] {processor.py:753} INFO - DAG(s) dict_keys(['latest_only']) retrieved from /home/airflow/.local/lib/python3.7/site-packages/airflow/example_dags/example_latest_only.py
[2023-03-01T15:34:40.405+0000] {logging_mixin.py:137} INFO - [2023-03-01T15:34:40.404+0000] {dag.py:2690} INFO - Sync 1 DAGs
[2023-03-01T15:34:40.428+0000] {logging_mixin.py:137} INFO - [2023-03-01T15:34:40.428+0000] {dag.py:3441} INFO - Setting next_dagrun for latest_only to 2023-03-01T11:34:40.428305+00:00, run_after=2023-03-01T15:34:40.428305+00:00
[2023-03-01T15:34:40.447+0000] {processor.py:175} INFO - Processing /home/airflow/.local/lib/python3.7/site-packages/airflow/example_dags/example_latest_only.py took 0.078 seconds
[2023-03-01T15:35:10.971+0000] {processor.py:153} INFO - Started process (PID=3039) to work on /home/airflow/.local/lib/python3.7/site-packages/airflow/example_dags/example_latest_only.py
[2023-03-01T15:35:10.972+0000] {processor.py:743} INFO - Processing file /home/airflow/.local/lib/python3.7/site-packages/airflow/example_dags/example_latest_only.py for tasks to queue
[2023-03-01T15:35:10.972+0000] {logging_mixin.py:137} INFO - [2023-03-01T15:35:10.972+0000] {dagbag.py:538} INFO - Filling up the DagBag from /home/airflow/.local/lib/python3.7/site-packages/airflow/example_dags/example_latest_only.py
[2023-03-01T15:35:10.982+0000] {processor.py:753} INFO - DAG(s) dict_keys(['latest_only']) retrieved from /home/airflow/.local/lib/python3.7/site-packages/airflow/example_dags/example_latest_only.py
[2023-03-01T15:35:11.003+0000] {logging_mixin.py:137} INFO - [2023-03-01T15:35:11.002+0000] {dag.py:2690} INFO - Sync 1 DAGs
[2023-03-01T15:35:11.026+0000] {logging_mixin.py:137} INFO - [2023-03-01T15:35:11.026+0000] {dag.py:3441} INFO - Setting next_dagrun for latest_only to 2023-03-01T11:35:11.026058+00:00, run_after=2023-03-01T15:35:11.026058+00:00
[2023-03-01T15:35:11.044+0000] {processor.py:175} INFO - Processing /home/airflow/.local/lib/python3.7/site-packages/airflow/example_dags/example_latest_only.py took 0.075 seconds
[2023-03-01T15:35:41.320+0000] {processor.py:153} INFO - Started process (PID=3118) to work on /home/airflow/.local/lib/python3.7/site-packages/airflow/example_dags/example_latest_only.py
[2023-03-01T15:35:41.320+0000] {processor.py:743} INFO - Processing file /home/airflow/.local/lib/python3.7/site-packages/airflow/example_dags/example_latest_only.py for tasks to queue
[2023-03-01T15:35:41.321+0000] {logging_mixin.py:137} INFO - [2023-03-01T15:35:41.321+0000] {dagbag.py:538} INFO - Filling up the DagBag from /home/airflow/.local/lib/python3.7/site-packages/airflow/example_dags/example_latest_only.py
[2023-03-01T15:35:41.331+0000] {processor.py:753} INFO - DAG(s) dict_keys(['latest_only']) retrieved from /home/airflow/.local/lib/python3.7/site-packages/airflow/example_dags/example_latest_only.py
[2023-03-01T15:35:41.354+0000] {logging_mixin.py:137} INFO - [2023-03-01T15:35:41.353+0000] {dag.py:2690} INFO - Sync 1 DAGs
[2023-03-01T15:35:41.380+0000] {logging_mixin.py:137} INFO - [2023-03-01T15:35:41.380+0000] {dag.py:3441} INFO - Setting next_dagrun for latest_only to 2023-03-01T11:35:41.380240+00:00, run_after=2023-03-01T15:35:41.380240+00:00
[2023-03-01T15:35:41.397+0000] {processor.py:175} INFO - Processing /home/airflow/.local/lib/python3.7/site-packages/airflow/example_dags/example_latest_only.py took 0.080 seconds
[2023-03-01T15:36:12.034+0000] {processor.py:153} INFO - Started process (PID=3217) to work on /home/airflow/.local/lib/python3.7/site-packages/airflow/example_dags/example_latest_only.py
[2023-03-01T15:36:12.035+0000] {processor.py:743} INFO - Processing file /home/airflow/.local/lib/python3.7/site-packages/airflow/example_dags/example_latest_only.py for tasks to queue
[2023-03-01T15:36:12.035+0000] {logging_mixin.py:137} INFO - [2023-03-01T15:36:12.035+0000] {dagbag.py:538} INFO - Filling up the DagBag from /home/airflow/.local/lib/python3.7/site-packages/airflow/example_dags/example_latest_only.py
[2023-03-01T15:36:12.045+0000] {processor.py:753} INFO - DAG(s) dict_keys(['latest_only']) retrieved from /home/airflow/.local/lib/python3.7/site-packages/airflow/example_dags/example_latest_only.py
[2023-03-01T15:36:12.066+0000] {logging_mixin.py:137} INFO - [2023-03-01T15:36:12.066+0000] {dag.py:2690} INFO - Sync 1 DAGs
[2023-03-01T15:36:12.090+0000] {logging_mixin.py:137} INFO - [2023-03-01T15:36:12.090+0000] {dag.py:3441} INFO - Setting next_dagrun for latest_only to 2023-03-01T11:36:12.090166+00:00, run_after=2023-03-01T15:36:12.090166+00:00
[2023-03-01T15:36:12.108+0000] {processor.py:175} INFO - Processing /home/airflow/.local/lib/python3.7/site-packages/airflow/example_dags/example_latest_only.py took 0.077 seconds
[2023-03-01T15:36:42.566+0000] {processor.py:153} INFO - Started process (PID=3296) to work on /home/airflow/.local/lib/python3.7/site-packages/airflow/example_dags/example_latest_only.py
[2023-03-01T15:36:42.567+0000] {processor.py:743} INFO - Processing file /home/airflow/.local/lib/python3.7/site-packages/airflow/example_dags/example_latest_only.py for tasks to queue
[2023-03-01T15:36:42.568+0000] {logging_mixin.py:137} INFO - [2023-03-01T15:36:42.567+0000] {dagbag.py:538} INFO - Filling up the DagBag from /home/airflow/.local/lib/python3.7/site-packages/airflow/example_dags/example_latest_only.py
[2023-03-01T15:36:42.578+0000] {processor.py:753} INFO - DAG(s) dict_keys(['latest_only']) retrieved from /home/airflow/.local/lib/python3.7/site-packages/airflow/example_dags/example_latest_only.py
[2023-03-01T15:36:42.601+0000] {logging_mixin.py:137} INFO - [2023-03-01T15:36:42.601+0000] {dag.py:2690} INFO - Sync 1 DAGs
[2023-03-01T15:36:42.630+0000] {logging_mixin.py:137} INFO - [2023-03-01T15:36:42.630+0000] {dag.py:3441} INFO - Setting next_dagrun for latest_only to 2023-03-01T11:36:42.629739+00:00, run_after=2023-03-01T15:36:42.629739+00:00
[2023-03-01T15:36:42.650+0000] {processor.py:175} INFO - Processing /home/airflow/.local/lib/python3.7/site-packages/airflow/example_dags/example_latest_only.py took 0.086 seconds
[2023-03-01T15:37:13.371+0000] {processor.py:153} INFO - Started process (PID=3395) to work on /home/airflow/.local/lib/python3.7/site-packages/airflow/example_dags/example_latest_only.py
[2023-03-01T15:37:13.372+0000] {processor.py:743} INFO - Processing file /home/airflow/.local/lib/python3.7/site-packages/airflow/example_dags/example_latest_only.py for tasks to queue
[2023-03-01T15:37:13.372+0000] {logging_mixin.py:137} INFO - [2023-03-01T15:37:13.372+0000] {dagbag.py:538} INFO - Filling up the DagBag from /home/airflow/.local/lib/python3.7/site-packages/airflow/example_dags/example_latest_only.py
[2023-03-01T15:37:13.382+0000] {processor.py:753} INFO - DAG(s) dict_keys(['latest_only']) retrieved from /home/airflow/.local/lib/python3.7/site-packages/airflow/example_dags/example_latest_only.py
[2023-03-01T15:37:13.402+0000] {logging_mixin.py:137} INFO - [2023-03-01T15:37:13.401+0000] {dag.py:2690} INFO - Sync 1 DAGs
[2023-03-01T15:37:13.422+0000] {logging_mixin.py:137} INFO - [2023-03-01T15:37:13.422+0000] {dag.py:3441} INFO - Setting next_dagrun for latest_only to 2023-03-01T11:37:13.422185+00:00, run_after=2023-03-01T15:37:13.422185+00:00
[2023-03-01T15:37:13.438+0000] {processor.py:175} INFO - Processing /home/airflow/.local/lib/python3.7/site-packages/airflow/example_dags/example_latest_only.py took 0.069 seconds
[2023-03-01T15:37:44.058+0000] {processor.py:153} INFO - Started process (PID=3474) to work on /home/airflow/.local/lib/python3.7/site-packages/airflow/example_dags/example_latest_only.py
[2023-03-01T15:37:44.059+0000] {processor.py:743} INFO - Processing file /home/airflow/.local/lib/python3.7/site-packages/airflow/example_dags/example_latest_only.py for tasks to queue
[2023-03-01T15:37:44.059+0000] {logging_mixin.py:137} INFO - [2023-03-01T15:37:44.059+0000] {dagbag.py:538} INFO - Filling up the DagBag from /home/airflow/.local/lib/python3.7/site-packages/airflow/example_dags/example_latest_only.py
[2023-03-01T15:37:44.070+0000] {processor.py:753} INFO - DAG(s) dict_keys(['latest_only']) retrieved from /home/airflow/.local/lib/python3.7/site-packages/airflow/example_dags/example_latest_only.py
[2023-03-01T15:37:44.091+0000] {logging_mixin.py:137} INFO - [2023-03-01T15:37:44.091+0000] {dag.py:2690} INFO - Sync 1 DAGs
[2023-03-01T15:37:44.113+0000] {logging_mixin.py:137} INFO - [2023-03-01T15:37:44.113+0000] {dag.py:3441} INFO - Setting next_dagrun for latest_only to 2023-03-01T11:37:44.113454+00:00, run_after=2023-03-01T15:37:44.113454+00:00
[2023-03-01T15:37:44.132+0000] {processor.py:175} INFO - Processing /home/airflow/.local/lib/python3.7/site-packages/airflow/example_dags/example_latest_only.py took 0.076 seconds
[2023-03-01T15:38:14.560+0000] {processor.py:153} INFO - Started process (PID=3573) to work on /home/airflow/.local/lib/python3.7/site-packages/airflow/example_dags/example_latest_only.py
[2023-03-01T15:38:14.561+0000] {processor.py:743} INFO - Processing file /home/airflow/.local/lib/python3.7/site-packages/airflow/example_dags/example_latest_only.py for tasks to queue
[2023-03-01T15:38:14.561+0000] {logging_mixin.py:137} INFO - [2023-03-01T15:38:14.561+0000] {dagbag.py:538} INFO - Filling up the DagBag from /home/airflow/.local/lib/python3.7/site-packages/airflow/example_dags/example_latest_only.py
[2023-03-01T15:38:14.571+0000] {processor.py:753} INFO - DAG(s) dict_keys(['latest_only']) retrieved from /home/airflow/.local/lib/python3.7/site-packages/airflow/example_dags/example_latest_only.py
[2023-03-01T15:38:14.591+0000] {logging_mixin.py:137} INFO - [2023-03-01T15:38:14.590+0000] {dag.py:2690} INFO - Sync 1 DAGs
[2023-03-01T15:38:14.614+0000] {logging_mixin.py:137} INFO - [2023-03-01T15:38:14.614+0000] {dag.py:3441} INFO - Setting next_dagrun for latest_only to 2023-03-01T11:38:14.613909+00:00, run_after=2023-03-01T15:38:14.613909+00:00
[2023-03-01T15:38:14.631+0000] {processor.py:175} INFO - Processing /home/airflow/.local/lib/python3.7/site-packages/airflow/example_dags/example_latest_only.py took 0.074 seconds
[2023-03-01T15:38:45.208+0000] {processor.py:153} INFO - Started process (PID=3652) to work on /home/airflow/.local/lib/python3.7/site-packages/airflow/example_dags/example_latest_only.py
[2023-03-01T15:38:45.208+0000] {processor.py:743} INFO - Processing file /home/airflow/.local/lib/python3.7/site-packages/airflow/example_dags/example_latest_only.py for tasks to queue
[2023-03-01T15:38:45.209+0000] {logging_mixin.py:137} INFO - [2023-03-01T15:38:45.209+0000] {dagbag.py:538} INFO - Filling up the DagBag from /home/airflow/.local/lib/python3.7/site-packages/airflow/example_dags/example_latest_only.py
[2023-03-01T15:38:45.221+0000] {processor.py:753} INFO - DAG(s) dict_keys(['latest_only']) retrieved from /home/airflow/.local/lib/python3.7/site-packages/airflow/example_dags/example_latest_only.py
[2023-03-01T15:38:45.275+0000] {logging_mixin.py:137} INFO - [2023-03-01T15:38:45.275+0000] {dag.py:2690} INFO - Sync 1 DAGs
[2023-03-01T15:38:45.309+0000] {logging_mixin.py:137} INFO - [2023-03-01T15:38:45.309+0000] {dag.py:3441} INFO - Setting next_dagrun for latest_only to 2023-03-01T11:38:45.309519+00:00, run_after=2023-03-01T15:38:45.309519+00:00
[2023-03-01T15:38:45.333+0000] {processor.py:175} INFO - Processing /home/airflow/.local/lib/python3.7/site-packages/airflow/example_dags/example_latest_only.py took 0.128 seconds
[2023-03-01T15:39:15.544+0000] {processor.py:153} INFO - Started process (PID=3752) to work on /home/airflow/.local/lib/python3.7/site-packages/airflow/example_dags/example_latest_only.py
[2023-03-01T15:39:15.544+0000] {processor.py:743} INFO - Processing file /home/airflow/.local/lib/python3.7/site-packages/airflow/example_dags/example_latest_only.py for tasks to queue
[2023-03-01T15:39:15.545+0000] {logging_mixin.py:137} INFO - [2023-03-01T15:39:15.545+0000] {dagbag.py:538} INFO - Filling up the DagBag from /home/airflow/.local/lib/python3.7/site-packages/airflow/example_dags/example_latest_only.py
[2023-03-01T15:39:15.555+0000] {processor.py:753} INFO - DAG(s) dict_keys(['latest_only']) retrieved from /home/airflow/.local/lib/python3.7/site-packages/airflow/example_dags/example_latest_only.py
[2023-03-01T15:39:15.578+0000] {logging_mixin.py:137} INFO - [2023-03-01T15:39:15.578+0000] {dag.py:2690} INFO - Sync 1 DAGs
[2023-03-01T15:39:15.601+0000] {logging_mixin.py:137} INFO - [2023-03-01T15:39:15.601+0000] {dag.py:3441} INFO - Setting next_dagrun for latest_only to 2023-03-01T11:39:15.601218+00:00, run_after=2023-03-01T15:39:15.601218+00:00
[2023-03-01T15:39:15.619+0000] {processor.py:175} INFO - Processing /home/airflow/.local/lib/python3.7/site-packages/airflow/example_dags/example_latest_only.py took 0.078 seconds
[2023-03-01T15:39:46.143+0000] {processor.py:153} INFO - Started process (PID=3840) to work on /home/airflow/.local/lib/python3.7/site-packages/airflow/example_dags/example_latest_only.py
[2023-03-01T15:39:46.144+0000] {processor.py:743} INFO - Processing file /home/airflow/.local/lib/python3.7/site-packages/airflow/example_dags/example_latest_only.py for tasks to queue
[2023-03-01T15:39:46.144+0000] {logging_mixin.py:137} INFO - [2023-03-01T15:39:46.144+0000] {dagbag.py:538} INFO - Filling up the DagBag from /home/airflow/.local/lib/python3.7/site-packages/airflow/example_dags/example_latest_only.py
[2023-03-01T15:39:46.155+0000] {processor.py:753} INFO - DAG(s) dict_keys(['latest_only']) retrieved from /home/airflow/.local/lib/python3.7/site-packages/airflow/example_dags/example_latest_only.py
[2023-03-01T15:39:46.177+0000] {logging_mixin.py:137} INFO - [2023-03-01T15:39:46.177+0000] {dag.py:2690} INFO - Sync 1 DAGs
[2023-03-01T15:39:46.201+0000] {logging_mixin.py:137} INFO - [2023-03-01T15:39:46.201+0000] {dag.py:3441} INFO - Setting next_dagrun for latest_only to 2023-03-01T11:39:46.201054+00:00, run_after=2023-03-01T15:39:46.201054+00:00
[2023-03-01T15:39:46.225+0000] {processor.py:175} INFO - Processing /home/airflow/.local/lib/python3.7/site-packages/airflow/example_dags/example_latest_only.py took 0.084 seconds
[2023-03-01T15:40:16.783+0000] {processor.py:153} INFO - Started process (PID=3930) to work on /home/airflow/.local/lib/python3.7/site-packages/airflow/example_dags/example_latest_only.py
[2023-03-01T15:40:16.784+0000] {processor.py:743} INFO - Processing file /home/airflow/.local/lib/python3.7/site-packages/airflow/example_dags/example_latest_only.py for tasks to queue
[2023-03-01T15:40:16.785+0000] {logging_mixin.py:137} INFO - [2023-03-01T15:40:16.785+0000] {dagbag.py:538} INFO - Filling up the DagBag from /home/airflow/.local/lib/python3.7/site-packages/airflow/example_dags/example_latest_only.py
[2023-03-01T15:40:16.794+0000] {processor.py:753} INFO - DAG(s) dict_keys(['latest_only']) retrieved from /home/airflow/.local/lib/python3.7/site-packages/airflow/example_dags/example_latest_only.py
[2023-03-01T15:40:16.815+0000] {logging_mixin.py:137} INFO - [2023-03-01T15:40:16.815+0000] {dag.py:2690} INFO - Sync 1 DAGs
[2023-03-01T15:40:16.838+0000] {logging_mixin.py:137} INFO - [2023-03-01T15:40:16.838+0000] {dag.py:3441} INFO - Setting next_dagrun for latest_only to 2023-03-01T11:40:16.838148+00:00, run_after=2023-03-01T15:40:16.838148+00:00
[2023-03-01T15:40:16.856+0000] {processor.py:175} INFO - Processing /home/airflow/.local/lib/python3.7/site-packages/airflow/example_dags/example_latest_only.py took 0.076 seconds
[2023-03-01T15:40:47.559+0000] {processor.py:153} INFO - Started process (PID=4029) to work on /home/airflow/.local/lib/python3.7/site-packages/airflow/example_dags/example_latest_only.py
[2023-03-01T15:40:47.559+0000] {processor.py:743} INFO - Processing file /home/airflow/.local/lib/python3.7/site-packages/airflow/example_dags/example_latest_only.py for tasks to queue
[2023-03-01T15:40:47.560+0000] {logging_mixin.py:137} INFO - [2023-03-01T15:40:47.560+0000] {dagbag.py:538} INFO - Filling up the DagBag from /home/airflow/.local/lib/python3.7/site-packages/airflow/example_dags/example_latest_only.py
[2023-03-01T15:40:47.572+0000] {processor.py:753} INFO - DAG(s) dict_keys(['latest_only']) retrieved from /home/airflow/.local/lib/python3.7/site-packages/airflow/example_dags/example_latest_only.py
[2023-03-01T15:40:47.596+0000] {logging_mixin.py:137} INFO - [2023-03-01T15:40:47.596+0000] {dag.py:2690} INFO - Sync 1 DAGs
[2023-03-01T15:40:47.619+0000] {logging_mixin.py:137} INFO - [2023-03-01T15:40:47.619+0000] {dag.py:3441} INFO - Setting next_dagrun for latest_only to 2023-03-01T11:40:47.618881+00:00, run_after=2023-03-01T15:40:47.618881+00:00
[2023-03-01T15:40:47.639+0000] {processor.py:175} INFO - Processing /home/airflow/.local/lib/python3.7/site-packages/airflow/example_dags/example_latest_only.py took 0.083 seconds
[2023-03-01T15:41:18.321+0000] {processor.py:153} INFO - Started process (PID=4108) to work on /home/airflow/.local/lib/python3.7/site-packages/airflow/example_dags/example_latest_only.py
[2023-03-01T15:41:18.321+0000] {processor.py:743} INFO - Processing file /home/airflow/.local/lib/python3.7/site-packages/airflow/example_dags/example_latest_only.py for tasks to queue
[2023-03-01T15:41:18.322+0000] {logging_mixin.py:137} INFO - [2023-03-01T15:41:18.322+0000] {dagbag.py:538} INFO - Filling up the DagBag from /home/airflow/.local/lib/python3.7/site-packages/airflow/example_dags/example_latest_only.py
[2023-03-01T15:41:18.332+0000] {processor.py:753} INFO - DAG(s) dict_keys(['latest_only']) retrieved from /home/airflow/.local/lib/python3.7/site-packages/airflow/example_dags/example_latest_only.py
[2023-03-01T15:41:18.352+0000] {logging_mixin.py:137} INFO - [2023-03-01T15:41:18.352+0000] {dag.py:2690} INFO - Sync 1 DAGs
[2023-03-01T15:41:18.374+0000] {logging_mixin.py:137} INFO - [2023-03-01T15:41:18.374+0000] {dag.py:3441} INFO - Setting next_dagrun for latest_only to 2023-03-01T11:41:18.374648+00:00, run_after=2023-03-01T15:41:18.374648+00:00
[2023-03-01T15:41:18.393+0000] {processor.py:175} INFO - Processing /home/airflow/.local/lib/python3.7/site-packages/airflow/example_dags/example_latest_only.py took 0.074 seconds
[2023-03-01T15:41:48.897+0000] {processor.py:153} INFO - Started process (PID=4207) to work on /home/airflow/.local/lib/python3.7/site-packages/airflow/example_dags/example_latest_only.py
[2023-03-01T15:41:48.898+0000] {processor.py:743} INFO - Processing file /home/airflow/.local/lib/python3.7/site-packages/airflow/example_dags/example_latest_only.py for tasks to queue
[2023-03-01T15:41:48.898+0000] {logging_mixin.py:137} INFO - [2023-03-01T15:41:48.898+0000] {dagbag.py:538} INFO - Filling up the DagBag from /home/airflow/.local/lib/python3.7/site-packages/airflow/example_dags/example_latest_only.py
[2023-03-01T15:41:48.910+0000] {processor.py:753} INFO - DAG(s) dict_keys(['latest_only']) retrieved from /home/airflow/.local/lib/python3.7/site-packages/airflow/example_dags/example_latest_only.py
[2023-03-01T15:41:48.933+0000] {logging_mixin.py:137} INFO - [2023-03-01T15:41:48.933+0000] {dag.py:2690} INFO - Sync 1 DAGs
[2023-03-01T15:41:48.956+0000] {logging_mixin.py:137} INFO - [2023-03-01T15:41:48.956+0000] {dag.py:3441} INFO - Setting next_dagrun for latest_only to 2023-03-01T11:41:48.956559+00:00, run_after=2023-03-01T15:41:48.956559+00:00
[2023-03-01T15:41:48.977+0000] {processor.py:175} INFO - Processing /home/airflow/.local/lib/python3.7/site-packages/airflow/example_dags/example_latest_only.py took 0.083 seconds
[2023-03-01T15:42:19.545+0000] {processor.py:153} INFO - Started process (PID=4286) to work on /home/airflow/.local/lib/python3.7/site-packages/airflow/example_dags/example_latest_only.py
[2023-03-01T15:42:19.545+0000] {processor.py:743} INFO - Processing file /home/airflow/.local/lib/python3.7/site-packages/airflow/example_dags/example_latest_only.py for tasks to queue
[2023-03-01T15:42:19.546+0000] {logging_mixin.py:137} INFO - [2023-03-01T15:42:19.546+0000] {dagbag.py:538} INFO - Filling up the DagBag from /home/airflow/.local/lib/python3.7/site-packages/airflow/example_dags/example_latest_only.py
[2023-03-01T15:42:19.556+0000] {processor.py:753} INFO - DAG(s) dict_keys(['latest_only']) retrieved from /home/airflow/.local/lib/python3.7/site-packages/airflow/example_dags/example_latest_only.py
[2023-03-01T15:42:19.576+0000] {logging_mixin.py:137} INFO - [2023-03-01T15:42:19.576+0000] {dag.py:2690} INFO - Sync 1 DAGs
[2023-03-01T15:42:19.599+0000] {logging_mixin.py:137} INFO - [2023-03-01T15:42:19.599+0000] {dag.py:3441} INFO - Setting next_dagrun for latest_only to 2023-03-01T11:42:19.599480+00:00, run_after=2023-03-01T15:42:19.599480+00:00
[2023-03-01T15:42:19.617+0000] {processor.py:175} INFO - Processing /home/airflow/.local/lib/python3.7/site-packages/airflow/example_dags/example_latest_only.py took 0.075 seconds
[2023-03-01T15:42:50.338+0000] {processor.py:153} INFO - Started process (PID=4385) to work on /home/airflow/.local/lib/python3.7/site-packages/airflow/example_dags/example_latest_only.py
[2023-03-01T15:42:50.339+0000] {processor.py:743} INFO - Processing file /home/airflow/.local/lib/python3.7/site-packages/airflow/example_dags/example_latest_only.py for tasks to queue
[2023-03-01T15:42:50.339+0000] {logging_mixin.py:137} INFO - [2023-03-01T15:42:50.339+0000] {dagbag.py:538} INFO - Filling up the DagBag from /home/airflow/.local/lib/python3.7/site-packages/airflow/example_dags/example_latest_only.py
[2023-03-01T15:42:50.349+0000] {processor.py:753} INFO - DAG(s) dict_keys(['latest_only']) retrieved from /home/airflow/.local/lib/python3.7/site-packages/airflow/example_dags/example_latest_only.py
[2023-03-01T15:42:50.370+0000] {logging_mixin.py:137} INFO - [2023-03-01T15:42:50.369+0000] {dag.py:2690} INFO - Sync 1 DAGs
[2023-03-01T15:42:50.391+0000] {logging_mixin.py:137} INFO - [2023-03-01T15:42:50.391+0000] {dag.py:3441} INFO - Setting next_dagrun for latest_only to 2023-03-01T11:42:50.391471+00:00, run_after=2023-03-01T15:42:50.391471+00:00
[2023-03-01T15:42:50.408+0000] {processor.py:175} INFO - Processing /home/airflow/.local/lib/python3.7/site-packages/airflow/example_dags/example_latest_only.py took 0.072 seconds
[2023-03-01T20:03:09.940+0000] {processor.py:153} INFO - Started process (PID=79) to work on /home/airflow/.local/lib/python3.7/site-packages/airflow/example_dags/example_latest_only.py
[2023-03-01T20:03:09.941+0000] {processor.py:743} INFO - Processing file /home/airflow/.local/lib/python3.7/site-packages/airflow/example_dags/example_latest_only.py for tasks to queue
[2023-03-01T20:03:09.941+0000] {logging_mixin.py:137} INFO - [2023-03-01T20:03:09.941+0000] {dagbag.py:538} INFO - Filling up the DagBag from /home/airflow/.local/lib/python3.7/site-packages/airflow/example_dags/example_latest_only.py
[2023-03-01T20:03:09.962+0000] {processor.py:753} INFO - DAG(s) dict_keys(['latest_only']) retrieved from /home/airflow/.local/lib/python3.7/site-packages/airflow/example_dags/example_latest_only.py
[2023-03-01T20:03:09.980+0000] {logging_mixin.py:137} INFO - [2023-03-01T20:03:09.979+0000] {dag.py:2690} INFO - Sync 1 DAGs
[2023-03-01T20:03:10.018+0000] {logging_mixin.py:137} INFO - [2023-03-01T20:03:10.017+0000] {dag.py:3441} INFO - Setting next_dagrun for latest_only to 2023-03-01T16:03:10.017638+00:00, run_after=2023-03-01T20:03:10.017638+00:00
[2023-03-01T20:03:10.045+0000] {processor.py:175} INFO - Processing /home/airflow/.local/lib/python3.7/site-packages/airflow/example_dags/example_latest_only.py took 0.109 seconds
[2023-03-01T20:03:40.902+0000] {processor.py:153} INFO - Started process (PID=169) to work on /home/airflow/.local/lib/python3.7/site-packages/airflow/example_dags/example_latest_only.py
[2023-03-01T20:03:40.903+0000] {processor.py:743} INFO - Processing file /home/airflow/.local/lib/python3.7/site-packages/airflow/example_dags/example_latest_only.py for tasks to queue
[2023-03-01T20:03:40.903+0000] {logging_mixin.py:137} INFO - [2023-03-01T20:03:40.903+0000] {dagbag.py:538} INFO - Filling up the DagBag from /home/airflow/.local/lib/python3.7/site-packages/airflow/example_dags/example_latest_only.py
[2023-03-01T20:03:40.913+0000] {processor.py:753} INFO - DAG(s) dict_keys(['latest_only']) retrieved from /home/airflow/.local/lib/python3.7/site-packages/airflow/example_dags/example_latest_only.py
[2023-03-01T20:03:40.933+0000] {logging_mixin.py:137} INFO - [2023-03-01T20:03:40.933+0000] {dag.py:2690} INFO - Sync 1 DAGs
[2023-03-01T20:03:40.954+0000] {logging_mixin.py:137} INFO - [2023-03-01T20:03:40.954+0000] {dag.py:3441} INFO - Setting next_dagrun for latest_only to 2023-03-01T16:03:40.954559+00:00, run_after=2023-03-01T20:03:40.954559+00:00
[2023-03-01T20:03:40.972+0000] {processor.py:175} INFO - Processing /home/airflow/.local/lib/python3.7/site-packages/airflow/example_dags/example_latest_only.py took 0.072 seconds
[2023-03-01T20:04:11.487+0000] {processor.py:153} INFO - Started process (PID=248) to work on /home/airflow/.local/lib/python3.7/site-packages/airflow/example_dags/example_latest_only.py
[2023-03-01T20:04:11.488+0000] {processor.py:743} INFO - Processing file /home/airflow/.local/lib/python3.7/site-packages/airflow/example_dags/example_latest_only.py for tasks to queue
[2023-03-01T20:04:11.488+0000] {logging_mixin.py:137} INFO - [2023-03-01T20:04:11.488+0000] {dagbag.py:538} INFO - Filling up the DagBag from /home/airflow/.local/lib/python3.7/site-packages/airflow/example_dags/example_latest_only.py
[2023-03-01T20:04:11.498+0000] {processor.py:753} INFO - DAG(s) dict_keys(['latest_only']) retrieved from /home/airflow/.local/lib/python3.7/site-packages/airflow/example_dags/example_latest_only.py
[2023-03-01T20:04:11.518+0000] {logging_mixin.py:137} INFO - [2023-03-01T20:04:11.518+0000] {dag.py:2690} INFO - Sync 1 DAGs
[2023-03-01T20:04:11.540+0000] {logging_mixin.py:137} INFO - [2023-03-01T20:04:11.540+0000] {dag.py:3441} INFO - Setting next_dagrun for latest_only to 2023-03-01T16:04:11.540617+00:00, run_after=2023-03-01T20:04:11.540617+00:00
[2023-03-01T20:04:11.562+0000] {processor.py:175} INFO - Processing /home/airflow/.local/lib/python3.7/site-packages/airflow/example_dags/example_latest_only.py took 0.077 seconds
[2023-03-01T20:04:41.871+0000] {processor.py:153} INFO - Started process (PID=347) to work on /home/airflow/.local/lib/python3.7/site-packages/airflow/example_dags/example_latest_only.py
[2023-03-01T20:04:41.871+0000] {processor.py:743} INFO - Processing file /home/airflow/.local/lib/python3.7/site-packages/airflow/example_dags/example_latest_only.py for tasks to queue
[2023-03-01T20:04:41.872+0000] {logging_mixin.py:137} INFO - [2023-03-01T20:04:41.872+0000] {dagbag.py:538} INFO - Filling up the DagBag from /home/airflow/.local/lib/python3.7/site-packages/airflow/example_dags/example_latest_only.py
[2023-03-01T20:04:41.882+0000] {processor.py:753} INFO - DAG(s) dict_keys(['latest_only']) retrieved from /home/airflow/.local/lib/python3.7/site-packages/airflow/example_dags/example_latest_only.py
[2023-03-01T20:04:41.909+0000] {logging_mixin.py:137} INFO - [2023-03-01T20:04:41.909+0000] {dag.py:2690} INFO - Sync 1 DAGs
[2023-03-01T20:04:41.938+0000] {logging_mixin.py:137} INFO - [2023-03-01T20:04:41.938+0000] {dag.py:3441} INFO - Setting next_dagrun for latest_only to 2023-03-01T16:04:41.937870+00:00, run_after=2023-03-01T20:04:41.937870+00:00
[2023-03-01T20:04:41.957+0000] {processor.py:175} INFO - Processing /home/airflow/.local/lib/python3.7/site-packages/airflow/example_dags/example_latest_only.py took 0.089 seconds
[2023-03-01T20:05:12.464+0000] {processor.py:153} INFO - Started process (PID=426) to work on /home/airflow/.local/lib/python3.7/site-packages/airflow/example_dags/example_latest_only.py
[2023-03-01T20:05:12.465+0000] {processor.py:743} INFO - Processing file /home/airflow/.local/lib/python3.7/site-packages/airflow/example_dags/example_latest_only.py for tasks to queue
[2023-03-01T20:05:12.466+0000] {logging_mixin.py:137} INFO - [2023-03-01T20:05:12.465+0000] {dagbag.py:538} INFO - Filling up the DagBag from /home/airflow/.local/lib/python3.7/site-packages/airflow/example_dags/example_latest_only.py
[2023-03-01T20:05:12.477+0000] {processor.py:753} INFO - DAG(s) dict_keys(['latest_only']) retrieved from /home/airflow/.local/lib/python3.7/site-packages/airflow/example_dags/example_latest_only.py
[2023-03-01T20:05:12.499+0000] {logging_mixin.py:137} INFO - [2023-03-01T20:05:12.499+0000] {dag.py:2690} INFO - Sync 1 DAGs
[2023-03-01T20:05:12.522+0000] {logging_mixin.py:137} INFO - [2023-03-01T20:05:12.522+0000] {dag.py:3441} INFO - Setting next_dagrun for latest_only to 2023-03-01T16:05:12.522118+00:00, run_after=2023-03-01T20:05:12.522118+00:00
[2023-03-01T20:05:12.540+0000] {processor.py:175} INFO - Processing /home/airflow/.local/lib/python3.7/site-packages/airflow/example_dags/example_latest_only.py took 0.078 seconds
[2023-03-01T20:05:42.937+0000] {processor.py:153} INFO - Started process (PID=525) to work on /home/airflow/.local/lib/python3.7/site-packages/airflow/example_dags/example_latest_only.py
[2023-03-01T20:05:42.938+0000] {processor.py:743} INFO - Processing file /home/airflow/.local/lib/python3.7/site-packages/airflow/example_dags/example_latest_only.py for tasks to queue
[2023-03-01T20:05:42.939+0000] {logging_mixin.py:137} INFO - [2023-03-01T20:05:42.939+0000] {dagbag.py:538} INFO - Filling up the DagBag from /home/airflow/.local/lib/python3.7/site-packages/airflow/example_dags/example_latest_only.py
[2023-03-01T20:05:42.948+0000] {processor.py:753} INFO - DAG(s) dict_keys(['latest_only']) retrieved from /home/airflow/.local/lib/python3.7/site-packages/airflow/example_dags/example_latest_only.py
[2023-03-01T20:05:42.970+0000] {logging_mixin.py:137} INFO - [2023-03-01T20:05:42.969+0000] {dag.py:2690} INFO - Sync 1 DAGs
[2023-03-01T20:05:42.993+0000] {logging_mixin.py:137} INFO - [2023-03-01T20:05:42.992+0000] {dag.py:3441} INFO - Setting next_dagrun for latest_only to 2023-03-01T16:05:42.992621+00:00, run_after=2023-03-01T20:05:42.992621+00:00
[2023-03-01T20:05:43.012+0000] {processor.py:175} INFO - Processing /home/airflow/.local/lib/python3.7/site-packages/airflow/example_dags/example_latest_only.py took 0.078 seconds
[2023-03-01T20:06:13.628+0000] {processor.py:153} INFO - Started process (PID=613) to work on /home/airflow/.local/lib/python3.7/site-packages/airflow/example_dags/example_latest_only.py
[2023-03-01T20:06:13.628+0000] {processor.py:743} INFO - Processing file /home/airflow/.local/lib/python3.7/site-packages/airflow/example_dags/example_latest_only.py for tasks to queue
[2023-03-01T20:06:13.629+0000] {logging_mixin.py:137} INFO - [2023-03-01T20:06:13.629+0000] {dagbag.py:538} INFO - Filling up the DagBag from /home/airflow/.local/lib/python3.7/site-packages/airflow/example_dags/example_latest_only.py
[2023-03-01T20:06:13.638+0000] {processor.py:753} INFO - DAG(s) dict_keys(['latest_only']) retrieved from /home/airflow/.local/lib/python3.7/site-packages/airflow/example_dags/example_latest_only.py
[2023-03-01T20:06:13.658+0000] {logging_mixin.py:137} INFO - [2023-03-01T20:06:13.658+0000] {dag.py:2690} INFO - Sync 1 DAGs
[2023-03-01T20:06:13.681+0000] {logging_mixin.py:137} INFO - [2023-03-01T20:06:13.681+0000] {dag.py:3441} INFO - Setting next_dagrun for latest_only to 2023-03-01T16:06:13.680990+00:00, run_after=2023-03-01T20:06:13.680990+00:00
[2023-03-01T20:06:13.699+0000] {processor.py:175} INFO - Processing /home/airflow/.local/lib/python3.7/site-packages/airflow/example_dags/example_latest_only.py took 0.074 seconds
[2023-03-01T20:06:43.935+0000] {processor.py:153} INFO - Started process (PID=703) to work on /home/airflow/.local/lib/python3.7/site-packages/airflow/example_dags/example_latest_only.py
[2023-03-01T20:06:43.936+0000] {processor.py:743} INFO - Processing file /home/airflow/.local/lib/python3.7/site-packages/airflow/example_dags/example_latest_only.py for tasks to queue
[2023-03-01T20:06:43.936+0000] {logging_mixin.py:137} INFO - [2023-03-01T20:06:43.936+0000] {dagbag.py:538} INFO - Filling up the DagBag from /home/airflow/.local/lib/python3.7/site-packages/airflow/example_dags/example_latest_only.py
[2023-03-01T20:06:43.946+0000] {processor.py:753} INFO - DAG(s) dict_keys(['latest_only']) retrieved from /home/airflow/.local/lib/python3.7/site-packages/airflow/example_dags/example_latest_only.py
[2023-03-01T20:06:43.966+0000] {logging_mixin.py:137} INFO - [2023-03-01T20:06:43.966+0000] {dag.py:2690} INFO - Sync 1 DAGs
[2023-03-01T20:06:43.990+0000] {logging_mixin.py:137} INFO - [2023-03-01T20:06:43.990+0000] {dag.py:3441} INFO - Setting next_dagrun for latest_only to 2023-03-01T16:06:43.989927+00:00, run_after=2023-03-01T20:06:43.989927+00:00
[2023-03-01T20:06:44.007+0000] {processor.py:175} INFO - Processing /home/airflow/.local/lib/python3.7/site-packages/airflow/example_dags/example_latest_only.py took 0.074 seconds
[2023-03-01T20:07:14.667+0000] {processor.py:153} INFO - Started process (PID=791) to work on /home/airflow/.local/lib/python3.7/site-packages/airflow/example_dags/example_latest_only.py
[2023-03-01T20:07:14.668+0000] {processor.py:743} INFO - Processing file /home/airflow/.local/lib/python3.7/site-packages/airflow/example_dags/example_latest_only.py for tasks to queue
[2023-03-01T20:07:14.669+0000] {logging_mixin.py:137} INFO - [2023-03-01T20:07:14.669+0000] {dagbag.py:538} INFO - Filling up the DagBag from /home/airflow/.local/lib/python3.7/site-packages/airflow/example_dags/example_latest_only.py
[2023-03-01T20:07:14.684+0000] {processor.py:753} INFO - DAG(s) dict_keys(['latest_only']) retrieved from /home/airflow/.local/lib/python3.7/site-packages/airflow/example_dags/example_latest_only.py
[2023-03-01T20:07:14.722+0000] {logging_mixin.py:137} INFO - [2023-03-01T20:07:14.722+0000] {dag.py:2690} INFO - Sync 1 DAGs
[2023-03-01T20:07:14.774+0000] {logging_mixin.py:137} INFO - [2023-03-01T20:07:14.774+0000] {dag.py:3441} INFO - Setting next_dagrun for latest_only to 2023-03-01T16:07:14.773828+00:00, run_after=2023-03-01T20:07:14.773828+00:00
[2023-03-01T20:07:14.802+0000] {processor.py:175} INFO - Processing /home/airflow/.local/lib/python3.7/site-packages/airflow/example_dags/example_latest_only.py took 0.138 seconds
[2023-03-01T20:07:45.492+0000] {processor.py:153} INFO - Started process (PID=881) to work on /home/airflow/.local/lib/python3.7/site-packages/airflow/example_dags/example_latest_only.py
[2023-03-01T20:07:45.493+0000] {processor.py:743} INFO - Processing file /home/airflow/.local/lib/python3.7/site-packages/airflow/example_dags/example_latest_only.py for tasks to queue
[2023-03-01T20:07:45.494+0000] {logging_mixin.py:137} INFO - [2023-03-01T20:07:45.493+0000] {dagbag.py:538} INFO - Filling up the DagBag from /home/airflow/.local/lib/python3.7/site-packages/airflow/example_dags/example_latest_only.py
[2023-03-01T20:07:45.510+0000] {processor.py:753} INFO - DAG(s) dict_keys(['latest_only']) retrieved from /home/airflow/.local/lib/python3.7/site-packages/airflow/example_dags/example_latest_only.py
[2023-03-01T20:07:45.536+0000] {logging_mixin.py:137} INFO - [2023-03-01T20:07:45.536+0000] {dag.py:2690} INFO - Sync 1 DAGs
[2023-03-01T20:07:45.569+0000] {logging_mixin.py:137} INFO - [2023-03-01T20:07:45.569+0000] {dag.py:3441} INFO - Setting next_dagrun for latest_only to 2023-03-01T16:07:45.569305+00:00, run_after=2023-03-01T20:07:45.569305+00:00
[2023-03-01T20:07:45.587+0000] {processor.py:175} INFO - Processing /home/airflow/.local/lib/python3.7/site-packages/airflow/example_dags/example_latest_only.py took 0.098 seconds
