[2023-03-01T15:18:19.434+0000] {processor.py:153} INFO - Started process (PID=88) to work on /home/airflow/.local/lib/python3.7/site-packages/airflow/example_dags/example_branch_python_dop_operator_3.py
[2023-03-01T15:18:19.435+0000] {processor.py:743} INFO - Processing file /home/airflow/.local/lib/python3.7/site-packages/airflow/example_dags/example_branch_python_dop_operator_3.py for tasks to queue
[2023-03-01T15:18:19.438+0000] {logging_mixin.py:137} INFO - [2023-03-01T15:18:19.437+0000] {dagbag.py:538} INFO - Filling up the DagBag from /home/airflow/.local/lib/python3.7/site-packages/airflow/example_dags/example_branch_python_dop_operator_3.py
[2023-03-01T15:18:19.468+0000] {processor.py:753} INFO - DAG(s) dict_keys(['example_branch_dop_operator_v3']) retrieved from /home/airflow/.local/lib/python3.7/site-packages/airflow/example_dags/example_branch_python_dop_operator_3.py
[2023-03-01T15:18:19.483+0000] {logging_mixin.py:137} INFO - [2023-03-01T15:18:19.483+0000] {dag.py:2690} INFO - Sync 1 DAGs
[2023-03-01T15:18:19.518+0000] {logging_mixin.py:137} INFO - [2023-03-01T15:18:19.518+0000] {dag.py:3441} INFO - Setting next_dagrun for example_branch_dop_operator_v3 to 2023-03-01T15:17:00+00:00, run_after=2023-03-01T15:18:00+00:00
[2023-03-01T15:18:19.543+0000] {processor.py:175} INFO - Processing /home/airflow/.local/lib/python3.7/site-packages/airflow/example_dags/example_branch_python_dop_operator_3.py took 0.112 seconds
[2023-03-01T15:18:50.434+0000] {processor.py:153} INFO - Started process (PID=167) to work on /home/airflow/.local/lib/python3.7/site-packages/airflow/example_dags/example_branch_python_dop_operator_3.py
[2023-03-01T15:18:50.435+0000] {processor.py:743} INFO - Processing file /home/airflow/.local/lib/python3.7/site-packages/airflow/example_dags/example_branch_python_dop_operator_3.py for tasks to queue
[2023-03-01T15:18:50.435+0000] {logging_mixin.py:137} INFO - [2023-03-01T15:18:50.435+0000] {dagbag.py:538} INFO - Filling up the DagBag from /home/airflow/.local/lib/python3.7/site-packages/airflow/example_dags/example_branch_python_dop_operator_3.py
[2023-03-01T15:18:50.454+0000] {processor.py:753} INFO - DAG(s) dict_keys(['example_branch_dop_operator_v3']) retrieved from /home/airflow/.local/lib/python3.7/site-packages/airflow/example_dags/example_branch_python_dop_operator_3.py
[2023-03-01T15:18:50.475+0000] {logging_mixin.py:137} INFO - [2023-03-01T15:18:50.475+0000] {dag.py:2690} INFO - Sync 1 DAGs
[2023-03-01T15:18:50.504+0000] {logging_mixin.py:137} INFO - [2023-03-01T15:18:50.504+0000] {dag.py:3441} INFO - Setting next_dagrun for example_branch_dop_operator_v3 to 2023-03-01T15:17:00+00:00, run_after=2023-03-01T15:18:00+00:00
[2023-03-01T15:18:50.522+0000] {processor.py:175} INFO - Processing /home/airflow/.local/lib/python3.7/site-packages/airflow/example_dags/example_branch_python_dop_operator_3.py took 0.090 seconds
[2023-03-01T15:19:21.239+0000] {processor.py:153} INFO - Started process (PID=266) to work on /home/airflow/.local/lib/python3.7/site-packages/airflow/example_dags/example_branch_python_dop_operator_3.py
[2023-03-01T15:19:21.240+0000] {processor.py:743} INFO - Processing file /home/airflow/.local/lib/python3.7/site-packages/airflow/example_dags/example_branch_python_dop_operator_3.py for tasks to queue
[2023-03-01T15:19:21.240+0000] {logging_mixin.py:137} INFO - [2023-03-01T15:19:21.240+0000] {dagbag.py:538} INFO - Filling up the DagBag from /home/airflow/.local/lib/python3.7/site-packages/airflow/example_dags/example_branch_python_dop_operator_3.py
[2023-03-01T15:19:21.261+0000] {processor.py:753} INFO - DAG(s) dict_keys(['example_branch_dop_operator_v3']) retrieved from /home/airflow/.local/lib/python3.7/site-packages/airflow/example_dags/example_branch_python_dop_operator_3.py
[2023-03-01T15:19:21.284+0000] {logging_mixin.py:137} INFO - [2023-03-01T15:19:21.284+0000] {dag.py:2690} INFO - Sync 1 DAGs
[2023-03-01T15:19:21.313+0000] {logging_mixin.py:137} INFO - [2023-03-01T15:19:21.313+0000] {dag.py:3441} INFO - Setting next_dagrun for example_branch_dop_operator_v3 to 2023-03-01T15:18:00+00:00, run_after=2023-03-01T15:19:00+00:00
[2023-03-01T15:19:21.334+0000] {processor.py:175} INFO - Processing /home/airflow/.local/lib/python3.7/site-packages/airflow/example_dags/example_branch_python_dop_operator_3.py took 0.097 seconds
[2023-03-01T15:19:52.083+0000] {processor.py:153} INFO - Started process (PID=345) to work on /home/airflow/.local/lib/python3.7/site-packages/airflow/example_dags/example_branch_python_dop_operator_3.py
[2023-03-01T15:19:52.083+0000] {processor.py:743} INFO - Processing file /home/airflow/.local/lib/python3.7/site-packages/airflow/example_dags/example_branch_python_dop_operator_3.py for tasks to queue
[2023-03-01T15:19:52.084+0000] {logging_mixin.py:137} INFO - [2023-03-01T15:19:52.084+0000] {dagbag.py:538} INFO - Filling up the DagBag from /home/airflow/.local/lib/python3.7/site-packages/airflow/example_dags/example_branch_python_dop_operator_3.py
[2023-03-01T15:19:52.104+0000] {processor.py:753} INFO - DAG(s) dict_keys(['example_branch_dop_operator_v3']) retrieved from /home/airflow/.local/lib/python3.7/site-packages/airflow/example_dags/example_branch_python_dop_operator_3.py
[2023-03-01T15:19:52.130+0000] {logging_mixin.py:137} INFO - [2023-03-01T15:19:52.129+0000] {dag.py:2690} INFO - Sync 1 DAGs
[2023-03-01T15:19:52.159+0000] {logging_mixin.py:137} INFO - [2023-03-01T15:19:52.159+0000] {dag.py:3441} INFO - Setting next_dagrun for example_branch_dop_operator_v3 to 2023-03-01T15:18:00+00:00, run_after=2023-03-01T15:19:00+00:00
[2023-03-01T15:19:52.176+0000] {processor.py:175} INFO - Processing /home/airflow/.local/lib/python3.7/site-packages/airflow/example_dags/example_branch_python_dop_operator_3.py took 0.096 seconds
[2023-03-01T15:20:22.643+0000] {processor.py:153} INFO - Started process (PID=443) to work on /home/airflow/.local/lib/python3.7/site-packages/airflow/example_dags/example_branch_python_dop_operator_3.py
[2023-03-01T15:20:22.643+0000] {processor.py:743} INFO - Processing file /home/airflow/.local/lib/python3.7/site-packages/airflow/example_dags/example_branch_python_dop_operator_3.py for tasks to queue
[2023-03-01T15:20:22.644+0000] {logging_mixin.py:137} INFO - [2023-03-01T15:20:22.644+0000] {dagbag.py:538} INFO - Filling up the DagBag from /home/airflow/.local/lib/python3.7/site-packages/airflow/example_dags/example_branch_python_dop_operator_3.py
[2023-03-01T15:20:22.666+0000] {processor.py:753} INFO - DAG(s) dict_keys(['example_branch_dop_operator_v3']) retrieved from /home/airflow/.local/lib/python3.7/site-packages/airflow/example_dags/example_branch_python_dop_operator_3.py
[2023-03-01T15:20:22.698+0000] {logging_mixin.py:137} INFO - [2023-03-01T15:20:22.698+0000] {dag.py:2690} INFO - Sync 1 DAGs
[2023-03-01T15:20:22.732+0000] {logging_mixin.py:137} INFO - [2023-03-01T15:20:22.731+0000] {dag.py:3441} INFO - Setting next_dagrun for example_branch_dop_operator_v3 to 2023-03-01T15:19:00+00:00, run_after=2023-03-01T15:20:00+00:00
[2023-03-01T15:20:22.756+0000] {processor.py:175} INFO - Processing /home/airflow/.local/lib/python3.7/site-packages/airflow/example_dags/example_branch_python_dop_operator_3.py took 0.116 seconds
[2023-03-01T15:20:53.493+0000] {processor.py:153} INFO - Started process (PID=523) to work on /home/airflow/.local/lib/python3.7/site-packages/airflow/example_dags/example_branch_python_dop_operator_3.py
[2023-03-01T15:20:53.493+0000] {processor.py:743} INFO - Processing file /home/airflow/.local/lib/python3.7/site-packages/airflow/example_dags/example_branch_python_dop_operator_3.py for tasks to queue
[2023-03-01T15:20:53.494+0000] {logging_mixin.py:137} INFO - [2023-03-01T15:20:53.494+0000] {dagbag.py:538} INFO - Filling up the DagBag from /home/airflow/.local/lib/python3.7/site-packages/airflow/example_dags/example_branch_python_dop_operator_3.py
[2023-03-01T15:20:53.511+0000] {processor.py:753} INFO - DAG(s) dict_keys(['example_branch_dop_operator_v3']) retrieved from /home/airflow/.local/lib/python3.7/site-packages/airflow/example_dags/example_branch_python_dop_operator_3.py
[2023-03-01T15:20:53.534+0000] {logging_mixin.py:137} INFO - [2023-03-01T15:20:53.533+0000] {dag.py:2690} INFO - Sync 1 DAGs
[2023-03-01T15:20:53.561+0000] {logging_mixin.py:137} INFO - [2023-03-01T15:20:53.561+0000] {dag.py:3441} INFO - Setting next_dagrun for example_branch_dop_operator_v3 to 2023-03-01T15:19:00+00:00, run_after=2023-03-01T15:20:00+00:00
[2023-03-01T15:20:53.578+0000] {processor.py:175} INFO - Processing /home/airflow/.local/lib/python3.7/site-packages/airflow/example_dags/example_branch_python_dop_operator_3.py took 0.087 seconds
[2023-03-01T15:21:23.957+0000] {processor.py:153} INFO - Started process (PID=622) to work on /home/airflow/.local/lib/python3.7/site-packages/airflow/example_dags/example_branch_python_dop_operator_3.py
[2023-03-01T15:21:23.958+0000] {processor.py:743} INFO - Processing file /home/airflow/.local/lib/python3.7/site-packages/airflow/example_dags/example_branch_python_dop_operator_3.py for tasks to queue
[2023-03-01T15:21:23.959+0000] {logging_mixin.py:137} INFO - [2023-03-01T15:21:23.959+0000] {dagbag.py:538} INFO - Filling up the DagBag from /home/airflow/.local/lib/python3.7/site-packages/airflow/example_dags/example_branch_python_dop_operator_3.py
[2023-03-01T15:21:23.983+0000] {processor.py:753} INFO - DAG(s) dict_keys(['example_branch_dop_operator_v3']) retrieved from /home/airflow/.local/lib/python3.7/site-packages/airflow/example_dags/example_branch_python_dop_operator_3.py
[2023-03-01T15:21:24.010+0000] {logging_mixin.py:137} INFO - [2023-03-01T15:21:24.010+0000] {dag.py:2690} INFO - Sync 1 DAGs
[2023-03-01T15:21:24.051+0000] {logging_mixin.py:137} INFO - [2023-03-01T15:21:24.051+0000] {dag.py:3441} INFO - Setting next_dagrun for example_branch_dop_operator_v3 to 2023-03-01T15:20:00+00:00, run_after=2023-03-01T15:21:00+00:00
[2023-03-01T15:21:24.073+0000] {processor.py:175} INFO - Processing /home/airflow/.local/lib/python3.7/site-packages/airflow/example_dags/example_branch_python_dop_operator_3.py took 0.119 seconds
[2023-03-01T15:21:54.318+0000] {processor.py:153} INFO - Started process (PID=702) to work on /home/airflow/.local/lib/python3.7/site-packages/airflow/example_dags/example_branch_python_dop_operator_3.py
[2023-03-01T15:21:54.318+0000] {processor.py:743} INFO - Processing file /home/airflow/.local/lib/python3.7/site-packages/airflow/example_dags/example_branch_python_dop_operator_3.py for tasks to queue
[2023-03-01T15:21:54.319+0000] {logging_mixin.py:137} INFO - [2023-03-01T15:21:54.319+0000] {dagbag.py:538} INFO - Filling up the DagBag from /home/airflow/.local/lib/python3.7/site-packages/airflow/example_dags/example_branch_python_dop_operator_3.py
[2023-03-01T15:21:54.338+0000] {processor.py:753} INFO - DAG(s) dict_keys(['example_branch_dop_operator_v3']) retrieved from /home/airflow/.local/lib/python3.7/site-packages/airflow/example_dags/example_branch_python_dop_operator_3.py
[2023-03-01T15:21:54.365+0000] {logging_mixin.py:137} INFO - [2023-03-01T15:21:54.365+0000] {dag.py:2690} INFO - Sync 1 DAGs
[2023-03-01T15:21:54.395+0000] {logging_mixin.py:137} INFO - [2023-03-01T15:21:54.395+0000] {dag.py:3441} INFO - Setting next_dagrun for example_branch_dop_operator_v3 to 2023-03-01T15:20:00+00:00, run_after=2023-03-01T15:21:00+00:00
[2023-03-01T15:21:54.419+0000] {processor.py:175} INFO - Processing /home/airflow/.local/lib/python3.7/site-packages/airflow/example_dags/example_branch_python_dop_operator_3.py took 0.104 seconds
[2023-03-01T15:22:24.971+0000] {processor.py:153} INFO - Started process (PID=801) to work on /home/airflow/.local/lib/python3.7/site-packages/airflow/example_dags/example_branch_python_dop_operator_3.py
[2023-03-01T15:22:24.972+0000] {processor.py:743} INFO - Processing file /home/airflow/.local/lib/python3.7/site-packages/airflow/example_dags/example_branch_python_dop_operator_3.py for tasks to queue
[2023-03-01T15:22:24.972+0000] {logging_mixin.py:137} INFO - [2023-03-01T15:22:24.972+0000] {dagbag.py:538} INFO - Filling up the DagBag from /home/airflow/.local/lib/python3.7/site-packages/airflow/example_dags/example_branch_python_dop_operator_3.py
[2023-03-01T15:22:24.991+0000] {processor.py:753} INFO - DAG(s) dict_keys(['example_branch_dop_operator_v3']) retrieved from /home/airflow/.local/lib/python3.7/site-packages/airflow/example_dags/example_branch_python_dop_operator_3.py
[2023-03-01T15:22:25.023+0000] {logging_mixin.py:137} INFO - [2023-03-01T15:22:25.022+0000] {dag.py:2690} INFO - Sync 1 DAGs
[2023-03-01T15:22:25.052+0000] {logging_mixin.py:137} INFO - [2023-03-01T15:22:25.052+0000] {dag.py:3441} INFO - Setting next_dagrun for example_branch_dop_operator_v3 to 2023-03-01T15:21:00+00:00, run_after=2023-03-01T15:22:00+00:00
[2023-03-01T15:22:25.071+0000] {processor.py:175} INFO - Processing /home/airflow/.local/lib/python3.7/site-packages/airflow/example_dags/example_branch_python_dop_operator_3.py took 0.103 seconds
[2023-03-01T15:22:55.477+0000] {processor.py:153} INFO - Started process (PID=880) to work on /home/airflow/.local/lib/python3.7/site-packages/airflow/example_dags/example_branch_python_dop_operator_3.py
[2023-03-01T15:22:55.477+0000] {processor.py:743} INFO - Processing file /home/airflow/.local/lib/python3.7/site-packages/airflow/example_dags/example_branch_python_dop_operator_3.py for tasks to queue
[2023-03-01T15:22:55.478+0000] {logging_mixin.py:137} INFO - [2023-03-01T15:22:55.478+0000] {dagbag.py:538} INFO - Filling up the DagBag from /home/airflow/.local/lib/python3.7/site-packages/airflow/example_dags/example_branch_python_dop_operator_3.py
[2023-03-01T15:22:55.495+0000] {processor.py:753} INFO - DAG(s) dict_keys(['example_branch_dop_operator_v3']) retrieved from /home/airflow/.local/lib/python3.7/site-packages/airflow/example_dags/example_branch_python_dop_operator_3.py
[2023-03-01T15:22:55.517+0000] {logging_mixin.py:137} INFO - [2023-03-01T15:22:55.517+0000] {dag.py:2690} INFO - Sync 1 DAGs
[2023-03-01T15:22:55.543+0000] {logging_mixin.py:137} INFO - [2023-03-01T15:22:55.543+0000] {dag.py:3441} INFO - Setting next_dagrun for example_branch_dop_operator_v3 to 2023-03-01T15:21:00+00:00, run_after=2023-03-01T15:22:00+00:00
[2023-03-01T15:22:55.563+0000] {processor.py:175} INFO - Processing /home/airflow/.local/lib/python3.7/site-packages/airflow/example_dags/example_branch_python_dop_operator_3.py took 0.088 seconds
[2023-03-01T15:23:26.208+0000] {processor.py:153} INFO - Started process (PID=979) to work on /home/airflow/.local/lib/python3.7/site-packages/airflow/example_dags/example_branch_python_dop_operator_3.py
[2023-03-01T15:23:26.208+0000] {processor.py:743} INFO - Processing file /home/airflow/.local/lib/python3.7/site-packages/airflow/example_dags/example_branch_python_dop_operator_3.py for tasks to queue
[2023-03-01T15:23:26.209+0000] {logging_mixin.py:137} INFO - [2023-03-01T15:23:26.209+0000] {dagbag.py:538} INFO - Filling up the DagBag from /home/airflow/.local/lib/python3.7/site-packages/airflow/example_dags/example_branch_python_dop_operator_3.py
[2023-03-01T15:23:26.230+0000] {processor.py:753} INFO - DAG(s) dict_keys(['example_branch_dop_operator_v3']) retrieved from /home/airflow/.local/lib/python3.7/site-packages/airflow/example_dags/example_branch_python_dop_operator_3.py
[2023-03-01T15:23:26.255+0000] {logging_mixin.py:137} INFO - [2023-03-01T15:23:26.255+0000] {dag.py:2690} INFO - Sync 1 DAGs
[2023-03-01T15:23:26.284+0000] {logging_mixin.py:137} INFO - [2023-03-01T15:23:26.284+0000] {dag.py:3441} INFO - Setting next_dagrun for example_branch_dop_operator_v3 to 2023-03-01T15:22:00+00:00, run_after=2023-03-01T15:23:00+00:00
[2023-03-01T15:23:26.303+0000] {processor.py:175} INFO - Processing /home/airflow/.local/lib/python3.7/site-packages/airflow/example_dags/example_branch_python_dop_operator_3.py took 0.098 seconds
[2023-03-01T15:23:56.709+0000] {processor.py:153} INFO - Started process (PID=1058) to work on /home/airflow/.local/lib/python3.7/site-packages/airflow/example_dags/example_branch_python_dop_operator_3.py
[2023-03-01T15:23:56.709+0000] {processor.py:743} INFO - Processing file /home/airflow/.local/lib/python3.7/site-packages/airflow/example_dags/example_branch_python_dop_operator_3.py for tasks to queue
[2023-03-01T15:23:56.710+0000] {logging_mixin.py:137} INFO - [2023-03-01T15:23:56.710+0000] {dagbag.py:538} INFO - Filling up the DagBag from /home/airflow/.local/lib/python3.7/site-packages/airflow/example_dags/example_branch_python_dop_operator_3.py
[2023-03-01T15:23:56.731+0000] {processor.py:753} INFO - DAG(s) dict_keys(['example_branch_dop_operator_v3']) retrieved from /home/airflow/.local/lib/python3.7/site-packages/airflow/example_dags/example_branch_python_dop_operator_3.py
[2023-03-01T15:23:56.757+0000] {logging_mixin.py:137} INFO - [2023-03-01T15:23:56.757+0000] {dag.py:2690} INFO - Sync 1 DAGs
[2023-03-01T15:23:56.791+0000] {logging_mixin.py:137} INFO - [2023-03-01T15:23:56.791+0000] {dag.py:3441} INFO - Setting next_dagrun for example_branch_dop_operator_v3 to 2023-03-01T15:22:00+00:00, run_after=2023-03-01T15:23:00+00:00
[2023-03-01T15:23:56.809+0000] {processor.py:175} INFO - Processing /home/airflow/.local/lib/python3.7/site-packages/airflow/example_dags/example_branch_python_dop_operator_3.py took 0.103 seconds
[2023-03-01T15:24:27.283+0000] {processor.py:153} INFO - Started process (PID=1157) to work on /home/airflow/.local/lib/python3.7/site-packages/airflow/example_dags/example_branch_python_dop_operator_3.py
[2023-03-01T15:24:27.284+0000] {processor.py:743} INFO - Processing file /home/airflow/.local/lib/python3.7/site-packages/airflow/example_dags/example_branch_python_dop_operator_3.py for tasks to queue
[2023-03-01T15:24:27.285+0000] {logging_mixin.py:137} INFO - [2023-03-01T15:24:27.284+0000] {dagbag.py:538} INFO - Filling up the DagBag from /home/airflow/.local/lib/python3.7/site-packages/airflow/example_dags/example_branch_python_dop_operator_3.py
[2023-03-01T15:24:27.304+0000] {processor.py:753} INFO - DAG(s) dict_keys(['example_branch_dop_operator_v3']) retrieved from /home/airflow/.local/lib/python3.7/site-packages/airflow/example_dags/example_branch_python_dop_operator_3.py
[2023-03-01T15:24:27.333+0000] {logging_mixin.py:137} INFO - [2023-03-01T15:24:27.333+0000] {dag.py:2690} INFO - Sync 1 DAGs
[2023-03-01T15:24:27.364+0000] {logging_mixin.py:137} INFO - [2023-03-01T15:24:27.364+0000] {dag.py:3441} INFO - Setting next_dagrun for example_branch_dop_operator_v3 to 2023-03-01T15:23:00+00:00, run_after=2023-03-01T15:24:00+00:00
[2023-03-01T15:24:27.388+0000] {processor.py:175} INFO - Processing /home/airflow/.local/lib/python3.7/site-packages/airflow/example_dags/example_branch_python_dop_operator_3.py took 0.108 seconds
[2023-03-01T15:24:57.940+0000] {processor.py:153} INFO - Started process (PID=1236) to work on /home/airflow/.local/lib/python3.7/site-packages/airflow/example_dags/example_branch_python_dop_operator_3.py
[2023-03-01T15:24:57.940+0000] {processor.py:743} INFO - Processing file /home/airflow/.local/lib/python3.7/site-packages/airflow/example_dags/example_branch_python_dop_operator_3.py for tasks to queue
[2023-03-01T15:24:57.940+0000] {logging_mixin.py:137} INFO - [2023-03-01T15:24:57.940+0000] {dagbag.py:538} INFO - Filling up the DagBag from /home/airflow/.local/lib/python3.7/site-packages/airflow/example_dags/example_branch_python_dop_operator_3.py
[2023-03-01T15:24:57.958+0000] {processor.py:753} INFO - DAG(s) dict_keys(['example_branch_dop_operator_v3']) retrieved from /home/airflow/.local/lib/python3.7/site-packages/airflow/example_dags/example_branch_python_dop_operator_3.py
[2023-03-01T15:24:57.981+0000] {logging_mixin.py:137} INFO - [2023-03-01T15:24:57.981+0000] {dag.py:2690} INFO - Sync 1 DAGs
[2023-03-01T15:24:58.009+0000] {logging_mixin.py:137} INFO - [2023-03-01T15:24:58.009+0000] {dag.py:3441} INFO - Setting next_dagrun for example_branch_dop_operator_v3 to 2023-03-01T15:23:00+00:00, run_after=2023-03-01T15:24:00+00:00
[2023-03-01T15:24:58.026+0000] {processor.py:175} INFO - Processing /home/airflow/.local/lib/python3.7/site-packages/airflow/example_dags/example_branch_python_dop_operator_3.py took 0.090 seconds
[2023-03-01T15:25:28.707+0000] {processor.py:153} INFO - Started process (PID=1335) to work on /home/airflow/.local/lib/python3.7/site-packages/airflow/example_dags/example_branch_python_dop_operator_3.py
[2023-03-01T15:25:28.708+0000] {processor.py:743} INFO - Processing file /home/airflow/.local/lib/python3.7/site-packages/airflow/example_dags/example_branch_python_dop_operator_3.py for tasks to queue
[2023-03-01T15:25:28.708+0000] {logging_mixin.py:137} INFO - [2023-03-01T15:25:28.708+0000] {dagbag.py:538} INFO - Filling up the DagBag from /home/airflow/.local/lib/python3.7/site-packages/airflow/example_dags/example_branch_python_dop_operator_3.py
[2023-03-01T15:25:28.730+0000] {processor.py:753} INFO - DAG(s) dict_keys(['example_branch_dop_operator_v3']) retrieved from /home/airflow/.local/lib/python3.7/site-packages/airflow/example_dags/example_branch_python_dop_operator_3.py
[2023-03-01T15:25:28.758+0000] {logging_mixin.py:137} INFO - [2023-03-01T15:25:28.758+0000] {dag.py:2690} INFO - Sync 1 DAGs
[2023-03-01T15:25:28.785+0000] {logging_mixin.py:137} INFO - [2023-03-01T15:25:28.784+0000] {dag.py:3441} INFO - Setting next_dagrun for example_branch_dop_operator_v3 to 2023-03-01T15:24:00+00:00, run_after=2023-03-01T15:25:00+00:00
[2023-03-01T15:25:28.804+0000] {processor.py:175} INFO - Processing /home/airflow/.local/lib/python3.7/site-packages/airflow/example_dags/example_branch_python_dop_operator_3.py took 0.099 seconds
[2023-03-01T15:25:59.373+0000] {processor.py:153} INFO - Started process (PID=1414) to work on /home/airflow/.local/lib/python3.7/site-packages/airflow/example_dags/example_branch_python_dop_operator_3.py
[2023-03-01T15:25:59.374+0000] {processor.py:743} INFO - Processing file /home/airflow/.local/lib/python3.7/site-packages/airflow/example_dags/example_branch_python_dop_operator_3.py for tasks to queue
[2023-03-01T15:25:59.374+0000] {logging_mixin.py:137} INFO - [2023-03-01T15:25:59.374+0000] {dagbag.py:538} INFO - Filling up the DagBag from /home/airflow/.local/lib/python3.7/site-packages/airflow/example_dags/example_branch_python_dop_operator_3.py
[2023-03-01T15:25:59.392+0000] {processor.py:753} INFO - DAG(s) dict_keys(['example_branch_dop_operator_v3']) retrieved from /home/airflow/.local/lib/python3.7/site-packages/airflow/example_dags/example_branch_python_dop_operator_3.py
[2023-03-01T15:25:59.414+0000] {logging_mixin.py:137} INFO - [2023-03-01T15:25:59.414+0000] {dag.py:2690} INFO - Sync 1 DAGs
[2023-03-01T15:25:59.442+0000] {logging_mixin.py:137} INFO - [2023-03-01T15:25:59.442+0000] {dag.py:3441} INFO - Setting next_dagrun for example_branch_dop_operator_v3 to 2023-03-01T15:24:00+00:00, run_after=2023-03-01T15:25:00+00:00
[2023-03-01T15:25:59.462+0000] {processor.py:175} INFO - Processing /home/airflow/.local/lib/python3.7/site-packages/airflow/example_dags/example_branch_python_dop_operator_3.py took 0.091 seconds
[2023-03-01T15:26:29.926+0000] {processor.py:153} INFO - Started process (PID=1513) to work on /home/airflow/.local/lib/python3.7/site-packages/airflow/example_dags/example_branch_python_dop_operator_3.py
[2023-03-01T15:26:29.926+0000] {processor.py:743} INFO - Processing file /home/airflow/.local/lib/python3.7/site-packages/airflow/example_dags/example_branch_python_dop_operator_3.py for tasks to queue
[2023-03-01T15:26:29.927+0000] {logging_mixin.py:137} INFO - [2023-03-01T15:26:29.927+0000] {dagbag.py:538} INFO - Filling up the DagBag from /home/airflow/.local/lib/python3.7/site-packages/airflow/example_dags/example_branch_python_dop_operator_3.py
[2023-03-01T15:26:29.945+0000] {processor.py:753} INFO - DAG(s) dict_keys(['example_branch_dop_operator_v3']) retrieved from /home/airflow/.local/lib/python3.7/site-packages/airflow/example_dags/example_branch_python_dop_operator_3.py
[2023-03-01T15:26:29.966+0000] {logging_mixin.py:137} INFO - [2023-03-01T15:26:29.966+0000] {dag.py:2690} INFO - Sync 1 DAGs
[2023-03-01T15:26:29.996+0000] {logging_mixin.py:137} INFO - [2023-03-01T15:26:29.995+0000] {dag.py:3441} INFO - Setting next_dagrun for example_branch_dop_operator_v3 to 2023-03-01T15:25:00+00:00, run_after=2023-03-01T15:26:00+00:00
[2023-03-01T15:26:30.013+0000] {processor.py:175} INFO - Processing /home/airflow/.local/lib/python3.7/site-packages/airflow/example_dags/example_branch_python_dop_operator_3.py took 0.090 seconds
[2023-03-01T15:27:00.301+0000] {processor.py:153} INFO - Started process (PID=1592) to work on /home/airflow/.local/lib/python3.7/site-packages/airflow/example_dags/example_branch_python_dop_operator_3.py
[2023-03-01T15:27:00.302+0000] {processor.py:743} INFO - Processing file /home/airflow/.local/lib/python3.7/site-packages/airflow/example_dags/example_branch_python_dop_operator_3.py for tasks to queue
[2023-03-01T15:27:00.302+0000] {logging_mixin.py:137} INFO - [2023-03-01T15:27:00.302+0000] {dagbag.py:538} INFO - Filling up the DagBag from /home/airflow/.local/lib/python3.7/site-packages/airflow/example_dags/example_branch_python_dop_operator_3.py
[2023-03-01T15:27:00.320+0000] {processor.py:753} INFO - DAG(s) dict_keys(['example_branch_dop_operator_v3']) retrieved from /home/airflow/.local/lib/python3.7/site-packages/airflow/example_dags/example_branch_python_dop_operator_3.py
[2023-03-01T15:27:00.340+0000] {logging_mixin.py:137} INFO - [2023-03-01T15:27:00.340+0000] {dag.py:2690} INFO - Sync 1 DAGs
[2023-03-01T15:27:00.369+0000] {logging_mixin.py:137} INFO - [2023-03-01T15:27:00.369+0000] {dag.py:3441} INFO - Setting next_dagrun for example_branch_dop_operator_v3 to 2023-03-01T15:26:00+00:00, run_after=2023-03-01T15:27:00+00:00
[2023-03-01T15:27:00.389+0000] {processor.py:175} INFO - Processing /home/airflow/.local/lib/python3.7/site-packages/airflow/example_dags/example_branch_python_dop_operator_3.py took 0.090 seconds
[2023-03-01T15:27:30.944+0000] {processor.py:153} INFO - Started process (PID=1692) to work on /home/airflow/.local/lib/python3.7/site-packages/airflow/example_dags/example_branch_python_dop_operator_3.py
[2023-03-01T15:27:30.945+0000] {processor.py:743} INFO - Processing file /home/airflow/.local/lib/python3.7/site-packages/airflow/example_dags/example_branch_python_dop_operator_3.py for tasks to queue
[2023-03-01T15:27:30.946+0000] {logging_mixin.py:137} INFO - [2023-03-01T15:27:30.945+0000] {dagbag.py:538} INFO - Filling up the DagBag from /home/airflow/.local/lib/python3.7/site-packages/airflow/example_dags/example_branch_python_dop_operator_3.py
[2023-03-01T15:27:30.968+0000] {processor.py:753} INFO - DAG(s) dict_keys(['example_branch_dop_operator_v3']) retrieved from /home/airflow/.local/lib/python3.7/site-packages/airflow/example_dags/example_branch_python_dop_operator_3.py
[2023-03-01T15:27:31.005+0000] {logging_mixin.py:137} INFO - [2023-03-01T15:27:31.004+0000] {dag.py:2690} INFO - Sync 1 DAGs
[2023-03-01T15:27:31.032+0000] {logging_mixin.py:137} INFO - [2023-03-01T15:27:31.032+0000] {dag.py:3441} INFO - Setting next_dagrun for example_branch_dop_operator_v3 to 2023-03-01T15:26:00+00:00, run_after=2023-03-01T15:27:00+00:00
[2023-03-01T15:27:31.051+0000] {processor.py:175} INFO - Processing /home/airflow/.local/lib/python3.7/site-packages/airflow/example_dags/example_branch_python_dop_operator_3.py took 0.110 seconds
[2023-03-01T15:28:01.516+0000] {processor.py:153} INFO - Started process (PID=1769) to work on /home/airflow/.local/lib/python3.7/site-packages/airflow/example_dags/example_branch_python_dop_operator_3.py
[2023-03-01T15:28:01.517+0000] {processor.py:743} INFO - Processing file /home/airflow/.local/lib/python3.7/site-packages/airflow/example_dags/example_branch_python_dop_operator_3.py for tasks to queue
[2023-03-01T15:28:01.517+0000] {logging_mixin.py:137} INFO - [2023-03-01T15:28:01.517+0000] {dagbag.py:538} INFO - Filling up the DagBag from /home/airflow/.local/lib/python3.7/site-packages/airflow/example_dags/example_branch_python_dop_operator_3.py
[2023-03-01T15:28:01.545+0000] {processor.py:753} INFO - DAG(s) dict_keys(['example_branch_dop_operator_v3']) retrieved from /home/airflow/.local/lib/python3.7/site-packages/airflow/example_dags/example_branch_python_dop_operator_3.py
[2023-03-01T15:28:01.571+0000] {logging_mixin.py:137} INFO - [2023-03-01T15:28:01.570+0000] {dag.py:2690} INFO - Sync 1 DAGs
[2023-03-01T15:28:01.599+0000] {logging_mixin.py:137} INFO - [2023-03-01T15:28:01.598+0000] {dag.py:3441} INFO - Setting next_dagrun for example_branch_dop_operator_v3 to 2023-03-01T15:27:00+00:00, run_after=2023-03-01T15:28:00+00:00
[2023-03-01T15:28:01.619+0000] {processor.py:175} INFO - Processing /home/airflow/.local/lib/python3.7/site-packages/airflow/example_dags/example_branch_python_dop_operator_3.py took 0.107 seconds
[2023-03-01T15:28:32.181+0000] {processor.py:153} INFO - Started process (PID=1869) to work on /home/airflow/.local/lib/python3.7/site-packages/airflow/example_dags/example_branch_python_dop_operator_3.py
[2023-03-01T15:28:32.182+0000] {processor.py:743} INFO - Processing file /home/airflow/.local/lib/python3.7/site-packages/airflow/example_dags/example_branch_python_dop_operator_3.py for tasks to queue
[2023-03-01T15:28:32.182+0000] {logging_mixin.py:137} INFO - [2023-03-01T15:28:32.182+0000] {dagbag.py:538} INFO - Filling up the DagBag from /home/airflow/.local/lib/python3.7/site-packages/airflow/example_dags/example_branch_python_dop_operator_3.py
[2023-03-01T15:28:32.200+0000] {processor.py:753} INFO - DAG(s) dict_keys(['example_branch_dop_operator_v3']) retrieved from /home/airflow/.local/lib/python3.7/site-packages/airflow/example_dags/example_branch_python_dop_operator_3.py
[2023-03-01T15:28:32.222+0000] {logging_mixin.py:137} INFO - [2023-03-01T15:28:32.222+0000] {dag.py:2690} INFO - Sync 1 DAGs
[2023-03-01T15:28:32.253+0000] {logging_mixin.py:137} INFO - [2023-03-01T15:28:32.252+0000] {dag.py:3441} INFO - Setting next_dagrun for example_branch_dop_operator_v3 to 2023-03-01T15:27:00+00:00, run_after=2023-03-01T15:28:00+00:00
[2023-03-01T15:28:32.277+0000] {processor.py:175} INFO - Processing /home/airflow/.local/lib/python3.7/site-packages/airflow/example_dags/example_branch_python_dop_operator_3.py took 0.098 seconds
[2023-03-01T15:29:02.660+0000] {processor.py:153} INFO - Started process (PID=1948) to work on /home/airflow/.local/lib/python3.7/site-packages/airflow/example_dags/example_branch_python_dop_operator_3.py
[2023-03-01T15:29:02.660+0000] {processor.py:743} INFO - Processing file /home/airflow/.local/lib/python3.7/site-packages/airflow/example_dags/example_branch_python_dop_operator_3.py for tasks to queue
[2023-03-01T15:29:02.661+0000] {logging_mixin.py:137} INFO - [2023-03-01T15:29:02.661+0000] {dagbag.py:538} INFO - Filling up the DagBag from /home/airflow/.local/lib/python3.7/site-packages/airflow/example_dags/example_branch_python_dop_operator_3.py
[2023-03-01T15:29:02.680+0000] {processor.py:753} INFO - DAG(s) dict_keys(['example_branch_dop_operator_v3']) retrieved from /home/airflow/.local/lib/python3.7/site-packages/airflow/example_dags/example_branch_python_dop_operator_3.py
[2023-03-01T15:29:02.708+0000] {logging_mixin.py:137} INFO - [2023-03-01T15:29:02.708+0000] {dag.py:2690} INFO - Sync 1 DAGs
[2023-03-01T15:29:02.740+0000] {logging_mixin.py:137} INFO - [2023-03-01T15:29:02.739+0000] {dag.py:3441} INFO - Setting next_dagrun for example_branch_dop_operator_v3 to 2023-03-01T15:28:00+00:00, run_after=2023-03-01T15:29:00+00:00
[2023-03-01T15:29:02.763+0000] {processor.py:175} INFO - Processing /home/airflow/.local/lib/python3.7/site-packages/airflow/example_dags/example_branch_python_dop_operator_3.py took 0.107 seconds
[2023-03-01T15:29:33.342+0000] {processor.py:153} INFO - Started process (PID=2047) to work on /home/airflow/.local/lib/python3.7/site-packages/airflow/example_dags/example_branch_python_dop_operator_3.py
[2023-03-01T15:29:33.342+0000] {processor.py:743} INFO - Processing file /home/airflow/.local/lib/python3.7/site-packages/airflow/example_dags/example_branch_python_dop_operator_3.py for tasks to queue
[2023-03-01T15:29:33.343+0000] {logging_mixin.py:137} INFO - [2023-03-01T15:29:33.343+0000] {dagbag.py:538} INFO - Filling up the DagBag from /home/airflow/.local/lib/python3.7/site-packages/airflow/example_dags/example_branch_python_dop_operator_3.py
[2023-03-01T15:29:33.363+0000] {processor.py:753} INFO - DAG(s) dict_keys(['example_branch_dop_operator_v3']) retrieved from /home/airflow/.local/lib/python3.7/site-packages/airflow/example_dags/example_branch_python_dop_operator_3.py
[2023-03-01T15:29:33.384+0000] {logging_mixin.py:137} INFO - [2023-03-01T15:29:33.384+0000] {dag.py:2690} INFO - Sync 1 DAGs
[2023-03-01T15:29:33.412+0000] {logging_mixin.py:137} INFO - [2023-03-01T15:29:33.412+0000] {dag.py:3441} INFO - Setting next_dagrun for example_branch_dop_operator_v3 to 2023-03-01T15:28:00+00:00, run_after=2023-03-01T15:29:00+00:00
[2023-03-01T15:29:33.431+0000] {processor.py:175} INFO - Processing /home/airflow/.local/lib/python3.7/site-packages/airflow/example_dags/example_branch_python_dop_operator_3.py took 0.091 seconds
[2023-03-01T15:30:04.161+0000] {processor.py:153} INFO - Started process (PID=2126) to work on /home/airflow/.local/lib/python3.7/site-packages/airflow/example_dags/example_branch_python_dop_operator_3.py
[2023-03-01T15:30:04.162+0000] {processor.py:743} INFO - Processing file /home/airflow/.local/lib/python3.7/site-packages/airflow/example_dags/example_branch_python_dop_operator_3.py for tasks to queue
[2023-03-01T15:30:04.162+0000] {logging_mixin.py:137} INFO - [2023-03-01T15:30:04.162+0000] {dagbag.py:538} INFO - Filling up the DagBag from /home/airflow/.local/lib/python3.7/site-packages/airflow/example_dags/example_branch_python_dop_operator_3.py
[2023-03-01T15:30:04.181+0000] {processor.py:753} INFO - DAG(s) dict_keys(['example_branch_dop_operator_v3']) retrieved from /home/airflow/.local/lib/python3.7/site-packages/airflow/example_dags/example_branch_python_dop_operator_3.py
[2023-03-01T15:30:04.202+0000] {logging_mixin.py:137} INFO - [2023-03-01T15:30:04.202+0000] {dag.py:2690} INFO - Sync 1 DAGs
[2023-03-01T15:30:04.228+0000] {logging_mixin.py:137} INFO - [2023-03-01T15:30:04.228+0000] {dag.py:3441} INFO - Setting next_dagrun for example_branch_dop_operator_v3 to 2023-03-01T15:29:00+00:00, run_after=2023-03-01T15:30:00+00:00
[2023-03-01T15:30:04.249+0000] {processor.py:175} INFO - Processing /home/airflow/.local/lib/python3.7/site-packages/airflow/example_dags/example_branch_python_dop_operator_3.py took 0.090 seconds
[2023-03-01T15:30:34.879+0000] {processor.py:153} INFO - Started process (PID=2226) to work on /home/airflow/.local/lib/python3.7/site-packages/airflow/example_dags/example_branch_python_dop_operator_3.py
[2023-03-01T15:30:34.880+0000] {processor.py:743} INFO - Processing file /home/airflow/.local/lib/python3.7/site-packages/airflow/example_dags/example_branch_python_dop_operator_3.py for tasks to queue
[2023-03-01T15:30:34.880+0000] {logging_mixin.py:137} INFO - [2023-03-01T15:30:34.880+0000] {dagbag.py:538} INFO - Filling up the DagBag from /home/airflow/.local/lib/python3.7/site-packages/airflow/example_dags/example_branch_python_dop_operator_3.py
[2023-03-01T15:30:34.900+0000] {processor.py:753} INFO - DAG(s) dict_keys(['example_branch_dop_operator_v3']) retrieved from /home/airflow/.local/lib/python3.7/site-packages/airflow/example_dags/example_branch_python_dop_operator_3.py
[2023-03-01T15:30:34.926+0000] {logging_mixin.py:137} INFO - [2023-03-01T15:30:34.926+0000] {dag.py:2690} INFO - Sync 1 DAGs
[2023-03-01T15:30:34.955+0000] {logging_mixin.py:137} INFO - [2023-03-01T15:30:34.955+0000] {dag.py:3441} INFO - Setting next_dagrun for example_branch_dop_operator_v3 to 2023-03-01T15:29:00+00:00, run_after=2023-03-01T15:30:00+00:00
[2023-03-01T15:30:34.975+0000] {processor.py:175} INFO - Processing /home/airflow/.local/lib/python3.7/site-packages/airflow/example_dags/example_branch_python_dop_operator_3.py took 0.099 seconds
[2023-03-01T15:31:05.629+0000] {processor.py:153} INFO - Started process (PID=2314) to work on /home/airflow/.local/lib/python3.7/site-packages/airflow/example_dags/example_branch_python_dop_operator_3.py
[2023-03-01T15:31:05.629+0000] {processor.py:743} INFO - Processing file /home/airflow/.local/lib/python3.7/site-packages/airflow/example_dags/example_branch_python_dop_operator_3.py for tasks to queue
[2023-03-01T15:31:05.630+0000] {logging_mixin.py:137} INFO - [2023-03-01T15:31:05.630+0000] {dagbag.py:538} INFO - Filling up the DagBag from /home/airflow/.local/lib/python3.7/site-packages/airflow/example_dags/example_branch_python_dop_operator_3.py
[2023-03-01T15:31:05.650+0000] {processor.py:753} INFO - DAG(s) dict_keys(['example_branch_dop_operator_v3']) retrieved from /home/airflow/.local/lib/python3.7/site-packages/airflow/example_dags/example_branch_python_dop_operator_3.py
[2023-03-01T15:31:05.678+0000] {logging_mixin.py:137} INFO - [2023-03-01T15:31:05.678+0000] {dag.py:2690} INFO - Sync 1 DAGs
[2023-03-01T15:31:05.706+0000] {logging_mixin.py:137} INFO - [2023-03-01T15:31:05.706+0000] {dag.py:3441} INFO - Setting next_dagrun for example_branch_dop_operator_v3 to 2023-03-01T15:30:00+00:00, run_after=2023-03-01T15:31:00+00:00
[2023-03-01T15:31:05.727+0000] {processor.py:175} INFO - Processing /home/airflow/.local/lib/python3.7/site-packages/airflow/example_dags/example_branch_python_dop_operator_3.py took 0.101 seconds
[2023-03-01T15:31:36.410+0000] {processor.py:153} INFO - Started process (PID=2404) to work on /home/airflow/.local/lib/python3.7/site-packages/airflow/example_dags/example_branch_python_dop_operator_3.py
[2023-03-01T15:31:36.411+0000] {processor.py:743} INFO - Processing file /home/airflow/.local/lib/python3.7/site-packages/airflow/example_dags/example_branch_python_dop_operator_3.py for tasks to queue
[2023-03-01T15:31:36.411+0000] {logging_mixin.py:137} INFO - [2023-03-01T15:31:36.411+0000] {dagbag.py:538} INFO - Filling up the DagBag from /home/airflow/.local/lib/python3.7/site-packages/airflow/example_dags/example_branch_python_dop_operator_3.py
[2023-03-01T15:31:36.430+0000] {processor.py:753} INFO - DAG(s) dict_keys(['example_branch_dop_operator_v3']) retrieved from /home/airflow/.local/lib/python3.7/site-packages/airflow/example_dags/example_branch_python_dop_operator_3.py
[2023-03-01T15:31:36.453+0000] {logging_mixin.py:137} INFO - [2023-03-01T15:31:36.453+0000] {dag.py:2690} INFO - Sync 1 DAGs
[2023-03-01T15:31:36.480+0000] {logging_mixin.py:137} INFO - [2023-03-01T15:31:36.480+0000] {dag.py:3441} INFO - Setting next_dagrun for example_branch_dop_operator_v3 to 2023-03-01T15:30:00+00:00, run_after=2023-03-01T15:31:00+00:00
[2023-03-01T15:31:36.499+0000] {processor.py:175} INFO - Processing /home/airflow/.local/lib/python3.7/site-packages/airflow/example_dags/example_branch_python_dop_operator_3.py took 0.092 seconds
[2023-03-01T15:32:06.986+0000] {processor.py:153} INFO - Started process (PID=2503) to work on /home/airflow/.local/lib/python3.7/site-packages/airflow/example_dags/example_branch_python_dop_operator_3.py
[2023-03-01T15:32:06.986+0000] {processor.py:743} INFO - Processing file /home/airflow/.local/lib/python3.7/site-packages/airflow/example_dags/example_branch_python_dop_operator_3.py for tasks to queue
[2023-03-01T15:32:06.987+0000] {logging_mixin.py:137} INFO - [2023-03-01T15:32:06.987+0000] {dagbag.py:538} INFO - Filling up the DagBag from /home/airflow/.local/lib/python3.7/site-packages/airflow/example_dags/example_branch_python_dop_operator_3.py
[2023-03-01T15:32:07.007+0000] {processor.py:753} INFO - DAG(s) dict_keys(['example_branch_dop_operator_v3']) retrieved from /home/airflow/.local/lib/python3.7/site-packages/airflow/example_dags/example_branch_python_dop_operator_3.py
[2023-03-01T15:32:07.028+0000] {logging_mixin.py:137} INFO - [2023-03-01T15:32:07.028+0000] {dag.py:2690} INFO - Sync 1 DAGs
[2023-03-01T15:32:07.054+0000] {logging_mixin.py:137} INFO - [2023-03-01T15:32:07.054+0000] {dag.py:3441} INFO - Setting next_dagrun for example_branch_dop_operator_v3 to 2023-03-01T15:31:00+00:00, run_after=2023-03-01T15:32:00+00:00
[2023-03-01T15:32:07.075+0000] {processor.py:175} INFO - Processing /home/airflow/.local/lib/python3.7/site-packages/airflow/example_dags/example_branch_python_dop_operator_3.py took 0.093 seconds
[2023-03-01T15:32:37.578+0000] {processor.py:153} INFO - Started process (PID=2582) to work on /home/airflow/.local/lib/python3.7/site-packages/airflow/example_dags/example_branch_python_dop_operator_3.py
[2023-03-01T15:32:37.578+0000] {processor.py:743} INFO - Processing file /home/airflow/.local/lib/python3.7/site-packages/airflow/example_dags/example_branch_python_dop_operator_3.py for tasks to queue
[2023-03-01T15:32:37.579+0000] {logging_mixin.py:137} INFO - [2023-03-01T15:32:37.579+0000] {dagbag.py:538} INFO - Filling up the DagBag from /home/airflow/.local/lib/python3.7/site-packages/airflow/example_dags/example_branch_python_dop_operator_3.py
[2023-03-01T15:32:37.596+0000] {processor.py:753} INFO - DAG(s) dict_keys(['example_branch_dop_operator_v3']) retrieved from /home/airflow/.local/lib/python3.7/site-packages/airflow/example_dags/example_branch_python_dop_operator_3.py
[2023-03-01T15:32:37.619+0000] {logging_mixin.py:137} INFO - [2023-03-01T15:32:37.619+0000] {dag.py:2690} INFO - Sync 1 DAGs
[2023-03-01T15:32:37.647+0000] {logging_mixin.py:137} INFO - [2023-03-01T15:32:37.647+0000] {dag.py:3441} INFO - Setting next_dagrun for example_branch_dop_operator_v3 to 2023-03-01T15:31:00+00:00, run_after=2023-03-01T15:32:00+00:00
[2023-03-01T15:32:37.667+0000] {processor.py:175} INFO - Processing /home/airflow/.local/lib/python3.7/site-packages/airflow/example_dags/example_branch_python_dop_operator_3.py took 0.092 seconds
[2023-03-01T15:33:08.398+0000] {processor.py:153} INFO - Started process (PID=2681) to work on /home/airflow/.local/lib/python3.7/site-packages/airflow/example_dags/example_branch_python_dop_operator_3.py
[2023-03-01T15:33:08.399+0000] {processor.py:743} INFO - Processing file /home/airflow/.local/lib/python3.7/site-packages/airflow/example_dags/example_branch_python_dop_operator_3.py for tasks to queue
[2023-03-01T15:33:08.399+0000] {logging_mixin.py:137} INFO - [2023-03-01T15:33:08.399+0000] {dagbag.py:538} INFO - Filling up the DagBag from /home/airflow/.local/lib/python3.7/site-packages/airflow/example_dags/example_branch_python_dop_operator_3.py
[2023-03-01T15:33:08.418+0000] {processor.py:753} INFO - DAG(s) dict_keys(['example_branch_dop_operator_v3']) retrieved from /home/airflow/.local/lib/python3.7/site-packages/airflow/example_dags/example_branch_python_dop_operator_3.py
[2023-03-01T15:33:08.444+0000] {logging_mixin.py:137} INFO - [2023-03-01T15:33:08.444+0000] {dag.py:2690} INFO - Sync 1 DAGs
[2023-03-01T15:33:08.474+0000] {logging_mixin.py:137} INFO - [2023-03-01T15:33:08.474+0000] {dag.py:3441} INFO - Setting next_dagrun for example_branch_dop_operator_v3 to 2023-03-01T15:32:00+00:00, run_after=2023-03-01T15:33:00+00:00
[2023-03-01T15:33:08.494+0000] {processor.py:175} INFO - Processing /home/airflow/.local/lib/python3.7/site-packages/airflow/example_dags/example_branch_python_dop_operator_3.py took 0.098 seconds
[2023-03-01T15:33:38.765+0000] {processor.py:153} INFO - Started process (PID=2760) to work on /home/airflow/.local/lib/python3.7/site-packages/airflow/example_dags/example_branch_python_dop_operator_3.py
[2023-03-01T15:33:38.766+0000] {processor.py:743} INFO - Processing file /home/airflow/.local/lib/python3.7/site-packages/airflow/example_dags/example_branch_python_dop_operator_3.py for tasks to queue
[2023-03-01T15:33:38.766+0000] {logging_mixin.py:137} INFO - [2023-03-01T15:33:38.766+0000] {dagbag.py:538} INFO - Filling up the DagBag from /home/airflow/.local/lib/python3.7/site-packages/airflow/example_dags/example_branch_python_dop_operator_3.py
[2023-03-01T15:33:38.784+0000] {processor.py:753} INFO - DAG(s) dict_keys(['example_branch_dop_operator_v3']) retrieved from /home/airflow/.local/lib/python3.7/site-packages/airflow/example_dags/example_branch_python_dop_operator_3.py
[2023-03-01T15:33:38.807+0000] {logging_mixin.py:137} INFO - [2023-03-01T15:33:38.806+0000] {dag.py:2690} INFO - Sync 1 DAGs
[2023-03-01T15:33:38.834+0000] {logging_mixin.py:137} INFO - [2023-03-01T15:33:38.834+0000] {dag.py:3441} INFO - Setting next_dagrun for example_branch_dop_operator_v3 to 2023-03-01T15:32:00+00:00, run_after=2023-03-01T15:33:00+00:00
[2023-03-01T15:33:38.852+0000] {processor.py:175} INFO - Processing /home/airflow/.local/lib/python3.7/site-packages/airflow/example_dags/example_branch_python_dop_operator_3.py took 0.089 seconds
[2023-03-01T15:34:09.675+0000] {processor.py:153} INFO - Started process (PID=2858) to work on /home/airflow/.local/lib/python3.7/site-packages/airflow/example_dags/example_branch_python_dop_operator_3.py
[2023-03-01T15:34:09.675+0000] {processor.py:743} INFO - Processing file /home/airflow/.local/lib/python3.7/site-packages/airflow/example_dags/example_branch_python_dop_operator_3.py for tasks to queue
[2023-03-01T15:34:09.676+0000] {logging_mixin.py:137} INFO - [2023-03-01T15:34:09.676+0000] {dagbag.py:538} INFO - Filling up the DagBag from /home/airflow/.local/lib/python3.7/site-packages/airflow/example_dags/example_branch_python_dop_operator_3.py
[2023-03-01T15:34:09.694+0000] {processor.py:753} INFO - DAG(s) dict_keys(['example_branch_dop_operator_v3']) retrieved from /home/airflow/.local/lib/python3.7/site-packages/airflow/example_dags/example_branch_python_dop_operator_3.py
[2023-03-01T15:34:09.716+0000] {logging_mixin.py:137} INFO - [2023-03-01T15:34:09.716+0000] {dag.py:2690} INFO - Sync 1 DAGs
[2023-03-01T15:34:09.743+0000] {logging_mixin.py:137} INFO - [2023-03-01T15:34:09.743+0000] {dag.py:3441} INFO - Setting next_dagrun for example_branch_dop_operator_v3 to 2023-03-01T15:33:00+00:00, run_after=2023-03-01T15:34:00+00:00
[2023-03-01T15:34:09.761+0000] {processor.py:175} INFO - Processing /home/airflow/.local/lib/python3.7/site-packages/airflow/example_dags/example_branch_python_dop_operator_3.py took 0.089 seconds
[2023-03-01T15:34:40.264+0000] {processor.py:153} INFO - Started process (PID=2938) to work on /home/airflow/.local/lib/python3.7/site-packages/airflow/example_dags/example_branch_python_dop_operator_3.py
[2023-03-01T15:34:40.265+0000] {processor.py:743} INFO - Processing file /home/airflow/.local/lib/python3.7/site-packages/airflow/example_dags/example_branch_python_dop_operator_3.py for tasks to queue
[2023-03-01T15:34:40.266+0000] {logging_mixin.py:137} INFO - [2023-03-01T15:34:40.265+0000] {dagbag.py:538} INFO - Filling up the DagBag from /home/airflow/.local/lib/python3.7/site-packages/airflow/example_dags/example_branch_python_dop_operator_3.py
[2023-03-01T15:34:40.283+0000] {processor.py:753} INFO - DAG(s) dict_keys(['example_branch_dop_operator_v3']) retrieved from /home/airflow/.local/lib/python3.7/site-packages/airflow/example_dags/example_branch_python_dop_operator_3.py
[2023-03-01T15:34:40.307+0000] {logging_mixin.py:137} INFO - [2023-03-01T15:34:40.306+0000] {dag.py:2690} INFO - Sync 1 DAGs
[2023-03-01T15:34:40.333+0000] {logging_mixin.py:137} INFO - [2023-03-01T15:34:40.333+0000] {dag.py:3441} INFO - Setting next_dagrun for example_branch_dop_operator_v3 to 2023-03-01T15:33:00+00:00, run_after=2023-03-01T15:34:00+00:00
[2023-03-01T15:34:40.350+0000] {processor.py:175} INFO - Processing /home/airflow/.local/lib/python3.7/site-packages/airflow/example_dags/example_branch_python_dop_operator_3.py took 0.088 seconds
[2023-03-01T15:35:10.862+0000] {processor.py:153} INFO - Started process (PID=3037) to work on /home/airflow/.local/lib/python3.7/site-packages/airflow/example_dags/example_branch_python_dop_operator_3.py
[2023-03-01T15:35:10.862+0000] {processor.py:743} INFO - Processing file /home/airflow/.local/lib/python3.7/site-packages/airflow/example_dags/example_branch_python_dop_operator_3.py for tasks to queue
[2023-03-01T15:35:10.863+0000] {logging_mixin.py:137} INFO - [2023-03-01T15:35:10.863+0000] {dagbag.py:538} INFO - Filling up the DagBag from /home/airflow/.local/lib/python3.7/site-packages/airflow/example_dags/example_branch_python_dop_operator_3.py
[2023-03-01T15:35:10.880+0000] {processor.py:753} INFO - DAG(s) dict_keys(['example_branch_dop_operator_v3']) retrieved from /home/airflow/.local/lib/python3.7/site-packages/airflow/example_dags/example_branch_python_dop_operator_3.py
[2023-03-01T15:35:10.902+0000] {logging_mixin.py:137} INFO - [2023-03-01T15:35:10.901+0000] {dag.py:2690} INFO - Sync 1 DAGs
[2023-03-01T15:35:10.928+0000] {logging_mixin.py:137} INFO - [2023-03-01T15:35:10.928+0000] {dag.py:3441} INFO - Setting next_dagrun for example_branch_dop_operator_v3 to 2023-03-01T15:34:00+00:00, run_after=2023-03-01T15:35:00+00:00
[2023-03-01T15:35:10.946+0000] {processor.py:175} INFO - Processing /home/airflow/.local/lib/python3.7/site-packages/airflow/example_dags/example_branch_python_dop_operator_3.py took 0.086 seconds
[2023-03-01T15:35:41.206+0000] {processor.py:153} INFO - Started process (PID=3116) to work on /home/airflow/.local/lib/python3.7/site-packages/airflow/example_dags/example_branch_python_dop_operator_3.py
[2023-03-01T15:35:41.207+0000] {processor.py:743} INFO - Processing file /home/airflow/.local/lib/python3.7/site-packages/airflow/example_dags/example_branch_python_dop_operator_3.py for tasks to queue
[2023-03-01T15:35:41.207+0000] {logging_mixin.py:137} INFO - [2023-03-01T15:35:41.207+0000] {dagbag.py:538} INFO - Filling up the DagBag from /home/airflow/.local/lib/python3.7/site-packages/airflow/example_dags/example_branch_python_dop_operator_3.py
[2023-03-01T15:35:41.225+0000] {processor.py:753} INFO - DAG(s) dict_keys(['example_branch_dop_operator_v3']) retrieved from /home/airflow/.local/lib/python3.7/site-packages/airflow/example_dags/example_branch_python_dop_operator_3.py
[2023-03-01T15:35:41.248+0000] {logging_mixin.py:137} INFO - [2023-03-01T15:35:41.248+0000] {dag.py:2690} INFO - Sync 1 DAGs
[2023-03-01T15:35:41.276+0000] {logging_mixin.py:137} INFO - [2023-03-01T15:35:41.276+0000] {dag.py:3441} INFO - Setting next_dagrun for example_branch_dop_operator_v3 to 2023-03-01T15:34:00+00:00, run_after=2023-03-01T15:35:00+00:00
[2023-03-01T15:35:41.297+0000] {processor.py:175} INFO - Processing /home/airflow/.local/lib/python3.7/site-packages/airflow/example_dags/example_branch_python_dop_operator_3.py took 0.094 seconds
[2023-03-01T15:36:11.924+0000] {processor.py:153} INFO - Started process (PID=3215) to work on /home/airflow/.local/lib/python3.7/site-packages/airflow/example_dags/example_branch_python_dop_operator_3.py
[2023-03-01T15:36:11.925+0000] {processor.py:743} INFO - Processing file /home/airflow/.local/lib/python3.7/site-packages/airflow/example_dags/example_branch_python_dop_operator_3.py for tasks to queue
[2023-03-01T15:36:11.926+0000] {logging_mixin.py:137} INFO - [2023-03-01T15:36:11.925+0000] {dagbag.py:538} INFO - Filling up the DagBag from /home/airflow/.local/lib/python3.7/site-packages/airflow/example_dags/example_branch_python_dop_operator_3.py
[2023-03-01T15:36:11.943+0000] {processor.py:753} INFO - DAG(s) dict_keys(['example_branch_dop_operator_v3']) retrieved from /home/airflow/.local/lib/python3.7/site-packages/airflow/example_dags/example_branch_python_dop_operator_3.py
[2023-03-01T15:36:11.965+0000] {logging_mixin.py:137} INFO - [2023-03-01T15:36:11.965+0000] {dag.py:2690} INFO - Sync 1 DAGs
[2023-03-01T15:36:11.991+0000] {logging_mixin.py:137} INFO - [2023-03-01T15:36:11.991+0000] {dag.py:3441} INFO - Setting next_dagrun for example_branch_dop_operator_v3 to 2023-03-01T15:35:00+00:00, run_after=2023-03-01T15:36:00+00:00
[2023-03-01T15:36:12.009+0000] {processor.py:175} INFO - Processing /home/airflow/.local/lib/python3.7/site-packages/airflow/example_dags/example_branch_python_dop_operator_3.py took 0.087 seconds
[2023-03-01T15:36:42.448+0000] {processor.py:153} INFO - Started process (PID=3294) to work on /home/airflow/.local/lib/python3.7/site-packages/airflow/example_dags/example_branch_python_dop_operator_3.py
[2023-03-01T15:36:42.449+0000] {processor.py:743} INFO - Processing file /home/airflow/.local/lib/python3.7/site-packages/airflow/example_dags/example_branch_python_dop_operator_3.py for tasks to queue
[2023-03-01T15:36:42.449+0000] {logging_mixin.py:137} INFO - [2023-03-01T15:36:42.449+0000] {dagbag.py:538} INFO - Filling up the DagBag from /home/airflow/.local/lib/python3.7/site-packages/airflow/example_dags/example_branch_python_dop_operator_3.py
[2023-03-01T15:36:42.469+0000] {processor.py:753} INFO - DAG(s) dict_keys(['example_branch_dop_operator_v3']) retrieved from /home/airflow/.local/lib/python3.7/site-packages/airflow/example_dags/example_branch_python_dop_operator_3.py
[2023-03-01T15:36:42.491+0000] {logging_mixin.py:137} INFO - [2023-03-01T15:36:42.491+0000] {dag.py:2690} INFO - Sync 1 DAGs
[2023-03-01T15:36:42.519+0000] {logging_mixin.py:137} INFO - [2023-03-01T15:36:42.519+0000] {dag.py:3441} INFO - Setting next_dagrun for example_branch_dop_operator_v3 to 2023-03-01T15:35:00+00:00, run_after=2023-03-01T15:36:00+00:00
[2023-03-01T15:36:42.540+0000] {processor.py:175} INFO - Processing /home/airflow/.local/lib/python3.7/site-packages/airflow/example_dags/example_branch_python_dop_operator_3.py took 0.094 seconds
[2023-03-01T15:37:13.262+0000] {processor.py:153} INFO - Started process (PID=3393) to work on /home/airflow/.local/lib/python3.7/site-packages/airflow/example_dags/example_branch_python_dop_operator_3.py
[2023-03-01T15:37:13.262+0000] {processor.py:743} INFO - Processing file /home/airflow/.local/lib/python3.7/site-packages/airflow/example_dags/example_branch_python_dop_operator_3.py for tasks to queue
[2023-03-01T15:37:13.263+0000] {logging_mixin.py:137} INFO - [2023-03-01T15:37:13.263+0000] {dagbag.py:538} INFO - Filling up the DagBag from /home/airflow/.local/lib/python3.7/site-packages/airflow/example_dags/example_branch_python_dop_operator_3.py
[2023-03-01T15:37:13.283+0000] {processor.py:753} INFO - DAG(s) dict_keys(['example_branch_dop_operator_v3']) retrieved from /home/airflow/.local/lib/python3.7/site-packages/airflow/example_dags/example_branch_python_dop_operator_3.py
[2023-03-01T15:37:13.305+0000] {logging_mixin.py:137} INFO - [2023-03-01T15:37:13.305+0000] {dag.py:2690} INFO - Sync 1 DAGs
[2023-03-01T15:37:13.332+0000] {logging_mixin.py:137} INFO - [2023-03-01T15:37:13.332+0000] {dag.py:3441} INFO - Setting next_dagrun for example_branch_dop_operator_v3 to 2023-03-01T15:36:00+00:00, run_after=2023-03-01T15:37:00+00:00
[2023-03-01T15:37:13.350+0000] {processor.py:175} INFO - Processing /home/airflow/.local/lib/python3.7/site-packages/airflow/example_dags/example_branch_python_dop_operator_3.py took 0.091 seconds
[2023-03-01T15:37:43.922+0000] {processor.py:153} INFO - Started process (PID=3472) to work on /home/airflow/.local/lib/python3.7/site-packages/airflow/example_dags/example_branch_python_dop_operator_3.py
[2023-03-01T15:37:43.922+0000] {processor.py:743} INFO - Processing file /home/airflow/.local/lib/python3.7/site-packages/airflow/example_dags/example_branch_python_dop_operator_3.py for tasks to queue
[2023-03-01T15:37:43.923+0000] {logging_mixin.py:137} INFO - [2023-03-01T15:37:43.923+0000] {dagbag.py:538} INFO - Filling up the DagBag from /home/airflow/.local/lib/python3.7/site-packages/airflow/example_dags/example_branch_python_dop_operator_3.py
[2023-03-01T15:37:43.941+0000] {processor.py:753} INFO - DAG(s) dict_keys(['example_branch_dop_operator_v3']) retrieved from /home/airflow/.local/lib/python3.7/site-packages/airflow/example_dags/example_branch_python_dop_operator_3.py
[2023-03-01T15:37:43.963+0000] {logging_mixin.py:137} INFO - [2023-03-01T15:37:43.963+0000] {dag.py:2690} INFO - Sync 1 DAGs
[2023-03-01T15:37:43.991+0000] {logging_mixin.py:137} INFO - [2023-03-01T15:37:43.991+0000] {dag.py:3441} INFO - Setting next_dagrun for example_branch_dop_operator_v3 to 2023-03-01T15:36:00+00:00, run_after=2023-03-01T15:37:00+00:00
[2023-03-01T15:37:44.010+0000] {processor.py:175} INFO - Processing /home/airflow/.local/lib/python3.7/site-packages/airflow/example_dags/example_branch_python_dop_operator_3.py took 0.090 seconds
[2023-03-01T15:38:14.428+0000] {processor.py:153} INFO - Started process (PID=3571) to work on /home/airflow/.local/lib/python3.7/site-packages/airflow/example_dags/example_branch_python_dop_operator_3.py
[2023-03-01T15:38:14.428+0000] {processor.py:743} INFO - Processing file /home/airflow/.local/lib/python3.7/site-packages/airflow/example_dags/example_branch_python_dop_operator_3.py for tasks to queue
[2023-03-01T15:38:14.429+0000] {logging_mixin.py:137} INFO - [2023-03-01T15:38:14.429+0000] {dagbag.py:538} INFO - Filling up the DagBag from /home/airflow/.local/lib/python3.7/site-packages/airflow/example_dags/example_branch_python_dop_operator_3.py
[2023-03-01T15:38:14.447+0000] {processor.py:753} INFO - DAG(s) dict_keys(['example_branch_dop_operator_v3']) retrieved from /home/airflow/.local/lib/python3.7/site-packages/airflow/example_dags/example_branch_python_dop_operator_3.py
[2023-03-01T15:38:14.469+0000] {logging_mixin.py:137} INFO - [2023-03-01T15:38:14.468+0000] {dag.py:2690} INFO - Sync 1 DAGs
[2023-03-01T15:38:14.496+0000] {logging_mixin.py:137} INFO - [2023-03-01T15:38:14.496+0000] {dag.py:3441} INFO - Setting next_dagrun for example_branch_dop_operator_v3 to 2023-03-01T15:37:00+00:00, run_after=2023-03-01T15:38:00+00:00
[2023-03-01T15:38:14.515+0000] {processor.py:175} INFO - Processing /home/airflow/.local/lib/python3.7/site-packages/airflow/example_dags/example_branch_python_dop_operator_3.py took 0.090 seconds
[2023-03-01T15:38:45.099+0000] {processor.py:153} INFO - Started process (PID=3650) to work on /home/airflow/.local/lib/python3.7/site-packages/airflow/example_dags/example_branch_python_dop_operator_3.py
[2023-03-01T15:38:45.100+0000] {processor.py:743} INFO - Processing file /home/airflow/.local/lib/python3.7/site-packages/airflow/example_dags/example_branch_python_dop_operator_3.py for tasks to queue
[2023-03-01T15:38:45.100+0000] {logging_mixin.py:137} INFO - [2023-03-01T15:38:45.100+0000] {dagbag.py:538} INFO - Filling up the DagBag from /home/airflow/.local/lib/python3.7/site-packages/airflow/example_dags/example_branch_python_dop_operator_3.py
[2023-03-01T15:38:45.119+0000] {processor.py:753} INFO - DAG(s) dict_keys(['example_branch_dop_operator_v3']) retrieved from /home/airflow/.local/lib/python3.7/site-packages/airflow/example_dags/example_branch_python_dop_operator_3.py
[2023-03-01T15:38:45.141+0000] {logging_mixin.py:137} INFO - [2023-03-01T15:38:45.141+0000] {dag.py:2690} INFO - Sync 1 DAGs
[2023-03-01T15:38:45.167+0000] {logging_mixin.py:137} INFO - [2023-03-01T15:38:45.167+0000] {dag.py:3441} INFO - Setting next_dagrun for example_branch_dop_operator_v3 to 2023-03-01T15:37:00+00:00, run_after=2023-03-01T15:38:00+00:00
[2023-03-01T15:38:45.185+0000] {processor.py:175} INFO - Processing /home/airflow/.local/lib/python3.7/site-packages/airflow/example_dags/example_branch_python_dop_operator_3.py took 0.088 seconds
[2023-03-01T15:39:15.434+0000] {processor.py:153} INFO - Started process (PID=3750) to work on /home/airflow/.local/lib/python3.7/site-packages/airflow/example_dags/example_branch_python_dop_operator_3.py
[2023-03-01T15:39:15.434+0000] {processor.py:743} INFO - Processing file /home/airflow/.local/lib/python3.7/site-packages/airflow/example_dags/example_branch_python_dop_operator_3.py for tasks to queue
[2023-03-01T15:39:15.435+0000] {logging_mixin.py:137} INFO - [2023-03-01T15:39:15.435+0000] {dagbag.py:538} INFO - Filling up the DagBag from /home/airflow/.local/lib/python3.7/site-packages/airflow/example_dags/example_branch_python_dop_operator_3.py
[2023-03-01T15:39:15.453+0000] {processor.py:753} INFO - DAG(s) dict_keys(['example_branch_dop_operator_v3']) retrieved from /home/airflow/.local/lib/python3.7/site-packages/airflow/example_dags/example_branch_python_dop_operator_3.py
[2023-03-01T15:39:15.474+0000] {logging_mixin.py:137} INFO - [2023-03-01T15:39:15.474+0000] {dag.py:2690} INFO - Sync 1 DAGs
[2023-03-01T15:39:15.500+0000] {logging_mixin.py:137} INFO - [2023-03-01T15:39:15.500+0000] {dag.py:3441} INFO - Setting next_dagrun for example_branch_dop_operator_v3 to 2023-03-01T15:38:00+00:00, run_after=2023-03-01T15:39:00+00:00
[2023-03-01T15:39:15.520+0000] {processor.py:175} INFO - Processing /home/airflow/.local/lib/python3.7/site-packages/airflow/example_dags/example_branch_python_dop_operator_3.py took 0.088 seconds
[2023-03-01T15:39:46.021+0000] {processor.py:153} INFO - Started process (PID=3838) to work on /home/airflow/.local/lib/python3.7/site-packages/airflow/example_dags/example_branch_python_dop_operator_3.py
[2023-03-01T15:39:46.021+0000] {processor.py:743} INFO - Processing file /home/airflow/.local/lib/python3.7/site-packages/airflow/example_dags/example_branch_python_dop_operator_3.py for tasks to queue
[2023-03-01T15:39:46.022+0000] {logging_mixin.py:137} INFO - [2023-03-01T15:39:46.022+0000] {dagbag.py:538} INFO - Filling up the DagBag from /home/airflow/.local/lib/python3.7/site-packages/airflow/example_dags/example_branch_python_dop_operator_3.py
[2023-03-01T15:39:46.042+0000] {processor.py:753} INFO - DAG(s) dict_keys(['example_branch_dop_operator_v3']) retrieved from /home/airflow/.local/lib/python3.7/site-packages/airflow/example_dags/example_branch_python_dop_operator_3.py
[2023-03-01T15:39:46.066+0000] {logging_mixin.py:137} INFO - [2023-03-01T15:39:46.066+0000] {dag.py:2690} INFO - Sync 1 DAGs
[2023-03-01T15:39:46.097+0000] {logging_mixin.py:137} INFO - [2023-03-01T15:39:46.097+0000] {dag.py:3441} INFO - Setting next_dagrun for example_branch_dop_operator_v3 to 2023-03-01T15:38:00+00:00, run_after=2023-03-01T15:39:00+00:00
[2023-03-01T15:39:46.118+0000] {processor.py:175} INFO - Processing /home/airflow/.local/lib/python3.7/site-packages/airflow/example_dags/example_branch_python_dop_operator_3.py took 0.100 seconds
[2023-03-01T15:40:16.649+0000] {processor.py:153} INFO - Started process (PID=3928) to work on /home/airflow/.local/lib/python3.7/site-packages/airflow/example_dags/example_branch_python_dop_operator_3.py
[2023-03-01T15:40:16.650+0000] {processor.py:743} INFO - Processing file /home/airflow/.local/lib/python3.7/site-packages/airflow/example_dags/example_branch_python_dop_operator_3.py for tasks to queue
[2023-03-01T15:40:16.650+0000] {logging_mixin.py:137} INFO - [2023-03-01T15:40:16.650+0000] {dagbag.py:538} INFO - Filling up the DagBag from /home/airflow/.local/lib/python3.7/site-packages/airflow/example_dags/example_branch_python_dop_operator_3.py
[2023-03-01T15:40:16.668+0000] {processor.py:753} INFO - DAG(s) dict_keys(['example_branch_dop_operator_v3']) retrieved from /home/airflow/.local/lib/python3.7/site-packages/airflow/example_dags/example_branch_python_dop_operator_3.py
[2023-03-01T15:40:16.690+0000] {logging_mixin.py:137} INFO - [2023-03-01T15:40:16.690+0000] {dag.py:2690} INFO - Sync 1 DAGs
[2023-03-01T15:40:16.716+0000] {logging_mixin.py:137} INFO - [2023-03-01T15:40:16.716+0000] {dag.py:3441} INFO - Setting next_dagrun for example_branch_dop_operator_v3 to 2023-03-01T15:39:00+00:00, run_after=2023-03-01T15:40:00+00:00
[2023-03-01T15:40:16.735+0000] {processor.py:175} INFO - Processing /home/airflow/.local/lib/python3.7/site-packages/airflow/example_dags/example_branch_python_dop_operator_3.py took 0.088 seconds
[2023-03-01T15:40:47.384+0000] {processor.py:153} INFO - Started process (PID=4027) to work on /home/airflow/.local/lib/python3.7/site-packages/airflow/example_dags/example_branch_python_dop_operator_3.py
[2023-03-01T15:40:47.385+0000] {processor.py:743} INFO - Processing file /home/airflow/.local/lib/python3.7/site-packages/airflow/example_dags/example_branch_python_dop_operator_3.py for tasks to queue
[2023-03-01T15:40:47.385+0000] {logging_mixin.py:137} INFO - [2023-03-01T15:40:47.385+0000] {dagbag.py:538} INFO - Filling up the DagBag from /home/airflow/.local/lib/python3.7/site-packages/airflow/example_dags/example_branch_python_dop_operator_3.py
[2023-03-01T15:40:47.407+0000] {processor.py:753} INFO - DAG(s) dict_keys(['example_branch_dop_operator_v3']) retrieved from /home/airflow/.local/lib/python3.7/site-packages/airflow/example_dags/example_branch_python_dop_operator_3.py
[2023-03-01T15:40:47.437+0000] {logging_mixin.py:137} INFO - [2023-03-01T15:40:47.437+0000] {dag.py:2690} INFO - Sync 1 DAGs
[2023-03-01T15:40:47.472+0000] {logging_mixin.py:137} INFO - [2023-03-01T15:40:47.472+0000] {dag.py:3441} INFO - Setting next_dagrun for example_branch_dop_operator_v3 to 2023-03-01T15:39:00+00:00, run_after=2023-03-01T15:40:00+00:00
[2023-03-01T15:40:47.496+0000] {processor.py:175} INFO - Processing /home/airflow/.local/lib/python3.7/site-packages/airflow/example_dags/example_branch_python_dop_operator_3.py took 0.115 seconds
[2023-03-01T15:41:18.212+0000] {processor.py:153} INFO - Started process (PID=4106) to work on /home/airflow/.local/lib/python3.7/site-packages/airflow/example_dags/example_branch_python_dop_operator_3.py
[2023-03-01T15:41:18.213+0000] {processor.py:743} INFO - Processing file /home/airflow/.local/lib/python3.7/site-packages/airflow/example_dags/example_branch_python_dop_operator_3.py for tasks to queue
[2023-03-01T15:41:18.214+0000] {logging_mixin.py:137} INFO - [2023-03-01T15:41:18.213+0000] {dagbag.py:538} INFO - Filling up the DagBag from /home/airflow/.local/lib/python3.7/site-packages/airflow/example_dags/example_branch_python_dop_operator_3.py
[2023-03-01T15:41:18.232+0000] {processor.py:753} INFO - DAG(s) dict_keys(['example_branch_dop_operator_v3']) retrieved from /home/airflow/.local/lib/python3.7/site-packages/airflow/example_dags/example_branch_python_dop_operator_3.py
[2023-03-01T15:41:18.253+0000] {logging_mixin.py:137} INFO - [2023-03-01T15:41:18.253+0000] {dag.py:2690} INFO - Sync 1 DAGs
[2023-03-01T15:41:18.279+0000] {logging_mixin.py:137} INFO - [2023-03-01T15:41:18.279+0000] {dag.py:3441} INFO - Setting next_dagrun for example_branch_dop_operator_v3 to 2023-03-01T15:40:00+00:00, run_after=2023-03-01T15:41:00+00:00
[2023-03-01T15:41:18.297+0000] {processor.py:175} INFO - Processing /home/airflow/.local/lib/python3.7/site-packages/airflow/example_dags/example_branch_python_dop_operator_3.py took 0.086 seconds
[2023-03-01T15:41:48.667+0000] {processor.py:153} INFO - Started process (PID=4205) to work on /home/airflow/.local/lib/python3.7/site-packages/airflow/example_dags/example_branch_python_dop_operator_3.py
[2023-03-01T15:41:48.668+0000] {processor.py:743} INFO - Processing file /home/airflow/.local/lib/python3.7/site-packages/airflow/example_dags/example_branch_python_dop_operator_3.py for tasks to queue
[2023-03-01T15:41:48.669+0000] {logging_mixin.py:137} INFO - [2023-03-01T15:41:48.668+0000] {dagbag.py:538} INFO - Filling up the DagBag from /home/airflow/.local/lib/python3.7/site-packages/airflow/example_dags/example_branch_python_dop_operator_3.py
[2023-03-01T15:41:48.689+0000] {processor.py:753} INFO - DAG(s) dict_keys(['example_branch_dop_operator_v3']) retrieved from /home/airflow/.local/lib/python3.7/site-packages/airflow/example_dags/example_branch_python_dop_operator_3.py
[2023-03-01T15:41:48.711+0000] {logging_mixin.py:137} INFO - [2023-03-01T15:41:48.711+0000] {dag.py:2690} INFO - Sync 1 DAGs
[2023-03-01T15:41:48.739+0000] {logging_mixin.py:137} INFO - [2023-03-01T15:41:48.739+0000] {dag.py:3441} INFO - Setting next_dagrun for example_branch_dop_operator_v3 to 2023-03-01T15:40:00+00:00, run_after=2023-03-01T15:41:00+00:00
[2023-03-01T15:41:48.759+0000] {processor.py:175} INFO - Processing /home/airflow/.local/lib/python3.7/site-packages/airflow/example_dags/example_branch_python_dop_operator_3.py took 0.094 seconds
[2023-03-01T15:42:19.433+0000] {processor.py:153} INFO - Started process (PID=4284) to work on /home/airflow/.local/lib/python3.7/site-packages/airflow/example_dags/example_branch_python_dop_operator_3.py
[2023-03-01T15:42:19.433+0000] {processor.py:743} INFO - Processing file /home/airflow/.local/lib/python3.7/site-packages/airflow/example_dags/example_branch_python_dop_operator_3.py for tasks to queue
[2023-03-01T15:42:19.434+0000] {logging_mixin.py:137} INFO - [2023-03-01T15:42:19.434+0000] {dagbag.py:538} INFO - Filling up the DagBag from /home/airflow/.local/lib/python3.7/site-packages/airflow/example_dags/example_branch_python_dop_operator_3.py
[2023-03-01T15:42:19.452+0000] {processor.py:753} INFO - DAG(s) dict_keys(['example_branch_dop_operator_v3']) retrieved from /home/airflow/.local/lib/python3.7/site-packages/airflow/example_dags/example_branch_python_dop_operator_3.py
[2023-03-01T15:42:19.473+0000] {logging_mixin.py:137} INFO - [2023-03-01T15:42:19.473+0000] {dag.py:2690} INFO - Sync 1 DAGs
[2023-03-01T15:42:19.499+0000] {logging_mixin.py:137} INFO - [2023-03-01T15:42:19.499+0000] {dag.py:3441} INFO - Setting next_dagrun for example_branch_dop_operator_v3 to 2023-03-01T15:41:00+00:00, run_after=2023-03-01T15:42:00+00:00
[2023-03-01T15:42:19.520+0000] {processor.py:175} INFO - Processing /home/airflow/.local/lib/python3.7/site-packages/airflow/example_dags/example_branch_python_dop_operator_3.py took 0.090 seconds
[2023-03-01T15:42:50.230+0000] {processor.py:153} INFO - Started process (PID=4383) to work on /home/airflow/.local/lib/python3.7/site-packages/airflow/example_dags/example_branch_python_dop_operator_3.py
[2023-03-01T15:42:50.231+0000] {processor.py:743} INFO - Processing file /home/airflow/.local/lib/python3.7/site-packages/airflow/example_dags/example_branch_python_dop_operator_3.py for tasks to queue
[2023-03-01T15:42:50.231+0000] {logging_mixin.py:137} INFO - [2023-03-01T15:42:50.231+0000] {dagbag.py:538} INFO - Filling up the DagBag from /home/airflow/.local/lib/python3.7/site-packages/airflow/example_dags/example_branch_python_dop_operator_3.py
[2023-03-01T15:42:50.249+0000] {processor.py:753} INFO - DAG(s) dict_keys(['example_branch_dop_operator_v3']) retrieved from /home/airflow/.local/lib/python3.7/site-packages/airflow/example_dags/example_branch_python_dop_operator_3.py
[2023-03-01T15:42:50.270+0000] {logging_mixin.py:137} INFO - [2023-03-01T15:42:50.270+0000] {dag.py:2690} INFO - Sync 1 DAGs
[2023-03-01T15:42:50.296+0000] {logging_mixin.py:137} INFO - [2023-03-01T15:42:50.296+0000] {dag.py:3441} INFO - Setting next_dagrun for example_branch_dop_operator_v3 to 2023-03-01T15:41:00+00:00, run_after=2023-03-01T15:42:00+00:00
[2023-03-01T15:42:50.315+0000] {processor.py:175} INFO - Processing /home/airflow/.local/lib/python3.7/site-packages/airflow/example_dags/example_branch_python_dop_operator_3.py took 0.087 seconds
[2023-03-01T20:03:09.616+0000] {processor.py:153} INFO - Started process (PID=77) to work on /home/airflow/.local/lib/python3.7/site-packages/airflow/example_dags/example_branch_python_dop_operator_3.py
[2023-03-01T20:03:09.617+0000] {processor.py:743} INFO - Processing file /home/airflow/.local/lib/python3.7/site-packages/airflow/example_dags/example_branch_python_dop_operator_3.py for tasks to queue
[2023-03-01T20:03:09.618+0000] {logging_mixin.py:137} INFO - [2023-03-01T20:03:09.618+0000] {dagbag.py:538} INFO - Filling up the DagBag from /home/airflow/.local/lib/python3.7/site-packages/airflow/example_dags/example_branch_python_dop_operator_3.py
[2023-03-01T20:03:09.652+0000] {processor.py:753} INFO - DAG(s) dict_keys(['example_branch_dop_operator_v3']) retrieved from /home/airflow/.local/lib/python3.7/site-packages/airflow/example_dags/example_branch_python_dop_operator_3.py
[2023-03-01T20:03:09.679+0000] {logging_mixin.py:137} INFO - [2023-03-01T20:03:09.679+0000] {dag.py:2690} INFO - Sync 1 DAGs
[2023-03-01T20:03:09.735+0000] {logging_mixin.py:137} INFO - [2023-03-01T20:03:09.735+0000] {dag.py:3441} INFO - Setting next_dagrun for example_branch_dop_operator_v3 to 2023-03-01T20:02:00+00:00, run_after=2023-03-01T20:03:00+00:00
[2023-03-01T20:03:09.769+0000] {processor.py:175} INFO - Processing /home/airflow/.local/lib/python3.7/site-packages/airflow/example_dags/example_branch_python_dop_operator_3.py took 0.155 seconds
[2023-03-01T20:03:40.786+0000] {processor.py:153} INFO - Started process (PID=167) to work on /home/airflow/.local/lib/python3.7/site-packages/airflow/example_dags/example_branch_python_dop_operator_3.py
[2023-03-01T20:03:40.787+0000] {processor.py:743} INFO - Processing file /home/airflow/.local/lib/python3.7/site-packages/airflow/example_dags/example_branch_python_dop_operator_3.py for tasks to queue
[2023-03-01T20:03:40.787+0000] {logging_mixin.py:137} INFO - [2023-03-01T20:03:40.787+0000] {dagbag.py:538} INFO - Filling up the DagBag from /home/airflow/.local/lib/python3.7/site-packages/airflow/example_dags/example_branch_python_dop_operator_3.py
[2023-03-01T20:03:40.806+0000] {processor.py:753} INFO - DAG(s) dict_keys(['example_branch_dop_operator_v3']) retrieved from /home/airflow/.local/lib/python3.7/site-packages/airflow/example_dags/example_branch_python_dop_operator_3.py
[2023-03-01T20:03:40.828+0000] {logging_mixin.py:137} INFO - [2023-03-01T20:03:40.828+0000] {dag.py:2690} INFO - Sync 1 DAGs
[2023-03-01T20:03:40.854+0000] {logging_mixin.py:137} INFO - [2023-03-01T20:03:40.854+0000] {dag.py:3441} INFO - Setting next_dagrun for example_branch_dop_operator_v3 to 2023-03-01T20:02:00+00:00, run_after=2023-03-01T20:03:00+00:00
[2023-03-01T20:03:40.871+0000] {processor.py:175} INFO - Processing /home/airflow/.local/lib/python3.7/site-packages/airflow/example_dags/example_branch_python_dop_operator_3.py took 0.087 seconds
[2023-03-01T20:04:11.358+0000] {processor.py:153} INFO - Started process (PID=246) to work on /home/airflow/.local/lib/python3.7/site-packages/airflow/example_dags/example_branch_python_dop_operator_3.py
[2023-03-01T20:04:11.358+0000] {processor.py:743} INFO - Processing file /home/airflow/.local/lib/python3.7/site-packages/airflow/example_dags/example_branch_python_dop_operator_3.py for tasks to queue
[2023-03-01T20:04:11.359+0000] {logging_mixin.py:137} INFO - [2023-03-01T20:04:11.359+0000] {dagbag.py:538} INFO - Filling up the DagBag from /home/airflow/.local/lib/python3.7/site-packages/airflow/example_dags/example_branch_python_dop_operator_3.py
[2023-03-01T20:04:11.376+0000] {processor.py:753} INFO - DAG(s) dict_keys(['example_branch_dop_operator_v3']) retrieved from /home/airflow/.local/lib/python3.7/site-packages/airflow/example_dags/example_branch_python_dop_operator_3.py
[2023-03-01T20:04:11.397+0000] {logging_mixin.py:137} INFO - [2023-03-01T20:04:11.397+0000] {dag.py:2690} INFO - Sync 1 DAGs
[2023-03-01T20:04:11.423+0000] {logging_mixin.py:137} INFO - [2023-03-01T20:04:11.423+0000] {dag.py:3441} INFO - Setting next_dagrun for example_branch_dop_operator_v3 to 2023-03-01T20:03:00+00:00, run_after=2023-03-01T20:04:00+00:00
[2023-03-01T20:04:11.445+0000] {processor.py:175} INFO - Processing /home/airflow/.local/lib/python3.7/site-packages/airflow/example_dags/example_branch_python_dop_operator_3.py took 0.089 seconds
[2023-03-01T20:04:41.741+0000] {processor.py:153} INFO - Started process (PID=345) to work on /home/airflow/.local/lib/python3.7/site-packages/airflow/example_dags/example_branch_python_dop_operator_3.py
[2023-03-01T20:04:41.742+0000] {processor.py:743} INFO - Processing file /home/airflow/.local/lib/python3.7/site-packages/airflow/example_dags/example_branch_python_dop_operator_3.py for tasks to queue
[2023-03-01T20:04:41.742+0000] {logging_mixin.py:137} INFO - [2023-03-01T20:04:41.742+0000] {dagbag.py:538} INFO - Filling up the DagBag from /home/airflow/.local/lib/python3.7/site-packages/airflow/example_dags/example_branch_python_dop_operator_3.py
[2023-03-01T20:04:41.764+0000] {processor.py:753} INFO - DAG(s) dict_keys(['example_branch_dop_operator_v3']) retrieved from /home/airflow/.local/lib/python3.7/site-packages/airflow/example_dags/example_branch_python_dop_operator_3.py
[2023-03-01T20:04:41.786+0000] {logging_mixin.py:137} INFO - [2023-03-01T20:04:41.786+0000] {dag.py:2690} INFO - Sync 1 DAGs
[2023-03-01T20:04:41.813+0000] {logging_mixin.py:137} INFO - [2023-03-01T20:04:41.813+0000] {dag.py:3441} INFO - Setting next_dagrun for example_branch_dop_operator_v3 to 2023-03-01T20:03:00+00:00, run_after=2023-03-01T20:04:00+00:00
[2023-03-01T20:04:41.832+0000] {processor.py:175} INFO - Processing /home/airflow/.local/lib/python3.7/site-packages/airflow/example_dags/example_branch_python_dop_operator_3.py took 0.093 seconds
[2023-03-01T20:05:12.301+0000] {processor.py:153} INFO - Started process (PID=424) to work on /home/airflow/.local/lib/python3.7/site-packages/airflow/example_dags/example_branch_python_dop_operator_3.py
[2023-03-01T20:05:12.301+0000] {processor.py:743} INFO - Processing file /home/airflow/.local/lib/python3.7/site-packages/airflow/example_dags/example_branch_python_dop_operator_3.py for tasks to queue
[2023-03-01T20:05:12.302+0000] {logging_mixin.py:137} INFO - [2023-03-01T20:05:12.302+0000] {dagbag.py:538} INFO - Filling up the DagBag from /home/airflow/.local/lib/python3.7/site-packages/airflow/example_dags/example_branch_python_dop_operator_3.py
[2023-03-01T20:05:12.329+0000] {processor.py:753} INFO - DAG(s) dict_keys(['example_branch_dop_operator_v3']) retrieved from /home/airflow/.local/lib/python3.7/site-packages/airflow/example_dags/example_branch_python_dop_operator_3.py
[2023-03-01T20:05:12.356+0000] {logging_mixin.py:137} INFO - [2023-03-01T20:05:12.356+0000] {dag.py:2690} INFO - Sync 1 DAGs
[2023-03-01T20:05:12.393+0000] {logging_mixin.py:137} INFO - [2023-03-01T20:05:12.393+0000] {dag.py:3441} INFO - Setting next_dagrun for example_branch_dop_operator_v3 to 2023-03-01T20:04:00+00:00, run_after=2023-03-01T20:05:00+00:00
[2023-03-01T20:05:12.426+0000] {processor.py:175} INFO - Processing /home/airflow/.local/lib/python3.7/site-packages/airflow/example_dags/example_branch_python_dop_operator_3.py took 0.128 seconds
[2023-03-01T20:05:42.699+0000] {processor.py:153} INFO - Started process (PID=523) to work on /home/airflow/.local/lib/python3.7/site-packages/airflow/example_dags/example_branch_python_dop_operator_3.py
[2023-03-01T20:05:42.700+0000] {processor.py:743} INFO - Processing file /home/airflow/.local/lib/python3.7/site-packages/airflow/example_dags/example_branch_python_dop_operator_3.py for tasks to queue
[2023-03-01T20:05:42.701+0000] {logging_mixin.py:137} INFO - [2023-03-01T20:05:42.700+0000] {dagbag.py:538} INFO - Filling up the DagBag from /home/airflow/.local/lib/python3.7/site-packages/airflow/example_dags/example_branch_python_dop_operator_3.py
[2023-03-01T20:05:42.721+0000] {processor.py:753} INFO - DAG(s) dict_keys(['example_branch_dop_operator_v3']) retrieved from /home/airflow/.local/lib/python3.7/site-packages/airflow/example_dags/example_branch_python_dop_operator_3.py
[2023-03-01T20:05:42.748+0000] {logging_mixin.py:137} INFO - [2023-03-01T20:05:42.747+0000] {dag.py:2690} INFO - Sync 1 DAGs
[2023-03-01T20:05:42.788+0000] {logging_mixin.py:137} INFO - [2023-03-01T20:05:42.788+0000] {dag.py:3441} INFO - Setting next_dagrun for example_branch_dop_operator_v3 to 2023-03-01T20:04:00+00:00, run_after=2023-03-01T20:05:00+00:00
[2023-03-01T20:05:42.816+0000] {processor.py:175} INFO - Processing /home/airflow/.local/lib/python3.7/site-packages/airflow/example_dags/example_branch_python_dop_operator_3.py took 0.119 seconds
[2023-03-01T20:06:13.514+0000] {processor.py:153} INFO - Started process (PID=609) to work on /home/airflow/.local/lib/python3.7/site-packages/airflow/example_dags/example_branch_python_dop_operator_3.py
[2023-03-01T20:06:13.515+0000] {processor.py:743} INFO - Processing file /home/airflow/.local/lib/python3.7/site-packages/airflow/example_dags/example_branch_python_dop_operator_3.py for tasks to queue
[2023-03-01T20:06:13.516+0000] {logging_mixin.py:137} INFO - [2023-03-01T20:06:13.516+0000] {dagbag.py:538} INFO - Filling up the DagBag from /home/airflow/.local/lib/python3.7/site-packages/airflow/example_dags/example_branch_python_dop_operator_3.py
[2023-03-01T20:06:13.536+0000] {processor.py:753} INFO - DAG(s) dict_keys(['example_branch_dop_operator_v3']) retrieved from /home/airflow/.local/lib/python3.7/site-packages/airflow/example_dags/example_branch_python_dop_operator_3.py
[2023-03-01T20:06:13.562+0000] {logging_mixin.py:137} INFO - [2023-03-01T20:06:13.562+0000] {dag.py:2690} INFO - Sync 1 DAGs
[2023-03-01T20:06:13.591+0000] {logging_mixin.py:137} INFO - [2023-03-01T20:06:13.591+0000] {dag.py:3441} INFO - Setting next_dagrun for example_branch_dop_operator_v3 to 2023-03-01T20:05:00+00:00, run_after=2023-03-01T20:06:00+00:00
[2023-03-01T20:06:13.611+0000] {processor.py:175} INFO - Processing /home/airflow/.local/lib/python3.7/site-packages/airflow/example_dags/example_branch_python_dop_operator_3.py took 0.100 seconds
[2023-03-01T20:06:43.824+0000] {processor.py:153} INFO - Started process (PID=701) to work on /home/airflow/.local/lib/python3.7/site-packages/airflow/example_dags/example_branch_python_dop_operator_3.py
[2023-03-01T20:06:43.824+0000] {processor.py:743} INFO - Processing file /home/airflow/.local/lib/python3.7/site-packages/airflow/example_dags/example_branch_python_dop_operator_3.py for tasks to queue
[2023-03-01T20:06:43.825+0000] {logging_mixin.py:137} INFO - [2023-03-01T20:06:43.825+0000] {dagbag.py:538} INFO - Filling up the DagBag from /home/airflow/.local/lib/python3.7/site-packages/airflow/example_dags/example_branch_python_dop_operator_3.py
[2023-03-01T20:06:43.844+0000] {processor.py:753} INFO - DAG(s) dict_keys(['example_branch_dop_operator_v3']) retrieved from /home/airflow/.local/lib/python3.7/site-packages/airflow/example_dags/example_branch_python_dop_operator_3.py
[2023-03-01T20:06:43.864+0000] {logging_mixin.py:137} INFO - [2023-03-01T20:06:43.864+0000] {dag.py:2690} INFO - Sync 1 DAGs
[2023-03-01T20:06:43.892+0000] {logging_mixin.py:137} INFO - [2023-03-01T20:06:43.891+0000] {dag.py:3441} INFO - Setting next_dagrun for example_branch_dop_operator_v3 to 2023-03-01T20:05:00+00:00, run_after=2023-03-01T20:06:00+00:00
[2023-03-01T20:06:43.912+0000] {processor.py:175} INFO - Processing /home/airflow/.local/lib/python3.7/site-packages/airflow/example_dags/example_branch_python_dop_operator_3.py took 0.091 seconds
[2023-03-01T20:07:14.551+0000] {processor.py:153} INFO - Started process (PID=789) to work on /home/airflow/.local/lib/python3.7/site-packages/airflow/example_dags/example_branch_python_dop_operator_3.py
[2023-03-01T20:07:14.552+0000] {processor.py:743} INFO - Processing file /home/airflow/.local/lib/python3.7/site-packages/airflow/example_dags/example_branch_python_dop_operator_3.py for tasks to queue
[2023-03-01T20:07:14.552+0000] {logging_mixin.py:137} INFO - [2023-03-01T20:07:14.552+0000] {dagbag.py:538} INFO - Filling up the DagBag from /home/airflow/.local/lib/python3.7/site-packages/airflow/example_dags/example_branch_python_dop_operator_3.py
[2023-03-01T20:07:14.572+0000] {processor.py:753} INFO - DAG(s) dict_keys(['example_branch_dop_operator_v3']) retrieved from /home/airflow/.local/lib/python3.7/site-packages/airflow/example_dags/example_branch_python_dop_operator_3.py
[2023-03-01T20:07:14.594+0000] {logging_mixin.py:137} INFO - [2023-03-01T20:07:14.593+0000] {dag.py:2690} INFO - Sync 1 DAGs
[2023-03-01T20:07:14.622+0000] {logging_mixin.py:137} INFO - [2023-03-01T20:07:14.621+0000] {dag.py:3441} INFO - Setting next_dagrun for example_branch_dop_operator_v3 to 2023-03-01T20:06:00+00:00, run_after=2023-03-01T20:07:00+00:00
[2023-03-01T20:07:14.642+0000] {processor.py:175} INFO - Processing /home/airflow/.local/lib/python3.7/site-packages/airflow/example_dags/example_branch_python_dop_operator_3.py took 0.094 seconds
[2023-03-01T20:07:45.374+0000] {processor.py:153} INFO - Started process (PID=879) to work on /home/airflow/.local/lib/python3.7/site-packages/airflow/example_dags/example_branch_python_dop_operator_3.py
[2023-03-01T20:07:45.374+0000] {processor.py:743} INFO - Processing file /home/airflow/.local/lib/python3.7/site-packages/airflow/example_dags/example_branch_python_dop_operator_3.py for tasks to queue
[2023-03-01T20:07:45.375+0000] {logging_mixin.py:137} INFO - [2023-03-01T20:07:45.375+0000] {dagbag.py:538} INFO - Filling up the DagBag from /home/airflow/.local/lib/python3.7/site-packages/airflow/example_dags/example_branch_python_dop_operator_3.py
[2023-03-01T20:07:45.397+0000] {processor.py:753} INFO - DAG(s) dict_keys(['example_branch_dop_operator_v3']) retrieved from /home/airflow/.local/lib/python3.7/site-packages/airflow/example_dags/example_branch_python_dop_operator_3.py
[2023-03-01T20:07:45.419+0000] {logging_mixin.py:137} INFO - [2023-03-01T20:07:45.419+0000] {dag.py:2690} INFO - Sync 1 DAGs
[2023-03-01T20:07:45.447+0000] {logging_mixin.py:137} INFO - [2023-03-01T20:07:45.447+0000] {dag.py:3441} INFO - Setting next_dagrun for example_branch_dop_operator_v3 to 2023-03-01T20:06:00+00:00, run_after=2023-03-01T20:07:00+00:00
[2023-03-01T20:07:45.467+0000] {processor.py:175} INFO - Processing /home/airflow/.local/lib/python3.7/site-packages/airflow/example_dags/example_branch_python_dop_operator_3.py took 0.096 seconds
