[2023-03-01T15:18:18.630+0000] {processor.py:153} INFO - Started process (PID=69) to work on /home/airflow/.local/lib/python3.7/site-packages/airflow/example_dags/example_short_circuit_operator.py
[2023-03-01T15:18:18.631+0000] {processor.py:743} INFO - Processing file /home/airflow/.local/lib/python3.7/site-packages/airflow/example_dags/example_short_circuit_operator.py for tasks to queue
[2023-03-01T15:18:18.632+0000] {logging_mixin.py:137} INFO - [2023-03-01T15:18:18.632+0000] {dagbag.py:538} INFO - Filling up the DagBag from /home/airflow/.local/lib/python3.7/site-packages/airflow/example_dags/example_short_circuit_operator.py
[2023-03-01T15:18:18.654+0000] {processor.py:753} INFO - DAG(s) dict_keys(['example_short_circuit_operator']) retrieved from /home/airflow/.local/lib/python3.7/site-packages/airflow/example_dags/example_short_circuit_operator.py
[2023-03-01T15:18:18.669+0000] {logging_mixin.py:137} INFO - [2023-03-01T15:18:18.668+0000] {dag.py:2690} INFO - Sync 1 DAGs
[2023-03-01T15:18:18.698+0000] {logging_mixin.py:137} INFO - [2023-03-01T15:18:18.697+0000] {dag.py:3441} INFO - Setting next_dagrun for example_short_circuit_operator to 2023-02-28T15:18:18.697587+00:00, run_after=2023-03-01T15:18:18.697587+00:00
[2023-03-01T15:18:18.744+0000] {processor.py:175} INFO - Processing /home/airflow/.local/lib/python3.7/site-packages/airflow/example_dags/example_short_circuit_operator.py took 0.117 seconds
[2023-03-01T15:18:48.840+0000] {processor.py:153} INFO - Started process (PID=159) to work on /home/airflow/.local/lib/python3.7/site-packages/airflow/example_dags/example_short_circuit_operator.py
[2023-03-01T15:18:48.840+0000] {processor.py:743} INFO - Processing file /home/airflow/.local/lib/python3.7/site-packages/airflow/example_dags/example_short_circuit_operator.py for tasks to queue
[2023-03-01T15:18:48.841+0000] {logging_mixin.py:137} INFO - [2023-03-01T15:18:48.841+0000] {dagbag.py:538} INFO - Filling up the DagBag from /home/airflow/.local/lib/python3.7/site-packages/airflow/example_dags/example_short_circuit_operator.py
[2023-03-01T15:18:48.854+0000] {processor.py:753} INFO - DAG(s) dict_keys(['example_short_circuit_operator']) retrieved from /home/airflow/.local/lib/python3.7/site-packages/airflow/example_dags/example_short_circuit_operator.py
[2023-03-01T15:18:48.876+0000] {logging_mixin.py:137} INFO - [2023-03-01T15:18:48.876+0000] {dag.py:2690} INFO - Sync 1 DAGs
[2023-03-01T15:18:48.899+0000] {logging_mixin.py:137} INFO - [2023-03-01T15:18:48.898+0000] {dag.py:3441} INFO - Setting next_dagrun for example_short_circuit_operator to 2023-02-28T15:18:48.898732+00:00, run_after=2023-03-01T15:18:48.898732+00:00
[2023-03-01T15:18:48.917+0000] {processor.py:175} INFO - Processing /home/airflow/.local/lib/python3.7/site-packages/airflow/example_dags/example_short_circuit_operator.py took 0.081 seconds
[2023-03-01T15:19:19.513+0000] {processor.py:153} INFO - Started process (PID=238) to work on /home/airflow/.local/lib/python3.7/site-packages/airflow/example_dags/example_short_circuit_operator.py
[2023-03-01T15:19:19.514+0000] {processor.py:743} INFO - Processing file /home/airflow/.local/lib/python3.7/site-packages/airflow/example_dags/example_short_circuit_operator.py for tasks to queue
[2023-03-01T15:19:19.514+0000] {logging_mixin.py:137} INFO - [2023-03-01T15:19:19.514+0000] {dagbag.py:538} INFO - Filling up the DagBag from /home/airflow/.local/lib/python3.7/site-packages/airflow/example_dags/example_short_circuit_operator.py
[2023-03-01T15:19:19.527+0000] {processor.py:753} INFO - DAG(s) dict_keys(['example_short_circuit_operator']) retrieved from /home/airflow/.local/lib/python3.7/site-packages/airflow/example_dags/example_short_circuit_operator.py
[2023-03-01T15:19:19.550+0000] {logging_mixin.py:137} INFO - [2023-03-01T15:19:19.550+0000] {dag.py:2690} INFO - Sync 1 DAGs
[2023-03-01T15:19:19.574+0000] {logging_mixin.py:137} INFO - [2023-03-01T15:19:19.574+0000] {dag.py:3441} INFO - Setting next_dagrun for example_short_circuit_operator to 2023-02-28T15:19:19.574463+00:00, run_after=2023-03-01T15:19:19.574463+00:00
[2023-03-01T15:19:19.593+0000] {processor.py:175} INFO - Processing /home/airflow/.local/lib/python3.7/site-packages/airflow/example_dags/example_short_circuit_operator.py took 0.082 seconds
[2023-03-01T15:19:50.574+0000] {processor.py:153} INFO - Started process (PID=337) to work on /home/airflow/.local/lib/python3.7/site-packages/airflow/example_dags/example_short_circuit_operator.py
[2023-03-01T15:19:50.575+0000] {processor.py:743} INFO - Processing file /home/airflow/.local/lib/python3.7/site-packages/airflow/example_dags/example_short_circuit_operator.py for tasks to queue
[2023-03-01T15:19:50.575+0000] {logging_mixin.py:137} INFO - [2023-03-01T15:19:50.575+0000] {dagbag.py:538} INFO - Filling up the DagBag from /home/airflow/.local/lib/python3.7/site-packages/airflow/example_dags/example_short_circuit_operator.py
[2023-03-01T15:19:50.591+0000] {processor.py:753} INFO - DAG(s) dict_keys(['example_short_circuit_operator']) retrieved from /home/airflow/.local/lib/python3.7/site-packages/airflow/example_dags/example_short_circuit_operator.py
[2023-03-01T15:19:50.616+0000] {logging_mixin.py:137} INFO - [2023-03-01T15:19:50.616+0000] {dag.py:2690} INFO - Sync 1 DAGs
[2023-03-01T15:19:50.640+0000] {logging_mixin.py:137} INFO - [2023-03-01T15:19:50.639+0000] {dag.py:3441} INFO - Setting next_dagrun for example_short_circuit_operator to 2023-02-28T15:19:50.639658+00:00, run_after=2023-03-01T15:19:50.639658+00:00
[2023-03-01T15:19:50.660+0000] {processor.py:175} INFO - Processing /home/airflow/.local/lib/python3.7/site-packages/airflow/example_dags/example_short_circuit_operator.py took 0.088 seconds
[2023-03-01T15:20:21.087+0000] {processor.py:153} INFO - Started process (PID=416) to work on /home/airflow/.local/lib/python3.7/site-packages/airflow/example_dags/example_short_circuit_operator.py
[2023-03-01T15:20:21.088+0000] {processor.py:743} INFO - Processing file /home/airflow/.local/lib/python3.7/site-packages/airflow/example_dags/example_short_circuit_operator.py for tasks to queue
[2023-03-01T15:20:21.089+0000] {logging_mixin.py:137} INFO - [2023-03-01T15:20:21.088+0000] {dagbag.py:538} INFO - Filling up the DagBag from /home/airflow/.local/lib/python3.7/site-packages/airflow/example_dags/example_short_circuit_operator.py
[2023-03-01T15:20:21.102+0000] {processor.py:753} INFO - DAG(s) dict_keys(['example_short_circuit_operator']) retrieved from /home/airflow/.local/lib/python3.7/site-packages/airflow/example_dags/example_short_circuit_operator.py
[2023-03-01T15:20:21.126+0000] {logging_mixin.py:137} INFO - [2023-03-01T15:20:21.126+0000] {dag.py:2690} INFO - Sync 1 DAGs
[2023-03-01T15:20:21.150+0000] {logging_mixin.py:137} INFO - [2023-03-01T15:20:21.150+0000] {dag.py:3441} INFO - Setting next_dagrun for example_short_circuit_operator to 2023-02-28T15:20:21.150278+00:00, run_after=2023-03-01T15:20:21.150278+00:00
[2023-03-01T15:20:21.174+0000] {processor.py:175} INFO - Processing /home/airflow/.local/lib/python3.7/site-packages/airflow/example_dags/example_short_circuit_operator.py took 0.089 seconds
[2023-03-01T15:20:52.064+0000] {processor.py:153} INFO - Started process (PID=515) to work on /home/airflow/.local/lib/python3.7/site-packages/airflow/example_dags/example_short_circuit_operator.py
[2023-03-01T15:20:52.064+0000] {processor.py:743} INFO - Processing file /home/airflow/.local/lib/python3.7/site-packages/airflow/example_dags/example_short_circuit_operator.py for tasks to queue
[2023-03-01T15:20:52.065+0000] {logging_mixin.py:137} INFO - [2023-03-01T15:20:52.064+0000] {dagbag.py:538} INFO - Filling up the DagBag from /home/airflow/.local/lib/python3.7/site-packages/airflow/example_dags/example_short_circuit_operator.py
[2023-03-01T15:20:52.077+0000] {processor.py:753} INFO - DAG(s) dict_keys(['example_short_circuit_operator']) retrieved from /home/airflow/.local/lib/python3.7/site-packages/airflow/example_dags/example_short_circuit_operator.py
[2023-03-01T15:20:52.099+0000] {logging_mixin.py:137} INFO - [2023-03-01T15:20:52.099+0000] {dag.py:2690} INFO - Sync 1 DAGs
[2023-03-01T15:20:52.121+0000] {logging_mixin.py:137} INFO - [2023-03-01T15:20:52.121+0000] {dag.py:3441} INFO - Setting next_dagrun for example_short_circuit_operator to 2023-02-28T15:20:52.120944+00:00, run_after=2023-03-01T15:20:52.120944+00:00
[2023-03-01T15:20:52.141+0000] {processor.py:175} INFO - Processing /home/airflow/.local/lib/python3.7/site-packages/airflow/example_dags/example_short_circuit_operator.py took 0.079 seconds
[2023-03-01T15:21:22.458+0000] {processor.py:153} INFO - Started process (PID=603) to work on /home/airflow/.local/lib/python3.7/site-packages/airflow/example_dags/example_short_circuit_operator.py
[2023-03-01T15:21:22.459+0000] {processor.py:743} INFO - Processing file /home/airflow/.local/lib/python3.7/site-packages/airflow/example_dags/example_short_circuit_operator.py for tasks to queue
[2023-03-01T15:21:22.459+0000] {logging_mixin.py:137} INFO - [2023-03-01T15:21:22.459+0000] {dagbag.py:538} INFO - Filling up the DagBag from /home/airflow/.local/lib/python3.7/site-packages/airflow/example_dags/example_short_circuit_operator.py
[2023-03-01T15:21:22.471+0000] {processor.py:753} INFO - DAG(s) dict_keys(['example_short_circuit_operator']) retrieved from /home/airflow/.local/lib/python3.7/site-packages/airflow/example_dags/example_short_circuit_operator.py
[2023-03-01T15:21:22.496+0000] {logging_mixin.py:137} INFO - [2023-03-01T15:21:22.496+0000] {dag.py:2690} INFO - Sync 1 DAGs
[2023-03-01T15:21:22.529+0000] {logging_mixin.py:137} INFO - [2023-03-01T15:21:22.529+0000] {dag.py:3441} INFO - Setting next_dagrun for example_short_circuit_operator to 2023-02-28T15:21:22.529234+00:00, run_after=2023-03-01T15:21:22.529234+00:00
[2023-03-01T15:21:22.554+0000] {processor.py:175} INFO - Processing /home/airflow/.local/lib/python3.7/site-packages/airflow/example_dags/example_short_circuit_operator.py took 0.098 seconds
[2023-03-01T15:21:52.874+0000] {processor.py:153} INFO - Started process (PID=694) to work on /home/airflow/.local/lib/python3.7/site-packages/airflow/example_dags/example_short_circuit_operator.py
[2023-03-01T15:21:52.875+0000] {processor.py:743} INFO - Processing file /home/airflow/.local/lib/python3.7/site-packages/airflow/example_dags/example_short_circuit_operator.py for tasks to queue
[2023-03-01T15:21:52.875+0000] {logging_mixin.py:137} INFO - [2023-03-01T15:21:52.875+0000] {dagbag.py:538} INFO - Filling up the DagBag from /home/airflow/.local/lib/python3.7/site-packages/airflow/example_dags/example_short_circuit_operator.py
[2023-03-01T15:21:52.888+0000] {processor.py:753} INFO - DAG(s) dict_keys(['example_short_circuit_operator']) retrieved from /home/airflow/.local/lib/python3.7/site-packages/airflow/example_dags/example_short_circuit_operator.py
[2023-03-01T15:21:52.912+0000] {logging_mixin.py:137} INFO - [2023-03-01T15:21:52.912+0000] {dag.py:2690} INFO - Sync 1 DAGs
[2023-03-01T15:21:52.934+0000] {logging_mixin.py:137} INFO - [2023-03-01T15:21:52.934+0000] {dag.py:3441} INFO - Setting next_dagrun for example_short_circuit_operator to 2023-02-28T15:21:52.934625+00:00, run_after=2023-03-01T15:21:52.934625+00:00
[2023-03-01T15:21:52.952+0000] {processor.py:175} INFO - Processing /home/airflow/.local/lib/python3.7/site-packages/airflow/example_dags/example_short_circuit_operator.py took 0.080 seconds
[2023-03-01T15:22:23.626+0000] {processor.py:153} INFO - Started process (PID=793) to work on /home/airflow/.local/lib/python3.7/site-packages/airflow/example_dags/example_short_circuit_operator.py
[2023-03-01T15:22:23.627+0000] {processor.py:743} INFO - Processing file /home/airflow/.local/lib/python3.7/site-packages/airflow/example_dags/example_short_circuit_operator.py for tasks to queue
[2023-03-01T15:22:23.628+0000] {logging_mixin.py:137} INFO - [2023-03-01T15:22:23.628+0000] {dagbag.py:538} INFO - Filling up the DagBag from /home/airflow/.local/lib/python3.7/site-packages/airflow/example_dags/example_short_circuit_operator.py
[2023-03-01T15:22:23.655+0000] {processor.py:753} INFO - DAG(s) dict_keys(['example_short_circuit_operator']) retrieved from /home/airflow/.local/lib/python3.7/site-packages/airflow/example_dags/example_short_circuit_operator.py
[2023-03-01T15:22:23.691+0000] {logging_mixin.py:137} INFO - [2023-03-01T15:22:23.690+0000] {dag.py:2690} INFO - Sync 1 DAGs
[2023-03-01T15:22:23.713+0000] {logging_mixin.py:137} INFO - [2023-03-01T15:22:23.713+0000] {dag.py:3441} INFO - Setting next_dagrun for example_short_circuit_operator to 2023-02-28T15:22:23.713017+00:00, run_after=2023-03-01T15:22:23.713017+00:00
[2023-03-01T15:22:23.731+0000] {processor.py:175} INFO - Processing /home/airflow/.local/lib/python3.7/site-packages/airflow/example_dags/example_short_circuit_operator.py took 0.109 seconds
[2023-03-01T15:22:53.874+0000] {processor.py:153} INFO - Started process (PID=872) to work on /home/airflow/.local/lib/python3.7/site-packages/airflow/example_dags/example_short_circuit_operator.py
[2023-03-01T15:22:53.875+0000] {processor.py:743} INFO - Processing file /home/airflow/.local/lib/python3.7/site-packages/airflow/example_dags/example_short_circuit_operator.py for tasks to queue
[2023-03-01T15:22:53.875+0000] {logging_mixin.py:137} INFO - [2023-03-01T15:22:53.875+0000] {dagbag.py:538} INFO - Filling up the DagBag from /home/airflow/.local/lib/python3.7/site-packages/airflow/example_dags/example_short_circuit_operator.py
[2023-03-01T15:22:53.893+0000] {processor.py:753} INFO - DAG(s) dict_keys(['example_short_circuit_operator']) retrieved from /home/airflow/.local/lib/python3.7/site-packages/airflow/example_dags/example_short_circuit_operator.py
[2023-03-01T15:22:53.919+0000] {logging_mixin.py:137} INFO - [2023-03-01T15:22:53.918+0000] {dag.py:2690} INFO - Sync 1 DAGs
[2023-03-01T15:22:53.941+0000] {logging_mixin.py:137} INFO - [2023-03-01T15:22:53.941+0000] {dag.py:3441} INFO - Setting next_dagrun for example_short_circuit_operator to 2023-02-28T15:22:53.941514+00:00, run_after=2023-03-01T15:22:53.941514+00:00
[2023-03-01T15:22:53.960+0000] {processor.py:175} INFO - Processing /home/airflow/.local/lib/python3.7/site-packages/airflow/example_dags/example_short_circuit_operator.py took 0.089 seconds
[2023-03-01T15:23:24.714+0000] {processor.py:153} INFO - Started process (PID=971) to work on /home/airflow/.local/lib/python3.7/site-packages/airflow/example_dags/example_short_circuit_operator.py
[2023-03-01T15:23:24.715+0000] {processor.py:743} INFO - Processing file /home/airflow/.local/lib/python3.7/site-packages/airflow/example_dags/example_short_circuit_operator.py for tasks to queue
[2023-03-01T15:23:24.716+0000] {logging_mixin.py:137} INFO - [2023-03-01T15:23:24.716+0000] {dagbag.py:538} INFO - Filling up the DagBag from /home/airflow/.local/lib/python3.7/site-packages/airflow/example_dags/example_short_circuit_operator.py
[2023-03-01T15:23:24.730+0000] {processor.py:753} INFO - DAG(s) dict_keys(['example_short_circuit_operator']) retrieved from /home/airflow/.local/lib/python3.7/site-packages/airflow/example_dags/example_short_circuit_operator.py
[2023-03-01T15:23:24.755+0000] {logging_mixin.py:137} INFO - [2023-03-01T15:23:24.755+0000] {dag.py:2690} INFO - Sync 1 DAGs
[2023-03-01T15:23:24.781+0000] {logging_mixin.py:137} INFO - [2023-03-01T15:23:24.781+0000] {dag.py:3441} INFO - Setting next_dagrun for example_short_circuit_operator to 2023-02-28T15:23:24.781304+00:00, run_after=2023-03-01T15:23:24.781304+00:00
[2023-03-01T15:23:24.804+0000] {processor.py:175} INFO - Processing /home/airflow/.local/lib/python3.7/site-packages/airflow/example_dags/example_short_circuit_operator.py took 0.092 seconds
[2023-03-01T15:23:55.110+0000] {processor.py:153} INFO - Started process (PID=1050) to work on /home/airflow/.local/lib/python3.7/site-packages/airflow/example_dags/example_short_circuit_operator.py
[2023-03-01T15:23:55.111+0000] {processor.py:743} INFO - Processing file /home/airflow/.local/lib/python3.7/site-packages/airflow/example_dags/example_short_circuit_operator.py for tasks to queue
[2023-03-01T15:23:55.111+0000] {logging_mixin.py:137} INFO - [2023-03-01T15:23:55.111+0000] {dagbag.py:538} INFO - Filling up the DagBag from /home/airflow/.local/lib/python3.7/site-packages/airflow/example_dags/example_short_circuit_operator.py
[2023-03-01T15:23:55.123+0000] {processor.py:753} INFO - DAG(s) dict_keys(['example_short_circuit_operator']) retrieved from /home/airflow/.local/lib/python3.7/site-packages/airflow/example_dags/example_short_circuit_operator.py
[2023-03-01T15:23:55.145+0000] {logging_mixin.py:137} INFO - [2023-03-01T15:23:55.144+0000] {dag.py:2690} INFO - Sync 1 DAGs
[2023-03-01T15:23:55.167+0000] {logging_mixin.py:137} INFO - [2023-03-01T15:23:55.167+0000] {dag.py:3441} INFO - Setting next_dagrun for example_short_circuit_operator to 2023-02-28T15:23:55.167011+00:00, run_after=2023-03-01T15:23:55.167011+00:00
[2023-03-01T15:23:55.185+0000] {processor.py:175} INFO - Processing /home/airflow/.local/lib/python3.7/site-packages/airflow/example_dags/example_short_circuit_operator.py took 0.077 seconds
[2023-03-01T15:24:25.827+0000] {processor.py:153} INFO - Started process (PID=1149) to work on /home/airflow/.local/lib/python3.7/site-packages/airflow/example_dags/example_short_circuit_operator.py
[2023-03-01T15:24:25.827+0000] {processor.py:743} INFO - Processing file /home/airflow/.local/lib/python3.7/site-packages/airflow/example_dags/example_short_circuit_operator.py for tasks to queue
[2023-03-01T15:24:25.828+0000] {logging_mixin.py:137} INFO - [2023-03-01T15:24:25.828+0000] {dagbag.py:538} INFO - Filling up the DagBag from /home/airflow/.local/lib/python3.7/site-packages/airflow/example_dags/example_short_circuit_operator.py
[2023-03-01T15:24:25.846+0000] {processor.py:753} INFO - DAG(s) dict_keys(['example_short_circuit_operator']) retrieved from /home/airflow/.local/lib/python3.7/site-packages/airflow/example_dags/example_short_circuit_operator.py
[2023-03-01T15:24:25.878+0000] {logging_mixin.py:137} INFO - [2023-03-01T15:24:25.877+0000] {dag.py:2690} INFO - Sync 1 DAGs
[2023-03-01T15:24:25.905+0000] {logging_mixin.py:137} INFO - [2023-03-01T15:24:25.905+0000] {dag.py:3441} INFO - Setting next_dagrun for example_short_circuit_operator to 2023-02-28T15:24:25.904799+00:00, run_after=2023-03-01T15:24:25.904799+00:00
[2023-03-01T15:24:25.928+0000] {processor.py:175} INFO - Processing /home/airflow/.local/lib/python3.7/site-packages/airflow/example_dags/example_short_circuit_operator.py took 0.105 seconds
[2023-03-01T15:24:56.501+0000] {processor.py:153} INFO - Started process (PID=1228) to work on /home/airflow/.local/lib/python3.7/site-packages/airflow/example_dags/example_short_circuit_operator.py
[2023-03-01T15:24:56.501+0000] {processor.py:743} INFO - Processing file /home/airflow/.local/lib/python3.7/site-packages/airflow/example_dags/example_short_circuit_operator.py for tasks to queue
[2023-03-01T15:24:56.502+0000] {logging_mixin.py:137} INFO - [2023-03-01T15:24:56.502+0000] {dagbag.py:538} INFO - Filling up the DagBag from /home/airflow/.local/lib/python3.7/site-packages/airflow/example_dags/example_short_circuit_operator.py
[2023-03-01T15:24:56.514+0000] {processor.py:753} INFO - DAG(s) dict_keys(['example_short_circuit_operator']) retrieved from /home/airflow/.local/lib/python3.7/site-packages/airflow/example_dags/example_short_circuit_operator.py
[2023-03-01T15:24:56.535+0000] {logging_mixin.py:137} INFO - [2023-03-01T15:24:56.535+0000] {dag.py:2690} INFO - Sync 1 DAGs
[2023-03-01T15:24:56.556+0000] {logging_mixin.py:137} INFO - [2023-03-01T15:24:56.556+0000] {dag.py:3441} INFO - Setting next_dagrun for example_short_circuit_operator to 2023-02-28T15:24:56.556126+00:00, run_after=2023-03-01T15:24:56.556126+00:00
[2023-03-01T15:24:56.571+0000] {processor.py:175} INFO - Processing /home/airflow/.local/lib/python3.7/site-packages/airflow/example_dags/example_short_circuit_operator.py took 0.073 seconds
[2023-03-01T15:25:27.069+0000] {processor.py:153} INFO - Started process (PID=1327) to work on /home/airflow/.local/lib/python3.7/site-packages/airflow/example_dags/example_short_circuit_operator.py
[2023-03-01T15:25:27.070+0000] {processor.py:743} INFO - Processing file /home/airflow/.local/lib/python3.7/site-packages/airflow/example_dags/example_short_circuit_operator.py for tasks to queue
[2023-03-01T15:25:27.070+0000] {logging_mixin.py:137} INFO - [2023-03-01T15:25:27.070+0000] {dagbag.py:538} INFO - Filling up the DagBag from /home/airflow/.local/lib/python3.7/site-packages/airflow/example_dags/example_short_circuit_operator.py
[2023-03-01T15:25:27.082+0000] {processor.py:753} INFO - DAG(s) dict_keys(['example_short_circuit_operator']) retrieved from /home/airflow/.local/lib/python3.7/site-packages/airflow/example_dags/example_short_circuit_operator.py
[2023-03-01T15:25:27.104+0000] {logging_mixin.py:137} INFO - [2023-03-01T15:25:27.104+0000] {dag.py:2690} INFO - Sync 1 DAGs
[2023-03-01T15:25:27.125+0000] {logging_mixin.py:137} INFO - [2023-03-01T15:25:27.125+0000] {dag.py:3441} INFO - Setting next_dagrun for example_short_circuit_operator to 2023-02-28T15:25:27.125077+00:00, run_after=2023-03-01T15:25:27.125077+00:00
[2023-03-01T15:25:27.146+0000] {processor.py:175} INFO - Processing /home/airflow/.local/lib/python3.7/site-packages/airflow/example_dags/example_short_circuit_operator.py took 0.079 seconds
[2023-03-01T15:25:57.741+0000] {processor.py:153} INFO - Started process (PID=1406) to work on /home/airflow/.local/lib/python3.7/site-packages/airflow/example_dags/example_short_circuit_operator.py
[2023-03-01T15:25:57.742+0000] {processor.py:743} INFO - Processing file /home/airflow/.local/lib/python3.7/site-packages/airflow/example_dags/example_short_circuit_operator.py for tasks to queue
[2023-03-01T15:25:57.743+0000] {logging_mixin.py:137} INFO - [2023-03-01T15:25:57.742+0000] {dagbag.py:538} INFO - Filling up the DagBag from /home/airflow/.local/lib/python3.7/site-packages/airflow/example_dags/example_short_circuit_operator.py
[2023-03-01T15:25:57.756+0000] {processor.py:753} INFO - DAG(s) dict_keys(['example_short_circuit_operator']) retrieved from /home/airflow/.local/lib/python3.7/site-packages/airflow/example_dags/example_short_circuit_operator.py
[2023-03-01T15:25:57.779+0000] {logging_mixin.py:137} INFO - [2023-03-01T15:25:57.779+0000] {dag.py:2690} INFO - Sync 1 DAGs
[2023-03-01T15:25:57.805+0000] {logging_mixin.py:137} INFO - [2023-03-01T15:25:57.805+0000] {dag.py:3441} INFO - Setting next_dagrun for example_short_circuit_operator to 2023-02-28T15:25:57.804678+00:00, run_after=2023-03-01T15:25:57.804678+00:00
[2023-03-01T15:25:57.824+0000] {processor.py:175} INFO - Processing /home/airflow/.local/lib/python3.7/site-packages/airflow/example_dags/example_short_circuit_operator.py took 0.085 seconds
[2023-03-01T15:26:28.475+0000] {processor.py:153} INFO - Started process (PID=1505) to work on /home/airflow/.local/lib/python3.7/site-packages/airflow/example_dags/example_short_circuit_operator.py
[2023-03-01T15:26:28.475+0000] {processor.py:743} INFO - Processing file /home/airflow/.local/lib/python3.7/site-packages/airflow/example_dags/example_short_circuit_operator.py for tasks to queue
[2023-03-01T15:26:28.476+0000] {logging_mixin.py:137} INFO - [2023-03-01T15:26:28.476+0000] {dagbag.py:538} INFO - Filling up the DagBag from /home/airflow/.local/lib/python3.7/site-packages/airflow/example_dags/example_short_circuit_operator.py
[2023-03-01T15:26:28.488+0000] {processor.py:753} INFO - DAG(s) dict_keys(['example_short_circuit_operator']) retrieved from /home/airflow/.local/lib/python3.7/site-packages/airflow/example_dags/example_short_circuit_operator.py
[2023-03-01T15:26:28.511+0000] {logging_mixin.py:137} INFO - [2023-03-01T15:26:28.511+0000] {dag.py:2690} INFO - Sync 1 DAGs
[2023-03-01T15:26:28.538+0000] {logging_mixin.py:137} INFO - [2023-03-01T15:26:28.538+0000] {dag.py:3441} INFO - Setting next_dagrun for example_short_circuit_operator to 2023-02-28T15:26:28.538055+00:00, run_after=2023-03-01T15:26:28.538055+00:00
[2023-03-01T15:26:28.560+0000] {processor.py:175} INFO - Processing /home/airflow/.local/lib/python3.7/site-packages/airflow/example_dags/example_short_circuit_operator.py took 0.088 seconds
[2023-03-01T15:26:58.714+0000] {processor.py:153} INFO - Started process (PID=1584) to work on /home/airflow/.local/lib/python3.7/site-packages/airflow/example_dags/example_short_circuit_operator.py
[2023-03-01T15:26:58.714+0000] {processor.py:743} INFO - Processing file /home/airflow/.local/lib/python3.7/site-packages/airflow/example_dags/example_short_circuit_operator.py for tasks to queue
[2023-03-01T15:26:58.715+0000] {logging_mixin.py:137} INFO - [2023-03-01T15:26:58.715+0000] {dagbag.py:538} INFO - Filling up the DagBag from /home/airflow/.local/lib/python3.7/site-packages/airflow/example_dags/example_short_circuit_operator.py
[2023-03-01T15:26:58.727+0000] {processor.py:753} INFO - DAG(s) dict_keys(['example_short_circuit_operator']) retrieved from /home/airflow/.local/lib/python3.7/site-packages/airflow/example_dags/example_short_circuit_operator.py
[2023-03-01T15:26:58.748+0000] {logging_mixin.py:137} INFO - [2023-03-01T15:26:58.748+0000] {dag.py:2690} INFO - Sync 1 DAGs
[2023-03-01T15:26:58.770+0000] {logging_mixin.py:137} INFO - [2023-03-01T15:26:58.770+0000] {dag.py:3441} INFO - Setting next_dagrun for example_short_circuit_operator to 2023-02-28T15:26:58.770005+00:00, run_after=2023-03-01T15:26:58.770005+00:00
[2023-03-01T15:26:58.788+0000] {processor.py:175} INFO - Processing /home/airflow/.local/lib/python3.7/site-packages/airflow/example_dags/example_short_circuit_operator.py took 0.076 seconds
[2023-03-01T15:27:29.442+0000] {processor.py:153} INFO - Started process (PID=1684) to work on /home/airflow/.local/lib/python3.7/site-packages/airflow/example_dags/example_short_circuit_operator.py
[2023-03-01T15:27:29.443+0000] {processor.py:743} INFO - Processing file /home/airflow/.local/lib/python3.7/site-packages/airflow/example_dags/example_short_circuit_operator.py for tasks to queue
[2023-03-01T15:27:29.444+0000] {logging_mixin.py:137} INFO - [2023-03-01T15:27:29.443+0000] {dagbag.py:538} INFO - Filling up the DagBag from /home/airflow/.local/lib/python3.7/site-packages/airflow/example_dags/example_short_circuit_operator.py
[2023-03-01T15:27:29.459+0000] {processor.py:753} INFO - DAG(s) dict_keys(['example_short_circuit_operator']) retrieved from /home/airflow/.local/lib/python3.7/site-packages/airflow/example_dags/example_short_circuit_operator.py
[2023-03-01T15:27:29.484+0000] {logging_mixin.py:137} INFO - [2023-03-01T15:27:29.484+0000] {dag.py:2690} INFO - Sync 1 DAGs
[2023-03-01T15:27:29.509+0000] {logging_mixin.py:137} INFO - [2023-03-01T15:27:29.509+0000] {dag.py:3441} INFO - Setting next_dagrun for example_short_circuit_operator to 2023-02-28T15:27:29.509284+00:00, run_after=2023-03-01T15:27:29.509284+00:00
[2023-03-01T15:27:29.527+0000] {processor.py:175} INFO - Processing /home/airflow/.local/lib/python3.7/site-packages/airflow/example_dags/example_short_circuit_operator.py took 0.088 seconds
[2023-03-01T15:27:59.964+0000] {processor.py:153} INFO - Started process (PID=1762) to work on /home/airflow/.local/lib/python3.7/site-packages/airflow/example_dags/example_short_circuit_operator.py
[2023-03-01T15:27:59.965+0000] {processor.py:743} INFO - Processing file /home/airflow/.local/lib/python3.7/site-packages/airflow/example_dags/example_short_circuit_operator.py for tasks to queue
[2023-03-01T15:27:59.965+0000] {logging_mixin.py:137} INFO - [2023-03-01T15:27:59.965+0000] {dagbag.py:538} INFO - Filling up the DagBag from /home/airflow/.local/lib/python3.7/site-packages/airflow/example_dags/example_short_circuit_operator.py
[2023-03-01T15:27:59.978+0000] {processor.py:753} INFO - DAG(s) dict_keys(['example_short_circuit_operator']) retrieved from /home/airflow/.local/lib/python3.7/site-packages/airflow/example_dags/example_short_circuit_operator.py
[2023-03-01T15:28:00.001+0000] {logging_mixin.py:137} INFO - [2023-03-01T15:28:00.001+0000] {dag.py:2690} INFO - Sync 1 DAGs
[2023-03-01T15:28:00.026+0000] {logging_mixin.py:137} INFO - [2023-03-01T15:28:00.026+0000] {dag.py:3441} INFO - Setting next_dagrun for example_short_circuit_operator to 2023-02-28T15:28:00.025817+00:00, run_after=2023-03-01T15:28:00.025817+00:00
[2023-03-01T15:28:00.045+0000] {processor.py:175} INFO - Processing /home/airflow/.local/lib/python3.7/site-packages/airflow/example_dags/example_short_circuit_operator.py took 0.083 seconds
[2023-03-01T15:28:30.684+0000] {processor.py:153} INFO - Started process (PID=1861) to work on /home/airflow/.local/lib/python3.7/site-packages/airflow/example_dags/example_short_circuit_operator.py
[2023-03-01T15:28:30.685+0000] {processor.py:743} INFO - Processing file /home/airflow/.local/lib/python3.7/site-packages/airflow/example_dags/example_short_circuit_operator.py for tasks to queue
[2023-03-01T15:28:30.685+0000] {logging_mixin.py:137} INFO - [2023-03-01T15:28:30.685+0000] {dagbag.py:538} INFO - Filling up the DagBag from /home/airflow/.local/lib/python3.7/site-packages/airflow/example_dags/example_short_circuit_operator.py
[2023-03-01T15:28:30.699+0000] {processor.py:753} INFO - DAG(s) dict_keys(['example_short_circuit_operator']) retrieved from /home/airflow/.local/lib/python3.7/site-packages/airflow/example_dags/example_short_circuit_operator.py
[2023-03-01T15:28:30.724+0000] {logging_mixin.py:137} INFO - [2023-03-01T15:28:30.724+0000] {dag.py:2690} INFO - Sync 1 DAGs
[2023-03-01T15:28:30.753+0000] {logging_mixin.py:137} INFO - [2023-03-01T15:28:30.753+0000] {dag.py:3441} INFO - Setting next_dagrun for example_short_circuit_operator to 2023-02-28T15:28:30.753171+00:00, run_after=2023-03-01T15:28:30.753171+00:00
[2023-03-01T15:28:30.774+0000] {processor.py:175} INFO - Processing /home/airflow/.local/lib/python3.7/site-packages/airflow/example_dags/example_short_circuit_operator.py took 0.092 seconds
[2023-03-01T15:29:01.169+0000] {processor.py:153} INFO - Started process (PID=1940) to work on /home/airflow/.local/lib/python3.7/site-packages/airflow/example_dags/example_short_circuit_operator.py
[2023-03-01T15:29:01.170+0000] {processor.py:743} INFO - Processing file /home/airflow/.local/lib/python3.7/site-packages/airflow/example_dags/example_short_circuit_operator.py for tasks to queue
[2023-03-01T15:29:01.170+0000] {logging_mixin.py:137} INFO - [2023-03-01T15:29:01.170+0000] {dagbag.py:538} INFO - Filling up the DagBag from /home/airflow/.local/lib/python3.7/site-packages/airflow/example_dags/example_short_circuit_operator.py
[2023-03-01T15:29:01.182+0000] {processor.py:753} INFO - DAG(s) dict_keys(['example_short_circuit_operator']) retrieved from /home/airflow/.local/lib/python3.7/site-packages/airflow/example_dags/example_short_circuit_operator.py
[2023-03-01T15:29:01.204+0000] {logging_mixin.py:137} INFO - [2023-03-01T15:29:01.204+0000] {dag.py:2690} INFO - Sync 1 DAGs
[2023-03-01T15:29:01.229+0000] {logging_mixin.py:137} INFO - [2023-03-01T15:29:01.229+0000] {dag.py:3441} INFO - Setting next_dagrun for example_short_circuit_operator to 2023-02-28T15:29:01.229222+00:00, run_after=2023-03-01T15:29:01.229222+00:00
[2023-03-01T15:29:01.249+0000] {processor.py:175} INFO - Processing /home/airflow/.local/lib/python3.7/site-packages/airflow/example_dags/example_short_circuit_operator.py took 0.083 seconds
[2023-03-01T15:29:31.886+0000] {processor.py:153} INFO - Started process (PID=2039) to work on /home/airflow/.local/lib/python3.7/site-packages/airflow/example_dags/example_short_circuit_operator.py
[2023-03-01T15:29:31.887+0000] {processor.py:743} INFO - Processing file /home/airflow/.local/lib/python3.7/site-packages/airflow/example_dags/example_short_circuit_operator.py for tasks to queue
[2023-03-01T15:29:31.887+0000] {logging_mixin.py:137} INFO - [2023-03-01T15:29:31.887+0000] {dagbag.py:538} INFO - Filling up the DagBag from /home/airflow/.local/lib/python3.7/site-packages/airflow/example_dags/example_short_circuit_operator.py
[2023-03-01T15:29:31.900+0000] {processor.py:753} INFO - DAG(s) dict_keys(['example_short_circuit_operator']) retrieved from /home/airflow/.local/lib/python3.7/site-packages/airflow/example_dags/example_short_circuit_operator.py
[2023-03-01T15:29:31.922+0000] {logging_mixin.py:137} INFO - [2023-03-01T15:29:31.922+0000] {dag.py:2690} INFO - Sync 1 DAGs
[2023-03-01T15:29:31.944+0000] {logging_mixin.py:137} INFO - [2023-03-01T15:29:31.944+0000] {dag.py:3441} INFO - Setting next_dagrun for example_short_circuit_operator to 2023-02-28T15:29:31.943978+00:00, run_after=2023-03-01T15:29:31.943978+00:00
[2023-03-01T15:29:31.960+0000] {processor.py:175} INFO - Processing /home/airflow/.local/lib/python3.7/site-packages/airflow/example_dags/example_short_circuit_operator.py took 0.076 seconds
[2023-03-01T15:30:02.511+0000] {processor.py:153} INFO - Started process (PID=2118) to work on /home/airflow/.local/lib/python3.7/site-packages/airflow/example_dags/example_short_circuit_operator.py
[2023-03-01T15:30:02.512+0000] {processor.py:743} INFO - Processing file /home/airflow/.local/lib/python3.7/site-packages/airflow/example_dags/example_short_circuit_operator.py for tasks to queue
[2023-03-01T15:30:02.513+0000] {logging_mixin.py:137} INFO - [2023-03-01T15:30:02.513+0000] {dagbag.py:538} INFO - Filling up the DagBag from /home/airflow/.local/lib/python3.7/site-packages/airflow/example_dags/example_short_circuit_operator.py
[2023-03-01T15:30:02.525+0000] {processor.py:753} INFO - DAG(s) dict_keys(['example_short_circuit_operator']) retrieved from /home/airflow/.local/lib/python3.7/site-packages/airflow/example_dags/example_short_circuit_operator.py
[2023-03-01T15:30:02.550+0000] {logging_mixin.py:137} INFO - [2023-03-01T15:30:02.549+0000] {dag.py:2690} INFO - Sync 1 DAGs
[2023-03-01T15:30:02.572+0000] {logging_mixin.py:137} INFO - [2023-03-01T15:30:02.572+0000] {dag.py:3441} INFO - Setting next_dagrun for example_short_circuit_operator to 2023-02-28T15:30:02.572288+00:00, run_after=2023-03-01T15:30:02.572288+00:00
[2023-03-01T15:30:02.592+0000] {processor.py:175} INFO - Processing /home/airflow/.local/lib/python3.7/site-packages/airflow/example_dags/example_short_circuit_operator.py took 0.084 seconds
[2023-03-01T15:30:33.278+0000] {processor.py:153} INFO - Started process (PID=2218) to work on /home/airflow/.local/lib/python3.7/site-packages/airflow/example_dags/example_short_circuit_operator.py
[2023-03-01T15:30:33.279+0000] {processor.py:743} INFO - Processing file /home/airflow/.local/lib/python3.7/site-packages/airflow/example_dags/example_short_circuit_operator.py for tasks to queue
[2023-03-01T15:30:33.279+0000] {logging_mixin.py:137} INFO - [2023-03-01T15:30:33.279+0000] {dagbag.py:538} INFO - Filling up the DagBag from /home/airflow/.local/lib/python3.7/site-packages/airflow/example_dags/example_short_circuit_operator.py
[2023-03-01T15:30:33.291+0000] {processor.py:753} INFO - DAG(s) dict_keys(['example_short_circuit_operator']) retrieved from /home/airflow/.local/lib/python3.7/site-packages/airflow/example_dags/example_short_circuit_operator.py
[2023-03-01T15:30:33.313+0000] {logging_mixin.py:137} INFO - [2023-03-01T15:30:33.313+0000] {dag.py:2690} INFO - Sync 1 DAGs
[2023-03-01T15:30:33.336+0000] {logging_mixin.py:137} INFO - [2023-03-01T15:30:33.336+0000] {dag.py:3441} INFO - Setting next_dagrun for example_short_circuit_operator to 2023-02-28T15:30:33.336291+00:00, run_after=2023-03-01T15:30:33.336291+00:00
[2023-03-01T15:30:33.356+0000] {processor.py:175} INFO - Processing /home/airflow/.local/lib/python3.7/site-packages/airflow/example_dags/example_short_circuit_operator.py took 0.080 seconds
[2023-03-01T15:31:04.010+0000] {processor.py:153} INFO - Started process (PID=2297) to work on /home/airflow/.local/lib/python3.7/site-packages/airflow/example_dags/example_short_circuit_operator.py
[2023-03-01T15:31:04.011+0000] {processor.py:743} INFO - Processing file /home/airflow/.local/lib/python3.7/site-packages/airflow/example_dags/example_short_circuit_operator.py for tasks to queue
[2023-03-01T15:31:04.011+0000] {logging_mixin.py:137} INFO - [2023-03-01T15:31:04.011+0000] {dagbag.py:538} INFO - Filling up the DagBag from /home/airflow/.local/lib/python3.7/site-packages/airflow/example_dags/example_short_circuit_operator.py
[2023-03-01T15:31:04.027+0000] {processor.py:753} INFO - DAG(s) dict_keys(['example_short_circuit_operator']) retrieved from /home/airflow/.local/lib/python3.7/site-packages/airflow/example_dags/example_short_circuit_operator.py
[2023-03-01T15:31:04.051+0000] {logging_mixin.py:137} INFO - [2023-03-01T15:31:04.050+0000] {dag.py:2690} INFO - Sync 1 DAGs
[2023-03-01T15:31:04.076+0000] {logging_mixin.py:137} INFO - [2023-03-01T15:31:04.076+0000] {dag.py:3441} INFO - Setting next_dagrun for example_short_circuit_operator to 2023-02-28T15:31:04.076394+00:00, run_after=2023-03-01T15:31:04.076394+00:00
[2023-03-01T15:31:04.095+0000] {processor.py:175} INFO - Processing /home/airflow/.local/lib/python3.7/site-packages/airflow/example_dags/example_short_circuit_operator.py took 0.087 seconds
[2023-03-01T15:31:34.960+0000] {processor.py:153} INFO - Started process (PID=2396) to work on /home/airflow/.local/lib/python3.7/site-packages/airflow/example_dags/example_short_circuit_operator.py
[2023-03-01T15:31:34.961+0000] {processor.py:743} INFO - Processing file /home/airflow/.local/lib/python3.7/site-packages/airflow/example_dags/example_short_circuit_operator.py for tasks to queue
[2023-03-01T15:31:34.961+0000] {logging_mixin.py:137} INFO - [2023-03-01T15:31:34.961+0000] {dagbag.py:538} INFO - Filling up the DagBag from /home/airflow/.local/lib/python3.7/site-packages/airflow/example_dags/example_short_circuit_operator.py
[2023-03-01T15:31:34.973+0000] {processor.py:753} INFO - DAG(s) dict_keys(['example_short_circuit_operator']) retrieved from /home/airflow/.local/lib/python3.7/site-packages/airflow/example_dags/example_short_circuit_operator.py
[2023-03-01T15:31:34.996+0000] {logging_mixin.py:137} INFO - [2023-03-01T15:31:34.996+0000] {dag.py:2690} INFO - Sync 1 DAGs
[2023-03-01T15:31:35.020+0000] {logging_mixin.py:137} INFO - [2023-03-01T15:31:35.019+0000] {dag.py:3441} INFO - Setting next_dagrun for example_short_circuit_operator to 2023-02-28T15:31:35.019673+00:00, run_after=2023-03-01T15:31:35.019673+00:00
[2023-03-01T15:31:35.038+0000] {processor.py:175} INFO - Processing /home/airflow/.local/lib/python3.7/site-packages/airflow/example_dags/example_short_circuit_operator.py took 0.080 seconds
[2023-03-01T15:32:05.460+0000] {processor.py:153} INFO - Started process (PID=2475) to work on /home/airflow/.local/lib/python3.7/site-packages/airflow/example_dags/example_short_circuit_operator.py
[2023-03-01T15:32:05.461+0000] {processor.py:743} INFO - Processing file /home/airflow/.local/lib/python3.7/site-packages/airflow/example_dags/example_short_circuit_operator.py for tasks to queue
[2023-03-01T15:32:05.461+0000] {logging_mixin.py:137} INFO - [2023-03-01T15:32:05.461+0000] {dagbag.py:538} INFO - Filling up the DagBag from /home/airflow/.local/lib/python3.7/site-packages/airflow/example_dags/example_short_circuit_operator.py
[2023-03-01T15:32:05.478+0000] {processor.py:753} INFO - DAG(s) dict_keys(['example_short_circuit_operator']) retrieved from /home/airflow/.local/lib/python3.7/site-packages/airflow/example_dags/example_short_circuit_operator.py
[2023-03-01T15:32:05.541+0000] {logging_mixin.py:137} INFO - [2023-03-01T15:32:05.541+0000] {dag.py:2690} INFO - Sync 1 DAGs
[2023-03-01T15:32:05.566+0000] {logging_mixin.py:137} INFO - [2023-03-01T15:32:05.565+0000] {dag.py:3441} INFO - Setting next_dagrun for example_short_circuit_operator to 2023-02-28T15:32:05.565610+00:00, run_after=2023-03-01T15:32:05.565610+00:00
[2023-03-01T15:32:05.587+0000] {processor.py:175} INFO - Processing /home/airflow/.local/lib/python3.7/site-packages/airflow/example_dags/example_short_circuit_operator.py took 0.130 seconds
[2023-03-01T15:32:35.969+0000] {processor.py:153} INFO - Started process (PID=2574) to work on /home/airflow/.local/lib/python3.7/site-packages/airflow/example_dags/example_short_circuit_operator.py
[2023-03-01T15:32:35.970+0000] {processor.py:743} INFO - Processing file /home/airflow/.local/lib/python3.7/site-packages/airflow/example_dags/example_short_circuit_operator.py for tasks to queue
[2023-03-01T15:32:35.970+0000] {logging_mixin.py:137} INFO - [2023-03-01T15:32:35.970+0000] {dagbag.py:538} INFO - Filling up the DagBag from /home/airflow/.local/lib/python3.7/site-packages/airflow/example_dags/example_short_circuit_operator.py
[2023-03-01T15:32:35.983+0000] {processor.py:753} INFO - DAG(s) dict_keys(['example_short_circuit_operator']) retrieved from /home/airflow/.local/lib/python3.7/site-packages/airflow/example_dags/example_short_circuit_operator.py
[2023-03-01T15:32:36.007+0000] {logging_mixin.py:137} INFO - [2023-03-01T15:32:36.007+0000] {dag.py:2690} INFO - Sync 1 DAGs
[2023-03-01T15:32:36.032+0000] {logging_mixin.py:137} INFO - [2023-03-01T15:32:36.032+0000] {dag.py:3441} INFO - Setting next_dagrun for example_short_circuit_operator to 2023-02-28T15:32:36.032537+00:00, run_after=2023-03-01T15:32:36.032537+00:00
[2023-03-01T15:32:36.050+0000] {processor.py:175} INFO - Processing /home/airflow/.local/lib/python3.7/site-packages/airflow/example_dags/example_short_circuit_operator.py took 0.084 seconds
[2023-03-01T15:33:06.940+0000] {processor.py:153} INFO - Started process (PID=2673) to work on /home/airflow/.local/lib/python3.7/site-packages/airflow/example_dags/example_short_circuit_operator.py
[2023-03-01T15:33:06.941+0000] {processor.py:743} INFO - Processing file /home/airflow/.local/lib/python3.7/site-packages/airflow/example_dags/example_short_circuit_operator.py for tasks to queue
[2023-03-01T15:33:06.941+0000] {logging_mixin.py:137} INFO - [2023-03-01T15:33:06.941+0000] {dagbag.py:538} INFO - Filling up the DagBag from /home/airflow/.local/lib/python3.7/site-packages/airflow/example_dags/example_short_circuit_operator.py
[2023-03-01T15:33:06.954+0000] {processor.py:753} INFO - DAG(s) dict_keys(['example_short_circuit_operator']) retrieved from /home/airflow/.local/lib/python3.7/site-packages/airflow/example_dags/example_short_circuit_operator.py
[2023-03-01T15:33:06.980+0000] {logging_mixin.py:137} INFO - [2023-03-01T15:33:06.980+0000] {dag.py:2690} INFO - Sync 1 DAGs
[2023-03-01T15:33:07.007+0000] {logging_mixin.py:137} INFO - [2023-03-01T15:33:07.006+0000] {dag.py:3441} INFO - Setting next_dagrun for example_short_circuit_operator to 2023-02-28T15:33:07.006731+00:00, run_after=2023-03-01T15:33:07.006731+00:00
[2023-03-01T15:33:07.025+0000] {processor.py:175} INFO - Processing /home/airflow/.local/lib/python3.7/site-packages/airflow/example_dags/example_short_circuit_operator.py took 0.088 seconds
[2023-03-01T15:33:37.319+0000] {processor.py:153} INFO - Started process (PID=2752) to work on /home/airflow/.local/lib/python3.7/site-packages/airflow/example_dags/example_short_circuit_operator.py
[2023-03-01T15:33:37.319+0000] {processor.py:743} INFO - Processing file /home/airflow/.local/lib/python3.7/site-packages/airflow/example_dags/example_short_circuit_operator.py for tasks to queue
[2023-03-01T15:33:37.320+0000] {logging_mixin.py:137} INFO - [2023-03-01T15:33:37.320+0000] {dagbag.py:538} INFO - Filling up the DagBag from /home/airflow/.local/lib/python3.7/site-packages/airflow/example_dags/example_short_circuit_operator.py
[2023-03-01T15:33:37.332+0000] {processor.py:753} INFO - DAG(s) dict_keys(['example_short_circuit_operator']) retrieved from /home/airflow/.local/lib/python3.7/site-packages/airflow/example_dags/example_short_circuit_operator.py
[2023-03-01T15:33:37.358+0000] {logging_mixin.py:137} INFO - [2023-03-01T15:33:37.358+0000] {dag.py:2690} INFO - Sync 1 DAGs
[2023-03-01T15:33:37.384+0000] {logging_mixin.py:137} INFO - [2023-03-01T15:33:37.383+0000] {dag.py:3441} INFO - Setting next_dagrun for example_short_circuit_operator to 2023-02-28T15:33:37.383664+00:00, run_after=2023-03-01T15:33:37.383664+00:00
[2023-03-01T15:33:37.401+0000] {processor.py:175} INFO - Processing /home/airflow/.local/lib/python3.7/site-packages/airflow/example_dags/example_short_circuit_operator.py took 0.085 seconds
[2023-03-01T15:34:08.045+0000] {processor.py:153} INFO - Started process (PID=2850) to work on /home/airflow/.local/lib/python3.7/site-packages/airflow/example_dags/example_short_circuit_operator.py
[2023-03-01T15:34:08.046+0000] {processor.py:743} INFO - Processing file /home/airflow/.local/lib/python3.7/site-packages/airflow/example_dags/example_short_circuit_operator.py for tasks to queue
[2023-03-01T15:34:08.047+0000] {logging_mixin.py:137} INFO - [2023-03-01T15:34:08.047+0000] {dagbag.py:538} INFO - Filling up the DagBag from /home/airflow/.local/lib/python3.7/site-packages/airflow/example_dags/example_short_circuit_operator.py
[2023-03-01T15:34:08.061+0000] {processor.py:753} INFO - DAG(s) dict_keys(['example_short_circuit_operator']) retrieved from /home/airflow/.local/lib/python3.7/site-packages/airflow/example_dags/example_short_circuit_operator.py
[2023-03-01T15:34:08.089+0000] {logging_mixin.py:137} INFO - [2023-03-01T15:34:08.089+0000] {dag.py:2690} INFO - Sync 1 DAGs
[2023-03-01T15:34:08.119+0000] {logging_mixin.py:137} INFO - [2023-03-01T15:34:08.118+0000] {dag.py:3441} INFO - Setting next_dagrun for example_short_circuit_operator to 2023-02-28T15:34:08.118618+00:00, run_after=2023-03-01T15:34:08.118618+00:00
[2023-03-01T15:34:08.145+0000] {processor.py:175} INFO - Processing /home/airflow/.local/lib/python3.7/site-packages/airflow/example_dags/example_short_circuit_operator.py took 0.102 seconds
[2023-03-01T15:34:38.664+0000] {processor.py:153} INFO - Started process (PID=2930) to work on /home/airflow/.local/lib/python3.7/site-packages/airflow/example_dags/example_short_circuit_operator.py
[2023-03-01T15:34:38.664+0000] {processor.py:743} INFO - Processing file /home/airflow/.local/lib/python3.7/site-packages/airflow/example_dags/example_short_circuit_operator.py for tasks to queue
[2023-03-01T15:34:38.665+0000] {logging_mixin.py:137} INFO - [2023-03-01T15:34:38.665+0000] {dagbag.py:538} INFO - Filling up the DagBag from /home/airflow/.local/lib/python3.7/site-packages/airflow/example_dags/example_short_circuit_operator.py
[2023-03-01T15:34:38.677+0000] {processor.py:753} INFO - DAG(s) dict_keys(['example_short_circuit_operator']) retrieved from /home/airflow/.local/lib/python3.7/site-packages/airflow/example_dags/example_short_circuit_operator.py
[2023-03-01T15:34:38.699+0000] {logging_mixin.py:137} INFO - [2023-03-01T15:34:38.699+0000] {dag.py:2690} INFO - Sync 1 DAGs
[2023-03-01T15:34:38.725+0000] {logging_mixin.py:137} INFO - [2023-03-01T15:34:38.725+0000] {dag.py:3441} INFO - Setting next_dagrun for example_short_circuit_operator to 2023-02-28T15:34:38.725116+00:00, run_after=2023-03-01T15:34:38.725116+00:00
[2023-03-01T15:34:38.744+0000] {processor.py:175} INFO - Processing /home/airflow/.local/lib/python3.7/site-packages/airflow/example_dags/example_short_circuit_operator.py took 0.082 seconds
[2023-03-01T15:35:09.437+0000] {processor.py:153} INFO - Started process (PID=3029) to work on /home/airflow/.local/lib/python3.7/site-packages/airflow/example_dags/example_short_circuit_operator.py
[2023-03-01T15:35:09.438+0000] {processor.py:743} INFO - Processing file /home/airflow/.local/lib/python3.7/site-packages/airflow/example_dags/example_short_circuit_operator.py for tasks to queue
[2023-03-01T15:35:09.438+0000] {logging_mixin.py:137} INFO - [2023-03-01T15:35:09.438+0000] {dagbag.py:538} INFO - Filling up the DagBag from /home/airflow/.local/lib/python3.7/site-packages/airflow/example_dags/example_short_circuit_operator.py
[2023-03-01T15:35:09.451+0000] {processor.py:753} INFO - DAG(s) dict_keys(['example_short_circuit_operator']) retrieved from /home/airflow/.local/lib/python3.7/site-packages/airflow/example_dags/example_short_circuit_operator.py
[2023-03-01T15:35:09.473+0000] {logging_mixin.py:137} INFO - [2023-03-01T15:35:09.473+0000] {dag.py:2690} INFO - Sync 1 DAGs
[2023-03-01T15:35:09.496+0000] {logging_mixin.py:137} INFO - [2023-03-01T15:35:09.496+0000] {dag.py:3441} INFO - Setting next_dagrun for example_short_circuit_operator to 2023-02-28T15:35:09.496380+00:00, run_after=2023-03-01T15:35:09.496380+00:00
[2023-03-01T15:35:09.514+0000] {processor.py:175} INFO - Processing /home/airflow/.local/lib/python3.7/site-packages/airflow/example_dags/example_short_circuit_operator.py took 0.080 seconds
[2023-03-01T15:35:39.755+0000] {processor.py:153} INFO - Started process (PID=3108) to work on /home/airflow/.local/lib/python3.7/site-packages/airflow/example_dags/example_short_circuit_operator.py
[2023-03-01T15:35:39.756+0000] {processor.py:743} INFO - Processing file /home/airflow/.local/lib/python3.7/site-packages/airflow/example_dags/example_short_circuit_operator.py for tasks to queue
[2023-03-01T15:35:39.756+0000] {logging_mixin.py:137} INFO - [2023-03-01T15:35:39.756+0000] {dagbag.py:538} INFO - Filling up the DagBag from /home/airflow/.local/lib/python3.7/site-packages/airflow/example_dags/example_short_circuit_operator.py
[2023-03-01T15:35:39.772+0000] {processor.py:753} INFO - DAG(s) dict_keys(['example_short_circuit_operator']) retrieved from /home/airflow/.local/lib/python3.7/site-packages/airflow/example_dags/example_short_circuit_operator.py
[2023-03-01T15:35:39.796+0000] {logging_mixin.py:137} INFO - [2023-03-01T15:35:39.796+0000] {dag.py:2690} INFO - Sync 1 DAGs
[2023-03-01T15:35:39.820+0000] {logging_mixin.py:137} INFO - [2023-03-01T15:35:39.820+0000] {dag.py:3441} INFO - Setting next_dagrun for example_short_circuit_operator to 2023-02-28T15:35:39.820587+00:00, run_after=2023-03-01T15:35:39.820587+00:00
[2023-03-01T15:35:39.839+0000] {processor.py:175} INFO - Processing /home/airflow/.local/lib/python3.7/site-packages/airflow/example_dags/example_short_circuit_operator.py took 0.086 seconds
[2023-03-01T15:36:10.336+0000] {processor.py:153} INFO - Started process (PID=3207) to work on /home/airflow/.local/lib/python3.7/site-packages/airflow/example_dags/example_short_circuit_operator.py
[2023-03-01T15:36:10.337+0000] {processor.py:743} INFO - Processing file /home/airflow/.local/lib/python3.7/site-packages/airflow/example_dags/example_short_circuit_operator.py for tasks to queue
[2023-03-01T15:36:10.338+0000] {logging_mixin.py:137} INFO - [2023-03-01T15:36:10.337+0000] {dagbag.py:538} INFO - Filling up the DagBag from /home/airflow/.local/lib/python3.7/site-packages/airflow/example_dags/example_short_circuit_operator.py
[2023-03-01T15:36:10.352+0000] {processor.py:753} INFO - DAG(s) dict_keys(['example_short_circuit_operator']) retrieved from /home/airflow/.local/lib/python3.7/site-packages/airflow/example_dags/example_short_circuit_operator.py
[2023-03-01T15:36:10.379+0000] {logging_mixin.py:137} INFO - [2023-03-01T15:36:10.379+0000] {dag.py:2690} INFO - Sync 1 DAGs
[2023-03-01T15:36:10.403+0000] {logging_mixin.py:137} INFO - [2023-03-01T15:36:10.403+0000] {dag.py:3441} INFO - Setting next_dagrun for example_short_circuit_operator to 2023-02-28T15:36:10.403451+00:00, run_after=2023-03-01T15:36:10.403451+00:00
[2023-03-01T15:36:10.420+0000] {processor.py:175} INFO - Processing /home/airflow/.local/lib/python3.7/site-packages/airflow/example_dags/example_short_circuit_operator.py took 0.086 seconds
[2023-03-01T15:36:40.946+0000] {processor.py:153} INFO - Started process (PID=3286) to work on /home/airflow/.local/lib/python3.7/site-packages/airflow/example_dags/example_short_circuit_operator.py
[2023-03-01T15:36:40.946+0000] {processor.py:743} INFO - Processing file /home/airflow/.local/lib/python3.7/site-packages/airflow/example_dags/example_short_circuit_operator.py for tasks to queue
[2023-03-01T15:36:40.947+0000] {logging_mixin.py:137} INFO - [2023-03-01T15:36:40.947+0000] {dagbag.py:538} INFO - Filling up the DagBag from /home/airflow/.local/lib/python3.7/site-packages/airflow/example_dags/example_short_circuit_operator.py
[2023-03-01T15:36:40.960+0000] {processor.py:753} INFO - DAG(s) dict_keys(['example_short_circuit_operator']) retrieved from /home/airflow/.local/lib/python3.7/site-packages/airflow/example_dags/example_short_circuit_operator.py
[2023-03-01T15:36:40.984+0000] {logging_mixin.py:137} INFO - [2023-03-01T15:36:40.983+0000] {dag.py:2690} INFO - Sync 1 DAGs
[2023-03-01T15:36:41.010+0000] {logging_mixin.py:137} INFO - [2023-03-01T15:36:41.009+0000] {dag.py:3441} INFO - Setting next_dagrun for example_short_circuit_operator to 2023-02-28T15:36:41.009733+00:00, run_after=2023-03-01T15:36:41.009733+00:00
[2023-03-01T15:36:41.030+0000] {processor.py:175} INFO - Processing /home/airflow/.local/lib/python3.7/site-packages/airflow/example_dags/example_short_circuit_operator.py took 0.087 seconds
[2023-03-01T15:37:11.671+0000] {processor.py:153} INFO - Started process (PID=3385) to work on /home/airflow/.local/lib/python3.7/site-packages/airflow/example_dags/example_short_circuit_operator.py
[2023-03-01T15:37:11.671+0000] {processor.py:743} INFO - Processing file /home/airflow/.local/lib/python3.7/site-packages/airflow/example_dags/example_short_circuit_operator.py for tasks to queue
[2023-03-01T15:37:11.672+0000] {logging_mixin.py:137} INFO - [2023-03-01T15:37:11.671+0000] {dagbag.py:538} INFO - Filling up the DagBag from /home/airflow/.local/lib/python3.7/site-packages/airflow/example_dags/example_short_circuit_operator.py
[2023-03-01T15:37:11.683+0000] {processor.py:753} INFO - DAG(s) dict_keys(['example_short_circuit_operator']) retrieved from /home/airflow/.local/lib/python3.7/site-packages/airflow/example_dags/example_short_circuit_operator.py
[2023-03-01T15:37:11.708+0000] {logging_mixin.py:137} INFO - [2023-03-01T15:37:11.707+0000] {dag.py:2690} INFO - Sync 1 DAGs
[2023-03-01T15:37:11.730+0000] {logging_mixin.py:137} INFO - [2023-03-01T15:37:11.730+0000] {dag.py:3441} INFO - Setting next_dagrun for example_short_circuit_operator to 2023-02-28T15:37:11.730520+00:00, run_after=2023-03-01T15:37:11.730520+00:00
[2023-03-01T15:37:11.750+0000] {processor.py:175} INFO - Processing /home/airflow/.local/lib/python3.7/site-packages/airflow/example_dags/example_short_circuit_operator.py took 0.081 seconds
[2023-03-01T15:37:42.573+0000] {processor.py:153} INFO - Started process (PID=3464) to work on /home/airflow/.local/lib/python3.7/site-packages/airflow/example_dags/example_short_circuit_operator.py
[2023-03-01T15:37:42.574+0000] {processor.py:743} INFO - Processing file /home/airflow/.local/lib/python3.7/site-packages/airflow/example_dags/example_short_circuit_operator.py for tasks to queue
[2023-03-01T15:37:42.574+0000] {logging_mixin.py:137} INFO - [2023-03-01T15:37:42.574+0000] {dagbag.py:538} INFO - Filling up the DagBag from /home/airflow/.local/lib/python3.7/site-packages/airflow/example_dags/example_short_circuit_operator.py
[2023-03-01T15:37:42.587+0000] {processor.py:753} INFO - DAG(s) dict_keys(['example_short_circuit_operator']) retrieved from /home/airflow/.local/lib/python3.7/site-packages/airflow/example_dags/example_short_circuit_operator.py
[2023-03-01T15:37:42.611+0000] {logging_mixin.py:137} INFO - [2023-03-01T15:37:42.611+0000] {dag.py:2690} INFO - Sync 1 DAGs
[2023-03-01T15:37:42.637+0000] {logging_mixin.py:137} INFO - [2023-03-01T15:37:42.637+0000] {dag.py:3441} INFO - Setting next_dagrun for example_short_circuit_operator to 2023-02-28T15:37:42.636996+00:00, run_after=2023-03-01T15:37:42.636996+00:00
[2023-03-01T15:37:42.656+0000] {processor.py:175} INFO - Processing /home/airflow/.local/lib/python3.7/site-packages/airflow/example_dags/example_short_circuit_operator.py took 0.086 seconds
[2023-03-01T15:38:12.987+0000] {processor.py:153} INFO - Started process (PID=3563) to work on /home/airflow/.local/lib/python3.7/site-packages/airflow/example_dags/example_short_circuit_operator.py
[2023-03-01T15:38:12.987+0000] {processor.py:743} INFO - Processing file /home/airflow/.local/lib/python3.7/site-packages/airflow/example_dags/example_short_circuit_operator.py for tasks to queue
[2023-03-01T15:38:12.988+0000] {logging_mixin.py:137} INFO - [2023-03-01T15:38:12.988+0000] {dagbag.py:538} INFO - Filling up the DagBag from /home/airflow/.local/lib/python3.7/site-packages/airflow/example_dags/example_short_circuit_operator.py
[2023-03-01T15:38:13.000+0000] {processor.py:753} INFO - DAG(s) dict_keys(['example_short_circuit_operator']) retrieved from /home/airflow/.local/lib/python3.7/site-packages/airflow/example_dags/example_short_circuit_operator.py
[2023-03-01T15:38:13.021+0000] {logging_mixin.py:137} INFO - [2023-03-01T15:38:13.021+0000] {dag.py:2690} INFO - Sync 1 DAGs
[2023-03-01T15:38:13.045+0000] {logging_mixin.py:137} INFO - [2023-03-01T15:38:13.045+0000] {dag.py:3441} INFO - Setting next_dagrun for example_short_circuit_operator to 2023-02-28T15:38:13.044973+00:00, run_after=2023-03-01T15:38:13.044973+00:00
[2023-03-01T15:38:13.063+0000] {processor.py:175} INFO - Processing /home/airflow/.local/lib/python3.7/site-packages/airflow/example_dags/example_short_circuit_operator.py took 0.078 seconds
[2023-03-01T15:38:43.663+0000] {processor.py:153} INFO - Started process (PID=3642) to work on /home/airflow/.local/lib/python3.7/site-packages/airflow/example_dags/example_short_circuit_operator.py
[2023-03-01T15:38:43.664+0000] {processor.py:743} INFO - Processing file /home/airflow/.local/lib/python3.7/site-packages/airflow/example_dags/example_short_circuit_operator.py for tasks to queue
[2023-03-01T15:38:43.664+0000] {logging_mixin.py:137} INFO - [2023-03-01T15:38:43.664+0000] {dagbag.py:538} INFO - Filling up the DagBag from /home/airflow/.local/lib/python3.7/site-packages/airflow/example_dags/example_short_circuit_operator.py
[2023-03-01T15:38:43.676+0000] {processor.py:753} INFO - DAG(s) dict_keys(['example_short_circuit_operator']) retrieved from /home/airflow/.local/lib/python3.7/site-packages/airflow/example_dags/example_short_circuit_operator.py
[2023-03-01T15:38:43.699+0000] {logging_mixin.py:137} INFO - [2023-03-01T15:38:43.699+0000] {dag.py:2690} INFO - Sync 1 DAGs
[2023-03-01T15:38:43.723+0000] {logging_mixin.py:137} INFO - [2023-03-01T15:38:43.723+0000] {dag.py:3441} INFO - Setting next_dagrun for example_short_circuit_operator to 2023-02-28T15:38:43.723253+00:00, run_after=2023-03-01T15:38:43.723253+00:00
[2023-03-01T15:38:43.743+0000] {processor.py:175} INFO - Processing /home/airflow/.local/lib/python3.7/site-packages/airflow/example_dags/example_short_circuit_operator.py took 0.082 seconds
[2023-03-01T15:39:13.998+0000] {processor.py:153} INFO - Started process (PID=3742) to work on /home/airflow/.local/lib/python3.7/site-packages/airflow/example_dags/example_short_circuit_operator.py
[2023-03-01T15:39:13.999+0000] {processor.py:743} INFO - Processing file /home/airflow/.local/lib/python3.7/site-packages/airflow/example_dags/example_short_circuit_operator.py for tasks to queue
[2023-03-01T15:39:13.999+0000] {logging_mixin.py:137} INFO - [2023-03-01T15:39:13.999+0000] {dagbag.py:538} INFO - Filling up the DagBag from /home/airflow/.local/lib/python3.7/site-packages/airflow/example_dags/example_short_circuit_operator.py
[2023-03-01T15:39:14.012+0000] {processor.py:753} INFO - DAG(s) dict_keys(['example_short_circuit_operator']) retrieved from /home/airflow/.local/lib/python3.7/site-packages/airflow/example_dags/example_short_circuit_operator.py
[2023-03-01T15:39:14.037+0000] {logging_mixin.py:137} INFO - [2023-03-01T15:39:14.036+0000] {dag.py:2690} INFO - Sync 1 DAGs
[2023-03-01T15:39:14.061+0000] {logging_mixin.py:137} INFO - [2023-03-01T15:39:14.061+0000] {dag.py:3441} INFO - Setting next_dagrun for example_short_circuit_operator to 2023-02-28T15:39:14.061035+00:00, run_after=2023-03-01T15:39:14.061035+00:00
[2023-03-01T15:39:14.081+0000] {processor.py:175} INFO - Processing /home/airflow/.local/lib/python3.7/site-packages/airflow/example_dags/example_short_circuit_operator.py took 0.085 seconds
[2023-03-01T15:39:44.545+0000] {processor.py:153} INFO - Started process (PID=3821) to work on /home/airflow/.local/lib/python3.7/site-packages/airflow/example_dags/example_short_circuit_operator.py
[2023-03-01T15:39:44.545+0000] {processor.py:743} INFO - Processing file /home/airflow/.local/lib/python3.7/site-packages/airflow/example_dags/example_short_circuit_operator.py for tasks to queue
[2023-03-01T15:39:44.546+0000] {logging_mixin.py:137} INFO - [2023-03-01T15:39:44.546+0000] {dagbag.py:538} INFO - Filling up the DagBag from /home/airflow/.local/lib/python3.7/site-packages/airflow/example_dags/example_short_circuit_operator.py
[2023-03-01T15:39:44.559+0000] {processor.py:753} INFO - DAG(s) dict_keys(['example_short_circuit_operator']) retrieved from /home/airflow/.local/lib/python3.7/site-packages/airflow/example_dags/example_short_circuit_operator.py
[2023-03-01T15:39:44.586+0000] {logging_mixin.py:137} INFO - [2023-03-01T15:39:44.586+0000] {dag.py:2690} INFO - Sync 1 DAGs
[2023-03-01T15:39:44.614+0000] {logging_mixin.py:137} INFO - [2023-03-01T15:39:44.614+0000] {dag.py:3441} INFO - Setting next_dagrun for example_short_circuit_operator to 2023-02-28T15:39:44.614399+00:00, run_after=2023-03-01T15:39:44.614399+00:00
[2023-03-01T15:39:44.635+0000] {processor.py:175} INFO - Processing /home/airflow/.local/lib/python3.7/site-packages/airflow/example_dags/example_short_circuit_operator.py took 0.092 seconds
[2023-03-01T15:40:15.208+0000] {processor.py:153} INFO - Started process (PID=3920) to work on /home/airflow/.local/lib/python3.7/site-packages/airflow/example_dags/example_short_circuit_operator.py
[2023-03-01T15:40:15.208+0000] {processor.py:743} INFO - Processing file /home/airflow/.local/lib/python3.7/site-packages/airflow/example_dags/example_short_circuit_operator.py for tasks to queue
[2023-03-01T15:40:15.209+0000] {logging_mixin.py:137} INFO - [2023-03-01T15:40:15.209+0000] {dagbag.py:538} INFO - Filling up the DagBag from /home/airflow/.local/lib/python3.7/site-packages/airflow/example_dags/example_short_circuit_operator.py
[2023-03-01T15:40:15.224+0000] {processor.py:753} INFO - DAG(s) dict_keys(['example_short_circuit_operator']) retrieved from /home/airflow/.local/lib/python3.7/site-packages/airflow/example_dags/example_short_circuit_operator.py
[2023-03-01T15:40:15.246+0000] {logging_mixin.py:137} INFO - [2023-03-01T15:40:15.246+0000] {dag.py:2690} INFO - Sync 1 DAGs
[2023-03-01T15:40:15.270+0000] {logging_mixin.py:137} INFO - [2023-03-01T15:40:15.270+0000] {dag.py:3441} INFO - Setting next_dagrun for example_short_circuit_operator to 2023-02-28T15:40:15.269826+00:00, run_after=2023-03-01T15:40:15.269826+00:00
[2023-03-01T15:40:15.289+0000] {processor.py:175} INFO - Processing /home/airflow/.local/lib/python3.7/site-packages/airflow/example_dags/example_short_circuit_operator.py took 0.084 seconds
[2023-03-01T15:40:45.917+0000] {processor.py:153} INFO - Started process (PID=3999) to work on /home/airflow/.local/lib/python3.7/site-packages/airflow/example_dags/example_short_circuit_operator.py
[2023-03-01T15:40:45.918+0000] {processor.py:743} INFO - Processing file /home/airflow/.local/lib/python3.7/site-packages/airflow/example_dags/example_short_circuit_operator.py for tasks to queue
[2023-03-01T15:40:45.918+0000] {logging_mixin.py:137} INFO - [2023-03-01T15:40:45.918+0000] {dagbag.py:538} INFO - Filling up the DagBag from /home/airflow/.local/lib/python3.7/site-packages/airflow/example_dags/example_short_circuit_operator.py
[2023-03-01T15:40:45.931+0000] {processor.py:753} INFO - DAG(s) dict_keys(['example_short_circuit_operator']) retrieved from /home/airflow/.local/lib/python3.7/site-packages/airflow/example_dags/example_short_circuit_operator.py
[2023-03-01T15:40:45.955+0000] {logging_mixin.py:137} INFO - [2023-03-01T15:40:45.954+0000] {dag.py:2690} INFO - Sync 1 DAGs
[2023-03-01T15:40:45.980+0000] {logging_mixin.py:137} INFO - [2023-03-01T15:40:45.980+0000] {dag.py:3441} INFO - Setting next_dagrun for example_short_circuit_operator to 2023-02-28T15:40:45.979940+00:00, run_after=2023-03-01T15:40:45.979940+00:00
[2023-03-01T15:40:46.000+0000] {processor.py:175} INFO - Processing /home/airflow/.local/lib/python3.7/site-packages/airflow/example_dags/example_short_circuit_operator.py took 0.085 seconds
[2023-03-01T15:41:16.684+0000] {processor.py:153} INFO - Started process (PID=4098) to work on /home/airflow/.local/lib/python3.7/site-packages/airflow/example_dags/example_short_circuit_operator.py
[2023-03-01T15:41:16.685+0000] {processor.py:743} INFO - Processing file /home/airflow/.local/lib/python3.7/site-packages/airflow/example_dags/example_short_circuit_operator.py for tasks to queue
[2023-03-01T15:41:16.685+0000] {logging_mixin.py:137} INFO - [2023-03-01T15:41:16.685+0000] {dagbag.py:538} INFO - Filling up the DagBag from /home/airflow/.local/lib/python3.7/site-packages/airflow/example_dags/example_short_circuit_operator.py
[2023-03-01T15:41:16.698+0000] {processor.py:753} INFO - DAG(s) dict_keys(['example_short_circuit_operator']) retrieved from /home/airflow/.local/lib/python3.7/site-packages/airflow/example_dags/example_short_circuit_operator.py
[2023-03-01T15:41:16.721+0000] {logging_mixin.py:137} INFO - [2023-03-01T15:41:16.721+0000] {dag.py:2690} INFO - Sync 1 DAGs
[2023-03-01T15:41:16.745+0000] {logging_mixin.py:137} INFO - [2023-03-01T15:41:16.745+0000] {dag.py:3441} INFO - Setting next_dagrun for example_short_circuit_operator to 2023-02-28T15:41:16.745585+00:00, run_after=2023-03-01T15:41:16.745585+00:00
[2023-03-01T15:41:16.763+0000] {processor.py:175} INFO - Processing /home/airflow/.local/lib/python3.7/site-packages/airflow/example_dags/example_short_circuit_operator.py took 0.081 seconds
[2023-03-01T15:41:47.125+0000] {processor.py:153} INFO - Started process (PID=4186) to work on /home/airflow/.local/lib/python3.7/site-packages/airflow/example_dags/example_short_circuit_operator.py
[2023-03-01T15:41:47.126+0000] {processor.py:743} INFO - Processing file /home/airflow/.local/lib/python3.7/site-packages/airflow/example_dags/example_short_circuit_operator.py for tasks to queue
[2023-03-01T15:41:47.127+0000] {logging_mixin.py:137} INFO - [2023-03-01T15:41:47.126+0000] {dagbag.py:538} INFO - Filling up the DagBag from /home/airflow/.local/lib/python3.7/site-packages/airflow/example_dags/example_short_circuit_operator.py
[2023-03-01T15:41:47.140+0000] {processor.py:753} INFO - DAG(s) dict_keys(['example_short_circuit_operator']) retrieved from /home/airflow/.local/lib/python3.7/site-packages/airflow/example_dags/example_short_circuit_operator.py
[2023-03-01T15:41:47.162+0000] {logging_mixin.py:137} INFO - [2023-03-01T15:41:47.162+0000] {dag.py:2690} INFO - Sync 1 DAGs
[2023-03-01T15:41:47.185+0000] {logging_mixin.py:137} INFO - [2023-03-01T15:41:47.185+0000] {dag.py:3441} INFO - Setting next_dagrun for example_short_circuit_operator to 2023-02-28T15:41:47.185102+00:00, run_after=2023-03-01T15:41:47.185102+00:00
[2023-03-01T15:41:47.206+0000] {processor.py:175} INFO - Processing /home/airflow/.local/lib/python3.7/site-packages/airflow/example_dags/example_short_circuit_operator.py took 0.083 seconds
[2023-03-01T15:42:17.836+0000] {processor.py:153} INFO - Started process (PID=4276) to work on /home/airflow/.local/lib/python3.7/site-packages/airflow/example_dags/example_short_circuit_operator.py
[2023-03-01T15:42:17.837+0000] {processor.py:743} INFO - Processing file /home/airflow/.local/lib/python3.7/site-packages/airflow/example_dags/example_short_circuit_operator.py for tasks to queue
[2023-03-01T15:42:17.837+0000] {logging_mixin.py:137} INFO - [2023-03-01T15:42:17.837+0000] {dagbag.py:538} INFO - Filling up the DagBag from /home/airflow/.local/lib/python3.7/site-packages/airflow/example_dags/example_short_circuit_operator.py
[2023-03-01T15:42:17.850+0000] {processor.py:753} INFO - DAG(s) dict_keys(['example_short_circuit_operator']) retrieved from /home/airflow/.local/lib/python3.7/site-packages/airflow/example_dags/example_short_circuit_operator.py
[2023-03-01T15:42:17.876+0000] {logging_mixin.py:137} INFO - [2023-03-01T15:42:17.875+0000] {dag.py:2690} INFO - Sync 1 DAGs
[2023-03-01T15:42:17.908+0000] {logging_mixin.py:137} INFO - [2023-03-01T15:42:17.908+0000] {dag.py:3441} INFO - Setting next_dagrun for example_short_circuit_operator to 2023-02-28T15:42:17.908068+00:00, run_after=2023-03-01T15:42:17.908068+00:00
[2023-03-01T15:42:17.931+0000] {processor.py:175} INFO - Processing /home/airflow/.local/lib/python3.7/site-packages/airflow/example_dags/example_short_circuit_operator.py took 0.097 seconds
[2023-03-01T15:42:48.762+0000] {processor.py:153} INFO - Started process (PID=4375) to work on /home/airflow/.local/lib/python3.7/site-packages/airflow/example_dags/example_short_circuit_operator.py
[2023-03-01T15:42:48.766+0000] {processor.py:743} INFO - Processing file /home/airflow/.local/lib/python3.7/site-packages/airflow/example_dags/example_short_circuit_operator.py for tasks to queue
[2023-03-01T15:42:48.766+0000] {logging_mixin.py:137} INFO - [2023-03-01T15:42:48.766+0000] {dagbag.py:538} INFO - Filling up the DagBag from /home/airflow/.local/lib/python3.7/site-packages/airflow/example_dags/example_short_circuit_operator.py
[2023-03-01T15:42:48.794+0000] {processor.py:753} INFO - DAG(s) dict_keys(['example_short_circuit_operator']) retrieved from /home/airflow/.local/lib/python3.7/site-packages/airflow/example_dags/example_short_circuit_operator.py
[2023-03-01T15:42:48.826+0000] {logging_mixin.py:137} INFO - [2023-03-01T15:42:48.826+0000] {dag.py:2690} INFO - Sync 1 DAGs
[2023-03-01T15:42:48.850+0000] {logging_mixin.py:137} INFO - [2023-03-01T15:42:48.850+0000] {dag.py:3441} INFO - Setting next_dagrun for example_short_circuit_operator to 2023-02-28T15:42:48.849823+00:00, run_after=2023-03-01T15:42:48.849823+00:00
[2023-03-01T15:42:48.870+0000] {processor.py:175} INFO - Processing /home/airflow/.local/lib/python3.7/site-packages/airflow/example_dags/example_short_circuit_operator.py took 0.118 seconds
[2023-03-01T15:43:18.939+0000] {processor.py:153} INFO - Started process (PID=4454) to work on /home/airflow/.local/lib/python3.7/site-packages/airflow/example_dags/example_short_circuit_operator.py
[2023-03-01T15:43:18.940+0000] {processor.py:743} INFO - Processing file /home/airflow/.local/lib/python3.7/site-packages/airflow/example_dags/example_short_circuit_operator.py for tasks to queue
[2023-03-01T15:43:18.940+0000] {logging_mixin.py:137} INFO - [2023-03-01T15:43:18.940+0000] {dagbag.py:538} INFO - Filling up the DagBag from /home/airflow/.local/lib/python3.7/site-packages/airflow/example_dags/example_short_circuit_operator.py
[2023-03-01T15:43:18.952+0000] {processor.py:753} INFO - DAG(s) dict_keys(['example_short_circuit_operator']) retrieved from /home/airflow/.local/lib/python3.7/site-packages/airflow/example_dags/example_short_circuit_operator.py
[2023-03-01T15:43:18.976+0000] {logging_mixin.py:137} INFO - [2023-03-01T15:43:18.975+0000] {dag.py:2690} INFO - Sync 1 DAGs
[2023-03-01T15:43:19.000+0000] {logging_mixin.py:137} INFO - [2023-03-01T15:43:19.000+0000] {dag.py:3441} INFO - Setting next_dagrun for example_short_circuit_operator to 2023-02-28T15:43:18.999887+00:00, run_after=2023-03-01T15:43:18.999887+00:00
[2023-03-01T15:43:19.017+0000] {processor.py:175} INFO - Processing /home/airflow/.local/lib/python3.7/site-packages/airflow/example_dags/example_short_circuit_operator.py took 0.080 seconds
[2023-03-01T20:03:09.137+0000] {processor.py:153} INFO - Started process (PID=67) to work on /home/airflow/.local/lib/python3.7/site-packages/airflow/example_dags/example_short_circuit_operator.py
[2023-03-01T20:03:09.138+0000] {processor.py:743} INFO - Processing file /home/airflow/.local/lib/python3.7/site-packages/airflow/example_dags/example_short_circuit_operator.py for tasks to queue
[2023-03-01T20:03:09.139+0000] {logging_mixin.py:137} INFO - [2023-03-01T20:03:09.139+0000] {dagbag.py:538} INFO - Filling up the DagBag from /home/airflow/.local/lib/python3.7/site-packages/airflow/example_dags/example_short_circuit_operator.py
[2023-03-01T20:03:09.155+0000] {processor.py:753} INFO - DAG(s) dict_keys(['example_short_circuit_operator']) retrieved from /home/airflow/.local/lib/python3.7/site-packages/airflow/example_dags/example_short_circuit_operator.py
[2023-03-01T20:03:09.167+0000] {logging_mixin.py:137} INFO - [2023-03-01T20:03:09.167+0000] {dag.py:2690} INFO - Sync 1 DAGs
[2023-03-01T20:03:09.194+0000] {logging_mixin.py:137} INFO - [2023-03-01T20:03:09.194+0000] {dag.py:3441} INFO - Setting next_dagrun for example_short_circuit_operator to 2023-02-28T20:03:09.193941+00:00, run_after=2023-03-01T20:03:09.193941+00:00
[2023-03-01T20:03:09.219+0000] {processor.py:175} INFO - Processing /home/airflow/.local/lib/python3.7/site-packages/airflow/example_dags/example_short_circuit_operator.py took 0.085 seconds
[2023-03-01T20:03:40.236+0000] {processor.py:153} INFO - Started process (PID=159) to work on /home/airflow/.local/lib/python3.7/site-packages/airflow/example_dags/example_short_circuit_operator.py
[2023-03-01T20:03:40.237+0000] {processor.py:743} INFO - Processing file /home/airflow/.local/lib/python3.7/site-packages/airflow/example_dags/example_short_circuit_operator.py for tasks to queue
[2023-03-01T20:03:40.237+0000] {logging_mixin.py:137} INFO - [2023-03-01T20:03:40.237+0000] {dagbag.py:538} INFO - Filling up the DagBag from /home/airflow/.local/lib/python3.7/site-packages/airflow/example_dags/example_short_circuit_operator.py
[2023-03-01T20:03:40.252+0000] {processor.py:753} INFO - DAG(s) dict_keys(['example_short_circuit_operator']) retrieved from /home/airflow/.local/lib/python3.7/site-packages/airflow/example_dags/example_short_circuit_operator.py
[2023-03-01T20:03:40.273+0000] {logging_mixin.py:137} INFO - [2023-03-01T20:03:40.273+0000] {dag.py:2690} INFO - Sync 1 DAGs
[2023-03-01T20:03:40.294+0000] {logging_mixin.py:137} INFO - [2023-03-01T20:03:40.294+0000] {dag.py:3441} INFO - Setting next_dagrun for example_short_circuit_operator to 2023-02-28T20:03:40.294592+00:00, run_after=2023-03-01T20:03:40.294592+00:00
[2023-03-01T20:03:40.313+0000] {processor.py:175} INFO - Processing /home/airflow/.local/lib/python3.7/site-packages/airflow/example_dags/example_short_circuit_operator.py took 0.080 seconds
[2023-03-01T20:04:10.947+0000] {processor.py:153} INFO - Started process (PID=238) to work on /home/airflow/.local/lib/python3.7/site-packages/airflow/example_dags/example_short_circuit_operator.py
[2023-03-01T20:04:10.947+0000] {processor.py:743} INFO - Processing file /home/airflow/.local/lib/python3.7/site-packages/airflow/example_dags/example_short_circuit_operator.py for tasks to queue
[2023-03-01T20:04:10.948+0000] {logging_mixin.py:137} INFO - [2023-03-01T20:04:10.948+0000] {dagbag.py:538} INFO - Filling up the DagBag from /home/airflow/.local/lib/python3.7/site-packages/airflow/example_dags/example_short_circuit_operator.py
[2023-03-01T20:04:10.962+0000] {processor.py:753} INFO - DAG(s) dict_keys(['example_short_circuit_operator']) retrieved from /home/airflow/.local/lib/python3.7/site-packages/airflow/example_dags/example_short_circuit_operator.py
[2023-03-01T20:04:10.988+0000] {logging_mixin.py:137} INFO - [2023-03-01T20:04:10.988+0000] {dag.py:2690} INFO - Sync 1 DAGs
[2023-03-01T20:04:11.011+0000] {logging_mixin.py:137} INFO - [2023-03-01T20:04:11.010+0000] {dag.py:3441} INFO - Setting next_dagrun for example_short_circuit_operator to 2023-02-28T20:04:11.010766+00:00, run_after=2023-03-01T20:04:11.010766+00:00
[2023-03-01T20:04:11.027+0000] {processor.py:175} INFO - Processing /home/airflow/.local/lib/python3.7/site-packages/airflow/example_dags/example_short_circuit_operator.py took 0.083 seconds
[2023-03-01T20:04:41.334+0000] {processor.py:153} INFO - Started process (PID=337) to work on /home/airflow/.local/lib/python3.7/site-packages/airflow/example_dags/example_short_circuit_operator.py
[2023-03-01T20:04:41.335+0000] {processor.py:743} INFO - Processing file /home/airflow/.local/lib/python3.7/site-packages/airflow/example_dags/example_short_circuit_operator.py for tasks to queue
[2023-03-01T20:04:41.335+0000] {logging_mixin.py:137} INFO - [2023-03-01T20:04:41.335+0000] {dagbag.py:538} INFO - Filling up the DagBag from /home/airflow/.local/lib/python3.7/site-packages/airflow/example_dags/example_short_circuit_operator.py
[2023-03-01T20:04:41.350+0000] {processor.py:753} INFO - DAG(s) dict_keys(['example_short_circuit_operator']) retrieved from /home/airflow/.local/lib/python3.7/site-packages/airflow/example_dags/example_short_circuit_operator.py
[2023-03-01T20:04:41.373+0000] {logging_mixin.py:137} INFO - [2023-03-01T20:04:41.373+0000] {dag.py:2690} INFO - Sync 1 DAGs
[2023-03-01T20:04:41.395+0000] {logging_mixin.py:137} INFO - [2023-03-01T20:04:41.395+0000] {dag.py:3441} INFO - Setting next_dagrun for example_short_circuit_operator to 2023-02-28T20:04:41.395290+00:00, run_after=2023-03-01T20:04:41.395290+00:00
[2023-03-01T20:04:41.414+0000] {processor.py:175} INFO - Processing /home/airflow/.local/lib/python3.7/site-packages/airflow/example_dags/example_short_circuit_operator.py took 0.082 seconds
[2023-03-01T20:05:11.806+0000] {processor.py:153} INFO - Started process (PID=416) to work on /home/airflow/.local/lib/python3.7/site-packages/airflow/example_dags/example_short_circuit_operator.py
[2023-03-01T20:05:11.807+0000] {processor.py:743} INFO - Processing file /home/airflow/.local/lib/python3.7/site-packages/airflow/example_dags/example_short_circuit_operator.py for tasks to queue
[2023-03-01T20:05:11.808+0000] {logging_mixin.py:137} INFO - [2023-03-01T20:05:11.808+0000] {dagbag.py:538} INFO - Filling up the DagBag from /home/airflow/.local/lib/python3.7/site-packages/airflow/example_dags/example_short_circuit_operator.py
[2023-03-01T20:05:11.821+0000] {processor.py:753} INFO - DAG(s) dict_keys(['example_short_circuit_operator']) retrieved from /home/airflow/.local/lib/python3.7/site-packages/airflow/example_dags/example_short_circuit_operator.py
[2023-03-01T20:05:11.844+0000] {logging_mixin.py:137} INFO - [2023-03-01T20:05:11.844+0000] {dag.py:2690} INFO - Sync 1 DAGs
[2023-03-01T20:05:11.865+0000] {logging_mixin.py:137} INFO - [2023-03-01T20:05:11.864+0000] {dag.py:3441} INFO - Setting next_dagrun for example_short_circuit_operator to 2023-02-28T20:05:11.864787+00:00, run_after=2023-03-01T20:05:11.864787+00:00
[2023-03-01T20:05:11.880+0000] {processor.py:175} INFO - Processing /home/airflow/.local/lib/python3.7/site-packages/airflow/example_dags/example_short_circuit_operator.py took 0.076 seconds
[2023-03-01T20:05:42.285+0000] {processor.py:153} INFO - Started process (PID=515) to work on /home/airflow/.local/lib/python3.7/site-packages/airflow/example_dags/example_short_circuit_operator.py
[2023-03-01T20:05:42.286+0000] {processor.py:743} INFO - Processing file /home/airflow/.local/lib/python3.7/site-packages/airflow/example_dags/example_short_circuit_operator.py for tasks to queue
[2023-03-01T20:05:42.286+0000] {logging_mixin.py:137} INFO - [2023-03-01T20:05:42.286+0000] {dagbag.py:538} INFO - Filling up the DagBag from /home/airflow/.local/lib/python3.7/site-packages/airflow/example_dags/example_short_circuit_operator.py
[2023-03-01T20:05:42.299+0000] {processor.py:753} INFO - DAG(s) dict_keys(['example_short_circuit_operator']) retrieved from /home/airflow/.local/lib/python3.7/site-packages/airflow/example_dags/example_short_circuit_operator.py
[2023-03-01T20:05:42.319+0000] {logging_mixin.py:137} INFO - [2023-03-01T20:05:42.319+0000] {dag.py:2690} INFO - Sync 1 DAGs
[2023-03-01T20:05:42.342+0000] {logging_mixin.py:137} INFO - [2023-03-01T20:05:42.342+0000] {dag.py:3441} INFO - Setting next_dagrun for example_short_circuit_operator to 2023-02-28T20:05:42.342025+00:00, run_after=2023-03-01T20:05:42.342025+00:00
[2023-03-01T20:05:42.363+0000] {processor.py:175} INFO - Processing /home/airflow/.local/lib/python3.7/site-packages/airflow/example_dags/example_short_circuit_operator.py took 0.080 seconds
[2023-03-01T20:06:12.962+0000] {processor.py:153} INFO - Started process (PID=594) to work on /home/airflow/.local/lib/python3.7/site-packages/airflow/example_dags/example_short_circuit_operator.py
[2023-03-01T20:06:12.963+0000] {processor.py:743} INFO - Processing file /home/airflow/.local/lib/python3.7/site-packages/airflow/example_dags/example_short_circuit_operator.py for tasks to queue
[2023-03-01T20:06:12.963+0000] {logging_mixin.py:137} INFO - [2023-03-01T20:06:12.963+0000] {dagbag.py:538} INFO - Filling up the DagBag from /home/airflow/.local/lib/python3.7/site-packages/airflow/example_dags/example_short_circuit_operator.py
[2023-03-01T20:06:12.975+0000] {processor.py:753} INFO - DAG(s) dict_keys(['example_short_circuit_operator']) retrieved from /home/airflow/.local/lib/python3.7/site-packages/airflow/example_dags/example_short_circuit_operator.py
[2023-03-01T20:06:12.996+0000] {logging_mixin.py:137} INFO - [2023-03-01T20:06:12.995+0000] {dag.py:2690} INFO - Sync 1 DAGs
[2023-03-01T20:06:13.018+0000] {logging_mixin.py:137} INFO - [2023-03-01T20:06:13.018+0000] {dag.py:3441} INFO - Setting next_dagrun for example_short_circuit_operator to 2023-02-28T20:06:13.018283+00:00, run_after=2023-03-01T20:06:13.018283+00:00
[2023-03-01T20:06:13.034+0000] {processor.py:175} INFO - Processing /home/airflow/.local/lib/python3.7/site-packages/airflow/example_dags/example_short_circuit_operator.py took 0.074 seconds
[2023-03-01T20:06:43.410+0000] {processor.py:153} INFO - Started process (PID=693) to work on /home/airflow/.local/lib/python3.7/site-packages/airflow/example_dags/example_short_circuit_operator.py
[2023-03-01T20:06:43.410+0000] {processor.py:743} INFO - Processing file /home/airflow/.local/lib/python3.7/site-packages/airflow/example_dags/example_short_circuit_operator.py for tasks to queue
[2023-03-01T20:06:43.411+0000] {logging_mixin.py:137} INFO - [2023-03-01T20:06:43.411+0000] {dagbag.py:538} INFO - Filling up the DagBag from /home/airflow/.local/lib/python3.7/site-packages/airflow/example_dags/example_short_circuit_operator.py
[2023-03-01T20:06:43.424+0000] {processor.py:753} INFO - DAG(s) dict_keys(['example_short_circuit_operator']) retrieved from /home/airflow/.local/lib/python3.7/site-packages/airflow/example_dags/example_short_circuit_operator.py
[2023-03-01T20:06:43.447+0000] {logging_mixin.py:137} INFO - [2023-03-01T20:06:43.447+0000] {dag.py:2690} INFO - Sync 1 DAGs
[2023-03-01T20:06:43.469+0000] {logging_mixin.py:137} INFO - [2023-03-01T20:06:43.469+0000] {dag.py:3441} INFO - Setting next_dagrun for example_short_circuit_operator to 2023-02-28T20:06:43.469045+00:00, run_after=2023-03-01T20:06:43.469045+00:00
[2023-03-01T20:06:43.487+0000] {processor.py:175} INFO - Processing /home/airflow/.local/lib/python3.7/site-packages/airflow/example_dags/example_short_circuit_operator.py took 0.079 seconds
[2023-03-01T20:07:13.896+0000] {processor.py:153} INFO - Started process (PID=779) to work on /home/airflow/.local/lib/python3.7/site-packages/airflow/example_dags/example_short_circuit_operator.py
[2023-03-01T20:07:13.897+0000] {processor.py:743} INFO - Processing file /home/airflow/.local/lib/python3.7/site-packages/airflow/example_dags/example_short_circuit_operator.py for tasks to queue
[2023-03-01T20:07:13.897+0000] {logging_mixin.py:137} INFO - [2023-03-01T20:07:13.897+0000] {dagbag.py:538} INFO - Filling up the DagBag from /home/airflow/.local/lib/python3.7/site-packages/airflow/example_dags/example_short_circuit_operator.py
[2023-03-01T20:07:13.910+0000] {processor.py:753} INFO - DAG(s) dict_keys(['example_short_circuit_operator']) retrieved from /home/airflow/.local/lib/python3.7/site-packages/airflow/example_dags/example_short_circuit_operator.py
[2023-03-01T20:07:13.934+0000] {logging_mixin.py:137} INFO - [2023-03-01T20:07:13.934+0000] {dag.py:2690} INFO - Sync 1 DAGs
[2023-03-01T20:07:13.958+0000] {logging_mixin.py:137} INFO - [2023-03-01T20:07:13.958+0000] {dag.py:3441} INFO - Setting next_dagrun for example_short_circuit_operator to 2023-02-28T20:07:13.957831+00:00, run_after=2023-03-01T20:07:13.957831+00:00
[2023-03-01T20:07:13.978+0000] {processor.py:175} INFO - Processing /home/airflow/.local/lib/python3.7/site-packages/airflow/example_dags/example_short_circuit_operator.py took 0.085 seconds
[2023-03-01T20:07:44.789+0000] {processor.py:153} INFO - Started process (PID=871) to work on /home/airflow/.local/lib/python3.7/site-packages/airflow/example_dags/example_short_circuit_operator.py
[2023-03-01T20:07:44.790+0000] {processor.py:743} INFO - Processing file /home/airflow/.local/lib/python3.7/site-packages/airflow/example_dags/example_short_circuit_operator.py for tasks to queue
[2023-03-01T20:07:44.790+0000] {logging_mixin.py:137} INFO - [2023-03-01T20:07:44.790+0000] {dagbag.py:538} INFO - Filling up the DagBag from /home/airflow/.local/lib/python3.7/site-packages/airflow/example_dags/example_short_circuit_operator.py
[2023-03-01T20:07:44.802+0000] {processor.py:753} INFO - DAG(s) dict_keys(['example_short_circuit_operator']) retrieved from /home/airflow/.local/lib/python3.7/site-packages/airflow/example_dags/example_short_circuit_operator.py
[2023-03-01T20:07:44.825+0000] {logging_mixin.py:137} INFO - [2023-03-01T20:07:44.825+0000] {dag.py:2690} INFO - Sync 1 DAGs
[2023-03-01T20:07:44.848+0000] {logging_mixin.py:137} INFO - [2023-03-01T20:07:44.848+0000] {dag.py:3441} INFO - Setting next_dagrun for example_short_circuit_operator to 2023-02-28T20:07:44.848640+00:00, run_after=2023-03-01T20:07:44.848640+00:00
[2023-03-01T20:07:44.867+0000] {processor.py:175} INFO - Processing /home/airflow/.local/lib/python3.7/site-packages/airflow/example_dags/example_short_circuit_operator.py took 0.080 seconds
