[2023-03-01T15:18:19.671+0000] {processor.py:153} INFO - Started process (PID=91) to work on /home/airflow/.local/lib/python3.7/site-packages/airflow/example_dags/example_bash_operator.py
[2023-03-01T15:18:19.672+0000] {processor.py:743} INFO - Processing file /home/airflow/.local/lib/python3.7/site-packages/airflow/example_dags/example_bash_operator.py for tasks to queue
[2023-03-01T15:18:19.672+0000] {logging_mixin.py:137} INFO - [2023-03-01T15:18:19.672+0000] {dagbag.py:538} INFO - Filling up the DagBag from /home/airflow/.local/lib/python3.7/site-packages/airflow/example_dags/example_bash_operator.py
[2023-03-01T15:18:19.704+0000] {processor.py:753} INFO - DAG(s) dict_keys(['example_bash_operator']) retrieved from /home/airflow/.local/lib/python3.7/site-packages/airflow/example_dags/example_bash_operator.py
[2023-03-01T15:18:19.719+0000] {logging_mixin.py:137} INFO - [2023-03-01T15:18:19.719+0000] {dag.py:2690} INFO - Sync 1 DAGs
[2023-03-01T15:18:19.762+0000] {logging_mixin.py:137} INFO - [2023-03-01T15:18:19.762+0000] {dag.py:3441} INFO - Setting next_dagrun for example_bash_operator to 2023-02-28T00:00:00+00:00, run_after=2023-03-01T00:00:00+00:00
[2023-03-01T15:18:19.793+0000] {processor.py:175} INFO - Processing /home/airflow/.local/lib/python3.7/site-packages/airflow/example_dags/example_bash_operator.py took 0.127 seconds
[2023-03-01T15:18:50.643+0000] {processor.py:153} INFO - Started process (PID=170) to work on /home/airflow/.local/lib/python3.7/site-packages/airflow/example_dags/example_bash_operator.py
[2023-03-01T15:18:50.644+0000] {processor.py:743} INFO - Processing file /home/airflow/.local/lib/python3.7/site-packages/airflow/example_dags/example_bash_operator.py for tasks to queue
[2023-03-01T15:18:50.644+0000] {logging_mixin.py:137} INFO - [2023-03-01T15:18:50.644+0000] {dagbag.py:538} INFO - Filling up the DagBag from /home/airflow/.local/lib/python3.7/site-packages/airflow/example_dags/example_bash_operator.py
[2023-03-01T15:18:50.661+0000] {processor.py:753} INFO - DAG(s) dict_keys(['example_bash_operator']) retrieved from /home/airflow/.local/lib/python3.7/site-packages/airflow/example_dags/example_bash_operator.py
[2023-03-01T15:18:50.692+0000] {logging_mixin.py:137} INFO - [2023-03-01T15:18:50.692+0000] {dag.py:2690} INFO - Sync 1 DAGs
[2023-03-01T15:18:50.716+0000] {logging_mixin.py:137} INFO - [2023-03-01T15:18:50.716+0000] {dag.py:3441} INFO - Setting next_dagrun for example_bash_operator to 2023-02-28T00:00:00+00:00, run_after=2023-03-01T00:00:00+00:00
[2023-03-01T15:18:50.734+0000] {processor.py:175} INFO - Processing /home/airflow/.local/lib/python3.7/site-packages/airflow/example_dags/example_bash_operator.py took 0.094 seconds
[2023-03-01T15:19:21.466+0000] {processor.py:153} INFO - Started process (PID=269) to work on /home/airflow/.local/lib/python3.7/site-packages/airflow/example_dags/example_bash_operator.py
[2023-03-01T15:19:21.467+0000] {processor.py:743} INFO - Processing file /home/airflow/.local/lib/python3.7/site-packages/airflow/example_dags/example_bash_operator.py for tasks to queue
[2023-03-01T15:19:21.467+0000] {logging_mixin.py:137} INFO - [2023-03-01T15:19:21.467+0000] {dagbag.py:538} INFO - Filling up the DagBag from /home/airflow/.local/lib/python3.7/site-packages/airflow/example_dags/example_bash_operator.py
[2023-03-01T15:19:21.487+0000] {processor.py:753} INFO - DAG(s) dict_keys(['example_bash_operator']) retrieved from /home/airflow/.local/lib/python3.7/site-packages/airflow/example_dags/example_bash_operator.py
[2023-03-01T15:19:21.533+0000] {logging_mixin.py:137} INFO - [2023-03-01T15:19:21.533+0000] {dag.py:2690} INFO - Sync 1 DAGs
[2023-03-01T15:19:21.569+0000] {logging_mixin.py:137} INFO - [2023-03-01T15:19:21.568+0000] {dag.py:3441} INFO - Setting next_dagrun for example_bash_operator to 2023-02-28T00:00:00+00:00, run_after=2023-03-01T00:00:00+00:00
[2023-03-01T15:19:21.595+0000] {processor.py:175} INFO - Processing /home/airflow/.local/lib/python3.7/site-packages/airflow/example_dags/example_bash_operator.py took 0.131 seconds
[2023-03-01T15:19:52.311+0000] {processor.py:153} INFO - Started process (PID=348) to work on /home/airflow/.local/lib/python3.7/site-packages/airflow/example_dags/example_bash_operator.py
[2023-03-01T15:19:52.312+0000] {processor.py:743} INFO - Processing file /home/airflow/.local/lib/python3.7/site-packages/airflow/example_dags/example_bash_operator.py for tasks to queue
[2023-03-01T15:19:52.312+0000] {logging_mixin.py:137} INFO - [2023-03-01T15:19:52.312+0000] {dagbag.py:538} INFO - Filling up the DagBag from /home/airflow/.local/lib/python3.7/site-packages/airflow/example_dags/example_bash_operator.py
[2023-03-01T15:19:52.329+0000] {processor.py:753} INFO - DAG(s) dict_keys(['example_bash_operator']) retrieved from /home/airflow/.local/lib/python3.7/site-packages/airflow/example_dags/example_bash_operator.py
[2023-03-01T15:19:52.363+0000] {logging_mixin.py:137} INFO - [2023-03-01T15:19:52.363+0000] {dag.py:2690} INFO - Sync 1 DAGs
[2023-03-01T15:19:52.386+0000] {logging_mixin.py:137} INFO - [2023-03-01T15:19:52.386+0000] {dag.py:3441} INFO - Setting next_dagrun for example_bash_operator to 2023-02-28T00:00:00+00:00, run_after=2023-03-01T00:00:00+00:00
[2023-03-01T15:19:52.404+0000] {processor.py:175} INFO - Processing /home/airflow/.local/lib/python3.7/site-packages/airflow/example_dags/example_bash_operator.py took 0.096 seconds
[2023-03-01T15:20:22.960+0000] {processor.py:153} INFO - Started process (PID=447) to work on /home/airflow/.local/lib/python3.7/site-packages/airflow/example_dags/example_bash_operator.py
[2023-03-01T15:20:22.960+0000] {processor.py:743} INFO - Processing file /home/airflow/.local/lib/python3.7/site-packages/airflow/example_dags/example_bash_operator.py for tasks to queue
[2023-03-01T15:20:22.961+0000] {logging_mixin.py:137} INFO - [2023-03-01T15:20:22.961+0000] {dagbag.py:538} INFO - Filling up the DagBag from /home/airflow/.local/lib/python3.7/site-packages/airflow/example_dags/example_bash_operator.py
[2023-03-01T15:20:22.983+0000] {processor.py:753} INFO - DAG(s) dict_keys(['example_bash_operator']) retrieved from /home/airflow/.local/lib/python3.7/site-packages/airflow/example_dags/example_bash_operator.py
[2023-03-01T15:20:23.020+0000] {logging_mixin.py:137} INFO - [2023-03-01T15:20:23.020+0000] {dag.py:2690} INFO - Sync 1 DAGs
[2023-03-01T15:20:23.047+0000] {logging_mixin.py:137} INFO - [2023-03-01T15:20:23.047+0000] {dag.py:3441} INFO - Setting next_dagrun for example_bash_operator to 2023-02-28T00:00:00+00:00, run_after=2023-03-01T00:00:00+00:00
[2023-03-01T15:20:23.071+0000] {processor.py:175} INFO - Processing /home/airflow/.local/lib/python3.7/site-packages/airflow/example_dags/example_bash_operator.py took 0.115 seconds
[2023-03-01T15:20:53.654+0000] {processor.py:153} INFO - Started process (PID=526) to work on /home/airflow/.local/lib/python3.7/site-packages/airflow/example_dags/example_bash_operator.py
[2023-03-01T15:20:53.654+0000] {processor.py:743} INFO - Processing file /home/airflow/.local/lib/python3.7/site-packages/airflow/example_dags/example_bash_operator.py for tasks to queue
[2023-03-01T15:20:53.655+0000] {logging_mixin.py:137} INFO - [2023-03-01T15:20:53.655+0000] {dagbag.py:538} INFO - Filling up the DagBag from /home/airflow/.local/lib/python3.7/site-packages/airflow/example_dags/example_bash_operator.py
[2023-03-01T15:20:53.671+0000] {processor.py:753} INFO - DAG(s) dict_keys(['example_bash_operator']) retrieved from /home/airflow/.local/lib/python3.7/site-packages/airflow/example_dags/example_bash_operator.py
[2023-03-01T15:20:53.703+0000] {logging_mixin.py:137} INFO - [2023-03-01T15:20:53.703+0000] {dag.py:2690} INFO - Sync 1 DAGs
[2023-03-01T15:20:53.728+0000] {logging_mixin.py:137} INFO - [2023-03-01T15:20:53.728+0000] {dag.py:3441} INFO - Setting next_dagrun for example_bash_operator to 2023-02-28T00:00:00+00:00, run_after=2023-03-01T00:00:00+00:00
[2023-03-01T15:20:53.746+0000] {processor.py:175} INFO - Processing /home/airflow/.local/lib/python3.7/site-packages/airflow/example_dags/example_bash_operator.py took 0.095 seconds
[2023-03-01T15:21:24.140+0000] {processor.py:153} INFO - Started process (PID=625) to work on /home/airflow/.local/lib/python3.7/site-packages/airflow/example_dags/example_bash_operator.py
[2023-03-01T15:21:24.141+0000] {processor.py:743} INFO - Processing file /home/airflow/.local/lib/python3.7/site-packages/airflow/example_dags/example_bash_operator.py for tasks to queue
[2023-03-01T15:21:24.142+0000] {logging_mixin.py:137} INFO - [2023-03-01T15:21:24.142+0000] {dagbag.py:538} INFO - Filling up the DagBag from /home/airflow/.local/lib/python3.7/site-packages/airflow/example_dags/example_bash_operator.py
[2023-03-01T15:21:24.160+0000] {processor.py:753} INFO - DAG(s) dict_keys(['example_bash_operator']) retrieved from /home/airflow/.local/lib/python3.7/site-packages/airflow/example_dags/example_bash_operator.py
[2023-03-01T15:21:24.196+0000] {logging_mixin.py:137} INFO - [2023-03-01T15:21:24.196+0000] {dag.py:2690} INFO - Sync 1 DAGs
[2023-03-01T15:21:24.221+0000] {logging_mixin.py:137} INFO - [2023-03-01T15:21:24.221+0000] {dag.py:3441} INFO - Setting next_dagrun for example_bash_operator to 2023-02-28T00:00:00+00:00, run_after=2023-03-01T00:00:00+00:00
[2023-03-01T15:21:24.239+0000] {processor.py:175} INFO - Processing /home/airflow/.local/lib/python3.7/site-packages/airflow/example_dags/example_bash_operator.py took 0.101 seconds
[2023-03-01T15:21:54.547+0000] {processor.py:153} INFO - Started process (PID=705) to work on /home/airflow/.local/lib/python3.7/site-packages/airflow/example_dags/example_bash_operator.py
[2023-03-01T15:21:54.548+0000] {processor.py:743} INFO - Processing file /home/airflow/.local/lib/python3.7/site-packages/airflow/example_dags/example_bash_operator.py for tasks to queue
[2023-03-01T15:21:54.549+0000] {logging_mixin.py:137} INFO - [2023-03-01T15:21:54.548+0000] {dagbag.py:538} INFO - Filling up the DagBag from /home/airflow/.local/lib/python3.7/site-packages/airflow/example_dags/example_bash_operator.py
[2023-03-01T15:21:54.570+0000] {processor.py:753} INFO - DAG(s) dict_keys(['example_bash_operator']) retrieved from /home/airflow/.local/lib/python3.7/site-packages/airflow/example_dags/example_bash_operator.py
[2023-03-01T15:21:54.610+0000] {logging_mixin.py:137} INFO - [2023-03-01T15:21:54.610+0000] {dag.py:2690} INFO - Sync 1 DAGs
[2023-03-01T15:21:54.642+0000] {logging_mixin.py:137} INFO - [2023-03-01T15:21:54.641+0000] {dag.py:3441} INFO - Setting next_dagrun for example_bash_operator to 2023-02-28T00:00:00+00:00, run_after=2023-03-01T00:00:00+00:00
[2023-03-01T15:21:54.674+0000] {processor.py:175} INFO - Processing /home/airflow/.local/lib/python3.7/site-packages/airflow/example_dags/example_bash_operator.py took 0.130 seconds
[2023-03-01T15:22:25.141+0000] {processor.py:153} INFO - Started process (PID=804) to work on /home/airflow/.local/lib/python3.7/site-packages/airflow/example_dags/example_bash_operator.py
[2023-03-01T15:22:25.142+0000] {processor.py:743} INFO - Processing file /home/airflow/.local/lib/python3.7/site-packages/airflow/example_dags/example_bash_operator.py for tasks to queue
[2023-03-01T15:22:25.142+0000] {logging_mixin.py:137} INFO - [2023-03-01T15:22:25.142+0000] {dagbag.py:538} INFO - Filling up the DagBag from /home/airflow/.local/lib/python3.7/site-packages/airflow/example_dags/example_bash_operator.py
[2023-03-01T15:22:25.158+0000] {processor.py:753} INFO - DAG(s) dict_keys(['example_bash_operator']) retrieved from /home/airflow/.local/lib/python3.7/site-packages/airflow/example_dags/example_bash_operator.py
[2023-03-01T15:22:25.193+0000] {logging_mixin.py:137} INFO - [2023-03-01T15:22:25.193+0000] {dag.py:2690} INFO - Sync 1 DAGs
[2023-03-01T15:22:25.217+0000] {logging_mixin.py:137} INFO - [2023-03-01T15:22:25.217+0000] {dag.py:3441} INFO - Setting next_dagrun for example_bash_operator to 2023-02-28T00:00:00+00:00, run_after=2023-03-01T00:00:00+00:00
[2023-03-01T15:22:25.235+0000] {processor.py:175} INFO - Processing /home/airflow/.local/lib/python3.7/site-packages/airflow/example_dags/example_bash_operator.py took 0.096 seconds
[2023-03-01T15:22:55.689+0000] {processor.py:153} INFO - Started process (PID=883) to work on /home/airflow/.local/lib/python3.7/site-packages/airflow/example_dags/example_bash_operator.py
[2023-03-01T15:22:55.689+0000] {processor.py:743} INFO - Processing file /home/airflow/.local/lib/python3.7/site-packages/airflow/example_dags/example_bash_operator.py for tasks to queue
[2023-03-01T15:22:55.690+0000] {logging_mixin.py:137} INFO - [2023-03-01T15:22:55.690+0000] {dagbag.py:538} INFO - Filling up the DagBag from /home/airflow/.local/lib/python3.7/site-packages/airflow/example_dags/example_bash_operator.py
[2023-03-01T15:22:55.706+0000] {processor.py:753} INFO - DAG(s) dict_keys(['example_bash_operator']) retrieved from /home/airflow/.local/lib/python3.7/site-packages/airflow/example_dags/example_bash_operator.py
[2023-03-01T15:22:55.737+0000] {logging_mixin.py:137} INFO - [2023-03-01T15:22:55.736+0000] {dag.py:2690} INFO - Sync 1 DAGs
[2023-03-01T15:22:55.759+0000] {logging_mixin.py:137} INFO - [2023-03-01T15:22:55.759+0000] {dag.py:3441} INFO - Setting next_dagrun for example_bash_operator to 2023-02-28T00:00:00+00:00, run_after=2023-03-01T00:00:00+00:00
[2023-03-01T15:22:55.775+0000] {processor.py:175} INFO - Processing /home/airflow/.local/lib/python3.7/site-packages/airflow/example_dags/example_bash_operator.py took 0.088 seconds
[2023-03-01T15:23:26.358+0000] {processor.py:153} INFO - Started process (PID=982) to work on /home/airflow/.local/lib/python3.7/site-packages/airflow/example_dags/example_bash_operator.py
[2023-03-01T15:23:26.359+0000] {processor.py:743} INFO - Processing file /home/airflow/.local/lib/python3.7/site-packages/airflow/example_dags/example_bash_operator.py for tasks to queue
[2023-03-01T15:23:26.360+0000] {logging_mixin.py:137} INFO - [2023-03-01T15:23:26.360+0000] {dagbag.py:538} INFO - Filling up the DagBag from /home/airflow/.local/lib/python3.7/site-packages/airflow/example_dags/example_bash_operator.py
[2023-03-01T15:23:26.379+0000] {processor.py:753} INFO - DAG(s) dict_keys(['example_bash_operator']) retrieved from /home/airflow/.local/lib/python3.7/site-packages/airflow/example_dags/example_bash_operator.py
[2023-03-01T15:23:26.422+0000] {logging_mixin.py:137} INFO - [2023-03-01T15:23:26.421+0000] {dag.py:2690} INFO - Sync 1 DAGs
[2023-03-01T15:23:26.446+0000] {logging_mixin.py:137} INFO - [2023-03-01T15:23:26.446+0000] {dag.py:3441} INFO - Setting next_dagrun for example_bash_operator to 2023-02-28T00:00:00+00:00, run_after=2023-03-01T00:00:00+00:00
[2023-03-01T15:23:26.466+0000] {processor.py:175} INFO - Processing /home/airflow/.local/lib/python3.7/site-packages/airflow/example_dags/example_bash_operator.py took 0.111 seconds
[2023-03-01T15:23:56.931+0000] {processor.py:153} INFO - Started process (PID=1061) to work on /home/airflow/.local/lib/python3.7/site-packages/airflow/example_dags/example_bash_operator.py
[2023-03-01T15:23:56.932+0000] {processor.py:743} INFO - Processing file /home/airflow/.local/lib/python3.7/site-packages/airflow/example_dags/example_bash_operator.py for tasks to queue
[2023-03-01T15:23:56.932+0000] {logging_mixin.py:137} INFO - [2023-03-01T15:23:56.932+0000] {dagbag.py:538} INFO - Filling up the DagBag from /home/airflow/.local/lib/python3.7/site-packages/airflow/example_dags/example_bash_operator.py
[2023-03-01T15:23:56.948+0000] {processor.py:753} INFO - DAG(s) dict_keys(['example_bash_operator']) retrieved from /home/airflow/.local/lib/python3.7/site-packages/airflow/example_dags/example_bash_operator.py
[2023-03-01T15:23:56.981+0000] {logging_mixin.py:137} INFO - [2023-03-01T15:23:56.981+0000] {dag.py:2690} INFO - Sync 1 DAGs
[2023-03-01T15:23:57.005+0000] {logging_mixin.py:137} INFO - [2023-03-01T15:23:57.004+0000] {dag.py:3441} INFO - Setting next_dagrun for example_bash_operator to 2023-02-28T00:00:00+00:00, run_after=2023-03-01T00:00:00+00:00
[2023-03-01T15:23:57.024+0000] {processor.py:175} INFO - Processing /home/airflow/.local/lib/python3.7/site-packages/airflow/example_dags/example_bash_operator.py took 0.095 seconds
[2023-03-01T15:24:27.505+0000] {processor.py:153} INFO - Started process (PID=1160) to work on /home/airflow/.local/lib/python3.7/site-packages/airflow/example_dags/example_bash_operator.py
[2023-03-01T15:24:27.506+0000] {processor.py:743} INFO - Processing file /home/airflow/.local/lib/python3.7/site-packages/airflow/example_dags/example_bash_operator.py for tasks to queue
[2023-03-01T15:24:27.506+0000] {logging_mixin.py:137} INFO - [2023-03-01T15:24:27.506+0000] {dagbag.py:538} INFO - Filling up the DagBag from /home/airflow/.local/lib/python3.7/site-packages/airflow/example_dags/example_bash_operator.py
[2023-03-01T15:24:27.523+0000] {processor.py:753} INFO - DAG(s) dict_keys(['example_bash_operator']) retrieved from /home/airflow/.local/lib/python3.7/site-packages/airflow/example_dags/example_bash_operator.py
[2023-03-01T15:24:27.555+0000] {logging_mixin.py:137} INFO - [2023-03-01T15:24:27.555+0000] {dag.py:2690} INFO - Sync 1 DAGs
[2023-03-01T15:24:27.580+0000] {logging_mixin.py:137} INFO - [2023-03-01T15:24:27.580+0000] {dag.py:3441} INFO - Setting next_dagrun for example_bash_operator to 2023-02-28T00:00:00+00:00, run_after=2023-03-01T00:00:00+00:00
[2023-03-01T15:24:27.599+0000] {processor.py:175} INFO - Processing /home/airflow/.local/lib/python3.7/site-packages/airflow/example_dags/example_bash_operator.py took 0.096 seconds
[2023-03-01T15:24:58.149+0000] {processor.py:153} INFO - Started process (PID=1239) to work on /home/airflow/.local/lib/python3.7/site-packages/airflow/example_dags/example_bash_operator.py
[2023-03-01T15:24:58.149+0000] {processor.py:743} INFO - Processing file /home/airflow/.local/lib/python3.7/site-packages/airflow/example_dags/example_bash_operator.py for tasks to queue
[2023-03-01T15:24:58.150+0000] {logging_mixin.py:137} INFO - [2023-03-01T15:24:58.150+0000] {dagbag.py:538} INFO - Filling up the DagBag from /home/airflow/.local/lib/python3.7/site-packages/airflow/example_dags/example_bash_operator.py
[2023-03-01T15:24:58.166+0000] {processor.py:753} INFO - DAG(s) dict_keys(['example_bash_operator']) retrieved from /home/airflow/.local/lib/python3.7/site-packages/airflow/example_dags/example_bash_operator.py
[2023-03-01T15:24:58.197+0000] {logging_mixin.py:137} INFO - [2023-03-01T15:24:58.197+0000] {dag.py:2690} INFO - Sync 1 DAGs
[2023-03-01T15:24:58.229+0000] {logging_mixin.py:137} INFO - [2023-03-01T15:24:58.229+0000] {dag.py:3441} INFO - Setting next_dagrun for example_bash_operator to 2023-02-28T00:00:00+00:00, run_after=2023-03-01T00:00:00+00:00
[2023-03-01T15:24:58.246+0000] {processor.py:175} INFO - Processing /home/airflow/.local/lib/python3.7/site-packages/airflow/example_dags/example_bash_operator.py took 0.100 seconds
[2023-03-01T15:25:28.922+0000] {processor.py:153} INFO - Started process (PID=1338) to work on /home/airflow/.local/lib/python3.7/site-packages/airflow/example_dags/example_bash_operator.py
[2023-03-01T15:25:28.922+0000] {processor.py:743} INFO - Processing file /home/airflow/.local/lib/python3.7/site-packages/airflow/example_dags/example_bash_operator.py for tasks to queue
[2023-03-01T15:25:28.923+0000] {logging_mixin.py:137} INFO - [2023-03-01T15:25:28.923+0000] {dagbag.py:538} INFO - Filling up the DagBag from /home/airflow/.local/lib/python3.7/site-packages/airflow/example_dags/example_bash_operator.py
[2023-03-01T15:25:28.939+0000] {processor.py:753} INFO - DAG(s) dict_keys(['example_bash_operator']) retrieved from /home/airflow/.local/lib/python3.7/site-packages/airflow/example_dags/example_bash_operator.py
[2023-03-01T15:25:28.973+0000] {logging_mixin.py:137} INFO - [2023-03-01T15:25:28.973+0000] {dag.py:2690} INFO - Sync 1 DAGs
[2023-03-01T15:25:28.997+0000] {logging_mixin.py:137} INFO - [2023-03-01T15:25:28.997+0000] {dag.py:3441} INFO - Setting next_dagrun for example_bash_operator to 2023-02-28T00:00:00+00:00, run_after=2023-03-01T00:00:00+00:00
[2023-03-01T15:25:29.017+0000] {processor.py:175} INFO - Processing /home/airflow/.local/lib/python3.7/site-packages/airflow/example_dags/example_bash_operator.py took 0.098 seconds
[2023-03-01T15:25:59.587+0000] {processor.py:153} INFO - Started process (PID=1417) to work on /home/airflow/.local/lib/python3.7/site-packages/airflow/example_dags/example_bash_operator.py
[2023-03-01T15:25:59.588+0000] {processor.py:743} INFO - Processing file /home/airflow/.local/lib/python3.7/site-packages/airflow/example_dags/example_bash_operator.py for tasks to queue
[2023-03-01T15:25:59.588+0000] {logging_mixin.py:137} INFO - [2023-03-01T15:25:59.588+0000] {dagbag.py:538} INFO - Filling up the DagBag from /home/airflow/.local/lib/python3.7/site-packages/airflow/example_dags/example_bash_operator.py
[2023-03-01T15:25:59.606+0000] {processor.py:753} INFO - DAG(s) dict_keys(['example_bash_operator']) retrieved from /home/airflow/.local/lib/python3.7/site-packages/airflow/example_dags/example_bash_operator.py
[2023-03-01T15:25:59.638+0000] {logging_mixin.py:137} INFO - [2023-03-01T15:25:59.638+0000] {dag.py:2690} INFO - Sync 1 DAGs
[2023-03-01T15:25:59.660+0000] {logging_mixin.py:137} INFO - [2023-03-01T15:25:59.659+0000] {dag.py:3441} INFO - Setting next_dagrun for example_bash_operator to 2023-02-28T00:00:00+00:00, run_after=2023-03-01T00:00:00+00:00
[2023-03-01T15:25:59.679+0000] {processor.py:175} INFO - Processing /home/airflow/.local/lib/python3.7/site-packages/airflow/example_dags/example_bash_operator.py took 0.095 seconds
[2023-03-01T15:26:30.101+0000] {processor.py:153} INFO - Started process (PID=1516) to work on /home/airflow/.local/lib/python3.7/site-packages/airflow/example_dags/example_bash_operator.py
[2023-03-01T15:26:30.102+0000] {processor.py:743} INFO - Processing file /home/airflow/.local/lib/python3.7/site-packages/airflow/example_dags/example_bash_operator.py for tasks to queue
[2023-03-01T15:26:30.102+0000] {logging_mixin.py:137} INFO - [2023-03-01T15:26:30.102+0000] {dagbag.py:538} INFO - Filling up the DagBag from /home/airflow/.local/lib/python3.7/site-packages/airflow/example_dags/example_bash_operator.py
[2023-03-01T15:26:30.119+0000] {processor.py:753} INFO - DAG(s) dict_keys(['example_bash_operator']) retrieved from /home/airflow/.local/lib/python3.7/site-packages/airflow/example_dags/example_bash_operator.py
[2023-03-01T15:26:30.153+0000] {logging_mixin.py:137} INFO - [2023-03-01T15:26:30.153+0000] {dag.py:2690} INFO - Sync 1 DAGs
[2023-03-01T15:26:30.179+0000] {logging_mixin.py:137} INFO - [2023-03-01T15:26:30.179+0000] {dag.py:3441} INFO - Setting next_dagrun for example_bash_operator to 2023-02-28T00:00:00+00:00, run_after=2023-03-01T00:00:00+00:00
[2023-03-01T15:26:30.202+0000] {processor.py:175} INFO - Processing /home/airflow/.local/lib/python3.7/site-packages/airflow/example_dags/example_bash_operator.py took 0.103 seconds
[2023-03-01T15:27:00.569+0000] {processor.py:153} INFO - Started process (PID=1595) to work on /home/airflow/.local/lib/python3.7/site-packages/airflow/example_dags/example_bash_operator.py
[2023-03-01T15:27:00.569+0000] {processor.py:743} INFO - Processing file /home/airflow/.local/lib/python3.7/site-packages/airflow/example_dags/example_bash_operator.py for tasks to queue
[2023-03-01T15:27:00.570+0000] {logging_mixin.py:137} INFO - [2023-03-01T15:27:00.570+0000] {dagbag.py:538} INFO - Filling up the DagBag from /home/airflow/.local/lib/python3.7/site-packages/airflow/example_dags/example_bash_operator.py
[2023-03-01T15:27:00.587+0000] {processor.py:753} INFO - DAG(s) dict_keys(['example_bash_operator']) retrieved from /home/airflow/.local/lib/python3.7/site-packages/airflow/example_dags/example_bash_operator.py
[2023-03-01T15:27:00.620+0000] {logging_mixin.py:137} INFO - [2023-03-01T15:27:00.619+0000] {dag.py:2690} INFO - Sync 1 DAGs
[2023-03-01T15:27:00.645+0000] {logging_mixin.py:137} INFO - [2023-03-01T15:27:00.645+0000] {dag.py:3441} INFO - Setting next_dagrun for example_bash_operator to 2023-02-28T00:00:00+00:00, run_after=2023-03-01T00:00:00+00:00
[2023-03-01T15:27:00.663+0000] {processor.py:175} INFO - Processing /home/airflow/.local/lib/python3.7/site-packages/airflow/example_dags/example_bash_operator.py took 0.097 seconds
[2023-03-01T15:27:31.188+0000] {processor.py:153} INFO - Started process (PID=1695) to work on /home/airflow/.local/lib/python3.7/site-packages/airflow/example_dags/example_bash_operator.py
[2023-03-01T15:27:31.189+0000] {processor.py:743} INFO - Processing file /home/airflow/.local/lib/python3.7/site-packages/airflow/example_dags/example_bash_operator.py for tasks to queue
[2023-03-01T15:27:31.190+0000] {logging_mixin.py:137} INFO - [2023-03-01T15:27:31.190+0000] {dagbag.py:538} INFO - Filling up the DagBag from /home/airflow/.local/lib/python3.7/site-packages/airflow/example_dags/example_bash_operator.py
[2023-03-01T15:27:31.215+0000] {processor.py:753} INFO - DAG(s) dict_keys(['example_bash_operator']) retrieved from /home/airflow/.local/lib/python3.7/site-packages/airflow/example_dags/example_bash_operator.py
[2023-03-01T15:27:31.252+0000] {logging_mixin.py:137} INFO - [2023-03-01T15:27:31.251+0000] {dag.py:2690} INFO - Sync 1 DAGs
[2023-03-01T15:27:31.276+0000] {logging_mixin.py:137} INFO - [2023-03-01T15:27:31.276+0000] {dag.py:3441} INFO - Setting next_dagrun for example_bash_operator to 2023-02-28T00:00:00+00:00, run_after=2023-03-01T00:00:00+00:00
[2023-03-01T15:27:31.299+0000] {processor.py:175} INFO - Processing /home/airflow/.local/lib/python3.7/site-packages/airflow/example_dags/example_bash_operator.py took 0.115 seconds
[2023-03-01T15:28:01.814+0000] {processor.py:153} INFO - Started process (PID=1773) to work on /home/airflow/.local/lib/python3.7/site-packages/airflow/example_dags/example_bash_operator.py
[2023-03-01T15:28:01.814+0000] {processor.py:743} INFO - Processing file /home/airflow/.local/lib/python3.7/site-packages/airflow/example_dags/example_bash_operator.py for tasks to queue
[2023-03-01T15:28:01.815+0000] {logging_mixin.py:137} INFO - [2023-03-01T15:28:01.815+0000] {dagbag.py:538} INFO - Filling up the DagBag from /home/airflow/.local/lib/python3.7/site-packages/airflow/example_dags/example_bash_operator.py
[2023-03-01T15:28:01.835+0000] {processor.py:753} INFO - DAG(s) dict_keys(['example_bash_operator']) retrieved from /home/airflow/.local/lib/python3.7/site-packages/airflow/example_dags/example_bash_operator.py
[2023-03-01T15:28:01.867+0000] {logging_mixin.py:137} INFO - [2023-03-01T15:28:01.866+0000] {dag.py:2690} INFO - Sync 1 DAGs
[2023-03-01T15:28:01.892+0000] {logging_mixin.py:137} INFO - [2023-03-01T15:28:01.891+0000] {dag.py:3441} INFO - Setting next_dagrun for example_bash_operator to 2023-02-28T00:00:00+00:00, run_after=2023-03-01T00:00:00+00:00
[2023-03-01T15:28:01.909+0000] {processor.py:175} INFO - Processing /home/airflow/.local/lib/python3.7/site-packages/airflow/example_dags/example_bash_operator.py took 0.097 seconds
[2023-03-01T15:28:32.413+0000] {processor.py:153} INFO - Started process (PID=1872) to work on /home/airflow/.local/lib/python3.7/site-packages/airflow/example_dags/example_bash_operator.py
[2023-03-01T15:28:32.413+0000] {processor.py:743} INFO - Processing file /home/airflow/.local/lib/python3.7/site-packages/airflow/example_dags/example_bash_operator.py for tasks to queue
[2023-03-01T15:28:32.414+0000] {logging_mixin.py:137} INFO - [2023-03-01T15:28:32.414+0000] {dagbag.py:538} INFO - Filling up the DagBag from /home/airflow/.local/lib/python3.7/site-packages/airflow/example_dags/example_bash_operator.py
[2023-03-01T15:28:32.432+0000] {processor.py:753} INFO - DAG(s) dict_keys(['example_bash_operator']) retrieved from /home/airflow/.local/lib/python3.7/site-packages/airflow/example_dags/example_bash_operator.py
[2023-03-01T15:28:32.468+0000] {logging_mixin.py:137} INFO - [2023-03-01T15:28:32.468+0000] {dag.py:2690} INFO - Sync 1 DAGs
[2023-03-01T15:28:32.496+0000] {logging_mixin.py:137} INFO - [2023-03-01T15:28:32.496+0000] {dag.py:3441} INFO - Setting next_dagrun for example_bash_operator to 2023-02-28T00:00:00+00:00, run_after=2023-03-01T00:00:00+00:00
[2023-03-01T15:28:32.516+0000] {processor.py:175} INFO - Processing /home/airflow/.local/lib/python3.7/site-packages/airflow/example_dags/example_bash_operator.py took 0.105 seconds
[2023-03-01T15:29:02.889+0000] {processor.py:153} INFO - Started process (PID=1951) to work on /home/airflow/.local/lib/python3.7/site-packages/airflow/example_dags/example_bash_operator.py
[2023-03-01T15:29:02.889+0000] {processor.py:743} INFO - Processing file /home/airflow/.local/lib/python3.7/site-packages/airflow/example_dags/example_bash_operator.py for tasks to queue
[2023-03-01T15:29:02.890+0000] {logging_mixin.py:137} INFO - [2023-03-01T15:29:02.890+0000] {dagbag.py:538} INFO - Filling up the DagBag from /home/airflow/.local/lib/python3.7/site-packages/airflow/example_dags/example_bash_operator.py
[2023-03-01T15:29:02.907+0000] {processor.py:753} INFO - DAG(s) dict_keys(['example_bash_operator']) retrieved from /home/airflow/.local/lib/python3.7/site-packages/airflow/example_dags/example_bash_operator.py
[2023-03-01T15:29:02.940+0000] {logging_mixin.py:137} INFO - [2023-03-01T15:29:02.940+0000] {dag.py:2690} INFO - Sync 1 DAGs
[2023-03-01T15:29:02.966+0000] {logging_mixin.py:137} INFO - [2023-03-01T15:29:02.966+0000] {dag.py:3441} INFO - Setting next_dagrun for example_bash_operator to 2023-02-28T00:00:00+00:00, run_after=2023-03-01T00:00:00+00:00
[2023-03-01T15:29:02.987+0000] {processor.py:175} INFO - Processing /home/airflow/.local/lib/python3.7/site-packages/airflow/example_dags/example_bash_operator.py took 0.101 seconds
[2023-03-01T15:29:33.510+0000] {processor.py:153} INFO - Started process (PID=2050) to work on /home/airflow/.local/lib/python3.7/site-packages/airflow/example_dags/example_bash_operator.py
[2023-03-01T15:29:33.511+0000] {processor.py:743} INFO - Processing file /home/airflow/.local/lib/python3.7/site-packages/airflow/example_dags/example_bash_operator.py for tasks to queue
[2023-03-01T15:29:33.511+0000] {logging_mixin.py:137} INFO - [2023-03-01T15:29:33.511+0000] {dagbag.py:538} INFO - Filling up the DagBag from /home/airflow/.local/lib/python3.7/site-packages/airflow/example_dags/example_bash_operator.py
[2023-03-01T15:29:33.527+0000] {processor.py:753} INFO - DAG(s) dict_keys(['example_bash_operator']) retrieved from /home/airflow/.local/lib/python3.7/site-packages/airflow/example_dags/example_bash_operator.py
[2023-03-01T15:29:33.563+0000] {logging_mixin.py:137} INFO - [2023-03-01T15:29:33.563+0000] {dag.py:2690} INFO - Sync 1 DAGs
[2023-03-01T15:29:33.587+0000] {logging_mixin.py:137} INFO - [2023-03-01T15:29:33.587+0000] {dag.py:3441} INFO - Setting next_dagrun for example_bash_operator to 2023-02-28T00:00:00+00:00, run_after=2023-03-01T00:00:00+00:00
[2023-03-01T15:29:33.607+0000] {processor.py:175} INFO - Processing /home/airflow/.local/lib/python3.7/site-packages/airflow/example_dags/example_bash_operator.py took 0.100 seconds
[2023-03-01T15:30:04.374+0000] {processor.py:153} INFO - Started process (PID=2129) to work on /home/airflow/.local/lib/python3.7/site-packages/airflow/example_dags/example_bash_operator.py
[2023-03-01T15:30:04.374+0000] {processor.py:743} INFO - Processing file /home/airflow/.local/lib/python3.7/site-packages/airflow/example_dags/example_bash_operator.py for tasks to queue
[2023-03-01T15:30:04.375+0000] {logging_mixin.py:137} INFO - [2023-03-01T15:30:04.375+0000] {dagbag.py:538} INFO - Filling up the DagBag from /home/airflow/.local/lib/python3.7/site-packages/airflow/example_dags/example_bash_operator.py
[2023-03-01T15:30:04.392+0000] {processor.py:753} INFO - DAG(s) dict_keys(['example_bash_operator']) retrieved from /home/airflow/.local/lib/python3.7/site-packages/airflow/example_dags/example_bash_operator.py
[2023-03-01T15:30:04.425+0000] {logging_mixin.py:137} INFO - [2023-03-01T15:30:04.425+0000] {dag.py:2690} INFO - Sync 1 DAGs
[2023-03-01T15:30:04.450+0000] {logging_mixin.py:137} INFO - [2023-03-01T15:30:04.449+0000] {dag.py:3441} INFO - Setting next_dagrun for example_bash_operator to 2023-02-28T00:00:00+00:00, run_after=2023-03-01T00:00:00+00:00
[2023-03-01T15:30:04.469+0000] {processor.py:175} INFO - Processing /home/airflow/.local/lib/python3.7/site-packages/airflow/example_dags/example_bash_operator.py took 0.097 seconds
[2023-03-01T15:30:35.098+0000] {processor.py:153} INFO - Started process (PID=2229) to work on /home/airflow/.local/lib/python3.7/site-packages/airflow/example_dags/example_bash_operator.py
[2023-03-01T15:30:35.098+0000] {processor.py:743} INFO - Processing file /home/airflow/.local/lib/python3.7/site-packages/airflow/example_dags/example_bash_operator.py for tasks to queue
[2023-03-01T15:30:35.099+0000] {logging_mixin.py:137} INFO - [2023-03-01T15:30:35.099+0000] {dagbag.py:538} INFO - Filling up the DagBag from /home/airflow/.local/lib/python3.7/site-packages/airflow/example_dags/example_bash_operator.py
[2023-03-01T15:30:35.117+0000] {processor.py:753} INFO - DAG(s) dict_keys(['example_bash_operator']) retrieved from /home/airflow/.local/lib/python3.7/site-packages/airflow/example_dags/example_bash_operator.py
[2023-03-01T15:30:35.150+0000] {logging_mixin.py:137} INFO - [2023-03-01T15:30:35.150+0000] {dag.py:2690} INFO - Sync 1 DAGs
[2023-03-01T15:30:35.177+0000] {logging_mixin.py:137} INFO - [2023-03-01T15:30:35.177+0000] {dag.py:3441} INFO - Setting next_dagrun for example_bash_operator to 2023-02-28T00:00:00+00:00, run_after=2023-03-01T00:00:00+00:00
[2023-03-01T15:30:35.196+0000] {processor.py:175} INFO - Processing /home/airflow/.local/lib/python3.7/site-packages/airflow/example_dags/example_bash_operator.py took 0.101 seconds
[2023-03-01T15:31:05.866+0000] {processor.py:153} INFO - Started process (PID=2317) to work on /home/airflow/.local/lib/python3.7/site-packages/airflow/example_dags/example_bash_operator.py
[2023-03-01T15:31:05.866+0000] {processor.py:743} INFO - Processing file /home/airflow/.local/lib/python3.7/site-packages/airflow/example_dags/example_bash_operator.py for tasks to queue
[2023-03-01T15:31:05.867+0000] {logging_mixin.py:137} INFO - [2023-03-01T15:31:05.867+0000] {dagbag.py:538} INFO - Filling up the DagBag from /home/airflow/.local/lib/python3.7/site-packages/airflow/example_dags/example_bash_operator.py
[2023-03-01T15:31:05.885+0000] {processor.py:753} INFO - DAG(s) dict_keys(['example_bash_operator']) retrieved from /home/airflow/.local/lib/python3.7/site-packages/airflow/example_dags/example_bash_operator.py
[2023-03-01T15:31:05.919+0000] {logging_mixin.py:137} INFO - [2023-03-01T15:31:05.918+0000] {dag.py:2690} INFO - Sync 1 DAGs
[2023-03-01T15:31:05.944+0000] {logging_mixin.py:137} INFO - [2023-03-01T15:31:05.944+0000] {dag.py:3441} INFO - Setting next_dagrun for example_bash_operator to 2023-02-28T00:00:00+00:00, run_after=2023-03-01T00:00:00+00:00
[2023-03-01T15:31:05.963+0000] {processor.py:175} INFO - Processing /home/airflow/.local/lib/python3.7/site-packages/airflow/example_dags/example_bash_operator.py took 0.100 seconds
[2023-03-01T15:31:36.579+0000] {processor.py:153} INFO - Started process (PID=2407) to work on /home/airflow/.local/lib/python3.7/site-packages/airflow/example_dags/example_bash_operator.py
[2023-03-01T15:31:36.579+0000] {processor.py:743} INFO - Processing file /home/airflow/.local/lib/python3.7/site-packages/airflow/example_dags/example_bash_operator.py for tasks to queue
[2023-03-01T15:31:36.580+0000] {logging_mixin.py:137} INFO - [2023-03-01T15:31:36.579+0000] {dagbag.py:538} INFO - Filling up the DagBag from /home/airflow/.local/lib/python3.7/site-packages/airflow/example_dags/example_bash_operator.py
[2023-03-01T15:31:36.597+0000] {processor.py:753} INFO - DAG(s) dict_keys(['example_bash_operator']) retrieved from /home/airflow/.local/lib/python3.7/site-packages/airflow/example_dags/example_bash_operator.py
[2023-03-01T15:31:36.629+0000] {logging_mixin.py:137} INFO - [2023-03-01T15:31:36.629+0000] {dag.py:2690} INFO - Sync 1 DAGs
[2023-03-01T15:31:36.652+0000] {logging_mixin.py:137} INFO - [2023-03-01T15:31:36.652+0000] {dag.py:3441} INFO - Setting next_dagrun for example_bash_operator to 2023-02-28T00:00:00+00:00, run_after=2023-03-01T00:00:00+00:00
[2023-03-01T15:31:36.670+0000] {processor.py:175} INFO - Processing /home/airflow/.local/lib/python3.7/site-packages/airflow/example_dags/example_bash_operator.py took 0.093 seconds
[2023-03-01T15:32:07.227+0000] {processor.py:153} INFO - Started process (PID=2506) to work on /home/airflow/.local/lib/python3.7/site-packages/airflow/example_dags/example_bash_operator.py
[2023-03-01T15:32:07.227+0000] {processor.py:743} INFO - Processing file /home/airflow/.local/lib/python3.7/site-packages/airflow/example_dags/example_bash_operator.py for tasks to queue
[2023-03-01T15:32:07.228+0000] {logging_mixin.py:137} INFO - [2023-03-01T15:32:07.228+0000] {dagbag.py:538} INFO - Filling up the DagBag from /home/airflow/.local/lib/python3.7/site-packages/airflow/example_dags/example_bash_operator.py
[2023-03-01T15:32:07.246+0000] {processor.py:753} INFO - DAG(s) dict_keys(['example_bash_operator']) retrieved from /home/airflow/.local/lib/python3.7/site-packages/airflow/example_dags/example_bash_operator.py
[2023-03-01T15:32:07.284+0000] {logging_mixin.py:137} INFO - [2023-03-01T15:32:07.284+0000] {dag.py:2690} INFO - Sync 1 DAGs
[2023-03-01T15:32:07.310+0000] {logging_mixin.py:137} INFO - [2023-03-01T15:32:07.310+0000] {dag.py:3441} INFO - Setting next_dagrun for example_bash_operator to 2023-02-28T00:00:00+00:00, run_after=2023-03-01T00:00:00+00:00
[2023-03-01T15:32:07.330+0000] {processor.py:175} INFO - Processing /home/airflow/.local/lib/python3.7/site-packages/airflow/example_dags/example_bash_operator.py took 0.105 seconds
[2023-03-01T15:32:37.785+0000] {processor.py:153} INFO - Started process (PID=2585) to work on /home/airflow/.local/lib/python3.7/site-packages/airflow/example_dags/example_bash_operator.py
[2023-03-01T15:32:37.786+0000] {processor.py:743} INFO - Processing file /home/airflow/.local/lib/python3.7/site-packages/airflow/example_dags/example_bash_operator.py for tasks to queue
[2023-03-01T15:32:37.786+0000] {logging_mixin.py:137} INFO - [2023-03-01T15:32:37.786+0000] {dagbag.py:538} INFO - Filling up the DagBag from /home/airflow/.local/lib/python3.7/site-packages/airflow/example_dags/example_bash_operator.py
[2023-03-01T15:32:37.803+0000] {processor.py:753} INFO - DAG(s) dict_keys(['example_bash_operator']) retrieved from /home/airflow/.local/lib/python3.7/site-packages/airflow/example_dags/example_bash_operator.py
[2023-03-01T15:32:37.834+0000] {logging_mixin.py:137} INFO - [2023-03-01T15:32:37.834+0000] {dag.py:2690} INFO - Sync 1 DAGs
[2023-03-01T15:32:37.857+0000] {logging_mixin.py:137} INFO - [2023-03-01T15:32:37.857+0000] {dag.py:3441} INFO - Setting next_dagrun for example_bash_operator to 2023-02-28T00:00:00+00:00, run_after=2023-03-01T00:00:00+00:00
[2023-03-01T15:32:37.874+0000] {processor.py:175} INFO - Processing /home/airflow/.local/lib/python3.7/site-packages/airflow/example_dags/example_bash_operator.py took 0.091 seconds
[2023-03-01T15:33:08.575+0000] {processor.py:153} INFO - Started process (PID=2684) to work on /home/airflow/.local/lib/python3.7/site-packages/airflow/example_dags/example_bash_operator.py
[2023-03-01T15:33:08.575+0000] {processor.py:743} INFO - Processing file /home/airflow/.local/lib/python3.7/site-packages/airflow/example_dags/example_bash_operator.py for tasks to queue
[2023-03-01T15:33:08.576+0000] {logging_mixin.py:137} INFO - [2023-03-01T15:33:08.576+0000] {dagbag.py:538} INFO - Filling up the DagBag from /home/airflow/.local/lib/python3.7/site-packages/airflow/example_dags/example_bash_operator.py
[2023-03-01T15:33:08.593+0000] {processor.py:753} INFO - DAG(s) dict_keys(['example_bash_operator']) retrieved from /home/airflow/.local/lib/python3.7/site-packages/airflow/example_dags/example_bash_operator.py
[2023-03-01T15:33:08.630+0000] {logging_mixin.py:137} INFO - [2023-03-01T15:33:08.629+0000] {dag.py:2690} INFO - Sync 1 DAGs
[2023-03-01T15:33:08.652+0000] {logging_mixin.py:137} INFO - [2023-03-01T15:33:08.652+0000] {dag.py:3441} INFO - Setting next_dagrun for example_bash_operator to 2023-02-28T00:00:00+00:00, run_after=2023-03-01T00:00:00+00:00
[2023-03-01T15:33:08.668+0000] {processor.py:175} INFO - Processing /home/airflow/.local/lib/python3.7/site-packages/airflow/example_dags/example_bash_operator.py took 0.096 seconds
[2023-03-01T15:33:38.924+0000] {processor.py:153} INFO - Started process (PID=2763) to work on /home/airflow/.local/lib/python3.7/site-packages/airflow/example_dags/example_bash_operator.py
[2023-03-01T15:33:38.924+0000] {processor.py:743} INFO - Processing file /home/airflow/.local/lib/python3.7/site-packages/airflow/example_dags/example_bash_operator.py for tasks to queue
[2023-03-01T15:33:38.925+0000] {logging_mixin.py:137} INFO - [2023-03-01T15:33:38.925+0000] {dagbag.py:538} INFO - Filling up the DagBag from /home/airflow/.local/lib/python3.7/site-packages/airflow/example_dags/example_bash_operator.py
[2023-03-01T15:33:38.941+0000] {processor.py:753} INFO - DAG(s) dict_keys(['example_bash_operator']) retrieved from /home/airflow/.local/lib/python3.7/site-packages/airflow/example_dags/example_bash_operator.py
[2023-03-01T15:33:38.974+0000] {logging_mixin.py:137} INFO - [2023-03-01T15:33:38.974+0000] {dag.py:2690} INFO - Sync 1 DAGs
[2023-03-01T15:33:38.996+0000] {logging_mixin.py:137} INFO - [2023-03-01T15:33:38.996+0000] {dag.py:3441} INFO - Setting next_dagrun for example_bash_operator to 2023-02-28T00:00:00+00:00, run_after=2023-03-01T00:00:00+00:00
[2023-03-01T15:33:39.014+0000] {processor.py:175} INFO - Processing /home/airflow/.local/lib/python3.7/site-packages/airflow/example_dags/example_bash_operator.py took 0.092 seconds
[2023-03-01T15:34:09.879+0000] {processor.py:153} INFO - Started process (PID=2861) to work on /home/airflow/.local/lib/python3.7/site-packages/airflow/example_dags/example_bash_operator.py
[2023-03-01T15:34:09.880+0000] {processor.py:743} INFO - Processing file /home/airflow/.local/lib/python3.7/site-packages/airflow/example_dags/example_bash_operator.py for tasks to queue
[2023-03-01T15:34:09.881+0000] {logging_mixin.py:137} INFO - [2023-03-01T15:34:09.880+0000] {dagbag.py:538} INFO - Filling up the DagBag from /home/airflow/.local/lib/python3.7/site-packages/airflow/example_dags/example_bash_operator.py
[2023-03-01T15:34:09.897+0000] {processor.py:753} INFO - DAG(s) dict_keys(['example_bash_operator']) retrieved from /home/airflow/.local/lib/python3.7/site-packages/airflow/example_dags/example_bash_operator.py
[2023-03-01T15:34:09.929+0000] {logging_mixin.py:137} INFO - [2023-03-01T15:34:09.928+0000] {dag.py:2690} INFO - Sync 1 DAGs
[2023-03-01T15:34:09.955+0000] {logging_mixin.py:137} INFO - [2023-03-01T15:34:09.955+0000] {dag.py:3441} INFO - Setting next_dagrun for example_bash_operator to 2023-02-28T00:00:00+00:00, run_after=2023-03-01T00:00:00+00:00
[2023-03-01T15:34:09.974+0000] {processor.py:175} INFO - Processing /home/airflow/.local/lib/python3.7/site-packages/airflow/example_dags/example_bash_operator.py took 0.097 seconds
[2023-03-01T15:34:40.469+0000] {processor.py:153} INFO - Started process (PID=2941) to work on /home/airflow/.local/lib/python3.7/site-packages/airflow/example_dags/example_bash_operator.py
[2023-03-01T15:34:40.470+0000] {processor.py:743} INFO - Processing file /home/airflow/.local/lib/python3.7/site-packages/airflow/example_dags/example_bash_operator.py for tasks to queue
[2023-03-01T15:34:40.470+0000] {logging_mixin.py:137} INFO - [2023-03-01T15:34:40.470+0000] {dagbag.py:538} INFO - Filling up the DagBag from /home/airflow/.local/lib/python3.7/site-packages/airflow/example_dags/example_bash_operator.py
[2023-03-01T15:34:40.488+0000] {processor.py:753} INFO - DAG(s) dict_keys(['example_bash_operator']) retrieved from /home/airflow/.local/lib/python3.7/site-packages/airflow/example_dags/example_bash_operator.py
[2023-03-01T15:34:40.520+0000] {logging_mixin.py:137} INFO - [2023-03-01T15:34:40.520+0000] {dag.py:2690} INFO - Sync 1 DAGs
[2023-03-01T15:34:40.543+0000] {logging_mixin.py:137} INFO - [2023-03-01T15:34:40.543+0000] {dag.py:3441} INFO - Setting next_dagrun for example_bash_operator to 2023-02-28T00:00:00+00:00, run_after=2023-03-01T00:00:00+00:00
[2023-03-01T15:34:40.561+0000] {processor.py:175} INFO - Processing /home/airflow/.local/lib/python3.7/site-packages/airflow/example_dags/example_bash_operator.py took 0.094 seconds
[2023-03-01T15:35:11.017+0000] {processor.py:153} INFO - Started process (PID=3040) to work on /home/airflow/.local/lib/python3.7/site-packages/airflow/example_dags/example_bash_operator.py
[2023-03-01T15:35:11.018+0000] {processor.py:743} INFO - Processing file /home/airflow/.local/lib/python3.7/site-packages/airflow/example_dags/example_bash_operator.py for tasks to queue
[2023-03-01T15:35:11.018+0000] {logging_mixin.py:137} INFO - [2023-03-01T15:35:11.018+0000] {dagbag.py:538} INFO - Filling up the DagBag from /home/airflow/.local/lib/python3.7/site-packages/airflow/example_dags/example_bash_operator.py
[2023-03-01T15:35:11.035+0000] {processor.py:753} INFO - DAG(s) dict_keys(['example_bash_operator']) retrieved from /home/airflow/.local/lib/python3.7/site-packages/airflow/example_dags/example_bash_operator.py
[2023-03-01T15:35:11.066+0000] {logging_mixin.py:137} INFO - [2023-03-01T15:35:11.066+0000] {dag.py:2690} INFO - Sync 1 DAGs
[2023-03-01T15:35:11.089+0000] {logging_mixin.py:137} INFO - [2023-03-01T15:35:11.089+0000] {dag.py:3441} INFO - Setting next_dagrun for example_bash_operator to 2023-02-28T00:00:00+00:00, run_after=2023-03-01T00:00:00+00:00
[2023-03-01T15:35:11.106+0000] {processor.py:175} INFO - Processing /home/airflow/.local/lib/python3.7/site-packages/airflow/example_dags/example_bash_operator.py took 0.091 seconds
[2023-03-01T15:35:41.378+0000] {processor.py:153} INFO - Started process (PID=3119) to work on /home/airflow/.local/lib/python3.7/site-packages/airflow/example_dags/example_bash_operator.py
[2023-03-01T15:35:41.378+0000] {processor.py:743} INFO - Processing file /home/airflow/.local/lib/python3.7/site-packages/airflow/example_dags/example_bash_operator.py for tasks to queue
[2023-03-01T15:35:41.379+0000] {logging_mixin.py:137} INFO - [2023-03-01T15:35:41.379+0000] {dagbag.py:538} INFO - Filling up the DagBag from /home/airflow/.local/lib/python3.7/site-packages/airflow/example_dags/example_bash_operator.py
[2023-03-01T15:35:41.396+0000] {processor.py:753} INFO - DAG(s) dict_keys(['example_bash_operator']) retrieved from /home/airflow/.local/lib/python3.7/site-packages/airflow/example_dags/example_bash_operator.py
[2023-03-01T15:35:41.429+0000] {logging_mixin.py:137} INFO - [2023-03-01T15:35:41.429+0000] {dag.py:2690} INFO - Sync 1 DAGs
[2023-03-01T15:35:41.453+0000] {logging_mixin.py:137} INFO - [2023-03-01T15:35:41.453+0000] {dag.py:3441} INFO - Setting next_dagrun for example_bash_operator to 2023-02-28T00:00:00+00:00, run_after=2023-03-01T00:00:00+00:00
[2023-03-01T15:35:41.473+0000] {processor.py:175} INFO - Processing /home/airflow/.local/lib/python3.7/site-packages/airflow/example_dags/example_bash_operator.py took 0.098 seconds
[2023-03-01T15:36:12.129+0000] {processor.py:153} INFO - Started process (PID=3218) to work on /home/airflow/.local/lib/python3.7/site-packages/airflow/example_dags/example_bash_operator.py
[2023-03-01T15:36:12.130+0000] {processor.py:743} INFO - Processing file /home/airflow/.local/lib/python3.7/site-packages/airflow/example_dags/example_bash_operator.py for tasks to queue
[2023-03-01T15:36:12.130+0000] {logging_mixin.py:137} INFO - [2023-03-01T15:36:12.130+0000] {dagbag.py:538} INFO - Filling up the DagBag from /home/airflow/.local/lib/python3.7/site-packages/airflow/example_dags/example_bash_operator.py
[2023-03-01T15:36:12.146+0000] {processor.py:753} INFO - DAG(s) dict_keys(['example_bash_operator']) retrieved from /home/airflow/.local/lib/python3.7/site-packages/airflow/example_dags/example_bash_operator.py
[2023-03-01T15:36:12.180+0000] {logging_mixin.py:137} INFO - [2023-03-01T15:36:12.179+0000] {dag.py:2690} INFO - Sync 1 DAGs
[2023-03-01T15:36:12.202+0000] {logging_mixin.py:137} INFO - [2023-03-01T15:36:12.202+0000] {dag.py:3441} INFO - Setting next_dagrun for example_bash_operator to 2023-02-28T00:00:00+00:00, run_after=2023-03-01T00:00:00+00:00
[2023-03-01T15:36:12.221+0000] {processor.py:175} INFO - Processing /home/airflow/.local/lib/python3.7/site-packages/airflow/example_dags/example_bash_operator.py took 0.094 seconds
[2023-03-01T15:36:42.652+0000] {processor.py:153} INFO - Started process (PID=3297) to work on /home/airflow/.local/lib/python3.7/site-packages/airflow/example_dags/example_bash_operator.py
[2023-03-01T15:36:42.653+0000] {processor.py:743} INFO - Processing file /home/airflow/.local/lib/python3.7/site-packages/airflow/example_dags/example_bash_operator.py for tasks to queue
[2023-03-01T15:36:42.654+0000] {logging_mixin.py:137} INFO - [2023-03-01T15:36:42.653+0000] {dagbag.py:538} INFO - Filling up the DagBag from /home/airflow/.local/lib/python3.7/site-packages/airflow/example_dags/example_bash_operator.py
[2023-03-01T15:36:42.675+0000] {processor.py:753} INFO - DAG(s) dict_keys(['example_bash_operator']) retrieved from /home/airflow/.local/lib/python3.7/site-packages/airflow/example_dags/example_bash_operator.py
[2023-03-01T15:36:42.721+0000] {logging_mixin.py:137} INFO - [2023-03-01T15:36:42.721+0000] {dag.py:2690} INFO - Sync 1 DAGs
[2023-03-01T15:36:42.746+0000] {logging_mixin.py:137} INFO - [2023-03-01T15:36:42.746+0000] {dag.py:3441} INFO - Setting next_dagrun for example_bash_operator to 2023-02-28T00:00:00+00:00, run_after=2023-03-01T00:00:00+00:00
[2023-03-01T15:36:42.764+0000] {processor.py:175} INFO - Processing /home/airflow/.local/lib/python3.7/site-packages/airflow/example_dags/example_bash_operator.py took 0.116 seconds
[2023-03-01T15:37:13.460+0000] {processor.py:153} INFO - Started process (PID=3396) to work on /home/airflow/.local/lib/python3.7/site-packages/airflow/example_dags/example_bash_operator.py
[2023-03-01T15:37:13.461+0000] {processor.py:743} INFO - Processing file /home/airflow/.local/lib/python3.7/site-packages/airflow/example_dags/example_bash_operator.py for tasks to queue
[2023-03-01T15:37:13.462+0000] {logging_mixin.py:137} INFO - [2023-03-01T15:37:13.462+0000] {dagbag.py:538} INFO - Filling up the DagBag from /home/airflow/.local/lib/python3.7/site-packages/airflow/example_dags/example_bash_operator.py
[2023-03-01T15:37:13.480+0000] {processor.py:753} INFO - DAG(s) dict_keys(['example_bash_operator']) retrieved from /home/airflow/.local/lib/python3.7/site-packages/airflow/example_dags/example_bash_operator.py
[2023-03-01T15:37:13.512+0000] {logging_mixin.py:137} INFO - [2023-03-01T15:37:13.512+0000] {dag.py:2690} INFO - Sync 1 DAGs
[2023-03-01T15:37:13.536+0000] {logging_mixin.py:137} INFO - [2023-03-01T15:37:13.535+0000] {dag.py:3441} INFO - Setting next_dagrun for example_bash_operator to 2023-02-28T00:00:00+00:00, run_after=2023-03-01T00:00:00+00:00
[2023-03-01T15:37:13.553+0000] {processor.py:175} INFO - Processing /home/airflow/.local/lib/python3.7/site-packages/airflow/example_dags/example_bash_operator.py took 0.096 seconds
[2023-03-01T15:37:44.138+0000] {processor.py:153} INFO - Started process (PID=3475) to work on /home/airflow/.local/lib/python3.7/site-packages/airflow/example_dags/example_bash_operator.py
[2023-03-01T15:37:44.139+0000] {processor.py:743} INFO - Processing file /home/airflow/.local/lib/python3.7/site-packages/airflow/example_dags/example_bash_operator.py for tasks to queue
[2023-03-01T15:37:44.139+0000] {logging_mixin.py:137} INFO - [2023-03-01T15:37:44.139+0000] {dagbag.py:538} INFO - Filling up the DagBag from /home/airflow/.local/lib/python3.7/site-packages/airflow/example_dags/example_bash_operator.py
[2023-03-01T15:37:44.156+0000] {processor.py:753} INFO - DAG(s) dict_keys(['example_bash_operator']) retrieved from /home/airflow/.local/lib/python3.7/site-packages/airflow/example_dags/example_bash_operator.py
[2023-03-01T15:37:44.189+0000] {logging_mixin.py:137} INFO - [2023-03-01T15:37:44.189+0000] {dag.py:2690} INFO - Sync 1 DAGs
[2023-03-01T15:37:44.212+0000] {logging_mixin.py:137} INFO - [2023-03-01T15:37:44.212+0000] {dag.py:3441} INFO - Setting next_dagrun for example_bash_operator to 2023-02-28T00:00:00+00:00, run_after=2023-03-01T00:00:00+00:00
[2023-03-01T15:37:44.230+0000] {processor.py:175} INFO - Processing /home/airflow/.local/lib/python3.7/site-packages/airflow/example_dags/example_bash_operator.py took 0.095 seconds
[2023-03-01T15:38:14.645+0000] {processor.py:153} INFO - Started process (PID=3574) to work on /home/airflow/.local/lib/python3.7/site-packages/airflow/example_dags/example_bash_operator.py
[2023-03-01T15:38:14.645+0000] {processor.py:743} INFO - Processing file /home/airflow/.local/lib/python3.7/site-packages/airflow/example_dags/example_bash_operator.py for tasks to queue
[2023-03-01T15:38:14.646+0000] {logging_mixin.py:137} INFO - [2023-03-01T15:38:14.646+0000] {dagbag.py:538} INFO - Filling up the DagBag from /home/airflow/.local/lib/python3.7/site-packages/airflow/example_dags/example_bash_operator.py
[2023-03-01T15:38:14.663+0000] {processor.py:753} INFO - DAG(s) dict_keys(['example_bash_operator']) retrieved from /home/airflow/.local/lib/python3.7/site-packages/airflow/example_dags/example_bash_operator.py
[2023-03-01T15:38:14.695+0000] {logging_mixin.py:137} INFO - [2023-03-01T15:38:14.695+0000] {dag.py:2690} INFO - Sync 1 DAGs
[2023-03-01T15:38:14.720+0000] {logging_mixin.py:137} INFO - [2023-03-01T15:38:14.720+0000] {dag.py:3441} INFO - Setting next_dagrun for example_bash_operator to 2023-02-28T00:00:00+00:00, run_after=2023-03-01T00:00:00+00:00
[2023-03-01T15:38:14.738+0000] {processor.py:175} INFO - Processing /home/airflow/.local/lib/python3.7/site-packages/airflow/example_dags/example_bash_operator.py took 0.095 seconds
[2023-03-01T15:38:45.280+0000] {processor.py:153} INFO - Started process (PID=3653) to work on /home/airflow/.local/lib/python3.7/site-packages/airflow/example_dags/example_bash_operator.py
[2023-03-01T15:38:45.281+0000] {processor.py:743} INFO - Processing file /home/airflow/.local/lib/python3.7/site-packages/airflow/example_dags/example_bash_operator.py for tasks to queue
[2023-03-01T15:38:45.281+0000] {logging_mixin.py:137} INFO - [2023-03-01T15:38:45.281+0000] {dagbag.py:538} INFO - Filling up the DagBag from /home/airflow/.local/lib/python3.7/site-packages/airflow/example_dags/example_bash_operator.py
[2023-03-01T15:38:45.301+0000] {processor.py:753} INFO - DAG(s) dict_keys(['example_bash_operator']) retrieved from /home/airflow/.local/lib/python3.7/site-packages/airflow/example_dags/example_bash_operator.py
[2023-03-01T15:38:45.335+0000] {logging_mixin.py:137} INFO - [2023-03-01T15:38:45.335+0000] {dag.py:2690} INFO - Sync 1 DAGs
[2023-03-01T15:38:45.358+0000] {logging_mixin.py:137} INFO - [2023-03-01T15:38:45.358+0000] {dag.py:3441} INFO - Setting next_dagrun for example_bash_operator to 2023-02-28T00:00:00+00:00, run_after=2023-03-01T00:00:00+00:00
[2023-03-01T15:38:45.378+0000] {processor.py:175} INFO - Processing /home/airflow/.local/lib/python3.7/site-packages/airflow/example_dags/example_bash_operator.py took 0.101 seconds
[2023-03-01T15:39:15.610+0000] {processor.py:153} INFO - Started process (PID=3753) to work on /home/airflow/.local/lib/python3.7/site-packages/airflow/example_dags/example_bash_operator.py
[2023-03-01T15:39:15.611+0000] {processor.py:743} INFO - Processing file /home/airflow/.local/lib/python3.7/site-packages/airflow/example_dags/example_bash_operator.py for tasks to queue
[2023-03-01T15:39:15.611+0000] {logging_mixin.py:137} INFO - [2023-03-01T15:39:15.611+0000] {dagbag.py:538} INFO - Filling up the DagBag from /home/airflow/.local/lib/python3.7/site-packages/airflow/example_dags/example_bash_operator.py
[2023-03-01T15:39:15.628+0000] {processor.py:753} INFO - DAG(s) dict_keys(['example_bash_operator']) retrieved from /home/airflow/.local/lib/python3.7/site-packages/airflow/example_dags/example_bash_operator.py
[2023-03-01T15:39:15.661+0000] {logging_mixin.py:137} INFO - [2023-03-01T15:39:15.661+0000] {dag.py:2690} INFO - Sync 1 DAGs
[2023-03-01T15:39:15.685+0000] {logging_mixin.py:137} INFO - [2023-03-01T15:39:15.685+0000] {dag.py:3441} INFO - Setting next_dagrun for example_bash_operator to 2023-02-28T00:00:00+00:00, run_after=2023-03-01T00:00:00+00:00
[2023-03-01T15:39:15.704+0000] {processor.py:175} INFO - Processing /home/airflow/.local/lib/python3.7/site-packages/airflow/example_dags/example_bash_operator.py took 0.097 seconds
[2023-03-01T15:39:46.237+0000] {processor.py:153} INFO - Started process (PID=3841) to work on /home/airflow/.local/lib/python3.7/site-packages/airflow/example_dags/example_bash_operator.py
[2023-03-01T15:39:46.238+0000] {processor.py:743} INFO - Processing file /home/airflow/.local/lib/python3.7/site-packages/airflow/example_dags/example_bash_operator.py for tasks to queue
[2023-03-01T15:39:46.238+0000] {logging_mixin.py:137} INFO - [2023-03-01T15:39:46.238+0000] {dagbag.py:538} INFO - Filling up the DagBag from /home/airflow/.local/lib/python3.7/site-packages/airflow/example_dags/example_bash_operator.py
[2023-03-01T15:39:46.257+0000] {processor.py:753} INFO - DAG(s) dict_keys(['example_bash_operator']) retrieved from /home/airflow/.local/lib/python3.7/site-packages/airflow/example_dags/example_bash_operator.py
[2023-03-01T15:39:46.298+0000] {logging_mixin.py:137} INFO - [2023-03-01T15:39:46.298+0000] {dag.py:2690} INFO - Sync 1 DAGs
[2023-03-01T15:39:46.324+0000] {logging_mixin.py:137} INFO - [2023-03-01T15:39:46.324+0000] {dag.py:3441} INFO - Setting next_dagrun for example_bash_operator to 2023-02-28T00:00:00+00:00, run_after=2023-03-01T00:00:00+00:00
[2023-03-01T15:39:46.343+0000] {processor.py:175} INFO - Processing /home/airflow/.local/lib/python3.7/site-packages/airflow/example_dags/example_bash_operator.py took 0.109 seconds
[2023-03-01T15:40:16.871+0000] {processor.py:153} INFO - Started process (PID=3931) to work on /home/airflow/.local/lib/python3.7/site-packages/airflow/example_dags/example_bash_operator.py
[2023-03-01T15:40:16.871+0000] {processor.py:743} INFO - Processing file /home/airflow/.local/lib/python3.7/site-packages/airflow/example_dags/example_bash_operator.py for tasks to queue
[2023-03-01T15:40:16.872+0000] {logging_mixin.py:137} INFO - [2023-03-01T15:40:16.872+0000] {dagbag.py:538} INFO - Filling up the DagBag from /home/airflow/.local/lib/python3.7/site-packages/airflow/example_dags/example_bash_operator.py
[2023-03-01T15:40:16.888+0000] {processor.py:753} INFO - DAG(s) dict_keys(['example_bash_operator']) retrieved from /home/airflow/.local/lib/python3.7/site-packages/airflow/example_dags/example_bash_operator.py
[2023-03-01T15:40:16.919+0000] {logging_mixin.py:137} INFO - [2023-03-01T15:40:16.919+0000] {dag.py:2690} INFO - Sync 1 DAGs
[2023-03-01T15:40:16.943+0000] {logging_mixin.py:137} INFO - [2023-03-01T15:40:16.943+0000] {dag.py:3441} INFO - Setting next_dagrun for example_bash_operator to 2023-02-28T00:00:00+00:00, run_after=2023-03-01T00:00:00+00:00
[2023-03-01T15:40:16.960+0000] {processor.py:175} INFO - Processing /home/airflow/.local/lib/python3.7/site-packages/airflow/example_dags/example_bash_operator.py took 0.092 seconds
[2023-03-01T15:40:47.648+0000] {processor.py:153} INFO - Started process (PID=4030) to work on /home/airflow/.local/lib/python3.7/site-packages/airflow/example_dags/example_bash_operator.py
[2023-03-01T15:40:47.649+0000] {processor.py:743} INFO - Processing file /home/airflow/.local/lib/python3.7/site-packages/airflow/example_dags/example_bash_operator.py for tasks to queue
[2023-03-01T15:40:47.650+0000] {logging_mixin.py:137} INFO - [2023-03-01T15:40:47.649+0000] {dagbag.py:538} INFO - Filling up the DagBag from /home/airflow/.local/lib/python3.7/site-packages/airflow/example_dags/example_bash_operator.py
[2023-03-01T15:40:47.668+0000] {processor.py:753} INFO - DAG(s) dict_keys(['example_bash_operator']) retrieved from /home/airflow/.local/lib/python3.7/site-packages/airflow/example_dags/example_bash_operator.py
[2023-03-01T15:40:47.703+0000] {logging_mixin.py:137} INFO - [2023-03-01T15:40:47.703+0000] {dag.py:2690} INFO - Sync 1 DAGs
[2023-03-01T15:40:47.730+0000] {logging_mixin.py:137} INFO - [2023-03-01T15:40:47.730+0000] {dag.py:3441} INFO - Setting next_dagrun for example_bash_operator to 2023-02-28T00:00:00+00:00, run_after=2023-03-01T00:00:00+00:00
[2023-03-01T15:40:47.752+0000] {processor.py:175} INFO - Processing /home/airflow/.local/lib/python3.7/site-packages/airflow/example_dags/example_bash_operator.py took 0.106 seconds
[2023-03-01T15:41:18.419+0000] {processor.py:153} INFO - Started process (PID=4109) to work on /home/airflow/.local/lib/python3.7/site-packages/airflow/example_dags/example_bash_operator.py
[2023-03-01T15:41:18.420+0000] {processor.py:743} INFO - Processing file /home/airflow/.local/lib/python3.7/site-packages/airflow/example_dags/example_bash_operator.py for tasks to queue
[2023-03-01T15:41:18.420+0000] {logging_mixin.py:137} INFO - [2023-03-01T15:41:18.420+0000] {dagbag.py:538} INFO - Filling up the DagBag from /home/airflow/.local/lib/python3.7/site-packages/airflow/example_dags/example_bash_operator.py
[2023-03-01T15:41:18.437+0000] {processor.py:753} INFO - DAG(s) dict_keys(['example_bash_operator']) retrieved from /home/airflow/.local/lib/python3.7/site-packages/airflow/example_dags/example_bash_operator.py
[2023-03-01T15:41:18.469+0000] {logging_mixin.py:137} INFO - [2023-03-01T15:41:18.468+0000] {dag.py:2690} INFO - Sync 1 DAGs
[2023-03-01T15:41:18.492+0000] {logging_mixin.py:137} INFO - [2023-03-01T15:41:18.492+0000] {dag.py:3441} INFO - Setting next_dagrun for example_bash_operator to 2023-02-28T00:00:00+00:00, run_after=2023-03-01T00:00:00+00:00
[2023-03-01T15:41:18.508+0000] {processor.py:175} INFO - Processing /home/airflow/.local/lib/python3.7/site-packages/airflow/example_dags/example_bash_operator.py took 0.092 seconds
[2023-03-01T15:41:48.903+0000] {processor.py:153} INFO - Started process (PID=4208) to work on /home/airflow/.local/lib/python3.7/site-packages/airflow/example_dags/example_bash_operator.py
[2023-03-01T15:41:48.903+0000] {processor.py:743} INFO - Processing file /home/airflow/.local/lib/python3.7/site-packages/airflow/example_dags/example_bash_operator.py for tasks to queue
[2023-03-01T15:41:48.904+0000] {logging_mixin.py:137} INFO - [2023-03-01T15:41:48.904+0000] {dagbag.py:538} INFO - Filling up the DagBag from /home/airflow/.local/lib/python3.7/site-packages/airflow/example_dags/example_bash_operator.py
[2023-03-01T15:41:48.923+0000] {processor.py:753} INFO - DAG(s) dict_keys(['example_bash_operator']) retrieved from /home/airflow/.local/lib/python3.7/site-packages/airflow/example_dags/example_bash_operator.py
[2023-03-01T15:41:48.955+0000] {logging_mixin.py:137} INFO - [2023-03-01T15:41:48.955+0000] {dag.py:2690} INFO - Sync 1 DAGs
[2023-03-01T15:41:48.981+0000] {logging_mixin.py:137} INFO - [2023-03-01T15:41:48.981+0000] {dag.py:3441} INFO - Setting next_dagrun for example_bash_operator to 2023-02-28T00:00:00+00:00, run_after=2023-03-01T00:00:00+00:00
[2023-03-01T15:41:49.002+0000] {processor.py:175} INFO - Processing /home/airflow/.local/lib/python3.7/site-packages/airflow/example_dags/example_bash_operator.py took 0.102 seconds
[2023-03-01T15:42:19.638+0000] {processor.py:153} INFO - Started process (PID=4287) to work on /home/airflow/.local/lib/python3.7/site-packages/airflow/example_dags/example_bash_operator.py
[2023-03-01T15:42:19.638+0000] {processor.py:743} INFO - Processing file /home/airflow/.local/lib/python3.7/site-packages/airflow/example_dags/example_bash_operator.py for tasks to queue
[2023-03-01T15:42:19.639+0000] {logging_mixin.py:137} INFO - [2023-03-01T15:42:19.639+0000] {dagbag.py:538} INFO - Filling up the DagBag from /home/airflow/.local/lib/python3.7/site-packages/airflow/example_dags/example_bash_operator.py
[2023-03-01T15:42:19.659+0000] {processor.py:753} INFO - DAG(s) dict_keys(['example_bash_operator']) retrieved from /home/airflow/.local/lib/python3.7/site-packages/airflow/example_dags/example_bash_operator.py
[2023-03-01T15:42:19.690+0000] {logging_mixin.py:137} INFO - [2023-03-01T15:42:19.690+0000] {dag.py:2690} INFO - Sync 1 DAGs
[2023-03-01T15:42:19.713+0000] {logging_mixin.py:137} INFO - [2023-03-01T15:42:19.713+0000] {dag.py:3441} INFO - Setting next_dagrun for example_bash_operator to 2023-02-28T00:00:00+00:00, run_after=2023-03-01T00:00:00+00:00
[2023-03-01T15:42:19.731+0000] {processor.py:175} INFO - Processing /home/airflow/.local/lib/python3.7/site-packages/airflow/example_dags/example_bash_operator.py took 0.095 seconds
[2023-03-01T15:42:50.400+0000] {processor.py:153} INFO - Started process (PID=4386) to work on /home/airflow/.local/lib/python3.7/site-packages/airflow/example_dags/example_bash_operator.py
[2023-03-01T15:42:50.401+0000] {processor.py:743} INFO - Processing file /home/airflow/.local/lib/python3.7/site-packages/airflow/example_dags/example_bash_operator.py for tasks to queue
[2023-03-01T15:42:50.401+0000] {logging_mixin.py:137} INFO - [2023-03-01T15:42:50.401+0000] {dagbag.py:538} INFO - Filling up the DagBag from /home/airflow/.local/lib/python3.7/site-packages/airflow/example_dags/example_bash_operator.py
[2023-03-01T15:42:50.418+0000] {processor.py:753} INFO - DAG(s) dict_keys(['example_bash_operator']) retrieved from /home/airflow/.local/lib/python3.7/site-packages/airflow/example_dags/example_bash_operator.py
[2023-03-01T15:42:50.451+0000] {logging_mixin.py:137} INFO - [2023-03-01T15:42:50.450+0000] {dag.py:2690} INFO - Sync 1 DAGs
[2023-03-01T15:42:50.476+0000] {logging_mixin.py:137} INFO - [2023-03-01T15:42:50.476+0000] {dag.py:3441} INFO - Setting next_dagrun for example_bash_operator to 2023-02-28T00:00:00+00:00, run_after=2023-03-01T00:00:00+00:00
[2023-03-01T15:42:50.496+0000] {processor.py:175} INFO - Processing /home/airflow/.local/lib/python3.7/site-packages/airflow/example_dags/example_bash_operator.py took 0.098 seconds
[2023-03-01T20:03:09.949+0000] {processor.py:153} INFO - Started process (PID=80) to work on /home/airflow/.local/lib/python3.7/site-packages/airflow/example_dags/example_bash_operator.py
[2023-03-01T20:03:09.950+0000] {processor.py:743} INFO - Processing file /home/airflow/.local/lib/python3.7/site-packages/airflow/example_dags/example_bash_operator.py for tasks to queue
[2023-03-01T20:03:09.951+0000] {logging_mixin.py:137} INFO - [2023-03-01T20:03:09.951+0000] {dagbag.py:538} INFO - Filling up the DagBag from /home/airflow/.local/lib/python3.7/site-packages/airflow/example_dags/example_bash_operator.py
[2023-03-01T20:03:09.978+0000] {processor.py:753} INFO - DAG(s) dict_keys(['example_bash_operator']) retrieved from /home/airflow/.local/lib/python3.7/site-packages/airflow/example_dags/example_bash_operator.py
[2023-03-01T20:03:09.991+0000] {logging_mixin.py:137} INFO - [2023-03-01T20:03:09.991+0000] {dag.py:2690} INFO - Sync 1 DAGs
[2023-03-01T20:03:10.019+0000] {logging_mixin.py:137} INFO - [2023-03-01T20:03:10.018+0000] {dag.py:3441} INFO - Setting next_dagrun for example_bash_operator to 2023-02-28T00:00:00+00:00, run_after=2023-03-01T00:00:00+00:00
[2023-03-01T20:03:10.041+0000] {processor.py:175} INFO - Processing /home/airflow/.local/lib/python3.7/site-packages/airflow/example_dags/example_bash_operator.py took 0.096 seconds
[2023-03-01T20:03:40.995+0000] {processor.py:153} INFO - Started process (PID=170) to work on /home/airflow/.local/lib/python3.7/site-packages/airflow/example_dags/example_bash_operator.py
[2023-03-01T20:03:40.995+0000] {processor.py:743} INFO - Processing file /home/airflow/.local/lib/python3.7/site-packages/airflow/example_dags/example_bash_operator.py for tasks to queue
[2023-03-01T20:03:40.996+0000] {logging_mixin.py:137} INFO - [2023-03-01T20:03:40.996+0000] {dagbag.py:538} INFO - Filling up the DagBag from /home/airflow/.local/lib/python3.7/site-packages/airflow/example_dags/example_bash_operator.py
[2023-03-01T20:03:41.011+0000] {processor.py:753} INFO - DAG(s) dict_keys(['example_bash_operator']) retrieved from /home/airflow/.local/lib/python3.7/site-packages/airflow/example_dags/example_bash_operator.py
[2023-03-01T20:03:41.044+0000] {logging_mixin.py:137} INFO - [2023-03-01T20:03:41.044+0000] {dag.py:2690} INFO - Sync 1 DAGs
[2023-03-01T20:03:41.069+0000] {logging_mixin.py:137} INFO - [2023-03-01T20:03:41.069+0000] {dag.py:3441} INFO - Setting next_dagrun for example_bash_operator to 2023-02-28T00:00:00+00:00, run_after=2023-03-01T00:00:00+00:00
[2023-03-01T20:03:41.085+0000] {processor.py:175} INFO - Processing /home/airflow/.local/lib/python3.7/site-packages/airflow/example_dags/example_bash_operator.py took 0.094 seconds
[2023-03-01T20:04:11.584+0000] {processor.py:153} INFO - Started process (PID=255) to work on /home/airflow/.local/lib/python3.7/site-packages/airflow/example_dags/example_bash_operator.py
[2023-03-01T20:04:11.585+0000] {processor.py:743} INFO - Processing file /home/airflow/.local/lib/python3.7/site-packages/airflow/example_dags/example_bash_operator.py for tasks to queue
[2023-03-01T20:04:11.585+0000] {logging_mixin.py:137} INFO - [2023-03-01T20:04:11.585+0000] {dagbag.py:538} INFO - Filling up the DagBag from /home/airflow/.local/lib/python3.7/site-packages/airflow/example_dags/example_bash_operator.py
[2023-03-01T20:04:11.604+0000] {processor.py:753} INFO - DAG(s) dict_keys(['example_bash_operator']) retrieved from /home/airflow/.local/lib/python3.7/site-packages/airflow/example_dags/example_bash_operator.py
[2023-03-01T20:04:11.647+0000] {logging_mixin.py:137} INFO - [2023-03-01T20:04:11.647+0000] {dag.py:2690} INFO - Sync 1 DAGs
[2023-03-01T20:04:11.679+0000] {logging_mixin.py:137} INFO - [2023-03-01T20:04:11.678+0000] {dag.py:3441} INFO - Setting next_dagrun for example_bash_operator to 2023-02-28T00:00:00+00:00, run_after=2023-03-01T00:00:00+00:00
[2023-03-01T20:04:11.703+0000] {processor.py:175} INFO - Processing /home/airflow/.local/lib/python3.7/site-packages/airflow/example_dags/example_bash_operator.py took 0.121 seconds
[2023-03-01T20:04:41.967+0000] {processor.py:153} INFO - Started process (PID=348) to work on /home/airflow/.local/lib/python3.7/site-packages/airflow/example_dags/example_bash_operator.py
[2023-03-01T20:04:41.968+0000] {processor.py:743} INFO - Processing file /home/airflow/.local/lib/python3.7/site-packages/airflow/example_dags/example_bash_operator.py for tasks to queue
[2023-03-01T20:04:41.968+0000] {logging_mixin.py:137} INFO - [2023-03-01T20:04:41.968+0000] {dagbag.py:538} INFO - Filling up the DagBag from /home/airflow/.local/lib/python3.7/site-packages/airflow/example_dags/example_bash_operator.py
[2023-03-01T20:04:41.984+0000] {processor.py:753} INFO - DAG(s) dict_keys(['example_bash_operator']) retrieved from /home/airflow/.local/lib/python3.7/site-packages/airflow/example_dags/example_bash_operator.py
[2023-03-01T20:04:42.016+0000] {logging_mixin.py:137} INFO - [2023-03-01T20:04:42.016+0000] {dag.py:2690} INFO - Sync 1 DAGs
[2023-03-01T20:04:42.040+0000] {logging_mixin.py:137} INFO - [2023-03-01T20:04:42.040+0000] {dag.py:3441} INFO - Setting next_dagrun for example_bash_operator to 2023-02-28T00:00:00+00:00, run_after=2023-03-01T00:00:00+00:00
[2023-03-01T20:04:42.058+0000] {processor.py:175} INFO - Processing /home/airflow/.local/lib/python3.7/site-packages/airflow/example_dags/example_bash_operator.py took 0.093 seconds
[2023-03-01T20:05:12.545+0000] {processor.py:153} INFO - Started process (PID=427) to work on /home/airflow/.local/lib/python3.7/site-packages/airflow/example_dags/example_bash_operator.py
[2023-03-01T20:05:12.545+0000] {processor.py:743} INFO - Processing file /home/airflow/.local/lib/python3.7/site-packages/airflow/example_dags/example_bash_operator.py for tasks to queue
[2023-03-01T20:05:12.546+0000] {logging_mixin.py:137} INFO - [2023-03-01T20:05:12.546+0000] {dagbag.py:538} INFO - Filling up the DagBag from /home/airflow/.local/lib/python3.7/site-packages/airflow/example_dags/example_bash_operator.py
[2023-03-01T20:05:12.564+0000] {processor.py:753} INFO - DAG(s) dict_keys(['example_bash_operator']) retrieved from /home/airflow/.local/lib/python3.7/site-packages/airflow/example_dags/example_bash_operator.py
[2023-03-01T20:05:12.595+0000] {logging_mixin.py:137} INFO - [2023-03-01T20:05:12.595+0000] {dag.py:2690} INFO - Sync 1 DAGs
[2023-03-01T20:05:12.618+0000] {logging_mixin.py:137} INFO - [2023-03-01T20:05:12.618+0000] {dag.py:3441} INFO - Setting next_dagrun for example_bash_operator to 2023-02-28T00:00:00+00:00, run_after=2023-03-01T00:00:00+00:00
[2023-03-01T20:05:12.636+0000] {processor.py:175} INFO - Processing /home/airflow/.local/lib/python3.7/site-packages/airflow/example_dags/example_bash_operator.py took 0.094 seconds
[2023-03-01T20:05:43.038+0000] {processor.py:153} INFO - Started process (PID=526) to work on /home/airflow/.local/lib/python3.7/site-packages/airflow/example_dags/example_bash_operator.py
[2023-03-01T20:05:43.038+0000] {processor.py:743} INFO - Processing file /home/airflow/.local/lib/python3.7/site-packages/airflow/example_dags/example_bash_operator.py for tasks to queue
[2023-03-01T20:05:43.039+0000] {logging_mixin.py:137} INFO - [2023-03-01T20:05:43.039+0000] {dagbag.py:538} INFO - Filling up the DagBag from /home/airflow/.local/lib/python3.7/site-packages/airflow/example_dags/example_bash_operator.py
[2023-03-01T20:05:43.055+0000] {processor.py:753} INFO - DAG(s) dict_keys(['example_bash_operator']) retrieved from /home/airflow/.local/lib/python3.7/site-packages/airflow/example_dags/example_bash_operator.py
[2023-03-01T20:05:43.087+0000] {logging_mixin.py:137} INFO - [2023-03-01T20:05:43.087+0000] {dag.py:2690} INFO - Sync 1 DAGs
[2023-03-01T20:05:43.110+0000] {logging_mixin.py:137} INFO - [2023-03-01T20:05:43.110+0000] {dag.py:3441} INFO - Setting next_dagrun for example_bash_operator to 2023-02-28T00:00:00+00:00, run_after=2023-03-01T00:00:00+00:00
[2023-03-01T20:05:43.128+0000] {processor.py:175} INFO - Processing /home/airflow/.local/lib/python3.7/site-packages/airflow/example_dags/example_bash_operator.py took 0.093 seconds
[2023-03-01T20:06:13.717+0000] {processor.py:153} INFO - Started process (PID=614) to work on /home/airflow/.local/lib/python3.7/site-packages/airflow/example_dags/example_bash_operator.py
[2023-03-01T20:06:13.718+0000] {processor.py:743} INFO - Processing file /home/airflow/.local/lib/python3.7/site-packages/airflow/example_dags/example_bash_operator.py for tasks to queue
[2023-03-01T20:06:13.718+0000] {logging_mixin.py:137} INFO - [2023-03-01T20:06:13.718+0000] {dagbag.py:538} INFO - Filling up the DagBag from /home/airflow/.local/lib/python3.7/site-packages/airflow/example_dags/example_bash_operator.py
[2023-03-01T20:06:13.735+0000] {processor.py:753} INFO - DAG(s) dict_keys(['example_bash_operator']) retrieved from /home/airflow/.local/lib/python3.7/site-packages/airflow/example_dags/example_bash_operator.py
[2023-03-01T20:06:13.769+0000] {logging_mixin.py:137} INFO - [2023-03-01T20:06:13.769+0000] {dag.py:2690} INFO - Sync 1 DAGs
[2023-03-01T20:06:13.793+0000] {logging_mixin.py:137} INFO - [2023-03-01T20:06:13.793+0000] {dag.py:3441} INFO - Setting next_dagrun for example_bash_operator to 2023-02-28T00:00:00+00:00, run_after=2023-03-01T00:00:00+00:00
[2023-03-01T20:06:13.811+0000] {processor.py:175} INFO - Processing /home/airflow/.local/lib/python3.7/site-packages/airflow/example_dags/example_bash_operator.py took 0.097 seconds
[2023-03-01T20:06:44.033+0000] {processor.py:153} INFO - Started process (PID=705) to work on /home/airflow/.local/lib/python3.7/site-packages/airflow/example_dags/example_bash_operator.py
[2023-03-01T20:06:44.033+0000] {processor.py:743} INFO - Processing file /home/airflow/.local/lib/python3.7/site-packages/airflow/example_dags/example_bash_operator.py for tasks to queue
[2023-03-01T20:06:44.034+0000] {logging_mixin.py:137} INFO - [2023-03-01T20:06:44.034+0000] {dagbag.py:538} INFO - Filling up the DagBag from /home/airflow/.local/lib/python3.7/site-packages/airflow/example_dags/example_bash_operator.py
[2023-03-01T20:06:44.050+0000] {processor.py:753} INFO - DAG(s) dict_keys(['example_bash_operator']) retrieved from /home/airflow/.local/lib/python3.7/site-packages/airflow/example_dags/example_bash_operator.py
[2023-03-01T20:06:44.084+0000] {logging_mixin.py:137} INFO - [2023-03-01T20:06:44.084+0000] {dag.py:2690} INFO - Sync 1 DAGs
[2023-03-01T20:06:44.109+0000] {logging_mixin.py:137} INFO - [2023-03-01T20:06:44.108+0000] {dag.py:3441} INFO - Setting next_dagrun for example_bash_operator to 2023-02-28T00:00:00+00:00, run_after=2023-03-01T00:00:00+00:00
[2023-03-01T20:06:44.125+0000] {processor.py:175} INFO - Processing /home/airflow/.local/lib/python3.7/site-packages/airflow/example_dags/example_bash_operator.py took 0.095 seconds
[2023-03-01T20:07:14.828+0000] {processor.py:153} INFO - Started process (PID=803) to work on /home/airflow/.local/lib/python3.7/site-packages/airflow/example_dags/example_bash_operator.py
[2023-03-01T20:07:14.829+0000] {processor.py:743} INFO - Processing file /home/airflow/.local/lib/python3.7/site-packages/airflow/example_dags/example_bash_operator.py for tasks to queue
[2023-03-01T20:07:14.830+0000] {logging_mixin.py:137} INFO - [2023-03-01T20:07:14.829+0000] {dagbag.py:538} INFO - Filling up the DagBag from /home/airflow/.local/lib/python3.7/site-packages/airflow/example_dags/example_bash_operator.py
[2023-03-01T20:07:14.847+0000] {processor.py:753} INFO - DAG(s) dict_keys(['example_bash_operator']) retrieved from /home/airflow/.local/lib/python3.7/site-packages/airflow/example_dags/example_bash_operator.py
[2023-03-01T20:07:14.879+0000] {logging_mixin.py:137} INFO - [2023-03-01T20:07:14.879+0000] {dag.py:2690} INFO - Sync 1 DAGs
[2023-03-01T20:07:14.901+0000] {logging_mixin.py:137} INFO - [2023-03-01T20:07:14.901+0000] {dag.py:3441} INFO - Setting next_dagrun for example_bash_operator to 2023-02-28T00:00:00+00:00, run_after=2023-03-01T00:00:00+00:00
[2023-03-01T20:07:14.918+0000] {processor.py:175} INFO - Processing /home/airflow/.local/lib/python3.7/site-packages/airflow/example_dags/example_bash_operator.py took 0.092 seconds
[2023-03-01T20:07:45.609+0000] {processor.py:153} INFO - Started process (PID=882) to work on /home/airflow/.local/lib/python3.7/site-packages/airflow/example_dags/example_bash_operator.py
[2023-03-01T20:07:45.610+0000] {processor.py:743} INFO - Processing file /home/airflow/.local/lib/python3.7/site-packages/airflow/example_dags/example_bash_operator.py for tasks to queue
[2023-03-01T20:07:45.610+0000] {logging_mixin.py:137} INFO - [2023-03-01T20:07:45.610+0000] {dagbag.py:538} INFO - Filling up the DagBag from /home/airflow/.local/lib/python3.7/site-packages/airflow/example_dags/example_bash_operator.py
[2023-03-01T20:07:45.629+0000] {processor.py:753} INFO - DAG(s) dict_keys(['example_bash_operator']) retrieved from /home/airflow/.local/lib/python3.7/site-packages/airflow/example_dags/example_bash_operator.py
[2023-03-01T20:07:45.663+0000] {logging_mixin.py:137} INFO - [2023-03-01T20:07:45.663+0000] {dag.py:2690} INFO - Sync 1 DAGs
[2023-03-01T20:07:45.686+0000] {logging_mixin.py:137} INFO - [2023-03-01T20:07:45.686+0000] {dag.py:3441} INFO - Setting next_dagrun for example_bash_operator to 2023-02-28T00:00:00+00:00, run_after=2023-03-01T00:00:00+00:00
[2023-03-01T20:07:45.705+0000] {processor.py:175} INFO - Processing /home/airflow/.local/lib/python3.7/site-packages/airflow/example_dags/example_bash_operator.py took 0.098 seconds
