[2023-03-01T15:18:18.329+0000] {processor.py:153} INFO - Started process (PID=66) to work on /home/airflow/.local/lib/python3.7/site-packages/airflow/example_dags/example_local_kubernetes_executor.py
[2023-03-01T15:18:18.330+0000] {processor.py:743} INFO - Processing file /home/airflow/.local/lib/python3.7/site-packages/airflow/example_dags/example_local_kubernetes_executor.py for tasks to queue
[2023-03-01T15:18:18.331+0000] {logging_mixin.py:137} INFO - [2023-03-01T15:18:18.331+0000] {dagbag.py:538} INFO - Filling up the DagBag from /home/airflow/.local/lib/python3.7/site-packages/airflow/example_dags/example_local_kubernetes_executor.py
[2023-03-01T15:18:18.376+0000] {processor.py:753} INFO - DAG(s) dict_keys(['example_local_kubernetes_executor']) retrieved from /home/airflow/.local/lib/python3.7/site-packages/airflow/example_dags/example_local_kubernetes_executor.py
[2023-03-01T15:18:18.391+0000] {logging_mixin.py:137} INFO - [2023-03-01T15:18:18.390+0000] {dag.py:2690} INFO - Sync 1 DAGs
[2023-03-01T15:18:18.420+0000] {logging_mixin.py:137} INFO - [2023-03-01T15:18:18.420+0000] {dag.py:3441} INFO - Setting next_dagrun for example_local_kubernetes_executor to None, run_after=None
[2023-03-01T15:18:18.445+0000] {processor.py:175} INFO - Processing /home/airflow/.local/lib/python3.7/site-packages/airflow/example_dags/example_local_kubernetes_executor.py took 0.122 seconds
[2023-03-01T15:18:48.589+0000] {processor.py:153} INFO - Started process (PID=156) to work on /home/airflow/.local/lib/python3.7/site-packages/airflow/example_dags/example_local_kubernetes_executor.py
[2023-03-01T15:18:48.590+0000] {processor.py:743} INFO - Processing file /home/airflow/.local/lib/python3.7/site-packages/airflow/example_dags/example_local_kubernetes_executor.py for tasks to queue
[2023-03-01T15:18:48.590+0000] {logging_mixin.py:137} INFO - [2023-03-01T15:18:48.590+0000] {dagbag.py:538} INFO - Filling up the DagBag from /home/airflow/.local/lib/python3.7/site-packages/airflow/example_dags/example_local_kubernetes_executor.py
[2023-03-01T15:18:48.608+0000] {processor.py:753} INFO - DAG(s) dict_keys(['example_local_kubernetes_executor']) retrieved from /home/airflow/.local/lib/python3.7/site-packages/airflow/example_dags/example_local_kubernetes_executor.py
[2023-03-01T15:18:48.634+0000] {logging_mixin.py:137} INFO - [2023-03-01T15:18:48.634+0000] {dag.py:2690} INFO - Sync 1 DAGs
[2023-03-01T15:18:48.656+0000] {logging_mixin.py:137} INFO - [2023-03-01T15:18:48.655+0000] {dag.py:3441} INFO - Setting next_dagrun for example_local_kubernetes_executor to None, run_after=None
[2023-03-01T15:18:48.674+0000] {processor.py:175} INFO - Processing /home/airflow/.local/lib/python3.7/site-packages/airflow/example_dags/example_local_kubernetes_executor.py took 0.087 seconds
[2023-03-01T15:19:19.265+0000] {processor.py:153} INFO - Started process (PID=235) to work on /home/airflow/.local/lib/python3.7/site-packages/airflow/example_dags/example_local_kubernetes_executor.py
[2023-03-01T15:19:19.266+0000] {processor.py:743} INFO - Processing file /home/airflow/.local/lib/python3.7/site-packages/airflow/example_dags/example_local_kubernetes_executor.py for tasks to queue
[2023-03-01T15:19:19.267+0000] {logging_mixin.py:137} INFO - [2023-03-01T15:19:19.267+0000] {dagbag.py:538} INFO - Filling up the DagBag from /home/airflow/.local/lib/python3.7/site-packages/airflow/example_dags/example_local_kubernetes_executor.py
[2023-03-01T15:19:19.285+0000] {processor.py:753} INFO - DAG(s) dict_keys(['example_local_kubernetes_executor']) retrieved from /home/airflow/.local/lib/python3.7/site-packages/airflow/example_dags/example_local_kubernetes_executor.py
[2023-03-01T15:19:19.308+0000] {logging_mixin.py:137} INFO - [2023-03-01T15:19:19.308+0000] {dag.py:2690} INFO - Sync 1 DAGs
[2023-03-01T15:19:19.332+0000] {logging_mixin.py:137} INFO - [2023-03-01T15:19:19.332+0000] {dag.py:3441} INFO - Setting next_dagrun for example_local_kubernetes_executor to None, run_after=None
[2023-03-01T15:19:19.352+0000] {processor.py:175} INFO - Processing /home/airflow/.local/lib/python3.7/site-packages/airflow/example_dags/example_local_kubernetes_executor.py took 0.089 seconds
[2023-03-01T15:19:50.342+0000] {processor.py:153} INFO - Started process (PID=334) to work on /home/airflow/.local/lib/python3.7/site-packages/airflow/example_dags/example_local_kubernetes_executor.py
[2023-03-01T15:19:50.343+0000] {processor.py:743} INFO - Processing file /home/airflow/.local/lib/python3.7/site-packages/airflow/example_dags/example_local_kubernetes_executor.py for tasks to queue
[2023-03-01T15:19:50.344+0000] {logging_mixin.py:137} INFO - [2023-03-01T15:19:50.344+0000] {dagbag.py:538} INFO - Filling up the DagBag from /home/airflow/.local/lib/python3.7/site-packages/airflow/example_dags/example_local_kubernetes_executor.py
[2023-03-01T15:19:50.364+0000] {processor.py:753} INFO - DAG(s) dict_keys(['example_local_kubernetes_executor']) retrieved from /home/airflow/.local/lib/python3.7/site-packages/airflow/example_dags/example_local_kubernetes_executor.py
[2023-03-01T15:19:50.393+0000] {logging_mixin.py:137} INFO - [2023-03-01T15:19:50.392+0000] {dag.py:2690} INFO - Sync 1 DAGs
[2023-03-01T15:19:50.420+0000] {logging_mixin.py:137} INFO - [2023-03-01T15:19:50.420+0000] {dag.py:3441} INFO - Setting next_dagrun for example_local_kubernetes_executor to None, run_after=None
[2023-03-01T15:19:50.439+0000] {processor.py:175} INFO - Processing /home/airflow/.local/lib/python3.7/site-packages/airflow/example_dags/example_local_kubernetes_executor.py took 0.099 seconds
[2023-03-01T15:20:20.915+0000] {processor.py:153} INFO - Started process (PID=413) to work on /home/airflow/.local/lib/python3.7/site-packages/airflow/example_dags/example_local_kubernetes_executor.py
[2023-03-01T15:20:20.916+0000] {processor.py:743} INFO - Processing file /home/airflow/.local/lib/python3.7/site-packages/airflow/example_dags/example_local_kubernetes_executor.py for tasks to queue
[2023-03-01T15:20:20.916+0000] {logging_mixin.py:137} INFO - [2023-03-01T15:20:20.916+0000] {dagbag.py:538} INFO - Filling up the DagBag from /home/airflow/.local/lib/python3.7/site-packages/airflow/example_dags/example_local_kubernetes_executor.py
[2023-03-01T15:20:20.934+0000] {processor.py:753} INFO - DAG(s) dict_keys(['example_local_kubernetes_executor']) retrieved from /home/airflow/.local/lib/python3.7/site-packages/airflow/example_dags/example_local_kubernetes_executor.py
[2023-03-01T15:20:20.958+0000] {logging_mixin.py:137} INFO - [2023-03-01T15:20:20.958+0000] {dag.py:2690} INFO - Sync 1 DAGs
[2023-03-01T15:20:20.982+0000] {logging_mixin.py:137} INFO - [2023-03-01T15:20:20.981+0000] {dag.py:3441} INFO - Setting next_dagrun for example_local_kubernetes_executor to None, run_after=None
[2023-03-01T15:20:21.000+0000] {processor.py:175} INFO - Processing /home/airflow/.local/lib/python3.7/site-packages/airflow/example_dags/example_local_kubernetes_executor.py took 0.088 seconds
[2023-03-01T15:20:51.944+0000] {processor.py:153} INFO - Started process (PID=512) to work on /home/airflow/.local/lib/python3.7/site-packages/airflow/example_dags/example_local_kubernetes_executor.py
[2023-03-01T15:20:51.945+0000] {processor.py:743} INFO - Processing file /home/airflow/.local/lib/python3.7/site-packages/airflow/example_dags/example_local_kubernetes_executor.py for tasks to queue
[2023-03-01T15:20:51.946+0000] {logging_mixin.py:137} INFO - [2023-03-01T15:20:51.945+0000] {dagbag.py:538} INFO - Filling up the DagBag from /home/airflow/.local/lib/python3.7/site-packages/airflow/example_dags/example_local_kubernetes_executor.py
[2023-03-01T15:20:51.963+0000] {processor.py:753} INFO - DAG(s) dict_keys(['example_local_kubernetes_executor']) retrieved from /home/airflow/.local/lib/python3.7/site-packages/airflow/example_dags/example_local_kubernetes_executor.py
[2023-03-01T15:20:51.987+0000] {logging_mixin.py:137} INFO - [2023-03-01T15:20:51.987+0000] {dag.py:2690} INFO - Sync 1 DAGs
[2023-03-01T15:20:52.011+0000] {logging_mixin.py:137} INFO - [2023-03-01T15:20:52.011+0000] {dag.py:3441} INFO - Setting next_dagrun for example_local_kubernetes_executor to None, run_after=None
[2023-03-01T15:20:52.031+0000] {processor.py:175} INFO - Processing /home/airflow/.local/lib/python3.7/site-packages/airflow/example_dags/example_local_kubernetes_executor.py took 0.089 seconds
[2023-03-01T15:21:22.314+0000] {processor.py:153} INFO - Started process (PID=600) to work on /home/airflow/.local/lib/python3.7/site-packages/airflow/example_dags/example_local_kubernetes_executor.py
[2023-03-01T15:21:22.314+0000] {processor.py:743} INFO - Processing file /home/airflow/.local/lib/python3.7/site-packages/airflow/example_dags/example_local_kubernetes_executor.py for tasks to queue
[2023-03-01T15:21:22.315+0000] {logging_mixin.py:137} INFO - [2023-03-01T15:21:22.315+0000] {dagbag.py:538} INFO - Filling up the DagBag from /home/airflow/.local/lib/python3.7/site-packages/airflow/example_dags/example_local_kubernetes_executor.py
[2023-03-01T15:21:22.333+0000] {processor.py:753} INFO - DAG(s) dict_keys(['example_local_kubernetes_executor']) retrieved from /home/airflow/.local/lib/python3.7/site-packages/airflow/example_dags/example_local_kubernetes_executor.py
[2023-03-01T15:21:22.360+0000] {logging_mixin.py:137} INFO - [2023-03-01T15:21:22.360+0000] {dag.py:2690} INFO - Sync 1 DAGs
[2023-03-01T15:21:22.384+0000] {logging_mixin.py:137} INFO - [2023-03-01T15:21:22.384+0000] {dag.py:3441} INFO - Setting next_dagrun for example_local_kubernetes_executor to None, run_after=None
[2023-03-01T15:21:22.404+0000] {processor.py:175} INFO - Processing /home/airflow/.local/lib/python3.7/site-packages/airflow/example_dags/example_local_kubernetes_executor.py took 0.093 seconds
[2023-03-01T15:21:52.686+0000] {processor.py:153} INFO - Started process (PID=691) to work on /home/airflow/.local/lib/python3.7/site-packages/airflow/example_dags/example_local_kubernetes_executor.py
[2023-03-01T15:21:52.687+0000] {processor.py:743} INFO - Processing file /home/airflow/.local/lib/python3.7/site-packages/airflow/example_dags/example_local_kubernetes_executor.py for tasks to queue
[2023-03-01T15:21:52.687+0000] {logging_mixin.py:137} INFO - [2023-03-01T15:21:52.687+0000] {dagbag.py:538} INFO - Filling up the DagBag from /home/airflow/.local/lib/python3.7/site-packages/airflow/example_dags/example_local_kubernetes_executor.py
[2023-03-01T15:21:52.704+0000] {processor.py:753} INFO - DAG(s) dict_keys(['example_local_kubernetes_executor']) retrieved from /home/airflow/.local/lib/python3.7/site-packages/airflow/example_dags/example_local_kubernetes_executor.py
[2023-03-01T15:21:52.727+0000] {logging_mixin.py:137} INFO - [2023-03-01T15:21:52.727+0000] {dag.py:2690} INFO - Sync 1 DAGs
[2023-03-01T15:21:52.750+0000] {logging_mixin.py:137} INFO - [2023-03-01T15:21:52.750+0000] {dag.py:3441} INFO - Setting next_dagrun for example_local_kubernetes_executor to None, run_after=None
[2023-03-01T15:21:52.770+0000] {processor.py:175} INFO - Processing /home/airflow/.local/lib/python3.7/site-packages/airflow/example_dags/example_local_kubernetes_executor.py took 0.086 seconds
[2023-03-01T15:22:23.363+0000] {processor.py:153} INFO - Started process (PID=779) to work on /home/airflow/.local/lib/python3.7/site-packages/airflow/example_dags/example_local_kubernetes_executor.py
[2023-03-01T15:22:23.364+0000] {processor.py:743} INFO - Processing file /home/airflow/.local/lib/python3.7/site-packages/airflow/example_dags/example_local_kubernetes_executor.py for tasks to queue
[2023-03-01T15:22:23.364+0000] {logging_mixin.py:137} INFO - [2023-03-01T15:22:23.364+0000] {dagbag.py:538} INFO - Filling up the DagBag from /home/airflow/.local/lib/python3.7/site-packages/airflow/example_dags/example_local_kubernetes_executor.py
[2023-03-01T15:22:23.383+0000] {processor.py:753} INFO - DAG(s) dict_keys(['example_local_kubernetes_executor']) retrieved from /home/airflow/.local/lib/python3.7/site-packages/airflow/example_dags/example_local_kubernetes_executor.py
[2023-03-01T15:22:23.410+0000] {logging_mixin.py:137} INFO - [2023-03-01T15:22:23.410+0000] {dag.py:2690} INFO - Sync 1 DAGs
[2023-03-01T15:22:23.436+0000] {logging_mixin.py:137} INFO - [2023-03-01T15:22:23.436+0000] {dag.py:3441} INFO - Setting next_dagrun for example_local_kubernetes_executor to None, run_after=None
[2023-03-01T15:22:23.457+0000] {processor.py:175} INFO - Processing /home/airflow/.local/lib/python3.7/site-packages/airflow/example_dags/example_local_kubernetes_executor.py took 0.097 seconds
[2023-03-01T15:22:53.697+0000] {processor.py:153} INFO - Started process (PID=869) to work on /home/airflow/.local/lib/python3.7/site-packages/airflow/example_dags/example_local_kubernetes_executor.py
[2023-03-01T15:22:53.698+0000] {processor.py:743} INFO - Processing file /home/airflow/.local/lib/python3.7/site-packages/airflow/example_dags/example_local_kubernetes_executor.py for tasks to queue
[2023-03-01T15:22:53.698+0000] {logging_mixin.py:137} INFO - [2023-03-01T15:22:53.698+0000] {dagbag.py:538} INFO - Filling up the DagBag from /home/airflow/.local/lib/python3.7/site-packages/airflow/example_dags/example_local_kubernetes_executor.py
[2023-03-01T15:22:53.716+0000] {processor.py:753} INFO - DAG(s) dict_keys(['example_local_kubernetes_executor']) retrieved from /home/airflow/.local/lib/python3.7/site-packages/airflow/example_dags/example_local_kubernetes_executor.py
[2023-03-01T15:22:53.740+0000] {logging_mixin.py:137} INFO - [2023-03-01T15:22:53.740+0000] {dag.py:2690} INFO - Sync 1 DAGs
[2023-03-01T15:22:53.769+0000] {logging_mixin.py:137} INFO - [2023-03-01T15:22:53.769+0000] {dag.py:3441} INFO - Setting next_dagrun for example_local_kubernetes_executor to None, run_after=None
[2023-03-01T15:22:53.790+0000] {processor.py:175} INFO - Processing /home/airflow/.local/lib/python3.7/site-packages/airflow/example_dags/example_local_kubernetes_executor.py took 0.096 seconds
[2023-03-01T15:23:24.573+0000] {processor.py:153} INFO - Started process (PID=968) to work on /home/airflow/.local/lib/python3.7/site-packages/airflow/example_dags/example_local_kubernetes_executor.py
[2023-03-01T15:23:24.574+0000] {processor.py:743} INFO - Processing file /home/airflow/.local/lib/python3.7/site-packages/airflow/example_dags/example_local_kubernetes_executor.py for tasks to queue
[2023-03-01T15:23:24.574+0000] {logging_mixin.py:137} INFO - [2023-03-01T15:23:24.574+0000] {dagbag.py:538} INFO - Filling up the DagBag from /home/airflow/.local/lib/python3.7/site-packages/airflow/example_dags/example_local_kubernetes_executor.py
[2023-03-01T15:23:24.593+0000] {processor.py:753} INFO - DAG(s) dict_keys(['example_local_kubernetes_executor']) retrieved from /home/airflow/.local/lib/python3.7/site-packages/airflow/example_dags/example_local_kubernetes_executor.py
[2023-03-01T15:23:24.623+0000] {logging_mixin.py:137} INFO - [2023-03-01T15:23:24.623+0000] {dag.py:2690} INFO - Sync 1 DAGs
[2023-03-01T15:23:24.649+0000] {logging_mixin.py:137} INFO - [2023-03-01T15:23:24.649+0000] {dag.py:3441} INFO - Setting next_dagrun for example_local_kubernetes_executor to None, run_after=None
[2023-03-01T15:23:24.669+0000] {processor.py:175} INFO - Processing /home/airflow/.local/lib/python3.7/site-packages/airflow/example_dags/example_local_kubernetes_executor.py took 0.098 seconds
[2023-03-01T15:23:54.962+0000] {processor.py:153} INFO - Started process (PID=1047) to work on /home/airflow/.local/lib/python3.7/site-packages/airflow/example_dags/example_local_kubernetes_executor.py
[2023-03-01T15:23:54.963+0000] {processor.py:743} INFO - Processing file /home/airflow/.local/lib/python3.7/site-packages/airflow/example_dags/example_local_kubernetes_executor.py for tasks to queue
[2023-03-01T15:23:54.963+0000] {logging_mixin.py:137} INFO - [2023-03-01T15:23:54.963+0000] {dagbag.py:538} INFO - Filling up the DagBag from /home/airflow/.local/lib/python3.7/site-packages/airflow/example_dags/example_local_kubernetes_executor.py
[2023-03-01T15:23:54.980+0000] {processor.py:753} INFO - DAG(s) dict_keys(['example_local_kubernetes_executor']) retrieved from /home/airflow/.local/lib/python3.7/site-packages/airflow/example_dags/example_local_kubernetes_executor.py
[2023-03-01T15:23:55.003+0000] {logging_mixin.py:137} INFO - [2023-03-01T15:23:55.003+0000] {dag.py:2690} INFO - Sync 1 DAGs
[2023-03-01T15:23:55.026+0000] {logging_mixin.py:137} INFO - [2023-03-01T15:23:55.026+0000] {dag.py:3441} INFO - Setting next_dagrun for example_local_kubernetes_executor to None, run_after=None
[2023-03-01T15:23:55.044+0000] {processor.py:175} INFO - Processing /home/airflow/.local/lib/python3.7/site-packages/airflow/example_dags/example_local_kubernetes_executor.py took 0.085 seconds
[2023-03-01T15:24:25.678+0000] {processor.py:153} INFO - Started process (PID=1146) to work on /home/airflow/.local/lib/python3.7/site-packages/airflow/example_dags/example_local_kubernetes_executor.py
[2023-03-01T15:24:25.679+0000] {processor.py:743} INFO - Processing file /home/airflow/.local/lib/python3.7/site-packages/airflow/example_dags/example_local_kubernetes_executor.py for tasks to queue
[2023-03-01T15:24:25.679+0000] {logging_mixin.py:137} INFO - [2023-03-01T15:24:25.679+0000] {dagbag.py:538} INFO - Filling up the DagBag from /home/airflow/.local/lib/python3.7/site-packages/airflow/example_dags/example_local_kubernetes_executor.py
[2023-03-01T15:24:25.699+0000] {processor.py:753} INFO - DAG(s) dict_keys(['example_local_kubernetes_executor']) retrieved from /home/airflow/.local/lib/python3.7/site-packages/airflow/example_dags/example_local_kubernetes_executor.py
[2023-03-01T15:24:25.725+0000] {logging_mixin.py:137} INFO - [2023-03-01T15:24:25.725+0000] {dag.py:2690} INFO - Sync 1 DAGs
[2023-03-01T15:24:25.749+0000] {logging_mixin.py:137} INFO - [2023-03-01T15:24:25.749+0000] {dag.py:3441} INFO - Setting next_dagrun for example_local_kubernetes_executor to None, run_after=None
[2023-03-01T15:24:25.771+0000] {processor.py:175} INFO - Processing /home/airflow/.local/lib/python3.7/site-packages/airflow/example_dags/example_local_kubernetes_executor.py took 0.096 seconds
[2023-03-01T15:24:56.295+0000] {processor.py:153} INFO - Started process (PID=1225) to work on /home/airflow/.local/lib/python3.7/site-packages/airflow/example_dags/example_local_kubernetes_executor.py
[2023-03-01T15:24:56.295+0000] {processor.py:743} INFO - Processing file /home/airflow/.local/lib/python3.7/site-packages/airflow/example_dags/example_local_kubernetes_executor.py for tasks to queue
[2023-03-01T15:24:56.296+0000] {logging_mixin.py:137} INFO - [2023-03-01T15:24:56.296+0000] {dagbag.py:538} INFO - Filling up the DagBag from /home/airflow/.local/lib/python3.7/site-packages/airflow/example_dags/example_local_kubernetes_executor.py
[2023-03-01T15:24:56.313+0000] {processor.py:753} INFO - DAG(s) dict_keys(['example_local_kubernetes_executor']) retrieved from /home/airflow/.local/lib/python3.7/site-packages/airflow/example_dags/example_local_kubernetes_executor.py
[2023-03-01T15:24:56.336+0000] {logging_mixin.py:137} INFO - [2023-03-01T15:24:56.336+0000] {dag.py:2690} INFO - Sync 1 DAGs
[2023-03-01T15:24:56.359+0000] {logging_mixin.py:137} INFO - [2023-03-01T15:24:56.359+0000] {dag.py:3441} INFO - Setting next_dagrun for example_local_kubernetes_executor to None, run_after=None
[2023-03-01T15:24:56.378+0000] {processor.py:175} INFO - Processing /home/airflow/.local/lib/python3.7/site-packages/airflow/example_dags/example_local_kubernetes_executor.py took 0.085 seconds
[2023-03-01T15:25:26.873+0000] {processor.py:153} INFO - Started process (PID=1324) to work on /home/airflow/.local/lib/python3.7/site-packages/airflow/example_dags/example_local_kubernetes_executor.py
[2023-03-01T15:25:26.874+0000] {processor.py:743} INFO - Processing file /home/airflow/.local/lib/python3.7/site-packages/airflow/example_dags/example_local_kubernetes_executor.py for tasks to queue
[2023-03-01T15:25:26.874+0000] {logging_mixin.py:137} INFO - [2023-03-01T15:25:26.874+0000] {dagbag.py:538} INFO - Filling up the DagBag from /home/airflow/.local/lib/python3.7/site-packages/airflow/example_dags/example_local_kubernetes_executor.py
[2023-03-01T15:25:26.891+0000] {processor.py:753} INFO - DAG(s) dict_keys(['example_local_kubernetes_executor']) retrieved from /home/airflow/.local/lib/python3.7/site-packages/airflow/example_dags/example_local_kubernetes_executor.py
[2023-03-01T15:25:26.914+0000] {logging_mixin.py:137} INFO - [2023-03-01T15:25:26.914+0000] {dag.py:2690} INFO - Sync 1 DAGs
[2023-03-01T15:25:26.937+0000] {logging_mixin.py:137} INFO - [2023-03-01T15:25:26.937+0000] {dag.py:3441} INFO - Setting next_dagrun for example_local_kubernetes_executor to None, run_after=None
[2023-03-01T15:25:26.957+0000] {processor.py:175} INFO - Processing /home/airflow/.local/lib/python3.7/site-packages/airflow/example_dags/example_local_kubernetes_executor.py took 0.086 seconds
[2023-03-01T15:25:57.578+0000] {processor.py:153} INFO - Started process (PID=1403) to work on /home/airflow/.local/lib/python3.7/site-packages/airflow/example_dags/example_local_kubernetes_executor.py
[2023-03-01T15:25:57.579+0000] {processor.py:743} INFO - Processing file /home/airflow/.local/lib/python3.7/site-packages/airflow/example_dags/example_local_kubernetes_executor.py for tasks to queue
[2023-03-01T15:25:57.579+0000] {logging_mixin.py:137} INFO - [2023-03-01T15:25:57.579+0000] {dagbag.py:538} INFO - Filling up the DagBag from /home/airflow/.local/lib/python3.7/site-packages/airflow/example_dags/example_local_kubernetes_executor.py
[2023-03-01T15:25:57.603+0000] {processor.py:753} INFO - DAG(s) dict_keys(['example_local_kubernetes_executor']) retrieved from /home/airflow/.local/lib/python3.7/site-packages/airflow/example_dags/example_local_kubernetes_executor.py
[2023-03-01T15:25:57.629+0000] {logging_mixin.py:137} INFO - [2023-03-01T15:25:57.628+0000] {dag.py:2690} INFO - Sync 1 DAGs
[2023-03-01T15:25:57.652+0000] {logging_mixin.py:137} INFO - [2023-03-01T15:25:57.652+0000] {dag.py:3441} INFO - Setting next_dagrun for example_local_kubernetes_executor to None, run_after=None
[2023-03-01T15:25:57.671+0000] {processor.py:175} INFO - Processing /home/airflow/.local/lib/python3.7/site-packages/airflow/example_dags/example_local_kubernetes_executor.py took 0.096 seconds
[2023-03-01T15:26:28.327+0000] {processor.py:153} INFO - Started process (PID=1502) to work on /home/airflow/.local/lib/python3.7/site-packages/airflow/example_dags/example_local_kubernetes_executor.py
[2023-03-01T15:26:28.328+0000] {processor.py:743} INFO - Processing file /home/airflow/.local/lib/python3.7/site-packages/airflow/example_dags/example_local_kubernetes_executor.py for tasks to queue
[2023-03-01T15:26:28.328+0000] {logging_mixin.py:137} INFO - [2023-03-01T15:26:28.328+0000] {dagbag.py:538} INFO - Filling up the DagBag from /home/airflow/.local/lib/python3.7/site-packages/airflow/example_dags/example_local_kubernetes_executor.py
[2023-03-01T15:26:28.348+0000] {processor.py:753} INFO - DAG(s) dict_keys(['example_local_kubernetes_executor']) retrieved from /home/airflow/.local/lib/python3.7/site-packages/airflow/example_dags/example_local_kubernetes_executor.py
[2023-03-01T15:26:28.373+0000] {logging_mixin.py:137} INFO - [2023-03-01T15:26:28.373+0000] {dag.py:2690} INFO - Sync 1 DAGs
[2023-03-01T15:26:28.396+0000] {logging_mixin.py:137} INFO - [2023-03-01T15:26:28.396+0000] {dag.py:3441} INFO - Setting next_dagrun for example_local_kubernetes_executor to None, run_after=None
[2023-03-01T15:26:28.414+0000] {processor.py:175} INFO - Processing /home/airflow/.local/lib/python3.7/site-packages/airflow/example_dags/example_local_kubernetes_executor.py took 0.089 seconds
[2023-03-01T15:26:58.591+0000] {processor.py:153} INFO - Started process (PID=1581) to work on /home/airflow/.local/lib/python3.7/site-packages/airflow/example_dags/example_local_kubernetes_executor.py
[2023-03-01T15:26:58.591+0000] {processor.py:743} INFO - Processing file /home/airflow/.local/lib/python3.7/site-packages/airflow/example_dags/example_local_kubernetes_executor.py for tasks to queue
[2023-03-01T15:26:58.592+0000] {logging_mixin.py:137} INFO - [2023-03-01T15:26:58.592+0000] {dagbag.py:538} INFO - Filling up the DagBag from /home/airflow/.local/lib/python3.7/site-packages/airflow/example_dags/example_local_kubernetes_executor.py
[2023-03-01T15:26:58.610+0000] {processor.py:753} INFO - DAG(s) dict_keys(['example_local_kubernetes_executor']) retrieved from /home/airflow/.local/lib/python3.7/site-packages/airflow/example_dags/example_local_kubernetes_executor.py
[2023-03-01T15:26:58.632+0000] {logging_mixin.py:137} INFO - [2023-03-01T15:26:58.632+0000] {dag.py:2690} INFO - Sync 1 DAGs
[2023-03-01T15:26:58.655+0000] {logging_mixin.py:137} INFO - [2023-03-01T15:26:58.654+0000] {dag.py:3441} INFO - Setting next_dagrun for example_local_kubernetes_executor to None, run_after=None
[2023-03-01T15:26:58.671+0000] {processor.py:175} INFO - Processing /home/airflow/.local/lib/python3.7/site-packages/airflow/example_dags/example_local_kubernetes_executor.py took 0.083 seconds
[2023-03-01T15:27:29.271+0000] {processor.py:153} INFO - Started process (PID=1681) to work on /home/airflow/.local/lib/python3.7/site-packages/airflow/example_dags/example_local_kubernetes_executor.py
[2023-03-01T15:27:29.272+0000] {processor.py:743} INFO - Processing file /home/airflow/.local/lib/python3.7/site-packages/airflow/example_dags/example_local_kubernetes_executor.py for tasks to queue
[2023-03-01T15:27:29.272+0000] {logging_mixin.py:137} INFO - [2023-03-01T15:27:29.272+0000] {dagbag.py:538} INFO - Filling up the DagBag from /home/airflow/.local/lib/python3.7/site-packages/airflow/example_dags/example_local_kubernetes_executor.py
[2023-03-01T15:27:29.291+0000] {processor.py:753} INFO - DAG(s) dict_keys(['example_local_kubernetes_executor']) retrieved from /home/airflow/.local/lib/python3.7/site-packages/airflow/example_dags/example_local_kubernetes_executor.py
[2023-03-01T15:27:29.316+0000] {logging_mixin.py:137} INFO - [2023-03-01T15:27:29.316+0000] {dag.py:2690} INFO - Sync 1 DAGs
[2023-03-01T15:27:29.341+0000] {logging_mixin.py:137} INFO - [2023-03-01T15:27:29.340+0000] {dag.py:3441} INFO - Setting next_dagrun for example_local_kubernetes_executor to None, run_after=None
[2023-03-01T15:27:29.360+0000] {processor.py:175} INFO - Processing /home/airflow/.local/lib/python3.7/site-packages/airflow/example_dags/example_local_kubernetes_executor.py took 0.092 seconds
[2023-03-01T15:27:59.808+0000] {processor.py:153} INFO - Started process (PID=1759) to work on /home/airflow/.local/lib/python3.7/site-packages/airflow/example_dags/example_local_kubernetes_executor.py
[2023-03-01T15:27:59.808+0000] {processor.py:743} INFO - Processing file /home/airflow/.local/lib/python3.7/site-packages/airflow/example_dags/example_local_kubernetes_executor.py for tasks to queue
[2023-03-01T15:27:59.809+0000] {logging_mixin.py:137} INFO - [2023-03-01T15:27:59.809+0000] {dagbag.py:538} INFO - Filling up the DagBag from /home/airflow/.local/lib/python3.7/site-packages/airflow/example_dags/example_local_kubernetes_executor.py
[2023-03-01T15:27:59.828+0000] {processor.py:753} INFO - DAG(s) dict_keys(['example_local_kubernetes_executor']) retrieved from /home/airflow/.local/lib/python3.7/site-packages/airflow/example_dags/example_local_kubernetes_executor.py
[2023-03-01T15:27:59.852+0000] {logging_mixin.py:137} INFO - [2023-03-01T15:27:59.852+0000] {dag.py:2690} INFO - Sync 1 DAGs
[2023-03-01T15:27:59.875+0000] {logging_mixin.py:137} INFO - [2023-03-01T15:27:59.875+0000] {dag.py:3441} INFO - Setting next_dagrun for example_local_kubernetes_executor to None, run_after=None
[2023-03-01T15:27:59.893+0000] {processor.py:175} INFO - Processing /home/airflow/.local/lib/python3.7/site-packages/airflow/example_dags/example_local_kubernetes_executor.py took 0.087 seconds
[2023-03-01T15:28:30.551+0000] {processor.py:153} INFO - Started process (PID=1858) to work on /home/airflow/.local/lib/python3.7/site-packages/airflow/example_dags/example_local_kubernetes_executor.py
[2023-03-01T15:28:30.551+0000] {processor.py:743} INFO - Processing file /home/airflow/.local/lib/python3.7/site-packages/airflow/example_dags/example_local_kubernetes_executor.py for tasks to queue
[2023-03-01T15:28:30.552+0000] {logging_mixin.py:137} INFO - [2023-03-01T15:28:30.552+0000] {dagbag.py:538} INFO - Filling up the DagBag from /home/airflow/.local/lib/python3.7/site-packages/airflow/example_dags/example_local_kubernetes_executor.py
[2023-03-01T15:28:30.570+0000] {processor.py:753} INFO - DAG(s) dict_keys(['example_local_kubernetes_executor']) retrieved from /home/airflow/.local/lib/python3.7/site-packages/airflow/example_dags/example_local_kubernetes_executor.py
[2023-03-01T15:28:30.592+0000] {logging_mixin.py:137} INFO - [2023-03-01T15:28:30.592+0000] {dag.py:2690} INFO - Sync 1 DAGs
[2023-03-01T15:28:30.618+0000] {logging_mixin.py:137} INFO - [2023-03-01T15:28:30.618+0000] {dag.py:3441} INFO - Setting next_dagrun for example_local_kubernetes_executor to None, run_after=None
[2023-03-01T15:28:30.639+0000] {processor.py:175} INFO - Processing /home/airflow/.local/lib/python3.7/site-packages/airflow/example_dags/example_local_kubernetes_executor.py took 0.091 seconds
[2023-03-01T15:29:01.007+0000] {processor.py:153} INFO - Started process (PID=1937) to work on /home/airflow/.local/lib/python3.7/site-packages/airflow/example_dags/example_local_kubernetes_executor.py
[2023-03-01T15:29:01.008+0000] {processor.py:743} INFO - Processing file /home/airflow/.local/lib/python3.7/site-packages/airflow/example_dags/example_local_kubernetes_executor.py for tasks to queue
[2023-03-01T15:29:01.009+0000] {logging_mixin.py:137} INFO - [2023-03-01T15:29:01.009+0000] {dagbag.py:538} INFO - Filling up the DagBag from /home/airflow/.local/lib/python3.7/site-packages/airflow/example_dags/example_local_kubernetes_executor.py
[2023-03-01T15:29:01.028+0000] {processor.py:753} INFO - DAG(s) dict_keys(['example_local_kubernetes_executor']) retrieved from /home/airflow/.local/lib/python3.7/site-packages/airflow/example_dags/example_local_kubernetes_executor.py
[2023-03-01T15:29:01.056+0000] {logging_mixin.py:137} INFO - [2023-03-01T15:29:01.056+0000] {dag.py:2690} INFO - Sync 1 DAGs
[2023-03-01T15:29:01.081+0000] {logging_mixin.py:137} INFO - [2023-03-01T15:29:01.081+0000] {dag.py:3441} INFO - Setting next_dagrun for example_local_kubernetes_executor to None, run_after=None
[2023-03-01T15:29:01.103+0000] {processor.py:175} INFO - Processing /home/airflow/.local/lib/python3.7/site-packages/airflow/example_dags/example_local_kubernetes_executor.py took 0.098 seconds
[2023-03-01T15:29:31.682+0000] {processor.py:153} INFO - Started process (PID=2036) to work on /home/airflow/.local/lib/python3.7/site-packages/airflow/example_dags/example_local_kubernetes_executor.py
[2023-03-01T15:29:31.683+0000] {processor.py:743} INFO - Processing file /home/airflow/.local/lib/python3.7/site-packages/airflow/example_dags/example_local_kubernetes_executor.py for tasks to queue
[2023-03-01T15:29:31.683+0000] {logging_mixin.py:137} INFO - [2023-03-01T15:29:31.683+0000] {dagbag.py:538} INFO - Filling up the DagBag from /home/airflow/.local/lib/python3.7/site-packages/airflow/example_dags/example_local_kubernetes_executor.py
[2023-03-01T15:29:31.701+0000] {processor.py:753} INFO - DAG(s) dict_keys(['example_local_kubernetes_executor']) retrieved from /home/airflow/.local/lib/python3.7/site-packages/airflow/example_dags/example_local_kubernetes_executor.py
[2023-03-01T15:29:31.725+0000] {logging_mixin.py:137} INFO - [2023-03-01T15:29:31.724+0000] {dag.py:2690} INFO - Sync 1 DAGs
[2023-03-01T15:29:31.747+0000] {logging_mixin.py:137} INFO - [2023-03-01T15:29:31.747+0000] {dag.py:3441} INFO - Setting next_dagrun for example_local_kubernetes_executor to None, run_after=None
[2023-03-01T15:29:31.765+0000] {processor.py:175} INFO - Processing /home/airflow/.local/lib/python3.7/site-packages/airflow/example_dags/example_local_kubernetes_executor.py took 0.084 seconds
[2023-03-01T15:30:02.351+0000] {processor.py:153} INFO - Started process (PID=2115) to work on /home/airflow/.local/lib/python3.7/site-packages/airflow/example_dags/example_local_kubernetes_executor.py
[2023-03-01T15:30:02.352+0000] {processor.py:743} INFO - Processing file /home/airflow/.local/lib/python3.7/site-packages/airflow/example_dags/example_local_kubernetes_executor.py for tasks to queue
[2023-03-01T15:30:02.352+0000] {logging_mixin.py:137} INFO - [2023-03-01T15:30:02.352+0000] {dagbag.py:538} INFO - Filling up the DagBag from /home/airflow/.local/lib/python3.7/site-packages/airflow/example_dags/example_local_kubernetes_executor.py
[2023-03-01T15:30:02.372+0000] {processor.py:753} INFO - DAG(s) dict_keys(['example_local_kubernetes_executor']) retrieved from /home/airflow/.local/lib/python3.7/site-packages/airflow/example_dags/example_local_kubernetes_executor.py
[2023-03-01T15:30:02.399+0000] {logging_mixin.py:137} INFO - [2023-03-01T15:30:02.399+0000] {dag.py:2690} INFO - Sync 1 DAGs
[2023-03-01T15:30:02.426+0000] {logging_mixin.py:137} INFO - [2023-03-01T15:30:02.426+0000] {dag.py:3441} INFO - Setting next_dagrun for example_local_kubernetes_executor to None, run_after=None
[2023-03-01T15:30:02.449+0000] {processor.py:175} INFO - Processing /home/airflow/.local/lib/python3.7/site-packages/airflow/example_dags/example_local_kubernetes_executor.py took 0.101 seconds
[2023-03-01T15:30:33.121+0000] {processor.py:153} INFO - Started process (PID=2215) to work on /home/airflow/.local/lib/python3.7/site-packages/airflow/example_dags/example_local_kubernetes_executor.py
[2023-03-01T15:30:33.122+0000] {processor.py:743} INFO - Processing file /home/airflow/.local/lib/python3.7/site-packages/airflow/example_dags/example_local_kubernetes_executor.py for tasks to queue
[2023-03-01T15:30:33.123+0000] {logging_mixin.py:137} INFO - [2023-03-01T15:30:33.123+0000] {dagbag.py:538} INFO - Filling up the DagBag from /home/airflow/.local/lib/python3.7/site-packages/airflow/example_dags/example_local_kubernetes_executor.py
[2023-03-01T15:30:33.142+0000] {processor.py:753} INFO - DAG(s) dict_keys(['example_local_kubernetes_executor']) retrieved from /home/airflow/.local/lib/python3.7/site-packages/airflow/example_dags/example_local_kubernetes_executor.py
[2023-03-01T15:30:33.167+0000] {logging_mixin.py:137} INFO - [2023-03-01T15:30:33.167+0000] {dag.py:2690} INFO - Sync 1 DAGs
[2023-03-01T15:30:33.192+0000] {logging_mixin.py:137} INFO - [2023-03-01T15:30:33.191+0000] {dag.py:3441} INFO - Setting next_dagrun for example_local_kubernetes_executor to None, run_after=None
[2023-03-01T15:30:33.211+0000] {processor.py:175} INFO - Processing /home/airflow/.local/lib/python3.7/site-packages/airflow/example_dags/example_local_kubernetes_executor.py took 0.092 seconds
[2023-03-01T15:31:03.843+0000] {processor.py:153} INFO - Started process (PID=2294) to work on /home/airflow/.local/lib/python3.7/site-packages/airflow/example_dags/example_local_kubernetes_executor.py
[2023-03-01T15:31:03.844+0000] {processor.py:743} INFO - Processing file /home/airflow/.local/lib/python3.7/site-packages/airflow/example_dags/example_local_kubernetes_executor.py for tasks to queue
[2023-03-01T15:31:03.844+0000] {logging_mixin.py:137} INFO - [2023-03-01T15:31:03.844+0000] {dagbag.py:538} INFO - Filling up the DagBag from /home/airflow/.local/lib/python3.7/site-packages/airflow/example_dags/example_local_kubernetes_executor.py
[2023-03-01T15:31:03.863+0000] {processor.py:753} INFO - DAG(s) dict_keys(['example_local_kubernetes_executor']) retrieved from /home/airflow/.local/lib/python3.7/site-packages/airflow/example_dags/example_local_kubernetes_executor.py
[2023-03-01T15:31:03.888+0000] {logging_mixin.py:137} INFO - [2023-03-01T15:31:03.888+0000] {dag.py:2690} INFO - Sync 1 DAGs
[2023-03-01T15:31:03.912+0000] {logging_mixin.py:137} INFO - [2023-03-01T15:31:03.912+0000] {dag.py:3441} INFO - Setting next_dagrun for example_local_kubernetes_executor to None, run_after=None
[2023-03-01T15:31:03.930+0000] {processor.py:175} INFO - Processing /home/airflow/.local/lib/python3.7/site-packages/airflow/example_dags/example_local_kubernetes_executor.py took 0.089 seconds
[2023-03-01T15:31:34.737+0000] {processor.py:153} INFO - Started process (PID=2393) to work on /home/airflow/.local/lib/python3.7/site-packages/airflow/example_dags/example_local_kubernetes_executor.py
[2023-03-01T15:31:34.738+0000] {processor.py:743} INFO - Processing file /home/airflow/.local/lib/python3.7/site-packages/airflow/example_dags/example_local_kubernetes_executor.py for tasks to queue
[2023-03-01T15:31:34.738+0000] {logging_mixin.py:137} INFO - [2023-03-01T15:31:34.738+0000] {dagbag.py:538} INFO - Filling up the DagBag from /home/airflow/.local/lib/python3.7/site-packages/airflow/example_dags/example_local_kubernetes_executor.py
[2023-03-01T15:31:34.762+0000] {processor.py:753} INFO - DAG(s) dict_keys(['example_local_kubernetes_executor']) retrieved from /home/airflow/.local/lib/python3.7/site-packages/airflow/example_dags/example_local_kubernetes_executor.py
[2023-03-01T15:31:34.790+0000] {logging_mixin.py:137} INFO - [2023-03-01T15:31:34.789+0000] {dag.py:2690} INFO - Sync 1 DAGs
[2023-03-01T15:31:34.813+0000] {logging_mixin.py:137} INFO - [2023-03-01T15:31:34.812+0000] {dag.py:3441} INFO - Setting next_dagrun for example_local_kubernetes_executor to None, run_after=None
[2023-03-01T15:31:34.830+0000] {processor.py:175} INFO - Processing /home/airflow/.local/lib/python3.7/site-packages/airflow/example_dags/example_local_kubernetes_executor.py took 0.096 seconds
[2023-03-01T15:32:05.307+0000] {processor.py:153} INFO - Started process (PID=2472) to work on /home/airflow/.local/lib/python3.7/site-packages/airflow/example_dags/example_local_kubernetes_executor.py
[2023-03-01T15:32:05.308+0000] {processor.py:743} INFO - Processing file /home/airflow/.local/lib/python3.7/site-packages/airflow/example_dags/example_local_kubernetes_executor.py for tasks to queue
[2023-03-01T15:32:05.308+0000] {logging_mixin.py:137} INFO - [2023-03-01T15:32:05.308+0000] {dagbag.py:538} INFO - Filling up the DagBag from /home/airflow/.local/lib/python3.7/site-packages/airflow/example_dags/example_local_kubernetes_executor.py
[2023-03-01T15:32:05.325+0000] {processor.py:753} INFO - DAG(s) dict_keys(['example_local_kubernetes_executor']) retrieved from /home/airflow/.local/lib/python3.7/site-packages/airflow/example_dags/example_local_kubernetes_executor.py
[2023-03-01T15:32:05.348+0000] {logging_mixin.py:137} INFO - [2023-03-01T15:32:05.348+0000] {dag.py:2690} INFO - Sync 1 DAGs
[2023-03-01T15:32:05.370+0000] {logging_mixin.py:137} INFO - [2023-03-01T15:32:05.370+0000] {dag.py:3441} INFO - Setting next_dagrun for example_local_kubernetes_executor to None, run_after=None
[2023-03-01T15:32:05.389+0000] {processor.py:175} INFO - Processing /home/airflow/.local/lib/python3.7/site-packages/airflow/example_dags/example_local_kubernetes_executor.py took 0.084 seconds
[2023-03-01T15:32:35.851+0000] {processor.py:153} INFO - Started process (PID=2571) to work on /home/airflow/.local/lib/python3.7/site-packages/airflow/example_dags/example_local_kubernetes_executor.py
[2023-03-01T15:32:35.851+0000] {processor.py:743} INFO - Processing file /home/airflow/.local/lib/python3.7/site-packages/airflow/example_dags/example_local_kubernetes_executor.py for tasks to queue
[2023-03-01T15:32:35.852+0000] {logging_mixin.py:137} INFO - [2023-03-01T15:32:35.852+0000] {dagbag.py:538} INFO - Filling up the DagBag from /home/airflow/.local/lib/python3.7/site-packages/airflow/example_dags/example_local_kubernetes_executor.py
[2023-03-01T15:32:35.869+0000] {processor.py:753} INFO - DAG(s) dict_keys(['example_local_kubernetes_executor']) retrieved from /home/airflow/.local/lib/python3.7/site-packages/airflow/example_dags/example_local_kubernetes_executor.py
[2023-03-01T15:32:35.893+0000] {logging_mixin.py:137} INFO - [2023-03-01T15:32:35.893+0000] {dag.py:2690} INFO - Sync 1 DAGs
[2023-03-01T15:32:35.916+0000] {logging_mixin.py:137} INFO - [2023-03-01T15:32:35.916+0000] {dag.py:3441} INFO - Setting next_dagrun for example_local_kubernetes_executor to None, run_after=None
[2023-03-01T15:32:35.934+0000] {processor.py:175} INFO - Processing /home/airflow/.local/lib/python3.7/site-packages/airflow/example_dags/example_local_kubernetes_executor.py took 0.085 seconds
[2023-03-01T15:33:06.705+0000] {processor.py:153} INFO - Started process (PID=2659) to work on /home/airflow/.local/lib/python3.7/site-packages/airflow/example_dags/example_local_kubernetes_executor.py
[2023-03-01T15:33:06.722+0000] {processor.py:743} INFO - Processing file /home/airflow/.local/lib/python3.7/site-packages/airflow/example_dags/example_local_kubernetes_executor.py for tasks to queue
[2023-03-01T15:33:06.722+0000] {logging_mixin.py:137} INFO - [2023-03-01T15:33:06.722+0000] {dagbag.py:538} INFO - Filling up the DagBag from /home/airflow/.local/lib/python3.7/site-packages/airflow/example_dags/example_local_kubernetes_executor.py
[2023-03-01T15:33:06.760+0000] {processor.py:753} INFO - DAG(s) dict_keys(['example_local_kubernetes_executor']) retrieved from /home/airflow/.local/lib/python3.7/site-packages/airflow/example_dags/example_local_kubernetes_executor.py
[2023-03-01T15:33:06.831+0000] {logging_mixin.py:137} INFO - [2023-03-01T15:33:06.831+0000] {dag.py:2690} INFO - Sync 1 DAGs
[2023-03-01T15:33:06.889+0000] {logging_mixin.py:137} INFO - [2023-03-01T15:33:06.889+0000] {dag.py:3441} INFO - Setting next_dagrun for example_local_kubernetes_executor to None, run_after=None
[2023-03-01T15:33:06.915+0000] {processor.py:175} INFO - Processing /home/airflow/.local/lib/python3.7/site-packages/airflow/example_dags/example_local_kubernetes_executor.py took 0.212 seconds
[2023-03-01T15:33:37.178+0000] {processor.py:153} INFO - Started process (PID=2749) to work on /home/airflow/.local/lib/python3.7/site-packages/airflow/example_dags/example_local_kubernetes_executor.py
[2023-03-01T15:33:37.179+0000] {processor.py:743} INFO - Processing file /home/airflow/.local/lib/python3.7/site-packages/airflow/example_dags/example_local_kubernetes_executor.py for tasks to queue
[2023-03-01T15:33:37.179+0000] {logging_mixin.py:137} INFO - [2023-03-01T15:33:37.179+0000] {dagbag.py:538} INFO - Filling up the DagBag from /home/airflow/.local/lib/python3.7/site-packages/airflow/example_dags/example_local_kubernetes_executor.py
[2023-03-01T15:33:37.196+0000] {processor.py:753} INFO - DAG(s) dict_keys(['example_local_kubernetes_executor']) retrieved from /home/airflow/.local/lib/python3.7/site-packages/airflow/example_dags/example_local_kubernetes_executor.py
[2023-03-01T15:33:37.221+0000] {logging_mixin.py:137} INFO - [2023-03-01T15:33:37.220+0000] {dag.py:2690} INFO - Sync 1 DAGs
[2023-03-01T15:33:37.243+0000] {logging_mixin.py:137} INFO - [2023-03-01T15:33:37.243+0000] {dag.py:3441} INFO - Setting next_dagrun for example_local_kubernetes_executor to None, run_after=None
[2023-03-01T15:33:37.261+0000] {processor.py:175} INFO - Processing /home/airflow/.local/lib/python3.7/site-packages/airflow/example_dags/example_local_kubernetes_executor.py took 0.085 seconds
[2023-03-01T15:34:07.866+0000] {processor.py:153} INFO - Started process (PID=2847) to work on /home/airflow/.local/lib/python3.7/site-packages/airflow/example_dags/example_local_kubernetes_executor.py
[2023-03-01T15:34:07.866+0000] {processor.py:743} INFO - Processing file /home/airflow/.local/lib/python3.7/site-packages/airflow/example_dags/example_local_kubernetes_executor.py for tasks to queue
[2023-03-01T15:34:07.867+0000] {logging_mixin.py:137} INFO - [2023-03-01T15:34:07.867+0000] {dagbag.py:538} INFO - Filling up the DagBag from /home/airflow/.local/lib/python3.7/site-packages/airflow/example_dags/example_local_kubernetes_executor.py
[2023-03-01T15:34:07.887+0000] {processor.py:753} INFO - DAG(s) dict_keys(['example_local_kubernetes_executor']) retrieved from /home/airflow/.local/lib/python3.7/site-packages/airflow/example_dags/example_local_kubernetes_executor.py
[2023-03-01T15:34:07.913+0000] {logging_mixin.py:137} INFO - [2023-03-01T15:34:07.913+0000] {dag.py:2690} INFO - Sync 1 DAGs
[2023-03-01T15:34:07.943+0000] {logging_mixin.py:137} INFO - [2023-03-01T15:34:07.943+0000] {dag.py:3441} INFO - Setting next_dagrun for example_local_kubernetes_executor to None, run_after=None
[2023-03-01T15:34:07.968+0000] {processor.py:175} INFO - Processing /home/airflow/.local/lib/python3.7/site-packages/airflow/example_dags/example_local_kubernetes_executor.py took 0.106 seconds
[2023-03-01T15:34:38.526+0000] {processor.py:153} INFO - Started process (PID=2927) to work on /home/airflow/.local/lib/python3.7/site-packages/airflow/example_dags/example_local_kubernetes_executor.py
[2023-03-01T15:34:38.527+0000] {processor.py:743} INFO - Processing file /home/airflow/.local/lib/python3.7/site-packages/airflow/example_dags/example_local_kubernetes_executor.py for tasks to queue
[2023-03-01T15:34:38.527+0000] {logging_mixin.py:137} INFO - [2023-03-01T15:34:38.527+0000] {dagbag.py:538} INFO - Filling up the DagBag from /home/airflow/.local/lib/python3.7/site-packages/airflow/example_dags/example_local_kubernetes_executor.py
[2023-03-01T15:34:38.544+0000] {processor.py:753} INFO - DAG(s) dict_keys(['example_local_kubernetes_executor']) retrieved from /home/airflow/.local/lib/python3.7/site-packages/airflow/example_dags/example_local_kubernetes_executor.py
[2023-03-01T15:34:38.569+0000] {logging_mixin.py:137} INFO - [2023-03-01T15:34:38.568+0000] {dag.py:2690} INFO - Sync 1 DAGs
[2023-03-01T15:34:38.598+0000] {logging_mixin.py:137} INFO - [2023-03-01T15:34:38.598+0000] {dag.py:3441} INFO - Setting next_dagrun for example_local_kubernetes_executor to None, run_after=None
[2023-03-01T15:34:38.617+0000] {processor.py:175} INFO - Processing /home/airflow/.local/lib/python3.7/site-packages/airflow/example_dags/example_local_kubernetes_executor.py took 0.093 seconds
[2023-03-01T15:35:09.239+0000] {processor.py:153} INFO - Started process (PID=3026) to work on /home/airflow/.local/lib/python3.7/site-packages/airflow/example_dags/example_local_kubernetes_executor.py
[2023-03-01T15:35:09.240+0000] {processor.py:743} INFO - Processing file /home/airflow/.local/lib/python3.7/site-packages/airflow/example_dags/example_local_kubernetes_executor.py for tasks to queue
[2023-03-01T15:35:09.241+0000] {logging_mixin.py:137} INFO - [2023-03-01T15:35:09.240+0000] {dagbag.py:538} INFO - Filling up the DagBag from /home/airflow/.local/lib/python3.7/site-packages/airflow/example_dags/example_local_kubernetes_executor.py
[2023-03-01T15:35:09.260+0000] {processor.py:753} INFO - DAG(s) dict_keys(['example_local_kubernetes_executor']) retrieved from /home/airflow/.local/lib/python3.7/site-packages/airflow/example_dags/example_local_kubernetes_executor.py
[2023-03-01T15:35:09.292+0000] {logging_mixin.py:137} INFO - [2023-03-01T15:35:09.292+0000] {dag.py:2690} INFO - Sync 1 DAGs
[2023-03-01T15:35:09.323+0000] {logging_mixin.py:137} INFO - [2023-03-01T15:35:09.322+0000] {dag.py:3441} INFO - Setting next_dagrun for example_local_kubernetes_executor to None, run_after=None
[2023-03-01T15:35:09.347+0000] {processor.py:175} INFO - Processing /home/airflow/.local/lib/python3.7/site-packages/airflow/example_dags/example_local_kubernetes_executor.py took 0.110 seconds
[2023-03-01T15:35:39.615+0000] {processor.py:153} INFO - Started process (PID=3105) to work on /home/airflow/.local/lib/python3.7/site-packages/airflow/example_dags/example_local_kubernetes_executor.py
[2023-03-01T15:35:39.616+0000] {processor.py:743} INFO - Processing file /home/airflow/.local/lib/python3.7/site-packages/airflow/example_dags/example_local_kubernetes_executor.py for tasks to queue
[2023-03-01T15:35:39.616+0000] {logging_mixin.py:137} INFO - [2023-03-01T15:35:39.616+0000] {dagbag.py:538} INFO - Filling up the DagBag from /home/airflow/.local/lib/python3.7/site-packages/airflow/example_dags/example_local_kubernetes_executor.py
[2023-03-01T15:35:39.637+0000] {processor.py:753} INFO - DAG(s) dict_keys(['example_local_kubernetes_executor']) retrieved from /home/airflow/.local/lib/python3.7/site-packages/airflow/example_dags/example_local_kubernetes_executor.py
[2023-03-01T15:35:39.660+0000] {logging_mixin.py:137} INFO - [2023-03-01T15:35:39.660+0000] {dag.py:2690} INFO - Sync 1 DAGs
[2023-03-01T15:35:39.682+0000] {logging_mixin.py:137} INFO - [2023-03-01T15:35:39.681+0000] {dag.py:3441} INFO - Setting next_dagrun for example_local_kubernetes_executor to None, run_after=None
[2023-03-01T15:35:39.702+0000] {processor.py:175} INFO - Processing /home/airflow/.local/lib/python3.7/site-packages/airflow/example_dags/example_local_kubernetes_executor.py took 0.089 seconds
[2023-03-01T15:36:10.146+0000] {processor.py:153} INFO - Started process (PID=3204) to work on /home/airflow/.local/lib/python3.7/site-packages/airflow/example_dags/example_local_kubernetes_executor.py
[2023-03-01T15:36:10.147+0000] {processor.py:743} INFO - Processing file /home/airflow/.local/lib/python3.7/site-packages/airflow/example_dags/example_local_kubernetes_executor.py for tasks to queue
[2023-03-01T15:36:10.147+0000] {logging_mixin.py:137} INFO - [2023-03-01T15:36:10.147+0000] {dagbag.py:538} INFO - Filling up the DagBag from /home/airflow/.local/lib/python3.7/site-packages/airflow/example_dags/example_local_kubernetes_executor.py
[2023-03-01T15:36:10.167+0000] {processor.py:753} INFO - DAG(s) dict_keys(['example_local_kubernetes_executor']) retrieved from /home/airflow/.local/lib/python3.7/site-packages/airflow/example_dags/example_local_kubernetes_executor.py
[2023-03-01T15:36:10.194+0000] {logging_mixin.py:137} INFO - [2023-03-01T15:36:10.194+0000] {dag.py:2690} INFO - Sync 1 DAGs
[2023-03-01T15:36:10.220+0000] {logging_mixin.py:137} INFO - [2023-03-01T15:36:10.220+0000] {dag.py:3441} INFO - Setting next_dagrun for example_local_kubernetes_executor to None, run_after=None
[2023-03-01T15:36:10.241+0000] {processor.py:175} INFO - Processing /home/airflow/.local/lib/python3.7/site-packages/airflow/example_dags/example_local_kubernetes_executor.py took 0.097 seconds
[2023-03-01T15:36:40.792+0000] {processor.py:153} INFO - Started process (PID=3283) to work on /home/airflow/.local/lib/python3.7/site-packages/airflow/example_dags/example_local_kubernetes_executor.py
[2023-03-01T15:36:40.793+0000] {processor.py:743} INFO - Processing file /home/airflow/.local/lib/python3.7/site-packages/airflow/example_dags/example_local_kubernetes_executor.py for tasks to queue
[2023-03-01T15:36:40.793+0000] {logging_mixin.py:137} INFO - [2023-03-01T15:36:40.793+0000] {dagbag.py:538} INFO - Filling up the DagBag from /home/airflow/.local/lib/python3.7/site-packages/airflow/example_dags/example_local_kubernetes_executor.py
[2023-03-01T15:36:40.812+0000] {processor.py:753} INFO - DAG(s) dict_keys(['example_local_kubernetes_executor']) retrieved from /home/airflow/.local/lib/python3.7/site-packages/airflow/example_dags/example_local_kubernetes_executor.py
[2023-03-01T15:36:40.838+0000] {logging_mixin.py:137} INFO - [2023-03-01T15:36:40.837+0000] {dag.py:2690} INFO - Sync 1 DAGs
[2023-03-01T15:36:40.863+0000] {logging_mixin.py:137} INFO - [2023-03-01T15:36:40.863+0000] {dag.py:3441} INFO - Setting next_dagrun for example_local_kubernetes_executor to None, run_after=None
[2023-03-01T15:36:40.886+0000] {processor.py:175} INFO - Processing /home/airflow/.local/lib/python3.7/site-packages/airflow/example_dags/example_local_kubernetes_executor.py took 0.096 seconds
[2023-03-01T15:37:11.457+0000] {processor.py:153} INFO - Started process (PID=3382) to work on /home/airflow/.local/lib/python3.7/site-packages/airflow/example_dags/example_local_kubernetes_executor.py
[2023-03-01T15:37:11.457+0000] {processor.py:743} INFO - Processing file /home/airflow/.local/lib/python3.7/site-packages/airflow/example_dags/example_local_kubernetes_executor.py for tasks to queue
[2023-03-01T15:37:11.458+0000] {logging_mixin.py:137} INFO - [2023-03-01T15:37:11.458+0000] {dagbag.py:538} INFO - Filling up the DagBag from /home/airflow/.local/lib/python3.7/site-packages/airflow/example_dags/example_local_kubernetes_executor.py
[2023-03-01T15:37:11.475+0000] {processor.py:753} INFO - DAG(s) dict_keys(['example_local_kubernetes_executor']) retrieved from /home/airflow/.local/lib/python3.7/site-packages/airflow/example_dags/example_local_kubernetes_executor.py
[2023-03-01T15:37:11.499+0000] {logging_mixin.py:137} INFO - [2023-03-01T15:37:11.499+0000] {dag.py:2690} INFO - Sync 1 DAGs
[2023-03-01T15:37:11.521+0000] {logging_mixin.py:137} INFO - [2023-03-01T15:37:11.520+0000] {dag.py:3441} INFO - Setting next_dagrun for example_local_kubernetes_executor to None, run_after=None
[2023-03-01T15:37:11.539+0000] {processor.py:175} INFO - Processing /home/airflow/.local/lib/python3.7/site-packages/airflow/example_dags/example_local_kubernetes_executor.py took 0.084 seconds
[2023-03-01T15:37:42.358+0000] {processor.py:153} INFO - Started process (PID=3461) to work on /home/airflow/.local/lib/python3.7/site-packages/airflow/example_dags/example_local_kubernetes_executor.py
[2023-03-01T15:37:42.358+0000] {processor.py:743} INFO - Processing file /home/airflow/.local/lib/python3.7/site-packages/airflow/example_dags/example_local_kubernetes_executor.py for tasks to queue
[2023-03-01T15:37:42.359+0000] {logging_mixin.py:137} INFO - [2023-03-01T15:37:42.359+0000] {dagbag.py:538} INFO - Filling up the DagBag from /home/airflow/.local/lib/python3.7/site-packages/airflow/example_dags/example_local_kubernetes_executor.py
[2023-03-01T15:37:42.377+0000] {processor.py:753} INFO - DAG(s) dict_keys(['example_local_kubernetes_executor']) retrieved from /home/airflow/.local/lib/python3.7/site-packages/airflow/example_dags/example_local_kubernetes_executor.py
[2023-03-01T15:37:42.407+0000] {logging_mixin.py:137} INFO - [2023-03-01T15:37:42.406+0000] {dag.py:2690} INFO - Sync 1 DAGs
[2023-03-01T15:37:42.432+0000] {logging_mixin.py:137} INFO - [2023-03-01T15:37:42.432+0000] {dag.py:3441} INFO - Setting next_dagrun for example_local_kubernetes_executor to None, run_after=None
[2023-03-01T15:37:42.454+0000] {processor.py:175} INFO - Processing /home/airflow/.local/lib/python3.7/site-packages/airflow/example_dags/example_local_kubernetes_executor.py took 0.099 seconds
[2023-03-01T15:38:12.872+0000] {processor.py:153} INFO - Started process (PID=3560) to work on /home/airflow/.local/lib/python3.7/site-packages/airflow/example_dags/example_local_kubernetes_executor.py
[2023-03-01T15:38:12.873+0000] {processor.py:743} INFO - Processing file /home/airflow/.local/lib/python3.7/site-packages/airflow/example_dags/example_local_kubernetes_executor.py for tasks to queue
[2023-03-01T15:38:12.873+0000] {logging_mixin.py:137} INFO - [2023-03-01T15:38:12.873+0000] {dagbag.py:538} INFO - Filling up the DagBag from /home/airflow/.local/lib/python3.7/site-packages/airflow/example_dags/example_local_kubernetes_executor.py
[2023-03-01T15:38:12.891+0000] {processor.py:753} INFO - DAG(s) dict_keys(['example_local_kubernetes_executor']) retrieved from /home/airflow/.local/lib/python3.7/site-packages/airflow/example_dags/example_local_kubernetes_executor.py
[2023-03-01T15:38:12.914+0000] {logging_mixin.py:137} INFO - [2023-03-01T15:38:12.913+0000] {dag.py:2690} INFO - Sync 1 DAGs
[2023-03-01T15:38:12.936+0000] {logging_mixin.py:137} INFO - [2023-03-01T15:38:12.936+0000] {dag.py:3441} INFO - Setting next_dagrun for example_local_kubernetes_executor to None, run_after=None
[2023-03-01T15:38:12.953+0000] {processor.py:175} INFO - Processing /home/airflow/.local/lib/python3.7/site-packages/airflow/example_dags/example_local_kubernetes_executor.py took 0.084 seconds
[2023-03-01T15:38:43.458+0000] {processor.py:153} INFO - Started process (PID=3639) to work on /home/airflow/.local/lib/python3.7/site-packages/airflow/example_dags/example_local_kubernetes_executor.py
[2023-03-01T15:38:43.458+0000] {processor.py:743} INFO - Processing file /home/airflow/.local/lib/python3.7/site-packages/airflow/example_dags/example_local_kubernetes_executor.py for tasks to queue
[2023-03-01T15:38:43.459+0000] {logging_mixin.py:137} INFO - [2023-03-01T15:38:43.459+0000] {dagbag.py:538} INFO - Filling up the DagBag from /home/airflow/.local/lib/python3.7/site-packages/airflow/example_dags/example_local_kubernetes_executor.py
[2023-03-01T15:38:43.478+0000] {processor.py:753} INFO - DAG(s) dict_keys(['example_local_kubernetes_executor']) retrieved from /home/airflow/.local/lib/python3.7/site-packages/airflow/example_dags/example_local_kubernetes_executor.py
[2023-03-01T15:38:43.502+0000] {logging_mixin.py:137} INFO - [2023-03-01T15:38:43.502+0000] {dag.py:2690} INFO - Sync 1 DAGs
[2023-03-01T15:38:43.524+0000] {logging_mixin.py:137} INFO - [2023-03-01T15:38:43.524+0000] {dag.py:3441} INFO - Setting next_dagrun for example_local_kubernetes_executor to None, run_after=None
[2023-03-01T15:38:43.542+0000] {processor.py:175} INFO - Processing /home/airflow/.local/lib/python3.7/site-packages/airflow/example_dags/example_local_kubernetes_executor.py took 0.086 seconds
[2023-03-01T15:39:13.885+0000] {processor.py:153} INFO - Started process (PID=3739) to work on /home/airflow/.local/lib/python3.7/site-packages/airflow/example_dags/example_local_kubernetes_executor.py
[2023-03-01T15:39:13.886+0000] {processor.py:743} INFO - Processing file /home/airflow/.local/lib/python3.7/site-packages/airflow/example_dags/example_local_kubernetes_executor.py for tasks to queue
[2023-03-01T15:39:13.886+0000] {logging_mixin.py:137} INFO - [2023-03-01T15:39:13.886+0000] {dagbag.py:538} INFO - Filling up the DagBag from /home/airflow/.local/lib/python3.7/site-packages/airflow/example_dags/example_local_kubernetes_executor.py
[2023-03-01T15:39:13.904+0000] {processor.py:753} INFO - DAG(s) dict_keys(['example_local_kubernetes_executor']) retrieved from /home/airflow/.local/lib/python3.7/site-packages/airflow/example_dags/example_local_kubernetes_executor.py
[2023-03-01T15:39:13.927+0000] {logging_mixin.py:137} INFO - [2023-03-01T15:39:13.927+0000] {dag.py:2690} INFO - Sync 1 DAGs
[2023-03-01T15:39:13.949+0000] {logging_mixin.py:137} INFO - [2023-03-01T15:39:13.949+0000] {dag.py:3441} INFO - Setting next_dagrun for example_local_kubernetes_executor to None, run_after=None
[2023-03-01T15:39:13.966+0000] {processor.py:175} INFO - Processing /home/airflow/.local/lib/python3.7/site-packages/airflow/example_dags/example_local_kubernetes_executor.py took 0.083 seconds
[2023-03-01T15:39:44.332+0000] {processor.py:153} INFO - Started process (PID=3818) to work on /home/airflow/.local/lib/python3.7/site-packages/airflow/example_dags/example_local_kubernetes_executor.py
[2023-03-01T15:39:44.332+0000] {processor.py:743} INFO - Processing file /home/airflow/.local/lib/python3.7/site-packages/airflow/example_dags/example_local_kubernetes_executor.py for tasks to queue
[2023-03-01T15:39:44.333+0000] {logging_mixin.py:137} INFO - [2023-03-01T15:39:44.333+0000] {dagbag.py:538} INFO - Filling up the DagBag from /home/airflow/.local/lib/python3.7/site-packages/airflow/example_dags/example_local_kubernetes_executor.py
[2023-03-01T15:39:44.350+0000] {processor.py:753} INFO - DAG(s) dict_keys(['example_local_kubernetes_executor']) retrieved from /home/airflow/.local/lib/python3.7/site-packages/airflow/example_dags/example_local_kubernetes_executor.py
[2023-03-01T15:39:44.374+0000] {logging_mixin.py:137} INFO - [2023-03-01T15:39:44.373+0000] {dag.py:2690} INFO - Sync 1 DAGs
[2023-03-01T15:39:44.398+0000] {logging_mixin.py:137} INFO - [2023-03-01T15:39:44.398+0000] {dag.py:3441} INFO - Setting next_dagrun for example_local_kubernetes_executor to None, run_after=None
[2023-03-01T15:39:44.418+0000] {processor.py:175} INFO - Processing /home/airflow/.local/lib/python3.7/site-packages/airflow/example_dags/example_local_kubernetes_executor.py took 0.088 seconds
[2023-03-01T15:40:15.085+0000] {processor.py:153} INFO - Started process (PID=3917) to work on /home/airflow/.local/lib/python3.7/site-packages/airflow/example_dags/example_local_kubernetes_executor.py
[2023-03-01T15:40:15.085+0000] {processor.py:743} INFO - Processing file /home/airflow/.local/lib/python3.7/site-packages/airflow/example_dags/example_local_kubernetes_executor.py for tasks to queue
[2023-03-01T15:40:15.086+0000] {logging_mixin.py:137} INFO - [2023-03-01T15:40:15.086+0000] {dagbag.py:538} INFO - Filling up the DagBag from /home/airflow/.local/lib/python3.7/site-packages/airflow/example_dags/example_local_kubernetes_executor.py
[2023-03-01T15:40:15.104+0000] {processor.py:753} INFO - DAG(s) dict_keys(['example_local_kubernetes_executor']) retrieved from /home/airflow/.local/lib/python3.7/site-packages/airflow/example_dags/example_local_kubernetes_executor.py
[2023-03-01T15:40:15.127+0000] {logging_mixin.py:137} INFO - [2023-03-01T15:40:15.127+0000] {dag.py:2690} INFO - Sync 1 DAGs
[2023-03-01T15:40:15.151+0000] {logging_mixin.py:137} INFO - [2023-03-01T15:40:15.151+0000] {dag.py:3441} INFO - Setting next_dagrun for example_local_kubernetes_executor to None, run_after=None
[2023-03-01T15:40:15.169+0000] {processor.py:175} INFO - Processing /home/airflow/.local/lib/python3.7/site-packages/airflow/example_dags/example_local_kubernetes_executor.py took 0.087 seconds
[2023-03-01T15:40:45.696+0000] {processor.py:153} INFO - Started process (PID=3996) to work on /home/airflow/.local/lib/python3.7/site-packages/airflow/example_dags/example_local_kubernetes_executor.py
[2023-03-01T15:40:45.697+0000] {processor.py:743} INFO - Processing file /home/airflow/.local/lib/python3.7/site-packages/airflow/example_dags/example_local_kubernetes_executor.py for tasks to queue
[2023-03-01T15:40:45.697+0000] {logging_mixin.py:137} INFO - [2023-03-01T15:40:45.697+0000] {dagbag.py:538} INFO - Filling up the DagBag from /home/airflow/.local/lib/python3.7/site-packages/airflow/example_dags/example_local_kubernetes_executor.py
[2023-03-01T15:40:45.714+0000] {processor.py:753} INFO - DAG(s) dict_keys(['example_local_kubernetes_executor']) retrieved from /home/airflow/.local/lib/python3.7/site-packages/airflow/example_dags/example_local_kubernetes_executor.py
[2023-03-01T15:40:45.738+0000] {logging_mixin.py:137} INFO - [2023-03-01T15:40:45.738+0000] {dag.py:2690} INFO - Sync 1 DAGs
[2023-03-01T15:40:45.761+0000] {logging_mixin.py:137} INFO - [2023-03-01T15:40:45.761+0000] {dag.py:3441} INFO - Setting next_dagrun for example_local_kubernetes_executor to None, run_after=None
[2023-03-01T15:40:45.783+0000] {processor.py:175} INFO - Processing /home/airflow/.local/lib/python3.7/site-packages/airflow/example_dags/example_local_kubernetes_executor.py took 0.090 seconds
[2023-03-01T15:41:16.469+0000] {processor.py:153} INFO - Started process (PID=4095) to work on /home/airflow/.local/lib/python3.7/site-packages/airflow/example_dags/example_local_kubernetes_executor.py
[2023-03-01T15:41:16.470+0000] {processor.py:743} INFO - Processing file /home/airflow/.local/lib/python3.7/site-packages/airflow/example_dags/example_local_kubernetes_executor.py for tasks to queue
[2023-03-01T15:41:16.470+0000] {logging_mixin.py:137} INFO - [2023-03-01T15:41:16.470+0000] {dagbag.py:538} INFO - Filling up the DagBag from /home/airflow/.local/lib/python3.7/site-packages/airflow/example_dags/example_local_kubernetes_executor.py
[2023-03-01T15:41:16.488+0000] {processor.py:753} INFO - DAG(s) dict_keys(['example_local_kubernetes_executor']) retrieved from /home/airflow/.local/lib/python3.7/site-packages/airflow/example_dags/example_local_kubernetes_executor.py
[2023-03-01T15:41:16.514+0000] {logging_mixin.py:137} INFO - [2023-03-01T15:41:16.514+0000] {dag.py:2690} INFO - Sync 1 DAGs
[2023-03-01T15:41:16.536+0000] {logging_mixin.py:137} INFO - [2023-03-01T15:41:16.536+0000] {dag.py:3441} INFO - Setting next_dagrun for example_local_kubernetes_executor to None, run_after=None
[2023-03-01T15:41:16.554+0000] {processor.py:175} INFO - Processing /home/airflow/.local/lib/python3.7/site-packages/airflow/example_dags/example_local_kubernetes_executor.py took 0.087 seconds
[2023-03-01T15:41:46.995+0000] {processor.py:153} INFO - Started process (PID=4183) to work on /home/airflow/.local/lib/python3.7/site-packages/airflow/example_dags/example_local_kubernetes_executor.py
[2023-03-01T15:41:46.996+0000] {processor.py:743} INFO - Processing file /home/airflow/.local/lib/python3.7/site-packages/airflow/example_dags/example_local_kubernetes_executor.py for tasks to queue
[2023-03-01T15:41:46.996+0000] {logging_mixin.py:137} INFO - [2023-03-01T15:41:46.996+0000] {dagbag.py:538} INFO - Filling up the DagBag from /home/airflow/.local/lib/python3.7/site-packages/airflow/example_dags/example_local_kubernetes_executor.py
[2023-03-01T15:41:47.015+0000] {processor.py:753} INFO - DAG(s) dict_keys(['example_local_kubernetes_executor']) retrieved from /home/airflow/.local/lib/python3.7/site-packages/airflow/example_dags/example_local_kubernetes_executor.py
[2023-03-01T15:41:47.042+0000] {logging_mixin.py:137} INFO - [2023-03-01T15:41:47.042+0000] {dag.py:2690} INFO - Sync 1 DAGs
[2023-03-01T15:41:47.067+0000] {logging_mixin.py:137} INFO - [2023-03-01T15:41:47.067+0000] {dag.py:3441} INFO - Setting next_dagrun for example_local_kubernetes_executor to None, run_after=None
[2023-03-01T15:41:47.087+0000] {processor.py:175} INFO - Processing /home/airflow/.local/lib/python3.7/site-packages/airflow/example_dags/example_local_kubernetes_executor.py took 0.095 seconds
[2023-03-01T15:42:17.653+0000] {processor.py:153} INFO - Started process (PID=4273) to work on /home/airflow/.local/lib/python3.7/site-packages/airflow/example_dags/example_local_kubernetes_executor.py
[2023-03-01T15:42:17.654+0000] {processor.py:743} INFO - Processing file /home/airflow/.local/lib/python3.7/site-packages/airflow/example_dags/example_local_kubernetes_executor.py for tasks to queue
[2023-03-01T15:42:17.654+0000] {logging_mixin.py:137} INFO - [2023-03-01T15:42:17.654+0000] {dagbag.py:538} INFO - Filling up the DagBag from /home/airflow/.local/lib/python3.7/site-packages/airflow/example_dags/example_local_kubernetes_executor.py
[2023-03-01T15:42:17.672+0000] {processor.py:753} INFO - DAG(s) dict_keys(['example_local_kubernetes_executor']) retrieved from /home/airflow/.local/lib/python3.7/site-packages/airflow/example_dags/example_local_kubernetes_executor.py
[2023-03-01T15:42:17.696+0000] {logging_mixin.py:137} INFO - [2023-03-01T15:42:17.695+0000] {dag.py:2690} INFO - Sync 1 DAGs
[2023-03-01T15:42:17.719+0000] {logging_mixin.py:137} INFO - [2023-03-01T15:42:17.718+0000] {dag.py:3441} INFO - Setting next_dagrun for example_local_kubernetes_executor to None, run_after=None
[2023-03-01T15:42:17.738+0000] {processor.py:175} INFO - Processing /home/airflow/.local/lib/python3.7/site-packages/airflow/example_dags/example_local_kubernetes_executor.py took 0.087 seconds
[2023-03-01T15:42:48.503+0000] {processor.py:153} INFO - Started process (PID=4361) to work on /home/airflow/.local/lib/python3.7/site-packages/airflow/example_dags/example_local_kubernetes_executor.py
[2023-03-01T15:42:48.503+0000] {processor.py:743} INFO - Processing file /home/airflow/.local/lib/python3.7/site-packages/airflow/example_dags/example_local_kubernetes_executor.py for tasks to queue
[2023-03-01T15:42:48.504+0000] {logging_mixin.py:137} INFO - [2023-03-01T15:42:48.504+0000] {dagbag.py:538} INFO - Filling up the DagBag from /home/airflow/.local/lib/python3.7/site-packages/airflow/example_dags/example_local_kubernetes_executor.py
[2023-03-01T15:42:48.522+0000] {processor.py:753} INFO - DAG(s) dict_keys(['example_local_kubernetes_executor']) retrieved from /home/airflow/.local/lib/python3.7/site-packages/airflow/example_dags/example_local_kubernetes_executor.py
[2023-03-01T15:42:48.551+0000] {logging_mixin.py:137} INFO - [2023-03-01T15:42:48.551+0000] {dag.py:2690} INFO - Sync 1 DAGs
[2023-03-01T15:42:48.580+0000] {logging_mixin.py:137} INFO - [2023-03-01T15:42:48.580+0000] {dag.py:3441} INFO - Setting next_dagrun for example_local_kubernetes_executor to None, run_after=None
[2023-03-01T15:42:48.599+0000] {processor.py:175} INFO - Processing /home/airflow/.local/lib/python3.7/site-packages/airflow/example_dags/example_local_kubernetes_executor.py took 0.099 seconds
[2023-03-01T15:43:18.808+0000] {processor.py:153} INFO - Started process (PID=4451) to work on /home/airflow/.local/lib/python3.7/site-packages/airflow/example_dags/example_local_kubernetes_executor.py
[2023-03-01T15:43:18.809+0000] {processor.py:743} INFO - Processing file /home/airflow/.local/lib/python3.7/site-packages/airflow/example_dags/example_local_kubernetes_executor.py for tasks to queue
[2023-03-01T15:43:18.809+0000] {logging_mixin.py:137} INFO - [2023-03-01T15:43:18.809+0000] {dagbag.py:538} INFO - Filling up the DagBag from /home/airflow/.local/lib/python3.7/site-packages/airflow/example_dags/example_local_kubernetes_executor.py
[2023-03-01T15:43:18.827+0000] {processor.py:753} INFO - DAG(s) dict_keys(['example_local_kubernetes_executor']) retrieved from /home/airflow/.local/lib/python3.7/site-packages/airflow/example_dags/example_local_kubernetes_executor.py
[2023-03-01T15:43:18.849+0000] {logging_mixin.py:137} INFO - [2023-03-01T15:43:18.848+0000] {dag.py:2690} INFO - Sync 1 DAGs
[2023-03-01T15:43:18.871+0000] {logging_mixin.py:137} INFO - [2023-03-01T15:43:18.871+0000] {dag.py:3441} INFO - Setting next_dagrun for example_local_kubernetes_executor to None, run_after=None
[2023-03-01T15:43:18.890+0000] {processor.py:175} INFO - Processing /home/airflow/.local/lib/python3.7/site-packages/airflow/example_dags/example_local_kubernetes_executor.py took 0.084 seconds
[2023-03-01T20:03:08.904+0000] {processor.py:153} INFO - Started process (PID=57) to work on /home/airflow/.local/lib/python3.7/site-packages/airflow/example_dags/example_local_kubernetes_executor.py
[2023-03-01T20:03:08.904+0000] {processor.py:743} INFO - Processing file /home/airflow/.local/lib/python3.7/site-packages/airflow/example_dags/example_local_kubernetes_executor.py for tasks to queue
[2023-03-01T20:03:08.905+0000] {logging_mixin.py:137} INFO - [2023-03-01T20:03:08.905+0000] {dagbag.py:538} INFO - Filling up the DagBag from /home/airflow/.local/lib/python3.7/site-packages/airflow/example_dags/example_local_kubernetes_executor.py
[2023-03-01T20:03:08.929+0000] {processor.py:753} INFO - DAG(s) dict_keys(['example_local_kubernetes_executor']) retrieved from /home/airflow/.local/lib/python3.7/site-packages/airflow/example_dags/example_local_kubernetes_executor.py
[2023-03-01T20:03:08.959+0000] {logging_mixin.py:137} INFO - [2023-03-01T20:03:08.959+0000] {dag.py:2690} INFO - Sync 1 DAGs
[2023-03-01T20:03:08.994+0000] {logging_mixin.py:137} INFO - [2023-03-01T20:03:08.994+0000] {dag.py:3441} INFO - Setting next_dagrun for example_local_kubernetes_executor to None, run_after=None
[2023-03-01T20:03:09.028+0000] {processor.py:175} INFO - Processing /home/airflow/.local/lib/python3.7/site-packages/airflow/example_dags/example_local_kubernetes_executor.py took 0.127 seconds
[2023-03-01T20:03:40.010+0000] {processor.py:153} INFO - Started process (PID=156) to work on /home/airflow/.local/lib/python3.7/site-packages/airflow/example_dags/example_local_kubernetes_executor.py
[2023-03-01T20:03:40.010+0000] {processor.py:743} INFO - Processing file /home/airflow/.local/lib/python3.7/site-packages/airflow/example_dags/example_local_kubernetes_executor.py for tasks to queue
[2023-03-01T20:03:40.011+0000] {logging_mixin.py:137} INFO - [2023-03-01T20:03:40.011+0000] {dagbag.py:538} INFO - Filling up the DagBag from /home/airflow/.local/lib/python3.7/site-packages/airflow/example_dags/example_local_kubernetes_executor.py
[2023-03-01T20:03:40.029+0000] {processor.py:753} INFO - DAG(s) dict_keys(['example_local_kubernetes_executor']) retrieved from /home/airflow/.local/lib/python3.7/site-packages/airflow/example_dags/example_local_kubernetes_executor.py
[2023-03-01T20:03:40.053+0000] {logging_mixin.py:137} INFO - [2023-03-01T20:03:40.053+0000] {dag.py:2690} INFO - Sync 1 DAGs
[2023-03-01T20:03:40.074+0000] {logging_mixin.py:137} INFO - [2023-03-01T20:03:40.074+0000] {dag.py:3441} INFO - Setting next_dagrun for example_local_kubernetes_executor to None, run_after=None
[2023-03-01T20:03:40.092+0000] {processor.py:175} INFO - Processing /home/airflow/.local/lib/python3.7/site-packages/airflow/example_dags/example_local_kubernetes_executor.py took 0.084 seconds
[2023-03-01T20:04:10.816+0000] {processor.py:153} INFO - Started process (PID=235) to work on /home/airflow/.local/lib/python3.7/site-packages/airflow/example_dags/example_local_kubernetes_executor.py
[2023-03-01T20:04:10.817+0000] {processor.py:743} INFO - Processing file /home/airflow/.local/lib/python3.7/site-packages/airflow/example_dags/example_local_kubernetes_executor.py for tasks to queue
[2023-03-01T20:04:10.818+0000] {logging_mixin.py:137} INFO - [2023-03-01T20:04:10.817+0000] {dagbag.py:538} INFO - Filling up the DagBag from /home/airflow/.local/lib/python3.7/site-packages/airflow/example_dags/example_local_kubernetes_executor.py
[2023-03-01T20:04:10.840+0000] {processor.py:753} INFO - DAG(s) dict_keys(['example_local_kubernetes_executor']) retrieved from /home/airflow/.local/lib/python3.7/site-packages/airflow/example_dags/example_local_kubernetes_executor.py
[2023-03-01T20:04:10.865+0000] {logging_mixin.py:137} INFO - [2023-03-01T20:04:10.865+0000] {dag.py:2690} INFO - Sync 1 DAGs
[2023-03-01T20:04:10.888+0000] {logging_mixin.py:137} INFO - [2023-03-01T20:04:10.888+0000] {dag.py:3441} INFO - Setting next_dagrun for example_local_kubernetes_executor to None, run_after=None
[2023-03-01T20:04:10.907+0000] {processor.py:175} INFO - Processing /home/airflow/.local/lib/python3.7/site-packages/airflow/example_dags/example_local_kubernetes_executor.py took 0.095 seconds
[2023-03-01T20:04:41.219+0000] {processor.py:153} INFO - Started process (PID=334) to work on /home/airflow/.local/lib/python3.7/site-packages/airflow/example_dags/example_local_kubernetes_executor.py
[2023-03-01T20:04:41.220+0000] {processor.py:743} INFO - Processing file /home/airflow/.local/lib/python3.7/site-packages/airflow/example_dags/example_local_kubernetes_executor.py for tasks to queue
[2023-03-01T20:04:41.220+0000] {logging_mixin.py:137} INFO - [2023-03-01T20:04:41.220+0000] {dagbag.py:538} INFO - Filling up the DagBag from /home/airflow/.local/lib/python3.7/site-packages/airflow/example_dags/example_local_kubernetes_executor.py
[2023-03-01T20:04:41.237+0000] {processor.py:753} INFO - DAG(s) dict_keys(['example_local_kubernetes_executor']) retrieved from /home/airflow/.local/lib/python3.7/site-packages/airflow/example_dags/example_local_kubernetes_executor.py
[2023-03-01T20:04:41.261+0000] {logging_mixin.py:137} INFO - [2023-03-01T20:04:41.260+0000] {dag.py:2690} INFO - Sync 1 DAGs
[2023-03-01T20:04:41.283+0000] {logging_mixin.py:137} INFO - [2023-03-01T20:04:41.282+0000] {dag.py:3441} INFO - Setting next_dagrun for example_local_kubernetes_executor to None, run_after=None
[2023-03-01T20:04:41.300+0000] {processor.py:175} INFO - Processing /home/airflow/.local/lib/python3.7/site-packages/airflow/example_dags/example_local_kubernetes_executor.py took 0.083 seconds
[2023-03-01T20:05:11.692+0000] {processor.py:153} INFO - Started process (PID=413) to work on /home/airflow/.local/lib/python3.7/site-packages/airflow/example_dags/example_local_kubernetes_executor.py
[2023-03-01T20:05:11.693+0000] {processor.py:743} INFO - Processing file /home/airflow/.local/lib/python3.7/site-packages/airflow/example_dags/example_local_kubernetes_executor.py for tasks to queue
[2023-03-01T20:05:11.693+0000] {logging_mixin.py:137} INFO - [2023-03-01T20:05:11.693+0000] {dagbag.py:538} INFO - Filling up the DagBag from /home/airflow/.local/lib/python3.7/site-packages/airflow/example_dags/example_local_kubernetes_executor.py
[2023-03-01T20:05:11.711+0000] {processor.py:753} INFO - DAG(s) dict_keys(['example_local_kubernetes_executor']) retrieved from /home/airflow/.local/lib/python3.7/site-packages/airflow/example_dags/example_local_kubernetes_executor.py
[2023-03-01T20:05:11.734+0000] {logging_mixin.py:137} INFO - [2023-03-01T20:05:11.734+0000] {dag.py:2690} INFO - Sync 1 DAGs
[2023-03-01T20:05:11.758+0000] {logging_mixin.py:137} INFO - [2023-03-01T20:05:11.758+0000] {dag.py:3441} INFO - Setting next_dagrun for example_local_kubernetes_executor to None, run_after=None
[2023-03-01T20:05:11.777+0000] {processor.py:175} INFO - Processing /home/airflow/.local/lib/python3.7/site-packages/airflow/example_dags/example_local_kubernetes_executor.py took 0.087 seconds
[2023-03-01T20:05:42.121+0000] {processor.py:153} INFO - Started process (PID=512) to work on /home/airflow/.local/lib/python3.7/site-packages/airflow/example_dags/example_local_kubernetes_executor.py
[2023-03-01T20:05:42.122+0000] {processor.py:743} INFO - Processing file /home/airflow/.local/lib/python3.7/site-packages/airflow/example_dags/example_local_kubernetes_executor.py for tasks to queue
[2023-03-01T20:05:42.122+0000] {logging_mixin.py:137} INFO - [2023-03-01T20:05:42.122+0000] {dagbag.py:538} INFO - Filling up the DagBag from /home/airflow/.local/lib/python3.7/site-packages/airflow/example_dags/example_local_kubernetes_executor.py
[2023-03-01T20:05:42.139+0000] {processor.py:753} INFO - DAG(s) dict_keys(['example_local_kubernetes_executor']) retrieved from /home/airflow/.local/lib/python3.7/site-packages/airflow/example_dags/example_local_kubernetes_executor.py
[2023-03-01T20:05:42.165+0000] {logging_mixin.py:137} INFO - [2023-03-01T20:05:42.165+0000] {dag.py:2690} INFO - Sync 1 DAGs
[2023-03-01T20:05:42.189+0000] {logging_mixin.py:137} INFO - [2023-03-01T20:05:42.189+0000] {dag.py:3441} INFO - Setting next_dagrun for example_local_kubernetes_executor to None, run_after=None
[2023-03-01T20:05:42.210+0000] {processor.py:175} INFO - Processing /home/airflow/.local/lib/python3.7/site-packages/airflow/example_dags/example_local_kubernetes_executor.py took 0.091 seconds
[2023-03-01T20:06:12.843+0000] {processor.py:153} INFO - Started process (PID=591) to work on /home/airflow/.local/lib/python3.7/site-packages/airflow/example_dags/example_local_kubernetes_executor.py
[2023-03-01T20:06:12.844+0000] {processor.py:743} INFO - Processing file /home/airflow/.local/lib/python3.7/site-packages/airflow/example_dags/example_local_kubernetes_executor.py for tasks to queue
[2023-03-01T20:06:12.844+0000] {logging_mixin.py:137} INFO - [2023-03-01T20:06:12.844+0000] {dagbag.py:538} INFO - Filling up the DagBag from /home/airflow/.local/lib/python3.7/site-packages/airflow/example_dags/example_local_kubernetes_executor.py
[2023-03-01T20:06:12.861+0000] {processor.py:753} INFO - DAG(s) dict_keys(['example_local_kubernetes_executor']) retrieved from /home/airflow/.local/lib/python3.7/site-packages/airflow/example_dags/example_local_kubernetes_executor.py
[2023-03-01T20:06:12.883+0000] {logging_mixin.py:137} INFO - [2023-03-01T20:06:12.883+0000] {dag.py:2690} INFO - Sync 1 DAGs
[2023-03-01T20:06:12.906+0000] {logging_mixin.py:137} INFO - [2023-03-01T20:06:12.906+0000] {dag.py:3441} INFO - Setting next_dagrun for example_local_kubernetes_executor to None, run_after=None
[2023-03-01T20:06:12.922+0000] {processor.py:175} INFO - Processing /home/airflow/.local/lib/python3.7/site-packages/airflow/example_dags/example_local_kubernetes_executor.py took 0.081 seconds
[2023-03-01T20:06:43.233+0000] {processor.py:153} INFO - Started process (PID=690) to work on /home/airflow/.local/lib/python3.7/site-packages/airflow/example_dags/example_local_kubernetes_executor.py
[2023-03-01T20:06:43.234+0000] {processor.py:743} INFO - Processing file /home/airflow/.local/lib/python3.7/site-packages/airflow/example_dags/example_local_kubernetes_executor.py for tasks to queue
[2023-03-01T20:06:43.234+0000] {logging_mixin.py:137} INFO - [2023-03-01T20:06:43.234+0000] {dagbag.py:538} INFO - Filling up the DagBag from /home/airflow/.local/lib/python3.7/site-packages/airflow/example_dags/example_local_kubernetes_executor.py
[2023-03-01T20:06:43.252+0000] {processor.py:753} INFO - DAG(s) dict_keys(['example_local_kubernetes_executor']) retrieved from /home/airflow/.local/lib/python3.7/site-packages/airflow/example_dags/example_local_kubernetes_executor.py
[2023-03-01T20:06:43.275+0000] {logging_mixin.py:137} INFO - [2023-03-01T20:06:43.274+0000] {dag.py:2690} INFO - Sync 1 DAGs
[2023-03-01T20:06:43.295+0000] {logging_mixin.py:137} INFO - [2023-03-01T20:06:43.295+0000] {dag.py:3441} INFO - Setting next_dagrun for example_local_kubernetes_executor to None, run_after=None
[2023-03-01T20:06:43.312+0000] {processor.py:175} INFO - Processing /home/airflow/.local/lib/python3.7/site-packages/airflow/example_dags/example_local_kubernetes_executor.py took 0.082 seconds
[2023-03-01T20:07:13.652+0000] {processor.py:153} INFO - Started process (PID=769) to work on /home/airflow/.local/lib/python3.7/site-packages/airflow/example_dags/example_local_kubernetes_executor.py
[2023-03-01T20:07:13.652+0000] {processor.py:743} INFO - Processing file /home/airflow/.local/lib/python3.7/site-packages/airflow/example_dags/example_local_kubernetes_executor.py for tasks to queue
[2023-03-01T20:07:13.653+0000] {logging_mixin.py:137} INFO - [2023-03-01T20:07:13.653+0000] {dagbag.py:538} INFO - Filling up the DagBag from /home/airflow/.local/lib/python3.7/site-packages/airflow/example_dags/example_local_kubernetes_executor.py
[2023-03-01T20:07:13.669+0000] {processor.py:753} INFO - DAG(s) dict_keys(['example_local_kubernetes_executor']) retrieved from /home/airflow/.local/lib/python3.7/site-packages/airflow/example_dags/example_local_kubernetes_executor.py
[2023-03-01T20:07:13.693+0000] {logging_mixin.py:137} INFO - [2023-03-01T20:07:13.693+0000] {dag.py:2690} INFO - Sync 1 DAGs
[2023-03-01T20:07:13.715+0000] {logging_mixin.py:137} INFO - [2023-03-01T20:07:13.714+0000] {dag.py:3441} INFO - Setting next_dagrun for example_local_kubernetes_executor to None, run_after=None
[2023-03-01T20:07:13.732+0000] {processor.py:175} INFO - Processing /home/airflow/.local/lib/python3.7/site-packages/airflow/example_dags/example_local_kubernetes_executor.py took 0.083 seconds
[2023-03-01T20:07:44.584+0000] {processor.py:153} INFO - Started process (PID=868) to work on /home/airflow/.local/lib/python3.7/site-packages/airflow/example_dags/example_local_kubernetes_executor.py
[2023-03-01T20:07:44.584+0000] {processor.py:743} INFO - Processing file /home/airflow/.local/lib/python3.7/site-packages/airflow/example_dags/example_local_kubernetes_executor.py for tasks to queue
[2023-03-01T20:07:44.585+0000] {logging_mixin.py:137} INFO - [2023-03-01T20:07:44.585+0000] {dagbag.py:538} INFO - Filling up the DagBag from /home/airflow/.local/lib/python3.7/site-packages/airflow/example_dags/example_local_kubernetes_executor.py
[2023-03-01T20:07:44.604+0000] {processor.py:753} INFO - DAG(s) dict_keys(['example_local_kubernetes_executor']) retrieved from /home/airflow/.local/lib/python3.7/site-packages/airflow/example_dags/example_local_kubernetes_executor.py
[2023-03-01T20:07:44.629+0000] {logging_mixin.py:137} INFO - [2023-03-01T20:07:44.629+0000] {dag.py:2690} INFO - Sync 1 DAGs
[2023-03-01T20:07:44.652+0000] {logging_mixin.py:137} INFO - [2023-03-01T20:07:44.652+0000] {dag.py:3441} INFO - Setting next_dagrun for example_local_kubernetes_executor to None, run_after=None
[2023-03-01T20:07:44.669+0000] {processor.py:175} INFO - Processing /home/airflow/.local/lib/python3.7/site-packages/airflow/example_dags/example_local_kubernetes_executor.py took 0.088 seconds
