[2023-03-01T15:18:18.474+0000] {processor.py:153} INFO - Started process (PID=67) to work on /home/airflow/.local/lib/python3.7/site-packages/airflow/example_dags/example_external_task_marker_dag.py
[2023-03-01T15:18:18.474+0000] {processor.py:743} INFO - Processing file /home/airflow/.local/lib/python3.7/site-packages/airflow/example_dags/example_external_task_marker_dag.py for tasks to queue
[2023-03-01T15:18:18.475+0000] {logging_mixin.py:137} INFO - [2023-03-01T15:18:18.475+0000] {dagbag.py:538} INFO - Filling up the DagBag from /home/airflow/.local/lib/python3.7/site-packages/airflow/example_dags/example_external_task_marker_dag.py
[2023-03-01T15:18:18.492+0000] {processor.py:753} INFO - DAG(s) dict_keys(['example_external_task_marker_child', 'example_external_task_marker_parent']) retrieved from /home/airflow/.local/lib/python3.7/site-packages/airflow/example_dags/example_external_task_marker_dag.py
[2023-03-01T15:18:18.508+0000] {logging_mixin.py:137} INFO - [2023-03-01T15:18:18.508+0000] {dag.py:2690} INFO - Sync 2 DAGs
[2023-03-01T15:18:18.553+0000] {logging_mixin.py:137} INFO - [2023-03-01T15:18:18.553+0000] {dag.py:3441} INFO - Setting next_dagrun for example_external_task_marker_child to None, run_after=None
[2023-03-01T15:18:18.561+0000] {logging_mixin.py:137} INFO - [2023-03-01T15:18:18.561+0000] {dag.py:3441} INFO - Setting next_dagrun for example_external_task_marker_parent to None, run_after=None
[2023-03-01T15:18:18.592+0000] {processor.py:175} INFO - Processing /home/airflow/.local/lib/python3.7/site-packages/airflow/example_dags/example_external_task_marker_dag.py took 0.122 seconds
[2023-03-01T15:18:48.700+0000] {processor.py:153} INFO - Started process (PID=157) to work on /home/airflow/.local/lib/python3.7/site-packages/airflow/example_dags/example_external_task_marker_dag.py
[2023-03-01T15:18:48.700+0000] {processor.py:743} INFO - Processing file /home/airflow/.local/lib/python3.7/site-packages/airflow/example_dags/example_external_task_marker_dag.py for tasks to queue
[2023-03-01T15:18:48.701+0000] {logging_mixin.py:137} INFO - [2023-03-01T15:18:48.700+0000] {dagbag.py:538} INFO - Filling up the DagBag from /home/airflow/.local/lib/python3.7/site-packages/airflow/example_dags/example_external_task_marker_dag.py
[2023-03-01T15:18:48.711+0000] {processor.py:753} INFO - DAG(s) dict_keys(['example_external_task_marker_child', 'example_external_task_marker_parent']) retrieved from /home/airflow/.local/lib/python3.7/site-packages/airflow/example_dags/example_external_task_marker_dag.py
[2023-03-01T15:18:48.767+0000] {logging_mixin.py:137} INFO - [2023-03-01T15:18:48.767+0000] {dag.py:2690} INFO - Sync 2 DAGs
[2023-03-01T15:18:48.788+0000] {logging_mixin.py:137} INFO - [2023-03-01T15:18:48.788+0000] {dag.py:3441} INFO - Setting next_dagrun for example_external_task_marker_child to None, run_after=None
[2023-03-01T15:18:48.791+0000] {logging_mixin.py:137} INFO - [2023-03-01T15:18:48.791+0000] {dag.py:3441} INFO - Setting next_dagrun for example_external_task_marker_parent to None, run_after=None
[2023-03-01T15:18:48.812+0000] {processor.py:175} INFO - Processing /home/airflow/.local/lib/python3.7/site-packages/airflow/example_dags/example_external_task_marker_dag.py took 0.114 seconds
[2023-03-01T15:19:19.377+0000] {processor.py:153} INFO - Started process (PID=236) to work on /home/airflow/.local/lib/python3.7/site-packages/airflow/example_dags/example_external_task_marker_dag.py
[2023-03-01T15:19:19.378+0000] {processor.py:743} INFO - Processing file /home/airflow/.local/lib/python3.7/site-packages/airflow/example_dags/example_external_task_marker_dag.py for tasks to queue
[2023-03-01T15:19:19.378+0000] {logging_mixin.py:137} INFO - [2023-03-01T15:19:19.378+0000] {dagbag.py:538} INFO - Filling up the DagBag from /home/airflow/.local/lib/python3.7/site-packages/airflow/example_dags/example_external_task_marker_dag.py
[2023-03-01T15:19:19.390+0000] {processor.py:753} INFO - DAG(s) dict_keys(['example_external_task_marker_child', 'example_external_task_marker_parent']) retrieved from /home/airflow/.local/lib/python3.7/site-packages/airflow/example_dags/example_external_task_marker_dag.py
[2023-03-01T15:19:19.422+0000] {logging_mixin.py:137} INFO - [2023-03-01T15:19:19.422+0000] {dag.py:2690} INFO - Sync 2 DAGs
[2023-03-01T15:19:19.457+0000] {logging_mixin.py:137} INFO - [2023-03-01T15:19:19.457+0000] {dag.py:3441} INFO - Setting next_dagrun for example_external_task_marker_child to None, run_after=None
[2023-03-01T15:19:19.462+0000] {logging_mixin.py:137} INFO - [2023-03-01T15:19:19.462+0000] {dag.py:3441} INFO - Setting next_dagrun for example_external_task_marker_parent to None, run_after=None
[2023-03-01T15:19:19.485+0000] {processor.py:175} INFO - Processing /home/airflow/.local/lib/python3.7/site-packages/airflow/example_dags/example_external_task_marker_dag.py took 0.110 seconds
[2023-03-01T15:19:50.351+0000] {processor.py:153} INFO - Started process (PID=335) to work on /home/airflow/.local/lib/python3.7/site-packages/airflow/example_dags/example_external_task_marker_dag.py
[2023-03-01T15:19:50.351+0000] {processor.py:743} INFO - Processing file /home/airflow/.local/lib/python3.7/site-packages/airflow/example_dags/example_external_task_marker_dag.py for tasks to queue
[2023-03-01T15:19:50.352+0000] {logging_mixin.py:137} INFO - [2023-03-01T15:19:50.352+0000] {dagbag.py:538} INFO - Filling up the DagBag from /home/airflow/.local/lib/python3.7/site-packages/airflow/example_dags/example_external_task_marker_dag.py
[2023-03-01T15:19:50.363+0000] {processor.py:753} INFO - DAG(s) dict_keys(['example_external_task_marker_child', 'example_external_task_marker_parent']) retrieved from /home/airflow/.local/lib/python3.7/site-packages/airflow/example_dags/example_external_task_marker_dag.py
[2023-03-01T15:19:50.391+0000] {logging_mixin.py:137} INFO - [2023-03-01T15:19:50.391+0000] {dag.py:2690} INFO - Sync 2 DAGs
[2023-03-01T15:19:50.416+0000] {logging_mixin.py:137} INFO - [2023-03-01T15:19:50.416+0000] {dag.py:3441} INFO - Setting next_dagrun for example_external_task_marker_child to None, run_after=None
[2023-03-01T15:19:50.420+0000] {logging_mixin.py:137} INFO - [2023-03-01T15:19:50.420+0000] {dag.py:3441} INFO - Setting next_dagrun for example_external_task_marker_parent to None, run_after=None
[2023-03-01T15:19:50.437+0000] {processor.py:175} INFO - Processing /home/airflow/.local/lib/python3.7/site-packages/airflow/example_dags/example_external_task_marker_dag.py took 0.089 seconds
[2023-03-01T15:20:20.977+0000] {processor.py:153} INFO - Started process (PID=414) to work on /home/airflow/.local/lib/python3.7/site-packages/airflow/example_dags/example_external_task_marker_dag.py
[2023-03-01T15:20:20.978+0000] {processor.py:743} INFO - Processing file /home/airflow/.local/lib/python3.7/site-packages/airflow/example_dags/example_external_task_marker_dag.py for tasks to queue
[2023-03-01T15:20:20.979+0000] {logging_mixin.py:137} INFO - [2023-03-01T15:20:20.979+0000] {dagbag.py:538} INFO - Filling up the DagBag from /home/airflow/.local/lib/python3.7/site-packages/airflow/example_dags/example_external_task_marker_dag.py
[2023-03-01T15:20:20.990+0000] {processor.py:753} INFO - DAG(s) dict_keys(['example_external_task_marker_parent', 'example_external_task_marker_child']) retrieved from /home/airflow/.local/lib/python3.7/site-packages/airflow/example_dags/example_external_task_marker_dag.py
[2023-03-01T15:20:21.016+0000] {logging_mixin.py:137} INFO - [2023-03-01T15:20:21.016+0000] {dag.py:2690} INFO - Sync 2 DAGs
[2023-03-01T15:20:21.040+0000] {logging_mixin.py:137} INFO - [2023-03-01T15:20:21.040+0000] {dag.py:3441} INFO - Setting next_dagrun for example_external_task_marker_child to None, run_after=None
[2023-03-01T15:20:21.044+0000] {logging_mixin.py:137} INFO - [2023-03-01T15:20:21.043+0000] {dag.py:3441} INFO - Setting next_dagrun for example_external_task_marker_parent to None, run_after=None
[2023-03-01T15:20:21.062+0000] {processor.py:175} INFO - Processing /home/airflow/.local/lib/python3.7/site-packages/airflow/example_dags/example_external_task_marker_dag.py took 0.087 seconds
[2023-03-01T15:20:51.954+0000] {processor.py:153} INFO - Started process (PID=513) to work on /home/airflow/.local/lib/python3.7/site-packages/airflow/example_dags/example_external_task_marker_dag.py
[2023-03-01T15:20:51.955+0000] {processor.py:743} INFO - Processing file /home/airflow/.local/lib/python3.7/site-packages/airflow/example_dags/example_external_task_marker_dag.py for tasks to queue
[2023-03-01T15:20:51.955+0000] {logging_mixin.py:137} INFO - [2023-03-01T15:20:51.955+0000] {dagbag.py:538} INFO - Filling up the DagBag from /home/airflow/.local/lib/python3.7/site-packages/airflow/example_dags/example_external_task_marker_dag.py
[2023-03-01T15:20:51.965+0000] {processor.py:753} INFO - DAG(s) dict_keys(['example_external_task_marker_parent', 'example_external_task_marker_child']) retrieved from /home/airflow/.local/lib/python3.7/site-packages/airflow/example_dags/example_external_task_marker_dag.py
[2023-03-01T15:20:51.989+0000] {logging_mixin.py:137} INFO - [2023-03-01T15:20:51.989+0000] {dag.py:2690} INFO - Sync 2 DAGs
[2023-03-01T15:20:52.011+0000] {logging_mixin.py:137} INFO - [2023-03-01T15:20:52.011+0000] {dag.py:3441} INFO - Setting next_dagrun for example_external_task_marker_child to None, run_after=None
[2023-03-01T15:20:52.014+0000] {logging_mixin.py:137} INFO - [2023-03-01T15:20:52.014+0000] {dag.py:3441} INFO - Setting next_dagrun for example_external_task_marker_parent to None, run_after=None
[2023-03-01T15:20:52.032+0000] {processor.py:175} INFO - Processing /home/airflow/.local/lib/python3.7/site-packages/airflow/example_dags/example_external_task_marker_dag.py took 0.080 seconds
[2023-03-01T15:21:22.352+0000] {processor.py:153} INFO - Started process (PID=601) to work on /home/airflow/.local/lib/python3.7/site-packages/airflow/example_dags/example_external_task_marker_dag.py
[2023-03-01T15:21:22.353+0000] {processor.py:743} INFO - Processing file /home/airflow/.local/lib/python3.7/site-packages/airflow/example_dags/example_external_task_marker_dag.py for tasks to queue
[2023-03-01T15:21:22.353+0000] {logging_mixin.py:137} INFO - [2023-03-01T15:21:22.353+0000] {dagbag.py:538} INFO - Filling up the DagBag from /home/airflow/.local/lib/python3.7/site-packages/airflow/example_dags/example_external_task_marker_dag.py
[2023-03-01T15:21:22.365+0000] {processor.py:753} INFO - DAG(s) dict_keys(['example_external_task_marker_parent', 'example_external_task_marker_child']) retrieved from /home/airflow/.local/lib/python3.7/site-packages/airflow/example_dags/example_external_task_marker_dag.py
[2023-03-01T15:21:22.388+0000] {logging_mixin.py:137} INFO - [2023-03-01T15:21:22.388+0000] {dag.py:2690} INFO - Sync 2 DAGs
[2023-03-01T15:21:22.411+0000] {logging_mixin.py:137} INFO - [2023-03-01T15:21:22.411+0000] {dag.py:3441} INFO - Setting next_dagrun for example_external_task_marker_child to None, run_after=None
[2023-03-01T15:21:22.414+0000] {logging_mixin.py:137} INFO - [2023-03-01T15:21:22.414+0000] {dag.py:3441} INFO - Setting next_dagrun for example_external_task_marker_parent to None, run_after=None
[2023-03-01T15:21:22.431+0000] {processor.py:175} INFO - Processing /home/airflow/.local/lib/python3.7/site-packages/airflow/example_dags/example_external_task_marker_dag.py took 0.082 seconds
[2023-03-01T15:21:52.753+0000] {processor.py:153} INFO - Started process (PID=692) to work on /home/airflow/.local/lib/python3.7/site-packages/airflow/example_dags/example_external_task_marker_dag.py
[2023-03-01T15:21:52.753+0000] {processor.py:743} INFO - Processing file /home/airflow/.local/lib/python3.7/site-packages/airflow/example_dags/example_external_task_marker_dag.py for tasks to queue
[2023-03-01T15:21:52.754+0000] {logging_mixin.py:137} INFO - [2023-03-01T15:21:52.754+0000] {dagbag.py:538} INFO - Filling up the DagBag from /home/airflow/.local/lib/python3.7/site-packages/airflow/example_dags/example_external_task_marker_dag.py
[2023-03-01T15:21:52.764+0000] {processor.py:753} INFO - DAG(s) dict_keys(['example_external_task_marker_parent', 'example_external_task_marker_child']) retrieved from /home/airflow/.local/lib/python3.7/site-packages/airflow/example_dags/example_external_task_marker_dag.py
[2023-03-01T15:21:52.804+0000] {logging_mixin.py:137} INFO - [2023-03-01T15:21:52.804+0000] {dag.py:2690} INFO - Sync 2 DAGs
[2023-03-01T15:21:52.833+0000] {logging_mixin.py:137} INFO - [2023-03-01T15:21:52.833+0000] {dag.py:3441} INFO - Setting next_dagrun for example_external_task_marker_child to None, run_after=None
[2023-03-01T15:21:52.836+0000] {logging_mixin.py:137} INFO - [2023-03-01T15:21:52.836+0000] {dag.py:3441} INFO - Setting next_dagrun for example_external_task_marker_parent to None, run_after=None
[2023-03-01T15:21:52.854+0000] {processor.py:175} INFO - Processing /home/airflow/.local/lib/python3.7/site-packages/airflow/example_dags/example_external_task_marker_dag.py took 0.103 seconds
[2023-03-01T15:22:23.448+0000] {processor.py:153} INFO - Started process (PID=780) to work on /home/airflow/.local/lib/python3.7/site-packages/airflow/example_dags/example_external_task_marker_dag.py
[2023-03-01T15:22:23.448+0000] {processor.py:743} INFO - Processing file /home/airflow/.local/lib/python3.7/site-packages/airflow/example_dags/example_external_task_marker_dag.py for tasks to queue
[2023-03-01T15:22:23.449+0000] {logging_mixin.py:137} INFO - [2023-03-01T15:22:23.449+0000] {dagbag.py:538} INFO - Filling up the DagBag from /home/airflow/.local/lib/python3.7/site-packages/airflow/example_dags/example_external_task_marker_dag.py
[2023-03-01T15:22:23.461+0000] {processor.py:753} INFO - DAG(s) dict_keys(['example_external_task_marker_child', 'example_external_task_marker_parent']) retrieved from /home/airflow/.local/lib/python3.7/site-packages/airflow/example_dags/example_external_task_marker_dag.py
[2023-03-01T15:22:23.493+0000] {logging_mixin.py:137} INFO - [2023-03-01T15:22:23.493+0000] {dag.py:2690} INFO - Sync 2 DAGs
[2023-03-01T15:22:23.548+0000] {logging_mixin.py:137} INFO - [2023-03-01T15:22:23.548+0000] {dag.py:3441} INFO - Setting next_dagrun for example_external_task_marker_child to None, run_after=None
[2023-03-01T15:22:23.553+0000] {logging_mixin.py:137} INFO - [2023-03-01T15:22:23.553+0000] {dag.py:3441} INFO - Setting next_dagrun for example_external_task_marker_parent to None, run_after=None
[2023-03-01T15:22:23.606+0000] {processor.py:175} INFO - Processing /home/airflow/.local/lib/python3.7/site-packages/airflow/example_dags/example_external_task_marker_dag.py took 0.161 seconds
[2023-03-01T15:22:53.736+0000] {processor.py:153} INFO - Started process (PID=870) to work on /home/airflow/.local/lib/python3.7/site-packages/airflow/example_dags/example_external_task_marker_dag.py
[2023-03-01T15:22:53.737+0000] {processor.py:743} INFO - Processing file /home/airflow/.local/lib/python3.7/site-packages/airflow/example_dags/example_external_task_marker_dag.py for tasks to queue
[2023-03-01T15:22:53.738+0000] {logging_mixin.py:137} INFO - [2023-03-01T15:22:53.737+0000] {dagbag.py:538} INFO - Filling up the DagBag from /home/airflow/.local/lib/python3.7/site-packages/airflow/example_dags/example_external_task_marker_dag.py
[2023-03-01T15:22:53.749+0000] {processor.py:753} INFO - DAG(s) dict_keys(['example_external_task_marker_child', 'example_external_task_marker_parent']) retrieved from /home/airflow/.local/lib/python3.7/site-packages/airflow/example_dags/example_external_task_marker_dag.py
[2023-03-01T15:22:53.782+0000] {logging_mixin.py:137} INFO - [2023-03-01T15:22:53.781+0000] {dag.py:2690} INFO - Sync 2 DAGs
[2023-03-01T15:22:53.815+0000] {logging_mixin.py:137} INFO - [2023-03-01T15:22:53.814+0000] {dag.py:3441} INFO - Setting next_dagrun for example_external_task_marker_child to None, run_after=None
[2023-03-01T15:22:53.819+0000] {logging_mixin.py:137} INFO - [2023-03-01T15:22:53.819+0000] {dag.py:3441} INFO - Setting next_dagrun for example_external_task_marker_parent to None, run_after=None
[2023-03-01T15:22:53.841+0000] {processor.py:175} INFO - Processing /home/airflow/.local/lib/python3.7/site-packages/airflow/example_dags/example_external_task_marker_dag.py took 0.107 seconds
[2023-03-01T15:23:24.598+0000] {processor.py:153} INFO - Started process (PID=969) to work on /home/airflow/.local/lib/python3.7/site-packages/airflow/example_dags/example_external_task_marker_dag.py
[2023-03-01T15:23:24.599+0000] {processor.py:743} INFO - Processing file /home/airflow/.local/lib/python3.7/site-packages/airflow/example_dags/example_external_task_marker_dag.py for tasks to queue
[2023-03-01T15:23:24.599+0000] {logging_mixin.py:137} INFO - [2023-03-01T15:23:24.599+0000] {dagbag.py:538} INFO - Filling up the DagBag from /home/airflow/.local/lib/python3.7/site-packages/airflow/example_dags/example_external_task_marker_dag.py
[2023-03-01T15:23:24.610+0000] {processor.py:753} INFO - DAG(s) dict_keys(['example_external_task_marker_parent', 'example_external_task_marker_child']) retrieved from /home/airflow/.local/lib/python3.7/site-packages/airflow/example_dags/example_external_task_marker_dag.py
[2023-03-01T15:23:24.640+0000] {logging_mixin.py:137} INFO - [2023-03-01T15:23:24.640+0000] {dag.py:2690} INFO - Sync 2 DAGs
[2023-03-01T15:23:24.664+0000] {logging_mixin.py:137} INFO - [2023-03-01T15:23:24.664+0000] {dag.py:3441} INFO - Setting next_dagrun for example_external_task_marker_child to None, run_after=None
[2023-03-01T15:23:24.668+0000] {logging_mixin.py:137} INFO - [2023-03-01T15:23:24.667+0000] {dag.py:3441} INFO - Setting next_dagrun for example_external_task_marker_parent to None, run_after=None
[2023-03-01T15:23:24.686+0000] {processor.py:175} INFO - Processing /home/airflow/.local/lib/python3.7/site-packages/airflow/example_dags/example_external_task_marker_dag.py took 0.092 seconds
[2023-03-01T15:23:55.009+0000] {processor.py:153} INFO - Started process (PID=1048) to work on /home/airflow/.local/lib/python3.7/site-packages/airflow/example_dags/example_external_task_marker_dag.py
[2023-03-01T15:23:55.010+0000] {processor.py:743} INFO - Processing file /home/airflow/.local/lib/python3.7/site-packages/airflow/example_dags/example_external_task_marker_dag.py for tasks to queue
[2023-03-01T15:23:55.010+0000] {logging_mixin.py:137} INFO - [2023-03-01T15:23:55.010+0000] {dagbag.py:538} INFO - Filling up the DagBag from /home/airflow/.local/lib/python3.7/site-packages/airflow/example_dags/example_external_task_marker_dag.py
[2023-03-01T15:23:55.020+0000] {processor.py:753} INFO - DAG(s) dict_keys(['example_external_task_marker_parent', 'example_external_task_marker_child']) retrieved from /home/airflow/.local/lib/python3.7/site-packages/airflow/example_dags/example_external_task_marker_dag.py
[2023-03-01T15:23:55.046+0000] {logging_mixin.py:137} INFO - [2023-03-01T15:23:55.046+0000] {dag.py:2690} INFO - Sync 2 DAGs
[2023-03-01T15:23:55.069+0000] {logging_mixin.py:137} INFO - [2023-03-01T15:23:55.068+0000] {dag.py:3441} INFO - Setting next_dagrun for example_external_task_marker_child to None, run_after=None
[2023-03-01T15:23:55.072+0000] {logging_mixin.py:137} INFO - [2023-03-01T15:23:55.072+0000] {dag.py:3441} INFO - Setting next_dagrun for example_external_task_marker_parent to None, run_after=None
[2023-03-01T15:23:55.088+0000] {processor.py:175} INFO - Processing /home/airflow/.local/lib/python3.7/site-packages/airflow/example_dags/example_external_task_marker_dag.py took 0.082 seconds
[2023-03-01T15:24:25.714+0000] {processor.py:153} INFO - Started process (PID=1147) to work on /home/airflow/.local/lib/python3.7/site-packages/airflow/example_dags/example_external_task_marker_dag.py
[2023-03-01T15:24:25.715+0000] {processor.py:743} INFO - Processing file /home/airflow/.local/lib/python3.7/site-packages/airflow/example_dags/example_external_task_marker_dag.py for tasks to queue
[2023-03-01T15:24:25.716+0000] {logging_mixin.py:137} INFO - [2023-03-01T15:24:25.716+0000] {dagbag.py:538} INFO - Filling up the DagBag from /home/airflow/.local/lib/python3.7/site-packages/airflow/example_dags/example_external_task_marker_dag.py
[2023-03-01T15:24:25.729+0000] {processor.py:753} INFO - DAG(s) dict_keys(['example_external_task_marker_child', 'example_external_task_marker_parent']) retrieved from /home/airflow/.local/lib/python3.7/site-packages/airflow/example_dags/example_external_task_marker_dag.py
[2023-03-01T15:24:25.754+0000] {logging_mixin.py:137} INFO - [2023-03-01T15:24:25.754+0000] {dag.py:2690} INFO - Sync 2 DAGs
[2023-03-01T15:24:25.777+0000] {logging_mixin.py:137} INFO - [2023-03-01T15:24:25.777+0000] {dag.py:3441} INFO - Setting next_dagrun for example_external_task_marker_child to None, run_after=None
[2023-03-01T15:24:25.781+0000] {logging_mixin.py:137} INFO - [2023-03-01T15:24:25.781+0000] {dag.py:3441} INFO - Setting next_dagrun for example_external_task_marker_parent to None, run_after=None
[2023-03-01T15:24:25.797+0000] {processor.py:175} INFO - Processing /home/airflow/.local/lib/python3.7/site-packages/airflow/example_dags/example_external_task_marker_dag.py took 0.086 seconds
[2023-03-01T15:24:56.300+0000] {processor.py:153} INFO - Started process (PID=1226) to work on /home/airflow/.local/lib/python3.7/site-packages/airflow/example_dags/example_external_task_marker_dag.py
[2023-03-01T15:24:56.301+0000] {processor.py:743} INFO - Processing file /home/airflow/.local/lib/python3.7/site-packages/airflow/example_dags/example_external_task_marker_dag.py for tasks to queue
[2023-03-01T15:24:56.301+0000] {logging_mixin.py:137} INFO - [2023-03-01T15:24:56.301+0000] {dagbag.py:538} INFO - Filling up the DagBag from /home/airflow/.local/lib/python3.7/site-packages/airflow/example_dags/example_external_task_marker_dag.py
[2023-03-01T15:24:56.311+0000] {processor.py:753} INFO - DAG(s) dict_keys(['example_external_task_marker_child', 'example_external_task_marker_parent']) retrieved from /home/airflow/.local/lib/python3.7/site-packages/airflow/example_dags/example_external_task_marker_dag.py
[2023-03-01T15:24:56.336+0000] {logging_mixin.py:137} INFO - [2023-03-01T15:24:56.336+0000] {dag.py:2690} INFO - Sync 2 DAGs
[2023-03-01T15:24:56.360+0000] {logging_mixin.py:137} INFO - [2023-03-01T15:24:56.360+0000] {dag.py:3441} INFO - Setting next_dagrun for example_external_task_marker_child to None, run_after=None
[2023-03-01T15:24:56.363+0000] {logging_mixin.py:137} INFO - [2023-03-01T15:24:56.363+0000] {dag.py:3441} INFO - Setting next_dagrun for example_external_task_marker_parent to None, run_after=None
[2023-03-01T15:24:56.381+0000] {processor.py:175} INFO - Processing /home/airflow/.local/lib/python3.7/site-packages/airflow/example_dags/example_external_task_marker_dag.py took 0.083 seconds
[2023-03-01T15:25:26.963+0000] {processor.py:153} INFO - Started process (PID=1325) to work on /home/airflow/.local/lib/python3.7/site-packages/airflow/example_dags/example_external_task_marker_dag.py
[2023-03-01T15:25:26.963+0000] {processor.py:743} INFO - Processing file /home/airflow/.local/lib/python3.7/site-packages/airflow/example_dags/example_external_task_marker_dag.py for tasks to queue
[2023-03-01T15:25:26.964+0000] {logging_mixin.py:137} INFO - [2023-03-01T15:25:26.964+0000] {dagbag.py:538} INFO - Filling up the DagBag from /home/airflow/.local/lib/python3.7/site-packages/airflow/example_dags/example_external_task_marker_dag.py
[2023-03-01T15:25:26.975+0000] {processor.py:753} INFO - DAG(s) dict_keys(['example_external_task_marker_parent', 'example_external_task_marker_child']) retrieved from /home/airflow/.local/lib/python3.7/site-packages/airflow/example_dags/example_external_task_marker_dag.py
[2023-03-01T15:25:27.000+0000] {logging_mixin.py:137} INFO - [2023-03-01T15:25:27.000+0000] {dag.py:2690} INFO - Sync 2 DAGs
[2023-03-01T15:25:27.025+0000] {logging_mixin.py:137} INFO - [2023-03-01T15:25:27.025+0000] {dag.py:3441} INFO - Setting next_dagrun for example_external_task_marker_child to None, run_after=None
[2023-03-01T15:25:27.028+0000] {logging_mixin.py:137} INFO - [2023-03-01T15:25:27.028+0000] {dag.py:3441} INFO - Setting next_dagrun for example_external_task_marker_parent to None, run_after=None
[2023-03-01T15:25:27.046+0000] {processor.py:175} INFO - Processing /home/airflow/.local/lib/python3.7/site-packages/airflow/example_dags/example_external_task_marker_dag.py took 0.086 seconds
[2023-03-01T15:25:57.636+0000] {processor.py:153} INFO - Started process (PID=1404) to work on /home/airflow/.local/lib/python3.7/site-packages/airflow/example_dags/example_external_task_marker_dag.py
[2023-03-01T15:25:57.637+0000] {processor.py:743} INFO - Processing file /home/airflow/.local/lib/python3.7/site-packages/airflow/example_dags/example_external_task_marker_dag.py for tasks to queue
[2023-03-01T15:25:57.638+0000] {logging_mixin.py:137} INFO - [2023-03-01T15:25:57.637+0000] {dagbag.py:538} INFO - Filling up the DagBag from /home/airflow/.local/lib/python3.7/site-packages/airflow/example_dags/example_external_task_marker_dag.py
[2023-03-01T15:25:57.647+0000] {processor.py:753} INFO - DAG(s) dict_keys(['example_external_task_marker_parent', 'example_external_task_marker_child']) retrieved from /home/airflow/.local/lib/python3.7/site-packages/airflow/example_dags/example_external_task_marker_dag.py
[2023-03-01T15:25:57.674+0000] {logging_mixin.py:137} INFO - [2023-03-01T15:25:57.674+0000] {dag.py:2690} INFO - Sync 2 DAGs
[2023-03-01T15:25:57.698+0000] {logging_mixin.py:137} INFO - [2023-03-01T15:25:57.698+0000] {dag.py:3441} INFO - Setting next_dagrun for example_external_task_marker_child to None, run_after=None
[2023-03-01T15:25:57.701+0000] {logging_mixin.py:137} INFO - [2023-03-01T15:25:57.701+0000] {dag.py:3441} INFO - Setting next_dagrun for example_external_task_marker_parent to None, run_after=None
[2023-03-01T15:25:57.718+0000] {processor.py:175} INFO - Processing /home/airflow/.local/lib/python3.7/site-packages/airflow/example_dags/example_external_task_marker_dag.py took 0.084 seconds
[2023-03-01T15:26:28.375+0000] {processor.py:153} INFO - Started process (PID=1503) to work on /home/airflow/.local/lib/python3.7/site-packages/airflow/example_dags/example_external_task_marker_dag.py
[2023-03-01T15:26:28.375+0000] {processor.py:743} INFO - Processing file /home/airflow/.local/lib/python3.7/site-packages/airflow/example_dags/example_external_task_marker_dag.py for tasks to queue
[2023-03-01T15:26:28.376+0000] {logging_mixin.py:137} INFO - [2023-03-01T15:26:28.376+0000] {dagbag.py:538} INFO - Filling up the DagBag from /home/airflow/.local/lib/python3.7/site-packages/airflow/example_dags/example_external_task_marker_dag.py
[2023-03-01T15:26:28.385+0000] {processor.py:753} INFO - DAG(s) dict_keys(['example_external_task_marker_child', 'example_external_task_marker_parent']) retrieved from /home/airflow/.local/lib/python3.7/site-packages/airflow/example_dags/example_external_task_marker_dag.py
[2023-03-01T15:26:28.408+0000] {logging_mixin.py:137} INFO - [2023-03-01T15:26:28.408+0000] {dag.py:2690} INFO - Sync 2 DAGs
[2023-03-01T15:26:28.431+0000] {logging_mixin.py:137} INFO - [2023-03-01T15:26:28.431+0000] {dag.py:3441} INFO - Setting next_dagrun for example_external_task_marker_child to None, run_after=None
[2023-03-01T15:26:28.434+0000] {logging_mixin.py:137} INFO - [2023-03-01T15:26:28.434+0000] {dag.py:3441} INFO - Setting next_dagrun for example_external_task_marker_parent to None, run_after=None
[2023-03-01T15:26:28.451+0000] {processor.py:175} INFO - Processing /home/airflow/.local/lib/python3.7/site-packages/airflow/example_dags/example_external_task_marker_dag.py took 0.079 seconds
[2023-03-01T15:26:58.613+0000] {processor.py:153} INFO - Started process (PID=1582) to work on /home/airflow/.local/lib/python3.7/site-packages/airflow/example_dags/example_external_task_marker_dag.py
[2023-03-01T15:26:58.613+0000] {processor.py:743} INFO - Processing file /home/airflow/.local/lib/python3.7/site-packages/airflow/example_dags/example_external_task_marker_dag.py for tasks to queue
[2023-03-01T15:26:58.614+0000] {logging_mixin.py:137} INFO - [2023-03-01T15:26:58.614+0000] {dagbag.py:538} INFO - Filling up the DagBag from /home/airflow/.local/lib/python3.7/site-packages/airflow/example_dags/example_external_task_marker_dag.py
[2023-03-01T15:26:58.624+0000] {processor.py:753} INFO - DAG(s) dict_keys(['example_external_task_marker_parent', 'example_external_task_marker_child']) retrieved from /home/airflow/.local/lib/python3.7/site-packages/airflow/example_dags/example_external_task_marker_dag.py
[2023-03-01T15:26:58.647+0000] {logging_mixin.py:137} INFO - [2023-03-01T15:26:58.647+0000] {dag.py:2690} INFO - Sync 2 DAGs
[2023-03-01T15:26:58.671+0000] {logging_mixin.py:137} INFO - [2023-03-01T15:26:58.671+0000] {dag.py:3441} INFO - Setting next_dagrun for example_external_task_marker_child to None, run_after=None
[2023-03-01T15:26:58.674+0000] {logging_mixin.py:137} INFO - [2023-03-01T15:26:58.674+0000] {dag.py:3441} INFO - Setting next_dagrun for example_external_task_marker_parent to None, run_after=None
[2023-03-01T15:26:58.691+0000] {processor.py:175} INFO - Processing /home/airflow/.local/lib/python3.7/site-packages/airflow/example_dags/example_external_task_marker_dag.py took 0.081 seconds
[2023-03-01T15:27:29.331+0000] {processor.py:153} INFO - Started process (PID=1682) to work on /home/airflow/.local/lib/python3.7/site-packages/airflow/example_dags/example_external_task_marker_dag.py
[2023-03-01T15:27:29.332+0000] {processor.py:743} INFO - Processing file /home/airflow/.local/lib/python3.7/site-packages/airflow/example_dags/example_external_task_marker_dag.py for tasks to queue
[2023-03-01T15:27:29.332+0000] {logging_mixin.py:137} INFO - [2023-03-01T15:27:29.332+0000] {dagbag.py:538} INFO - Filling up the DagBag from /home/airflow/.local/lib/python3.7/site-packages/airflow/example_dags/example_external_task_marker_dag.py
[2023-03-01T15:27:29.344+0000] {processor.py:753} INFO - DAG(s) dict_keys(['example_external_task_marker_child', 'example_external_task_marker_parent']) retrieved from /home/airflow/.local/lib/python3.7/site-packages/airflow/example_dags/example_external_task_marker_dag.py
[2023-03-01T15:27:29.370+0000] {logging_mixin.py:137} INFO - [2023-03-01T15:27:29.370+0000] {dag.py:2690} INFO - Sync 2 DAGs
[2023-03-01T15:27:29.396+0000] {logging_mixin.py:137} INFO - [2023-03-01T15:27:29.396+0000] {dag.py:3441} INFO - Setting next_dagrun for example_external_task_marker_child to None, run_after=None
[2023-03-01T15:27:29.399+0000] {logging_mixin.py:137} INFO - [2023-03-01T15:27:29.399+0000] {dag.py:3441} INFO - Setting next_dagrun for example_external_task_marker_parent to None, run_after=None
[2023-03-01T15:27:29.418+0000] {processor.py:175} INFO - Processing /home/airflow/.local/lib/python3.7/site-packages/airflow/example_dags/example_external_task_marker_dag.py took 0.090 seconds
[2023-03-01T15:27:59.863+0000] {processor.py:153} INFO - Started process (PID=1760) to work on /home/airflow/.local/lib/python3.7/site-packages/airflow/example_dags/example_external_task_marker_dag.py
[2023-03-01T15:27:59.864+0000] {processor.py:743} INFO - Processing file /home/airflow/.local/lib/python3.7/site-packages/airflow/example_dags/example_external_task_marker_dag.py for tasks to queue
[2023-03-01T15:27:59.864+0000] {logging_mixin.py:137} INFO - [2023-03-01T15:27:59.864+0000] {dagbag.py:538} INFO - Filling up the DagBag from /home/airflow/.local/lib/python3.7/site-packages/airflow/example_dags/example_external_task_marker_dag.py
[2023-03-01T15:27:59.875+0000] {processor.py:753} INFO - DAG(s) dict_keys(['example_external_task_marker_parent', 'example_external_task_marker_child']) retrieved from /home/airflow/.local/lib/python3.7/site-packages/airflow/example_dags/example_external_task_marker_dag.py
[2023-03-01T15:27:59.898+0000] {logging_mixin.py:137} INFO - [2023-03-01T15:27:59.898+0000] {dag.py:2690} INFO - Sync 2 DAGs
[2023-03-01T15:27:59.921+0000] {logging_mixin.py:137} INFO - [2023-03-01T15:27:59.921+0000] {dag.py:3441} INFO - Setting next_dagrun for example_external_task_marker_child to None, run_after=None
[2023-03-01T15:27:59.924+0000] {logging_mixin.py:137} INFO - [2023-03-01T15:27:59.924+0000] {dag.py:3441} INFO - Setting next_dagrun for example_external_task_marker_parent to None, run_after=None
[2023-03-01T15:27:59.941+0000] {processor.py:175} INFO - Processing /home/airflow/.local/lib/python3.7/site-packages/airflow/example_dags/example_external_task_marker_dag.py took 0.080 seconds
[2023-03-01T15:28:30.580+0000] {processor.py:153} INFO - Started process (PID=1859) to work on /home/airflow/.local/lib/python3.7/site-packages/airflow/example_dags/example_external_task_marker_dag.py
[2023-03-01T15:28:30.580+0000] {processor.py:743} INFO - Processing file /home/airflow/.local/lib/python3.7/site-packages/airflow/example_dags/example_external_task_marker_dag.py for tasks to queue
[2023-03-01T15:28:30.581+0000] {logging_mixin.py:137} INFO - [2023-03-01T15:28:30.581+0000] {dagbag.py:538} INFO - Filling up the DagBag from /home/airflow/.local/lib/python3.7/site-packages/airflow/example_dags/example_external_task_marker_dag.py
[2023-03-01T15:28:30.590+0000] {processor.py:753} INFO - DAG(s) dict_keys(['example_external_task_marker_parent', 'example_external_task_marker_child']) retrieved from /home/airflow/.local/lib/python3.7/site-packages/airflow/example_dags/example_external_task_marker_dag.py
[2023-03-01T15:28:30.614+0000] {logging_mixin.py:137} INFO - [2023-03-01T15:28:30.614+0000] {dag.py:2690} INFO - Sync 2 DAGs
[2023-03-01T15:28:30.637+0000] {logging_mixin.py:137} INFO - [2023-03-01T15:28:30.637+0000] {dag.py:3441} INFO - Setting next_dagrun for example_external_task_marker_child to None, run_after=None
[2023-03-01T15:28:30.640+0000] {logging_mixin.py:137} INFO - [2023-03-01T15:28:30.640+0000] {dag.py:3441} INFO - Setting next_dagrun for example_external_task_marker_parent to None, run_after=None
[2023-03-01T15:28:30.660+0000] {processor.py:175} INFO - Processing /home/airflow/.local/lib/python3.7/site-packages/airflow/example_dags/example_external_task_marker_dag.py took 0.083 seconds
[2023-03-01T15:29:01.063+0000] {processor.py:153} INFO - Started process (PID=1938) to work on /home/airflow/.local/lib/python3.7/site-packages/airflow/example_dags/example_external_task_marker_dag.py
[2023-03-01T15:29:01.064+0000] {processor.py:743} INFO - Processing file /home/airflow/.local/lib/python3.7/site-packages/airflow/example_dags/example_external_task_marker_dag.py for tasks to queue
[2023-03-01T15:29:01.064+0000] {logging_mixin.py:137} INFO - [2023-03-01T15:29:01.064+0000] {dagbag.py:538} INFO - Filling up the DagBag from /home/airflow/.local/lib/python3.7/site-packages/airflow/example_dags/example_external_task_marker_dag.py
[2023-03-01T15:29:01.074+0000] {processor.py:753} INFO - DAG(s) dict_keys(['example_external_task_marker_parent', 'example_external_task_marker_child']) retrieved from /home/airflow/.local/lib/python3.7/site-packages/airflow/example_dags/example_external_task_marker_dag.py
[2023-03-01T15:29:01.101+0000] {logging_mixin.py:137} INFO - [2023-03-01T15:29:01.101+0000] {dag.py:2690} INFO - Sync 2 DAGs
[2023-03-01T15:29:01.125+0000] {logging_mixin.py:137} INFO - [2023-03-01T15:29:01.125+0000] {dag.py:3441} INFO - Setting next_dagrun for example_external_task_marker_child to None, run_after=None
[2023-03-01T15:29:01.129+0000] {logging_mixin.py:137} INFO - [2023-03-01T15:29:01.129+0000] {dag.py:3441} INFO - Setting next_dagrun for example_external_task_marker_parent to None, run_after=None
[2023-03-01T15:29:01.146+0000] {processor.py:175} INFO - Processing /home/airflow/.local/lib/python3.7/site-packages/airflow/example_dags/example_external_task_marker_dag.py took 0.085 seconds
[2023-03-01T15:29:31.785+0000] {processor.py:153} INFO - Started process (PID=2037) to work on /home/airflow/.local/lib/python3.7/site-packages/airflow/example_dags/example_external_task_marker_dag.py
[2023-03-01T15:29:31.786+0000] {processor.py:743} INFO - Processing file /home/airflow/.local/lib/python3.7/site-packages/airflow/example_dags/example_external_task_marker_dag.py for tasks to queue
[2023-03-01T15:29:31.786+0000] {logging_mixin.py:137} INFO - [2023-03-01T15:29:31.786+0000] {dagbag.py:538} INFO - Filling up the DagBag from /home/airflow/.local/lib/python3.7/site-packages/airflow/example_dags/example_external_task_marker_dag.py
[2023-03-01T15:29:31.796+0000] {processor.py:753} INFO - DAG(s) dict_keys(['example_external_task_marker_parent', 'example_external_task_marker_child']) retrieved from /home/airflow/.local/lib/python3.7/site-packages/airflow/example_dags/example_external_task_marker_dag.py
[2023-03-01T15:29:31.822+0000] {logging_mixin.py:137} INFO - [2023-03-01T15:29:31.822+0000] {dag.py:2690} INFO - Sync 2 DAGs
[2023-03-01T15:29:31.845+0000] {logging_mixin.py:137} INFO - [2023-03-01T15:29:31.845+0000] {dag.py:3441} INFO - Setting next_dagrun for example_external_task_marker_child to None, run_after=None
[2023-03-01T15:29:31.848+0000] {logging_mixin.py:137} INFO - [2023-03-01T15:29:31.848+0000] {dag.py:3441} INFO - Setting next_dagrun for example_external_task_marker_parent to None, run_after=None
[2023-03-01T15:29:31.863+0000] {processor.py:175} INFO - Processing /home/airflow/.local/lib/python3.7/site-packages/airflow/example_dags/example_external_task_marker_dag.py took 0.081 seconds
[2023-03-01T15:30:02.395+0000] {processor.py:153} INFO - Started process (PID=2116) to work on /home/airflow/.local/lib/python3.7/site-packages/airflow/example_dags/example_external_task_marker_dag.py
[2023-03-01T15:30:02.396+0000] {processor.py:743} INFO - Processing file /home/airflow/.local/lib/python3.7/site-packages/airflow/example_dags/example_external_task_marker_dag.py for tasks to queue
[2023-03-01T15:30:02.397+0000] {logging_mixin.py:137} INFO - [2023-03-01T15:30:02.397+0000] {dagbag.py:538} INFO - Filling up the DagBag from /home/airflow/.local/lib/python3.7/site-packages/airflow/example_dags/example_external_task_marker_dag.py
[2023-03-01T15:30:02.411+0000] {processor.py:753} INFO - DAG(s) dict_keys(['example_external_task_marker_parent', 'example_external_task_marker_child']) retrieved from /home/airflow/.local/lib/python3.7/site-packages/airflow/example_dags/example_external_task_marker_dag.py
[2023-03-01T15:30:02.438+0000] {logging_mixin.py:137} INFO - [2023-03-01T15:30:02.438+0000] {dag.py:2690} INFO - Sync 2 DAGs
[2023-03-01T15:30:02.463+0000] {logging_mixin.py:137} INFO - [2023-03-01T15:30:02.462+0000] {dag.py:3441} INFO - Setting next_dagrun for example_external_task_marker_child to None, run_after=None
[2023-03-01T15:30:02.466+0000] {logging_mixin.py:137} INFO - [2023-03-01T15:30:02.466+0000] {dag.py:3441} INFO - Setting next_dagrun for example_external_task_marker_parent to None, run_after=None
[2023-03-01T15:30:02.487+0000] {processor.py:175} INFO - Processing /home/airflow/.local/lib/python3.7/site-packages/airflow/example_dags/example_external_task_marker_dag.py took 0.094 seconds
[2023-03-01T15:30:33.174+0000] {processor.py:153} INFO - Started process (PID=2216) to work on /home/airflow/.local/lib/python3.7/site-packages/airflow/example_dags/example_external_task_marker_dag.py
[2023-03-01T15:30:33.175+0000] {processor.py:743} INFO - Processing file /home/airflow/.local/lib/python3.7/site-packages/airflow/example_dags/example_external_task_marker_dag.py for tasks to queue
[2023-03-01T15:30:33.175+0000] {logging_mixin.py:137} INFO - [2023-03-01T15:30:33.175+0000] {dagbag.py:538} INFO - Filling up the DagBag from /home/airflow/.local/lib/python3.7/site-packages/airflow/example_dags/example_external_task_marker_dag.py
[2023-03-01T15:30:33.185+0000] {processor.py:753} INFO - DAG(s) dict_keys(['example_external_task_marker_child', 'example_external_task_marker_parent']) retrieved from /home/airflow/.local/lib/python3.7/site-packages/airflow/example_dags/example_external_task_marker_dag.py
[2023-03-01T15:30:33.211+0000] {logging_mixin.py:137} INFO - [2023-03-01T15:30:33.211+0000] {dag.py:2690} INFO - Sync 2 DAGs
[2023-03-01T15:30:33.236+0000] {logging_mixin.py:137} INFO - [2023-03-01T15:30:33.236+0000] {dag.py:3441} INFO - Setting next_dagrun for example_external_task_marker_child to None, run_after=None
[2023-03-01T15:30:33.239+0000] {logging_mixin.py:137} INFO - [2023-03-01T15:30:33.239+0000] {dag.py:3441} INFO - Setting next_dagrun for example_external_task_marker_parent to None, run_after=None
[2023-03-01T15:30:33.255+0000] {processor.py:175} INFO - Processing /home/airflow/.local/lib/python3.7/site-packages/airflow/example_dags/example_external_task_marker_dag.py took 0.085 seconds
[2023-03-01T15:31:03.907+0000] {processor.py:153} INFO - Started process (PID=2295) to work on /home/airflow/.local/lib/python3.7/site-packages/airflow/example_dags/example_external_task_marker_dag.py
[2023-03-01T15:31:03.908+0000] {processor.py:743} INFO - Processing file /home/airflow/.local/lib/python3.7/site-packages/airflow/example_dags/example_external_task_marker_dag.py for tasks to queue
[2023-03-01T15:31:03.908+0000] {logging_mixin.py:137} INFO - [2023-03-01T15:31:03.908+0000] {dagbag.py:538} INFO - Filling up the DagBag from /home/airflow/.local/lib/python3.7/site-packages/airflow/example_dags/example_external_task_marker_dag.py
[2023-03-01T15:31:03.919+0000] {processor.py:753} INFO - DAG(s) dict_keys(['example_external_task_marker_parent', 'example_external_task_marker_child']) retrieved from /home/airflow/.local/lib/python3.7/site-packages/airflow/example_dags/example_external_task_marker_dag.py
[2023-03-01T15:31:03.943+0000] {logging_mixin.py:137} INFO - [2023-03-01T15:31:03.943+0000] {dag.py:2690} INFO - Sync 2 DAGs
[2023-03-01T15:31:03.968+0000] {logging_mixin.py:137} INFO - [2023-03-01T15:31:03.968+0000] {dag.py:3441} INFO - Setting next_dagrun for example_external_task_marker_child to None, run_after=None
[2023-03-01T15:31:03.971+0000] {logging_mixin.py:137} INFO - [2023-03-01T15:31:03.971+0000] {dag.py:3441} INFO - Setting next_dagrun for example_external_task_marker_parent to None, run_after=None
[2023-03-01T15:31:03.987+0000] {processor.py:175} INFO - Processing /home/airflow/.local/lib/python3.7/site-packages/airflow/example_dags/example_external_task_marker_dag.py took 0.082 seconds
[2023-03-01T15:31:34.851+0000] {processor.py:153} INFO - Started process (PID=2394) to work on /home/airflow/.local/lib/python3.7/site-packages/airflow/example_dags/example_external_task_marker_dag.py
[2023-03-01T15:31:34.851+0000] {processor.py:743} INFO - Processing file /home/airflow/.local/lib/python3.7/site-packages/airflow/example_dags/example_external_task_marker_dag.py for tasks to queue
[2023-03-01T15:31:34.852+0000] {logging_mixin.py:137} INFO - [2023-03-01T15:31:34.852+0000] {dagbag.py:538} INFO - Filling up the DagBag from /home/airflow/.local/lib/python3.7/site-packages/airflow/example_dags/example_external_task_marker_dag.py
[2023-03-01T15:31:34.862+0000] {processor.py:753} INFO - DAG(s) dict_keys(['example_external_task_marker_parent', 'example_external_task_marker_child']) retrieved from /home/airflow/.local/lib/python3.7/site-packages/airflow/example_dags/example_external_task_marker_dag.py
[2023-03-01T15:31:34.889+0000] {logging_mixin.py:137} INFO - [2023-03-01T15:31:34.889+0000] {dag.py:2690} INFO - Sync 2 DAGs
[2023-03-01T15:31:34.914+0000] {logging_mixin.py:137} INFO - [2023-03-01T15:31:34.914+0000] {dag.py:3441} INFO - Setting next_dagrun for example_external_task_marker_child to None, run_after=None
[2023-03-01T15:31:34.918+0000] {logging_mixin.py:137} INFO - [2023-03-01T15:31:34.918+0000] {dag.py:3441} INFO - Setting next_dagrun for example_external_task_marker_parent to None, run_after=None
[2023-03-01T15:31:34.935+0000] {processor.py:175} INFO - Processing /home/airflow/.local/lib/python3.7/site-packages/airflow/example_dags/example_external_task_marker_dag.py took 0.087 seconds
[2023-03-01T15:32:05.358+0000] {processor.py:153} INFO - Started process (PID=2473) to work on /home/airflow/.local/lib/python3.7/site-packages/airflow/example_dags/example_external_task_marker_dag.py
[2023-03-01T15:32:05.359+0000] {processor.py:743} INFO - Processing file /home/airflow/.local/lib/python3.7/site-packages/airflow/example_dags/example_external_task_marker_dag.py for tasks to queue
[2023-03-01T15:32:05.359+0000] {logging_mixin.py:137} INFO - [2023-03-01T15:32:05.359+0000] {dagbag.py:538} INFO - Filling up the DagBag from /home/airflow/.local/lib/python3.7/site-packages/airflow/example_dags/example_external_task_marker_dag.py
[2023-03-01T15:32:05.369+0000] {processor.py:753} INFO - DAG(s) dict_keys(['example_external_task_marker_parent', 'example_external_task_marker_child']) retrieved from /home/airflow/.local/lib/python3.7/site-packages/airflow/example_dags/example_external_task_marker_dag.py
[2023-03-01T15:32:05.394+0000] {logging_mixin.py:137} INFO - [2023-03-01T15:32:05.394+0000] {dag.py:2690} INFO - Sync 2 DAGs
[2023-03-01T15:32:05.418+0000] {logging_mixin.py:137} INFO - [2023-03-01T15:32:05.418+0000] {dag.py:3441} INFO - Setting next_dagrun for example_external_task_marker_child to None, run_after=None
[2023-03-01T15:32:05.421+0000] {logging_mixin.py:137} INFO - [2023-03-01T15:32:05.421+0000] {dag.py:3441} INFO - Setting next_dagrun for example_external_task_marker_parent to None, run_after=None
[2023-03-01T15:32:05.437+0000] {processor.py:175} INFO - Processing /home/airflow/.local/lib/python3.7/site-packages/airflow/example_dags/example_external_task_marker_dag.py took 0.081 seconds
[2023-03-01T15:32:35.868+0000] {processor.py:153} INFO - Started process (PID=2572) to work on /home/airflow/.local/lib/python3.7/site-packages/airflow/example_dags/example_external_task_marker_dag.py
[2023-03-01T15:32:35.869+0000] {processor.py:743} INFO - Processing file /home/airflow/.local/lib/python3.7/site-packages/airflow/example_dags/example_external_task_marker_dag.py for tasks to queue
[2023-03-01T15:32:35.869+0000] {logging_mixin.py:137} INFO - [2023-03-01T15:32:35.869+0000] {dagbag.py:538} INFO - Filling up the DagBag from /home/airflow/.local/lib/python3.7/site-packages/airflow/example_dags/example_external_task_marker_dag.py
[2023-03-01T15:32:35.880+0000] {processor.py:753} INFO - DAG(s) dict_keys(['example_external_task_marker_child', 'example_external_task_marker_parent']) retrieved from /home/airflow/.local/lib/python3.7/site-packages/airflow/example_dags/example_external_task_marker_dag.py
[2023-03-01T15:32:35.903+0000] {logging_mixin.py:137} INFO - [2023-03-01T15:32:35.903+0000] {dag.py:2690} INFO - Sync 2 DAGs
[2023-03-01T15:32:35.926+0000] {logging_mixin.py:137} INFO - [2023-03-01T15:32:35.926+0000] {dag.py:3441} INFO - Setting next_dagrun for example_external_task_marker_child to None, run_after=None
[2023-03-01T15:32:35.930+0000] {logging_mixin.py:137} INFO - [2023-03-01T15:32:35.929+0000] {dag.py:3441} INFO - Setting next_dagrun for example_external_task_marker_parent to None, run_after=None
[2023-03-01T15:32:35.946+0000] {processor.py:175} INFO - Processing /home/airflow/.local/lib/python3.7/site-packages/airflow/example_dags/example_external_task_marker_dag.py took 0.080 seconds
[2023-03-01T15:33:06.699+0000] {processor.py:153} INFO - Started process (PID=2660) to work on /home/airflow/.local/lib/python3.7/site-packages/airflow/example_dags/example_external_task_marker_dag.py
[2023-03-01T15:33:06.706+0000] {processor.py:743} INFO - Processing file /home/airflow/.local/lib/python3.7/site-packages/airflow/example_dags/example_external_task_marker_dag.py for tasks to queue
[2023-03-01T15:33:06.707+0000] {logging_mixin.py:137} INFO - [2023-03-01T15:33:06.707+0000] {dagbag.py:538} INFO - Filling up the DagBag from /home/airflow/.local/lib/python3.7/site-packages/airflow/example_dags/example_external_task_marker_dag.py
[2023-03-01T15:33:06.746+0000] {processor.py:753} INFO - DAG(s) dict_keys(['example_external_task_marker_child', 'example_external_task_marker_parent']) retrieved from /home/airflow/.local/lib/python3.7/site-packages/airflow/example_dags/example_external_task_marker_dag.py
[2023-03-01T15:33:06.782+0000] {logging_mixin.py:137} INFO - [2023-03-01T15:33:06.782+0000] {dag.py:2690} INFO - Sync 2 DAGs
[2023-03-01T15:33:06.827+0000] {logging_mixin.py:137} INFO - [2023-03-01T15:33:06.827+0000] {dag.py:3441} INFO - Setting next_dagrun for example_external_task_marker_child to None, run_after=None
[2023-03-01T15:33:06.832+0000] {logging_mixin.py:137} INFO - [2023-03-01T15:33:06.832+0000] {dag.py:3441} INFO - Setting next_dagrun for example_external_task_marker_parent to None, run_after=None
[2023-03-01T15:33:06.859+0000] {processor.py:175} INFO - Processing /home/airflow/.local/lib/python3.7/site-packages/airflow/example_dags/example_external_task_marker_dag.py took 0.163 seconds
[2023-03-01T15:33:37.217+0000] {processor.py:153} INFO - Started process (PID=2750) to work on /home/airflow/.local/lib/python3.7/site-packages/airflow/example_dags/example_external_task_marker_dag.py
[2023-03-01T15:33:37.217+0000] {processor.py:743} INFO - Processing file /home/airflow/.local/lib/python3.7/site-packages/airflow/example_dags/example_external_task_marker_dag.py for tasks to queue
[2023-03-01T15:33:37.218+0000] {logging_mixin.py:137} INFO - [2023-03-01T15:33:37.218+0000] {dagbag.py:538} INFO - Filling up the DagBag from /home/airflow/.local/lib/python3.7/site-packages/airflow/example_dags/example_external_task_marker_dag.py
[2023-03-01T15:33:37.228+0000] {processor.py:753} INFO - DAG(s) dict_keys(['example_external_task_marker_child', 'example_external_task_marker_parent']) retrieved from /home/airflow/.local/lib/python3.7/site-packages/airflow/example_dags/example_external_task_marker_dag.py
[2023-03-01T15:33:37.252+0000] {logging_mixin.py:137} INFO - [2023-03-01T15:33:37.252+0000] {dag.py:2690} INFO - Sync 2 DAGs
[2023-03-01T15:33:37.275+0000] {logging_mixin.py:137} INFO - [2023-03-01T15:33:37.274+0000] {dag.py:3441} INFO - Setting next_dagrun for example_external_task_marker_child to None, run_after=None
[2023-03-01T15:33:37.278+0000] {logging_mixin.py:137} INFO - [2023-03-01T15:33:37.278+0000] {dag.py:3441} INFO - Setting next_dagrun for example_external_task_marker_parent to None, run_after=None
[2023-03-01T15:33:37.295+0000] {processor.py:175} INFO - Processing /home/airflow/.local/lib/python3.7/site-packages/airflow/example_dags/example_external_task_marker_dag.py took 0.080 seconds
[2023-03-01T15:34:07.924+0000] {processor.py:153} INFO - Started process (PID=2848) to work on /home/airflow/.local/lib/python3.7/site-packages/airflow/example_dags/example_external_task_marker_dag.py
[2023-03-01T15:34:07.925+0000] {processor.py:743} INFO - Processing file /home/airflow/.local/lib/python3.7/site-packages/airflow/example_dags/example_external_task_marker_dag.py for tasks to queue
[2023-03-01T15:34:07.925+0000] {logging_mixin.py:137} INFO - [2023-03-01T15:34:07.925+0000] {dagbag.py:538} INFO - Filling up the DagBag from /home/airflow/.local/lib/python3.7/site-packages/airflow/example_dags/example_external_task_marker_dag.py
[2023-03-01T15:34:07.937+0000] {processor.py:753} INFO - DAG(s) dict_keys(['example_external_task_marker_parent', 'example_external_task_marker_child']) retrieved from /home/airflow/.local/lib/python3.7/site-packages/airflow/example_dags/example_external_task_marker_dag.py
[2023-03-01T15:34:07.965+0000] {logging_mixin.py:137} INFO - [2023-03-01T15:34:07.965+0000] {dag.py:2690} INFO - Sync 2 DAGs
[2023-03-01T15:34:07.992+0000] {logging_mixin.py:137} INFO - [2023-03-01T15:34:07.992+0000] {dag.py:3441} INFO - Setting next_dagrun for example_external_task_marker_child to None, run_after=None
[2023-03-01T15:34:07.996+0000] {logging_mixin.py:137} INFO - [2023-03-01T15:34:07.996+0000] {dag.py:3441} INFO - Setting next_dagrun for example_external_task_marker_parent to None, run_after=None
[2023-03-01T15:34:08.016+0000] {processor.py:175} INFO - Processing /home/airflow/.local/lib/python3.7/site-packages/airflow/example_dags/example_external_task_marker_dag.py took 0.095 seconds
[2023-03-01T15:34:38.553+0000] {processor.py:153} INFO - Started process (PID=2928) to work on /home/airflow/.local/lib/python3.7/site-packages/airflow/example_dags/example_external_task_marker_dag.py
[2023-03-01T15:34:38.554+0000] {processor.py:743} INFO - Processing file /home/airflow/.local/lib/python3.7/site-packages/airflow/example_dags/example_external_task_marker_dag.py for tasks to queue
[2023-03-01T15:34:38.554+0000] {logging_mixin.py:137} INFO - [2023-03-01T15:34:38.554+0000] {dagbag.py:538} INFO - Filling up the DagBag from /home/airflow/.local/lib/python3.7/site-packages/airflow/example_dags/example_external_task_marker_dag.py
[2023-03-01T15:34:38.564+0000] {processor.py:753} INFO - DAG(s) dict_keys(['example_external_task_marker_parent', 'example_external_task_marker_child']) retrieved from /home/airflow/.local/lib/python3.7/site-packages/airflow/example_dags/example_external_task_marker_dag.py
[2023-03-01T15:34:38.593+0000] {logging_mixin.py:137} INFO - [2023-03-01T15:34:38.593+0000] {dag.py:2690} INFO - Sync 2 DAGs
[2023-03-01T15:34:38.620+0000] {logging_mixin.py:137} INFO - [2023-03-01T15:34:38.620+0000] {dag.py:3441} INFO - Setting next_dagrun for example_external_task_marker_child to None, run_after=None
[2023-03-01T15:34:38.623+0000] {logging_mixin.py:137} INFO - [2023-03-01T15:34:38.623+0000] {dag.py:3441} INFO - Setting next_dagrun for example_external_task_marker_parent to None, run_after=None
[2023-03-01T15:34:38.639+0000] {processor.py:175} INFO - Processing /home/airflow/.local/lib/python3.7/site-packages/airflow/example_dags/example_external_task_marker_dag.py took 0.088 seconds
[2023-03-01T15:35:09.314+0000] {processor.py:153} INFO - Started process (PID=3027) to work on /home/airflow/.local/lib/python3.7/site-packages/airflow/example_dags/example_external_task_marker_dag.py
[2023-03-01T15:35:09.315+0000] {processor.py:743} INFO - Processing file /home/airflow/.local/lib/python3.7/site-packages/airflow/example_dags/example_external_task_marker_dag.py for tasks to queue
[2023-03-01T15:35:09.315+0000] {logging_mixin.py:137} INFO - [2023-03-01T15:35:09.315+0000] {dagbag.py:538} INFO - Filling up the DagBag from /home/airflow/.local/lib/python3.7/site-packages/airflow/example_dags/example_external_task_marker_dag.py
[2023-03-01T15:35:09.327+0000] {processor.py:753} INFO - DAG(s) dict_keys(['example_external_task_marker_parent', 'example_external_task_marker_child']) retrieved from /home/airflow/.local/lib/python3.7/site-packages/airflow/example_dags/example_external_task_marker_dag.py
[2023-03-01T15:35:09.360+0000] {logging_mixin.py:137} INFO - [2023-03-01T15:35:09.360+0000] {dag.py:2690} INFO - Sync 2 DAGs
[2023-03-01T15:35:09.386+0000] {logging_mixin.py:137} INFO - [2023-03-01T15:35:09.386+0000] {dag.py:3441} INFO - Setting next_dagrun for example_external_task_marker_child to None, run_after=None
[2023-03-01T15:35:09.390+0000] {logging_mixin.py:137} INFO - [2023-03-01T15:35:09.390+0000] {dag.py:3441} INFO - Setting next_dagrun for example_external_task_marker_parent to None, run_after=None
[2023-03-01T15:35:09.411+0000] {processor.py:175} INFO - Processing /home/airflow/.local/lib/python3.7/site-packages/airflow/example_dags/example_external_task_marker_dag.py took 0.099 seconds
[2023-03-01T15:35:39.645+0000] {processor.py:153} INFO - Started process (PID=3106) to work on /home/airflow/.local/lib/python3.7/site-packages/airflow/example_dags/example_external_task_marker_dag.py
[2023-03-01T15:35:39.645+0000] {processor.py:743} INFO - Processing file /home/airflow/.local/lib/python3.7/site-packages/airflow/example_dags/example_external_task_marker_dag.py for tasks to queue
[2023-03-01T15:35:39.646+0000] {logging_mixin.py:137} INFO - [2023-03-01T15:35:39.646+0000] {dagbag.py:538} INFO - Filling up the DagBag from /home/airflow/.local/lib/python3.7/site-packages/airflow/example_dags/example_external_task_marker_dag.py
[2023-03-01T15:35:39.657+0000] {processor.py:753} INFO - DAG(s) dict_keys(['example_external_task_marker_parent', 'example_external_task_marker_child']) retrieved from /home/airflow/.local/lib/python3.7/site-packages/airflow/example_dags/example_external_task_marker_dag.py
[2023-03-01T15:35:39.683+0000] {logging_mixin.py:137} INFO - [2023-03-01T15:35:39.682+0000] {dag.py:2690} INFO - Sync 2 DAGs
[2023-03-01T15:35:39.708+0000] {logging_mixin.py:137} INFO - [2023-03-01T15:35:39.707+0000] {dag.py:3441} INFO - Setting next_dagrun for example_external_task_marker_child to None, run_after=None
[2023-03-01T15:35:39.712+0000] {logging_mixin.py:137} INFO - [2023-03-01T15:35:39.712+0000] {dag.py:3441} INFO - Setting next_dagrun for example_external_task_marker_parent to None, run_after=None
[2023-03-01T15:35:39.730+0000] {processor.py:175} INFO - Processing /home/airflow/.local/lib/python3.7/site-packages/airflow/example_dags/example_external_task_marker_dag.py took 0.088 seconds
[2023-03-01T15:36:10.215+0000] {processor.py:153} INFO - Started process (PID=3205) to work on /home/airflow/.local/lib/python3.7/site-packages/airflow/example_dags/example_external_task_marker_dag.py
[2023-03-01T15:36:10.216+0000] {processor.py:743} INFO - Processing file /home/airflow/.local/lib/python3.7/site-packages/airflow/example_dags/example_external_task_marker_dag.py for tasks to queue
[2023-03-01T15:36:10.216+0000] {logging_mixin.py:137} INFO - [2023-03-01T15:36:10.216+0000] {dagbag.py:538} INFO - Filling up the DagBag from /home/airflow/.local/lib/python3.7/site-packages/airflow/example_dags/example_external_task_marker_dag.py
[2023-03-01T15:36:10.227+0000] {processor.py:753} INFO - DAG(s) dict_keys(['example_external_task_marker_parent', 'example_external_task_marker_child']) retrieved from /home/airflow/.local/lib/python3.7/site-packages/airflow/example_dags/example_external_task_marker_dag.py
[2023-03-01T15:36:10.257+0000] {logging_mixin.py:137} INFO - [2023-03-01T15:36:10.256+0000] {dag.py:2690} INFO - Sync 2 DAGs
[2023-03-01T15:36:10.284+0000] {logging_mixin.py:137} INFO - [2023-03-01T15:36:10.284+0000] {dag.py:3441} INFO - Setting next_dagrun for example_external_task_marker_child to None, run_after=None
[2023-03-01T15:36:10.289+0000] {logging_mixin.py:137} INFO - [2023-03-01T15:36:10.289+0000] {dag.py:3441} INFO - Setting next_dagrun for example_external_task_marker_parent to None, run_after=None
[2023-03-01T15:36:10.310+0000] {processor.py:175} INFO - Processing /home/airflow/.local/lib/python3.7/site-packages/airflow/example_dags/example_external_task_marker_dag.py took 0.097 seconds
[2023-03-01T15:36:40.829+0000] {processor.py:153} INFO - Started process (PID=3284) to work on /home/airflow/.local/lib/python3.7/site-packages/airflow/example_dags/example_external_task_marker_dag.py
[2023-03-01T15:36:40.829+0000] {processor.py:743} INFO - Processing file /home/airflow/.local/lib/python3.7/site-packages/airflow/example_dags/example_external_task_marker_dag.py for tasks to queue
[2023-03-01T15:36:40.830+0000] {logging_mixin.py:137} INFO - [2023-03-01T15:36:40.830+0000] {dagbag.py:538} INFO - Filling up the DagBag from /home/airflow/.local/lib/python3.7/site-packages/airflow/example_dags/example_external_task_marker_dag.py
[2023-03-01T15:36:40.841+0000] {processor.py:753} INFO - DAG(s) dict_keys(['example_external_task_marker_child', 'example_external_task_marker_parent']) retrieved from /home/airflow/.local/lib/python3.7/site-packages/airflow/example_dags/example_external_task_marker_dag.py
[2023-03-01T15:36:40.871+0000] {logging_mixin.py:137} INFO - [2023-03-01T15:36:40.871+0000] {dag.py:2690} INFO - Sync 2 DAGs
[2023-03-01T15:36:40.900+0000] {logging_mixin.py:137} INFO - [2023-03-01T15:36:40.900+0000] {dag.py:3441} INFO - Setting next_dagrun for example_external_task_marker_child to None, run_after=None
[2023-03-01T15:36:40.903+0000] {logging_mixin.py:137} INFO - [2023-03-01T15:36:40.903+0000] {dag.py:3441} INFO - Setting next_dagrun for example_external_task_marker_parent to None, run_after=None
[2023-03-01T15:36:40.923+0000] {processor.py:175} INFO - Processing /home/airflow/.local/lib/python3.7/site-packages/airflow/example_dags/example_external_task_marker_dag.py took 0.096 seconds
[2023-03-01T15:37:11.560+0000] {processor.py:153} INFO - Started process (PID=3383) to work on /home/airflow/.local/lib/python3.7/site-packages/airflow/example_dags/example_external_task_marker_dag.py
[2023-03-01T15:37:11.561+0000] {processor.py:743} INFO - Processing file /home/airflow/.local/lib/python3.7/site-packages/airflow/example_dags/example_external_task_marker_dag.py for tasks to queue
[2023-03-01T15:37:11.561+0000] {logging_mixin.py:137} INFO - [2023-03-01T15:37:11.561+0000] {dagbag.py:538} INFO - Filling up the DagBag from /home/airflow/.local/lib/python3.7/site-packages/airflow/example_dags/example_external_task_marker_dag.py
[2023-03-01T15:37:11.572+0000] {processor.py:753} INFO - DAG(s) dict_keys(['example_external_task_marker_parent', 'example_external_task_marker_child']) retrieved from /home/airflow/.local/lib/python3.7/site-packages/airflow/example_dags/example_external_task_marker_dag.py
[2023-03-01T15:37:11.598+0000] {logging_mixin.py:137} INFO - [2023-03-01T15:37:11.598+0000] {dag.py:2690} INFO - Sync 2 DAGs
[2023-03-01T15:37:11.629+0000] {logging_mixin.py:137} INFO - [2023-03-01T15:37:11.629+0000] {dag.py:3441} INFO - Setting next_dagrun for example_external_task_marker_child to None, run_after=None
[2023-03-01T15:37:11.633+0000] {logging_mixin.py:137} INFO - [2023-03-01T15:37:11.632+0000] {dag.py:3441} INFO - Setting next_dagrun for example_external_task_marker_parent to None, run_after=None
[2023-03-01T15:37:11.649+0000] {processor.py:175} INFO - Processing /home/airflow/.local/lib/python3.7/site-packages/airflow/example_dags/example_external_task_marker_dag.py took 0.091 seconds
[2023-03-01T15:37:42.365+0000] {processor.py:153} INFO - Started process (PID=3462) to work on /home/airflow/.local/lib/python3.7/site-packages/airflow/example_dags/example_external_task_marker_dag.py
[2023-03-01T15:37:42.366+0000] {processor.py:743} INFO - Processing file /home/airflow/.local/lib/python3.7/site-packages/airflow/example_dags/example_external_task_marker_dag.py for tasks to queue
[2023-03-01T15:37:42.367+0000] {logging_mixin.py:137} INFO - [2023-03-01T15:37:42.367+0000] {dagbag.py:538} INFO - Filling up the DagBag from /home/airflow/.local/lib/python3.7/site-packages/airflow/example_dags/example_external_task_marker_dag.py
[2023-03-01T15:37:42.378+0000] {processor.py:753} INFO - DAG(s) dict_keys(['example_external_task_marker_parent', 'example_external_task_marker_child']) retrieved from /home/airflow/.local/lib/python3.7/site-packages/airflow/example_dags/example_external_task_marker_dag.py
[2023-03-01T15:37:42.404+0000] {logging_mixin.py:137} INFO - [2023-03-01T15:37:42.403+0000] {dag.py:2690} INFO - Sync 2 DAGs
[2023-03-01T15:37:42.428+0000] {logging_mixin.py:137} INFO - [2023-03-01T15:37:42.428+0000] {dag.py:3441} INFO - Setting next_dagrun for example_external_task_marker_child to None, run_after=None
[2023-03-01T15:37:42.431+0000] {logging_mixin.py:137} INFO - [2023-03-01T15:37:42.431+0000] {dag.py:3441} INFO - Setting next_dagrun for example_external_task_marker_parent to None, run_after=None
[2023-03-01T15:37:42.447+0000] {processor.py:175} INFO - Processing /home/airflow/.local/lib/python3.7/site-packages/airflow/example_dags/example_external_task_marker_dag.py took 0.084 seconds
[2023-03-01T15:38:12.875+0000] {processor.py:153} INFO - Started process (PID=3561) to work on /home/airflow/.local/lib/python3.7/site-packages/airflow/example_dags/example_external_task_marker_dag.py
[2023-03-01T15:38:12.876+0000] {processor.py:743} INFO - Processing file /home/airflow/.local/lib/python3.7/site-packages/airflow/example_dags/example_external_task_marker_dag.py for tasks to queue
[2023-03-01T15:38:12.876+0000] {logging_mixin.py:137} INFO - [2023-03-01T15:38:12.876+0000] {dagbag.py:538} INFO - Filling up the DagBag from /home/airflow/.local/lib/python3.7/site-packages/airflow/example_dags/example_external_task_marker_dag.py
[2023-03-01T15:38:12.886+0000] {processor.py:753} INFO - DAG(s) dict_keys(['example_external_task_marker_child', 'example_external_task_marker_parent']) retrieved from /home/airflow/.local/lib/python3.7/site-packages/airflow/example_dags/example_external_task_marker_dag.py
[2023-03-01T15:38:12.910+0000] {logging_mixin.py:137} INFO - [2023-03-01T15:38:12.910+0000] {dag.py:2690} INFO - Sync 2 DAGs
[2023-03-01T15:38:12.934+0000] {logging_mixin.py:137} INFO - [2023-03-01T15:38:12.934+0000] {dag.py:3441} INFO - Setting next_dagrun for example_external_task_marker_child to None, run_after=None
[2023-03-01T15:38:12.937+0000] {logging_mixin.py:137} INFO - [2023-03-01T15:38:12.937+0000] {dag.py:3441} INFO - Setting next_dagrun for example_external_task_marker_parent to None, run_after=None
[2023-03-01T15:38:12.953+0000] {processor.py:175} INFO - Processing /home/airflow/.local/lib/python3.7/site-packages/airflow/example_dags/example_external_task_marker_dag.py took 0.080 seconds
[2023-03-01T15:38:43.478+0000] {processor.py:153} INFO - Started process (PID=3640) to work on /home/airflow/.local/lib/python3.7/site-packages/airflow/example_dags/example_external_task_marker_dag.py
[2023-03-01T15:38:43.478+0000] {processor.py:743} INFO - Processing file /home/airflow/.local/lib/python3.7/site-packages/airflow/example_dags/example_external_task_marker_dag.py for tasks to queue
[2023-03-01T15:38:43.479+0000] {logging_mixin.py:137} INFO - [2023-03-01T15:38:43.479+0000] {dagbag.py:538} INFO - Filling up the DagBag from /home/airflow/.local/lib/python3.7/site-packages/airflow/example_dags/example_external_task_marker_dag.py
[2023-03-01T15:38:43.489+0000] {processor.py:753} INFO - DAG(s) dict_keys(['example_external_task_marker_child', 'example_external_task_marker_parent']) retrieved from /home/airflow/.local/lib/python3.7/site-packages/airflow/example_dags/example_external_task_marker_dag.py
[2023-03-01T15:38:43.513+0000] {logging_mixin.py:137} INFO - [2023-03-01T15:38:43.513+0000] {dag.py:2690} INFO - Sync 2 DAGs
[2023-03-01T15:38:43.535+0000] {logging_mixin.py:137} INFO - [2023-03-01T15:38:43.535+0000] {dag.py:3441} INFO - Setting next_dagrun for example_external_task_marker_child to None, run_after=None
[2023-03-01T15:38:43.538+0000] {logging_mixin.py:137} INFO - [2023-03-01T15:38:43.538+0000] {dag.py:3441} INFO - Setting next_dagrun for example_external_task_marker_parent to None, run_after=None
[2023-03-01T15:38:43.554+0000] {processor.py:175} INFO - Processing /home/airflow/.local/lib/python3.7/site-packages/airflow/example_dags/example_external_task_marker_dag.py took 0.080 seconds
[2023-03-01T15:39:13.897+0000] {processor.py:153} INFO - Started process (PID=3740) to work on /home/airflow/.local/lib/python3.7/site-packages/airflow/example_dags/example_external_task_marker_dag.py
[2023-03-01T15:39:13.897+0000] {processor.py:743} INFO - Processing file /home/airflow/.local/lib/python3.7/site-packages/airflow/example_dags/example_external_task_marker_dag.py for tasks to queue
[2023-03-01T15:39:13.898+0000] {logging_mixin.py:137} INFO - [2023-03-01T15:39:13.898+0000] {dagbag.py:538} INFO - Filling up the DagBag from /home/airflow/.local/lib/python3.7/site-packages/airflow/example_dags/example_external_task_marker_dag.py
[2023-03-01T15:39:13.908+0000] {processor.py:753} INFO - DAG(s) dict_keys(['example_external_task_marker_parent', 'example_external_task_marker_child']) retrieved from /home/airflow/.local/lib/python3.7/site-packages/airflow/example_dags/example_external_task_marker_dag.py
[2023-03-01T15:39:13.932+0000] {logging_mixin.py:137} INFO - [2023-03-01T15:39:13.931+0000] {dag.py:2690} INFO - Sync 2 DAGs
[2023-03-01T15:39:13.955+0000] {logging_mixin.py:137} INFO - [2023-03-01T15:39:13.955+0000] {dag.py:3441} INFO - Setting next_dagrun for example_external_task_marker_child to None, run_after=None
[2023-03-01T15:39:13.958+0000] {logging_mixin.py:137} INFO - [2023-03-01T15:39:13.958+0000] {dag.py:3441} INFO - Setting next_dagrun for example_external_task_marker_parent to None, run_after=None
[2023-03-01T15:39:13.974+0000] {processor.py:175} INFO - Processing /home/airflow/.local/lib/python3.7/site-packages/airflow/example_dags/example_external_task_marker_dag.py took 0.080 seconds
[2023-03-01T15:39:44.444+0000] {processor.py:153} INFO - Started process (PID=3819) to work on /home/airflow/.local/lib/python3.7/site-packages/airflow/example_dags/example_external_task_marker_dag.py
[2023-03-01T15:39:44.445+0000] {processor.py:743} INFO - Processing file /home/airflow/.local/lib/python3.7/site-packages/airflow/example_dags/example_external_task_marker_dag.py for tasks to queue
[2023-03-01T15:39:44.445+0000] {logging_mixin.py:137} INFO - [2023-03-01T15:39:44.445+0000] {dagbag.py:538} INFO - Filling up the DagBag from /home/airflow/.local/lib/python3.7/site-packages/airflow/example_dags/example_external_task_marker_dag.py
[2023-03-01T15:39:44.456+0000] {processor.py:753} INFO - DAG(s) dict_keys(['example_external_task_marker_child', 'example_external_task_marker_parent']) retrieved from /home/airflow/.local/lib/python3.7/site-packages/airflow/example_dags/example_external_task_marker_dag.py
[2023-03-01T15:39:44.481+0000] {logging_mixin.py:137} INFO - [2023-03-01T15:39:44.481+0000] {dag.py:2690} INFO - Sync 2 DAGs
[2023-03-01T15:39:44.502+0000] {logging_mixin.py:137} INFO - [2023-03-01T15:39:44.502+0000] {dag.py:3441} INFO - Setting next_dagrun for example_external_task_marker_child to None, run_after=None
[2023-03-01T15:39:44.505+0000] {logging_mixin.py:137} INFO - [2023-03-01T15:39:44.505+0000] {dag.py:3441} INFO - Setting next_dagrun for example_external_task_marker_parent to None, run_after=None
[2023-03-01T15:39:44.523+0000] {processor.py:175} INFO - Processing /home/airflow/.local/lib/python3.7/site-packages/airflow/example_dags/example_external_task_marker_dag.py took 0.081 seconds
[2023-03-01T15:40:15.097+0000] {processor.py:153} INFO - Started process (PID=3918) to work on /home/airflow/.local/lib/python3.7/site-packages/airflow/example_dags/example_external_task_marker_dag.py
[2023-03-01T15:40:15.098+0000] {processor.py:743} INFO - Processing file /home/airflow/.local/lib/python3.7/site-packages/airflow/example_dags/example_external_task_marker_dag.py for tasks to queue
[2023-03-01T15:40:15.098+0000] {logging_mixin.py:137} INFO - [2023-03-01T15:40:15.098+0000] {dagbag.py:538} INFO - Filling up the DagBag from /home/airflow/.local/lib/python3.7/site-packages/airflow/example_dags/example_external_task_marker_dag.py
[2023-03-01T15:40:15.109+0000] {processor.py:753} INFO - DAG(s) dict_keys(['example_external_task_marker_parent', 'example_external_task_marker_child']) retrieved from /home/airflow/.local/lib/python3.7/site-packages/airflow/example_dags/example_external_task_marker_dag.py
[2023-03-01T15:40:15.134+0000] {logging_mixin.py:137} INFO - [2023-03-01T15:40:15.134+0000] {dag.py:2690} INFO - Sync 2 DAGs
[2023-03-01T15:40:15.159+0000] {logging_mixin.py:137} INFO - [2023-03-01T15:40:15.159+0000] {dag.py:3441} INFO - Setting next_dagrun for example_external_task_marker_child to None, run_after=None
[2023-03-01T15:40:15.163+0000] {logging_mixin.py:137} INFO - [2023-03-01T15:40:15.162+0000] {dag.py:3441} INFO - Setting next_dagrun for example_external_task_marker_parent to None, run_after=None
[2023-03-01T15:40:15.182+0000] {processor.py:175} INFO - Processing /home/airflow/.local/lib/python3.7/site-packages/airflow/example_dags/example_external_task_marker_dag.py took 0.087 seconds
[2023-03-01T15:40:45.705+0000] {processor.py:153} INFO - Started process (PID=3997) to work on /home/airflow/.local/lib/python3.7/site-packages/airflow/example_dags/example_external_task_marker_dag.py
[2023-03-01T15:40:45.706+0000] {processor.py:743} INFO - Processing file /home/airflow/.local/lib/python3.7/site-packages/airflow/example_dags/example_external_task_marker_dag.py for tasks to queue
[2023-03-01T15:40:45.706+0000] {logging_mixin.py:137} INFO - [2023-03-01T15:40:45.706+0000] {dagbag.py:538} INFO - Filling up the DagBag from /home/airflow/.local/lib/python3.7/site-packages/airflow/example_dags/example_external_task_marker_dag.py
[2023-03-01T15:40:45.716+0000] {processor.py:753} INFO - DAG(s) dict_keys(['example_external_task_marker_parent', 'example_external_task_marker_child']) retrieved from /home/airflow/.local/lib/python3.7/site-packages/airflow/example_dags/example_external_task_marker_dag.py
[2023-03-01T15:40:45.741+0000] {logging_mixin.py:137} INFO - [2023-03-01T15:40:45.741+0000] {dag.py:2690} INFO - Sync 2 DAGs
[2023-03-01T15:40:45.762+0000] {logging_mixin.py:137} INFO - [2023-03-01T15:40:45.762+0000] {dag.py:3441} INFO - Setting next_dagrun for example_external_task_marker_child to None, run_after=None
[2023-03-01T15:40:45.766+0000] {logging_mixin.py:137} INFO - [2023-03-01T15:40:45.766+0000] {dag.py:3441} INFO - Setting next_dagrun for example_external_task_marker_parent to None, run_after=None
[2023-03-01T15:40:45.789+0000] {processor.py:175} INFO - Processing /home/airflow/.local/lib/python3.7/site-packages/airflow/example_dags/example_external_task_marker_dag.py took 0.086 seconds
[2023-03-01T15:41:16.475+0000] {processor.py:153} INFO - Started process (PID=4096) to work on /home/airflow/.local/lib/python3.7/site-packages/airflow/example_dags/example_external_task_marker_dag.py
[2023-03-01T15:41:16.475+0000] {processor.py:743} INFO - Processing file /home/airflow/.local/lib/python3.7/site-packages/airflow/example_dags/example_external_task_marker_dag.py for tasks to queue
[2023-03-01T15:41:16.476+0000] {logging_mixin.py:137} INFO - [2023-03-01T15:41:16.475+0000] {dagbag.py:538} INFO - Filling up the DagBag from /home/airflow/.local/lib/python3.7/site-packages/airflow/example_dags/example_external_task_marker_dag.py
[2023-03-01T15:41:16.485+0000] {processor.py:753} INFO - DAG(s) dict_keys(['example_external_task_marker_parent', 'example_external_task_marker_child']) retrieved from /home/airflow/.local/lib/python3.7/site-packages/airflow/example_dags/example_external_task_marker_dag.py
[2023-03-01T15:41:16.514+0000] {logging_mixin.py:137} INFO - [2023-03-01T15:41:16.514+0000] {dag.py:2690} INFO - Sync 2 DAGs
[2023-03-01T15:41:16.536+0000] {logging_mixin.py:137} INFO - [2023-03-01T15:41:16.536+0000] {dag.py:3441} INFO - Setting next_dagrun for example_external_task_marker_child to None, run_after=None
[2023-03-01T15:41:16.539+0000] {logging_mixin.py:137} INFO - [2023-03-01T15:41:16.539+0000] {dag.py:3441} INFO - Setting next_dagrun for example_external_task_marker_parent to None, run_after=None
[2023-03-01T15:41:16.555+0000] {processor.py:175} INFO - Processing /home/airflow/.local/lib/python3.7/site-packages/airflow/example_dags/example_external_task_marker_dag.py took 0.084 seconds
[2023-03-01T15:41:47.012+0000] {processor.py:153} INFO - Started process (PID=4184) to work on /home/airflow/.local/lib/python3.7/site-packages/airflow/example_dags/example_external_task_marker_dag.py
[2023-03-01T15:41:47.012+0000] {processor.py:743} INFO - Processing file /home/airflow/.local/lib/python3.7/site-packages/airflow/example_dags/example_external_task_marker_dag.py for tasks to queue
[2023-03-01T15:41:47.013+0000] {logging_mixin.py:137} INFO - [2023-03-01T15:41:47.013+0000] {dagbag.py:538} INFO - Filling up the DagBag from /home/airflow/.local/lib/python3.7/site-packages/airflow/example_dags/example_external_task_marker_dag.py
[2023-03-01T15:41:47.025+0000] {processor.py:753} INFO - DAG(s) dict_keys(['example_external_task_marker_parent', 'example_external_task_marker_child']) retrieved from /home/airflow/.local/lib/python3.7/site-packages/airflow/example_dags/example_external_task_marker_dag.py
[2023-03-01T15:41:47.052+0000] {logging_mixin.py:137} INFO - [2023-03-01T15:41:47.051+0000] {dag.py:2690} INFO - Sync 2 DAGs
[2023-03-01T15:41:47.076+0000] {logging_mixin.py:137} INFO - [2023-03-01T15:41:47.076+0000] {dag.py:3441} INFO - Setting next_dagrun for example_external_task_marker_child to None, run_after=None
[2023-03-01T15:41:47.080+0000] {logging_mixin.py:137} INFO - [2023-03-01T15:41:47.079+0000] {dag.py:3441} INFO - Setting next_dagrun for example_external_task_marker_parent to None, run_after=None
[2023-03-01T15:41:47.100+0000] {processor.py:175} INFO - Processing /home/airflow/.local/lib/python3.7/site-packages/airflow/example_dags/example_external_task_marker_dag.py took 0.091 seconds
[2023-03-01T15:42:17.738+0000] {processor.py:153} INFO - Started process (PID=4274) to work on /home/airflow/.local/lib/python3.7/site-packages/airflow/example_dags/example_external_task_marker_dag.py
[2023-03-01T15:42:17.739+0000] {processor.py:743} INFO - Processing file /home/airflow/.local/lib/python3.7/site-packages/airflow/example_dags/example_external_task_marker_dag.py for tasks to queue
[2023-03-01T15:42:17.739+0000] {logging_mixin.py:137} INFO - [2023-03-01T15:42:17.739+0000] {dagbag.py:538} INFO - Filling up the DagBag from /home/airflow/.local/lib/python3.7/site-packages/airflow/example_dags/example_external_task_marker_dag.py
[2023-03-01T15:42:17.750+0000] {processor.py:753} INFO - DAG(s) dict_keys(['example_external_task_marker_parent', 'example_external_task_marker_child']) retrieved from /home/airflow/.local/lib/python3.7/site-packages/airflow/example_dags/example_external_task_marker_dag.py
[2023-03-01T15:42:17.774+0000] {logging_mixin.py:137} INFO - [2023-03-01T15:42:17.774+0000] {dag.py:2690} INFO - Sync 2 DAGs
[2023-03-01T15:42:17.797+0000] {logging_mixin.py:137} INFO - [2023-03-01T15:42:17.797+0000] {dag.py:3441} INFO - Setting next_dagrun for example_external_task_marker_child to None, run_after=None
[2023-03-01T15:42:17.800+0000] {logging_mixin.py:137} INFO - [2023-03-01T15:42:17.800+0000] {dag.py:3441} INFO - Setting next_dagrun for example_external_task_marker_parent to None, run_after=None
[2023-03-01T15:42:17.814+0000] {processor.py:175} INFO - Processing /home/airflow/.local/lib/python3.7/site-packages/airflow/example_dags/example_external_task_marker_dag.py took 0.078 seconds
[2023-03-01T15:42:48.597+0000] {processor.py:153} INFO - Started process (PID=4362) to work on /home/airflow/.local/lib/python3.7/site-packages/airflow/example_dags/example_external_task_marker_dag.py
[2023-03-01T15:42:48.598+0000] {processor.py:743} INFO - Processing file /home/airflow/.local/lib/python3.7/site-packages/airflow/example_dags/example_external_task_marker_dag.py for tasks to queue
[2023-03-01T15:42:48.599+0000] {logging_mixin.py:137} INFO - [2023-03-01T15:42:48.599+0000] {dagbag.py:538} INFO - Filling up the DagBag from /home/airflow/.local/lib/python3.7/site-packages/airflow/example_dags/example_external_task_marker_dag.py
[2023-03-01T15:42:48.611+0000] {processor.py:753} INFO - DAG(s) dict_keys(['example_external_task_marker_parent', 'example_external_task_marker_child']) retrieved from /home/airflow/.local/lib/python3.7/site-packages/airflow/example_dags/example_external_task_marker_dag.py
[2023-03-01T15:42:48.638+0000] {logging_mixin.py:137} INFO - [2023-03-01T15:42:48.637+0000] {dag.py:2690} INFO - Sync 2 DAGs
[2023-03-01T15:42:48.663+0000] {logging_mixin.py:137} INFO - [2023-03-01T15:42:48.663+0000] {dag.py:3441} INFO - Setting next_dagrun for example_external_task_marker_child to None, run_after=None
[2023-03-01T15:42:48.668+0000] {logging_mixin.py:137} INFO - [2023-03-01T15:42:48.667+0000] {dag.py:3441} INFO - Setting next_dagrun for example_external_task_marker_parent to None, run_after=None
[2023-03-01T15:42:48.690+0000] {processor.py:175} INFO - Processing /home/airflow/.local/lib/python3.7/site-packages/airflow/example_dags/example_external_task_marker_dag.py took 0.095 seconds
[2023-03-01T15:43:18.841+0000] {processor.py:153} INFO - Started process (PID=4452) to work on /home/airflow/.local/lib/python3.7/site-packages/airflow/example_dags/example_external_task_marker_dag.py
[2023-03-01T15:43:18.842+0000] {processor.py:743} INFO - Processing file /home/airflow/.local/lib/python3.7/site-packages/airflow/example_dags/example_external_task_marker_dag.py for tasks to queue
[2023-03-01T15:43:18.842+0000] {logging_mixin.py:137} INFO - [2023-03-01T15:43:18.842+0000] {dagbag.py:538} INFO - Filling up the DagBag from /home/airflow/.local/lib/python3.7/site-packages/airflow/example_dags/example_external_task_marker_dag.py
[2023-03-01T15:43:18.852+0000] {processor.py:753} INFO - DAG(s) dict_keys(['example_external_task_marker_parent', 'example_external_task_marker_child']) retrieved from /home/airflow/.local/lib/python3.7/site-packages/airflow/example_dags/example_external_task_marker_dag.py
[2023-03-01T15:43:18.876+0000] {logging_mixin.py:137} INFO - [2023-03-01T15:43:18.876+0000] {dag.py:2690} INFO - Sync 2 DAGs
[2023-03-01T15:43:18.898+0000] {logging_mixin.py:137} INFO - [2023-03-01T15:43:18.898+0000] {dag.py:3441} INFO - Setting next_dagrun for example_external_task_marker_child to None, run_after=None
[2023-03-01T15:43:18.901+0000] {logging_mixin.py:137} INFO - [2023-03-01T15:43:18.901+0000] {dag.py:3441} INFO - Setting next_dagrun for example_external_task_marker_parent to None, run_after=None
[2023-03-01T15:43:18.917+0000] {processor.py:175} INFO - Processing /home/airflow/.local/lib/python3.7/site-packages/airflow/example_dags/example_external_task_marker_dag.py took 0.078 seconds
[2023-03-01T20:03:09.000+0000] {processor.py:153} INFO - Started process (PID=65) to work on /home/airflow/.local/lib/python3.7/site-packages/airflow/example_dags/example_external_task_marker_dag.py
[2023-03-01T20:03:09.001+0000] {processor.py:743} INFO - Processing file /home/airflow/.local/lib/python3.7/site-packages/airflow/example_dags/example_external_task_marker_dag.py for tasks to queue
[2023-03-01T20:03:09.002+0000] {logging_mixin.py:137} INFO - [2023-03-01T20:03:09.002+0000] {dagbag.py:538} INFO - Filling up the DagBag from /home/airflow/.local/lib/python3.7/site-packages/airflow/example_dags/example_external_task_marker_dag.py
[2023-03-01T20:03:09.026+0000] {processor.py:753} INFO - DAG(s) dict_keys(['example_external_task_marker_child', 'example_external_task_marker_parent']) retrieved from /home/airflow/.local/lib/python3.7/site-packages/airflow/example_dags/example_external_task_marker_dag.py
[2023-03-01T20:03:09.045+0000] {logging_mixin.py:137} INFO - [2023-03-01T20:03:09.045+0000] {dag.py:2690} INFO - Sync 2 DAGs
[2023-03-01T20:03:09.086+0000] {logging_mixin.py:137} INFO - [2023-03-01T20:03:09.085+0000] {dag.py:3441} INFO - Setting next_dagrun for example_external_task_marker_child to None, run_after=None
[2023-03-01T20:03:09.091+0000] {logging_mixin.py:137} INFO - [2023-03-01T20:03:09.090+0000] {dag.py:3441} INFO - Setting next_dagrun for example_external_task_marker_parent to None, run_after=None
[2023-03-01T20:03:09.112+0000] {processor.py:175} INFO - Processing /home/airflow/.local/lib/python3.7/site-packages/airflow/example_dags/example_external_task_marker_dag.py took 0.116 seconds
[2023-03-01T20:03:40.017+0000] {processor.py:153} INFO - Started process (PID=157) to work on /home/airflow/.local/lib/python3.7/site-packages/airflow/example_dags/example_external_task_marker_dag.py
[2023-03-01T20:03:40.018+0000] {processor.py:743} INFO - Processing file /home/airflow/.local/lib/python3.7/site-packages/airflow/example_dags/example_external_task_marker_dag.py for tasks to queue
[2023-03-01T20:03:40.018+0000] {logging_mixin.py:137} INFO - [2023-03-01T20:03:40.018+0000] {dagbag.py:538} INFO - Filling up the DagBag from /home/airflow/.local/lib/python3.7/site-packages/airflow/example_dags/example_external_task_marker_dag.py
[2023-03-01T20:03:40.028+0000] {processor.py:753} INFO - DAG(s) dict_keys(['example_external_task_marker_child', 'example_external_task_marker_parent']) retrieved from /home/airflow/.local/lib/python3.7/site-packages/airflow/example_dags/example_external_task_marker_dag.py
[2023-03-01T20:03:40.051+0000] {logging_mixin.py:137} INFO - [2023-03-01T20:03:40.051+0000] {dag.py:2690} INFO - Sync 2 DAGs
[2023-03-01T20:03:40.073+0000] {logging_mixin.py:137} INFO - [2023-03-01T20:03:40.073+0000] {dag.py:3441} INFO - Setting next_dagrun for example_external_task_marker_child to None, run_after=None
[2023-03-01T20:03:40.076+0000] {logging_mixin.py:137} INFO - [2023-03-01T20:03:40.076+0000] {dag.py:3441} INFO - Setting next_dagrun for example_external_task_marker_parent to None, run_after=None
[2023-03-01T20:03:40.095+0000] {processor.py:175} INFO - Processing /home/airflow/.local/lib/python3.7/site-packages/airflow/example_dags/example_external_task_marker_dag.py took 0.080 seconds
[2023-03-01T20:04:10.824+0000] {processor.py:153} INFO - Started process (PID=236) to work on /home/airflow/.local/lib/python3.7/site-packages/airflow/example_dags/example_external_task_marker_dag.py
[2023-03-01T20:04:10.825+0000] {processor.py:743} INFO - Processing file /home/airflow/.local/lib/python3.7/site-packages/airflow/example_dags/example_external_task_marker_dag.py for tasks to queue
[2023-03-01T20:04:10.825+0000] {logging_mixin.py:137} INFO - [2023-03-01T20:04:10.825+0000] {dagbag.py:538} INFO - Filling up the DagBag from /home/airflow/.local/lib/python3.7/site-packages/airflow/example_dags/example_external_task_marker_dag.py
[2023-03-01T20:04:10.837+0000] {processor.py:753} INFO - DAG(s) dict_keys(['example_external_task_marker_parent', 'example_external_task_marker_child']) retrieved from /home/airflow/.local/lib/python3.7/site-packages/airflow/example_dags/example_external_task_marker_dag.py
[2023-03-01T20:04:10.873+0000] {logging_mixin.py:137} INFO - [2023-03-01T20:04:10.872+0000] {dag.py:2690} INFO - Sync 2 DAGs
[2023-03-01T20:04:10.905+0000] {logging_mixin.py:137} INFO - [2023-03-01T20:04:10.905+0000] {dag.py:3441} INFO - Setting next_dagrun for example_external_task_marker_child to None, run_after=None
[2023-03-01T20:04:10.909+0000] {logging_mixin.py:137} INFO - [2023-03-01T20:04:10.908+0000] {dag.py:3441} INFO - Setting next_dagrun for example_external_task_marker_parent to None, run_after=None
[2023-03-01T20:04:10.927+0000] {processor.py:175} INFO - Processing /home/airflow/.local/lib/python3.7/site-packages/airflow/example_dags/example_external_task_marker_dag.py took 0.105 seconds
[2023-03-01T20:04:41.236+0000] {processor.py:153} INFO - Started process (PID=335) to work on /home/airflow/.local/lib/python3.7/site-packages/airflow/example_dags/example_external_task_marker_dag.py
[2023-03-01T20:04:41.236+0000] {processor.py:743} INFO - Processing file /home/airflow/.local/lib/python3.7/site-packages/airflow/example_dags/example_external_task_marker_dag.py for tasks to queue
[2023-03-01T20:04:41.237+0000] {logging_mixin.py:137} INFO - [2023-03-01T20:04:41.237+0000] {dagbag.py:538} INFO - Filling up the DagBag from /home/airflow/.local/lib/python3.7/site-packages/airflow/example_dags/example_external_task_marker_dag.py
[2023-03-01T20:04:41.247+0000] {processor.py:753} INFO - DAG(s) dict_keys(['example_external_task_marker_parent', 'example_external_task_marker_child']) retrieved from /home/airflow/.local/lib/python3.7/site-packages/airflow/example_dags/example_external_task_marker_dag.py
[2023-03-01T20:04:41.271+0000] {logging_mixin.py:137} INFO - [2023-03-01T20:04:41.270+0000] {dag.py:2690} INFO - Sync 2 DAGs
[2023-03-01T20:04:41.293+0000] {logging_mixin.py:137} INFO - [2023-03-01T20:04:41.293+0000] {dag.py:3441} INFO - Setting next_dagrun for example_external_task_marker_child to None, run_after=None
[2023-03-01T20:04:41.296+0000] {logging_mixin.py:137} INFO - [2023-03-01T20:04:41.296+0000] {dag.py:3441} INFO - Setting next_dagrun for example_external_task_marker_parent to None, run_after=None
[2023-03-01T20:04:41.311+0000] {processor.py:175} INFO - Processing /home/airflow/.local/lib/python3.7/site-packages/airflow/example_dags/example_external_task_marker_dag.py took 0.077 seconds
[2023-03-01T20:05:11.706+0000] {processor.py:153} INFO - Started process (PID=414) to work on /home/airflow/.local/lib/python3.7/site-packages/airflow/example_dags/example_external_task_marker_dag.py
[2023-03-01T20:05:11.707+0000] {processor.py:743} INFO - Processing file /home/airflow/.local/lib/python3.7/site-packages/airflow/example_dags/example_external_task_marker_dag.py for tasks to queue
[2023-03-01T20:05:11.707+0000] {logging_mixin.py:137} INFO - [2023-03-01T20:05:11.707+0000] {dagbag.py:538} INFO - Filling up the DagBag from /home/airflow/.local/lib/python3.7/site-packages/airflow/example_dags/example_external_task_marker_dag.py
[2023-03-01T20:05:11.719+0000] {processor.py:753} INFO - DAG(s) dict_keys(['example_external_task_marker_child', 'example_external_task_marker_parent']) retrieved from /home/airflow/.local/lib/python3.7/site-packages/airflow/example_dags/example_external_task_marker_dag.py
[2023-03-01T20:05:11.742+0000] {logging_mixin.py:137} INFO - [2023-03-01T20:05:11.742+0000] {dag.py:2690} INFO - Sync 2 DAGs
[2023-03-01T20:05:11.765+0000] {logging_mixin.py:137} INFO - [2023-03-01T20:05:11.765+0000] {dag.py:3441} INFO - Setting next_dagrun for example_external_task_marker_child to None, run_after=None
[2023-03-01T20:05:11.769+0000] {logging_mixin.py:137} INFO - [2023-03-01T20:05:11.768+0000] {dag.py:3441} INFO - Setting next_dagrun for example_external_task_marker_parent to None, run_after=None
[2023-03-01T20:05:11.786+0000] {processor.py:175} INFO - Processing /home/airflow/.local/lib/python3.7/site-packages/airflow/example_dags/example_external_task_marker_dag.py took 0.083 seconds
[2023-03-01T20:05:42.178+0000] {processor.py:153} INFO - Started process (PID=513) to work on /home/airflow/.local/lib/python3.7/site-packages/airflow/example_dags/example_external_task_marker_dag.py
[2023-03-01T20:05:42.178+0000] {processor.py:743} INFO - Processing file /home/airflow/.local/lib/python3.7/site-packages/airflow/example_dags/example_external_task_marker_dag.py for tasks to queue
[2023-03-01T20:05:42.179+0000] {logging_mixin.py:137} INFO - [2023-03-01T20:05:42.179+0000] {dagbag.py:538} INFO - Filling up the DagBag from /home/airflow/.local/lib/python3.7/site-packages/airflow/example_dags/example_external_task_marker_dag.py
[2023-03-01T20:05:42.188+0000] {processor.py:753} INFO - DAG(s) dict_keys(['example_external_task_marker_parent', 'example_external_task_marker_child']) retrieved from /home/airflow/.local/lib/python3.7/site-packages/airflow/example_dags/example_external_task_marker_dag.py
[2023-03-01T20:05:42.216+0000] {logging_mixin.py:137} INFO - [2023-03-01T20:05:42.216+0000] {dag.py:2690} INFO - Sync 2 DAGs
[2023-03-01T20:05:42.238+0000] {logging_mixin.py:137} INFO - [2023-03-01T20:05:42.238+0000] {dag.py:3441} INFO - Setting next_dagrun for example_external_task_marker_child to None, run_after=None
[2023-03-01T20:05:42.242+0000] {logging_mixin.py:137} INFO - [2023-03-01T20:05:42.241+0000] {dag.py:3441} INFO - Setting next_dagrun for example_external_task_marker_parent to None, run_after=None
[2023-03-01T20:05:42.263+0000] {processor.py:175} INFO - Processing /home/airflow/.local/lib/python3.7/site-packages/airflow/example_dags/example_external_task_marker_dag.py took 0.088 seconds
[2023-03-01T20:06:12.866+0000] {processor.py:153} INFO - Started process (PID=592) to work on /home/airflow/.local/lib/python3.7/site-packages/airflow/example_dags/example_external_task_marker_dag.py
[2023-03-01T20:06:12.867+0000] {processor.py:743} INFO - Processing file /home/airflow/.local/lib/python3.7/site-packages/airflow/example_dags/example_external_task_marker_dag.py for tasks to queue
[2023-03-01T20:06:12.867+0000] {logging_mixin.py:137} INFO - [2023-03-01T20:06:12.867+0000] {dagbag.py:538} INFO - Filling up the DagBag from /home/airflow/.local/lib/python3.7/site-packages/airflow/example_dags/example_external_task_marker_dag.py
[2023-03-01T20:06:12.878+0000] {processor.py:753} INFO - DAG(s) dict_keys(['example_external_task_marker_child', 'example_external_task_marker_parent']) retrieved from /home/airflow/.local/lib/python3.7/site-packages/airflow/example_dags/example_external_task_marker_dag.py
[2023-03-01T20:06:12.900+0000] {logging_mixin.py:137} INFO - [2023-03-01T20:06:12.900+0000] {dag.py:2690} INFO - Sync 2 DAGs
[2023-03-01T20:06:12.923+0000] {logging_mixin.py:137} INFO - [2023-03-01T20:06:12.923+0000] {dag.py:3441} INFO - Setting next_dagrun for example_external_task_marker_child to None, run_after=None
[2023-03-01T20:06:12.926+0000] {logging_mixin.py:137} INFO - [2023-03-01T20:06:12.926+0000] {dag.py:3441} INFO - Setting next_dagrun for example_external_task_marker_parent to None, run_after=None
[2023-03-01T20:06:12.943+0000] {processor.py:175} INFO - Processing /home/airflow/.local/lib/python3.7/site-packages/airflow/example_dags/example_external_task_marker_dag.py took 0.079 seconds
[2023-03-01T20:06:43.309+0000] {processor.py:153} INFO - Started process (PID=691) to work on /home/airflow/.local/lib/python3.7/site-packages/airflow/example_dags/example_external_task_marker_dag.py
[2023-03-01T20:06:43.310+0000] {processor.py:743} INFO - Processing file /home/airflow/.local/lib/python3.7/site-packages/airflow/example_dags/example_external_task_marker_dag.py for tasks to queue
[2023-03-01T20:06:43.310+0000] {logging_mixin.py:137} INFO - [2023-03-01T20:06:43.310+0000] {dagbag.py:538} INFO - Filling up the DagBag from /home/airflow/.local/lib/python3.7/site-packages/airflow/example_dags/example_external_task_marker_dag.py
[2023-03-01T20:06:43.320+0000] {processor.py:753} INFO - DAG(s) dict_keys(['example_external_task_marker_parent', 'example_external_task_marker_child']) retrieved from /home/airflow/.local/lib/python3.7/site-packages/airflow/example_dags/example_external_task_marker_dag.py
[2023-03-01T20:06:43.344+0000] {logging_mixin.py:137} INFO - [2023-03-01T20:06:43.344+0000] {dag.py:2690} INFO - Sync 2 DAGs
[2023-03-01T20:06:43.366+0000] {logging_mixin.py:137} INFO - [2023-03-01T20:06:43.366+0000] {dag.py:3441} INFO - Setting next_dagrun for example_external_task_marker_child to None, run_after=None
[2023-03-01T20:06:43.370+0000] {logging_mixin.py:137} INFO - [2023-03-01T20:06:43.369+0000] {dag.py:3441} INFO - Setting next_dagrun for example_external_task_marker_parent to None, run_after=None
[2023-03-01T20:06:43.387+0000] {processor.py:175} INFO - Processing /home/airflow/.local/lib/python3.7/site-packages/airflow/example_dags/example_external_task_marker_dag.py took 0.080 seconds
[2023-03-01T20:07:13.792+0000] {processor.py:153} INFO - Started process (PID=770) to work on /home/airflow/.local/lib/python3.7/site-packages/airflow/example_dags/example_external_task_marker_dag.py
[2023-03-01T20:07:13.793+0000] {processor.py:743} INFO - Processing file /home/airflow/.local/lib/python3.7/site-packages/airflow/example_dags/example_external_task_marker_dag.py for tasks to queue
[2023-03-01T20:07:13.794+0000] {logging_mixin.py:137} INFO - [2023-03-01T20:07:13.794+0000] {dagbag.py:538} INFO - Filling up the DagBag from /home/airflow/.local/lib/python3.7/site-packages/airflow/example_dags/example_external_task_marker_dag.py
[2023-03-01T20:07:13.806+0000] {processor.py:753} INFO - DAG(s) dict_keys(['example_external_task_marker_child', 'example_external_task_marker_parent']) retrieved from /home/airflow/.local/lib/python3.7/site-packages/airflow/example_dags/example_external_task_marker_dag.py
[2023-03-01T20:07:13.831+0000] {logging_mixin.py:137} INFO - [2023-03-01T20:07:13.831+0000] {dag.py:2690} INFO - Sync 2 DAGs
[2023-03-01T20:07:13.854+0000] {logging_mixin.py:137} INFO - [2023-03-01T20:07:13.854+0000] {dag.py:3441} INFO - Setting next_dagrun for example_external_task_marker_child to None, run_after=None
[2023-03-01T20:07:13.857+0000] {logging_mixin.py:137} INFO - [2023-03-01T20:07:13.857+0000] {dag.py:3441} INFO - Setting next_dagrun for example_external_task_marker_parent to None, run_after=None
[2023-03-01T20:07:13.874+0000] {processor.py:175} INFO - Processing /home/airflow/.local/lib/python3.7/site-packages/airflow/example_dags/example_external_task_marker_dag.py took 0.085 seconds
[2023-03-01T20:07:44.691+0000] {processor.py:153} INFO - Started process (PID=869) to work on /home/airflow/.local/lib/python3.7/site-packages/airflow/example_dags/example_external_task_marker_dag.py
[2023-03-01T20:07:44.691+0000] {processor.py:743} INFO - Processing file /home/airflow/.local/lib/python3.7/site-packages/airflow/example_dags/example_external_task_marker_dag.py for tasks to queue
[2023-03-01T20:07:44.692+0000] {logging_mixin.py:137} INFO - [2023-03-01T20:07:44.692+0000] {dagbag.py:538} INFO - Filling up the DagBag from /home/airflow/.local/lib/python3.7/site-packages/airflow/example_dags/example_external_task_marker_dag.py
[2023-03-01T20:07:44.703+0000] {processor.py:753} INFO - DAG(s) dict_keys(['example_external_task_marker_parent', 'example_external_task_marker_child']) retrieved from /home/airflow/.local/lib/python3.7/site-packages/airflow/example_dags/example_external_task_marker_dag.py
[2023-03-01T20:07:44.727+0000] {logging_mixin.py:137} INFO - [2023-03-01T20:07:44.726+0000] {dag.py:2690} INFO - Sync 2 DAGs
[2023-03-01T20:07:44.747+0000] {logging_mixin.py:137} INFO - [2023-03-01T20:07:44.747+0000] {dag.py:3441} INFO - Setting next_dagrun for example_external_task_marker_child to None, run_after=None
[2023-03-01T20:07:44.750+0000] {logging_mixin.py:137} INFO - [2023-03-01T20:07:44.750+0000] {dag.py:3441} INFO - Setting next_dagrun for example_external_task_marker_parent to None, run_after=None
[2023-03-01T20:07:44.766+0000] {processor.py:175} INFO - Processing /home/airflow/.local/lib/python3.7/site-packages/airflow/example_dags/example_external_task_marker_dag.py took 0.077 seconds
