[2023-03-01T15:18:17.243+0000] {processor.py:153} INFO - Started process (PID=45) to work on /home/airflow/.local/lib/python3.7/site-packages/airflow/example_dags/example_branch_day_of_week_operator.py
[2023-03-01T15:18:17.244+0000] {processor.py:743} INFO - Processing file /home/airflow/.local/lib/python3.7/site-packages/airflow/example_dags/example_branch_day_of_week_operator.py for tasks to queue
[2023-03-01T15:18:17.244+0000] {logging_mixin.py:137} INFO - [2023-03-01T15:18:17.244+0000] {dagbag.py:538} INFO - Filling up the DagBag from /home/airflow/.local/lib/python3.7/site-packages/airflow/example_dags/example_branch_day_of_week_operator.py
[2023-03-01T15:18:17.260+0000] {processor.py:753} INFO - DAG(s) dict_keys(['example_weekday_branch_operator']) retrieved from /home/airflow/.local/lib/python3.7/site-packages/airflow/example_dags/example_branch_day_of_week_operator.py
[2023-03-01T15:18:17.274+0000] {logging_mixin.py:137} INFO - [2023-03-01T15:18:17.273+0000] {dag.py:2690} INFO - Sync 1 DAGs
[2023-03-01T15:18:17.316+0000] {logging_mixin.py:137} INFO - [2023-03-01T15:18:17.315+0000] {dag.py:3441} INFO - Setting next_dagrun for example_weekday_branch_operator to 2023-02-28T00:00:00+00:00, run_after=2023-03-01T00:00:00+00:00
[2023-03-01T15:18:17.339+0000] {processor.py:175} INFO - Processing /home/airflow/.local/lib/python3.7/site-packages/airflow/example_dags/example_branch_day_of_week_operator.py took 0.098 seconds
[2023-03-01T15:18:47.777+0000] {processor.py:153} INFO - Started process (PID=144) to work on /home/airflow/.local/lib/python3.7/site-packages/airflow/example_dags/example_branch_day_of_week_operator.py
[2023-03-01T15:18:47.778+0000] {processor.py:743} INFO - Processing file /home/airflow/.local/lib/python3.7/site-packages/airflow/example_dags/example_branch_day_of_week_operator.py for tasks to queue
[2023-03-01T15:18:47.778+0000] {logging_mixin.py:137} INFO - [2023-03-01T15:18:47.778+0000] {dagbag.py:538} INFO - Filling up the DagBag from /home/airflow/.local/lib/python3.7/site-packages/airflow/example_dags/example_branch_day_of_week_operator.py
[2023-03-01T15:18:47.791+0000] {processor.py:753} INFO - DAG(s) dict_keys(['example_weekday_branch_operator']) retrieved from /home/airflow/.local/lib/python3.7/site-packages/airflow/example_dags/example_branch_day_of_week_operator.py
[2023-03-01T15:18:47.816+0000] {logging_mixin.py:137} INFO - [2023-03-01T15:18:47.816+0000] {dag.py:2690} INFO - Sync 1 DAGs
[2023-03-01T15:18:47.848+0000] {logging_mixin.py:137} INFO - [2023-03-01T15:18:47.848+0000] {dag.py:3441} INFO - Setting next_dagrun for example_weekday_branch_operator to 2023-02-28T00:00:00+00:00, run_after=2023-03-01T00:00:00+00:00
[2023-03-01T15:18:47.869+0000] {processor.py:175} INFO - Processing /home/airflow/.local/lib/python3.7/site-packages/airflow/example_dags/example_branch_day_of_week_operator.py took 0.094 seconds
[2023-03-01T15:19:18.550+0000] {processor.py:153} INFO - Started process (PID=223) to work on /home/airflow/.local/lib/python3.7/site-packages/airflow/example_dags/example_branch_day_of_week_operator.py
[2023-03-01T15:19:18.551+0000] {processor.py:743} INFO - Processing file /home/airflow/.local/lib/python3.7/site-packages/airflow/example_dags/example_branch_day_of_week_operator.py for tasks to queue
[2023-03-01T15:19:18.551+0000] {logging_mixin.py:137} INFO - [2023-03-01T15:19:18.551+0000] {dagbag.py:538} INFO - Filling up the DagBag from /home/airflow/.local/lib/python3.7/site-packages/airflow/example_dags/example_branch_day_of_week_operator.py
[2023-03-01T15:19:18.563+0000] {processor.py:753} INFO - DAG(s) dict_keys(['example_weekday_branch_operator']) retrieved from /home/airflow/.local/lib/python3.7/site-packages/airflow/example_dags/example_branch_day_of_week_operator.py
[2023-03-01T15:19:18.586+0000] {logging_mixin.py:137} INFO - [2023-03-01T15:19:18.586+0000] {dag.py:2690} INFO - Sync 1 DAGs
[2023-03-01T15:19:18.610+0000] {logging_mixin.py:137} INFO - [2023-03-01T15:19:18.610+0000] {dag.py:3441} INFO - Setting next_dagrun for example_weekday_branch_operator to 2023-02-28T00:00:00+00:00, run_after=2023-03-01T00:00:00+00:00
[2023-03-01T15:19:18.627+0000] {processor.py:175} INFO - Processing /home/airflow/.local/lib/python3.7/site-packages/airflow/example_dags/example_branch_day_of_week_operator.py took 0.079 seconds
[2023-03-01T15:19:49.432+0000] {processor.py:153} INFO - Started process (PID=322) to work on /home/airflow/.local/lib/python3.7/site-packages/airflow/example_dags/example_branch_day_of_week_operator.py
[2023-03-01T15:19:49.433+0000] {processor.py:743} INFO - Processing file /home/airflow/.local/lib/python3.7/site-packages/airflow/example_dags/example_branch_day_of_week_operator.py for tasks to queue
[2023-03-01T15:19:49.433+0000] {logging_mixin.py:137} INFO - [2023-03-01T15:19:49.433+0000] {dagbag.py:538} INFO - Filling up the DagBag from /home/airflow/.local/lib/python3.7/site-packages/airflow/example_dags/example_branch_day_of_week_operator.py
[2023-03-01T15:19:49.447+0000] {processor.py:753} INFO - DAG(s) dict_keys(['example_weekday_branch_operator']) retrieved from /home/airflow/.local/lib/python3.7/site-packages/airflow/example_dags/example_branch_day_of_week_operator.py
[2023-03-01T15:19:49.472+0000] {logging_mixin.py:137} INFO - [2023-03-01T15:19:49.471+0000] {dag.py:2690} INFO - Sync 1 DAGs
[2023-03-01T15:19:49.498+0000] {logging_mixin.py:137} INFO - [2023-03-01T15:19:49.498+0000] {dag.py:3441} INFO - Setting next_dagrun for example_weekday_branch_operator to 2023-02-28T00:00:00+00:00, run_after=2023-03-01T00:00:00+00:00
[2023-03-01T15:19:49.522+0000] {processor.py:175} INFO - Processing /home/airflow/.local/lib/python3.7/site-packages/airflow/example_dags/example_branch_day_of_week_operator.py took 0.093 seconds
[2023-03-01T15:20:20.176+0000] {processor.py:153} INFO - Started process (PID=401) to work on /home/airflow/.local/lib/python3.7/site-packages/airflow/example_dags/example_branch_day_of_week_operator.py
[2023-03-01T15:20:20.176+0000] {processor.py:743} INFO - Processing file /home/airflow/.local/lib/python3.7/site-packages/airflow/example_dags/example_branch_day_of_week_operator.py for tasks to queue
[2023-03-01T15:20:20.177+0000] {logging_mixin.py:137} INFO - [2023-03-01T15:20:20.177+0000] {dagbag.py:538} INFO - Filling up the DagBag from /home/airflow/.local/lib/python3.7/site-packages/airflow/example_dags/example_branch_day_of_week_operator.py
[2023-03-01T15:20:20.189+0000] {processor.py:753} INFO - DAG(s) dict_keys(['example_weekday_branch_operator']) retrieved from /home/airflow/.local/lib/python3.7/site-packages/airflow/example_dags/example_branch_day_of_week_operator.py
[2023-03-01T15:20:20.212+0000] {logging_mixin.py:137} INFO - [2023-03-01T15:20:20.212+0000] {dag.py:2690} INFO - Sync 1 DAGs
[2023-03-01T15:20:20.237+0000] {logging_mixin.py:137} INFO - [2023-03-01T15:20:20.237+0000] {dag.py:3441} INFO - Setting next_dagrun for example_weekday_branch_operator to 2023-02-28T00:00:00+00:00, run_after=2023-03-01T00:00:00+00:00
[2023-03-01T15:20:20.257+0000] {processor.py:175} INFO - Processing /home/airflow/.local/lib/python3.7/site-packages/airflow/example_dags/example_branch_day_of_week_operator.py took 0.084 seconds
[2023-03-01T15:20:51.040+0000] {processor.py:153} INFO - Started process (PID=500) to work on /home/airflow/.local/lib/python3.7/site-packages/airflow/example_dags/example_branch_day_of_week_operator.py
[2023-03-01T15:20:51.041+0000] {processor.py:743} INFO - Processing file /home/airflow/.local/lib/python3.7/site-packages/airflow/example_dags/example_branch_day_of_week_operator.py for tasks to queue
[2023-03-01T15:20:51.041+0000] {logging_mixin.py:137} INFO - [2023-03-01T15:20:51.041+0000] {dagbag.py:538} INFO - Filling up the DagBag from /home/airflow/.local/lib/python3.7/site-packages/airflow/example_dags/example_branch_day_of_week_operator.py
[2023-03-01T15:20:51.053+0000] {processor.py:753} INFO - DAG(s) dict_keys(['example_weekday_branch_operator']) retrieved from /home/airflow/.local/lib/python3.7/site-packages/airflow/example_dags/example_branch_day_of_week_operator.py
[2023-03-01T15:20:51.075+0000] {logging_mixin.py:137} INFO - [2023-03-01T15:20:51.074+0000] {dag.py:2690} INFO - Sync 1 DAGs
[2023-03-01T15:20:51.099+0000] {logging_mixin.py:137} INFO - [2023-03-01T15:20:51.099+0000] {dag.py:3441} INFO - Setting next_dagrun for example_weekday_branch_operator to 2023-02-28T00:00:00+00:00, run_after=2023-03-01T00:00:00+00:00
[2023-03-01T15:20:51.118+0000] {processor.py:175} INFO - Processing /home/airflow/.local/lib/python3.7/site-packages/airflow/example_dags/example_branch_day_of_week_operator.py took 0.081 seconds
[2023-03-01T15:21:21.540+0000] {processor.py:153} INFO - Started process (PID=579) to work on /home/airflow/.local/lib/python3.7/site-packages/airflow/example_dags/example_branch_day_of_week_operator.py
[2023-03-01T15:21:21.541+0000] {processor.py:743} INFO - Processing file /home/airflow/.local/lib/python3.7/site-packages/airflow/example_dags/example_branch_day_of_week_operator.py for tasks to queue
[2023-03-01T15:21:21.541+0000] {logging_mixin.py:137} INFO - [2023-03-01T15:21:21.541+0000] {dagbag.py:538} INFO - Filling up the DagBag from /home/airflow/.local/lib/python3.7/site-packages/airflow/example_dags/example_branch_day_of_week_operator.py
[2023-03-01T15:21:21.554+0000] {processor.py:753} INFO - DAG(s) dict_keys(['example_weekday_branch_operator']) retrieved from /home/airflow/.local/lib/python3.7/site-packages/airflow/example_dags/example_branch_day_of_week_operator.py
[2023-03-01T15:21:21.577+0000] {logging_mixin.py:137} INFO - [2023-03-01T15:21:21.576+0000] {dag.py:2690} INFO - Sync 1 DAGs
[2023-03-01T15:21:21.601+0000] {logging_mixin.py:137} INFO - [2023-03-01T15:21:21.601+0000] {dag.py:3441} INFO - Setting next_dagrun for example_weekday_branch_operator to 2023-02-28T00:00:00+00:00, run_after=2023-03-01T00:00:00+00:00
[2023-03-01T15:21:21.618+0000] {processor.py:175} INFO - Processing /home/airflow/.local/lib/python3.7/site-packages/airflow/example_dags/example_branch_day_of_week_operator.py took 0.080 seconds
[2023-03-01T15:21:52.024+0000] {processor.py:153} INFO - Started process (PID=679) to work on /home/airflow/.local/lib/python3.7/site-packages/airflow/example_dags/example_branch_day_of_week_operator.py
[2023-03-01T15:21:52.025+0000] {processor.py:743} INFO - Processing file /home/airflow/.local/lib/python3.7/site-packages/airflow/example_dags/example_branch_day_of_week_operator.py for tasks to queue
[2023-03-01T15:21:52.025+0000] {logging_mixin.py:137} INFO - [2023-03-01T15:21:52.025+0000] {dagbag.py:538} INFO - Filling up the DagBag from /home/airflow/.local/lib/python3.7/site-packages/airflow/example_dags/example_branch_day_of_week_operator.py
[2023-03-01T15:21:52.037+0000] {processor.py:753} INFO - DAG(s) dict_keys(['example_weekday_branch_operator']) retrieved from /home/airflow/.local/lib/python3.7/site-packages/airflow/example_dags/example_branch_day_of_week_operator.py
[2023-03-01T15:21:52.060+0000] {logging_mixin.py:137} INFO - [2023-03-01T15:21:52.060+0000] {dag.py:2690} INFO - Sync 1 DAGs
[2023-03-01T15:21:52.083+0000] {logging_mixin.py:137} INFO - [2023-03-01T15:21:52.083+0000] {dag.py:3441} INFO - Setting next_dagrun for example_weekday_branch_operator to 2023-02-28T00:00:00+00:00, run_after=2023-03-01T00:00:00+00:00
[2023-03-01T15:21:52.102+0000] {processor.py:175} INFO - Processing /home/airflow/.local/lib/python3.7/site-packages/airflow/example_dags/example_branch_day_of_week_operator.py took 0.080 seconds
[2023-03-01T15:22:22.616+0000] {processor.py:153} INFO - Started process (PID=764) to work on /home/airflow/.local/lib/python3.7/site-packages/airflow/example_dags/example_branch_day_of_week_operator.py
[2023-03-01T15:22:22.616+0000] {processor.py:743} INFO - Processing file /home/airflow/.local/lib/python3.7/site-packages/airflow/example_dags/example_branch_day_of_week_operator.py for tasks to queue
[2023-03-01T15:22:22.617+0000] {logging_mixin.py:137} INFO - [2023-03-01T15:22:22.617+0000] {dagbag.py:538} INFO - Filling up the DagBag from /home/airflow/.local/lib/python3.7/site-packages/airflow/example_dags/example_branch_day_of_week_operator.py
[2023-03-01T15:22:22.632+0000] {processor.py:753} INFO - DAG(s) dict_keys(['example_weekday_branch_operator']) retrieved from /home/airflow/.local/lib/python3.7/site-packages/airflow/example_dags/example_branch_day_of_week_operator.py
[2023-03-01T15:22:22.657+0000] {logging_mixin.py:137} INFO - [2023-03-01T15:22:22.657+0000] {dag.py:2690} INFO - Sync 1 DAGs
[2023-03-01T15:22:22.683+0000] {logging_mixin.py:137} INFO - [2023-03-01T15:22:22.682+0000] {dag.py:3441} INFO - Setting next_dagrun for example_weekday_branch_operator to 2023-02-28T00:00:00+00:00, run_after=2023-03-01T00:00:00+00:00
[2023-03-01T15:22:22.704+0000] {processor.py:175} INFO - Processing /home/airflow/.local/lib/python3.7/site-packages/airflow/example_dags/example_branch_day_of_week_operator.py took 0.091 seconds
[2023-03-01T15:22:53.000+0000] {processor.py:153} INFO - Started process (PID=857) to work on /home/airflow/.local/lib/python3.7/site-packages/airflow/example_dags/example_branch_day_of_week_operator.py
[2023-03-01T15:22:53.001+0000] {processor.py:743} INFO - Processing file /home/airflow/.local/lib/python3.7/site-packages/airflow/example_dags/example_branch_day_of_week_operator.py for tasks to queue
[2023-03-01T15:22:53.002+0000] {logging_mixin.py:137} INFO - [2023-03-01T15:22:53.002+0000] {dagbag.py:538} INFO - Filling up the DagBag from /home/airflow/.local/lib/python3.7/site-packages/airflow/example_dags/example_branch_day_of_week_operator.py
[2023-03-01T15:22:53.015+0000] {processor.py:753} INFO - DAG(s) dict_keys(['example_weekday_branch_operator']) retrieved from /home/airflow/.local/lib/python3.7/site-packages/airflow/example_dags/example_branch_day_of_week_operator.py
[2023-03-01T15:22:53.040+0000] {logging_mixin.py:137} INFO - [2023-03-01T15:22:53.040+0000] {dag.py:2690} INFO - Sync 1 DAGs
[2023-03-01T15:22:53.064+0000] {logging_mixin.py:137} INFO - [2023-03-01T15:22:53.064+0000] {dag.py:3441} INFO - Setting next_dagrun for example_weekday_branch_operator to 2023-02-28T00:00:00+00:00, run_after=2023-03-01T00:00:00+00:00
[2023-03-01T15:22:53.088+0000] {processor.py:175} INFO - Processing /home/airflow/.local/lib/python3.7/site-packages/airflow/example_dags/example_branch_day_of_week_operator.py took 0.090 seconds
[2023-03-01T15:23:23.583+0000] {processor.py:153} INFO - Started process (PID=945) to work on /home/airflow/.local/lib/python3.7/site-packages/airflow/example_dags/example_branch_day_of_week_operator.py
[2023-03-01T15:23:23.584+0000] {processor.py:743} INFO - Processing file /home/airflow/.local/lib/python3.7/site-packages/airflow/example_dags/example_branch_day_of_week_operator.py for tasks to queue
[2023-03-01T15:23:23.584+0000] {logging_mixin.py:137} INFO - [2023-03-01T15:23:23.584+0000] {dagbag.py:538} INFO - Filling up the DagBag from /home/airflow/.local/lib/python3.7/site-packages/airflow/example_dags/example_branch_day_of_week_operator.py
[2023-03-01T15:23:23.599+0000] {processor.py:753} INFO - DAG(s) dict_keys(['example_weekday_branch_operator']) retrieved from /home/airflow/.local/lib/python3.7/site-packages/airflow/example_dags/example_branch_day_of_week_operator.py
[2023-03-01T15:23:23.624+0000] {logging_mixin.py:137} INFO - [2023-03-01T15:23:23.624+0000] {dag.py:2690} INFO - Sync 1 DAGs
[2023-03-01T15:23:23.650+0000] {logging_mixin.py:137} INFO - [2023-03-01T15:23:23.650+0000] {dag.py:3441} INFO - Setting next_dagrun for example_weekday_branch_operator to 2023-02-28T00:00:00+00:00, run_after=2023-03-01T00:00:00+00:00
[2023-03-01T15:23:23.673+0000] {processor.py:175} INFO - Processing /home/airflow/.local/lib/python3.7/site-packages/airflow/example_dags/example_branch_day_of_week_operator.py took 0.092 seconds
[2023-03-01T15:23:54.149+0000] {processor.py:153} INFO - Started process (PID=1035) to work on /home/airflow/.local/lib/python3.7/site-packages/airflow/example_dags/example_branch_day_of_week_operator.py
[2023-03-01T15:23:54.149+0000] {processor.py:743} INFO - Processing file /home/airflow/.local/lib/python3.7/site-packages/airflow/example_dags/example_branch_day_of_week_operator.py for tasks to queue
[2023-03-01T15:23:54.150+0000] {logging_mixin.py:137} INFO - [2023-03-01T15:23:54.150+0000] {dagbag.py:538} INFO - Filling up the DagBag from /home/airflow/.local/lib/python3.7/site-packages/airflow/example_dags/example_branch_day_of_week_operator.py
[2023-03-01T15:23:54.161+0000] {processor.py:753} INFO - DAG(s) dict_keys(['example_weekday_branch_operator']) retrieved from /home/airflow/.local/lib/python3.7/site-packages/airflow/example_dags/example_branch_day_of_week_operator.py
[2023-03-01T15:23:54.185+0000] {logging_mixin.py:137} INFO - [2023-03-01T15:23:54.185+0000] {dag.py:2690} INFO - Sync 1 DAGs
[2023-03-01T15:23:54.207+0000] {logging_mixin.py:137} INFO - [2023-03-01T15:23:54.207+0000] {dag.py:3441} INFO - Setting next_dagrun for example_weekday_branch_operator to 2023-02-28T00:00:00+00:00, run_after=2023-03-01T00:00:00+00:00
[2023-03-01T15:23:54.228+0000] {processor.py:175} INFO - Processing /home/airflow/.local/lib/python3.7/site-packages/airflow/example_dags/example_branch_day_of_week_operator.py took 0.082 seconds
[2023-03-01T15:24:24.936+0000] {processor.py:153} INFO - Started process (PID=1134) to work on /home/airflow/.local/lib/python3.7/site-packages/airflow/example_dags/example_branch_day_of_week_operator.py
[2023-03-01T15:24:24.937+0000] {processor.py:743} INFO - Processing file /home/airflow/.local/lib/python3.7/site-packages/airflow/example_dags/example_branch_day_of_week_operator.py for tasks to queue
[2023-03-01T15:24:24.937+0000] {logging_mixin.py:137} INFO - [2023-03-01T15:24:24.937+0000] {dagbag.py:538} INFO - Filling up the DagBag from /home/airflow/.local/lib/python3.7/site-packages/airflow/example_dags/example_branch_day_of_week_operator.py
[2023-03-01T15:24:24.950+0000] {processor.py:753} INFO - DAG(s) dict_keys(['example_weekday_branch_operator']) retrieved from /home/airflow/.local/lib/python3.7/site-packages/airflow/example_dags/example_branch_day_of_week_operator.py
[2023-03-01T15:24:24.978+0000] {logging_mixin.py:137} INFO - [2023-03-01T15:24:24.977+0000] {dag.py:2690} INFO - Sync 1 DAGs
[2023-03-01T15:24:25.008+0000] {logging_mixin.py:137} INFO - [2023-03-01T15:24:25.008+0000] {dag.py:3441} INFO - Setting next_dagrun for example_weekday_branch_operator to 2023-02-28T00:00:00+00:00, run_after=2023-03-01T00:00:00+00:00
[2023-03-01T15:24:25.030+0000] {processor.py:175} INFO - Processing /home/airflow/.local/lib/python3.7/site-packages/airflow/example_dags/example_branch_day_of_week_operator.py took 0.096 seconds
[2023-03-01T15:24:55.438+0000] {processor.py:153} INFO - Started process (PID=1213) to work on /home/airflow/.local/lib/python3.7/site-packages/airflow/example_dags/example_branch_day_of_week_operator.py
[2023-03-01T15:24:55.439+0000] {processor.py:743} INFO - Processing file /home/airflow/.local/lib/python3.7/site-packages/airflow/example_dags/example_branch_day_of_week_operator.py for tasks to queue
[2023-03-01T15:24:55.439+0000] {logging_mixin.py:137} INFO - [2023-03-01T15:24:55.439+0000] {dagbag.py:538} INFO - Filling up the DagBag from /home/airflow/.local/lib/python3.7/site-packages/airflow/example_dags/example_branch_day_of_week_operator.py
[2023-03-01T15:24:55.451+0000] {processor.py:753} INFO - DAG(s) dict_keys(['example_weekday_branch_operator']) retrieved from /home/airflow/.local/lib/python3.7/site-packages/airflow/example_dags/example_branch_day_of_week_operator.py
[2023-03-01T15:24:55.472+0000] {logging_mixin.py:137} INFO - [2023-03-01T15:24:55.472+0000] {dag.py:2690} INFO - Sync 1 DAGs
[2023-03-01T15:24:55.495+0000] {logging_mixin.py:137} INFO - [2023-03-01T15:24:55.495+0000] {dag.py:3441} INFO - Setting next_dagrun for example_weekday_branch_operator to 2023-02-28T00:00:00+00:00, run_after=2023-03-01T00:00:00+00:00
[2023-03-01T15:24:55.513+0000] {processor.py:175} INFO - Processing /home/airflow/.local/lib/python3.7/site-packages/airflow/example_dags/example_branch_day_of_week_operator.py took 0.077 seconds
[2023-03-01T15:25:25.998+0000] {processor.py:153} INFO - Started process (PID=1312) to work on /home/airflow/.local/lib/python3.7/site-packages/airflow/example_dags/example_branch_day_of_week_operator.py
[2023-03-01T15:25:25.998+0000] {processor.py:743} INFO - Processing file /home/airflow/.local/lib/python3.7/site-packages/airflow/example_dags/example_branch_day_of_week_operator.py for tasks to queue
[2023-03-01T15:25:25.999+0000] {logging_mixin.py:137} INFO - [2023-03-01T15:25:25.999+0000] {dagbag.py:538} INFO - Filling up the DagBag from /home/airflow/.local/lib/python3.7/site-packages/airflow/example_dags/example_branch_day_of_week_operator.py
[2023-03-01T15:25:26.016+0000] {processor.py:753} INFO - DAG(s) dict_keys(['example_weekday_branch_operator']) retrieved from /home/airflow/.local/lib/python3.7/site-packages/airflow/example_dags/example_branch_day_of_week_operator.py
[2023-03-01T15:25:26.041+0000] {logging_mixin.py:137} INFO - [2023-03-01T15:25:26.040+0000] {dag.py:2690} INFO - Sync 1 DAGs
[2023-03-01T15:25:26.067+0000] {logging_mixin.py:137} INFO - [2023-03-01T15:25:26.067+0000] {dag.py:3441} INFO - Setting next_dagrun for example_weekday_branch_operator to 2023-02-28T00:00:00+00:00, run_after=2023-03-01T00:00:00+00:00
[2023-03-01T15:25:26.088+0000] {processor.py:175} INFO - Processing /home/airflow/.local/lib/python3.7/site-packages/airflow/example_dags/example_branch_day_of_week_operator.py took 0.093 seconds
[2023-03-01T15:25:56.767+0000] {processor.py:153} INFO - Started process (PID=1391) to work on /home/airflow/.local/lib/python3.7/site-packages/airflow/example_dags/example_branch_day_of_week_operator.py
[2023-03-01T15:25:56.768+0000] {processor.py:743} INFO - Processing file /home/airflow/.local/lib/python3.7/site-packages/airflow/example_dags/example_branch_day_of_week_operator.py for tasks to queue
[2023-03-01T15:25:56.768+0000] {logging_mixin.py:137} INFO - [2023-03-01T15:25:56.768+0000] {dagbag.py:538} INFO - Filling up the DagBag from /home/airflow/.local/lib/python3.7/site-packages/airflow/example_dags/example_branch_day_of_week_operator.py
[2023-03-01T15:25:56.781+0000] {processor.py:753} INFO - DAG(s) dict_keys(['example_weekday_branch_operator']) retrieved from /home/airflow/.local/lib/python3.7/site-packages/airflow/example_dags/example_branch_day_of_week_operator.py
[2023-03-01T15:25:56.810+0000] {logging_mixin.py:137} INFO - [2023-03-01T15:25:56.810+0000] {dag.py:2690} INFO - Sync 1 DAGs
[2023-03-01T15:25:56.837+0000] {logging_mixin.py:137} INFO - [2023-03-01T15:25:56.837+0000] {dag.py:3441} INFO - Setting next_dagrun for example_weekday_branch_operator to 2023-02-28T00:00:00+00:00, run_after=2023-03-01T00:00:00+00:00
[2023-03-01T15:25:56.856+0000] {processor.py:175} INFO - Processing /home/airflow/.local/lib/python3.7/site-packages/airflow/example_dags/example_branch_day_of_week_operator.py took 0.093 seconds
[2023-03-01T15:26:27.410+0000] {processor.py:153} INFO - Started process (PID=1490) to work on /home/airflow/.local/lib/python3.7/site-packages/airflow/example_dags/example_branch_day_of_week_operator.py
[2023-03-01T15:26:27.410+0000] {processor.py:743} INFO - Processing file /home/airflow/.local/lib/python3.7/site-packages/airflow/example_dags/example_branch_day_of_week_operator.py for tasks to queue
[2023-03-01T15:26:27.411+0000] {logging_mixin.py:137} INFO - [2023-03-01T15:26:27.411+0000] {dagbag.py:538} INFO - Filling up the DagBag from /home/airflow/.local/lib/python3.7/site-packages/airflow/example_dags/example_branch_day_of_week_operator.py
[2023-03-01T15:26:27.432+0000] {processor.py:753} INFO - DAG(s) dict_keys(['example_weekday_branch_operator']) retrieved from /home/airflow/.local/lib/python3.7/site-packages/airflow/example_dags/example_branch_day_of_week_operator.py
[2023-03-01T15:26:27.456+0000] {logging_mixin.py:137} INFO - [2023-03-01T15:26:27.456+0000] {dag.py:2690} INFO - Sync 1 DAGs
[2023-03-01T15:26:27.481+0000] {logging_mixin.py:137} INFO - [2023-03-01T15:26:27.481+0000] {dag.py:3441} INFO - Setting next_dagrun for example_weekday_branch_operator to 2023-02-28T00:00:00+00:00, run_after=2023-03-01T00:00:00+00:00
[2023-03-01T15:26:27.503+0000] {processor.py:175} INFO - Processing /home/airflow/.local/lib/python3.7/site-packages/airflow/example_dags/example_branch_day_of_week_operator.py took 0.097 seconds
[2023-03-01T15:26:57.952+0000] {processor.py:153} INFO - Started process (PID=1569) to work on /home/airflow/.local/lib/python3.7/site-packages/airflow/example_dags/example_branch_day_of_week_operator.py
[2023-03-01T15:26:57.953+0000] {processor.py:743} INFO - Processing file /home/airflow/.local/lib/python3.7/site-packages/airflow/example_dags/example_branch_day_of_week_operator.py for tasks to queue
[2023-03-01T15:26:57.953+0000] {logging_mixin.py:137} INFO - [2023-03-01T15:26:57.953+0000] {dagbag.py:538} INFO - Filling up the DagBag from /home/airflow/.local/lib/python3.7/site-packages/airflow/example_dags/example_branch_day_of_week_operator.py
[2023-03-01T15:26:57.965+0000] {processor.py:753} INFO - DAG(s) dict_keys(['example_weekday_branch_operator']) retrieved from /home/airflow/.local/lib/python3.7/site-packages/airflow/example_dags/example_branch_day_of_week_operator.py
[2023-03-01T15:26:57.986+0000] {logging_mixin.py:137} INFO - [2023-03-01T15:26:57.986+0000] {dag.py:2690} INFO - Sync 1 DAGs
[2023-03-01T15:26:58.008+0000] {logging_mixin.py:137} INFO - [2023-03-01T15:26:58.008+0000] {dag.py:3441} INFO - Setting next_dagrun for example_weekday_branch_operator to 2023-02-28T00:00:00+00:00, run_after=2023-03-01T00:00:00+00:00
[2023-03-01T15:26:58.024+0000] {processor.py:175} INFO - Processing /home/airflow/.local/lib/python3.7/site-packages/airflow/example_dags/example_branch_day_of_week_operator.py took 0.074 seconds
[2023-03-01T15:27:28.526+0000] {processor.py:153} INFO - Started process (PID=1669) to work on /home/airflow/.local/lib/python3.7/site-packages/airflow/example_dags/example_branch_day_of_week_operator.py
[2023-03-01T15:27:28.526+0000] {processor.py:743} INFO - Processing file /home/airflow/.local/lib/python3.7/site-packages/airflow/example_dags/example_branch_day_of_week_operator.py for tasks to queue
[2023-03-01T15:27:28.527+0000] {logging_mixin.py:137} INFO - [2023-03-01T15:27:28.527+0000] {dagbag.py:538} INFO - Filling up the DagBag from /home/airflow/.local/lib/python3.7/site-packages/airflow/example_dags/example_branch_day_of_week_operator.py
[2023-03-01T15:27:28.539+0000] {processor.py:753} INFO - DAG(s) dict_keys(['example_weekday_branch_operator']) retrieved from /home/airflow/.local/lib/python3.7/site-packages/airflow/example_dags/example_branch_day_of_week_operator.py
[2023-03-01T15:27:28.560+0000] {logging_mixin.py:137} INFO - [2023-03-01T15:27:28.560+0000] {dag.py:2690} INFO - Sync 1 DAGs
[2023-03-01T15:27:28.584+0000] {logging_mixin.py:137} INFO - [2023-03-01T15:27:28.584+0000] {dag.py:3441} INFO - Setting next_dagrun for example_weekday_branch_operator to 2023-02-28T00:00:00+00:00, run_after=2023-03-01T00:00:00+00:00
[2023-03-01T15:27:28.607+0000] {processor.py:175} INFO - Processing /home/airflow/.local/lib/python3.7/site-packages/airflow/example_dags/example_branch_day_of_week_operator.py took 0.084 seconds
[2023-03-01T15:27:59.116+0000] {processor.py:153} INFO - Started process (PID=1747) to work on /home/airflow/.local/lib/python3.7/site-packages/airflow/example_dags/example_branch_day_of_week_operator.py
[2023-03-01T15:27:59.117+0000] {processor.py:743} INFO - Processing file /home/airflow/.local/lib/python3.7/site-packages/airflow/example_dags/example_branch_day_of_week_operator.py for tasks to queue
[2023-03-01T15:27:59.118+0000] {logging_mixin.py:137} INFO - [2023-03-01T15:27:59.118+0000] {dagbag.py:538} INFO - Filling up the DagBag from /home/airflow/.local/lib/python3.7/site-packages/airflow/example_dags/example_branch_day_of_week_operator.py
[2023-03-01T15:27:59.129+0000] {processor.py:753} INFO - DAG(s) dict_keys(['example_weekday_branch_operator']) retrieved from /home/airflow/.local/lib/python3.7/site-packages/airflow/example_dags/example_branch_day_of_week_operator.py
[2023-03-01T15:27:59.152+0000] {logging_mixin.py:137} INFO - [2023-03-01T15:27:59.152+0000] {dag.py:2690} INFO - Sync 1 DAGs
[2023-03-01T15:27:59.176+0000] {logging_mixin.py:137} INFO - [2023-03-01T15:27:59.176+0000] {dag.py:3441} INFO - Setting next_dagrun for example_weekday_branch_operator to 2023-02-28T00:00:00+00:00, run_after=2023-03-01T00:00:00+00:00
[2023-03-01T15:27:59.194+0000] {processor.py:175} INFO - Processing /home/airflow/.local/lib/python3.7/site-packages/airflow/example_dags/example_branch_day_of_week_operator.py took 0.080 seconds
[2023-03-01T15:28:29.730+0000] {processor.py:153} INFO - Started process (PID=1846) to work on /home/airflow/.local/lib/python3.7/site-packages/airflow/example_dags/example_branch_day_of_week_operator.py
[2023-03-01T15:28:29.731+0000] {processor.py:743} INFO - Processing file /home/airflow/.local/lib/python3.7/site-packages/airflow/example_dags/example_branch_day_of_week_operator.py for tasks to queue
[2023-03-01T15:28:29.731+0000] {logging_mixin.py:137} INFO - [2023-03-01T15:28:29.731+0000] {dagbag.py:538} INFO - Filling up the DagBag from /home/airflow/.local/lib/python3.7/site-packages/airflow/example_dags/example_branch_day_of_week_operator.py
[2023-03-01T15:28:29.745+0000] {processor.py:753} INFO - DAG(s) dict_keys(['example_weekday_branch_operator']) retrieved from /home/airflow/.local/lib/python3.7/site-packages/airflow/example_dags/example_branch_day_of_week_operator.py
[2023-03-01T15:28:29.773+0000] {logging_mixin.py:137} INFO - [2023-03-01T15:28:29.773+0000] {dag.py:2690} INFO - Sync 1 DAGs
[2023-03-01T15:28:29.800+0000] {logging_mixin.py:137} INFO - [2023-03-01T15:28:29.799+0000] {dag.py:3441} INFO - Setting next_dagrun for example_weekday_branch_operator to 2023-02-28T00:00:00+00:00, run_after=2023-03-01T00:00:00+00:00
[2023-03-01T15:28:29.828+0000] {processor.py:175} INFO - Processing /home/airflow/.local/lib/python3.7/site-packages/airflow/example_dags/example_branch_day_of_week_operator.py took 0.101 seconds
[2023-03-01T15:29:00.293+0000] {processor.py:153} INFO - Started process (PID=1925) to work on /home/airflow/.local/lib/python3.7/site-packages/airflow/example_dags/example_branch_day_of_week_operator.py
[2023-03-01T15:29:00.294+0000] {processor.py:743} INFO - Processing file /home/airflow/.local/lib/python3.7/site-packages/airflow/example_dags/example_branch_day_of_week_operator.py for tasks to queue
[2023-03-01T15:29:00.294+0000] {logging_mixin.py:137} INFO - [2023-03-01T15:29:00.294+0000] {dagbag.py:538} INFO - Filling up the DagBag from /home/airflow/.local/lib/python3.7/site-packages/airflow/example_dags/example_branch_day_of_week_operator.py
[2023-03-01T15:29:00.306+0000] {processor.py:753} INFO - DAG(s) dict_keys(['example_weekday_branch_operator']) retrieved from /home/airflow/.local/lib/python3.7/site-packages/airflow/example_dags/example_branch_day_of_week_operator.py
[2023-03-01T15:29:00.327+0000] {logging_mixin.py:137} INFO - [2023-03-01T15:29:00.327+0000] {dag.py:2690} INFO - Sync 1 DAGs
[2023-03-01T15:29:00.350+0000] {logging_mixin.py:137} INFO - [2023-03-01T15:29:00.350+0000] {dag.py:3441} INFO - Setting next_dagrun for example_weekday_branch_operator to 2023-02-28T00:00:00+00:00, run_after=2023-03-01T00:00:00+00:00
[2023-03-01T15:29:00.368+0000] {processor.py:175} INFO - Processing /home/airflow/.local/lib/python3.7/site-packages/airflow/example_dags/example_branch_day_of_week_operator.py took 0.078 seconds
[2023-03-01T15:29:30.773+0000] {processor.py:153} INFO - Started process (PID=2024) to work on /home/airflow/.local/lib/python3.7/site-packages/airflow/example_dags/example_branch_day_of_week_operator.py
[2023-03-01T15:29:30.774+0000] {processor.py:743} INFO - Processing file /home/airflow/.local/lib/python3.7/site-packages/airflow/example_dags/example_branch_day_of_week_operator.py for tasks to queue
[2023-03-01T15:29:30.775+0000] {logging_mixin.py:137} INFO - [2023-03-01T15:29:30.774+0000] {dagbag.py:538} INFO - Filling up the DagBag from /home/airflow/.local/lib/python3.7/site-packages/airflow/example_dags/example_branch_day_of_week_operator.py
[2023-03-01T15:29:30.787+0000] {processor.py:753} INFO - DAG(s) dict_keys(['example_weekday_branch_operator']) retrieved from /home/airflow/.local/lib/python3.7/site-packages/airflow/example_dags/example_branch_day_of_week_operator.py
[2023-03-01T15:29:30.809+0000] {logging_mixin.py:137} INFO - [2023-03-01T15:29:30.809+0000] {dag.py:2690} INFO - Sync 1 DAGs
[2023-03-01T15:29:30.833+0000] {logging_mixin.py:137} INFO - [2023-03-01T15:29:30.833+0000] {dag.py:3441} INFO - Setting next_dagrun for example_weekday_branch_operator to 2023-02-28T00:00:00+00:00, run_after=2023-03-01T00:00:00+00:00
[2023-03-01T15:29:30.852+0000] {processor.py:175} INFO - Processing /home/airflow/.local/lib/python3.7/site-packages/airflow/example_dags/example_branch_day_of_week_operator.py took 0.081 seconds
[2023-03-01T15:30:01.574+0000] {processor.py:153} INFO - Started process (PID=2103) to work on /home/airflow/.local/lib/python3.7/site-packages/airflow/example_dags/example_branch_day_of_week_operator.py
[2023-03-01T15:30:01.575+0000] {processor.py:743} INFO - Processing file /home/airflow/.local/lib/python3.7/site-packages/airflow/example_dags/example_branch_day_of_week_operator.py for tasks to queue
[2023-03-01T15:30:01.575+0000] {logging_mixin.py:137} INFO - [2023-03-01T15:30:01.575+0000] {dagbag.py:538} INFO - Filling up the DagBag from /home/airflow/.local/lib/python3.7/site-packages/airflow/example_dags/example_branch_day_of_week_operator.py
[2023-03-01T15:30:01.588+0000] {processor.py:753} INFO - DAG(s) dict_keys(['example_weekday_branch_operator']) retrieved from /home/airflow/.local/lib/python3.7/site-packages/airflow/example_dags/example_branch_day_of_week_operator.py
[2023-03-01T15:30:01.612+0000] {logging_mixin.py:137} INFO - [2023-03-01T15:30:01.612+0000] {dag.py:2690} INFO - Sync 1 DAGs
[2023-03-01T15:30:01.638+0000] {logging_mixin.py:137} INFO - [2023-03-01T15:30:01.638+0000] {dag.py:3441} INFO - Setting next_dagrun for example_weekday_branch_operator to 2023-02-28T00:00:00+00:00, run_after=2023-03-01T00:00:00+00:00
[2023-03-01T15:30:01.658+0000] {processor.py:175} INFO - Processing /home/airflow/.local/lib/python3.7/site-packages/airflow/example_dags/example_branch_day_of_week_operator.py took 0.087 seconds
[2023-03-01T15:30:32.314+0000] {processor.py:153} INFO - Started process (PID=2203) to work on /home/airflow/.local/lib/python3.7/site-packages/airflow/example_dags/example_branch_day_of_week_operator.py
[2023-03-01T15:30:32.315+0000] {processor.py:743} INFO - Processing file /home/airflow/.local/lib/python3.7/site-packages/airflow/example_dags/example_branch_day_of_week_operator.py for tasks to queue
[2023-03-01T15:30:32.315+0000] {logging_mixin.py:137} INFO - [2023-03-01T15:30:32.315+0000] {dagbag.py:538} INFO - Filling up the DagBag from /home/airflow/.local/lib/python3.7/site-packages/airflow/example_dags/example_branch_day_of_week_operator.py
[2023-03-01T15:30:32.327+0000] {processor.py:753} INFO - DAG(s) dict_keys(['example_weekday_branch_operator']) retrieved from /home/airflow/.local/lib/python3.7/site-packages/airflow/example_dags/example_branch_day_of_week_operator.py
[2023-03-01T15:30:32.351+0000] {logging_mixin.py:137} INFO - [2023-03-01T15:30:32.351+0000] {dag.py:2690} INFO - Sync 1 DAGs
[2023-03-01T15:30:32.373+0000] {logging_mixin.py:137} INFO - [2023-03-01T15:30:32.373+0000] {dag.py:3441} INFO - Setting next_dagrun for example_weekday_branch_operator to 2023-02-28T00:00:00+00:00, run_after=2023-03-01T00:00:00+00:00
[2023-03-01T15:30:32.393+0000] {processor.py:175} INFO - Processing /home/airflow/.local/lib/python3.7/site-packages/airflow/example_dags/example_branch_day_of_week_operator.py took 0.081 seconds
[2023-03-01T15:31:03.061+0000] {processor.py:153} INFO - Started process (PID=2282) to work on /home/airflow/.local/lib/python3.7/site-packages/airflow/example_dags/example_branch_day_of_week_operator.py
[2023-03-01T15:31:03.062+0000] {processor.py:743} INFO - Processing file /home/airflow/.local/lib/python3.7/site-packages/airflow/example_dags/example_branch_day_of_week_operator.py for tasks to queue
[2023-03-01T15:31:03.063+0000] {logging_mixin.py:137} INFO - [2023-03-01T15:31:03.062+0000] {dagbag.py:538} INFO - Filling up the DagBag from /home/airflow/.local/lib/python3.7/site-packages/airflow/example_dags/example_branch_day_of_week_operator.py
[2023-03-01T15:31:03.075+0000] {processor.py:753} INFO - DAG(s) dict_keys(['example_weekday_branch_operator']) retrieved from /home/airflow/.local/lib/python3.7/site-packages/airflow/example_dags/example_branch_day_of_week_operator.py
[2023-03-01T15:31:03.098+0000] {logging_mixin.py:137} INFO - [2023-03-01T15:31:03.098+0000] {dag.py:2690} INFO - Sync 1 DAGs
[2023-03-01T15:31:03.122+0000] {logging_mixin.py:137} INFO - [2023-03-01T15:31:03.122+0000] {dag.py:3441} INFO - Setting next_dagrun for example_weekday_branch_operator to 2023-02-28T00:00:00+00:00, run_after=2023-03-01T00:00:00+00:00
[2023-03-01T15:31:03.142+0000] {processor.py:175} INFO - Processing /home/airflow/.local/lib/python3.7/site-packages/airflow/example_dags/example_branch_day_of_week_operator.py took 0.083 seconds
[2023-03-01T15:31:33.943+0000] {processor.py:153} INFO - Started process (PID=2381) to work on /home/airflow/.local/lib/python3.7/site-packages/airflow/example_dags/example_branch_day_of_week_operator.py
[2023-03-01T15:31:33.944+0000] {processor.py:743} INFO - Processing file /home/airflow/.local/lib/python3.7/site-packages/airflow/example_dags/example_branch_day_of_week_operator.py for tasks to queue
[2023-03-01T15:31:33.944+0000] {logging_mixin.py:137} INFO - [2023-03-01T15:31:33.944+0000] {dagbag.py:538} INFO - Filling up the DagBag from /home/airflow/.local/lib/python3.7/site-packages/airflow/example_dags/example_branch_day_of_week_operator.py
[2023-03-01T15:31:33.955+0000] {processor.py:753} INFO - DAG(s) dict_keys(['example_weekday_branch_operator']) retrieved from /home/airflow/.local/lib/python3.7/site-packages/airflow/example_dags/example_branch_day_of_week_operator.py
[2023-03-01T15:31:33.977+0000] {logging_mixin.py:137} INFO - [2023-03-01T15:31:33.977+0000] {dag.py:2690} INFO - Sync 1 DAGs
[2023-03-01T15:31:33.998+0000] {logging_mixin.py:137} INFO - [2023-03-01T15:31:33.998+0000] {dag.py:3441} INFO - Setting next_dagrun for example_weekday_branch_operator to 2023-02-28T00:00:00+00:00, run_after=2023-03-01T00:00:00+00:00
[2023-03-01T15:31:34.014+0000] {processor.py:175} INFO - Processing /home/airflow/.local/lib/python3.7/site-packages/airflow/example_dags/example_branch_day_of_week_operator.py took 0.073 seconds
[2023-03-01T15:32:04.465+0000] {processor.py:153} INFO - Started process (PID=2460) to work on /home/airflow/.local/lib/python3.7/site-packages/airflow/example_dags/example_branch_day_of_week_operator.py
[2023-03-01T15:32:04.466+0000] {processor.py:743} INFO - Processing file /home/airflow/.local/lib/python3.7/site-packages/airflow/example_dags/example_branch_day_of_week_operator.py for tasks to queue
[2023-03-01T15:32:04.466+0000] {logging_mixin.py:137} INFO - [2023-03-01T15:32:04.466+0000] {dagbag.py:538} INFO - Filling up the DagBag from /home/airflow/.local/lib/python3.7/site-packages/airflow/example_dags/example_branch_day_of_week_operator.py
[2023-03-01T15:32:04.478+0000] {processor.py:753} INFO - DAG(s) dict_keys(['example_weekday_branch_operator']) retrieved from /home/airflow/.local/lib/python3.7/site-packages/airflow/example_dags/example_branch_day_of_week_operator.py
[2023-03-01T15:32:04.501+0000] {logging_mixin.py:137} INFO - [2023-03-01T15:32:04.501+0000] {dag.py:2690} INFO - Sync 1 DAGs
[2023-03-01T15:32:04.527+0000] {logging_mixin.py:137} INFO - [2023-03-01T15:32:04.527+0000] {dag.py:3441} INFO - Setting next_dagrun for example_weekday_branch_operator to 2023-02-28T00:00:00+00:00, run_after=2023-03-01T00:00:00+00:00
[2023-03-01T15:32:04.546+0000] {processor.py:175} INFO - Processing /home/airflow/.local/lib/python3.7/site-packages/airflow/example_dags/example_branch_day_of_week_operator.py took 0.083 seconds
[2023-03-01T15:32:35.036+0000] {processor.py:153} INFO - Started process (PID=2559) to work on /home/airflow/.local/lib/python3.7/site-packages/airflow/example_dags/example_branch_day_of_week_operator.py
[2023-03-01T15:32:35.037+0000] {processor.py:743} INFO - Processing file /home/airflow/.local/lib/python3.7/site-packages/airflow/example_dags/example_branch_day_of_week_operator.py for tasks to queue
[2023-03-01T15:32:35.037+0000] {logging_mixin.py:137} INFO - [2023-03-01T15:32:35.037+0000] {dagbag.py:538} INFO - Filling up the DagBag from /home/airflow/.local/lib/python3.7/site-packages/airflow/example_dags/example_branch_day_of_week_operator.py
[2023-03-01T15:32:35.048+0000] {processor.py:753} INFO - DAG(s) dict_keys(['example_weekday_branch_operator']) retrieved from /home/airflow/.local/lib/python3.7/site-packages/airflow/example_dags/example_branch_day_of_week_operator.py
[2023-03-01T15:32:35.071+0000] {logging_mixin.py:137} INFO - [2023-03-01T15:32:35.071+0000] {dag.py:2690} INFO - Sync 1 DAGs
[2023-03-01T15:32:35.096+0000] {logging_mixin.py:137} INFO - [2023-03-01T15:32:35.096+0000] {dag.py:3441} INFO - Setting next_dagrun for example_weekday_branch_operator to 2023-02-28T00:00:00+00:00, run_after=2023-03-01T00:00:00+00:00
[2023-03-01T15:32:35.115+0000] {processor.py:175} INFO - Processing /home/airflow/.local/lib/python3.7/site-packages/airflow/example_dags/example_branch_day_of_week_operator.py took 0.081 seconds
[2023-03-01T15:33:05.734+0000] {processor.py:153} INFO - Started process (PID=2638) to work on /home/airflow/.local/lib/python3.7/site-packages/airflow/example_dags/example_branch_day_of_week_operator.py
[2023-03-01T15:33:05.735+0000] {processor.py:743} INFO - Processing file /home/airflow/.local/lib/python3.7/site-packages/airflow/example_dags/example_branch_day_of_week_operator.py for tasks to queue
[2023-03-01T15:33:05.735+0000] {logging_mixin.py:137} INFO - [2023-03-01T15:33:05.735+0000] {dagbag.py:538} INFO - Filling up the DagBag from /home/airflow/.local/lib/python3.7/site-packages/airflow/example_dags/example_branch_day_of_week_operator.py
[2023-03-01T15:33:05.747+0000] {processor.py:753} INFO - DAG(s) dict_keys(['example_weekday_branch_operator']) retrieved from /home/airflow/.local/lib/python3.7/site-packages/airflow/example_dags/example_branch_day_of_week_operator.py
[2023-03-01T15:33:05.770+0000] {logging_mixin.py:137} INFO - [2023-03-01T15:33:05.770+0000] {dag.py:2690} INFO - Sync 1 DAGs
[2023-03-01T15:33:05.797+0000] {logging_mixin.py:137} INFO - [2023-03-01T15:33:05.797+0000] {dag.py:3441} INFO - Setting next_dagrun for example_weekday_branch_operator to 2023-02-28T00:00:00+00:00, run_after=2023-03-01T00:00:00+00:00
[2023-03-01T15:33:05.814+0000] {processor.py:175} INFO - Processing /home/airflow/.local/lib/python3.7/site-packages/airflow/example_dags/example_branch_day_of_week_operator.py took 0.083 seconds
[2023-03-01T15:33:36.483+0000] {processor.py:153} INFO - Started process (PID=2737) to work on /home/airflow/.local/lib/python3.7/site-packages/airflow/example_dags/example_branch_day_of_week_operator.py
[2023-03-01T15:33:36.483+0000] {processor.py:743} INFO - Processing file /home/airflow/.local/lib/python3.7/site-packages/airflow/example_dags/example_branch_day_of_week_operator.py for tasks to queue
[2023-03-01T15:33:36.484+0000] {logging_mixin.py:137} INFO - [2023-03-01T15:33:36.484+0000] {dagbag.py:538} INFO - Filling up the DagBag from /home/airflow/.local/lib/python3.7/site-packages/airflow/example_dags/example_branch_day_of_week_operator.py
[2023-03-01T15:33:36.496+0000] {processor.py:753} INFO - DAG(s) dict_keys(['example_weekday_branch_operator']) retrieved from /home/airflow/.local/lib/python3.7/site-packages/airflow/example_dags/example_branch_day_of_week_operator.py
[2023-03-01T15:33:36.518+0000] {logging_mixin.py:137} INFO - [2023-03-01T15:33:36.518+0000] {dag.py:2690} INFO - Sync 1 DAGs
[2023-03-01T15:33:36.541+0000] {logging_mixin.py:137} INFO - [2023-03-01T15:33:36.541+0000] {dag.py:3441} INFO - Setting next_dagrun for example_weekday_branch_operator to 2023-02-28T00:00:00+00:00, run_after=2023-03-01T00:00:00+00:00
[2023-03-01T15:33:36.560+0000] {processor.py:175} INFO - Processing /home/airflow/.local/lib/python3.7/site-packages/airflow/example_dags/example_branch_day_of_week_operator.py took 0.080 seconds
[2023-03-01T15:34:06.840+0000] {processor.py:153} INFO - Started process (PID=2824) to work on /home/airflow/.local/lib/python3.7/site-packages/airflow/example_dags/example_branch_day_of_week_operator.py
[2023-03-01T15:34:06.841+0000] {processor.py:743} INFO - Processing file /home/airflow/.local/lib/python3.7/site-packages/airflow/example_dags/example_branch_day_of_week_operator.py for tasks to queue
[2023-03-01T15:34:06.842+0000] {logging_mixin.py:137} INFO - [2023-03-01T15:34:06.841+0000] {dagbag.py:538} INFO - Filling up the DagBag from /home/airflow/.local/lib/python3.7/site-packages/airflow/example_dags/example_branch_day_of_week_operator.py
[2023-03-01T15:34:06.853+0000] {processor.py:753} INFO - DAG(s) dict_keys(['example_weekday_branch_operator']) retrieved from /home/airflow/.local/lib/python3.7/site-packages/airflow/example_dags/example_branch_day_of_week_operator.py
[2023-03-01T15:34:06.876+0000] {logging_mixin.py:137} INFO - [2023-03-01T15:34:06.876+0000] {dag.py:2690} INFO - Sync 1 DAGs
[2023-03-01T15:34:06.900+0000] {logging_mixin.py:137} INFO - [2023-03-01T15:34:06.899+0000] {dag.py:3441} INFO - Setting next_dagrun for example_weekday_branch_operator to 2023-02-28T00:00:00+00:00, run_after=2023-03-01T00:00:00+00:00
[2023-03-01T15:34:06.920+0000] {processor.py:175} INFO - Processing /home/airflow/.local/lib/python3.7/site-packages/airflow/example_dags/example_branch_day_of_week_operator.py took 0.082 seconds
[2023-03-01T15:34:37.822+0000] {processor.py:153} INFO - Started process (PID=2915) to work on /home/airflow/.local/lib/python3.7/site-packages/airflow/example_dags/example_branch_day_of_week_operator.py
[2023-03-01T15:34:37.822+0000] {processor.py:743} INFO - Processing file /home/airflow/.local/lib/python3.7/site-packages/airflow/example_dags/example_branch_day_of_week_operator.py for tasks to queue
[2023-03-01T15:34:37.823+0000] {logging_mixin.py:137} INFO - [2023-03-01T15:34:37.823+0000] {dagbag.py:538} INFO - Filling up the DagBag from /home/airflow/.local/lib/python3.7/site-packages/airflow/example_dags/example_branch_day_of_week_operator.py
[2023-03-01T15:34:37.836+0000] {processor.py:753} INFO - DAG(s) dict_keys(['example_weekday_branch_operator']) retrieved from /home/airflow/.local/lib/python3.7/site-packages/airflow/example_dags/example_branch_day_of_week_operator.py
[2023-03-01T15:34:37.858+0000] {logging_mixin.py:137} INFO - [2023-03-01T15:34:37.858+0000] {dag.py:2690} INFO - Sync 1 DAGs
[2023-03-01T15:34:37.882+0000] {logging_mixin.py:137} INFO - [2023-03-01T15:34:37.882+0000] {dag.py:3441} INFO - Setting next_dagrun for example_weekday_branch_operator to 2023-02-28T00:00:00+00:00, run_after=2023-03-01T00:00:00+00:00
[2023-03-01T15:34:37.900+0000] {processor.py:175} INFO - Processing /home/airflow/.local/lib/python3.7/site-packages/airflow/example_dags/example_branch_day_of_week_operator.py took 0.081 seconds
[2023-03-01T15:35:08.359+0000] {processor.py:153} INFO - Started process (PID=3014) to work on /home/airflow/.local/lib/python3.7/site-packages/airflow/example_dags/example_branch_day_of_week_operator.py
[2023-03-01T15:35:08.359+0000] {processor.py:743} INFO - Processing file /home/airflow/.local/lib/python3.7/site-packages/airflow/example_dags/example_branch_day_of_week_operator.py for tasks to queue
[2023-03-01T15:35:08.360+0000] {logging_mixin.py:137} INFO - [2023-03-01T15:35:08.360+0000] {dagbag.py:538} INFO - Filling up the DagBag from /home/airflow/.local/lib/python3.7/site-packages/airflow/example_dags/example_branch_day_of_week_operator.py
[2023-03-01T15:35:08.372+0000] {processor.py:753} INFO - DAG(s) dict_keys(['example_weekday_branch_operator']) retrieved from /home/airflow/.local/lib/python3.7/site-packages/airflow/example_dags/example_branch_day_of_week_operator.py
[2023-03-01T15:35:08.395+0000] {logging_mixin.py:137} INFO - [2023-03-01T15:35:08.395+0000] {dag.py:2690} INFO - Sync 1 DAGs
[2023-03-01T15:35:08.422+0000] {logging_mixin.py:137} INFO - [2023-03-01T15:35:08.422+0000] {dag.py:3441} INFO - Setting next_dagrun for example_weekday_branch_operator to 2023-02-28T00:00:00+00:00, run_after=2023-03-01T00:00:00+00:00
[2023-03-01T15:35:08.443+0000] {processor.py:175} INFO - Processing /home/airflow/.local/lib/python3.7/site-packages/airflow/example_dags/example_branch_day_of_week_operator.py took 0.087 seconds
[2023-03-01T15:35:38.929+0000] {processor.py:153} INFO - Started process (PID=3093) to work on /home/airflow/.local/lib/python3.7/site-packages/airflow/example_dags/example_branch_day_of_week_operator.py
[2023-03-01T15:35:38.930+0000] {processor.py:743} INFO - Processing file /home/airflow/.local/lib/python3.7/site-packages/airflow/example_dags/example_branch_day_of_week_operator.py for tasks to queue
[2023-03-01T15:35:38.930+0000] {logging_mixin.py:137} INFO - [2023-03-01T15:35:38.930+0000] {dagbag.py:538} INFO - Filling up the DagBag from /home/airflow/.local/lib/python3.7/site-packages/airflow/example_dags/example_branch_day_of_week_operator.py
[2023-03-01T15:35:38.942+0000] {processor.py:753} INFO - DAG(s) dict_keys(['example_weekday_branch_operator']) retrieved from /home/airflow/.local/lib/python3.7/site-packages/airflow/example_dags/example_branch_day_of_week_operator.py
[2023-03-01T15:35:38.966+0000] {logging_mixin.py:137} INFO - [2023-03-01T15:35:38.966+0000] {dag.py:2690} INFO - Sync 1 DAGs
[2023-03-01T15:35:38.989+0000] {logging_mixin.py:137} INFO - [2023-03-01T15:35:38.989+0000] {dag.py:3441} INFO - Setting next_dagrun for example_weekday_branch_operator to 2023-02-28T00:00:00+00:00, run_after=2023-03-01T00:00:00+00:00
[2023-03-01T15:35:39.007+0000] {processor.py:175} INFO - Processing /home/airflow/.local/lib/python3.7/site-packages/airflow/example_dags/example_branch_day_of_week_operator.py took 0.080 seconds
[2023-03-01T15:36:09.386+0000] {processor.py:153} INFO - Started process (PID=3192) to work on /home/airflow/.local/lib/python3.7/site-packages/airflow/example_dags/example_branch_day_of_week_operator.py
[2023-03-01T15:36:09.387+0000] {processor.py:743} INFO - Processing file /home/airflow/.local/lib/python3.7/site-packages/airflow/example_dags/example_branch_day_of_week_operator.py for tasks to queue
[2023-03-01T15:36:09.387+0000] {logging_mixin.py:137} INFO - [2023-03-01T15:36:09.387+0000] {dagbag.py:538} INFO - Filling up the DagBag from /home/airflow/.local/lib/python3.7/site-packages/airflow/example_dags/example_branch_day_of_week_operator.py
[2023-03-01T15:36:09.400+0000] {processor.py:753} INFO - DAG(s) dict_keys(['example_weekday_branch_operator']) retrieved from /home/airflow/.local/lib/python3.7/site-packages/airflow/example_dags/example_branch_day_of_week_operator.py
[2023-03-01T15:36:09.422+0000] {logging_mixin.py:137} INFO - [2023-03-01T15:36:09.421+0000] {dag.py:2690} INFO - Sync 1 DAGs
[2023-03-01T15:36:09.452+0000] {logging_mixin.py:137} INFO - [2023-03-01T15:36:09.451+0000] {dag.py:3441} INFO - Setting next_dagrun for example_weekday_branch_operator to 2023-02-28T00:00:00+00:00, run_after=2023-03-01T00:00:00+00:00
[2023-03-01T15:36:09.472+0000] {processor.py:175} INFO - Processing /home/airflow/.local/lib/python3.7/site-packages/airflow/example_dags/example_branch_day_of_week_operator.py took 0.089 seconds
[2023-03-01T15:36:40.077+0000] {processor.py:153} INFO - Started process (PID=3271) to work on /home/airflow/.local/lib/python3.7/site-packages/airflow/example_dags/example_branch_day_of_week_operator.py
[2023-03-01T15:36:40.077+0000] {processor.py:743} INFO - Processing file /home/airflow/.local/lib/python3.7/site-packages/airflow/example_dags/example_branch_day_of_week_operator.py for tasks to queue
[2023-03-01T15:36:40.078+0000] {logging_mixin.py:137} INFO - [2023-03-01T15:36:40.078+0000] {dagbag.py:538} INFO - Filling up the DagBag from /home/airflow/.local/lib/python3.7/site-packages/airflow/example_dags/example_branch_day_of_week_operator.py
[2023-03-01T15:36:40.090+0000] {processor.py:753} INFO - DAG(s) dict_keys(['example_weekday_branch_operator']) retrieved from /home/airflow/.local/lib/python3.7/site-packages/airflow/example_dags/example_branch_day_of_week_operator.py
[2023-03-01T15:36:40.114+0000] {logging_mixin.py:137} INFO - [2023-03-01T15:36:40.113+0000] {dag.py:2690} INFO - Sync 1 DAGs
[2023-03-01T15:36:40.139+0000] {logging_mixin.py:137} INFO - [2023-03-01T15:36:40.139+0000] {dag.py:3441} INFO - Setting next_dagrun for example_weekday_branch_operator to 2023-02-28T00:00:00+00:00, run_after=2023-03-01T00:00:00+00:00
[2023-03-01T15:36:40.160+0000] {processor.py:175} INFO - Processing /home/airflow/.local/lib/python3.7/site-packages/airflow/example_dags/example_branch_day_of_week_operator.py took 0.086 seconds
[2023-03-01T15:37:10.547+0000] {processor.py:153} INFO - Started process (PID=3370) to work on /home/airflow/.local/lib/python3.7/site-packages/airflow/example_dags/example_branch_day_of_week_operator.py
[2023-03-01T15:37:10.548+0000] {processor.py:743} INFO - Processing file /home/airflow/.local/lib/python3.7/site-packages/airflow/example_dags/example_branch_day_of_week_operator.py for tasks to queue
[2023-03-01T15:37:10.548+0000] {logging_mixin.py:137} INFO - [2023-03-01T15:37:10.548+0000] {dagbag.py:538} INFO - Filling up the DagBag from /home/airflow/.local/lib/python3.7/site-packages/airflow/example_dags/example_branch_day_of_week_operator.py
[2023-03-01T15:37:10.562+0000] {processor.py:753} INFO - DAG(s) dict_keys(['example_weekday_branch_operator']) retrieved from /home/airflow/.local/lib/python3.7/site-packages/airflow/example_dags/example_branch_day_of_week_operator.py
[2023-03-01T15:37:10.588+0000] {logging_mixin.py:137} INFO - [2023-03-01T15:37:10.588+0000] {dag.py:2690} INFO - Sync 1 DAGs
[2023-03-01T15:37:10.615+0000] {logging_mixin.py:137} INFO - [2023-03-01T15:37:10.615+0000] {dag.py:3441} INFO - Setting next_dagrun for example_weekday_branch_operator to 2023-02-28T00:00:00+00:00, run_after=2023-03-01T00:00:00+00:00
[2023-03-01T15:37:10.638+0000] {processor.py:175} INFO - Processing /home/airflow/.local/lib/python3.7/site-packages/airflow/example_dags/example_branch_day_of_week_operator.py took 0.094 seconds
[2023-03-01T15:37:41.404+0000] {processor.py:153} INFO - Started process (PID=3449) to work on /home/airflow/.local/lib/python3.7/site-packages/airflow/example_dags/example_branch_day_of_week_operator.py
[2023-03-01T15:37:41.405+0000] {processor.py:743} INFO - Processing file /home/airflow/.local/lib/python3.7/site-packages/airflow/example_dags/example_branch_day_of_week_operator.py for tasks to queue
[2023-03-01T15:37:41.405+0000] {logging_mixin.py:137} INFO - [2023-03-01T15:37:41.405+0000] {dagbag.py:538} INFO - Filling up the DagBag from /home/airflow/.local/lib/python3.7/site-packages/airflow/example_dags/example_branch_day_of_week_operator.py
[2023-03-01T15:37:41.417+0000] {processor.py:753} INFO - DAG(s) dict_keys(['example_weekday_branch_operator']) retrieved from /home/airflow/.local/lib/python3.7/site-packages/airflow/example_dags/example_branch_day_of_week_operator.py
[2023-03-01T15:37:41.439+0000] {logging_mixin.py:137} INFO - [2023-03-01T15:37:41.438+0000] {dag.py:2690} INFO - Sync 1 DAGs
[2023-03-01T15:37:41.462+0000] {logging_mixin.py:137} INFO - [2023-03-01T15:37:41.462+0000] {dag.py:3441} INFO - Setting next_dagrun for example_weekday_branch_operator to 2023-02-28T00:00:00+00:00, run_after=2023-03-01T00:00:00+00:00
[2023-03-01T15:37:41.482+0000] {processor.py:175} INFO - Processing /home/airflow/.local/lib/python3.7/site-packages/airflow/example_dags/example_branch_day_of_week_operator.py took 0.080 seconds
[2023-03-01T15:38:11.998+0000] {processor.py:153} INFO - Started process (PID=3548) to work on /home/airflow/.local/lib/python3.7/site-packages/airflow/example_dags/example_branch_day_of_week_operator.py
[2023-03-01T15:38:11.999+0000] {processor.py:743} INFO - Processing file /home/airflow/.local/lib/python3.7/site-packages/airflow/example_dags/example_branch_day_of_week_operator.py for tasks to queue
[2023-03-01T15:38:11.999+0000] {logging_mixin.py:137} INFO - [2023-03-01T15:38:11.999+0000] {dagbag.py:538} INFO - Filling up the DagBag from /home/airflow/.local/lib/python3.7/site-packages/airflow/example_dags/example_branch_day_of_week_operator.py
[2023-03-01T15:38:12.012+0000] {processor.py:753} INFO - DAG(s) dict_keys(['example_weekday_branch_operator']) retrieved from /home/airflow/.local/lib/python3.7/site-packages/airflow/example_dags/example_branch_day_of_week_operator.py
[2023-03-01T15:38:12.034+0000] {logging_mixin.py:137} INFO - [2023-03-01T15:38:12.033+0000] {dag.py:2690} INFO - Sync 1 DAGs
[2023-03-01T15:38:12.058+0000] {logging_mixin.py:137} INFO - [2023-03-01T15:38:12.057+0000] {dag.py:3441} INFO - Setting next_dagrun for example_weekday_branch_operator to 2023-02-28T00:00:00+00:00, run_after=2023-03-01T00:00:00+00:00
[2023-03-01T15:38:12.077+0000] {processor.py:175} INFO - Processing /home/airflow/.local/lib/python3.7/site-packages/airflow/example_dags/example_branch_day_of_week_operator.py took 0.081 seconds
[2023-03-01T15:38:42.686+0000] {processor.py:153} INFO - Started process (PID=3627) to work on /home/airflow/.local/lib/python3.7/site-packages/airflow/example_dags/example_branch_day_of_week_operator.py
[2023-03-01T15:38:42.687+0000] {processor.py:743} INFO - Processing file /home/airflow/.local/lib/python3.7/site-packages/airflow/example_dags/example_branch_day_of_week_operator.py for tasks to queue
[2023-03-01T15:38:42.687+0000] {logging_mixin.py:137} INFO - [2023-03-01T15:38:42.687+0000] {dagbag.py:538} INFO - Filling up the DagBag from /home/airflow/.local/lib/python3.7/site-packages/airflow/example_dags/example_branch_day_of_week_operator.py
[2023-03-01T15:38:42.700+0000] {processor.py:753} INFO - DAG(s) dict_keys(['example_weekday_branch_operator']) retrieved from /home/airflow/.local/lib/python3.7/site-packages/airflow/example_dags/example_branch_day_of_week_operator.py
[2023-03-01T15:38:42.723+0000] {logging_mixin.py:137} INFO - [2023-03-01T15:38:42.722+0000] {dag.py:2690} INFO - Sync 1 DAGs
[2023-03-01T15:38:42.747+0000] {logging_mixin.py:137} INFO - [2023-03-01T15:38:42.747+0000] {dag.py:3441} INFO - Setting next_dagrun for example_weekday_branch_operator to 2023-02-28T00:00:00+00:00, run_after=2023-03-01T00:00:00+00:00
[2023-03-01T15:38:42.767+0000] {processor.py:175} INFO - Processing /home/airflow/.local/lib/python3.7/site-packages/airflow/example_dags/example_branch_day_of_week_operator.py took 0.083 seconds
[2023-03-01T15:39:13.133+0000] {processor.py:153} INFO - Started process (PID=3727) to work on /home/airflow/.local/lib/python3.7/site-packages/airflow/example_dags/example_branch_day_of_week_operator.py
[2023-03-01T15:39:13.133+0000] {processor.py:743} INFO - Processing file /home/airflow/.local/lib/python3.7/site-packages/airflow/example_dags/example_branch_day_of_week_operator.py for tasks to queue
[2023-03-01T15:39:13.134+0000] {logging_mixin.py:137} INFO - [2023-03-01T15:39:13.133+0000] {dagbag.py:538} INFO - Filling up the DagBag from /home/airflow/.local/lib/python3.7/site-packages/airflow/example_dags/example_branch_day_of_week_operator.py
[2023-03-01T15:39:13.144+0000] {processor.py:753} INFO - DAG(s) dict_keys(['example_weekday_branch_operator']) retrieved from /home/airflow/.local/lib/python3.7/site-packages/airflow/example_dags/example_branch_day_of_week_operator.py
[2023-03-01T15:39:13.167+0000] {logging_mixin.py:137} INFO - [2023-03-01T15:39:13.167+0000] {dag.py:2690} INFO - Sync 1 DAGs
[2023-03-01T15:39:13.190+0000] {logging_mixin.py:137} INFO - [2023-03-01T15:39:13.190+0000] {dag.py:3441} INFO - Setting next_dagrun for example_weekday_branch_operator to 2023-02-28T00:00:00+00:00, run_after=2023-03-01T00:00:00+00:00
[2023-03-01T15:39:13.210+0000] {processor.py:175} INFO - Processing /home/airflow/.local/lib/python3.7/site-packages/airflow/example_dags/example_branch_day_of_week_operator.py took 0.080 seconds
[2023-03-01T15:39:43.346+0000] {processor.py:153} INFO - Started process (PID=3806) to work on /home/airflow/.local/lib/python3.7/site-packages/airflow/example_dags/example_branch_day_of_week_operator.py
[2023-03-01T15:39:43.347+0000] {processor.py:743} INFO - Processing file /home/airflow/.local/lib/python3.7/site-packages/airflow/example_dags/example_branch_day_of_week_operator.py for tasks to queue
[2023-03-01T15:39:43.347+0000] {logging_mixin.py:137} INFO - [2023-03-01T15:39:43.347+0000] {dagbag.py:538} INFO - Filling up the DagBag from /home/airflow/.local/lib/python3.7/site-packages/airflow/example_dags/example_branch_day_of_week_operator.py
[2023-03-01T15:39:43.359+0000] {processor.py:753} INFO - DAG(s) dict_keys(['example_weekday_branch_operator']) retrieved from /home/airflow/.local/lib/python3.7/site-packages/airflow/example_dags/example_branch_day_of_week_operator.py
[2023-03-01T15:39:43.382+0000] {logging_mixin.py:137} INFO - [2023-03-01T15:39:43.381+0000] {dag.py:2690} INFO - Sync 1 DAGs
[2023-03-01T15:39:43.406+0000] {logging_mixin.py:137} INFO - [2023-03-01T15:39:43.406+0000] {dag.py:3441} INFO - Setting next_dagrun for example_weekday_branch_operator to 2023-02-28T00:00:00+00:00, run_after=2023-03-01T00:00:00+00:00
[2023-03-01T15:39:43.426+0000] {processor.py:175} INFO - Processing /home/airflow/.local/lib/python3.7/site-packages/airflow/example_dags/example_branch_day_of_week_operator.py took 0.083 seconds
[2023-03-01T15:40:14.188+0000] {processor.py:153} INFO - Started process (PID=3905) to work on /home/airflow/.local/lib/python3.7/site-packages/airflow/example_dags/example_branch_day_of_week_operator.py
[2023-03-01T15:40:14.189+0000] {processor.py:743} INFO - Processing file /home/airflow/.local/lib/python3.7/site-packages/airflow/example_dags/example_branch_day_of_week_operator.py for tasks to queue
[2023-03-01T15:40:14.189+0000] {logging_mixin.py:137} INFO - [2023-03-01T15:40:14.189+0000] {dagbag.py:538} INFO - Filling up the DagBag from /home/airflow/.local/lib/python3.7/site-packages/airflow/example_dags/example_branch_day_of_week_operator.py
[2023-03-01T15:40:14.202+0000] {processor.py:753} INFO - DAG(s) dict_keys(['example_weekday_branch_operator']) retrieved from /home/airflow/.local/lib/python3.7/site-packages/airflow/example_dags/example_branch_day_of_week_operator.py
[2023-03-01T15:40:14.225+0000] {logging_mixin.py:137} INFO - [2023-03-01T15:40:14.225+0000] {dag.py:2690} INFO - Sync 1 DAGs
[2023-03-01T15:40:14.251+0000] {logging_mixin.py:137} INFO - [2023-03-01T15:40:14.251+0000] {dag.py:3441} INFO - Setting next_dagrun for example_weekday_branch_operator to 2023-02-28T00:00:00+00:00, run_after=2023-03-01T00:00:00+00:00
[2023-03-01T15:40:14.270+0000] {processor.py:175} INFO - Processing /home/airflow/.local/lib/python3.7/site-packages/airflow/example_dags/example_branch_day_of_week_operator.py took 0.084 seconds
[2023-03-01T15:40:44.806+0000] {processor.py:153} INFO - Started process (PID=3984) to work on /home/airflow/.local/lib/python3.7/site-packages/airflow/example_dags/example_branch_day_of_week_operator.py
[2023-03-01T15:40:44.806+0000] {processor.py:743} INFO - Processing file /home/airflow/.local/lib/python3.7/site-packages/airflow/example_dags/example_branch_day_of_week_operator.py for tasks to queue
[2023-03-01T15:40:44.807+0000] {logging_mixin.py:137} INFO - [2023-03-01T15:40:44.807+0000] {dagbag.py:538} INFO - Filling up the DagBag from /home/airflow/.local/lib/python3.7/site-packages/airflow/example_dags/example_branch_day_of_week_operator.py
[2023-03-01T15:40:44.819+0000] {processor.py:753} INFO - DAG(s) dict_keys(['example_weekday_branch_operator']) retrieved from /home/airflow/.local/lib/python3.7/site-packages/airflow/example_dags/example_branch_day_of_week_operator.py
[2023-03-01T15:40:44.842+0000] {logging_mixin.py:137} INFO - [2023-03-01T15:40:44.842+0000] {dag.py:2690} INFO - Sync 1 DAGs
[2023-03-01T15:40:44.865+0000] {logging_mixin.py:137} INFO - [2023-03-01T15:40:44.865+0000] {dag.py:3441} INFO - Setting next_dagrun for example_weekday_branch_operator to 2023-02-28T00:00:00+00:00, run_after=2023-03-01T00:00:00+00:00
[2023-03-01T15:40:44.883+0000] {processor.py:175} INFO - Processing /home/airflow/.local/lib/python3.7/site-packages/airflow/example_dags/example_branch_day_of_week_operator.py took 0.080 seconds
[2023-03-01T15:41:15.584+0000] {processor.py:153} INFO - Started process (PID=4083) to work on /home/airflow/.local/lib/python3.7/site-packages/airflow/example_dags/example_branch_day_of_week_operator.py
[2023-03-01T15:41:15.585+0000] {processor.py:743} INFO - Processing file /home/airflow/.local/lib/python3.7/site-packages/airflow/example_dags/example_branch_day_of_week_operator.py for tasks to queue
[2023-03-01T15:41:15.585+0000] {logging_mixin.py:137} INFO - [2023-03-01T15:41:15.585+0000] {dagbag.py:538} INFO - Filling up the DagBag from /home/airflow/.local/lib/python3.7/site-packages/airflow/example_dags/example_branch_day_of_week_operator.py
[2023-03-01T15:41:15.597+0000] {processor.py:753} INFO - DAG(s) dict_keys(['example_weekday_branch_operator']) retrieved from /home/airflow/.local/lib/python3.7/site-packages/airflow/example_dags/example_branch_day_of_week_operator.py
[2023-03-01T15:41:15.620+0000] {logging_mixin.py:137} INFO - [2023-03-01T15:41:15.620+0000] {dag.py:2690} INFO - Sync 1 DAGs
[2023-03-01T15:41:15.643+0000] {logging_mixin.py:137} INFO - [2023-03-01T15:41:15.643+0000] {dag.py:3441} INFO - Setting next_dagrun for example_weekday_branch_operator to 2023-02-28T00:00:00+00:00, run_after=2023-03-01T00:00:00+00:00
[2023-03-01T15:41:15.661+0000] {processor.py:175} INFO - Processing /home/airflow/.local/lib/python3.7/site-packages/airflow/example_dags/example_branch_day_of_week_operator.py took 0.079 seconds
[2023-03-01T15:41:46.276+0000] {processor.py:153} INFO - Started process (PID=4162) to work on /home/airflow/.local/lib/python3.7/site-packages/airflow/example_dags/example_branch_day_of_week_operator.py
[2023-03-01T15:41:46.276+0000] {processor.py:743} INFO - Processing file /home/airflow/.local/lib/python3.7/site-packages/airflow/example_dags/example_branch_day_of_week_operator.py for tasks to queue
[2023-03-01T15:41:46.277+0000] {logging_mixin.py:137} INFO - [2023-03-01T15:41:46.277+0000] {dagbag.py:538} INFO - Filling up the DagBag from /home/airflow/.local/lib/python3.7/site-packages/airflow/example_dags/example_branch_day_of_week_operator.py
[2023-03-01T15:41:46.289+0000] {processor.py:753} INFO - DAG(s) dict_keys(['example_weekday_branch_operator']) retrieved from /home/airflow/.local/lib/python3.7/site-packages/airflow/example_dags/example_branch_day_of_week_operator.py
[2023-03-01T15:41:46.311+0000] {logging_mixin.py:137} INFO - [2023-03-01T15:41:46.311+0000] {dag.py:2690} INFO - Sync 1 DAGs
[2023-03-01T15:41:46.334+0000] {logging_mixin.py:137} INFO - [2023-03-01T15:41:46.334+0000] {dag.py:3441} INFO - Setting next_dagrun for example_weekday_branch_operator to 2023-02-28T00:00:00+00:00, run_after=2023-03-01T00:00:00+00:00
[2023-03-01T15:41:46.352+0000] {processor.py:175} INFO - Processing /home/airflow/.local/lib/python3.7/site-packages/airflow/example_dags/example_branch_day_of_week_operator.py took 0.079 seconds
[2023-03-01T15:42:16.864+0000] {processor.py:153} INFO - Started process (PID=4261) to work on /home/airflow/.local/lib/python3.7/site-packages/airflow/example_dags/example_branch_day_of_week_operator.py
[2023-03-01T15:42:16.865+0000] {processor.py:743} INFO - Processing file /home/airflow/.local/lib/python3.7/site-packages/airflow/example_dags/example_branch_day_of_week_operator.py for tasks to queue
[2023-03-01T15:42:16.865+0000] {logging_mixin.py:137} INFO - [2023-03-01T15:42:16.865+0000] {dagbag.py:538} INFO - Filling up the DagBag from /home/airflow/.local/lib/python3.7/site-packages/airflow/example_dags/example_branch_day_of_week_operator.py
[2023-03-01T15:42:16.878+0000] {processor.py:753} INFO - DAG(s) dict_keys(['example_weekday_branch_operator']) retrieved from /home/airflow/.local/lib/python3.7/site-packages/airflow/example_dags/example_branch_day_of_week_operator.py
[2023-03-01T15:42:16.901+0000] {logging_mixin.py:137} INFO - [2023-03-01T15:42:16.901+0000] {dag.py:2690} INFO - Sync 1 DAGs
[2023-03-01T15:42:16.925+0000] {logging_mixin.py:137} INFO - [2023-03-01T15:42:16.925+0000] {dag.py:3441} INFO - Setting next_dagrun for example_weekday_branch_operator to 2023-02-28T00:00:00+00:00, run_after=2023-03-01T00:00:00+00:00
[2023-03-01T15:42:16.943+0000] {processor.py:175} INFO - Processing /home/airflow/.local/lib/python3.7/site-packages/airflow/example_dags/example_branch_day_of_week_operator.py took 0.082 seconds
[2023-03-01T15:42:47.609+0000] {processor.py:153} INFO - Started process (PID=4340) to work on /home/airflow/.local/lib/python3.7/site-packages/airflow/example_dags/example_branch_day_of_week_operator.py
[2023-03-01T15:42:47.609+0000] {processor.py:743} INFO - Processing file /home/airflow/.local/lib/python3.7/site-packages/airflow/example_dags/example_branch_day_of_week_operator.py for tasks to queue
[2023-03-01T15:42:47.610+0000] {logging_mixin.py:137} INFO - [2023-03-01T15:42:47.610+0000] {dagbag.py:538} INFO - Filling up the DagBag from /home/airflow/.local/lib/python3.7/site-packages/airflow/example_dags/example_branch_day_of_week_operator.py
[2023-03-01T15:42:47.621+0000] {processor.py:753} INFO - DAG(s) dict_keys(['example_weekday_branch_operator']) retrieved from /home/airflow/.local/lib/python3.7/site-packages/airflow/example_dags/example_branch_day_of_week_operator.py
[2023-03-01T15:42:47.645+0000] {logging_mixin.py:137} INFO - [2023-03-01T15:42:47.644+0000] {dag.py:2690} INFO - Sync 1 DAGs
[2023-03-01T15:42:47.671+0000] {logging_mixin.py:137} INFO - [2023-03-01T15:42:47.671+0000] {dag.py:3441} INFO - Setting next_dagrun for example_weekday_branch_operator to 2023-02-28T00:00:00+00:00, run_after=2023-03-01T00:00:00+00:00
[2023-03-01T15:42:47.688+0000] {processor.py:175} INFO - Processing /home/airflow/.local/lib/python3.7/site-packages/airflow/example_dags/example_branch_day_of_week_operator.py took 0.081 seconds
[2023-03-01T15:43:18.139+0000] {processor.py:153} INFO - Started process (PID=4439) to work on /home/airflow/.local/lib/python3.7/site-packages/airflow/example_dags/example_branch_day_of_week_operator.py
[2023-03-01T15:43:18.139+0000] {processor.py:743} INFO - Processing file /home/airflow/.local/lib/python3.7/site-packages/airflow/example_dags/example_branch_day_of_week_operator.py for tasks to queue
[2023-03-01T15:43:18.140+0000] {logging_mixin.py:137} INFO - [2023-03-01T15:43:18.140+0000] {dagbag.py:538} INFO - Filling up the DagBag from /home/airflow/.local/lib/python3.7/site-packages/airflow/example_dags/example_branch_day_of_week_operator.py
[2023-03-01T15:43:18.151+0000] {processor.py:753} INFO - DAG(s) dict_keys(['example_weekday_branch_operator']) retrieved from /home/airflow/.local/lib/python3.7/site-packages/airflow/example_dags/example_branch_day_of_week_operator.py
[2023-03-01T15:43:18.172+0000] {logging_mixin.py:137} INFO - [2023-03-01T15:43:18.172+0000] {dag.py:2690} INFO - Sync 1 DAGs
[2023-03-01T15:43:18.195+0000] {logging_mixin.py:137} INFO - [2023-03-01T15:43:18.195+0000] {dag.py:3441} INFO - Setting next_dagrun for example_weekday_branch_operator to 2023-02-28T00:00:00+00:00, run_after=2023-03-01T00:00:00+00:00
[2023-03-01T15:43:18.216+0000] {processor.py:175} INFO - Processing /home/airflow/.local/lib/python3.7/site-packages/airflow/example_dags/example_branch_day_of_week_operator.py took 0.080 seconds
[2023-03-01T20:03:08.140+0000] {processor.py:153} INFO - Started process (PID=45) to work on /home/airflow/.local/lib/python3.7/site-packages/airflow/example_dags/example_branch_day_of_week_operator.py
[2023-03-01T20:03:08.141+0000] {processor.py:743} INFO - Processing file /home/airflow/.local/lib/python3.7/site-packages/airflow/example_dags/example_branch_day_of_week_operator.py for tasks to queue
[2023-03-01T20:03:08.141+0000] {logging_mixin.py:137} INFO - [2023-03-01T20:03:08.141+0000] {dagbag.py:538} INFO - Filling up the DagBag from /home/airflow/.local/lib/python3.7/site-packages/airflow/example_dags/example_branch_day_of_week_operator.py
[2023-03-01T20:03:08.155+0000] {processor.py:753} INFO - DAG(s) dict_keys(['example_weekday_branch_operator']) retrieved from /home/airflow/.local/lib/python3.7/site-packages/airflow/example_dags/example_branch_day_of_week_operator.py
[2023-03-01T20:03:08.167+0000] {logging_mixin.py:137} INFO - [2023-03-01T20:03:08.166+0000] {dag.py:2690} INFO - Sync 1 DAGs
[2023-03-01T20:03:08.203+0000] {logging_mixin.py:137} INFO - [2023-03-01T20:03:08.202+0000] {dag.py:3441} INFO - Setting next_dagrun for example_weekday_branch_operator to 2023-02-28T00:00:00+00:00, run_after=2023-03-01T00:00:00+00:00
[2023-03-01T20:03:08.226+0000] {processor.py:175} INFO - Processing /home/airflow/.local/lib/python3.7/site-packages/airflow/example_dags/example_branch_day_of_week_operator.py took 0.089 seconds
[2023-03-01T20:03:39.193+0000] {processor.py:153} INFO - Started process (PID=144) to work on /home/airflow/.local/lib/python3.7/site-packages/airflow/example_dags/example_branch_day_of_week_operator.py
[2023-03-01T20:03:39.194+0000] {processor.py:743} INFO - Processing file /home/airflow/.local/lib/python3.7/site-packages/airflow/example_dags/example_branch_day_of_week_operator.py for tasks to queue
[2023-03-01T20:03:39.194+0000] {logging_mixin.py:137} INFO - [2023-03-01T20:03:39.194+0000] {dagbag.py:538} INFO - Filling up the DagBag from /home/airflow/.local/lib/python3.7/site-packages/airflow/example_dags/example_branch_day_of_week_operator.py
[2023-03-01T20:03:39.208+0000] {processor.py:753} INFO - DAG(s) dict_keys(['example_weekday_branch_operator']) retrieved from /home/airflow/.local/lib/python3.7/site-packages/airflow/example_dags/example_branch_day_of_week_operator.py
[2023-03-01T20:03:39.229+0000] {logging_mixin.py:137} INFO - [2023-03-01T20:03:39.229+0000] {dag.py:2690} INFO - Sync 1 DAGs
[2023-03-01T20:03:39.251+0000] {logging_mixin.py:137} INFO - [2023-03-01T20:03:39.251+0000] {dag.py:3441} INFO - Setting next_dagrun for example_weekday_branch_operator to 2023-02-28T00:00:00+00:00, run_after=2023-03-01T00:00:00+00:00
[2023-03-01T20:03:39.270+0000] {processor.py:175} INFO - Processing /home/airflow/.local/lib/python3.7/site-packages/airflow/example_dags/example_branch_day_of_week_operator.py took 0.080 seconds
[2023-03-01T20:04:09.961+0000] {processor.py:153} INFO - Started process (PID=223) to work on /home/airflow/.local/lib/python3.7/site-packages/airflow/example_dags/example_branch_day_of_week_operator.py
[2023-03-01T20:04:09.962+0000] {processor.py:743} INFO - Processing file /home/airflow/.local/lib/python3.7/site-packages/airflow/example_dags/example_branch_day_of_week_operator.py for tasks to queue
[2023-03-01T20:04:09.962+0000] {logging_mixin.py:137} INFO - [2023-03-01T20:04:09.962+0000] {dagbag.py:538} INFO - Filling up the DagBag from /home/airflow/.local/lib/python3.7/site-packages/airflow/example_dags/example_branch_day_of_week_operator.py
[2023-03-01T20:04:09.973+0000] {processor.py:753} INFO - DAG(s) dict_keys(['example_weekday_branch_operator']) retrieved from /home/airflow/.local/lib/python3.7/site-packages/airflow/example_dags/example_branch_day_of_week_operator.py
[2023-03-01T20:04:09.994+0000] {logging_mixin.py:137} INFO - [2023-03-01T20:04:09.993+0000] {dag.py:2690} INFO - Sync 1 DAGs
[2023-03-01T20:04:10.017+0000] {logging_mixin.py:137} INFO - [2023-03-01T20:04:10.017+0000] {dag.py:3441} INFO - Setting next_dagrun for example_weekday_branch_operator to 2023-02-28T00:00:00+00:00, run_after=2023-03-01T00:00:00+00:00
[2023-03-01T20:04:10.035+0000] {processor.py:175} INFO - Processing /home/airflow/.local/lib/python3.7/site-packages/airflow/example_dags/example_branch_day_of_week_operator.py took 0.076 seconds
[2023-03-01T20:04:40.519+0000] {processor.py:153} INFO - Started process (PID=322) to work on /home/airflow/.local/lib/python3.7/site-packages/airflow/example_dags/example_branch_day_of_week_operator.py
[2023-03-01T20:04:40.520+0000] {processor.py:743} INFO - Processing file /home/airflow/.local/lib/python3.7/site-packages/airflow/example_dags/example_branch_day_of_week_operator.py for tasks to queue
[2023-03-01T20:04:40.521+0000] {logging_mixin.py:137} INFO - [2023-03-01T20:04:40.520+0000] {dagbag.py:538} INFO - Filling up the DagBag from /home/airflow/.local/lib/python3.7/site-packages/airflow/example_dags/example_branch_day_of_week_operator.py
[2023-03-01T20:04:40.534+0000] {processor.py:753} INFO - DAG(s) dict_keys(['example_weekday_branch_operator']) retrieved from /home/airflow/.local/lib/python3.7/site-packages/airflow/example_dags/example_branch_day_of_week_operator.py
[2023-03-01T20:04:40.558+0000] {logging_mixin.py:137} INFO - [2023-03-01T20:04:40.558+0000] {dag.py:2690} INFO - Sync 1 DAGs
[2023-03-01T20:04:40.582+0000] {logging_mixin.py:137} INFO - [2023-03-01T20:04:40.582+0000] {dag.py:3441} INFO - Setting next_dagrun for example_weekday_branch_operator to 2023-02-28T00:00:00+00:00, run_after=2023-03-01T00:00:00+00:00
[2023-03-01T20:04:40.600+0000] {processor.py:175} INFO - Processing /home/airflow/.local/lib/python3.7/site-packages/airflow/example_dags/example_branch_day_of_week_operator.py took 0.083 seconds
[2023-03-01T20:05:11.005+0000] {processor.py:153} INFO - Started process (PID=401) to work on /home/airflow/.local/lib/python3.7/site-packages/airflow/example_dags/example_branch_day_of_week_operator.py
[2023-03-01T20:05:11.006+0000] {processor.py:743} INFO - Processing file /home/airflow/.local/lib/python3.7/site-packages/airflow/example_dags/example_branch_day_of_week_operator.py for tasks to queue
[2023-03-01T20:05:11.007+0000] {logging_mixin.py:137} INFO - [2023-03-01T20:05:11.007+0000] {dagbag.py:538} INFO - Filling up the DagBag from /home/airflow/.local/lib/python3.7/site-packages/airflow/example_dags/example_branch_day_of_week_operator.py
[2023-03-01T20:05:11.019+0000] {processor.py:753} INFO - DAG(s) dict_keys(['example_weekday_branch_operator']) retrieved from /home/airflow/.local/lib/python3.7/site-packages/airflow/example_dags/example_branch_day_of_week_operator.py
[2023-03-01T20:05:11.041+0000] {logging_mixin.py:137} INFO - [2023-03-01T20:05:11.041+0000] {dag.py:2690} INFO - Sync 1 DAGs
[2023-03-01T20:05:11.063+0000] {logging_mixin.py:137} INFO - [2023-03-01T20:05:11.062+0000] {dag.py:3441} INFO - Setting next_dagrun for example_weekday_branch_operator to 2023-02-28T00:00:00+00:00, run_after=2023-03-01T00:00:00+00:00
[2023-03-01T20:05:11.082+0000] {processor.py:175} INFO - Processing /home/airflow/.local/lib/python3.7/site-packages/airflow/example_dags/example_branch_day_of_week_operator.py took 0.079 seconds
[2023-03-01T20:05:41.421+0000] {processor.py:153} INFO - Started process (PID=500) to work on /home/airflow/.local/lib/python3.7/site-packages/airflow/example_dags/example_branch_day_of_week_operator.py
[2023-03-01T20:05:41.422+0000] {processor.py:743} INFO - Processing file /home/airflow/.local/lib/python3.7/site-packages/airflow/example_dags/example_branch_day_of_week_operator.py for tasks to queue
[2023-03-01T20:05:41.423+0000] {logging_mixin.py:137} INFO - [2023-03-01T20:05:41.422+0000] {dagbag.py:538} INFO - Filling up the DagBag from /home/airflow/.local/lib/python3.7/site-packages/airflow/example_dags/example_branch_day_of_week_operator.py
[2023-03-01T20:05:41.436+0000] {processor.py:753} INFO - DAG(s) dict_keys(['example_weekday_branch_operator']) retrieved from /home/airflow/.local/lib/python3.7/site-packages/airflow/example_dags/example_branch_day_of_week_operator.py
[2023-03-01T20:05:41.458+0000] {logging_mixin.py:137} INFO - [2023-03-01T20:05:41.458+0000] {dag.py:2690} INFO - Sync 1 DAGs
[2023-03-01T20:05:41.479+0000] {logging_mixin.py:137} INFO - [2023-03-01T20:05:41.479+0000] {dag.py:3441} INFO - Setting next_dagrun for example_weekday_branch_operator to 2023-02-28T00:00:00+00:00, run_after=2023-03-01T00:00:00+00:00
[2023-03-01T20:05:41.498+0000] {processor.py:175} INFO - Processing /home/airflow/.local/lib/python3.7/site-packages/airflow/example_dags/example_branch_day_of_week_operator.py took 0.079 seconds
[2023-03-01T20:06:12.062+0000] {processor.py:153} INFO - Started process (PID=579) to work on /home/airflow/.local/lib/python3.7/site-packages/airflow/example_dags/example_branch_day_of_week_operator.py
[2023-03-01T20:06:12.063+0000] {processor.py:743} INFO - Processing file /home/airflow/.local/lib/python3.7/site-packages/airflow/example_dags/example_branch_day_of_week_operator.py for tasks to queue
[2023-03-01T20:06:12.064+0000] {logging_mixin.py:137} INFO - [2023-03-01T20:06:12.064+0000] {dagbag.py:538} INFO - Filling up the DagBag from /home/airflow/.local/lib/python3.7/site-packages/airflow/example_dags/example_branch_day_of_week_operator.py
[2023-03-01T20:06:12.078+0000] {processor.py:753} INFO - DAG(s) dict_keys(['example_weekday_branch_operator']) retrieved from /home/airflow/.local/lib/python3.7/site-packages/airflow/example_dags/example_branch_day_of_week_operator.py
[2023-03-01T20:06:12.101+0000] {logging_mixin.py:137} INFO - [2023-03-01T20:06:12.101+0000] {dag.py:2690} INFO - Sync 1 DAGs
[2023-03-01T20:06:12.128+0000] {logging_mixin.py:137} INFO - [2023-03-01T20:06:12.127+0000] {dag.py:3441} INFO - Setting next_dagrun for example_weekday_branch_operator to 2023-02-28T00:00:00+00:00, run_after=2023-03-01T00:00:00+00:00
[2023-03-01T20:06:12.149+0000] {processor.py:175} INFO - Processing /home/airflow/.local/lib/python3.7/site-packages/airflow/example_dags/example_branch_day_of_week_operator.py took 0.090 seconds
[2023-03-01T20:06:42.587+0000] {processor.py:153} INFO - Started process (PID=678) to work on /home/airflow/.local/lib/python3.7/site-packages/airflow/example_dags/example_branch_day_of_week_operator.py
[2023-03-01T20:06:42.588+0000] {processor.py:743} INFO - Processing file /home/airflow/.local/lib/python3.7/site-packages/airflow/example_dags/example_branch_day_of_week_operator.py for tasks to queue
[2023-03-01T20:06:42.588+0000] {logging_mixin.py:137} INFO - [2023-03-01T20:06:42.588+0000] {dagbag.py:538} INFO - Filling up the DagBag from /home/airflow/.local/lib/python3.7/site-packages/airflow/example_dags/example_branch_day_of_week_operator.py
[2023-03-01T20:06:42.599+0000] {processor.py:753} INFO - DAG(s) dict_keys(['example_weekday_branch_operator']) retrieved from /home/airflow/.local/lib/python3.7/site-packages/airflow/example_dags/example_branch_day_of_week_operator.py
[2023-03-01T20:06:42.623+0000] {logging_mixin.py:137} INFO - [2023-03-01T20:06:42.623+0000] {dag.py:2690} INFO - Sync 1 DAGs
[2023-03-01T20:06:42.648+0000] {logging_mixin.py:137} INFO - [2023-03-01T20:06:42.648+0000] {dag.py:3441} INFO - Setting next_dagrun for example_weekday_branch_operator to 2023-02-28T00:00:00+00:00, run_after=2023-03-01T00:00:00+00:00
[2023-03-01T20:06:42.666+0000] {processor.py:175} INFO - Processing /home/airflow/.local/lib/python3.7/site-packages/airflow/example_dags/example_branch_day_of_week_operator.py took 0.081 seconds
[2023-03-01T20:07:12.791+0000] {processor.py:153} INFO - Started process (PID=757) to work on /home/airflow/.local/lib/python3.7/site-packages/airflow/example_dags/example_branch_day_of_week_operator.py
[2023-03-01T20:07:12.792+0000] {processor.py:743} INFO - Processing file /home/airflow/.local/lib/python3.7/site-packages/airflow/example_dags/example_branch_day_of_week_operator.py for tasks to queue
[2023-03-01T20:07:12.792+0000] {logging_mixin.py:137} INFO - [2023-03-01T20:07:12.792+0000] {dagbag.py:538} INFO - Filling up the DagBag from /home/airflow/.local/lib/python3.7/site-packages/airflow/example_dags/example_branch_day_of_week_operator.py
[2023-03-01T20:07:12.804+0000] {processor.py:753} INFO - DAG(s) dict_keys(['example_weekday_branch_operator']) retrieved from /home/airflow/.local/lib/python3.7/site-packages/airflow/example_dags/example_branch_day_of_week_operator.py
[2023-03-01T20:07:12.829+0000] {logging_mixin.py:137} INFO - [2023-03-01T20:07:12.828+0000] {dag.py:2690} INFO - Sync 1 DAGs
[2023-03-01T20:07:12.858+0000] {logging_mixin.py:137} INFO - [2023-03-01T20:07:12.858+0000] {dag.py:3441} INFO - Setting next_dagrun for example_weekday_branch_operator to 2023-02-28T00:00:00+00:00, run_after=2023-03-01T00:00:00+00:00
[2023-03-01T20:07:12.878+0000] {processor.py:175} INFO - Processing /home/airflow/.local/lib/python3.7/site-packages/airflow/example_dags/example_branch_day_of_week_operator.py took 0.090 seconds
[2023-03-01T20:07:43.828+0000] {processor.py:153} INFO - Started process (PID=856) to work on /home/airflow/.local/lib/python3.7/site-packages/airflow/example_dags/example_branch_day_of_week_operator.py
[2023-03-01T20:07:43.829+0000] {processor.py:743} INFO - Processing file /home/airflow/.local/lib/python3.7/site-packages/airflow/example_dags/example_branch_day_of_week_operator.py for tasks to queue
[2023-03-01T20:07:43.829+0000] {logging_mixin.py:137} INFO - [2023-03-01T20:07:43.829+0000] {dagbag.py:538} INFO - Filling up the DagBag from /home/airflow/.local/lib/python3.7/site-packages/airflow/example_dags/example_branch_day_of_week_operator.py
[2023-03-01T20:07:43.842+0000] {processor.py:753} INFO - DAG(s) dict_keys(['example_weekday_branch_operator']) retrieved from /home/airflow/.local/lib/python3.7/site-packages/airflow/example_dags/example_branch_day_of_week_operator.py
[2023-03-01T20:07:43.863+0000] {logging_mixin.py:137} INFO - [2023-03-01T20:07:43.863+0000] {dag.py:2690} INFO - Sync 1 DAGs
[2023-03-01T20:07:43.887+0000] {logging_mixin.py:137} INFO - [2023-03-01T20:07:43.887+0000] {dag.py:3441} INFO - Setting next_dagrun for example_weekday_branch_operator to 2023-02-28T00:00:00+00:00, run_after=2023-03-01T00:00:00+00:00
[2023-03-01T20:07:43.906+0000] {processor.py:175} INFO - Processing /home/airflow/.local/lib/python3.7/site-packages/airflow/example_dags/example_branch_day_of_week_operator.py took 0.080 seconds
