[2023-03-01T15:18:20.155+0000] {processor.py:153} INFO - Started process (PID=97) to work on /home/airflow/.local/lib/python3.7/site-packages/airflow/example_dags/example_skip_dag.py
[2023-03-01T15:18:20.156+0000] {processor.py:743} INFO - Processing file /home/airflow/.local/lib/python3.7/site-packages/airflow/example_dags/example_skip_dag.py for tasks to queue
[2023-03-01T15:18:20.156+0000] {logging_mixin.py:137} INFO - [2023-03-01T15:18:20.156+0000] {dagbag.py:538} INFO - Filling up the DagBag from /home/airflow/.local/lib/python3.7/site-packages/airflow/example_dags/example_skip_dag.py
[2023-03-01T15:18:20.171+0000] {processor.py:753} INFO - DAG(s) dict_keys(['example_skip_dag']) retrieved from /home/airflow/.local/lib/python3.7/site-packages/airflow/example_dags/example_skip_dag.py
[2023-03-01T15:18:20.184+0000] {logging_mixin.py:137} INFO - [2023-03-01T15:18:20.184+0000] {dag.py:2690} INFO - Sync 1 DAGs
[2023-03-01T15:18:20.210+0000] {logging_mixin.py:137} INFO - [2023-03-01T15:18:20.209+0000] {dag.py:3441} INFO - Setting next_dagrun for example_skip_dag to 2023-02-28T15:18:20.209539+00:00, run_after=2023-03-01T15:18:20.209539+00:00
[2023-03-01T15:18:20.232+0000] {processor.py:175} INFO - Processing /home/airflow/.local/lib/python3.7/site-packages/airflow/example_dags/example_skip_dag.py took 0.080 seconds
[2023-03-01T15:18:51.022+0000] {processor.py:153} INFO - Started process (PID=176) to work on /home/airflow/.local/lib/python3.7/site-packages/airflow/example_dags/example_skip_dag.py
[2023-03-01T15:18:51.023+0000] {processor.py:743} INFO - Processing file /home/airflow/.local/lib/python3.7/site-packages/airflow/example_dags/example_skip_dag.py for tasks to queue
[2023-03-01T15:18:51.023+0000] {logging_mixin.py:137} INFO - [2023-03-01T15:18:51.023+0000] {dagbag.py:538} INFO - Filling up the DagBag from /home/airflow/.local/lib/python3.7/site-packages/airflow/example_dags/example_skip_dag.py
[2023-03-01T15:18:51.034+0000] {processor.py:753} INFO - DAG(s) dict_keys(['example_skip_dag']) retrieved from /home/airflow/.local/lib/python3.7/site-packages/airflow/example_dags/example_skip_dag.py
[2023-03-01T15:18:51.056+0000] {logging_mixin.py:137} INFO - [2023-03-01T15:18:51.056+0000] {dag.py:2690} INFO - Sync 1 DAGs
[2023-03-01T15:18:51.079+0000] {logging_mixin.py:137} INFO - [2023-03-01T15:18:51.079+0000] {dag.py:3441} INFO - Setting next_dagrun for example_skip_dag to 2023-02-28T15:18:51.079113+00:00, run_after=2023-03-01T15:18:51.079113+00:00
[2023-03-01T15:18:51.097+0000] {processor.py:175} INFO - Processing /home/airflow/.local/lib/python3.7/site-packages/airflow/example_dags/example_skip_dag.py took 0.077 seconds
[2023-03-01T15:19:21.846+0000] {processor.py:153} INFO - Started process (PID=275) to work on /home/airflow/.local/lib/python3.7/site-packages/airflow/example_dags/example_skip_dag.py
[2023-03-01T15:19:21.847+0000] {processor.py:743} INFO - Processing file /home/airflow/.local/lib/python3.7/site-packages/airflow/example_dags/example_skip_dag.py for tasks to queue
[2023-03-01T15:19:21.848+0000] {logging_mixin.py:137} INFO - [2023-03-01T15:19:21.848+0000] {dagbag.py:538} INFO - Filling up the DagBag from /home/airflow/.local/lib/python3.7/site-packages/airflow/example_dags/example_skip_dag.py
[2023-03-01T15:19:21.862+0000] {processor.py:753} INFO - DAG(s) dict_keys(['example_skip_dag']) retrieved from /home/airflow/.local/lib/python3.7/site-packages/airflow/example_dags/example_skip_dag.py
[2023-03-01T15:19:21.890+0000] {logging_mixin.py:137} INFO - [2023-03-01T15:19:21.890+0000] {dag.py:2690} INFO - Sync 1 DAGs
[2023-03-01T15:19:21.920+0000] {logging_mixin.py:137} INFO - [2023-03-01T15:19:21.920+0000] {dag.py:3441} INFO - Setting next_dagrun for example_skip_dag to 2023-02-28T15:19:21.920601+00:00, run_after=2023-03-01T15:19:21.920601+00:00
[2023-03-01T15:19:21.944+0000] {processor.py:175} INFO - Processing /home/airflow/.local/lib/python3.7/site-packages/airflow/example_dags/example_skip_dag.py took 0.101 seconds
[2023-03-01T15:19:52.639+0000] {processor.py:153} INFO - Started process (PID=354) to work on /home/airflow/.local/lib/python3.7/site-packages/airflow/example_dags/example_skip_dag.py
[2023-03-01T15:19:52.640+0000] {processor.py:743} INFO - Processing file /home/airflow/.local/lib/python3.7/site-packages/airflow/example_dags/example_skip_dag.py for tasks to queue
[2023-03-01T15:19:52.640+0000] {logging_mixin.py:137} INFO - [2023-03-01T15:19:52.640+0000] {dagbag.py:538} INFO - Filling up the DagBag from /home/airflow/.local/lib/python3.7/site-packages/airflow/example_dags/example_skip_dag.py
[2023-03-01T15:19:52.651+0000] {processor.py:753} INFO - DAG(s) dict_keys(['example_skip_dag']) retrieved from /home/airflow/.local/lib/python3.7/site-packages/airflow/example_dags/example_skip_dag.py
[2023-03-01T15:19:52.675+0000] {logging_mixin.py:137} INFO - [2023-03-01T15:19:52.675+0000] {dag.py:2690} INFO - Sync 1 DAGs
[2023-03-01T15:19:52.700+0000] {logging_mixin.py:137} INFO - [2023-03-01T15:19:52.700+0000] {dag.py:3441} INFO - Setting next_dagrun for example_skip_dag to 2023-02-28T15:19:52.700151+00:00, run_after=2023-03-01T15:19:52.700151+00:00
[2023-03-01T15:19:52.719+0000] {processor.py:175} INFO - Processing /home/airflow/.local/lib/python3.7/site-packages/airflow/example_dags/example_skip_dag.py took 0.082 seconds
[2023-03-01T15:20:23.354+0000] {processor.py:153} INFO - Started process (PID=453) to work on /home/airflow/.local/lib/python3.7/site-packages/airflow/example_dags/example_skip_dag.py
[2023-03-01T15:20:23.355+0000] {processor.py:743} INFO - Processing file /home/airflow/.local/lib/python3.7/site-packages/airflow/example_dags/example_skip_dag.py for tasks to queue
[2023-03-01T15:20:23.356+0000] {logging_mixin.py:137} INFO - [2023-03-01T15:20:23.355+0000] {dagbag.py:538} INFO - Filling up the DagBag from /home/airflow/.local/lib/python3.7/site-packages/airflow/example_dags/example_skip_dag.py
[2023-03-01T15:20:23.369+0000] {processor.py:753} INFO - DAG(s) dict_keys(['example_skip_dag']) retrieved from /home/airflow/.local/lib/python3.7/site-packages/airflow/example_dags/example_skip_dag.py
[2023-03-01T15:20:23.396+0000] {logging_mixin.py:137} INFO - [2023-03-01T15:20:23.396+0000] {dag.py:2690} INFO - Sync 1 DAGs
[2023-03-01T15:20:23.420+0000] {logging_mixin.py:137} INFO - [2023-03-01T15:20:23.420+0000] {dag.py:3441} INFO - Setting next_dagrun for example_skip_dag to 2023-02-28T15:20:23.420194+00:00, run_after=2023-03-01T15:20:23.420194+00:00
[2023-03-01T15:20:23.444+0000] {processor.py:175} INFO - Processing /home/airflow/.local/lib/python3.7/site-packages/airflow/example_dags/example_skip_dag.py took 0.093 seconds
[2023-03-01T15:20:53.985+0000] {processor.py:153} INFO - Started process (PID=532) to work on /home/airflow/.local/lib/python3.7/site-packages/airflow/example_dags/example_skip_dag.py
[2023-03-01T15:20:53.986+0000] {processor.py:743} INFO - Processing file /home/airflow/.local/lib/python3.7/site-packages/airflow/example_dags/example_skip_dag.py for tasks to queue
[2023-03-01T15:20:53.986+0000] {logging_mixin.py:137} INFO - [2023-03-01T15:20:53.986+0000] {dagbag.py:538} INFO - Filling up the DagBag from /home/airflow/.local/lib/python3.7/site-packages/airflow/example_dags/example_skip_dag.py
[2023-03-01T15:20:53.996+0000] {processor.py:753} INFO - DAG(s) dict_keys(['example_skip_dag']) retrieved from /home/airflow/.local/lib/python3.7/site-packages/airflow/example_dags/example_skip_dag.py
[2023-03-01T15:20:54.021+0000] {logging_mixin.py:137} INFO - [2023-03-01T15:20:54.021+0000] {dag.py:2690} INFO - Sync 1 DAGs
[2023-03-01T15:20:54.046+0000] {logging_mixin.py:137} INFO - [2023-03-01T15:20:54.046+0000] {dag.py:3441} INFO - Setting next_dagrun for example_skip_dag to 2023-02-28T15:20:54.046118+00:00, run_after=2023-03-01T15:20:54.046118+00:00
[2023-03-01T15:20:54.065+0000] {processor.py:175} INFO - Processing /home/airflow/.local/lib/python3.7/site-packages/airflow/example_dags/example_skip_dag.py took 0.083 seconds
[2023-03-01T15:21:24.464+0000] {processor.py:153} INFO - Started process (PID=631) to work on /home/airflow/.local/lib/python3.7/site-packages/airflow/example_dags/example_skip_dag.py
[2023-03-01T15:21:24.464+0000] {processor.py:743} INFO - Processing file /home/airflow/.local/lib/python3.7/site-packages/airflow/example_dags/example_skip_dag.py for tasks to queue
[2023-03-01T15:21:24.465+0000] {logging_mixin.py:137} INFO - [2023-03-01T15:21:24.465+0000] {dagbag.py:538} INFO - Filling up the DagBag from /home/airflow/.local/lib/python3.7/site-packages/airflow/example_dags/example_skip_dag.py
[2023-03-01T15:21:24.475+0000] {processor.py:753} INFO - DAG(s) dict_keys(['example_skip_dag']) retrieved from /home/airflow/.local/lib/python3.7/site-packages/airflow/example_dags/example_skip_dag.py
[2023-03-01T15:21:24.494+0000] {logging_mixin.py:137} INFO - [2023-03-01T15:21:24.494+0000] {dag.py:2690} INFO - Sync 1 DAGs
[2023-03-01T15:21:24.514+0000] {logging_mixin.py:137} INFO - [2023-03-01T15:21:24.514+0000] {dag.py:3441} INFO - Setting next_dagrun for example_skip_dag to 2023-02-28T15:21:24.514584+00:00, run_after=2023-03-01T15:21:24.514584+00:00
[2023-03-01T15:21:24.531+0000] {processor.py:175} INFO - Processing /home/airflow/.local/lib/python3.7/site-packages/airflow/example_dags/example_skip_dag.py took 0.070 seconds
[2023-03-01T15:21:55.034+0000] {processor.py:153} INFO - Started process (PID=711) to work on /home/airflow/.local/lib/python3.7/site-packages/airflow/example_dags/example_skip_dag.py
[2023-03-01T15:21:55.035+0000] {processor.py:743} INFO - Processing file /home/airflow/.local/lib/python3.7/site-packages/airflow/example_dags/example_skip_dag.py for tasks to queue
[2023-03-01T15:21:55.035+0000] {logging_mixin.py:137} INFO - [2023-03-01T15:21:55.035+0000] {dagbag.py:538} INFO - Filling up the DagBag from /home/airflow/.local/lib/python3.7/site-packages/airflow/example_dags/example_skip_dag.py
[2023-03-01T15:21:55.050+0000] {processor.py:753} INFO - DAG(s) dict_keys(['example_skip_dag']) retrieved from /home/airflow/.local/lib/python3.7/site-packages/airflow/example_dags/example_skip_dag.py
[2023-03-01T15:21:55.078+0000] {logging_mixin.py:137} INFO - [2023-03-01T15:21:55.078+0000] {dag.py:2690} INFO - Sync 1 DAGs
[2023-03-01T15:21:55.101+0000] {logging_mixin.py:137} INFO - [2023-03-01T15:21:55.101+0000] {dag.py:3441} INFO - Setting next_dagrun for example_skip_dag to 2023-02-28T15:21:55.101340+00:00, run_after=2023-03-01T15:21:55.101340+00:00
[2023-03-01T15:21:55.127+0000] {processor.py:175} INFO - Processing /home/airflow/.local/lib/python3.7/site-packages/airflow/example_dags/example_skip_dag.py took 0.095 seconds
[2023-03-01T15:22:25.461+0000] {processor.py:153} INFO - Started process (PID=810) to work on /home/airflow/.local/lib/python3.7/site-packages/airflow/example_dags/example_skip_dag.py
[2023-03-01T15:22:25.462+0000] {processor.py:743} INFO - Processing file /home/airflow/.local/lib/python3.7/site-packages/airflow/example_dags/example_skip_dag.py for tasks to queue
[2023-03-01T15:22:25.463+0000] {logging_mixin.py:137} INFO - [2023-03-01T15:22:25.463+0000] {dagbag.py:538} INFO - Filling up the DagBag from /home/airflow/.local/lib/python3.7/site-packages/airflow/example_dags/example_skip_dag.py
[2023-03-01T15:22:25.473+0000] {processor.py:753} INFO - DAG(s) dict_keys(['example_skip_dag']) retrieved from /home/airflow/.local/lib/python3.7/site-packages/airflow/example_dags/example_skip_dag.py
[2023-03-01T15:22:25.493+0000] {logging_mixin.py:137} INFO - [2023-03-01T15:22:25.493+0000] {dag.py:2690} INFO - Sync 1 DAGs
[2023-03-01T15:22:25.515+0000] {logging_mixin.py:137} INFO - [2023-03-01T15:22:25.515+0000] {dag.py:3441} INFO - Setting next_dagrun for example_skip_dag to 2023-02-28T15:22:25.514917+00:00, run_after=2023-03-01T15:22:25.514917+00:00
[2023-03-01T15:22:25.533+0000] {processor.py:175} INFO - Processing /home/airflow/.local/lib/python3.7/site-packages/airflow/example_dags/example_skip_dag.py took 0.074 seconds
[2023-03-01T15:22:56.125+0000] {processor.py:153} INFO - Started process (PID=889) to work on /home/airflow/.local/lib/python3.7/site-packages/airflow/example_dags/example_skip_dag.py
[2023-03-01T15:22:56.125+0000] {processor.py:743} INFO - Processing file /home/airflow/.local/lib/python3.7/site-packages/airflow/example_dags/example_skip_dag.py for tasks to queue
[2023-03-01T15:22:56.126+0000] {logging_mixin.py:137} INFO - [2023-03-01T15:22:56.126+0000] {dagbag.py:538} INFO - Filling up the DagBag from /home/airflow/.local/lib/python3.7/site-packages/airflow/example_dags/example_skip_dag.py
[2023-03-01T15:22:56.136+0000] {processor.py:753} INFO - DAG(s) dict_keys(['example_skip_dag']) retrieved from /home/airflow/.local/lib/python3.7/site-packages/airflow/example_dags/example_skip_dag.py
[2023-03-01T15:22:56.164+0000] {logging_mixin.py:137} INFO - [2023-03-01T15:22:56.163+0000] {dag.py:2690} INFO - Sync 1 DAGs
[2023-03-01T15:22:56.190+0000] {logging_mixin.py:137} INFO - [2023-03-01T15:22:56.189+0000] {dag.py:3441} INFO - Setting next_dagrun for example_skip_dag to 2023-02-28T15:22:56.189640+00:00, run_after=2023-03-01T15:22:56.189640+00:00
[2023-03-01T15:22:56.210+0000] {processor.py:175} INFO - Processing /home/airflow/.local/lib/python3.7/site-packages/airflow/example_dags/example_skip_dag.py took 0.088 seconds
[2023-03-01T15:23:26.705+0000] {processor.py:153} INFO - Started process (PID=988) to work on /home/airflow/.local/lib/python3.7/site-packages/airflow/example_dags/example_skip_dag.py
[2023-03-01T15:23:26.706+0000] {processor.py:743} INFO - Processing file /home/airflow/.local/lib/python3.7/site-packages/airflow/example_dags/example_skip_dag.py for tasks to queue
[2023-03-01T15:23:26.707+0000] {logging_mixin.py:137} INFO - [2023-03-01T15:23:26.706+0000] {dagbag.py:538} INFO - Filling up the DagBag from /home/airflow/.local/lib/python3.7/site-packages/airflow/example_dags/example_skip_dag.py
[2023-03-01T15:23:26.717+0000] {processor.py:753} INFO - DAG(s) dict_keys(['example_skip_dag']) retrieved from /home/airflow/.local/lib/python3.7/site-packages/airflow/example_dags/example_skip_dag.py
[2023-03-01T15:23:26.738+0000] {logging_mixin.py:137} INFO - [2023-03-01T15:23:26.737+0000] {dag.py:2690} INFO - Sync 1 DAGs
[2023-03-01T15:23:26.761+0000] {logging_mixin.py:137} INFO - [2023-03-01T15:23:26.761+0000] {dag.py:3441} INFO - Setting next_dagrun for example_skip_dag to 2023-02-28T15:23:26.760875+00:00, run_after=2023-03-01T15:23:26.760875+00:00
[2023-03-01T15:23:26.780+0000] {processor.py:175} INFO - Processing /home/airflow/.local/lib/python3.7/site-packages/airflow/example_dags/example_skip_dag.py took 0.077 seconds
[2023-03-01T15:23:57.365+0000] {processor.py:153} INFO - Started process (PID=1067) to work on /home/airflow/.local/lib/python3.7/site-packages/airflow/example_dags/example_skip_dag.py
[2023-03-01T15:23:57.365+0000] {processor.py:743} INFO - Processing file /home/airflow/.local/lib/python3.7/site-packages/airflow/example_dags/example_skip_dag.py for tasks to queue
[2023-03-01T15:23:57.366+0000] {logging_mixin.py:137} INFO - [2023-03-01T15:23:57.366+0000] {dagbag.py:538} INFO - Filling up the DagBag from /home/airflow/.local/lib/python3.7/site-packages/airflow/example_dags/example_skip_dag.py
[2023-03-01T15:23:57.376+0000] {processor.py:753} INFO - DAG(s) dict_keys(['example_skip_dag']) retrieved from /home/airflow/.local/lib/python3.7/site-packages/airflow/example_dags/example_skip_dag.py
[2023-03-01T15:23:57.399+0000] {logging_mixin.py:137} INFO - [2023-03-01T15:23:57.399+0000] {dag.py:2690} INFO - Sync 1 DAGs
[2023-03-01T15:23:57.423+0000] {logging_mixin.py:137} INFO - [2023-03-01T15:23:57.423+0000] {dag.py:3441} INFO - Setting next_dagrun for example_skip_dag to 2023-02-28T15:23:57.423078+00:00, run_after=2023-03-01T15:23:57.423078+00:00
[2023-03-01T15:23:57.443+0000] {processor.py:175} INFO - Processing /home/airflow/.local/lib/python3.7/site-packages/airflow/example_dags/example_skip_dag.py took 0.081 seconds
[2023-03-01T15:24:27.845+0000] {processor.py:153} INFO - Started process (PID=1166) to work on /home/airflow/.local/lib/python3.7/site-packages/airflow/example_dags/example_skip_dag.py
[2023-03-01T15:24:27.846+0000] {processor.py:743} INFO - Processing file /home/airflow/.local/lib/python3.7/site-packages/airflow/example_dags/example_skip_dag.py for tasks to queue
[2023-03-01T15:24:27.846+0000] {logging_mixin.py:137} INFO - [2023-03-01T15:24:27.846+0000] {dagbag.py:538} INFO - Filling up the DagBag from /home/airflow/.local/lib/python3.7/site-packages/airflow/example_dags/example_skip_dag.py
[2023-03-01T15:24:27.858+0000] {processor.py:753} INFO - DAG(s) dict_keys(['example_skip_dag']) retrieved from /home/airflow/.local/lib/python3.7/site-packages/airflow/example_dags/example_skip_dag.py
[2023-03-01T15:24:27.880+0000] {logging_mixin.py:137} INFO - [2023-03-01T15:24:27.880+0000] {dag.py:2690} INFO - Sync 1 DAGs
[2023-03-01T15:24:27.905+0000] {logging_mixin.py:137} INFO - [2023-03-01T15:24:27.905+0000] {dag.py:3441} INFO - Setting next_dagrun for example_skip_dag to 2023-02-28T15:24:27.905044+00:00, run_after=2023-03-01T15:24:27.905044+00:00
[2023-03-01T15:24:27.925+0000] {processor.py:175} INFO - Processing /home/airflow/.local/lib/python3.7/site-packages/airflow/example_dags/example_skip_dag.py took 0.082 seconds
[2023-03-01T15:24:58.483+0000] {processor.py:153} INFO - Started process (PID=1245) to work on /home/airflow/.local/lib/python3.7/site-packages/airflow/example_dags/example_skip_dag.py
[2023-03-01T15:24:58.484+0000] {processor.py:743} INFO - Processing file /home/airflow/.local/lib/python3.7/site-packages/airflow/example_dags/example_skip_dag.py for tasks to queue
[2023-03-01T15:24:58.484+0000] {logging_mixin.py:137} INFO - [2023-03-01T15:24:58.484+0000] {dagbag.py:538} INFO - Filling up the DagBag from /home/airflow/.local/lib/python3.7/site-packages/airflow/example_dags/example_skip_dag.py
[2023-03-01T15:24:58.495+0000] {processor.py:753} INFO - DAG(s) dict_keys(['example_skip_dag']) retrieved from /home/airflow/.local/lib/python3.7/site-packages/airflow/example_dags/example_skip_dag.py
[2023-03-01T15:24:58.517+0000] {logging_mixin.py:137} INFO - [2023-03-01T15:24:58.516+0000] {dag.py:2690} INFO - Sync 1 DAGs
[2023-03-01T15:24:58.541+0000] {logging_mixin.py:137} INFO - [2023-03-01T15:24:58.541+0000] {dag.py:3441} INFO - Setting next_dagrun for example_skip_dag to 2023-02-28T15:24:58.540823+00:00, run_after=2023-03-01T15:24:58.540823+00:00
[2023-03-01T15:24:58.558+0000] {processor.py:175} INFO - Processing /home/airflow/.local/lib/python3.7/site-packages/airflow/example_dags/example_skip_dag.py took 0.077 seconds
[2023-03-01T15:25:29.307+0000] {processor.py:153} INFO - Started process (PID=1344) to work on /home/airflow/.local/lib/python3.7/site-packages/airflow/example_dags/example_skip_dag.py
[2023-03-01T15:25:29.308+0000] {processor.py:743} INFO - Processing file /home/airflow/.local/lib/python3.7/site-packages/airflow/example_dags/example_skip_dag.py for tasks to queue
[2023-03-01T15:25:29.309+0000] {logging_mixin.py:137} INFO - [2023-03-01T15:25:29.308+0000] {dagbag.py:538} INFO - Filling up the DagBag from /home/airflow/.local/lib/python3.7/site-packages/airflow/example_dags/example_skip_dag.py
[2023-03-01T15:25:29.323+0000] {processor.py:753} INFO - DAG(s) dict_keys(['example_skip_dag']) retrieved from /home/airflow/.local/lib/python3.7/site-packages/airflow/example_dags/example_skip_dag.py
[2023-03-01T15:25:29.344+0000] {logging_mixin.py:137} INFO - [2023-03-01T15:25:29.344+0000] {dag.py:2690} INFO - Sync 1 DAGs
[2023-03-01T15:25:29.366+0000] {logging_mixin.py:137} INFO - [2023-03-01T15:25:29.366+0000] {dag.py:3441} INFO - Setting next_dagrun for example_skip_dag to 2023-02-28T15:25:29.366586+00:00, run_after=2023-03-01T15:25:29.366586+00:00
[2023-03-01T15:25:29.386+0000] {processor.py:175} INFO - Processing /home/airflow/.local/lib/python3.7/site-packages/airflow/example_dags/example_skip_dag.py took 0.083 seconds
[2023-03-01T15:25:59.910+0000] {processor.py:153} INFO - Started process (PID=1423) to work on /home/airflow/.local/lib/python3.7/site-packages/airflow/example_dags/example_skip_dag.py
[2023-03-01T15:25:59.911+0000] {processor.py:743} INFO - Processing file /home/airflow/.local/lib/python3.7/site-packages/airflow/example_dags/example_skip_dag.py for tasks to queue
[2023-03-01T15:25:59.911+0000] {logging_mixin.py:137} INFO - [2023-03-01T15:25:59.911+0000] {dagbag.py:538} INFO - Filling up the DagBag from /home/airflow/.local/lib/python3.7/site-packages/airflow/example_dags/example_skip_dag.py
[2023-03-01T15:25:59.923+0000] {processor.py:753} INFO - DAG(s) dict_keys(['example_skip_dag']) retrieved from /home/airflow/.local/lib/python3.7/site-packages/airflow/example_dags/example_skip_dag.py
[2023-03-01T15:25:59.946+0000] {logging_mixin.py:137} INFO - [2023-03-01T15:25:59.946+0000] {dag.py:2690} INFO - Sync 1 DAGs
[2023-03-01T15:25:59.969+0000] {logging_mixin.py:137} INFO - [2023-03-01T15:25:59.969+0000] {dag.py:3441} INFO - Setting next_dagrun for example_skip_dag to 2023-02-28T15:25:59.969225+00:00, run_after=2023-03-01T15:25:59.969225+00:00
[2023-03-01T15:25:59.989+0000] {processor.py:175} INFO - Processing /home/airflow/.local/lib/python3.7/site-packages/airflow/example_dags/example_skip_dag.py took 0.081 seconds
[2023-03-01T15:26:30.437+0000] {processor.py:153} INFO - Started process (PID=1522) to work on /home/airflow/.local/lib/python3.7/site-packages/airflow/example_dags/example_skip_dag.py
[2023-03-01T15:26:30.438+0000] {processor.py:743} INFO - Processing file /home/airflow/.local/lib/python3.7/site-packages/airflow/example_dags/example_skip_dag.py for tasks to queue
[2023-03-01T15:26:30.438+0000] {logging_mixin.py:137} INFO - [2023-03-01T15:26:30.438+0000] {dagbag.py:538} INFO - Filling up the DagBag from /home/airflow/.local/lib/python3.7/site-packages/airflow/example_dags/example_skip_dag.py
[2023-03-01T15:26:30.449+0000] {processor.py:753} INFO - DAG(s) dict_keys(['example_skip_dag']) retrieved from /home/airflow/.local/lib/python3.7/site-packages/airflow/example_dags/example_skip_dag.py
[2023-03-01T15:26:30.474+0000] {logging_mixin.py:137} INFO - [2023-03-01T15:26:30.473+0000] {dag.py:2690} INFO - Sync 1 DAGs
[2023-03-01T15:26:30.499+0000] {logging_mixin.py:137} INFO - [2023-03-01T15:26:30.499+0000] {dag.py:3441} INFO - Setting next_dagrun for example_skip_dag to 2023-02-28T15:26:30.499575+00:00, run_after=2023-03-01T15:26:30.499575+00:00
[2023-03-01T15:26:30.522+0000] {processor.py:175} INFO - Processing /home/airflow/.local/lib/python3.7/site-packages/airflow/example_dags/example_skip_dag.py took 0.088 seconds
[2023-03-01T15:27:01.011+0000] {processor.py:153} INFO - Started process (PID=1601) to work on /home/airflow/.local/lib/python3.7/site-packages/airflow/example_dags/example_skip_dag.py
[2023-03-01T15:27:01.012+0000] {processor.py:743} INFO - Processing file /home/airflow/.local/lib/python3.7/site-packages/airflow/example_dags/example_skip_dag.py for tasks to queue
[2023-03-01T15:27:01.012+0000] {logging_mixin.py:137} INFO - [2023-03-01T15:27:01.012+0000] {dagbag.py:538} INFO - Filling up the DagBag from /home/airflow/.local/lib/python3.7/site-packages/airflow/example_dags/example_skip_dag.py
[2023-03-01T15:27:01.023+0000] {processor.py:753} INFO - DAG(s) dict_keys(['example_skip_dag']) retrieved from /home/airflow/.local/lib/python3.7/site-packages/airflow/example_dags/example_skip_dag.py
[2023-03-01T15:27:01.045+0000] {logging_mixin.py:137} INFO - [2023-03-01T15:27:01.045+0000] {dag.py:2690} INFO - Sync 1 DAGs
[2023-03-01T15:27:01.069+0000] {logging_mixin.py:137} INFO - [2023-03-01T15:27:01.069+0000] {dag.py:3441} INFO - Setting next_dagrun for example_skip_dag to 2023-02-28T15:27:01.069009+00:00, run_after=2023-03-01T15:27:01.069009+00:00
[2023-03-01T15:27:01.087+0000] {processor.py:175} INFO - Processing /home/airflow/.local/lib/python3.7/site-packages/airflow/example_dags/example_skip_dag.py took 0.078 seconds
[2023-03-01T15:27:31.561+0000] {processor.py:153} INFO - Started process (PID=1701) to work on /home/airflow/.local/lib/python3.7/site-packages/airflow/example_dags/example_skip_dag.py
[2023-03-01T15:27:31.562+0000] {processor.py:743} INFO - Processing file /home/airflow/.local/lib/python3.7/site-packages/airflow/example_dags/example_skip_dag.py for tasks to queue
[2023-03-01T15:27:31.563+0000] {logging_mixin.py:137} INFO - [2023-03-01T15:27:31.562+0000] {dagbag.py:538} INFO - Filling up the DagBag from /home/airflow/.local/lib/python3.7/site-packages/airflow/example_dags/example_skip_dag.py
[2023-03-01T15:27:31.577+0000] {processor.py:753} INFO - DAG(s) dict_keys(['example_skip_dag']) retrieved from /home/airflow/.local/lib/python3.7/site-packages/airflow/example_dags/example_skip_dag.py
[2023-03-01T15:27:31.608+0000] {logging_mixin.py:137} INFO - [2023-03-01T15:27:31.608+0000] {dag.py:2690} INFO - Sync 1 DAGs
[2023-03-01T15:27:31.632+0000] {logging_mixin.py:137} INFO - [2023-03-01T15:27:31.632+0000] {dag.py:3441} INFO - Setting next_dagrun for example_skip_dag to 2023-02-28T15:27:31.631900+00:00, run_after=2023-03-01T15:27:31.631900+00:00
[2023-03-01T15:27:31.651+0000] {processor.py:175} INFO - Processing /home/airflow/.local/lib/python3.7/site-packages/airflow/example_dags/example_skip_dag.py took 0.092 seconds
[2023-03-01T15:28:02.145+0000] {processor.py:153} INFO - Started process (PID=1779) to work on /home/airflow/.local/lib/python3.7/site-packages/airflow/example_dags/example_skip_dag.py
[2023-03-01T15:28:02.146+0000] {processor.py:743} INFO - Processing file /home/airflow/.local/lib/python3.7/site-packages/airflow/example_dags/example_skip_dag.py for tasks to queue
[2023-03-01T15:28:02.146+0000] {logging_mixin.py:137} INFO - [2023-03-01T15:28:02.146+0000] {dagbag.py:538} INFO - Filling up the DagBag from /home/airflow/.local/lib/python3.7/site-packages/airflow/example_dags/example_skip_dag.py
[2023-03-01T15:28:02.157+0000] {processor.py:753} INFO - DAG(s) dict_keys(['example_skip_dag']) retrieved from /home/airflow/.local/lib/python3.7/site-packages/airflow/example_dags/example_skip_dag.py
[2023-03-01T15:28:02.179+0000] {logging_mixin.py:137} INFO - [2023-03-01T15:28:02.179+0000] {dag.py:2690} INFO - Sync 1 DAGs
[2023-03-01T15:28:02.203+0000] {logging_mixin.py:137} INFO - [2023-03-01T15:28:02.203+0000] {dag.py:3441} INFO - Setting next_dagrun for example_skip_dag to 2023-02-28T15:28:02.202859+00:00, run_after=2023-03-01T15:28:02.202859+00:00
[2023-03-01T15:28:02.224+0000] {processor.py:175} INFO - Processing /home/airflow/.local/lib/python3.7/site-packages/airflow/example_dags/example_skip_dag.py took 0.081 seconds
[2023-03-01T15:28:32.746+0000] {processor.py:153} INFO - Started process (PID=1878) to work on /home/airflow/.local/lib/python3.7/site-packages/airflow/example_dags/example_skip_dag.py
[2023-03-01T15:28:32.746+0000] {processor.py:743} INFO - Processing file /home/airflow/.local/lib/python3.7/site-packages/airflow/example_dags/example_skip_dag.py for tasks to queue
[2023-03-01T15:28:32.747+0000] {logging_mixin.py:137} INFO - [2023-03-01T15:28:32.747+0000] {dagbag.py:538} INFO - Filling up the DagBag from /home/airflow/.local/lib/python3.7/site-packages/airflow/example_dags/example_skip_dag.py
[2023-03-01T15:28:32.757+0000] {processor.py:753} INFO - DAG(s) dict_keys(['example_skip_dag']) retrieved from /home/airflow/.local/lib/python3.7/site-packages/airflow/example_dags/example_skip_dag.py
[2023-03-01T15:28:32.778+0000] {logging_mixin.py:137} INFO - [2023-03-01T15:28:32.778+0000] {dag.py:2690} INFO - Sync 1 DAGs
[2023-03-01T15:28:32.800+0000] {logging_mixin.py:137} INFO - [2023-03-01T15:28:32.800+0000] {dag.py:3441} INFO - Setting next_dagrun for example_skip_dag to 2023-02-28T15:28:32.799712+00:00, run_after=2023-03-01T15:28:32.799712+00:00
[2023-03-01T15:28:32.816+0000] {processor.py:175} INFO - Processing /home/airflow/.local/lib/python3.7/site-packages/airflow/example_dags/example_skip_dag.py took 0.073 seconds
[2023-03-01T15:29:03.220+0000] {processor.py:153} INFO - Started process (PID=1957) to work on /home/airflow/.local/lib/python3.7/site-packages/airflow/example_dags/example_skip_dag.py
[2023-03-01T15:29:03.221+0000] {processor.py:743} INFO - Processing file /home/airflow/.local/lib/python3.7/site-packages/airflow/example_dags/example_skip_dag.py for tasks to queue
[2023-03-01T15:29:03.221+0000] {logging_mixin.py:137} INFO - [2023-03-01T15:29:03.221+0000] {dagbag.py:538} INFO - Filling up the DagBag from /home/airflow/.local/lib/python3.7/site-packages/airflow/example_dags/example_skip_dag.py
[2023-03-01T15:29:03.231+0000] {processor.py:753} INFO - DAG(s) dict_keys(['example_skip_dag']) retrieved from /home/airflow/.local/lib/python3.7/site-packages/airflow/example_dags/example_skip_dag.py
[2023-03-01T15:29:03.253+0000] {logging_mixin.py:137} INFO - [2023-03-01T15:29:03.253+0000] {dag.py:2690} INFO - Sync 1 DAGs
[2023-03-01T15:29:03.278+0000] {logging_mixin.py:137} INFO - [2023-03-01T15:29:03.278+0000] {dag.py:3441} INFO - Setting next_dagrun for example_skip_dag to 2023-02-28T15:29:03.277868+00:00, run_after=2023-03-01T15:29:03.277868+00:00
[2023-03-01T15:29:03.300+0000] {processor.py:175} INFO - Processing /home/airflow/.local/lib/python3.7/site-packages/airflow/example_dags/example_skip_dag.py took 0.082 seconds
[2023-03-01T15:29:34.022+0000] {processor.py:153} INFO - Started process (PID=2056) to work on /home/airflow/.local/lib/python3.7/site-packages/airflow/example_dags/example_skip_dag.py
[2023-03-01T15:29:34.022+0000] {processor.py:743} INFO - Processing file /home/airflow/.local/lib/python3.7/site-packages/airflow/example_dags/example_skip_dag.py for tasks to queue
[2023-03-01T15:29:34.023+0000] {logging_mixin.py:137} INFO - [2023-03-01T15:29:34.023+0000] {dagbag.py:538} INFO - Filling up the DagBag from /home/airflow/.local/lib/python3.7/site-packages/airflow/example_dags/example_skip_dag.py
[2023-03-01T15:29:34.036+0000] {processor.py:753} INFO - DAG(s) dict_keys(['example_skip_dag']) retrieved from /home/airflow/.local/lib/python3.7/site-packages/airflow/example_dags/example_skip_dag.py
[2023-03-01T15:29:34.064+0000] {logging_mixin.py:137} INFO - [2023-03-01T15:29:34.064+0000] {dag.py:2690} INFO - Sync 1 DAGs
[2023-03-01T15:29:34.097+0000] {logging_mixin.py:137} INFO - [2023-03-01T15:29:34.097+0000] {dag.py:3441} INFO - Setting next_dagrun for example_skip_dag to 2023-02-28T15:29:34.097278+00:00, run_after=2023-03-01T15:29:34.097278+00:00
[2023-03-01T15:29:34.120+0000] {processor.py:175} INFO - Processing /home/airflow/.local/lib/python3.7/site-packages/airflow/example_dags/example_skip_dag.py took 0.101 seconds
[2023-03-01T15:30:04.717+0000] {processor.py:153} INFO - Started process (PID=2135) to work on /home/airflow/.local/lib/python3.7/site-packages/airflow/example_dags/example_skip_dag.py
[2023-03-01T15:30:04.717+0000] {processor.py:743} INFO - Processing file /home/airflow/.local/lib/python3.7/site-packages/airflow/example_dags/example_skip_dag.py for tasks to queue
[2023-03-01T15:30:04.718+0000] {logging_mixin.py:137} INFO - [2023-03-01T15:30:04.718+0000] {dagbag.py:538} INFO - Filling up the DagBag from /home/airflow/.local/lib/python3.7/site-packages/airflow/example_dags/example_skip_dag.py
[2023-03-01T15:30:04.728+0000] {processor.py:753} INFO - DAG(s) dict_keys(['example_skip_dag']) retrieved from /home/airflow/.local/lib/python3.7/site-packages/airflow/example_dags/example_skip_dag.py
[2023-03-01T15:30:04.751+0000] {logging_mixin.py:137} INFO - [2023-03-01T15:30:04.750+0000] {dag.py:2690} INFO - Sync 1 DAGs
[2023-03-01T15:30:04.773+0000] {logging_mixin.py:137} INFO - [2023-03-01T15:30:04.773+0000] {dag.py:3441} INFO - Setting next_dagrun for example_skip_dag to 2023-02-28T15:30:04.773101+00:00, run_after=2023-03-01T15:30:04.773101+00:00
[2023-03-01T15:30:04.790+0000] {processor.py:175} INFO - Processing /home/airflow/.local/lib/python3.7/site-packages/airflow/example_dags/example_skip_dag.py took 0.076 seconds
[2023-03-01T15:30:35.533+0000] {processor.py:153} INFO - Started process (PID=2235) to work on /home/airflow/.local/lib/python3.7/site-packages/airflow/example_dags/example_skip_dag.py
[2023-03-01T15:30:35.534+0000] {processor.py:743} INFO - Processing file /home/airflow/.local/lib/python3.7/site-packages/airflow/example_dags/example_skip_dag.py for tasks to queue
[2023-03-01T15:30:35.535+0000] {logging_mixin.py:137} INFO - [2023-03-01T15:30:35.535+0000] {dagbag.py:538} INFO - Filling up the DagBag from /home/airflow/.local/lib/python3.7/site-packages/airflow/example_dags/example_skip_dag.py
[2023-03-01T15:30:35.546+0000] {processor.py:753} INFO - DAG(s) dict_keys(['example_skip_dag']) retrieved from /home/airflow/.local/lib/python3.7/site-packages/airflow/example_dags/example_skip_dag.py
[2023-03-01T15:30:35.568+0000] {logging_mixin.py:137} INFO - [2023-03-01T15:30:35.568+0000] {dag.py:2690} INFO - Sync 1 DAGs
[2023-03-01T15:30:35.593+0000] {logging_mixin.py:137} INFO - [2023-03-01T15:30:35.593+0000] {dag.py:3441} INFO - Setting next_dagrun for example_skip_dag to 2023-02-28T15:30:35.592959+00:00, run_after=2023-03-01T15:30:35.592959+00:00
[2023-03-01T15:30:35.616+0000] {processor.py:175} INFO - Processing /home/airflow/.local/lib/python3.7/site-packages/airflow/example_dags/example_skip_dag.py took 0.085 seconds
[2023-03-01T15:31:06.392+0000] {processor.py:153} INFO - Started process (PID=2334) to work on /home/airflow/.local/lib/python3.7/site-packages/airflow/example_dags/example_skip_dag.py
[2023-03-01T15:31:06.393+0000] {processor.py:743} INFO - Processing file /home/airflow/.local/lib/python3.7/site-packages/airflow/example_dags/example_skip_dag.py for tasks to queue
[2023-03-01T15:31:06.393+0000] {logging_mixin.py:137} INFO - [2023-03-01T15:31:06.393+0000] {dagbag.py:538} INFO - Filling up the DagBag from /home/airflow/.local/lib/python3.7/site-packages/airflow/example_dags/example_skip_dag.py
[2023-03-01T15:31:06.404+0000] {processor.py:753} INFO - DAG(s) dict_keys(['example_skip_dag']) retrieved from /home/airflow/.local/lib/python3.7/site-packages/airflow/example_dags/example_skip_dag.py
[2023-03-01T15:31:06.427+0000] {logging_mixin.py:137} INFO - [2023-03-01T15:31:06.427+0000] {dag.py:2690} INFO - Sync 1 DAGs
[2023-03-01T15:31:06.458+0000] {logging_mixin.py:137} INFO - [2023-03-01T15:31:06.458+0000] {dag.py:3441} INFO - Setting next_dagrun for example_skip_dag to 2023-02-28T15:31:06.458443+00:00, run_after=2023-03-01T15:31:06.458443+00:00
[2023-03-01T15:31:06.480+0000] {processor.py:175} INFO - Processing /home/airflow/.local/lib/python3.7/site-packages/airflow/example_dags/example_skip_dag.py took 0.090 seconds
[2023-03-01T15:31:36.902+0000] {processor.py:153} INFO - Started process (PID=2413) to work on /home/airflow/.local/lib/python3.7/site-packages/airflow/example_dags/example_skip_dag.py
[2023-03-01T15:31:36.903+0000] {processor.py:743} INFO - Processing file /home/airflow/.local/lib/python3.7/site-packages/airflow/example_dags/example_skip_dag.py for tasks to queue
[2023-03-01T15:31:36.903+0000] {logging_mixin.py:137} INFO - [2023-03-01T15:31:36.903+0000] {dagbag.py:538} INFO - Filling up the DagBag from /home/airflow/.local/lib/python3.7/site-packages/airflow/example_dags/example_skip_dag.py
[2023-03-01T15:31:36.915+0000] {processor.py:753} INFO - DAG(s) dict_keys(['example_skip_dag']) retrieved from /home/airflow/.local/lib/python3.7/site-packages/airflow/example_dags/example_skip_dag.py
[2023-03-01T15:31:36.937+0000] {logging_mixin.py:137} INFO - [2023-03-01T15:31:36.936+0000] {dag.py:2690} INFO - Sync 1 DAGs
[2023-03-01T15:31:36.958+0000] {logging_mixin.py:137} INFO - [2023-03-01T15:31:36.958+0000] {dag.py:3441} INFO - Setting next_dagrun for example_skip_dag to 2023-02-28T15:31:36.958150+00:00, run_after=2023-03-01T15:31:36.958150+00:00
[2023-03-01T15:31:36.977+0000] {processor.py:175} INFO - Processing /home/airflow/.local/lib/python3.7/site-packages/airflow/example_dags/example_skip_dag.py took 0.079 seconds
[2023-03-01T15:32:07.599+0000] {processor.py:153} INFO - Started process (PID=2512) to work on /home/airflow/.local/lib/python3.7/site-packages/airflow/example_dags/example_skip_dag.py
[2023-03-01T15:32:07.600+0000] {processor.py:743} INFO - Processing file /home/airflow/.local/lib/python3.7/site-packages/airflow/example_dags/example_skip_dag.py for tasks to queue
[2023-03-01T15:32:07.600+0000] {logging_mixin.py:137} INFO - [2023-03-01T15:32:07.600+0000] {dagbag.py:538} INFO - Filling up the DagBag from /home/airflow/.local/lib/python3.7/site-packages/airflow/example_dags/example_skip_dag.py
[2023-03-01T15:32:07.612+0000] {processor.py:753} INFO - DAG(s) dict_keys(['example_skip_dag']) retrieved from /home/airflow/.local/lib/python3.7/site-packages/airflow/example_dags/example_skip_dag.py
[2023-03-01T15:32:07.635+0000] {logging_mixin.py:137} INFO - [2023-03-01T15:32:07.635+0000] {dag.py:2690} INFO - Sync 1 DAGs
[2023-03-01T15:32:07.659+0000] {logging_mixin.py:137} INFO - [2023-03-01T15:32:07.659+0000] {dag.py:3441} INFO - Setting next_dagrun for example_skip_dag to 2023-02-28T15:32:07.659252+00:00, run_after=2023-03-01T15:32:07.659252+00:00
[2023-03-01T15:32:07.682+0000] {processor.py:175} INFO - Processing /home/airflow/.local/lib/python3.7/site-packages/airflow/example_dags/example_skip_dag.py took 0.086 seconds
[2023-03-01T15:32:38.212+0000] {processor.py:153} INFO - Started process (PID=2591) to work on /home/airflow/.local/lib/python3.7/site-packages/airflow/example_dags/example_skip_dag.py
[2023-03-01T15:32:38.213+0000] {processor.py:743} INFO - Processing file /home/airflow/.local/lib/python3.7/site-packages/airflow/example_dags/example_skip_dag.py for tasks to queue
[2023-03-01T15:32:38.213+0000] {logging_mixin.py:137} INFO - [2023-03-01T15:32:38.213+0000] {dagbag.py:538} INFO - Filling up the DagBag from /home/airflow/.local/lib/python3.7/site-packages/airflow/example_dags/example_skip_dag.py
[2023-03-01T15:32:38.225+0000] {processor.py:753} INFO - DAG(s) dict_keys(['example_skip_dag']) retrieved from /home/airflow/.local/lib/python3.7/site-packages/airflow/example_dags/example_skip_dag.py
[2023-03-01T15:32:38.251+0000] {logging_mixin.py:137} INFO - [2023-03-01T15:32:38.250+0000] {dag.py:2690} INFO - Sync 1 DAGs
[2023-03-01T15:32:38.274+0000] {logging_mixin.py:137} INFO - [2023-03-01T15:32:38.274+0000] {dag.py:3441} INFO - Setting next_dagrun for example_skip_dag to 2023-02-28T15:32:38.274598+00:00, run_after=2023-03-01T15:32:38.274598+00:00
[2023-03-01T15:32:38.293+0000] {processor.py:175} INFO - Processing /home/airflow/.local/lib/python3.7/site-packages/airflow/example_dags/example_skip_dag.py took 0.083 seconds
[2023-03-01T15:33:08.894+0000] {processor.py:153} INFO - Started process (PID=2690) to work on /home/airflow/.local/lib/python3.7/site-packages/airflow/example_dags/example_skip_dag.py
[2023-03-01T15:33:08.895+0000] {processor.py:743} INFO - Processing file /home/airflow/.local/lib/python3.7/site-packages/airflow/example_dags/example_skip_dag.py for tasks to queue
[2023-03-01T15:33:08.895+0000] {logging_mixin.py:137} INFO - [2023-03-01T15:33:08.895+0000] {dagbag.py:538} INFO - Filling up the DagBag from /home/airflow/.local/lib/python3.7/site-packages/airflow/example_dags/example_skip_dag.py
[2023-03-01T15:33:08.906+0000] {processor.py:753} INFO - DAG(s) dict_keys(['example_skip_dag']) retrieved from /home/airflow/.local/lib/python3.7/site-packages/airflow/example_dags/example_skip_dag.py
[2023-03-01T15:33:08.927+0000] {logging_mixin.py:137} INFO - [2023-03-01T15:33:08.927+0000] {dag.py:2690} INFO - Sync 1 DAGs
[2023-03-01T15:33:08.954+0000] {logging_mixin.py:137} INFO - [2023-03-01T15:33:08.954+0000] {dag.py:3441} INFO - Setting next_dagrun for example_skip_dag to 2023-02-28T15:33:08.954405+00:00, run_after=2023-03-01T15:33:08.954405+00:00
[2023-03-01T15:33:08.973+0000] {processor.py:175} INFO - Processing /home/airflow/.local/lib/python3.7/site-packages/airflow/example_dags/example_skip_dag.py took 0.082 seconds
[2023-03-01T15:33:39.251+0000] {processor.py:153} INFO - Started process (PID=2769) to work on /home/airflow/.local/lib/python3.7/site-packages/airflow/example_dags/example_skip_dag.py
[2023-03-01T15:33:39.252+0000] {processor.py:743} INFO - Processing file /home/airflow/.local/lib/python3.7/site-packages/airflow/example_dags/example_skip_dag.py for tasks to queue
[2023-03-01T15:33:39.252+0000] {logging_mixin.py:137} INFO - [2023-03-01T15:33:39.252+0000] {dagbag.py:538} INFO - Filling up the DagBag from /home/airflow/.local/lib/python3.7/site-packages/airflow/example_dags/example_skip_dag.py
[2023-03-01T15:33:39.262+0000] {processor.py:753} INFO - DAG(s) dict_keys(['example_skip_dag']) retrieved from /home/airflow/.local/lib/python3.7/site-packages/airflow/example_dags/example_skip_dag.py
[2023-03-01T15:33:39.283+0000] {logging_mixin.py:137} INFO - [2023-03-01T15:33:39.283+0000] {dag.py:2690} INFO - Sync 1 DAGs
[2023-03-01T15:33:39.306+0000] {logging_mixin.py:137} INFO - [2023-03-01T15:33:39.305+0000] {dag.py:3441} INFO - Setting next_dagrun for example_skip_dag to 2023-02-28T15:33:39.305765+00:00, run_after=2023-03-01T15:33:39.305765+00:00
[2023-03-01T15:33:39.324+0000] {processor.py:175} INFO - Processing /home/airflow/.local/lib/python3.7/site-packages/airflow/example_dags/example_skip_dag.py took 0.075 seconds
[2023-03-01T15:34:10.306+0000] {processor.py:153} INFO - Started process (PID=2867) to work on /home/airflow/.local/lib/python3.7/site-packages/airflow/example_dags/example_skip_dag.py
[2023-03-01T15:34:10.307+0000] {processor.py:743} INFO - Processing file /home/airflow/.local/lib/python3.7/site-packages/airflow/example_dags/example_skip_dag.py for tasks to queue
[2023-03-01T15:34:10.307+0000] {logging_mixin.py:137} INFO - [2023-03-01T15:34:10.307+0000] {dagbag.py:538} INFO - Filling up the DagBag from /home/airflow/.local/lib/python3.7/site-packages/airflow/example_dags/example_skip_dag.py
[2023-03-01T15:34:10.318+0000] {processor.py:753} INFO - DAG(s) dict_keys(['example_skip_dag']) retrieved from /home/airflow/.local/lib/python3.7/site-packages/airflow/example_dags/example_skip_dag.py
[2023-03-01T15:34:10.340+0000] {logging_mixin.py:137} INFO - [2023-03-01T15:34:10.340+0000] {dag.py:2690} INFO - Sync 1 DAGs
[2023-03-01T15:34:10.363+0000] {logging_mixin.py:137} INFO - [2023-03-01T15:34:10.363+0000] {dag.py:3441} INFO - Setting next_dagrun for example_skip_dag to 2023-02-28T15:34:10.363405+00:00, run_after=2023-03-01T15:34:10.363405+00:00
[2023-03-01T15:34:10.382+0000] {processor.py:175} INFO - Processing /home/airflow/.local/lib/python3.7/site-packages/airflow/example_dags/example_skip_dag.py took 0.079 seconds
[2023-03-01T15:34:40.917+0000] {processor.py:153} INFO - Started process (PID=2947) to work on /home/airflow/.local/lib/python3.7/site-packages/airflow/example_dags/example_skip_dag.py
[2023-03-01T15:34:40.917+0000] {processor.py:743} INFO - Processing file /home/airflow/.local/lib/python3.7/site-packages/airflow/example_dags/example_skip_dag.py for tasks to queue
[2023-03-01T15:34:40.918+0000] {logging_mixin.py:137} INFO - [2023-03-01T15:34:40.918+0000] {dagbag.py:538} INFO - Filling up the DagBag from /home/airflow/.local/lib/python3.7/site-packages/airflow/example_dags/example_skip_dag.py
[2023-03-01T15:34:40.929+0000] {processor.py:753} INFO - DAG(s) dict_keys(['example_skip_dag']) retrieved from /home/airflow/.local/lib/python3.7/site-packages/airflow/example_dags/example_skip_dag.py
[2023-03-01T15:34:40.952+0000] {logging_mixin.py:137} INFO - [2023-03-01T15:34:40.952+0000] {dag.py:2690} INFO - Sync 1 DAGs
[2023-03-01T15:34:40.977+0000] {logging_mixin.py:137} INFO - [2023-03-01T15:34:40.977+0000] {dag.py:3441} INFO - Setting next_dagrun for example_skip_dag to 2023-02-28T15:34:40.977112+00:00, run_after=2023-03-01T15:34:40.977112+00:00
[2023-03-01T15:34:40.997+0000] {processor.py:175} INFO - Processing /home/airflow/.local/lib/python3.7/site-packages/airflow/example_dags/example_skip_dag.py took 0.082 seconds
[2023-03-01T15:35:11.334+0000] {processor.py:153} INFO - Started process (PID=3046) to work on /home/airflow/.local/lib/python3.7/site-packages/airflow/example_dags/example_skip_dag.py
[2023-03-01T15:35:11.334+0000] {processor.py:743} INFO - Processing file /home/airflow/.local/lib/python3.7/site-packages/airflow/example_dags/example_skip_dag.py for tasks to queue
[2023-03-01T15:35:11.335+0000] {logging_mixin.py:137} INFO - [2023-03-01T15:35:11.335+0000] {dagbag.py:538} INFO - Filling up the DagBag from /home/airflow/.local/lib/python3.7/site-packages/airflow/example_dags/example_skip_dag.py
[2023-03-01T15:35:11.345+0000] {processor.py:753} INFO - DAG(s) dict_keys(['example_skip_dag']) retrieved from /home/airflow/.local/lib/python3.7/site-packages/airflow/example_dags/example_skip_dag.py
[2023-03-01T15:35:11.370+0000] {logging_mixin.py:137} INFO - [2023-03-01T15:35:11.370+0000] {dag.py:2690} INFO - Sync 1 DAGs
[2023-03-01T15:35:11.398+0000] {logging_mixin.py:137} INFO - [2023-03-01T15:35:11.397+0000] {dag.py:3441} INFO - Setting next_dagrun for example_skip_dag to 2023-02-28T15:35:11.397737+00:00, run_after=2023-03-01T15:35:11.397737+00:00
[2023-03-01T15:35:11.417+0000] {processor.py:175} INFO - Processing /home/airflow/.local/lib/python3.7/site-packages/airflow/example_dags/example_skip_dag.py took 0.086 seconds
[2023-03-01T15:35:41.752+0000] {processor.py:153} INFO - Started process (PID=3125) to work on /home/airflow/.local/lib/python3.7/site-packages/airflow/example_dags/example_skip_dag.py
[2023-03-01T15:35:41.753+0000] {processor.py:743} INFO - Processing file /home/airflow/.local/lib/python3.7/site-packages/airflow/example_dags/example_skip_dag.py for tasks to queue
[2023-03-01T15:35:41.753+0000] {logging_mixin.py:137} INFO - [2023-03-01T15:35:41.753+0000] {dagbag.py:538} INFO - Filling up the DagBag from /home/airflow/.local/lib/python3.7/site-packages/airflow/example_dags/example_skip_dag.py
[2023-03-01T15:35:41.768+0000] {processor.py:753} INFO - DAG(s) dict_keys(['example_skip_dag']) retrieved from /home/airflow/.local/lib/python3.7/site-packages/airflow/example_dags/example_skip_dag.py
[2023-03-01T15:35:41.796+0000] {logging_mixin.py:137} INFO - [2023-03-01T15:35:41.796+0000] {dag.py:2690} INFO - Sync 1 DAGs
[2023-03-01T15:35:41.831+0000] {logging_mixin.py:137} INFO - [2023-03-01T15:35:41.831+0000] {dag.py:3441} INFO - Setting next_dagrun for example_skip_dag to 2023-02-28T15:35:41.830932+00:00, run_after=2023-03-01T15:35:41.830932+00:00
[2023-03-01T15:35:41.854+0000] {processor.py:175} INFO - Processing /home/airflow/.local/lib/python3.7/site-packages/airflow/example_dags/example_skip_dag.py took 0.106 seconds
[2023-03-01T15:36:12.556+0000] {processor.py:153} INFO - Started process (PID=3224) to work on /home/airflow/.local/lib/python3.7/site-packages/airflow/example_dags/example_skip_dag.py
[2023-03-01T15:36:12.557+0000] {processor.py:743} INFO - Processing file /home/airflow/.local/lib/python3.7/site-packages/airflow/example_dags/example_skip_dag.py for tasks to queue
[2023-03-01T15:36:12.557+0000] {logging_mixin.py:137} INFO - [2023-03-01T15:36:12.557+0000] {dagbag.py:538} INFO - Filling up the DagBag from /home/airflow/.local/lib/python3.7/site-packages/airflow/example_dags/example_skip_dag.py
[2023-03-01T15:36:12.568+0000] {processor.py:753} INFO - DAG(s) dict_keys(['example_skip_dag']) retrieved from /home/airflow/.local/lib/python3.7/site-packages/airflow/example_dags/example_skip_dag.py
[2023-03-01T15:36:12.590+0000] {logging_mixin.py:137} INFO - [2023-03-01T15:36:12.590+0000] {dag.py:2690} INFO - Sync 1 DAGs
[2023-03-01T15:36:12.614+0000] {logging_mixin.py:137} INFO - [2023-03-01T15:36:12.614+0000] {dag.py:3441} INFO - Setting next_dagrun for example_skip_dag to 2023-02-28T15:36:12.614541+00:00, run_after=2023-03-01T15:36:12.614541+00:00
[2023-03-01T15:36:12.633+0000] {processor.py:175} INFO - Processing /home/airflow/.local/lib/python3.7/site-packages/airflow/example_dags/example_skip_dag.py took 0.080 seconds
[2023-03-01T15:36:43.004+0000] {processor.py:153} INFO - Started process (PID=3303) to work on /home/airflow/.local/lib/python3.7/site-packages/airflow/example_dags/example_skip_dag.py
[2023-03-01T15:36:43.005+0000] {processor.py:743} INFO - Processing file /home/airflow/.local/lib/python3.7/site-packages/airflow/example_dags/example_skip_dag.py for tasks to queue
[2023-03-01T15:36:43.005+0000] {logging_mixin.py:137} INFO - [2023-03-01T15:36:43.005+0000] {dagbag.py:538} INFO - Filling up the DagBag from /home/airflow/.local/lib/python3.7/site-packages/airflow/example_dags/example_skip_dag.py
[2023-03-01T15:36:43.016+0000] {processor.py:753} INFO - DAG(s) dict_keys(['example_skip_dag']) retrieved from /home/airflow/.local/lib/python3.7/site-packages/airflow/example_dags/example_skip_dag.py
[2023-03-01T15:36:43.039+0000] {logging_mixin.py:137} INFO - [2023-03-01T15:36:43.039+0000] {dag.py:2690} INFO - Sync 1 DAGs
[2023-03-01T15:36:43.063+0000] {logging_mixin.py:137} INFO - [2023-03-01T15:36:43.063+0000] {dag.py:3441} INFO - Setting next_dagrun for example_skip_dag to 2023-02-28T15:36:43.063240+00:00, run_after=2023-03-01T15:36:43.063240+00:00
[2023-03-01T15:36:43.083+0000] {processor.py:175} INFO - Processing /home/airflow/.local/lib/python3.7/site-packages/airflow/example_dags/example_skip_dag.py took 0.082 seconds
[2023-03-01T15:37:13.896+0000] {processor.py:153} INFO - Started process (PID=3402) to work on /home/airflow/.local/lib/python3.7/site-packages/airflow/example_dags/example_skip_dag.py
[2023-03-01T15:37:13.897+0000] {processor.py:743} INFO - Processing file /home/airflow/.local/lib/python3.7/site-packages/airflow/example_dags/example_skip_dag.py for tasks to queue
[2023-03-01T15:37:13.897+0000] {logging_mixin.py:137} INFO - [2023-03-01T15:37:13.897+0000] {dagbag.py:538} INFO - Filling up the DagBag from /home/airflow/.local/lib/python3.7/site-packages/airflow/example_dags/example_skip_dag.py
[2023-03-01T15:37:13.908+0000] {processor.py:753} INFO - DAG(s) dict_keys(['example_skip_dag']) retrieved from /home/airflow/.local/lib/python3.7/site-packages/airflow/example_dags/example_skip_dag.py
[2023-03-01T15:37:13.930+0000] {logging_mixin.py:137} INFO - [2023-03-01T15:37:13.930+0000] {dag.py:2690} INFO - Sync 1 DAGs
[2023-03-01T15:37:13.952+0000] {logging_mixin.py:137} INFO - [2023-03-01T15:37:13.952+0000] {dag.py:3441} INFO - Setting next_dagrun for example_skip_dag to 2023-02-28T15:37:13.952579+00:00, run_after=2023-03-01T15:37:13.952579+00:00
[2023-03-01T15:37:13.971+0000] {processor.py:175} INFO - Processing /home/airflow/.local/lib/python3.7/site-packages/airflow/example_dags/example_skip_dag.py took 0.077 seconds
[2023-03-01T15:37:44.466+0000] {processor.py:153} INFO - Started process (PID=3481) to work on /home/airflow/.local/lib/python3.7/site-packages/airflow/example_dags/example_skip_dag.py
[2023-03-01T15:37:44.466+0000] {processor.py:743} INFO - Processing file /home/airflow/.local/lib/python3.7/site-packages/airflow/example_dags/example_skip_dag.py for tasks to queue
[2023-03-01T15:37:44.467+0000] {logging_mixin.py:137} INFO - [2023-03-01T15:37:44.467+0000] {dagbag.py:538} INFO - Filling up the DagBag from /home/airflow/.local/lib/python3.7/site-packages/airflow/example_dags/example_skip_dag.py
[2023-03-01T15:37:44.477+0000] {processor.py:753} INFO - DAG(s) dict_keys(['example_skip_dag']) retrieved from /home/airflow/.local/lib/python3.7/site-packages/airflow/example_dags/example_skip_dag.py
[2023-03-01T15:37:44.499+0000] {logging_mixin.py:137} INFO - [2023-03-01T15:37:44.499+0000] {dag.py:2690} INFO - Sync 1 DAGs
[2023-03-01T15:37:44.523+0000] {logging_mixin.py:137} INFO - [2023-03-01T15:37:44.522+0000] {dag.py:3441} INFO - Setting next_dagrun for example_skip_dag to 2023-02-28T15:37:44.522738+00:00, run_after=2023-03-01T15:37:44.522738+00:00
[2023-03-01T15:37:44.542+0000] {processor.py:175} INFO - Processing /home/airflow/.local/lib/python3.7/site-packages/airflow/example_dags/example_skip_dag.py took 0.079 seconds
[2023-03-01T15:38:15.093+0000] {processor.py:153} INFO - Started process (PID=3580) to work on /home/airflow/.local/lib/python3.7/site-packages/airflow/example_dags/example_skip_dag.py
[2023-03-01T15:38:15.094+0000] {processor.py:743} INFO - Processing file /home/airflow/.local/lib/python3.7/site-packages/airflow/example_dags/example_skip_dag.py for tasks to queue
[2023-03-01T15:38:15.094+0000] {logging_mixin.py:137} INFO - [2023-03-01T15:38:15.094+0000] {dagbag.py:538} INFO - Filling up the DagBag from /home/airflow/.local/lib/python3.7/site-packages/airflow/example_dags/example_skip_dag.py
[2023-03-01T15:38:15.104+0000] {processor.py:753} INFO - DAG(s) dict_keys(['example_skip_dag']) retrieved from /home/airflow/.local/lib/python3.7/site-packages/airflow/example_dags/example_skip_dag.py
[2023-03-01T15:38:15.126+0000] {logging_mixin.py:137} INFO - [2023-03-01T15:38:15.126+0000] {dag.py:2690} INFO - Sync 1 DAGs
[2023-03-01T15:38:15.152+0000] {logging_mixin.py:137} INFO - [2023-03-01T15:38:15.151+0000] {dag.py:3441} INFO - Setting next_dagrun for example_skip_dag to 2023-02-28T15:38:15.151764+00:00, run_after=2023-03-01T15:38:15.151764+00:00
[2023-03-01T15:38:15.172+0000] {processor.py:175} INFO - Processing /home/airflow/.local/lib/python3.7/site-packages/airflow/example_dags/example_skip_dag.py took 0.081 seconds
[2023-03-01T15:38:45.642+0000] {processor.py:153} INFO - Started process (PID=3669) to work on /home/airflow/.local/lib/python3.7/site-packages/airflow/example_dags/example_skip_dag.py
[2023-03-01T15:38:45.643+0000] {processor.py:743} INFO - Processing file /home/airflow/.local/lib/python3.7/site-packages/airflow/example_dags/example_skip_dag.py for tasks to queue
[2023-03-01T15:38:45.644+0000] {logging_mixin.py:137} INFO - [2023-03-01T15:38:45.644+0000] {dagbag.py:538} INFO - Filling up the DagBag from /home/airflow/.local/lib/python3.7/site-packages/airflow/example_dags/example_skip_dag.py
[2023-03-01T15:38:45.656+0000] {processor.py:753} INFO - DAG(s) dict_keys(['example_skip_dag']) retrieved from /home/airflow/.local/lib/python3.7/site-packages/airflow/example_dags/example_skip_dag.py
[2023-03-01T15:38:45.694+0000] {logging_mixin.py:137} INFO - [2023-03-01T15:38:45.694+0000] {dag.py:2690} INFO - Sync 1 DAGs
[2023-03-01T15:38:45.719+0000] {logging_mixin.py:137} INFO - [2023-03-01T15:38:45.719+0000] {dag.py:3441} INFO - Setting next_dagrun for example_skip_dag to 2023-02-28T15:38:45.719562+00:00, run_after=2023-03-01T15:38:45.719562+00:00
[2023-03-01T15:38:45.739+0000] {processor.py:175} INFO - Processing /home/airflow/.local/lib/python3.7/site-packages/airflow/example_dags/example_skip_dag.py took 0.100 seconds
[2023-03-01T15:39:15.950+0000] {processor.py:153} INFO - Started process (PID=3759) to work on /home/airflow/.local/lib/python3.7/site-packages/airflow/example_dags/example_skip_dag.py
[2023-03-01T15:39:15.950+0000] {processor.py:743} INFO - Processing file /home/airflow/.local/lib/python3.7/site-packages/airflow/example_dags/example_skip_dag.py for tasks to queue
[2023-03-01T15:39:15.951+0000] {logging_mixin.py:137} INFO - [2023-03-01T15:39:15.951+0000] {dagbag.py:538} INFO - Filling up the DagBag from /home/airflow/.local/lib/python3.7/site-packages/airflow/example_dags/example_skip_dag.py
[2023-03-01T15:39:15.962+0000] {processor.py:753} INFO - DAG(s) dict_keys(['example_skip_dag']) retrieved from /home/airflow/.local/lib/python3.7/site-packages/airflow/example_dags/example_skip_dag.py
[2023-03-01T15:39:15.986+0000] {logging_mixin.py:137} INFO - [2023-03-01T15:39:15.985+0000] {dag.py:2690} INFO - Sync 1 DAGs
[2023-03-01T15:39:16.009+0000] {logging_mixin.py:137} INFO - [2023-03-01T15:39:16.009+0000] {dag.py:3441} INFO - Setting next_dagrun for example_skip_dag to 2023-02-28T15:39:16.009236+00:00, run_after=2023-03-01T15:39:16.009236+00:00
[2023-03-01T15:39:16.031+0000] {processor.py:175} INFO - Processing /home/airflow/.local/lib/python3.7/site-packages/airflow/example_dags/example_skip_dag.py took 0.084 seconds
[2023-03-01T15:39:46.674+0000] {processor.py:153} INFO - Started process (PID=3858) to work on /home/airflow/.local/lib/python3.7/site-packages/airflow/example_dags/example_skip_dag.py
[2023-03-01T15:39:46.681+0000] {processor.py:743} INFO - Processing file /home/airflow/.local/lib/python3.7/site-packages/airflow/example_dags/example_skip_dag.py for tasks to queue
[2023-03-01T15:39:46.681+0000] {logging_mixin.py:137} INFO - [2023-03-01T15:39:46.681+0000] {dagbag.py:538} INFO - Filling up the DagBag from /home/airflow/.local/lib/python3.7/site-packages/airflow/example_dags/example_skip_dag.py
[2023-03-01T15:39:46.720+0000] {processor.py:753} INFO - DAG(s) dict_keys(['example_skip_dag']) retrieved from /home/airflow/.local/lib/python3.7/site-packages/airflow/example_dags/example_skip_dag.py
[2023-03-01T15:39:46.753+0000] {logging_mixin.py:137} INFO - [2023-03-01T15:39:46.752+0000] {dag.py:2690} INFO - Sync 1 DAGs
[2023-03-01T15:39:46.787+0000] {logging_mixin.py:137} INFO - [2023-03-01T15:39:46.786+0000] {dag.py:3441} INFO - Setting next_dagrun for example_skip_dag to 2023-02-28T15:39:46.786707+00:00, run_after=2023-03-01T15:39:46.786707+00:00
[2023-03-01T15:39:46.819+0000] {processor.py:175} INFO - Processing /home/airflow/.local/lib/python3.7/site-packages/airflow/example_dags/example_skip_dag.py took 0.148 seconds
[2023-03-01T15:40:17.248+0000] {processor.py:153} INFO - Started process (PID=3937) to work on /home/airflow/.local/lib/python3.7/site-packages/airflow/example_dags/example_skip_dag.py
[2023-03-01T15:40:17.249+0000] {processor.py:743} INFO - Processing file /home/airflow/.local/lib/python3.7/site-packages/airflow/example_dags/example_skip_dag.py for tasks to queue
[2023-03-01T15:40:17.249+0000] {logging_mixin.py:137} INFO - [2023-03-01T15:40:17.249+0000] {dagbag.py:538} INFO - Filling up the DagBag from /home/airflow/.local/lib/python3.7/site-packages/airflow/example_dags/example_skip_dag.py
[2023-03-01T15:40:17.259+0000] {processor.py:753} INFO - DAG(s) dict_keys(['example_skip_dag']) retrieved from /home/airflow/.local/lib/python3.7/site-packages/airflow/example_dags/example_skip_dag.py
[2023-03-01T15:40:17.280+0000] {logging_mixin.py:137} INFO - [2023-03-01T15:40:17.279+0000] {dag.py:2690} INFO - Sync 1 DAGs
[2023-03-01T15:40:17.302+0000] {logging_mixin.py:137} INFO - [2023-03-01T15:40:17.302+0000] {dag.py:3441} INFO - Setting next_dagrun for example_skip_dag to 2023-02-28T15:40:17.302564+00:00, run_after=2023-03-01T15:40:17.302564+00:00
[2023-03-01T15:40:17.320+0000] {processor.py:175} INFO - Processing /home/airflow/.local/lib/python3.7/site-packages/airflow/example_dags/example_skip_dag.py took 0.075 seconds
[2023-03-01T15:40:48.019+0000] {processor.py:153} INFO - Started process (PID=4036) to work on /home/airflow/.local/lib/python3.7/site-packages/airflow/example_dags/example_skip_dag.py
[2023-03-01T15:40:48.019+0000] {processor.py:743} INFO - Processing file /home/airflow/.local/lib/python3.7/site-packages/airflow/example_dags/example_skip_dag.py for tasks to queue
[2023-03-01T15:40:48.020+0000] {logging_mixin.py:137} INFO - [2023-03-01T15:40:48.020+0000] {dagbag.py:538} INFO - Filling up the DagBag from /home/airflow/.local/lib/python3.7/site-packages/airflow/example_dags/example_skip_dag.py
[2023-03-01T15:40:48.032+0000] {processor.py:753} INFO - DAG(s) dict_keys(['example_skip_dag']) retrieved from /home/airflow/.local/lib/python3.7/site-packages/airflow/example_dags/example_skip_dag.py
[2023-03-01T15:40:48.061+0000] {logging_mixin.py:137} INFO - [2023-03-01T15:40:48.060+0000] {dag.py:2690} INFO - Sync 1 DAGs
[2023-03-01T15:40:48.093+0000] {logging_mixin.py:137} INFO - [2023-03-01T15:40:48.092+0000] {dag.py:3441} INFO - Setting next_dagrun for example_skip_dag to 2023-02-28T15:40:48.092682+00:00, run_after=2023-03-01T15:40:48.092682+00:00
[2023-03-01T15:40:48.119+0000] {processor.py:175} INFO - Processing /home/airflow/.local/lib/python3.7/site-packages/airflow/example_dags/example_skip_dag.py took 0.104 seconds
[2023-03-01T15:41:18.737+0000] {processor.py:153} INFO - Started process (PID=4115) to work on /home/airflow/.local/lib/python3.7/site-packages/airflow/example_dags/example_skip_dag.py
[2023-03-01T15:41:18.737+0000] {processor.py:743} INFO - Processing file /home/airflow/.local/lib/python3.7/site-packages/airflow/example_dags/example_skip_dag.py for tasks to queue
[2023-03-01T15:41:18.738+0000] {logging_mixin.py:137} INFO - [2023-03-01T15:41:18.738+0000] {dagbag.py:538} INFO - Filling up the DagBag from /home/airflow/.local/lib/python3.7/site-packages/airflow/example_dags/example_skip_dag.py
[2023-03-01T15:41:18.748+0000] {processor.py:753} INFO - DAG(s) dict_keys(['example_skip_dag']) retrieved from /home/airflow/.local/lib/python3.7/site-packages/airflow/example_dags/example_skip_dag.py
[2023-03-01T15:41:18.770+0000] {logging_mixin.py:137} INFO - [2023-03-01T15:41:18.770+0000] {dag.py:2690} INFO - Sync 1 DAGs
[2023-03-01T15:41:18.792+0000] {logging_mixin.py:137} INFO - [2023-03-01T15:41:18.792+0000] {dag.py:3441} INFO - Setting next_dagrun for example_skip_dag to 2023-02-28T15:41:18.792118+00:00, run_after=2023-03-01T15:41:18.792118+00:00
[2023-03-01T15:41:18.812+0000] {processor.py:175} INFO - Processing /home/airflow/.local/lib/python3.7/site-packages/airflow/example_dags/example_skip_dag.py took 0.077 seconds
[2023-03-01T15:41:49.254+0000] {processor.py:153} INFO - Started process (PID=4214) to work on /home/airflow/.local/lib/python3.7/site-packages/airflow/example_dags/example_skip_dag.py
[2023-03-01T15:41:49.255+0000] {processor.py:743} INFO - Processing file /home/airflow/.local/lib/python3.7/site-packages/airflow/example_dags/example_skip_dag.py for tasks to queue
[2023-03-01T15:41:49.255+0000] {logging_mixin.py:137} INFO - [2023-03-01T15:41:49.255+0000] {dagbag.py:538} INFO - Filling up the DagBag from /home/airflow/.local/lib/python3.7/site-packages/airflow/example_dags/example_skip_dag.py
[2023-03-01T15:41:49.267+0000] {processor.py:753} INFO - DAG(s) dict_keys(['example_skip_dag']) retrieved from /home/airflow/.local/lib/python3.7/site-packages/airflow/example_dags/example_skip_dag.py
[2023-03-01T15:41:49.288+0000] {logging_mixin.py:137} INFO - [2023-03-01T15:41:49.288+0000] {dag.py:2690} INFO - Sync 1 DAGs
[2023-03-01T15:41:49.309+0000] {logging_mixin.py:137} INFO - [2023-03-01T15:41:49.309+0000] {dag.py:3441} INFO - Setting next_dagrun for example_skip_dag to 2023-02-28T15:41:49.308872+00:00, run_after=2023-03-01T15:41:49.308872+00:00
[2023-03-01T15:41:49.327+0000] {processor.py:175} INFO - Processing /home/airflow/.local/lib/python3.7/site-packages/airflow/example_dags/example_skip_dag.py took 0.076 seconds
[2023-03-01T15:42:20.081+0000] {processor.py:153} INFO - Started process (PID=4293) to work on /home/airflow/.local/lib/python3.7/site-packages/airflow/example_dags/example_skip_dag.py
[2023-03-01T15:42:20.082+0000] {processor.py:743} INFO - Processing file /home/airflow/.local/lib/python3.7/site-packages/airflow/example_dags/example_skip_dag.py for tasks to queue
[2023-03-01T15:42:20.082+0000] {logging_mixin.py:137} INFO - [2023-03-01T15:42:20.082+0000] {dagbag.py:538} INFO - Filling up the DagBag from /home/airflow/.local/lib/python3.7/site-packages/airflow/example_dags/example_skip_dag.py
[2023-03-01T15:42:20.093+0000] {processor.py:753} INFO - DAG(s) dict_keys(['example_skip_dag']) retrieved from /home/airflow/.local/lib/python3.7/site-packages/airflow/example_dags/example_skip_dag.py
[2023-03-01T15:42:20.113+0000] {logging_mixin.py:137} INFO - [2023-03-01T15:42:20.113+0000] {dag.py:2690} INFO - Sync 1 DAGs
[2023-03-01T15:42:20.137+0000] {logging_mixin.py:137} INFO - [2023-03-01T15:42:20.137+0000] {dag.py:3441} INFO - Setting next_dagrun for example_skip_dag to 2023-02-28T15:42:20.136989+00:00, run_after=2023-03-01T15:42:20.136989+00:00
[2023-03-01T15:42:20.155+0000] {processor.py:175} INFO - Processing /home/airflow/.local/lib/python3.7/site-packages/airflow/example_dags/example_skip_dag.py took 0.076 seconds
[2023-03-01T15:42:50.725+0000] {processor.py:153} INFO - Started process (PID=4392) to work on /home/airflow/.local/lib/python3.7/site-packages/airflow/example_dags/example_skip_dag.py
[2023-03-01T15:42:50.726+0000] {processor.py:743} INFO - Processing file /home/airflow/.local/lib/python3.7/site-packages/airflow/example_dags/example_skip_dag.py for tasks to queue
[2023-03-01T15:42:50.726+0000] {logging_mixin.py:137} INFO - [2023-03-01T15:42:50.726+0000] {dagbag.py:538} INFO - Filling up the DagBag from /home/airflow/.local/lib/python3.7/site-packages/airflow/example_dags/example_skip_dag.py
[2023-03-01T15:42:50.736+0000] {processor.py:753} INFO - DAG(s) dict_keys(['example_skip_dag']) retrieved from /home/airflow/.local/lib/python3.7/site-packages/airflow/example_dags/example_skip_dag.py
[2023-03-01T15:42:50.759+0000] {logging_mixin.py:137} INFO - [2023-03-01T15:42:50.759+0000] {dag.py:2690} INFO - Sync 1 DAGs
[2023-03-01T15:42:50.782+0000] {logging_mixin.py:137} INFO - [2023-03-01T15:42:50.782+0000] {dag.py:3441} INFO - Setting next_dagrun for example_skip_dag to 2023-02-28T15:42:50.781877+00:00, run_after=2023-03-01T15:42:50.781877+00:00
[2023-03-01T15:42:50.799+0000] {processor.py:175} INFO - Processing /home/airflow/.local/lib/python3.7/site-packages/airflow/example_dags/example_skip_dag.py took 0.076 seconds
[2023-03-01T20:03:10.561+0000] {processor.py:153} INFO - Started process (PID=97) to work on /home/airflow/.local/lib/python3.7/site-packages/airflow/example_dags/example_skip_dag.py
[2023-03-01T20:03:10.562+0000] {processor.py:743} INFO - Processing file /home/airflow/.local/lib/python3.7/site-packages/airflow/example_dags/example_skip_dag.py for tasks to queue
[2023-03-01T20:03:10.563+0000] {logging_mixin.py:137} INFO - [2023-03-01T20:03:10.563+0000] {dagbag.py:538} INFO - Filling up the DagBag from /home/airflow/.local/lib/python3.7/site-packages/airflow/example_dags/example_skip_dag.py
[2023-03-01T20:03:10.580+0000] {processor.py:753} INFO - DAG(s) dict_keys(['example_skip_dag']) retrieved from /home/airflow/.local/lib/python3.7/site-packages/airflow/example_dags/example_skip_dag.py
[2023-03-01T20:03:10.595+0000] {logging_mixin.py:137} INFO - [2023-03-01T20:03:10.595+0000] {dag.py:2690} INFO - Sync 1 DAGs
[2023-03-01T20:03:10.632+0000] {logging_mixin.py:137} INFO - [2023-03-01T20:03:10.632+0000] {dag.py:3441} INFO - Setting next_dagrun for example_skip_dag to 2023-02-28T20:03:10.631735+00:00, run_after=2023-03-01T20:03:10.631735+00:00
[2023-03-01T20:03:10.658+0000] {processor.py:175} INFO - Processing /home/airflow/.local/lib/python3.7/site-packages/airflow/example_dags/example_skip_dag.py took 0.100 seconds
[2023-03-01T20:03:41.427+0000] {processor.py:153} INFO - Started process (PID=176) to work on /home/airflow/.local/lib/python3.7/site-packages/airflow/example_dags/example_skip_dag.py
[2023-03-01T20:03:41.428+0000] {processor.py:743} INFO - Processing file /home/airflow/.local/lib/python3.7/site-packages/airflow/example_dags/example_skip_dag.py for tasks to queue
[2023-03-01T20:03:41.428+0000] {logging_mixin.py:137} INFO - [2023-03-01T20:03:41.428+0000] {dagbag.py:538} INFO - Filling up the DagBag from /home/airflow/.local/lib/python3.7/site-packages/airflow/example_dags/example_skip_dag.py
[2023-03-01T20:03:41.439+0000] {processor.py:753} INFO - DAG(s) dict_keys(['example_skip_dag']) retrieved from /home/airflow/.local/lib/python3.7/site-packages/airflow/example_dags/example_skip_dag.py
[2023-03-01T20:03:41.461+0000] {logging_mixin.py:137} INFO - [2023-03-01T20:03:41.461+0000] {dag.py:2690} INFO - Sync 1 DAGs
[2023-03-01T20:03:41.492+0000] {logging_mixin.py:137} INFO - [2023-03-01T20:03:41.491+0000] {dag.py:3441} INFO - Setting next_dagrun for example_skip_dag to 2023-02-28T20:03:41.491602+00:00, run_after=2023-03-01T20:03:41.491602+00:00
[2023-03-01T20:03:41.524+0000] {processor.py:175} INFO - Processing /home/airflow/.local/lib/python3.7/site-packages/airflow/example_dags/example_skip_dag.py took 0.099 seconds
[2023-03-01T20:04:11.971+0000] {processor.py:153} INFO - Started process (PID=264) to work on /home/airflow/.local/lib/python3.7/site-packages/airflow/example_dags/example_skip_dag.py
[2023-03-01T20:04:11.972+0000] {processor.py:743} INFO - Processing file /home/airflow/.local/lib/python3.7/site-packages/airflow/example_dags/example_skip_dag.py for tasks to queue
[2023-03-01T20:04:11.973+0000] {logging_mixin.py:137} INFO - [2023-03-01T20:04:11.973+0000] {dagbag.py:538} INFO - Filling up the DagBag from /home/airflow/.local/lib/python3.7/site-packages/airflow/example_dags/example_skip_dag.py
[2023-03-01T20:04:11.987+0000] {processor.py:753} INFO - DAG(s) dict_keys(['example_skip_dag']) retrieved from /home/airflow/.local/lib/python3.7/site-packages/airflow/example_dags/example_skip_dag.py
[2023-03-01T20:04:12.014+0000] {logging_mixin.py:137} INFO - [2023-03-01T20:04:12.014+0000] {dag.py:2690} INFO - Sync 1 DAGs
[2023-03-01T20:04:12.047+0000] {logging_mixin.py:137} INFO - [2023-03-01T20:04:12.046+0000] {dag.py:3441} INFO - Setting next_dagrun for example_skip_dag to 2023-02-28T20:04:12.046576+00:00, run_after=2023-03-01T20:04:12.046576+00:00
[2023-03-01T20:04:12.073+0000] {processor.py:175} INFO - Processing /home/airflow/.local/lib/python3.7/site-packages/airflow/example_dags/example_skip_dag.py took 0.105 seconds
[2023-03-01T20:04:42.403+0000] {processor.py:153} INFO - Started process (PID=354) to work on /home/airflow/.local/lib/python3.7/site-packages/airflow/example_dags/example_skip_dag.py
[2023-03-01T20:04:42.404+0000] {processor.py:743} INFO - Processing file /home/airflow/.local/lib/python3.7/site-packages/airflow/example_dags/example_skip_dag.py for tasks to queue
[2023-03-01T20:04:42.404+0000] {logging_mixin.py:137} INFO - [2023-03-01T20:04:42.404+0000] {dagbag.py:538} INFO - Filling up the DagBag from /home/airflow/.local/lib/python3.7/site-packages/airflow/example_dags/example_skip_dag.py
[2023-03-01T20:04:42.415+0000] {processor.py:753} INFO - DAG(s) dict_keys(['example_skip_dag']) retrieved from /home/airflow/.local/lib/python3.7/site-packages/airflow/example_dags/example_skip_dag.py
[2023-03-01T20:04:42.436+0000] {logging_mixin.py:137} INFO - [2023-03-01T20:04:42.436+0000] {dag.py:2690} INFO - Sync 1 DAGs
[2023-03-01T20:04:42.458+0000] {logging_mixin.py:137} INFO - [2023-03-01T20:04:42.458+0000] {dag.py:3441} INFO - Setting next_dagrun for example_skip_dag to 2023-02-28T20:04:42.458591+00:00, run_after=2023-03-01T20:04:42.458591+00:00
[2023-03-01T20:04:42.478+0000] {processor.py:175} INFO - Processing /home/airflow/.local/lib/python3.7/site-packages/airflow/example_dags/example_skip_dag.py took 0.077 seconds
[2023-03-01T20:05:12.857+0000] {processor.py:153} INFO - Started process (PID=433) to work on /home/airflow/.local/lib/python3.7/site-packages/airflow/example_dags/example_skip_dag.py
[2023-03-01T20:05:12.857+0000] {processor.py:743} INFO - Processing file /home/airflow/.local/lib/python3.7/site-packages/airflow/example_dags/example_skip_dag.py for tasks to queue
[2023-03-01T20:05:12.858+0000] {logging_mixin.py:137} INFO - [2023-03-01T20:05:12.858+0000] {dagbag.py:538} INFO - Filling up the DagBag from /home/airflow/.local/lib/python3.7/site-packages/airflow/example_dags/example_skip_dag.py
[2023-03-01T20:05:12.868+0000] {processor.py:753} INFO - DAG(s) dict_keys(['example_skip_dag']) retrieved from /home/airflow/.local/lib/python3.7/site-packages/airflow/example_dags/example_skip_dag.py
[2023-03-01T20:05:12.889+0000] {logging_mixin.py:137} INFO - [2023-03-01T20:05:12.889+0000] {dag.py:2690} INFO - Sync 1 DAGs
[2023-03-01T20:05:12.918+0000] {logging_mixin.py:137} INFO - [2023-03-01T20:05:12.917+0000] {dag.py:3441} INFO - Setting next_dagrun for example_skip_dag to 2023-02-28T20:05:12.917561+00:00, run_after=2023-03-01T20:05:12.917561+00:00
[2023-03-01T20:05:12.940+0000] {processor.py:175} INFO - Processing /home/airflow/.local/lib/python3.7/site-packages/airflow/example_dags/example_skip_dag.py took 0.086 seconds
[2023-03-01T20:05:43.509+0000] {processor.py:153} INFO - Started process (PID=532) to work on /home/airflow/.local/lib/python3.7/site-packages/airflow/example_dags/example_skip_dag.py
[2023-03-01T20:05:43.510+0000] {processor.py:743} INFO - Processing file /home/airflow/.local/lib/python3.7/site-packages/airflow/example_dags/example_skip_dag.py for tasks to queue
[2023-03-01T20:05:43.511+0000] {logging_mixin.py:137} INFO - [2023-03-01T20:05:43.511+0000] {dagbag.py:538} INFO - Filling up the DagBag from /home/airflow/.local/lib/python3.7/site-packages/airflow/example_dags/example_skip_dag.py
[2023-03-01T20:05:43.527+0000] {processor.py:753} INFO - DAG(s) dict_keys(['example_skip_dag']) retrieved from /home/airflow/.local/lib/python3.7/site-packages/airflow/example_dags/example_skip_dag.py
[2023-03-01T20:05:43.553+0000] {logging_mixin.py:137} INFO - [2023-03-01T20:05:43.553+0000] {dag.py:2690} INFO - Sync 1 DAGs
[2023-03-01T20:05:43.580+0000] {logging_mixin.py:137} INFO - [2023-03-01T20:05:43.580+0000] {dag.py:3441} INFO - Setting next_dagrun for example_skip_dag to 2023-02-28T20:05:43.579961+00:00, run_after=2023-03-01T20:05:43.579961+00:00
[2023-03-01T20:05:43.603+0000] {processor.py:175} INFO - Processing /home/airflow/.local/lib/python3.7/site-packages/airflow/example_dags/example_skip_dag.py took 0.099 seconds
[2023-03-01T20:06:14.044+0000] {processor.py:153} INFO - Started process (PID=620) to work on /home/airflow/.local/lib/python3.7/site-packages/airflow/example_dags/example_skip_dag.py
[2023-03-01T20:06:14.045+0000] {processor.py:743} INFO - Processing file /home/airflow/.local/lib/python3.7/site-packages/airflow/example_dags/example_skip_dag.py for tasks to queue
[2023-03-01T20:06:14.045+0000] {logging_mixin.py:137} INFO - [2023-03-01T20:06:14.045+0000] {dagbag.py:538} INFO - Filling up the DagBag from /home/airflow/.local/lib/python3.7/site-packages/airflow/example_dags/example_skip_dag.py
[2023-03-01T20:06:14.057+0000] {processor.py:753} INFO - DAG(s) dict_keys(['example_skip_dag']) retrieved from /home/airflow/.local/lib/python3.7/site-packages/airflow/example_dags/example_skip_dag.py
[2023-03-01T20:06:14.080+0000] {logging_mixin.py:137} INFO - [2023-03-01T20:06:14.079+0000] {dag.py:2690} INFO - Sync 1 DAGs
[2023-03-01T20:06:14.105+0000] {logging_mixin.py:137} INFO - [2023-03-01T20:06:14.104+0000] {dag.py:3441} INFO - Setting next_dagrun for example_skip_dag to 2023-02-28T20:06:14.104747+00:00, run_after=2023-03-01T20:06:14.104747+00:00
[2023-03-01T20:06:14.125+0000] {processor.py:175} INFO - Processing /home/airflow/.local/lib/python3.7/site-packages/airflow/example_dags/example_skip_dag.py took 0.083 seconds
[2023-03-01T20:06:44.252+0000] {processor.py:153} INFO - Started process (PID=709) to work on /home/airflow/.local/lib/python3.7/site-packages/airflow/example_dags/example_skip_dag.py
[2023-03-01T20:06:44.253+0000] {processor.py:743} INFO - Processing file /home/airflow/.local/lib/python3.7/site-packages/airflow/example_dags/example_skip_dag.py for tasks to queue
[2023-03-01T20:06:44.253+0000] {logging_mixin.py:137} INFO - [2023-03-01T20:06:44.253+0000] {dagbag.py:538} INFO - Filling up the DagBag from /home/airflow/.local/lib/python3.7/site-packages/airflow/example_dags/example_skip_dag.py
[2023-03-01T20:06:44.263+0000] {processor.py:753} INFO - DAG(s) dict_keys(['example_skip_dag']) retrieved from /home/airflow/.local/lib/python3.7/site-packages/airflow/example_dags/example_skip_dag.py
[2023-03-01T20:06:44.284+0000] {logging_mixin.py:137} INFO - [2023-03-01T20:06:44.284+0000] {dag.py:2690} INFO - Sync 1 DAGs
[2023-03-01T20:06:44.306+0000] {logging_mixin.py:137} INFO - [2023-03-01T20:06:44.306+0000] {dag.py:3441} INFO - Setting next_dagrun for example_skip_dag to 2023-02-28T20:06:44.306629+00:00, run_after=2023-03-01T20:06:44.306629+00:00
[2023-03-01T20:06:44.324+0000] {processor.py:175} INFO - Processing /home/airflow/.local/lib/python3.7/site-packages/airflow/example_dags/example_skip_dag.py took 0.073 seconds
[2023-03-01T20:07:15.262+0000] {processor.py:153} INFO - Started process (PID=809) to work on /home/airflow/.local/lib/python3.7/site-packages/airflow/example_dags/example_skip_dag.py
[2023-03-01T20:07:15.263+0000] {processor.py:743} INFO - Processing file /home/airflow/.local/lib/python3.7/site-packages/airflow/example_dags/example_skip_dag.py for tasks to queue
[2023-03-01T20:07:15.263+0000] {logging_mixin.py:137} INFO - [2023-03-01T20:07:15.263+0000] {dagbag.py:538} INFO - Filling up the DagBag from /home/airflow/.local/lib/python3.7/site-packages/airflow/example_dags/example_skip_dag.py
[2023-03-01T20:07:15.274+0000] {processor.py:753} INFO - DAG(s) dict_keys(['example_skip_dag']) retrieved from /home/airflow/.local/lib/python3.7/site-packages/airflow/example_dags/example_skip_dag.py
[2023-03-01T20:07:15.294+0000] {logging_mixin.py:137} INFO - [2023-03-01T20:07:15.294+0000] {dag.py:2690} INFO - Sync 1 DAGs
[2023-03-01T20:07:15.317+0000] {logging_mixin.py:137} INFO - [2023-03-01T20:07:15.317+0000] {dag.py:3441} INFO - Setting next_dagrun for example_skip_dag to 2023-02-28T20:07:15.317339+00:00, run_after=2023-03-01T20:07:15.317339+00:00
[2023-03-01T20:07:15.339+0000] {processor.py:175} INFO - Processing /home/airflow/.local/lib/python3.7/site-packages/airflow/example_dags/example_skip_dag.py took 0.079 seconds
[2023-03-01T20:07:45.992+0000] {processor.py:153} INFO - Started process (PID=888) to work on /home/airflow/.local/lib/python3.7/site-packages/airflow/example_dags/example_skip_dag.py
[2023-03-01T20:07:45.993+0000] {processor.py:743} INFO - Processing file /home/airflow/.local/lib/python3.7/site-packages/airflow/example_dags/example_skip_dag.py for tasks to queue
[2023-03-01T20:07:45.994+0000] {logging_mixin.py:137} INFO - [2023-03-01T20:07:45.994+0000] {dagbag.py:538} INFO - Filling up the DagBag from /home/airflow/.local/lib/python3.7/site-packages/airflow/example_dags/example_skip_dag.py
[2023-03-01T20:07:46.010+0000] {processor.py:753} INFO - DAG(s) dict_keys(['example_skip_dag']) retrieved from /home/airflow/.local/lib/python3.7/site-packages/airflow/example_dags/example_skip_dag.py
[2023-03-01T20:07:46.043+0000] {logging_mixin.py:137} INFO - [2023-03-01T20:07:46.042+0000] {dag.py:2690} INFO - Sync 1 DAGs
[2023-03-01T20:07:46.069+0000] {logging_mixin.py:137} INFO - [2023-03-01T20:07:46.069+0000] {dag.py:3441} INFO - Setting next_dagrun for example_skip_dag to 2023-02-28T20:07:46.069165+00:00, run_after=2023-03-01T20:07:46.069165+00:00
[2023-03-01T20:07:46.095+0000] {processor.py:175} INFO - Processing /home/airflow/.local/lib/python3.7/site-packages/airflow/example_dags/example_skip_dag.py took 0.107 seconds
