[2023-03-01T15:18:18.921+0000] {processor.py:153} INFO - Started process (PID=82) to work on /home/airflow/.local/lib/python3.7/site-packages/airflow/example_dags/example_latest_only_with_trigger.py
[2023-03-01T15:18:18.922+0000] {processor.py:743} INFO - Processing file /home/airflow/.local/lib/python3.7/site-packages/airflow/example_dags/example_latest_only_with_trigger.py for tasks to queue
[2023-03-01T15:18:18.923+0000] {logging_mixin.py:137} INFO - [2023-03-01T15:18:18.923+0000] {dagbag.py:538} INFO - Filling up the DagBag from /home/airflow/.local/lib/python3.7/site-packages/airflow/example_dags/example_latest_only_with_trigger.py
[2023-03-01T15:18:18.944+0000] {processor.py:753} INFO - DAG(s) dict_keys(['latest_only_with_trigger']) retrieved from /home/airflow/.local/lib/python3.7/site-packages/airflow/example_dags/example_latest_only_with_trigger.py
[2023-03-01T15:18:18.971+0000] {logging_mixin.py:137} INFO - [2023-03-01T15:18:18.970+0000] {dag.py:2690} INFO - Sync 1 DAGs
[2023-03-01T15:18:19.006+0000] {logging_mixin.py:137} INFO - [2023-03-01T15:18:19.006+0000] {dag.py:3441} INFO - Setting next_dagrun for latest_only_with_trigger to 2023-03-01T11:18:19.005669+00:00, run_after=2023-03-01T15:18:19.005669+00:00
[2023-03-01T15:18:19.034+0000] {processor.py:175} INFO - Processing /home/airflow/.local/lib/python3.7/site-packages/airflow/example_dags/example_latest_only_with_trigger.py took 0.116 seconds
[2023-03-01T15:18:49.952+0000] {processor.py:153} INFO - Started process (PID=161) to work on /home/airflow/.local/lib/python3.7/site-packages/airflow/example_dags/example_latest_only_with_trigger.py
[2023-03-01T15:18:49.959+0000] {processor.py:743} INFO - Processing file /home/airflow/.local/lib/python3.7/site-packages/airflow/example_dags/example_latest_only_with_trigger.py for tasks to queue
[2023-03-01T15:18:49.960+0000] {logging_mixin.py:137} INFO - [2023-03-01T15:18:49.960+0000] {dagbag.py:538} INFO - Filling up the DagBag from /home/airflow/.local/lib/python3.7/site-packages/airflow/example_dags/example_latest_only_with_trigger.py
[2023-03-01T15:18:49.971+0000] {processor.py:753} INFO - DAG(s) dict_keys(['latest_only_with_trigger']) retrieved from /home/airflow/.local/lib/python3.7/site-packages/airflow/example_dags/example_latest_only_with_trigger.py
[2023-03-01T15:18:49.994+0000] {logging_mixin.py:137} INFO - [2023-03-01T15:18:49.994+0000] {dag.py:2690} INFO - Sync 1 DAGs
[2023-03-01T15:18:50.016+0000] {logging_mixin.py:137} INFO - [2023-03-01T15:18:50.016+0000] {dag.py:3441} INFO - Setting next_dagrun for latest_only_with_trigger to 2023-03-01T11:18:50.016218+00:00, run_after=2023-03-01T15:18:50.016218+00:00
[2023-03-01T15:18:50.035+0000] {processor.py:175} INFO - Processing /home/airflow/.local/lib/python3.7/site-packages/airflow/example_dags/example_latest_only_with_trigger.py took 0.085 seconds
[2023-03-01T15:19:20.648+0000] {processor.py:153} INFO - Started process (PID=260) to work on /home/airflow/.local/lib/python3.7/site-packages/airflow/example_dags/example_latest_only_with_trigger.py
[2023-03-01T15:19:20.661+0000] {processor.py:743} INFO - Processing file /home/airflow/.local/lib/python3.7/site-packages/airflow/example_dags/example_latest_only_with_trigger.py for tasks to queue
[2023-03-01T15:19:20.662+0000] {logging_mixin.py:137} INFO - [2023-03-01T15:19:20.662+0000] {dagbag.py:538} INFO - Filling up the DagBag from /home/airflow/.local/lib/python3.7/site-packages/airflow/example_dags/example_latest_only_with_trigger.py
[2023-03-01T15:19:20.696+0000] {processor.py:753} INFO - DAG(s) dict_keys(['latest_only_with_trigger']) retrieved from /home/airflow/.local/lib/python3.7/site-packages/airflow/example_dags/example_latest_only_with_trigger.py
[2023-03-01T15:19:20.726+0000] {logging_mixin.py:137} INFO - [2023-03-01T15:19:20.726+0000] {dag.py:2690} INFO - Sync 1 DAGs
[2023-03-01T15:19:20.749+0000] {logging_mixin.py:137} INFO - [2023-03-01T15:19:20.749+0000] {dag.py:3441} INFO - Setting next_dagrun for latest_only_with_trigger to 2023-03-01T11:19:20.749175+00:00, run_after=2023-03-01T15:19:20.749175+00:00
[2023-03-01T15:19:20.770+0000] {processor.py:175} INFO - Processing /home/airflow/.local/lib/python3.7/site-packages/airflow/example_dags/example_latest_only_with_trigger.py took 0.125 seconds
[2023-03-01T15:19:51.689+0000] {processor.py:153} INFO - Started process (PID=339) to work on /home/airflow/.local/lib/python3.7/site-packages/airflow/example_dags/example_latest_only_with_trigger.py
[2023-03-01T15:19:51.690+0000] {processor.py:743} INFO - Processing file /home/airflow/.local/lib/python3.7/site-packages/airflow/example_dags/example_latest_only_with_trigger.py for tasks to queue
[2023-03-01T15:19:51.690+0000] {logging_mixin.py:137} INFO - [2023-03-01T15:19:51.690+0000] {dagbag.py:538} INFO - Filling up the DagBag from /home/airflow/.local/lib/python3.7/site-packages/airflow/example_dags/example_latest_only_with_trigger.py
[2023-03-01T15:19:51.704+0000] {processor.py:753} INFO - DAG(s) dict_keys(['latest_only_with_trigger']) retrieved from /home/airflow/.local/lib/python3.7/site-packages/airflow/example_dags/example_latest_only_with_trigger.py
[2023-03-01T15:19:51.728+0000] {logging_mixin.py:137} INFO - [2023-03-01T15:19:51.728+0000] {dag.py:2690} INFO - Sync 1 DAGs
[2023-03-01T15:19:51.759+0000] {logging_mixin.py:137} INFO - [2023-03-01T15:19:51.759+0000] {dag.py:3441} INFO - Setting next_dagrun for latest_only_with_trigger to 2023-03-01T11:19:51.759101+00:00, run_after=2023-03-01T15:19:51.759101+00:00
[2023-03-01T15:19:51.784+0000] {processor.py:175} INFO - Processing /home/airflow/.local/lib/python3.7/site-packages/airflow/example_dags/example_latest_only_with_trigger.py took 0.098 seconds
[2023-03-01T15:20:22.215+0000] {processor.py:153} INFO - Started process (PID=438) to work on /home/airflow/.local/lib/python3.7/site-packages/airflow/example_dags/example_latest_only_with_trigger.py
[2023-03-01T15:20:22.222+0000] {processor.py:743} INFO - Processing file /home/airflow/.local/lib/python3.7/site-packages/airflow/example_dags/example_latest_only_with_trigger.py for tasks to queue
[2023-03-01T15:20:22.223+0000] {logging_mixin.py:137} INFO - [2023-03-01T15:20:22.223+0000] {dagbag.py:538} INFO - Filling up the DagBag from /home/airflow/.local/lib/python3.7/site-packages/airflow/example_dags/example_latest_only_with_trigger.py
[2023-03-01T15:20:22.255+0000] {processor.py:753} INFO - DAG(s) dict_keys(['latest_only_with_trigger']) retrieved from /home/airflow/.local/lib/python3.7/site-packages/airflow/example_dags/example_latest_only_with_trigger.py
[2023-03-01T15:20:22.288+0000] {logging_mixin.py:137} INFO - [2023-03-01T15:20:22.287+0000] {dag.py:2690} INFO - Sync 1 DAGs
[2023-03-01T15:20:22.325+0000] {logging_mixin.py:137} INFO - [2023-03-01T15:20:22.325+0000] {dag.py:3441} INFO - Setting next_dagrun for latest_only_with_trigger to 2023-03-01T11:20:22.324800+00:00, run_after=2023-03-01T15:20:22.324800+00:00
[2023-03-01T15:20:22.355+0000] {processor.py:175} INFO - Processing /home/airflow/.local/lib/python3.7/site-packages/airflow/example_dags/example_latest_only_with_trigger.py took 0.143 seconds
[2023-03-01T15:20:53.173+0000] {processor.py:153} INFO - Started process (PID=517) to work on /home/airflow/.local/lib/python3.7/site-packages/airflow/example_dags/example_latest_only_with_trigger.py
[2023-03-01T15:20:53.179+0000] {processor.py:743} INFO - Processing file /home/airflow/.local/lib/python3.7/site-packages/airflow/example_dags/example_latest_only_with_trigger.py for tasks to queue
[2023-03-01T15:20:53.180+0000] {logging_mixin.py:137} INFO - [2023-03-01T15:20:53.180+0000] {dagbag.py:538} INFO - Filling up the DagBag from /home/airflow/.local/lib/python3.7/site-packages/airflow/example_dags/example_latest_only_with_trigger.py
[2023-03-01T15:20:53.192+0000] {processor.py:753} INFO - DAG(s) dict_keys(['latest_only_with_trigger']) retrieved from /home/airflow/.local/lib/python3.7/site-packages/airflow/example_dags/example_latest_only_with_trigger.py
[2023-03-01T15:20:53.214+0000] {logging_mixin.py:137} INFO - [2023-03-01T15:20:53.214+0000] {dag.py:2690} INFO - Sync 1 DAGs
[2023-03-01T15:20:53.237+0000] {logging_mixin.py:137} INFO - [2023-03-01T15:20:53.236+0000] {dag.py:3441} INFO - Setting next_dagrun for latest_only_with_trigger to 2023-03-01T11:20:53.236641+00:00, run_after=2023-03-01T15:20:53.236641+00:00
[2023-03-01T15:20:53.259+0000] {processor.py:175} INFO - Processing /home/airflow/.local/lib/python3.7/site-packages/airflow/example_dags/example_latest_only_with_trigger.py took 0.089 seconds
[2023-03-01T15:21:23.588+0000] {processor.py:153} INFO - Started process (PID=616) to work on /home/airflow/.local/lib/python3.7/site-packages/airflow/example_dags/example_latest_only_with_trigger.py
[2023-03-01T15:21:23.595+0000] {processor.py:743} INFO - Processing file /home/airflow/.local/lib/python3.7/site-packages/airflow/example_dags/example_latest_only_with_trigger.py for tasks to queue
[2023-03-01T15:21:23.596+0000] {logging_mixin.py:137} INFO - [2023-03-01T15:21:23.596+0000] {dagbag.py:538} INFO - Filling up the DagBag from /home/airflow/.local/lib/python3.7/site-packages/airflow/example_dags/example_latest_only_with_trigger.py
[2023-03-01T15:21:23.608+0000] {processor.py:753} INFO - DAG(s) dict_keys(['latest_only_with_trigger']) retrieved from /home/airflow/.local/lib/python3.7/site-packages/airflow/example_dags/example_latest_only_with_trigger.py
[2023-03-01T15:21:23.630+0000] {logging_mixin.py:137} INFO - [2023-03-01T15:21:23.630+0000] {dag.py:2690} INFO - Sync 1 DAGs
[2023-03-01T15:21:23.656+0000] {logging_mixin.py:137} INFO - [2023-03-01T15:21:23.655+0000] {dag.py:3441} INFO - Setting next_dagrun for latest_only_with_trigger to 2023-03-01T11:21:23.655770+00:00, run_after=2023-03-01T15:21:23.655770+00:00
[2023-03-01T15:21:23.679+0000] {processor.py:175} INFO - Processing /home/airflow/.local/lib/python3.7/site-packages/airflow/example_dags/example_latest_only_with_trigger.py took 0.093 seconds
[2023-03-01T15:21:53.984+0000] {processor.py:153} INFO - Started process (PID=696) to work on /home/airflow/.local/lib/python3.7/site-packages/airflow/example_dags/example_latest_only_with_trigger.py
[2023-03-01T15:21:53.991+0000] {processor.py:743} INFO - Processing file /home/airflow/.local/lib/python3.7/site-packages/airflow/example_dags/example_latest_only_with_trigger.py for tasks to queue
[2023-03-01T15:21:53.991+0000] {logging_mixin.py:137} INFO - [2023-03-01T15:21:53.991+0000] {dagbag.py:538} INFO - Filling up the DagBag from /home/airflow/.local/lib/python3.7/site-packages/airflow/example_dags/example_latest_only_with_trigger.py
[2023-03-01T15:21:54.003+0000] {processor.py:753} INFO - DAG(s) dict_keys(['latest_only_with_trigger']) retrieved from /home/airflow/.local/lib/python3.7/site-packages/airflow/example_dags/example_latest_only_with_trigger.py
[2023-03-01T15:21:54.033+0000] {logging_mixin.py:137} INFO - [2023-03-01T15:21:54.033+0000] {dag.py:2690} INFO - Sync 1 DAGs
[2023-03-01T15:21:54.058+0000] {logging_mixin.py:137} INFO - [2023-03-01T15:21:54.058+0000] {dag.py:3441} INFO - Setting next_dagrun for latest_only_with_trigger to 2023-03-01T11:21:54.058160+00:00, run_after=2023-03-01T15:21:54.058160+00:00
[2023-03-01T15:21:54.083+0000] {processor.py:175} INFO - Processing /home/airflow/.local/lib/python3.7/site-packages/airflow/example_dags/example_latest_only_with_trigger.py took 0.101 seconds
[2023-03-01T15:22:24.651+0000] {processor.py:153} INFO - Started process (PID=795) to work on /home/airflow/.local/lib/python3.7/site-packages/airflow/example_dags/example_latest_only_with_trigger.py
[2023-03-01T15:22:24.652+0000] {processor.py:743} INFO - Processing file /home/airflow/.local/lib/python3.7/site-packages/airflow/example_dags/example_latest_only_with_trigger.py for tasks to queue
[2023-03-01T15:22:24.652+0000] {logging_mixin.py:137} INFO - [2023-03-01T15:22:24.652+0000] {dagbag.py:538} INFO - Filling up the DagBag from /home/airflow/.local/lib/python3.7/site-packages/airflow/example_dags/example_latest_only_with_trigger.py
[2023-03-01T15:22:24.664+0000] {processor.py:753} INFO - DAG(s) dict_keys(['latest_only_with_trigger']) retrieved from /home/airflow/.local/lib/python3.7/site-packages/airflow/example_dags/example_latest_only_with_trigger.py
[2023-03-01T15:22:24.687+0000] {logging_mixin.py:137} INFO - [2023-03-01T15:22:24.686+0000] {dag.py:2690} INFO - Sync 1 DAGs
[2023-03-01T15:22:24.711+0000] {logging_mixin.py:137} INFO - [2023-03-01T15:22:24.710+0000] {dag.py:3441} INFO - Setting next_dagrun for latest_only_with_trigger to 2023-03-01T11:22:24.710740+00:00, run_after=2023-03-01T15:22:24.710740+00:00
[2023-03-01T15:22:24.731+0000] {processor.py:175} INFO - Processing /home/airflow/.local/lib/python3.7/site-packages/airflow/example_dags/example_latest_only_with_trigger.py took 0.082 seconds
[2023-03-01T15:22:54.992+0000] {processor.py:153} INFO - Started process (PID=874) to work on /home/airflow/.local/lib/python3.7/site-packages/airflow/example_dags/example_latest_only_with_trigger.py
[2023-03-01T15:22:54.999+0000] {processor.py:743} INFO - Processing file /home/airflow/.local/lib/python3.7/site-packages/airflow/example_dags/example_latest_only_with_trigger.py for tasks to queue
[2023-03-01T15:22:55.000+0000] {logging_mixin.py:137} INFO - [2023-03-01T15:22:55.000+0000] {dagbag.py:538} INFO - Filling up the DagBag from /home/airflow/.local/lib/python3.7/site-packages/airflow/example_dags/example_latest_only_with_trigger.py
[2023-03-01T15:22:55.011+0000] {processor.py:753} INFO - DAG(s) dict_keys(['latest_only_with_trigger']) retrieved from /home/airflow/.local/lib/python3.7/site-packages/airflow/example_dags/example_latest_only_with_trigger.py
[2023-03-01T15:22:55.033+0000] {logging_mixin.py:137} INFO - [2023-03-01T15:22:55.033+0000] {dag.py:2690} INFO - Sync 1 DAGs
[2023-03-01T15:22:55.055+0000] {logging_mixin.py:137} INFO - [2023-03-01T15:22:55.055+0000] {dag.py:3441} INFO - Setting next_dagrun for latest_only_with_trigger to 2023-03-01T11:22:55.055181+00:00, run_after=2023-03-01T15:22:55.055181+00:00
[2023-03-01T15:22:55.074+0000] {processor.py:175} INFO - Processing /home/airflow/.local/lib/python3.7/site-packages/airflow/example_dags/example_latest_only_with_trigger.py took 0.084 seconds
[2023-03-01T15:23:25.841+0000] {processor.py:153} INFO - Started process (PID=973) to work on /home/airflow/.local/lib/python3.7/site-packages/airflow/example_dags/example_latest_only_with_trigger.py
[2023-03-01T15:23:25.848+0000] {processor.py:743} INFO - Processing file /home/airflow/.local/lib/python3.7/site-packages/airflow/example_dags/example_latest_only_with_trigger.py for tasks to queue
[2023-03-01T15:23:25.849+0000] {logging_mixin.py:137} INFO - [2023-03-01T15:23:25.848+0000] {dagbag.py:538} INFO - Filling up the DagBag from /home/airflow/.local/lib/python3.7/site-packages/airflow/example_dags/example_latest_only_with_trigger.py
[2023-03-01T15:23:25.860+0000] {processor.py:753} INFO - DAG(s) dict_keys(['latest_only_with_trigger']) retrieved from /home/airflow/.local/lib/python3.7/site-packages/airflow/example_dags/example_latest_only_with_trigger.py
[2023-03-01T15:23:25.881+0000] {logging_mixin.py:137} INFO - [2023-03-01T15:23:25.881+0000] {dag.py:2690} INFO - Sync 1 DAGs
[2023-03-01T15:23:25.909+0000] {logging_mixin.py:137} INFO - [2023-03-01T15:23:25.909+0000] {dag.py:3441} INFO - Setting next_dagrun for latest_only_with_trigger to 2023-03-01T11:23:25.909089+00:00, run_after=2023-03-01T15:23:25.909089+00:00
[2023-03-01T15:23:25.928+0000] {processor.py:175} INFO - Processing /home/airflow/.local/lib/python3.7/site-packages/airflow/example_dags/example_latest_only_with_trigger.py took 0.089 seconds
[2023-03-01T15:23:56.215+0000] {processor.py:153} INFO - Started process (PID=1052) to work on /home/airflow/.local/lib/python3.7/site-packages/airflow/example_dags/example_latest_only_with_trigger.py
[2023-03-01T15:23:56.222+0000] {processor.py:743} INFO - Processing file /home/airflow/.local/lib/python3.7/site-packages/airflow/example_dags/example_latest_only_with_trigger.py for tasks to queue
[2023-03-01T15:23:56.223+0000] {logging_mixin.py:137} INFO - [2023-03-01T15:23:56.223+0000] {dagbag.py:538} INFO - Filling up the DagBag from /home/airflow/.local/lib/python3.7/site-packages/airflow/example_dags/example_latest_only_with_trigger.py
[2023-03-01T15:23:56.235+0000] {processor.py:753} INFO - DAG(s) dict_keys(['latest_only_with_trigger']) retrieved from /home/airflow/.local/lib/python3.7/site-packages/airflow/example_dags/example_latest_only_with_trigger.py
[2023-03-01T15:23:56.259+0000] {logging_mixin.py:137} INFO - [2023-03-01T15:23:56.259+0000] {dag.py:2690} INFO - Sync 1 DAGs
[2023-03-01T15:23:56.282+0000] {logging_mixin.py:137} INFO - [2023-03-01T15:23:56.282+0000] {dag.py:3441} INFO - Setting next_dagrun for latest_only_with_trigger to 2023-03-01T11:23:56.282192+00:00, run_after=2023-03-01T15:23:56.282192+00:00
[2023-03-01T15:23:56.303+0000] {processor.py:175} INFO - Processing /home/airflow/.local/lib/python3.7/site-packages/airflow/example_dags/example_latest_only_with_trigger.py took 0.090 seconds
[2023-03-01T15:24:26.960+0000] {processor.py:153} INFO - Started process (PID=1151) to work on /home/airflow/.local/lib/python3.7/site-packages/airflow/example_dags/example_latest_only_with_trigger.py
[2023-03-01T15:24:26.966+0000] {processor.py:743} INFO - Processing file /home/airflow/.local/lib/python3.7/site-packages/airflow/example_dags/example_latest_only_with_trigger.py for tasks to queue
[2023-03-01T15:24:26.967+0000] {logging_mixin.py:137} INFO - [2023-03-01T15:24:26.967+0000] {dagbag.py:538} INFO - Filling up the DagBag from /home/airflow/.local/lib/python3.7/site-packages/airflow/example_dags/example_latest_only_with_trigger.py
[2023-03-01T15:24:26.978+0000] {processor.py:753} INFO - DAG(s) dict_keys(['latest_only_with_trigger']) retrieved from /home/airflow/.local/lib/python3.7/site-packages/airflow/example_dags/example_latest_only_with_trigger.py
[2023-03-01T15:24:27.001+0000] {logging_mixin.py:137} INFO - [2023-03-01T15:24:27.001+0000] {dag.py:2690} INFO - Sync 1 DAGs
[2023-03-01T15:24:27.024+0000] {logging_mixin.py:137} INFO - [2023-03-01T15:24:27.024+0000] {dag.py:3441} INFO - Setting next_dagrun for latest_only_with_trigger to 2023-03-01T11:24:27.024102+00:00, run_after=2023-03-01T15:24:27.024102+00:00
[2023-03-01T15:24:27.042+0000] {processor.py:175} INFO - Processing /home/airflow/.local/lib/python3.7/site-packages/airflow/example_dags/example_latest_only_with_trigger.py took 0.085 seconds
[2023-03-01T15:24:57.606+0000] {processor.py:153} INFO - Started process (PID=1230) to work on /home/airflow/.local/lib/python3.7/site-packages/airflow/example_dags/example_latest_only_with_trigger.py
[2023-03-01T15:24:57.606+0000] {processor.py:743} INFO - Processing file /home/airflow/.local/lib/python3.7/site-packages/airflow/example_dags/example_latest_only_with_trigger.py for tasks to queue
[2023-03-01T15:24:57.607+0000] {logging_mixin.py:137} INFO - [2023-03-01T15:24:57.607+0000] {dagbag.py:538} INFO - Filling up the DagBag from /home/airflow/.local/lib/python3.7/site-packages/airflow/example_dags/example_latest_only_with_trigger.py
[2023-03-01T15:24:57.617+0000] {processor.py:753} INFO - DAG(s) dict_keys(['latest_only_with_trigger']) retrieved from /home/airflow/.local/lib/python3.7/site-packages/airflow/example_dags/example_latest_only_with_trigger.py
[2023-03-01T15:24:57.639+0000] {logging_mixin.py:137} INFO - [2023-03-01T15:24:57.639+0000] {dag.py:2690} INFO - Sync 1 DAGs
[2023-03-01T15:24:57.662+0000] {logging_mixin.py:137} INFO - [2023-03-01T15:24:57.662+0000] {dag.py:3441} INFO - Setting next_dagrun for latest_only_with_trigger to 2023-03-01T11:24:57.662276+00:00, run_after=2023-03-01T15:24:57.662276+00:00
[2023-03-01T15:24:57.680+0000] {processor.py:175} INFO - Processing /home/airflow/.local/lib/python3.7/site-packages/airflow/example_dags/example_latest_only_with_trigger.py took 0.076 seconds
[2023-03-01T15:25:28.185+0000] {processor.py:153} INFO - Started process (PID=1329) to work on /home/airflow/.local/lib/python3.7/site-packages/airflow/example_dags/example_latest_only_with_trigger.py
[2023-03-01T15:25:28.192+0000] {processor.py:743} INFO - Processing file /home/airflow/.local/lib/python3.7/site-packages/airflow/example_dags/example_latest_only_with_trigger.py for tasks to queue
[2023-03-01T15:25:28.193+0000] {logging_mixin.py:137} INFO - [2023-03-01T15:25:28.192+0000] {dagbag.py:538} INFO - Filling up the DagBag from /home/airflow/.local/lib/python3.7/site-packages/airflow/example_dags/example_latest_only_with_trigger.py
[2023-03-01T15:25:28.203+0000] {processor.py:753} INFO - DAG(s) dict_keys(['latest_only_with_trigger']) retrieved from /home/airflow/.local/lib/python3.7/site-packages/airflow/example_dags/example_latest_only_with_trigger.py
[2023-03-01T15:25:28.225+0000] {logging_mixin.py:137} INFO - [2023-03-01T15:25:28.225+0000] {dag.py:2690} INFO - Sync 1 DAGs
[2023-03-01T15:25:28.246+0000] {logging_mixin.py:137} INFO - [2023-03-01T15:25:28.246+0000] {dag.py:3441} INFO - Setting next_dagrun for latest_only_with_trigger to 2023-03-01T11:25:28.246623+00:00, run_after=2023-03-01T15:25:28.246623+00:00
[2023-03-01T15:25:28.265+0000] {processor.py:175} INFO - Processing /home/airflow/.local/lib/python3.7/site-packages/airflow/example_dags/example_latest_only_with_trigger.py took 0.082 seconds
[2023-03-01T15:25:58.856+0000] {processor.py:153} INFO - Started process (PID=1408) to work on /home/airflow/.local/lib/python3.7/site-packages/airflow/example_dags/example_latest_only_with_trigger.py
[2023-03-01T15:25:58.863+0000] {processor.py:743} INFO - Processing file /home/airflow/.local/lib/python3.7/site-packages/airflow/example_dags/example_latest_only_with_trigger.py for tasks to queue
[2023-03-01T15:25:58.864+0000] {logging_mixin.py:137} INFO - [2023-03-01T15:25:58.863+0000] {dagbag.py:538} INFO - Filling up the DagBag from /home/airflow/.local/lib/python3.7/site-packages/airflow/example_dags/example_latest_only_with_trigger.py
[2023-03-01T15:25:58.875+0000] {processor.py:753} INFO - DAG(s) dict_keys(['latest_only_with_trigger']) retrieved from /home/airflow/.local/lib/python3.7/site-packages/airflow/example_dags/example_latest_only_with_trigger.py
[2023-03-01T15:25:58.897+0000] {logging_mixin.py:137} INFO - [2023-03-01T15:25:58.897+0000] {dag.py:2690} INFO - Sync 1 DAGs
[2023-03-01T15:25:58.921+0000] {logging_mixin.py:137} INFO - [2023-03-01T15:25:58.920+0000] {dag.py:3441} INFO - Setting next_dagrun for latest_only_with_trigger to 2023-03-01T11:25:58.920688+00:00, run_after=2023-03-01T15:25:58.920688+00:00
[2023-03-01T15:25:58.941+0000] {processor.py:175} INFO - Processing /home/airflow/.local/lib/python3.7/site-packages/airflow/example_dags/example_latest_only_with_trigger.py took 0.088 seconds
[2023-03-01T15:26:29.594+0000] {processor.py:153} INFO - Started process (PID=1507) to work on /home/airflow/.local/lib/python3.7/site-packages/airflow/example_dags/example_latest_only_with_trigger.py
[2023-03-01T15:26:29.595+0000] {processor.py:743} INFO - Processing file /home/airflow/.local/lib/python3.7/site-packages/airflow/example_dags/example_latest_only_with_trigger.py for tasks to queue
[2023-03-01T15:26:29.595+0000] {logging_mixin.py:137} INFO - [2023-03-01T15:26:29.595+0000] {dagbag.py:538} INFO - Filling up the DagBag from /home/airflow/.local/lib/python3.7/site-packages/airflow/example_dags/example_latest_only_with_trigger.py
[2023-03-01T15:26:29.606+0000] {processor.py:753} INFO - DAG(s) dict_keys(['latest_only_with_trigger']) retrieved from /home/airflow/.local/lib/python3.7/site-packages/airflow/example_dags/example_latest_only_with_trigger.py
[2023-03-01T15:26:29.630+0000] {logging_mixin.py:137} INFO - [2023-03-01T15:26:29.630+0000] {dag.py:2690} INFO - Sync 1 DAGs
[2023-03-01T15:26:29.655+0000] {logging_mixin.py:137} INFO - [2023-03-01T15:26:29.655+0000] {dag.py:3441} INFO - Setting next_dagrun for latest_only_with_trigger to 2023-03-01T11:26:29.655079+00:00, run_after=2023-03-01T15:26:29.655079+00:00
[2023-03-01T15:26:29.675+0000] {processor.py:175} INFO - Processing /home/airflow/.local/lib/python3.7/site-packages/airflow/example_dags/example_latest_only_with_trigger.py took 0.083 seconds
[2023-03-01T15:26:59.824+0000] {processor.py:153} INFO - Started process (PID=1586) to work on /home/airflow/.local/lib/python3.7/site-packages/airflow/example_dags/example_latest_only_with_trigger.py
[2023-03-01T15:26:59.831+0000] {processor.py:743} INFO - Processing file /home/airflow/.local/lib/python3.7/site-packages/airflow/example_dags/example_latest_only_with_trigger.py for tasks to queue
[2023-03-01T15:26:59.832+0000] {logging_mixin.py:137} INFO - [2023-03-01T15:26:59.832+0000] {dagbag.py:538} INFO - Filling up the DagBag from /home/airflow/.local/lib/python3.7/site-packages/airflow/example_dags/example_latest_only_with_trigger.py
[2023-03-01T15:26:59.843+0000] {processor.py:753} INFO - DAG(s) dict_keys(['latest_only_with_trigger']) retrieved from /home/airflow/.local/lib/python3.7/site-packages/airflow/example_dags/example_latest_only_with_trigger.py
[2023-03-01T15:26:59.864+0000] {logging_mixin.py:137} INFO - [2023-03-01T15:26:59.864+0000] {dag.py:2690} INFO - Sync 1 DAGs
[2023-03-01T15:26:59.888+0000] {logging_mixin.py:137} INFO - [2023-03-01T15:26:59.888+0000] {dag.py:3441} INFO - Setting next_dagrun for latest_only_with_trigger to 2023-03-01T11:26:59.888398+00:00, run_after=2023-03-01T15:26:59.888398+00:00
[2023-03-01T15:26:59.907+0000] {processor.py:175} INFO - Processing /home/airflow/.local/lib/python3.7/site-packages/airflow/example_dags/example_latest_only_with_trigger.py took 0.085 seconds
[2023-03-01T15:27:30.561+0000] {processor.py:153} INFO - Started process (PID=1686) to work on /home/airflow/.local/lib/python3.7/site-packages/airflow/example_dags/example_latest_only_with_trigger.py
[2023-03-01T15:27:30.567+0000] {processor.py:743} INFO - Processing file /home/airflow/.local/lib/python3.7/site-packages/airflow/example_dags/example_latest_only_with_trigger.py for tasks to queue
[2023-03-01T15:27:30.568+0000] {logging_mixin.py:137} INFO - [2023-03-01T15:27:30.568+0000] {dagbag.py:538} INFO - Filling up the DagBag from /home/airflow/.local/lib/python3.7/site-packages/airflow/example_dags/example_latest_only_with_trigger.py
[2023-03-01T15:27:30.580+0000] {processor.py:753} INFO - DAG(s) dict_keys(['latest_only_with_trigger']) retrieved from /home/airflow/.local/lib/python3.7/site-packages/airflow/example_dags/example_latest_only_with_trigger.py
[2023-03-01T15:27:30.603+0000] {logging_mixin.py:137} INFO - [2023-03-01T15:27:30.603+0000] {dag.py:2690} INFO - Sync 1 DAGs
[2023-03-01T15:27:30.625+0000] {logging_mixin.py:137} INFO - [2023-03-01T15:27:30.625+0000] {dag.py:3441} INFO - Setting next_dagrun for latest_only_with_trigger to 2023-03-01T11:27:30.625542+00:00, run_after=2023-03-01T15:27:30.625542+00:00
[2023-03-01T15:27:30.645+0000] {processor.py:175} INFO - Processing /home/airflow/.local/lib/python3.7/site-packages/airflow/example_dags/example_latest_only_with_trigger.py took 0.087 seconds
[2023-03-01T15:28:01.077+0000] {processor.py:153} INFO - Started process (PID=1764) to work on /home/airflow/.local/lib/python3.7/site-packages/airflow/example_dags/example_latest_only_with_trigger.py
[2023-03-01T15:28:01.083+0000] {processor.py:743} INFO - Processing file /home/airflow/.local/lib/python3.7/site-packages/airflow/example_dags/example_latest_only_with_trigger.py for tasks to queue
[2023-03-01T15:28:01.084+0000] {logging_mixin.py:137} INFO - [2023-03-01T15:28:01.084+0000] {dagbag.py:538} INFO - Filling up the DagBag from /home/airflow/.local/lib/python3.7/site-packages/airflow/example_dags/example_latest_only_with_trigger.py
[2023-03-01T15:28:01.097+0000] {processor.py:753} INFO - DAG(s) dict_keys(['latest_only_with_trigger']) retrieved from /home/airflow/.local/lib/python3.7/site-packages/airflow/example_dags/example_latest_only_with_trigger.py
[2023-03-01T15:28:01.120+0000] {logging_mixin.py:137} INFO - [2023-03-01T15:28:01.120+0000] {dag.py:2690} INFO - Sync 1 DAGs
[2023-03-01T15:28:01.144+0000] {logging_mixin.py:137} INFO - [2023-03-01T15:28:01.144+0000] {dag.py:3441} INFO - Setting next_dagrun for latest_only_with_trigger to 2023-03-01T11:28:01.144393+00:00, run_after=2023-03-01T15:28:01.144393+00:00
[2023-03-01T15:28:01.166+0000] {processor.py:175} INFO - Processing /home/airflow/.local/lib/python3.7/site-packages/airflow/example_dags/example_latest_only_with_trigger.py took 0.092 seconds
[2023-03-01T15:28:31.822+0000] {processor.py:153} INFO - Started process (PID=1863) to work on /home/airflow/.local/lib/python3.7/site-packages/airflow/example_dags/example_latest_only_with_trigger.py
[2023-03-01T15:28:31.829+0000] {processor.py:743} INFO - Processing file /home/airflow/.local/lib/python3.7/site-packages/airflow/example_dags/example_latest_only_with_trigger.py for tasks to queue
[2023-03-01T15:28:31.830+0000] {logging_mixin.py:137} INFO - [2023-03-01T15:28:31.829+0000] {dagbag.py:538} INFO - Filling up the DagBag from /home/airflow/.local/lib/python3.7/site-packages/airflow/example_dags/example_latest_only_with_trigger.py
[2023-03-01T15:28:31.844+0000] {processor.py:753} INFO - DAG(s) dict_keys(['latest_only_with_trigger']) retrieved from /home/airflow/.local/lib/python3.7/site-packages/airflow/example_dags/example_latest_only_with_trigger.py
[2023-03-01T15:28:31.869+0000] {logging_mixin.py:137} INFO - [2023-03-01T15:28:31.869+0000] {dag.py:2690} INFO - Sync 1 DAGs
[2023-03-01T15:28:31.895+0000] {logging_mixin.py:137} INFO - [2023-03-01T15:28:31.894+0000] {dag.py:3441} INFO - Setting next_dagrun for latest_only_with_trigger to 2023-03-01T11:28:31.894765+00:00, run_after=2023-03-01T15:28:31.894765+00:00
[2023-03-01T15:28:31.913+0000] {processor.py:175} INFO - Processing /home/airflow/.local/lib/python3.7/site-packages/airflow/example_dags/example_latest_only_with_trigger.py took 0.095 seconds
[2023-03-01T15:29:02.282+0000] {processor.py:153} INFO - Started process (PID=1942) to work on /home/airflow/.local/lib/python3.7/site-packages/airflow/example_dags/example_latest_only_with_trigger.py
[2023-03-01T15:29:02.283+0000] {processor.py:743} INFO - Processing file /home/airflow/.local/lib/python3.7/site-packages/airflow/example_dags/example_latest_only_with_trigger.py for tasks to queue
[2023-03-01T15:29:02.284+0000] {logging_mixin.py:137} INFO - [2023-03-01T15:29:02.284+0000] {dagbag.py:538} INFO - Filling up the DagBag from /home/airflow/.local/lib/python3.7/site-packages/airflow/example_dags/example_latest_only_with_trigger.py
[2023-03-01T15:29:02.298+0000] {processor.py:753} INFO - DAG(s) dict_keys(['latest_only_with_trigger']) retrieved from /home/airflow/.local/lib/python3.7/site-packages/airflow/example_dags/example_latest_only_with_trigger.py
[2023-03-01T15:29:02.324+0000] {logging_mixin.py:137} INFO - [2023-03-01T15:29:02.323+0000] {dag.py:2690} INFO - Sync 1 DAGs
[2023-03-01T15:29:02.350+0000] {logging_mixin.py:137} INFO - [2023-03-01T15:29:02.350+0000] {dag.py:3441} INFO - Setting next_dagrun for latest_only_with_trigger to 2023-03-01T11:29:02.350545+00:00, run_after=2023-03-01T15:29:02.350545+00:00
[2023-03-01T15:29:02.373+0000] {processor.py:175} INFO - Processing /home/airflow/.local/lib/python3.7/site-packages/airflow/example_dags/example_latest_only_with_trigger.py took 0.093 seconds
[2023-03-01T15:29:33.001+0000] {processor.py:153} INFO - Started process (PID=2041) to work on /home/airflow/.local/lib/python3.7/site-packages/airflow/example_dags/example_latest_only_with_trigger.py
[2023-03-01T15:29:33.008+0000] {processor.py:743} INFO - Processing file /home/airflow/.local/lib/python3.7/site-packages/airflow/example_dags/example_latest_only_with_trigger.py for tasks to queue
[2023-03-01T15:29:33.009+0000] {logging_mixin.py:137} INFO - [2023-03-01T15:29:33.009+0000] {dagbag.py:538} INFO - Filling up the DagBag from /home/airflow/.local/lib/python3.7/site-packages/airflow/example_dags/example_latest_only_with_trigger.py
[2023-03-01T15:29:33.023+0000] {processor.py:753} INFO - DAG(s) dict_keys(['latest_only_with_trigger']) retrieved from /home/airflow/.local/lib/python3.7/site-packages/airflow/example_dags/example_latest_only_with_trigger.py
[2023-03-01T15:29:33.050+0000] {logging_mixin.py:137} INFO - [2023-03-01T15:29:33.049+0000] {dag.py:2690} INFO - Sync 1 DAGs
[2023-03-01T15:29:33.072+0000] {logging_mixin.py:137} INFO - [2023-03-01T15:29:33.072+0000] {dag.py:3441} INFO - Setting next_dagrun for latest_only_with_trigger to 2023-03-01T11:29:33.072548+00:00, run_after=2023-03-01T15:29:33.072548+00:00
[2023-03-01T15:29:33.091+0000] {processor.py:175} INFO - Processing /home/airflow/.local/lib/python3.7/site-packages/airflow/example_dags/example_latest_only_with_trigger.py took 0.093 seconds
[2023-03-01T15:30:03.626+0000] {processor.py:153} INFO - Started process (PID=2120) to work on /home/airflow/.local/lib/python3.7/site-packages/airflow/example_dags/example_latest_only_with_trigger.py
[2023-03-01T15:30:03.633+0000] {processor.py:743} INFO - Processing file /home/airflow/.local/lib/python3.7/site-packages/airflow/example_dags/example_latest_only_with_trigger.py for tasks to queue
[2023-03-01T15:30:03.634+0000] {logging_mixin.py:137} INFO - [2023-03-01T15:30:03.634+0000] {dagbag.py:538} INFO - Filling up the DagBag from /home/airflow/.local/lib/python3.7/site-packages/airflow/example_dags/example_latest_only_with_trigger.py
[2023-03-01T15:30:03.645+0000] {processor.py:753} INFO - DAG(s) dict_keys(['latest_only_with_trigger']) retrieved from /home/airflow/.local/lib/python3.7/site-packages/airflow/example_dags/example_latest_only_with_trigger.py
[2023-03-01T15:30:03.666+0000] {logging_mixin.py:137} INFO - [2023-03-01T15:30:03.666+0000] {dag.py:2690} INFO - Sync 1 DAGs
[2023-03-01T15:30:03.689+0000] {logging_mixin.py:137} INFO - [2023-03-01T15:30:03.688+0000] {dag.py:3441} INFO - Setting next_dagrun for latest_only_with_trigger to 2023-03-01T11:30:03.688781+00:00, run_after=2023-03-01T15:30:03.688781+00:00
[2023-03-01T15:30:03.706+0000] {processor.py:175} INFO - Processing /home/airflow/.local/lib/python3.7/site-packages/airflow/example_dags/example_latest_only_with_trigger.py took 0.082 seconds
[2023-03-01T15:30:34.384+0000] {processor.py:153} INFO - Started process (PID=2220) to work on /home/airflow/.local/lib/python3.7/site-packages/airflow/example_dags/example_latest_only_with_trigger.py
[2023-03-01T15:30:34.391+0000] {processor.py:743} INFO - Processing file /home/airflow/.local/lib/python3.7/site-packages/airflow/example_dags/example_latest_only_with_trigger.py for tasks to queue
[2023-03-01T15:30:34.392+0000] {logging_mixin.py:137} INFO - [2023-03-01T15:30:34.392+0000] {dagbag.py:538} INFO - Filling up the DagBag from /home/airflow/.local/lib/python3.7/site-packages/airflow/example_dags/example_latest_only_with_trigger.py
[2023-03-01T15:30:34.402+0000] {processor.py:753} INFO - DAG(s) dict_keys(['latest_only_with_trigger']) retrieved from /home/airflow/.local/lib/python3.7/site-packages/airflow/example_dags/example_latest_only_with_trigger.py
[2023-03-01T15:30:34.423+0000] {logging_mixin.py:137} INFO - [2023-03-01T15:30:34.423+0000] {dag.py:2690} INFO - Sync 1 DAGs
[2023-03-01T15:30:34.449+0000] {logging_mixin.py:137} INFO - [2023-03-01T15:30:34.449+0000] {dag.py:3441} INFO - Setting next_dagrun for latest_only_with_trigger to 2023-03-01T11:30:34.449387+00:00, run_after=2023-03-01T15:30:34.449387+00:00
[2023-03-01T15:30:34.467+0000] {processor.py:175} INFO - Processing /home/airflow/.local/lib/python3.7/site-packages/airflow/example_dags/example_latest_only_with_trigger.py took 0.085 seconds
[2023-03-01T15:31:05.129+0000] {processor.py:153} INFO - Started process (PID=2299) to work on /home/airflow/.local/lib/python3.7/site-packages/airflow/example_dags/example_latest_only_with_trigger.py
[2023-03-01T15:31:05.130+0000] {processor.py:743} INFO - Processing file /home/airflow/.local/lib/python3.7/site-packages/airflow/example_dags/example_latest_only_with_trigger.py for tasks to queue
[2023-03-01T15:31:05.130+0000] {logging_mixin.py:137} INFO - [2023-03-01T15:31:05.130+0000] {dagbag.py:538} INFO - Filling up the DagBag from /home/airflow/.local/lib/python3.7/site-packages/airflow/example_dags/example_latest_only_with_trigger.py
[2023-03-01T15:31:05.140+0000] {processor.py:753} INFO - DAG(s) dict_keys(['latest_only_with_trigger']) retrieved from /home/airflow/.local/lib/python3.7/site-packages/airflow/example_dags/example_latest_only_with_trigger.py
[2023-03-01T15:31:05.161+0000] {logging_mixin.py:137} INFO - [2023-03-01T15:31:05.161+0000] {dag.py:2690} INFO - Sync 1 DAGs
[2023-03-01T15:31:05.185+0000] {logging_mixin.py:137} INFO - [2023-03-01T15:31:05.185+0000] {dag.py:3441} INFO - Setting next_dagrun for latest_only_with_trigger to 2023-03-01T11:31:05.184839+00:00, run_after=2023-03-01T15:31:05.184839+00:00
[2023-03-01T15:31:05.203+0000] {processor.py:175} INFO - Processing /home/airflow/.local/lib/python3.7/site-packages/airflow/example_dags/example_latest_only_with_trigger.py took 0.076 seconds
[2023-03-01T15:31:36.077+0000] {processor.py:153} INFO - Started process (PID=2398) to work on /home/airflow/.local/lib/python3.7/site-packages/airflow/example_dags/example_latest_only_with_trigger.py
[2023-03-01T15:31:36.084+0000] {processor.py:743} INFO - Processing file /home/airflow/.local/lib/python3.7/site-packages/airflow/example_dags/example_latest_only_with_trigger.py for tasks to queue
[2023-03-01T15:31:36.085+0000] {logging_mixin.py:137} INFO - [2023-03-01T15:31:36.085+0000] {dagbag.py:538} INFO - Filling up the DagBag from /home/airflow/.local/lib/python3.7/site-packages/airflow/example_dags/example_latest_only_with_trigger.py
[2023-03-01T15:31:36.098+0000] {processor.py:753} INFO - DAG(s) dict_keys(['latest_only_with_trigger']) retrieved from /home/airflow/.local/lib/python3.7/site-packages/airflow/example_dags/example_latest_only_with_trigger.py
[2023-03-01T15:31:36.120+0000] {logging_mixin.py:137} INFO - [2023-03-01T15:31:36.120+0000] {dag.py:2690} INFO - Sync 1 DAGs
[2023-03-01T15:31:36.142+0000] {logging_mixin.py:137} INFO - [2023-03-01T15:31:36.142+0000] {dag.py:3441} INFO - Setting next_dagrun for latest_only_with_trigger to 2023-03-01T11:31:36.142292+00:00, run_after=2023-03-01T15:31:36.142292+00:00
[2023-03-01T15:31:36.161+0000] {processor.py:175} INFO - Processing /home/airflow/.local/lib/python3.7/site-packages/airflow/example_dags/example_latest_only_with_trigger.py took 0.087 seconds
[2023-03-01T15:32:06.618+0000] {processor.py:153} INFO - Started process (PID=2497) to work on /home/airflow/.local/lib/python3.7/site-packages/airflow/example_dags/example_latest_only_with_trigger.py
[2023-03-01T15:32:06.624+0000] {processor.py:743} INFO - Processing file /home/airflow/.local/lib/python3.7/site-packages/airflow/example_dags/example_latest_only_with_trigger.py for tasks to queue
[2023-03-01T15:32:06.625+0000] {logging_mixin.py:137} INFO - [2023-03-01T15:32:06.625+0000] {dagbag.py:538} INFO - Filling up the DagBag from /home/airflow/.local/lib/python3.7/site-packages/airflow/example_dags/example_latest_only_with_trigger.py
[2023-03-01T15:32:06.638+0000] {processor.py:753} INFO - DAG(s) dict_keys(['latest_only_with_trigger']) retrieved from /home/airflow/.local/lib/python3.7/site-packages/airflow/example_dags/example_latest_only_with_trigger.py
[2023-03-01T15:32:06.661+0000] {logging_mixin.py:137} INFO - [2023-03-01T15:32:06.661+0000] {dag.py:2690} INFO - Sync 1 DAGs
[2023-03-01T15:32:06.684+0000] {logging_mixin.py:137} INFO - [2023-03-01T15:32:06.684+0000] {dag.py:3441} INFO - Setting next_dagrun for latest_only_with_trigger to 2023-03-01T11:32:06.684404+00:00, run_after=2023-03-01T15:32:06.684404+00:00
[2023-03-01T15:32:06.703+0000] {processor.py:175} INFO - Processing /home/airflow/.local/lib/python3.7/site-packages/airflow/example_dags/example_latest_only_with_trigger.py took 0.088 seconds
[2023-03-01T15:32:37.084+0000] {processor.py:153} INFO - Started process (PID=2576) to work on /home/airflow/.local/lib/python3.7/site-packages/airflow/example_dags/example_latest_only_with_trigger.py
[2023-03-01T15:32:37.090+0000] {processor.py:743} INFO - Processing file /home/airflow/.local/lib/python3.7/site-packages/airflow/example_dags/example_latest_only_with_trigger.py for tasks to queue
[2023-03-01T15:32:37.091+0000] {logging_mixin.py:137} INFO - [2023-03-01T15:32:37.091+0000] {dagbag.py:538} INFO - Filling up the DagBag from /home/airflow/.local/lib/python3.7/site-packages/airflow/example_dags/example_latest_only_with_trigger.py
[2023-03-01T15:32:37.102+0000] {processor.py:753} INFO - DAG(s) dict_keys(['latest_only_with_trigger']) retrieved from /home/airflow/.local/lib/python3.7/site-packages/airflow/example_dags/example_latest_only_with_trigger.py
[2023-03-01T15:32:37.123+0000] {logging_mixin.py:137} INFO - [2023-03-01T15:32:37.123+0000] {dag.py:2690} INFO - Sync 1 DAGs
[2023-03-01T15:32:37.151+0000] {logging_mixin.py:137} INFO - [2023-03-01T15:32:37.150+0000] {dag.py:3441} INFO - Setting next_dagrun for latest_only_with_trigger to 2023-03-01T11:32:37.150722+00:00, run_after=2023-03-01T15:32:37.150722+00:00
[2023-03-01T15:32:37.174+0000] {processor.py:175} INFO - Processing /home/airflow/.local/lib/python3.7/site-packages/airflow/example_dags/example_latest_only_with_trigger.py took 0.093 seconds
[2023-03-01T15:33:08.058+0000] {processor.py:153} INFO - Started process (PID=2675) to work on /home/airflow/.local/lib/python3.7/site-packages/airflow/example_dags/example_latest_only_with_trigger.py
[2023-03-01T15:33:08.065+0000] {processor.py:743} INFO - Processing file /home/airflow/.local/lib/python3.7/site-packages/airflow/example_dags/example_latest_only_with_trigger.py for tasks to queue
[2023-03-01T15:33:08.066+0000] {logging_mixin.py:137} INFO - [2023-03-01T15:33:08.066+0000] {dagbag.py:538} INFO - Filling up the DagBag from /home/airflow/.local/lib/python3.7/site-packages/airflow/example_dags/example_latest_only_with_trigger.py
[2023-03-01T15:33:08.076+0000] {processor.py:753} INFO - DAG(s) dict_keys(['latest_only_with_trigger']) retrieved from /home/airflow/.local/lib/python3.7/site-packages/airflow/example_dags/example_latest_only_with_trigger.py
[2023-03-01T15:33:08.099+0000] {logging_mixin.py:137} INFO - [2023-03-01T15:33:08.098+0000] {dag.py:2690} INFO - Sync 1 DAGs
[2023-03-01T15:33:08.121+0000] {logging_mixin.py:137} INFO - [2023-03-01T15:33:08.120+0000] {dag.py:3441} INFO - Setting next_dagrun for latest_only_with_trigger to 2023-03-01T11:33:08.120801+00:00, run_after=2023-03-01T15:33:08.120801+00:00
[2023-03-01T15:33:08.139+0000] {processor.py:175} INFO - Processing /home/airflow/.local/lib/python3.7/site-packages/airflow/example_dags/example_latest_only_with_trigger.py took 0.083 seconds
[2023-03-01T15:33:38.434+0000] {processor.py:153} INFO - Started process (PID=2754) to work on /home/airflow/.local/lib/python3.7/site-packages/airflow/example_dags/example_latest_only_with_trigger.py
[2023-03-01T15:33:38.440+0000] {processor.py:743} INFO - Processing file /home/airflow/.local/lib/python3.7/site-packages/airflow/example_dags/example_latest_only_with_trigger.py for tasks to queue
[2023-03-01T15:33:38.441+0000] {logging_mixin.py:137} INFO - [2023-03-01T15:33:38.441+0000] {dagbag.py:538} INFO - Filling up the DagBag from /home/airflow/.local/lib/python3.7/site-packages/airflow/example_dags/example_latest_only_with_trigger.py
[2023-03-01T15:33:38.452+0000] {processor.py:753} INFO - DAG(s) dict_keys(['latest_only_with_trigger']) retrieved from /home/airflow/.local/lib/python3.7/site-packages/airflow/example_dags/example_latest_only_with_trigger.py
[2023-03-01T15:33:38.474+0000] {logging_mixin.py:137} INFO - [2023-03-01T15:33:38.474+0000] {dag.py:2690} INFO - Sync 1 DAGs
[2023-03-01T15:33:38.496+0000] {logging_mixin.py:137} INFO - [2023-03-01T15:33:38.496+0000] {dag.py:3441} INFO - Setting next_dagrun for latest_only_with_trigger to 2023-03-01T11:33:38.496430+00:00, run_after=2023-03-01T15:33:38.496430+00:00
[2023-03-01T15:33:38.516+0000] {processor.py:175} INFO - Processing /home/airflow/.local/lib/python3.7/site-packages/airflow/example_dags/example_latest_only_with_trigger.py took 0.085 seconds
[2023-03-01T15:34:09.184+0000] {processor.py:153} INFO - Started process (PID=2852) to work on /home/airflow/.local/lib/python3.7/site-packages/airflow/example_dags/example_latest_only_with_trigger.py
[2023-03-01T15:34:09.191+0000] {processor.py:743} INFO - Processing file /home/airflow/.local/lib/python3.7/site-packages/airflow/example_dags/example_latest_only_with_trigger.py for tasks to queue
[2023-03-01T15:34:09.191+0000] {logging_mixin.py:137} INFO - [2023-03-01T15:34:09.191+0000] {dagbag.py:538} INFO - Filling up the DagBag from /home/airflow/.local/lib/python3.7/site-packages/airflow/example_dags/example_latest_only_with_trigger.py
[2023-03-01T15:34:09.203+0000] {processor.py:753} INFO - DAG(s) dict_keys(['latest_only_with_trigger']) retrieved from /home/airflow/.local/lib/python3.7/site-packages/airflow/example_dags/example_latest_only_with_trigger.py
[2023-03-01T15:34:09.223+0000] {logging_mixin.py:137} INFO - [2023-03-01T15:34:09.223+0000] {dag.py:2690} INFO - Sync 1 DAGs
[2023-03-01T15:34:09.244+0000] {logging_mixin.py:137} INFO - [2023-03-01T15:34:09.244+0000] {dag.py:3441} INFO - Setting next_dagrun for latest_only_with_trigger to 2023-03-01T11:34:09.244501+00:00, run_after=2023-03-01T15:34:09.244501+00:00
[2023-03-01T15:34:09.263+0000] {processor.py:175} INFO - Processing /home/airflow/.local/lib/python3.7/site-packages/airflow/example_dags/example_latest_only_with_trigger.py took 0.082 seconds
[2023-03-01T15:34:39.778+0000] {processor.py:153} INFO - Started process (PID=2932) to work on /home/airflow/.local/lib/python3.7/site-packages/airflow/example_dags/example_latest_only_with_trigger.py
[2023-03-01T15:34:39.785+0000] {processor.py:743} INFO - Processing file /home/airflow/.local/lib/python3.7/site-packages/airflow/example_dags/example_latest_only_with_trigger.py for tasks to queue
[2023-03-01T15:34:39.786+0000] {logging_mixin.py:137} INFO - [2023-03-01T15:34:39.785+0000] {dagbag.py:538} INFO - Filling up the DagBag from /home/airflow/.local/lib/python3.7/site-packages/airflow/example_dags/example_latest_only_with_trigger.py
[2023-03-01T15:34:39.797+0000] {processor.py:753} INFO - DAG(s) dict_keys(['latest_only_with_trigger']) retrieved from /home/airflow/.local/lib/python3.7/site-packages/airflow/example_dags/example_latest_only_with_trigger.py
[2023-03-01T15:34:39.818+0000] {logging_mixin.py:137} INFO - [2023-03-01T15:34:39.818+0000] {dag.py:2690} INFO - Sync 1 DAGs
[2023-03-01T15:34:39.842+0000] {logging_mixin.py:137} INFO - [2023-03-01T15:34:39.842+0000] {dag.py:3441} INFO - Setting next_dagrun for latest_only_with_trigger to 2023-03-01T11:34:39.842193+00:00, run_after=2023-03-01T15:34:39.842193+00:00
[2023-03-01T15:34:39.861+0000] {processor.py:175} INFO - Processing /home/airflow/.local/lib/python3.7/site-packages/airflow/example_dags/example_latest_only_with_trigger.py took 0.086 seconds
[2023-03-01T15:35:10.546+0000] {processor.py:153} INFO - Started process (PID=3031) to work on /home/airflow/.local/lib/python3.7/site-packages/airflow/example_dags/example_latest_only_with_trigger.py
[2023-03-01T15:35:10.547+0000] {processor.py:743} INFO - Processing file /home/airflow/.local/lib/python3.7/site-packages/airflow/example_dags/example_latest_only_with_trigger.py for tasks to queue
[2023-03-01T15:35:10.547+0000] {logging_mixin.py:137} INFO - [2023-03-01T15:35:10.547+0000] {dagbag.py:538} INFO - Filling up the DagBag from /home/airflow/.local/lib/python3.7/site-packages/airflow/example_dags/example_latest_only_with_trigger.py
[2023-03-01T15:35:10.558+0000] {processor.py:753} INFO - DAG(s) dict_keys(['latest_only_with_trigger']) retrieved from /home/airflow/.local/lib/python3.7/site-packages/airflow/example_dags/example_latest_only_with_trigger.py
[2023-03-01T15:35:10.578+0000] {logging_mixin.py:137} INFO - [2023-03-01T15:35:10.578+0000] {dag.py:2690} INFO - Sync 1 DAGs
[2023-03-01T15:35:10.598+0000] {logging_mixin.py:137} INFO - [2023-03-01T15:35:10.598+0000] {dag.py:3441} INFO - Setting next_dagrun for latest_only_with_trigger to 2023-03-01T11:35:10.598404+00:00, run_after=2023-03-01T15:35:10.598404+00:00
[2023-03-01T15:35:10.614+0000] {processor.py:175} INFO - Processing /home/airflow/.local/lib/python3.7/site-packages/airflow/example_dags/example_latest_only_with_trigger.py took 0.070 seconds
[2023-03-01T15:35:40.872+0000] {processor.py:153} INFO - Started process (PID=3110) to work on /home/airflow/.local/lib/python3.7/site-packages/airflow/example_dags/example_latest_only_with_trigger.py
[2023-03-01T15:35:40.879+0000] {processor.py:743} INFO - Processing file /home/airflow/.local/lib/python3.7/site-packages/airflow/example_dags/example_latest_only_with_trigger.py for tasks to queue
[2023-03-01T15:35:40.880+0000] {logging_mixin.py:137} INFO - [2023-03-01T15:35:40.880+0000] {dagbag.py:538} INFO - Filling up the DagBag from /home/airflow/.local/lib/python3.7/site-packages/airflow/example_dags/example_latest_only_with_trigger.py
[2023-03-01T15:35:40.891+0000] {processor.py:753} INFO - DAG(s) dict_keys(['latest_only_with_trigger']) retrieved from /home/airflow/.local/lib/python3.7/site-packages/airflow/example_dags/example_latest_only_with_trigger.py
[2023-03-01T15:35:40.914+0000] {logging_mixin.py:137} INFO - [2023-03-01T15:35:40.914+0000] {dag.py:2690} INFO - Sync 1 DAGs
[2023-03-01T15:35:40.938+0000] {logging_mixin.py:137} INFO - [2023-03-01T15:35:40.938+0000] {dag.py:3441} INFO - Setting next_dagrun for latest_only_with_trigger to 2023-03-01T11:35:40.938131+00:00, run_after=2023-03-01T15:35:40.938131+00:00
[2023-03-01T15:35:40.958+0000] {processor.py:175} INFO - Processing /home/airflow/.local/lib/python3.7/site-packages/airflow/example_dags/example_latest_only_with_trigger.py took 0.088 seconds
[2023-03-01T15:36:11.451+0000] {processor.py:153} INFO - Started process (PID=3209) to work on /home/airflow/.local/lib/python3.7/site-packages/airflow/example_dags/example_latest_only_with_trigger.py
[2023-03-01T15:36:11.458+0000] {processor.py:743} INFO - Processing file /home/airflow/.local/lib/python3.7/site-packages/airflow/example_dags/example_latest_only_with_trigger.py for tasks to queue
[2023-03-01T15:36:11.459+0000] {logging_mixin.py:137} INFO - [2023-03-01T15:36:11.458+0000] {dagbag.py:538} INFO - Filling up the DagBag from /home/airflow/.local/lib/python3.7/site-packages/airflow/example_dags/example_latest_only_with_trigger.py
[2023-03-01T15:36:11.469+0000] {processor.py:753} INFO - DAG(s) dict_keys(['latest_only_with_trigger']) retrieved from /home/airflow/.local/lib/python3.7/site-packages/airflow/example_dags/example_latest_only_with_trigger.py
[2023-03-01T15:36:11.491+0000] {logging_mixin.py:137} INFO - [2023-03-01T15:36:11.491+0000] {dag.py:2690} INFO - Sync 1 DAGs
[2023-03-01T15:36:11.516+0000] {logging_mixin.py:137} INFO - [2023-03-01T15:36:11.516+0000] {dag.py:3441} INFO - Setting next_dagrun for latest_only_with_trigger to 2023-03-01T11:36:11.516410+00:00, run_after=2023-03-01T15:36:11.516410+00:00
[2023-03-01T15:36:11.534+0000] {processor.py:175} INFO - Processing /home/airflow/.local/lib/python3.7/site-packages/airflow/example_dags/example_latest_only_with_trigger.py took 0.086 seconds
[2023-03-01T15:36:42.119+0000] {processor.py:153} INFO - Started process (PID=3288) to work on /home/airflow/.local/lib/python3.7/site-packages/airflow/example_dags/example_latest_only_with_trigger.py
[2023-03-01T15:36:42.126+0000] {processor.py:743} INFO - Processing file /home/airflow/.local/lib/python3.7/site-packages/airflow/example_dags/example_latest_only_with_trigger.py for tasks to queue
[2023-03-01T15:36:42.126+0000] {logging_mixin.py:137} INFO - [2023-03-01T15:36:42.126+0000] {dagbag.py:538} INFO - Filling up the DagBag from /home/airflow/.local/lib/python3.7/site-packages/airflow/example_dags/example_latest_only_with_trigger.py
[2023-03-01T15:36:42.138+0000] {processor.py:753} INFO - DAG(s) dict_keys(['latest_only_with_trigger']) retrieved from /home/airflow/.local/lib/python3.7/site-packages/airflow/example_dags/example_latest_only_with_trigger.py
[2023-03-01T15:36:42.160+0000] {logging_mixin.py:137} INFO - [2023-03-01T15:36:42.160+0000] {dag.py:2690} INFO - Sync 1 DAGs
[2023-03-01T15:36:42.181+0000] {logging_mixin.py:137} INFO - [2023-03-01T15:36:42.181+0000] {dag.py:3441} INFO - Setting next_dagrun for latest_only_with_trigger to 2023-03-01T11:36:42.181169+00:00, run_after=2023-03-01T15:36:42.181169+00:00
[2023-03-01T15:36:42.198+0000] {processor.py:175} INFO - Processing /home/airflow/.local/lib/python3.7/site-packages/airflow/example_dags/example_latest_only_with_trigger.py took 0.081 seconds
[2023-03-01T15:37:12.790+0000] {processor.py:153} INFO - Started process (PID=3387) to work on /home/airflow/.local/lib/python3.7/site-packages/airflow/example_dags/example_latest_only_with_trigger.py
[2023-03-01T15:37:12.797+0000] {processor.py:743} INFO - Processing file /home/airflow/.local/lib/python3.7/site-packages/airflow/example_dags/example_latest_only_with_trigger.py for tasks to queue
[2023-03-01T15:37:12.798+0000] {logging_mixin.py:137} INFO - [2023-03-01T15:37:12.797+0000] {dagbag.py:538} INFO - Filling up the DagBag from /home/airflow/.local/lib/python3.7/site-packages/airflow/example_dags/example_latest_only_with_trigger.py
[2023-03-01T15:37:12.808+0000] {processor.py:753} INFO - DAG(s) dict_keys(['latest_only_with_trigger']) retrieved from /home/airflow/.local/lib/python3.7/site-packages/airflow/example_dags/example_latest_only_with_trigger.py
[2023-03-01T15:37:12.830+0000] {logging_mixin.py:137} INFO - [2023-03-01T15:37:12.830+0000] {dag.py:2690} INFO - Sync 1 DAGs
[2023-03-01T15:37:12.853+0000] {logging_mixin.py:137} INFO - [2023-03-01T15:37:12.853+0000] {dag.py:3441} INFO - Setting next_dagrun for latest_only_with_trigger to 2023-03-01T11:37:12.853180+00:00, run_after=2023-03-01T15:37:12.853180+00:00
[2023-03-01T15:37:12.872+0000] {processor.py:175} INFO - Processing /home/airflow/.local/lib/python3.7/site-packages/airflow/example_dags/example_latest_only_with_trigger.py took 0.085 seconds
[2023-03-01T15:37:43.594+0000] {processor.py:153} INFO - Started process (PID=3466) to work on /home/airflow/.local/lib/python3.7/site-packages/airflow/example_dags/example_latest_only_with_trigger.py
[2023-03-01T15:37:43.595+0000] {processor.py:743} INFO - Processing file /home/airflow/.local/lib/python3.7/site-packages/airflow/example_dags/example_latest_only_with_trigger.py for tasks to queue
[2023-03-01T15:37:43.595+0000] {logging_mixin.py:137} INFO - [2023-03-01T15:37:43.595+0000] {dagbag.py:538} INFO - Filling up the DagBag from /home/airflow/.local/lib/python3.7/site-packages/airflow/example_dags/example_latest_only_with_trigger.py
[2023-03-01T15:37:43.606+0000] {processor.py:753} INFO - DAG(s) dict_keys(['latest_only_with_trigger']) retrieved from /home/airflow/.local/lib/python3.7/site-packages/airflow/example_dags/example_latest_only_with_trigger.py
[2023-03-01T15:37:43.628+0000] {logging_mixin.py:137} INFO - [2023-03-01T15:37:43.628+0000] {dag.py:2690} INFO - Sync 1 DAGs
[2023-03-01T15:37:43.650+0000] {logging_mixin.py:137} INFO - [2023-03-01T15:37:43.650+0000] {dag.py:3441} INFO - Setting next_dagrun for latest_only_with_trigger to 2023-03-01T11:37:43.649870+00:00, run_after=2023-03-01T15:37:43.649870+00:00
[2023-03-01T15:37:43.669+0000] {processor.py:175} INFO - Processing /home/airflow/.local/lib/python3.7/site-packages/airflow/example_dags/example_latest_only_with_trigger.py took 0.077 seconds
[2023-03-01T15:38:14.093+0000] {processor.py:153} INFO - Started process (PID=3565) to work on /home/airflow/.local/lib/python3.7/site-packages/airflow/example_dags/example_latest_only_with_trigger.py
[2023-03-01T15:38:14.100+0000] {processor.py:743} INFO - Processing file /home/airflow/.local/lib/python3.7/site-packages/airflow/example_dags/example_latest_only_with_trigger.py for tasks to queue
[2023-03-01T15:38:14.101+0000] {logging_mixin.py:137} INFO - [2023-03-01T15:38:14.101+0000] {dagbag.py:538} INFO - Filling up the DagBag from /home/airflow/.local/lib/python3.7/site-packages/airflow/example_dags/example_latest_only_with_trigger.py
[2023-03-01T15:38:14.111+0000] {processor.py:753} INFO - DAG(s) dict_keys(['latest_only_with_trigger']) retrieved from /home/airflow/.local/lib/python3.7/site-packages/airflow/example_dags/example_latest_only_with_trigger.py
[2023-03-01T15:38:14.132+0000] {logging_mixin.py:137} INFO - [2023-03-01T15:38:14.132+0000] {dag.py:2690} INFO - Sync 1 DAGs
[2023-03-01T15:38:14.154+0000] {logging_mixin.py:137} INFO - [2023-03-01T15:38:14.154+0000] {dag.py:3441} INFO - Setting next_dagrun for latest_only_with_trigger to 2023-03-01T11:38:14.154592+00:00, run_after=2023-03-01T15:38:14.154592+00:00
[2023-03-01T15:38:14.172+0000] {processor.py:175} INFO - Processing /home/airflow/.local/lib/python3.7/site-packages/airflow/example_dags/example_latest_only_with_trigger.py took 0.081 seconds
[2023-03-01T15:38:44.782+0000] {processor.py:153} INFO - Started process (PID=3644) to work on /home/airflow/.local/lib/python3.7/site-packages/airflow/example_dags/example_latest_only_with_trigger.py
[2023-03-01T15:38:44.782+0000] {processor.py:743} INFO - Processing file /home/airflow/.local/lib/python3.7/site-packages/airflow/example_dags/example_latest_only_with_trigger.py for tasks to queue
[2023-03-01T15:38:44.783+0000] {logging_mixin.py:137} INFO - [2023-03-01T15:38:44.783+0000] {dagbag.py:538} INFO - Filling up the DagBag from /home/airflow/.local/lib/python3.7/site-packages/airflow/example_dags/example_latest_only_with_trigger.py
[2023-03-01T15:38:44.794+0000] {processor.py:753} INFO - DAG(s) dict_keys(['latest_only_with_trigger']) retrieved from /home/airflow/.local/lib/python3.7/site-packages/airflow/example_dags/example_latest_only_with_trigger.py
[2023-03-01T15:38:44.816+0000] {logging_mixin.py:137} INFO - [2023-03-01T15:38:44.816+0000] {dag.py:2690} INFO - Sync 1 DAGs
[2023-03-01T15:38:44.837+0000] {logging_mixin.py:137} INFO - [2023-03-01T15:38:44.837+0000] {dag.py:3441} INFO - Setting next_dagrun for latest_only_with_trigger to 2023-03-01T11:38:44.837376+00:00, run_after=2023-03-01T15:38:44.837376+00:00
[2023-03-01T15:38:44.855+0000] {processor.py:175} INFO - Processing /home/airflow/.local/lib/python3.7/site-packages/airflow/example_dags/example_latest_only_with_trigger.py took 0.076 seconds
[2023-03-01T15:39:15.108+0000] {processor.py:153} INFO - Started process (PID=3744) to work on /home/airflow/.local/lib/python3.7/site-packages/airflow/example_dags/example_latest_only_with_trigger.py
[2023-03-01T15:39:15.115+0000] {processor.py:743} INFO - Processing file /home/airflow/.local/lib/python3.7/site-packages/airflow/example_dags/example_latest_only_with_trigger.py for tasks to queue
[2023-03-01T15:39:15.115+0000] {logging_mixin.py:137} INFO - [2023-03-01T15:39:15.115+0000] {dagbag.py:538} INFO - Filling up the DagBag from /home/airflow/.local/lib/python3.7/site-packages/airflow/example_dags/example_latest_only_with_trigger.py
[2023-03-01T15:39:15.126+0000] {processor.py:753} INFO - DAG(s) dict_keys(['latest_only_with_trigger']) retrieved from /home/airflow/.local/lib/python3.7/site-packages/airflow/example_dags/example_latest_only_with_trigger.py
[2023-03-01T15:39:15.148+0000] {logging_mixin.py:137} INFO - [2023-03-01T15:39:15.147+0000] {dag.py:2690} INFO - Sync 1 DAGs
[2023-03-01T15:39:15.172+0000] {logging_mixin.py:137} INFO - [2023-03-01T15:39:15.172+0000] {dag.py:3441} INFO - Setting next_dagrun for latest_only_with_trigger to 2023-03-01T11:39:15.172159+00:00, run_after=2023-03-01T15:39:15.172159+00:00
[2023-03-01T15:39:15.191+0000] {processor.py:175} INFO - Processing /home/airflow/.local/lib/python3.7/site-packages/airflow/example_dags/example_latest_only_with_trigger.py took 0.086 seconds
[2023-03-01T15:39:45.667+0000] {processor.py:153} INFO - Started process (PID=3829) to work on /home/airflow/.local/lib/python3.7/site-packages/airflow/example_dags/example_latest_only_with_trigger.py
[2023-03-01T15:39:45.673+0000] {processor.py:743} INFO - Processing file /home/airflow/.local/lib/python3.7/site-packages/airflow/example_dags/example_latest_only_with_trigger.py for tasks to queue
[2023-03-01T15:39:45.674+0000] {logging_mixin.py:137} INFO - [2023-03-01T15:39:45.673+0000] {dagbag.py:538} INFO - Filling up the DagBag from /home/airflow/.local/lib/python3.7/site-packages/airflow/example_dags/example_latest_only_with_trigger.py
[2023-03-01T15:39:45.686+0000] {processor.py:753} INFO - DAG(s) dict_keys(['latest_only_with_trigger']) retrieved from /home/airflow/.local/lib/python3.7/site-packages/airflow/example_dags/example_latest_only_with_trigger.py
[2023-03-01T15:39:45.709+0000] {logging_mixin.py:137} INFO - [2023-03-01T15:39:45.709+0000] {dag.py:2690} INFO - Sync 1 DAGs
[2023-03-01T15:39:45.732+0000] {logging_mixin.py:137} INFO - [2023-03-01T15:39:45.732+0000] {dag.py:3441} INFO - Setting next_dagrun for latest_only_with_trigger to 2023-03-01T11:39:45.732178+00:00, run_after=2023-03-01T15:39:45.732178+00:00
[2023-03-01T15:39:45.752+0000] {processor.py:175} INFO - Processing /home/airflow/.local/lib/python3.7/site-packages/airflow/example_dags/example_latest_only_with_trigger.py took 0.089 seconds
[2023-03-01T15:40:16.318+0000] {processor.py:153} INFO - Started process (PID=3922) to work on /home/airflow/.local/lib/python3.7/site-packages/airflow/example_dags/example_latest_only_with_trigger.py
[2023-03-01T15:40:16.325+0000] {processor.py:743} INFO - Processing file /home/airflow/.local/lib/python3.7/site-packages/airflow/example_dags/example_latest_only_with_trigger.py for tasks to queue
[2023-03-01T15:40:16.326+0000] {logging_mixin.py:137} INFO - [2023-03-01T15:40:16.326+0000] {dagbag.py:538} INFO - Filling up the DagBag from /home/airflow/.local/lib/python3.7/site-packages/airflow/example_dags/example_latest_only_with_trigger.py
[2023-03-01T15:40:16.336+0000] {processor.py:753} INFO - DAG(s) dict_keys(['latest_only_with_trigger']) retrieved from /home/airflow/.local/lib/python3.7/site-packages/airflow/example_dags/example_latest_only_with_trigger.py
[2023-03-01T15:40:16.357+0000] {logging_mixin.py:137} INFO - [2023-03-01T15:40:16.357+0000] {dag.py:2690} INFO - Sync 1 DAGs
[2023-03-01T15:40:16.381+0000] {logging_mixin.py:137} INFO - [2023-03-01T15:40:16.381+0000] {dag.py:3441} INFO - Setting next_dagrun for latest_only_with_trigger to 2023-03-01T11:40:16.381052+00:00, run_after=2023-03-01T15:40:16.381052+00:00
[2023-03-01T15:40:16.398+0000] {processor.py:175} INFO - Processing /home/airflow/.local/lib/python3.7/site-packages/airflow/example_dags/example_latest_only_with_trigger.py took 0.083 seconds
[2023-03-01T15:40:46.948+0000] {processor.py:153} INFO - Started process (PID=4010) to work on /home/airflow/.local/lib/python3.7/site-packages/airflow/example_dags/example_latest_only_with_trigger.py
[2023-03-01T15:40:46.949+0000] {processor.py:743} INFO - Processing file /home/airflow/.local/lib/python3.7/site-packages/airflow/example_dags/example_latest_only_with_trigger.py for tasks to queue
[2023-03-01T15:40:46.949+0000] {logging_mixin.py:137} INFO - [2023-03-01T15:40:46.949+0000] {dagbag.py:538} INFO - Filling up the DagBag from /home/airflow/.local/lib/python3.7/site-packages/airflow/example_dags/example_latest_only_with_trigger.py
[2023-03-01T15:40:46.969+0000] {processor.py:753} INFO - DAG(s) dict_keys(['latest_only_with_trigger']) retrieved from /home/airflow/.local/lib/python3.7/site-packages/airflow/example_dags/example_latest_only_with_trigger.py
[2023-03-01T15:40:47.001+0000] {logging_mixin.py:137} INFO - [2023-03-01T15:40:47.001+0000] {dag.py:2690} INFO - Sync 1 DAGs
[2023-03-01T15:40:47.045+0000] {logging_mixin.py:137} INFO - [2023-03-01T15:40:47.045+0000] {dag.py:3441} INFO - Setting next_dagrun for latest_only_with_trigger to 2023-03-01T11:40:47.045491+00:00, run_after=2023-03-01T15:40:47.045491+00:00
[2023-03-01T15:40:47.076+0000] {processor.py:175} INFO - Processing /home/airflow/.local/lib/python3.7/site-packages/airflow/example_dags/example_latest_only_with_trigger.py took 0.131 seconds
[2023-03-01T15:41:17.709+0000] {processor.py:153} INFO - Started process (PID=4100) to work on /home/airflow/.local/lib/python3.7/site-packages/airflow/example_dags/example_latest_only_with_trigger.py
[2023-03-01T15:41:17.716+0000] {processor.py:743} INFO - Processing file /home/airflow/.local/lib/python3.7/site-packages/airflow/example_dags/example_latest_only_with_trigger.py for tasks to queue
[2023-03-01T15:41:17.716+0000] {logging_mixin.py:137} INFO - [2023-03-01T15:41:17.716+0000] {dagbag.py:538} INFO - Filling up the DagBag from /home/airflow/.local/lib/python3.7/site-packages/airflow/example_dags/example_latest_only_with_trigger.py
[2023-03-01T15:41:17.728+0000] {processor.py:753} INFO - DAG(s) dict_keys(['latest_only_with_trigger']) retrieved from /home/airflow/.local/lib/python3.7/site-packages/airflow/example_dags/example_latest_only_with_trigger.py
[2023-03-01T15:41:17.749+0000] {logging_mixin.py:137} INFO - [2023-03-01T15:41:17.749+0000] {dag.py:2690} INFO - Sync 1 DAGs
[2023-03-01T15:41:17.772+0000] {logging_mixin.py:137} INFO - [2023-03-01T15:41:17.772+0000] {dag.py:3441} INFO - Setting next_dagrun for latest_only_with_trigger to 2023-03-01T11:41:17.771982+00:00, run_after=2023-03-01T15:41:17.771982+00:00
[2023-03-01T15:41:17.790+0000] {processor.py:175} INFO - Processing /home/airflow/.local/lib/python3.7/site-packages/airflow/example_dags/example_latest_only_with_trigger.py took 0.084 seconds
[2023-03-01T15:41:48.238+0000] {processor.py:153} INFO - Started process (PID=4199) to work on /home/airflow/.local/lib/python3.7/site-packages/airflow/example_dags/example_latest_only_with_trigger.py
[2023-03-01T15:41:48.245+0000] {processor.py:743} INFO - Processing file /home/airflow/.local/lib/python3.7/site-packages/airflow/example_dags/example_latest_only_with_trigger.py for tasks to queue
[2023-03-01T15:41:48.246+0000] {logging_mixin.py:137} INFO - [2023-03-01T15:41:48.246+0000] {dagbag.py:538} INFO - Filling up the DagBag from /home/airflow/.local/lib/python3.7/site-packages/airflow/example_dags/example_latest_only_with_trigger.py
[2023-03-01T15:41:48.260+0000] {processor.py:753} INFO - DAG(s) dict_keys(['latest_only_with_trigger']) retrieved from /home/airflow/.local/lib/python3.7/site-packages/airflow/example_dags/example_latest_only_with_trigger.py
[2023-03-01T15:41:48.333+0000] {logging_mixin.py:137} INFO - [2023-03-01T15:41:48.332+0000] {dag.py:2690} INFO - Sync 1 DAGs
[2023-03-01T15:41:48.358+0000] {logging_mixin.py:137} INFO - [2023-03-01T15:41:48.358+0000] {dag.py:3441} INFO - Setting next_dagrun for latest_only_with_trigger to 2023-03-01T11:41:48.358570+00:00, run_after=2023-03-01T15:41:48.358570+00:00
[2023-03-01T15:41:48.384+0000] {processor.py:175} INFO - Processing /home/airflow/.local/lib/python3.7/site-packages/airflow/example_dags/example_latest_only_with_trigger.py took 0.149 seconds
[2023-03-01T15:42:18.961+0000] {processor.py:153} INFO - Started process (PID=4278) to work on /home/airflow/.local/lib/python3.7/site-packages/airflow/example_dags/example_latest_only_with_trigger.py
[2023-03-01T15:42:18.968+0000] {processor.py:743} INFO - Processing file /home/airflow/.local/lib/python3.7/site-packages/airflow/example_dags/example_latest_only_with_trigger.py for tasks to queue
[2023-03-01T15:42:18.969+0000] {logging_mixin.py:137} INFO - [2023-03-01T15:42:18.969+0000] {dagbag.py:538} INFO - Filling up the DagBag from /home/airflow/.local/lib/python3.7/site-packages/airflow/example_dags/example_latest_only_with_trigger.py
[2023-03-01T15:42:18.980+0000] {processor.py:753} INFO - DAG(s) dict_keys(['latest_only_with_trigger']) retrieved from /home/airflow/.local/lib/python3.7/site-packages/airflow/example_dags/example_latest_only_with_trigger.py
[2023-03-01T15:42:19.000+0000] {logging_mixin.py:137} INFO - [2023-03-01T15:42:19.000+0000] {dag.py:2690} INFO - Sync 1 DAGs
[2023-03-01T15:42:19.023+0000] {logging_mixin.py:137} INFO - [2023-03-01T15:42:19.023+0000] {dag.py:3441} INFO - Setting next_dagrun for latest_only_with_trigger to 2023-03-01T11:42:19.022932+00:00, run_after=2023-03-01T15:42:19.022932+00:00
[2023-03-01T15:42:19.041+0000] {processor.py:175} INFO - Processing /home/airflow/.local/lib/python3.7/site-packages/airflow/example_dags/example_latest_only_with_trigger.py took 0.082 seconds
[2023-03-01T15:42:49.901+0000] {processor.py:153} INFO - Started process (PID=4377) to work on /home/airflow/.local/lib/python3.7/site-packages/airflow/example_dags/example_latest_only_with_trigger.py
[2023-03-01T15:42:49.902+0000] {processor.py:743} INFO - Processing file /home/airflow/.local/lib/python3.7/site-packages/airflow/example_dags/example_latest_only_with_trigger.py for tasks to queue
[2023-03-01T15:42:49.903+0000] {logging_mixin.py:137} INFO - [2023-03-01T15:42:49.903+0000] {dagbag.py:538} INFO - Filling up the DagBag from /home/airflow/.local/lib/python3.7/site-packages/airflow/example_dags/example_latest_only_with_trigger.py
[2023-03-01T15:42:49.915+0000] {processor.py:753} INFO - DAG(s) dict_keys(['latest_only_with_trigger']) retrieved from /home/airflow/.local/lib/python3.7/site-packages/airflow/example_dags/example_latest_only_with_trigger.py
[2023-03-01T15:42:49.939+0000] {logging_mixin.py:137} INFO - [2023-03-01T15:42:49.939+0000] {dag.py:2690} INFO - Sync 1 DAGs
[2023-03-01T15:42:49.963+0000] {logging_mixin.py:137} INFO - [2023-03-01T15:42:49.963+0000] {dag.py:3441} INFO - Setting next_dagrun for latest_only_with_trigger to 2023-03-01T11:42:49.963467+00:00, run_after=2023-03-01T15:42:49.963467+00:00
[2023-03-01T15:42:49.987+0000] {processor.py:175} INFO - Processing /home/airflow/.local/lib/python3.7/site-packages/airflow/example_dags/example_latest_only_with_trigger.py took 0.088 seconds
[2023-03-01T15:43:20.087+0000] {processor.py:153} INFO - Started process (PID=4456) to work on /home/airflow/.local/lib/python3.7/site-packages/airflow/example_dags/example_latest_only_with_trigger.py
[2023-03-01T15:43:20.094+0000] {processor.py:743} INFO - Processing file /home/airflow/.local/lib/python3.7/site-packages/airflow/example_dags/example_latest_only_with_trigger.py for tasks to queue
[2023-03-01T15:43:20.095+0000] {logging_mixin.py:137} INFO - [2023-03-01T15:43:20.094+0000] {dagbag.py:538} INFO - Filling up the DagBag from /home/airflow/.local/lib/python3.7/site-packages/airflow/example_dags/example_latest_only_with_trigger.py
[2023-03-01T15:43:20.113+0000] {processor.py:753} INFO - DAG(s) dict_keys(['latest_only_with_trigger']) retrieved from /home/airflow/.local/lib/python3.7/site-packages/airflow/example_dags/example_latest_only_with_trigger.py
[2023-03-01T15:43:20.142+0000] {logging_mixin.py:137} INFO - [2023-03-01T15:43:20.141+0000] {dag.py:2690} INFO - Sync 1 DAGs
[2023-03-01T15:43:20.171+0000] {logging_mixin.py:137} INFO - [2023-03-01T15:43:20.170+0000] {dag.py:3441} INFO - Setting next_dagrun for latest_only_with_trigger to 2023-03-01T11:43:20.170611+00:00, run_after=2023-03-01T15:43:20.170611+00:00
[2023-03-01T15:43:20.199+0000] {processor.py:175} INFO - Processing /home/airflow/.local/lib/python3.7/site-packages/airflow/example_dags/example_latest_only_with_trigger.py took 0.116 seconds
[2023-03-01T20:03:09.242+0000] {processor.py:153} INFO - Started process (PID=69) to work on /home/airflow/.local/lib/python3.7/site-packages/airflow/example_dags/example_latest_only_with_trigger.py
[2023-03-01T20:03:09.243+0000] {processor.py:743} INFO - Processing file /home/airflow/.local/lib/python3.7/site-packages/airflow/example_dags/example_latest_only_with_trigger.py for tasks to queue
[2023-03-01T20:03:09.244+0000] {logging_mixin.py:137} INFO - [2023-03-01T20:03:09.244+0000] {dagbag.py:538} INFO - Filling up the DagBag from /home/airflow/.local/lib/python3.7/site-packages/airflow/example_dags/example_latest_only_with_trigger.py
[2023-03-01T20:03:09.263+0000] {processor.py:753} INFO - DAG(s) dict_keys(['latest_only_with_trigger']) retrieved from /home/airflow/.local/lib/python3.7/site-packages/airflow/example_dags/example_latest_only_with_trigger.py
[2023-03-01T20:03:09.283+0000] {logging_mixin.py:137} INFO - [2023-03-01T20:03:09.283+0000] {dag.py:2690} INFO - Sync 1 DAGs
[2023-03-01T20:03:09.314+0000] {logging_mixin.py:137} INFO - [2023-03-01T20:03:09.313+0000] {dag.py:3441} INFO - Setting next_dagrun for latest_only_with_trigger to 2023-03-01T16:03:09.313587+00:00, run_after=2023-03-01T20:03:09.313587+00:00
[2023-03-01T20:03:09.345+0000] {processor.py:175} INFO - Processing /home/airflow/.local/lib/python3.7/site-packages/airflow/example_dags/example_latest_only_with_trigger.py took 0.105 seconds
[2023-03-01T20:03:40.328+0000] {processor.py:153} INFO - Started process (PID=161) to work on /home/airflow/.local/lib/python3.7/site-packages/airflow/example_dags/example_latest_only_with_trigger.py
[2023-03-01T20:03:40.328+0000] {processor.py:743} INFO - Processing file /home/airflow/.local/lib/python3.7/site-packages/airflow/example_dags/example_latest_only_with_trigger.py for tasks to queue
[2023-03-01T20:03:40.329+0000] {logging_mixin.py:137} INFO - [2023-03-01T20:03:40.329+0000] {dagbag.py:538} INFO - Filling up the DagBag from /home/airflow/.local/lib/python3.7/site-packages/airflow/example_dags/example_latest_only_with_trigger.py
[2023-03-01T20:03:40.340+0000] {processor.py:753} INFO - DAG(s) dict_keys(['latest_only_with_trigger']) retrieved from /home/airflow/.local/lib/python3.7/site-packages/airflow/example_dags/example_latest_only_with_trigger.py
[2023-03-01T20:03:40.361+0000] {logging_mixin.py:137} INFO - [2023-03-01T20:03:40.361+0000] {dag.py:2690} INFO - Sync 1 DAGs
[2023-03-01T20:03:40.384+0000] {logging_mixin.py:137} INFO - [2023-03-01T20:03:40.384+0000] {dag.py:3441} INFO - Setting next_dagrun for latest_only_with_trigger to 2023-03-01T16:03:40.383926+00:00, run_after=2023-03-01T20:03:40.383926+00:00
[2023-03-01T20:03:40.401+0000] {processor.py:175} INFO - Processing /home/airflow/.local/lib/python3.7/site-packages/airflow/example_dags/example_latest_only_with_trigger.py took 0.075 seconds
[2023-03-01T20:04:11.049+0000] {processor.py:153} INFO - Started process (PID=240) to work on /home/airflow/.local/lib/python3.7/site-packages/airflow/example_dags/example_latest_only_with_trigger.py
[2023-03-01T20:04:11.050+0000] {processor.py:743} INFO - Processing file /home/airflow/.local/lib/python3.7/site-packages/airflow/example_dags/example_latest_only_with_trigger.py for tasks to queue
[2023-03-01T20:04:11.050+0000] {logging_mixin.py:137} INFO - [2023-03-01T20:04:11.050+0000] {dagbag.py:538} INFO - Filling up the DagBag from /home/airflow/.local/lib/python3.7/site-packages/airflow/example_dags/example_latest_only_with_trigger.py
[2023-03-01T20:04:11.061+0000] {processor.py:753} INFO - DAG(s) dict_keys(['latest_only_with_trigger']) retrieved from /home/airflow/.local/lib/python3.7/site-packages/airflow/example_dags/example_latest_only_with_trigger.py
[2023-03-01T20:04:11.081+0000] {logging_mixin.py:137} INFO - [2023-03-01T20:04:11.081+0000] {dag.py:2690} INFO - Sync 1 DAGs
[2023-03-01T20:04:11.104+0000] {logging_mixin.py:137} INFO - [2023-03-01T20:04:11.103+0000] {dag.py:3441} INFO - Setting next_dagrun for latest_only_with_trigger to 2023-03-01T16:04:11.103709+00:00, run_after=2023-03-01T20:04:11.103709+00:00
[2023-03-01T20:04:11.121+0000] {processor.py:175} INFO - Processing /home/airflow/.local/lib/python3.7/site-packages/airflow/example_dags/example_latest_only_with_trigger.py took 0.074 seconds
[2023-03-01T20:04:41.433+0000] {processor.py:153} INFO - Started process (PID=339) to work on /home/airflow/.local/lib/python3.7/site-packages/airflow/example_dags/example_latest_only_with_trigger.py
[2023-03-01T20:04:41.434+0000] {processor.py:743} INFO - Processing file /home/airflow/.local/lib/python3.7/site-packages/airflow/example_dags/example_latest_only_with_trigger.py for tasks to queue
[2023-03-01T20:04:41.434+0000] {logging_mixin.py:137} INFO - [2023-03-01T20:04:41.434+0000] {dagbag.py:538} INFO - Filling up the DagBag from /home/airflow/.local/lib/python3.7/site-packages/airflow/example_dags/example_latest_only_with_trigger.py
[2023-03-01T20:04:41.445+0000] {processor.py:753} INFO - DAG(s) dict_keys(['latest_only_with_trigger']) retrieved from /home/airflow/.local/lib/python3.7/site-packages/airflow/example_dags/example_latest_only_with_trigger.py
[2023-03-01T20:04:41.465+0000] {logging_mixin.py:137} INFO - [2023-03-01T20:04:41.465+0000] {dag.py:2690} INFO - Sync 1 DAGs
[2023-03-01T20:04:41.486+0000] {logging_mixin.py:137} INFO - [2023-03-01T20:04:41.486+0000] {dag.py:3441} INFO - Setting next_dagrun for latest_only_with_trigger to 2023-03-01T16:04:41.486611+00:00, run_after=2023-03-01T20:04:41.486611+00:00
[2023-03-01T20:04:41.503+0000] {processor.py:175} INFO - Processing /home/airflow/.local/lib/python3.7/site-packages/airflow/example_dags/example_latest_only_with_trigger.py took 0.072 seconds
[2023-03-01T20:05:11.980+0000] {processor.py:153} INFO - Started process (PID=418) to work on /home/airflow/.local/lib/python3.7/site-packages/airflow/example_dags/example_latest_only_with_trigger.py
[2023-03-01T20:05:11.980+0000] {processor.py:743} INFO - Processing file /home/airflow/.local/lib/python3.7/site-packages/airflow/example_dags/example_latest_only_with_trigger.py for tasks to queue
[2023-03-01T20:05:11.981+0000] {logging_mixin.py:137} INFO - [2023-03-01T20:05:11.981+0000] {dagbag.py:538} INFO - Filling up the DagBag from /home/airflow/.local/lib/python3.7/site-packages/airflow/example_dags/example_latest_only_with_trigger.py
[2023-03-01T20:05:11.991+0000] {processor.py:753} INFO - DAG(s) dict_keys(['latest_only_with_trigger']) retrieved from /home/airflow/.local/lib/python3.7/site-packages/airflow/example_dags/example_latest_only_with_trigger.py
[2023-03-01T20:05:12.016+0000] {logging_mixin.py:137} INFO - [2023-03-01T20:05:12.016+0000] {dag.py:2690} INFO - Sync 1 DAGs
[2023-03-01T20:05:12.040+0000] {logging_mixin.py:137} INFO - [2023-03-01T20:05:12.039+0000] {dag.py:3441} INFO - Setting next_dagrun for latest_only_with_trigger to 2023-03-01T16:05:12.039810+00:00, run_after=2023-03-01T20:05:12.039810+00:00
[2023-03-01T20:05:12.058+0000] {processor.py:175} INFO - Processing /home/airflow/.local/lib/python3.7/site-packages/airflow/example_dags/example_latest_only_with_trigger.py took 0.081 seconds
[2023-03-01T20:05:42.381+0000] {processor.py:153} INFO - Started process (PID=517) to work on /home/airflow/.local/lib/python3.7/site-packages/airflow/example_dags/example_latest_only_with_trigger.py
[2023-03-01T20:05:42.382+0000] {processor.py:743} INFO - Processing file /home/airflow/.local/lib/python3.7/site-packages/airflow/example_dags/example_latest_only_with_trigger.py for tasks to queue
[2023-03-01T20:05:42.382+0000] {logging_mixin.py:137} INFO - [2023-03-01T20:05:42.382+0000] {dagbag.py:538} INFO - Filling up the DagBag from /home/airflow/.local/lib/python3.7/site-packages/airflow/example_dags/example_latest_only_with_trigger.py
[2023-03-01T20:05:42.392+0000] {processor.py:753} INFO - DAG(s) dict_keys(['latest_only_with_trigger']) retrieved from /home/airflow/.local/lib/python3.7/site-packages/airflow/example_dags/example_latest_only_with_trigger.py
[2023-03-01T20:05:42.414+0000] {logging_mixin.py:137} INFO - [2023-03-01T20:05:42.414+0000] {dag.py:2690} INFO - Sync 1 DAGs
[2023-03-01T20:05:42.437+0000] {logging_mixin.py:137} INFO - [2023-03-01T20:05:42.437+0000] {dag.py:3441} INFO - Setting next_dagrun for latest_only_with_trigger to 2023-03-01T16:05:42.437306+00:00, run_after=2023-03-01T20:05:42.437306+00:00
[2023-03-01T20:05:42.455+0000] {processor.py:175} INFO - Processing /home/airflow/.local/lib/python3.7/site-packages/airflow/example_dags/example_latest_only_with_trigger.py took 0.075 seconds
[2023-03-01T20:06:13.054+0000] {processor.py:153} INFO - Started process (PID=596) to work on /home/airflow/.local/lib/python3.7/site-packages/airflow/example_dags/example_latest_only_with_trigger.py
[2023-03-01T20:06:13.055+0000] {processor.py:743} INFO - Processing file /home/airflow/.local/lib/python3.7/site-packages/airflow/example_dags/example_latest_only_with_trigger.py for tasks to queue
[2023-03-01T20:06:13.055+0000] {logging_mixin.py:137} INFO - [2023-03-01T20:06:13.055+0000] {dagbag.py:538} INFO - Filling up the DagBag from /home/airflow/.local/lib/python3.7/site-packages/airflow/example_dags/example_latest_only_with_trigger.py
[2023-03-01T20:06:13.065+0000] {processor.py:753} INFO - DAG(s) dict_keys(['latest_only_with_trigger']) retrieved from /home/airflow/.local/lib/python3.7/site-packages/airflow/example_dags/example_latest_only_with_trigger.py
[2023-03-01T20:06:13.086+0000] {logging_mixin.py:137} INFO - [2023-03-01T20:06:13.086+0000] {dag.py:2690} INFO - Sync 1 DAGs
[2023-03-01T20:06:13.109+0000] {logging_mixin.py:137} INFO - [2023-03-01T20:06:13.109+0000] {dag.py:3441} INFO - Setting next_dagrun for latest_only_with_trigger to 2023-03-01T16:06:13.109300+00:00, run_after=2023-03-01T20:06:13.109300+00:00
[2023-03-01T20:06:13.128+0000] {processor.py:175} INFO - Processing /home/airflow/.local/lib/python3.7/site-packages/airflow/example_dags/example_latest_only_with_trigger.py took 0.076 seconds
[2023-03-01T20:06:43.506+0000] {processor.py:153} INFO - Started process (PID=695) to work on /home/airflow/.local/lib/python3.7/site-packages/airflow/example_dags/example_latest_only_with_trigger.py
[2023-03-01T20:06:43.507+0000] {processor.py:743} INFO - Processing file /home/airflow/.local/lib/python3.7/site-packages/airflow/example_dags/example_latest_only_with_trigger.py for tasks to queue
[2023-03-01T20:06:43.507+0000] {logging_mixin.py:137} INFO - [2023-03-01T20:06:43.507+0000] {dagbag.py:538} INFO - Filling up the DagBag from /home/airflow/.local/lib/python3.7/site-packages/airflow/example_dags/example_latest_only_with_trigger.py
[2023-03-01T20:06:43.517+0000] {processor.py:753} INFO - DAG(s) dict_keys(['latest_only_with_trigger']) retrieved from /home/airflow/.local/lib/python3.7/site-packages/airflow/example_dags/example_latest_only_with_trigger.py
[2023-03-01T20:06:43.538+0000] {logging_mixin.py:137} INFO - [2023-03-01T20:06:43.538+0000] {dag.py:2690} INFO - Sync 1 DAGs
[2023-03-01T20:06:43.560+0000] {logging_mixin.py:137} INFO - [2023-03-01T20:06:43.560+0000] {dag.py:3441} INFO - Setting next_dagrun for latest_only_with_trigger to 2023-03-01T16:06:43.560300+00:00, run_after=2023-03-01T20:06:43.560300+00:00
[2023-03-01T20:06:43.578+0000] {processor.py:175} INFO - Processing /home/airflow/.local/lib/python3.7/site-packages/airflow/example_dags/example_latest_only_with_trigger.py took 0.074 seconds
[2023-03-01T20:07:14.091+0000] {processor.py:153} INFO - Started process (PID=783) to work on /home/airflow/.local/lib/python3.7/site-packages/airflow/example_dags/example_latest_only_with_trigger.py
[2023-03-01T20:07:14.091+0000] {processor.py:743} INFO - Processing file /home/airflow/.local/lib/python3.7/site-packages/airflow/example_dags/example_latest_only_with_trigger.py for tasks to queue
[2023-03-01T20:07:14.092+0000] {logging_mixin.py:137} INFO - [2023-03-01T20:07:14.092+0000] {dagbag.py:538} INFO - Filling up the DagBag from /home/airflow/.local/lib/python3.7/site-packages/airflow/example_dags/example_latest_only_with_trigger.py
[2023-03-01T20:07:14.103+0000] {processor.py:753} INFO - DAG(s) dict_keys(['latest_only_with_trigger']) retrieved from /home/airflow/.local/lib/python3.7/site-packages/airflow/example_dags/example_latest_only_with_trigger.py
[2023-03-01T20:07:14.125+0000] {logging_mixin.py:137} INFO - [2023-03-01T20:07:14.125+0000] {dag.py:2690} INFO - Sync 1 DAGs
[2023-03-01T20:07:14.147+0000] {logging_mixin.py:137} INFO - [2023-03-01T20:07:14.147+0000] {dag.py:3441} INFO - Setting next_dagrun for latest_only_with_trigger to 2023-03-01T16:07:14.147236+00:00, run_after=2023-03-01T20:07:14.147236+00:00
[2023-03-01T20:07:14.166+0000] {processor.py:175} INFO - Processing /home/airflow/.local/lib/python3.7/site-packages/airflow/example_dags/example_latest_only_with_trigger.py took 0.079 seconds
[2023-03-01T20:07:44.892+0000] {processor.py:153} INFO - Started process (PID=873) to work on /home/airflow/.local/lib/python3.7/site-packages/airflow/example_dags/example_latest_only_with_trigger.py
[2023-03-01T20:07:44.893+0000] {processor.py:743} INFO - Processing file /home/airflow/.local/lib/python3.7/site-packages/airflow/example_dags/example_latest_only_with_trigger.py for tasks to queue
[2023-03-01T20:07:44.893+0000] {logging_mixin.py:137} INFO - [2023-03-01T20:07:44.893+0000] {dagbag.py:538} INFO - Filling up the DagBag from /home/airflow/.local/lib/python3.7/site-packages/airflow/example_dags/example_latest_only_with_trigger.py
[2023-03-01T20:07:44.903+0000] {processor.py:753} INFO - DAG(s) dict_keys(['latest_only_with_trigger']) retrieved from /home/airflow/.local/lib/python3.7/site-packages/airflow/example_dags/example_latest_only_with_trigger.py
[2023-03-01T20:07:44.925+0000] {logging_mixin.py:137} INFO - [2023-03-01T20:07:44.925+0000] {dag.py:2690} INFO - Sync 1 DAGs
[2023-03-01T20:07:44.949+0000] {logging_mixin.py:137} INFO - [2023-03-01T20:07:44.948+0000] {dag.py:3441} INFO - Setting next_dagrun for latest_only_with_trigger to 2023-03-01T16:07:44.948697+00:00, run_after=2023-03-01T20:07:44.948697+00:00
[2023-03-01T20:07:44.972+0000] {processor.py:175} INFO - Processing /home/airflow/.local/lib/python3.7/site-packages/airflow/example_dags/example_latest_only_with_trigger.py took 0.082 seconds
