[2023-03-01T15:18:18.192+0000] {processor.py:153} INFO - Started process (PID=64) to work on /home/airflow/.local/lib/python3.7/site-packages/airflow/example_dags/example_sensors.py
[2023-03-01T15:18:18.193+0000] {processor.py:743} INFO - Processing file /home/airflow/.local/lib/python3.7/site-packages/airflow/example_dags/example_sensors.py for tasks to queue
[2023-03-01T15:18:18.194+0000] {logging_mixin.py:137} INFO - [2023-03-01T15:18:18.194+0000] {dagbag.py:538} INFO - Filling up the DagBag from /home/airflow/.local/lib/python3.7/site-packages/airflow/example_dags/example_sensors.py
[2023-03-01T15:18:18.220+0000] {processor.py:753} INFO - DAG(s) dict_keys(['example_sensors']) retrieved from /home/airflow/.local/lib/python3.7/site-packages/airflow/example_dags/example_sensors.py
[2023-03-01T15:18:18.234+0000] {logging_mixin.py:137} INFO - [2023-03-01T15:18:18.233+0000] {dag.py:2690} INFO - Sync 1 DAGs
[2023-03-01T15:18:18.262+0000] {logging_mixin.py:137} INFO - [2023-03-01T15:18:18.261+0000] {dag.py:3441} INFO - Setting next_dagrun for example_sensors to None, run_after=None
[2023-03-01T15:18:18.284+0000] {processor.py:175} INFO - Processing /home/airflow/.local/lib/python3.7/site-packages/airflow/example_dags/example_sensors.py took 0.094 seconds
[2023-03-01T15:18:48.491+0000] {processor.py:153} INFO - Started process (PID=154) to work on /home/airflow/.local/lib/python3.7/site-packages/airflow/example_dags/example_sensors.py
[2023-03-01T15:18:48.492+0000] {processor.py:743} INFO - Processing file /home/airflow/.local/lib/python3.7/site-packages/airflow/example_dags/example_sensors.py for tasks to queue
[2023-03-01T15:18:48.492+0000] {logging_mixin.py:137} INFO - [2023-03-01T15:18:48.492+0000] {dagbag.py:538} INFO - Filling up the DagBag from /home/airflow/.local/lib/python3.7/site-packages/airflow/example_dags/example_sensors.py
[2023-03-01T15:18:48.508+0000] {processor.py:753} INFO - DAG(s) dict_keys(['example_sensors']) retrieved from /home/airflow/.local/lib/python3.7/site-packages/airflow/example_dags/example_sensors.py
[2023-03-01T15:18:48.530+0000] {logging_mixin.py:137} INFO - [2023-03-01T15:18:48.530+0000] {dag.py:2690} INFO - Sync 1 DAGs
[2023-03-01T15:18:48.550+0000] {logging_mixin.py:137} INFO - [2023-03-01T15:18:48.550+0000] {dag.py:3441} INFO - Setting next_dagrun for example_sensors to None, run_after=None
[2023-03-01T15:18:48.568+0000] {processor.py:175} INFO - Processing /home/airflow/.local/lib/python3.7/site-packages/airflow/example_dags/example_sensors.py took 0.079 seconds
[2023-03-01T15:19:19.126+0000] {processor.py:153} INFO - Started process (PID=233) to work on /home/airflow/.local/lib/python3.7/site-packages/airflow/example_dags/example_sensors.py
[2023-03-01T15:19:19.127+0000] {processor.py:743} INFO - Processing file /home/airflow/.local/lib/python3.7/site-packages/airflow/example_dags/example_sensors.py for tasks to queue
[2023-03-01T15:19:19.127+0000] {logging_mixin.py:137} INFO - [2023-03-01T15:19:19.127+0000] {dagbag.py:538} INFO - Filling up the DagBag from /home/airflow/.local/lib/python3.7/site-packages/airflow/example_dags/example_sensors.py
[2023-03-01T15:19:19.141+0000] {processor.py:753} INFO - DAG(s) dict_keys(['example_sensors']) retrieved from /home/airflow/.local/lib/python3.7/site-packages/airflow/example_dags/example_sensors.py
[2023-03-01T15:19:19.165+0000] {logging_mixin.py:137} INFO - [2023-03-01T15:19:19.165+0000] {dag.py:2690} INFO - Sync 1 DAGs
[2023-03-01T15:19:19.188+0000] {logging_mixin.py:137} INFO - [2023-03-01T15:19:19.188+0000] {dag.py:3441} INFO - Setting next_dagrun for example_sensors to None, run_after=None
[2023-03-01T15:19:19.209+0000] {processor.py:175} INFO - Processing /home/airflow/.local/lib/python3.7/site-packages/airflow/example_dags/example_sensors.py took 0.085 seconds
[2023-03-01T15:19:50.232+0000] {processor.py:153} INFO - Started process (PID=332) to work on /home/airflow/.local/lib/python3.7/site-packages/airflow/example_dags/example_sensors.py
[2023-03-01T15:19:50.232+0000] {processor.py:743} INFO - Processing file /home/airflow/.local/lib/python3.7/site-packages/airflow/example_dags/example_sensors.py for tasks to queue
[2023-03-01T15:19:50.233+0000] {logging_mixin.py:137} INFO - [2023-03-01T15:19:50.233+0000] {dagbag.py:538} INFO - Filling up the DagBag from /home/airflow/.local/lib/python3.7/site-packages/airflow/example_dags/example_sensors.py
[2023-03-01T15:19:50.250+0000] {processor.py:753} INFO - DAG(s) dict_keys(['example_sensors']) retrieved from /home/airflow/.local/lib/python3.7/site-packages/airflow/example_dags/example_sensors.py
[2023-03-01T15:19:50.276+0000] {logging_mixin.py:137} INFO - [2023-03-01T15:19:50.276+0000] {dag.py:2690} INFO - Sync 1 DAGs
[2023-03-01T15:19:50.299+0000] {logging_mixin.py:137} INFO - [2023-03-01T15:19:50.298+0000] {dag.py:3441} INFO - Setting next_dagrun for example_sensors to None, run_after=None
[2023-03-01T15:19:50.317+0000] {processor.py:175} INFO - Processing /home/airflow/.local/lib/python3.7/site-packages/airflow/example_dags/example_sensors.py took 0.088 seconds
[2023-03-01T15:20:20.808+0000] {processor.py:153} INFO - Started process (PID=411) to work on /home/airflow/.local/lib/python3.7/site-packages/airflow/example_dags/example_sensors.py
[2023-03-01T15:20:20.809+0000] {processor.py:743} INFO - Processing file /home/airflow/.local/lib/python3.7/site-packages/airflow/example_dags/example_sensors.py for tasks to queue
[2023-03-01T15:20:20.810+0000] {logging_mixin.py:137} INFO - [2023-03-01T15:20:20.810+0000] {dagbag.py:538} INFO - Filling up the DagBag from /home/airflow/.local/lib/python3.7/site-packages/airflow/example_dags/example_sensors.py
[2023-03-01T15:20:20.824+0000] {processor.py:753} INFO - DAG(s) dict_keys(['example_sensors']) retrieved from /home/airflow/.local/lib/python3.7/site-packages/airflow/example_dags/example_sensors.py
[2023-03-01T15:20:20.848+0000] {logging_mixin.py:137} INFO - [2023-03-01T15:20:20.847+0000] {dag.py:2690} INFO - Sync 1 DAGs
[2023-03-01T15:20:20.872+0000] {logging_mixin.py:137} INFO - [2023-03-01T15:20:20.872+0000] {dag.py:3441} INFO - Setting next_dagrun for example_sensors to None, run_after=None
[2023-03-01T15:20:20.892+0000] {processor.py:175} INFO - Processing /home/airflow/.local/lib/python3.7/site-packages/airflow/example_dags/example_sensors.py took 0.085 seconds
[2023-03-01T15:20:51.742+0000] {processor.py:153} INFO - Started process (PID=510) to work on /home/airflow/.local/lib/python3.7/site-packages/airflow/example_dags/example_sensors.py
[2023-03-01T15:20:51.742+0000] {processor.py:743} INFO - Processing file /home/airflow/.local/lib/python3.7/site-packages/airflow/example_dags/example_sensors.py for tasks to queue
[2023-03-01T15:20:51.743+0000] {logging_mixin.py:137} INFO - [2023-03-01T15:20:51.743+0000] {dagbag.py:538} INFO - Filling up the DagBag from /home/airflow/.local/lib/python3.7/site-packages/airflow/example_dags/example_sensors.py
[2023-03-01T15:20:51.758+0000] {processor.py:753} INFO - DAG(s) dict_keys(['example_sensors']) retrieved from /home/airflow/.local/lib/python3.7/site-packages/airflow/example_dags/example_sensors.py
[2023-03-01T15:20:51.782+0000] {logging_mixin.py:137} INFO - [2023-03-01T15:20:51.781+0000] {dag.py:2690} INFO - Sync 1 DAGs
[2023-03-01T15:20:51.805+0000] {logging_mixin.py:137} INFO - [2023-03-01T15:20:51.805+0000] {dag.py:3441} INFO - Setting next_dagrun for example_sensors to None, run_after=None
[2023-03-01T15:20:51.824+0000] {processor.py:175} INFO - Processing /home/airflow/.local/lib/python3.7/site-packages/airflow/example_dags/example_sensors.py took 0.084 seconds
[2023-03-01T15:21:22.203+0000] {processor.py:153} INFO - Started process (PID=598) to work on /home/airflow/.local/lib/python3.7/site-packages/airflow/example_dags/example_sensors.py
[2023-03-01T15:21:22.203+0000] {processor.py:743} INFO - Processing file /home/airflow/.local/lib/python3.7/site-packages/airflow/example_dags/example_sensors.py for tasks to queue
[2023-03-01T15:21:22.204+0000] {logging_mixin.py:137} INFO - [2023-03-01T15:21:22.204+0000] {dagbag.py:538} INFO - Filling up the DagBag from /home/airflow/.local/lib/python3.7/site-packages/airflow/example_dags/example_sensors.py
[2023-03-01T15:21:22.219+0000] {processor.py:753} INFO - DAG(s) dict_keys(['example_sensors']) retrieved from /home/airflow/.local/lib/python3.7/site-packages/airflow/example_dags/example_sensors.py
[2023-03-01T15:21:22.248+0000] {logging_mixin.py:137} INFO - [2023-03-01T15:21:22.247+0000] {dag.py:2690} INFO - Sync 1 DAGs
[2023-03-01T15:21:22.271+0000] {logging_mixin.py:137} INFO - [2023-03-01T15:21:22.271+0000] {dag.py:3441} INFO - Setting next_dagrun for example_sensors to None, run_after=None
[2023-03-01T15:21:22.291+0000] {processor.py:175} INFO - Processing /home/airflow/.local/lib/python3.7/site-packages/airflow/example_dags/example_sensors.py took 0.090 seconds
[2023-03-01T15:21:52.565+0000] {processor.py:153} INFO - Started process (PID=689) to work on /home/airflow/.local/lib/python3.7/site-packages/airflow/example_dags/example_sensors.py
[2023-03-01T15:21:52.565+0000] {processor.py:743} INFO - Processing file /home/airflow/.local/lib/python3.7/site-packages/airflow/example_dags/example_sensors.py for tasks to queue
[2023-03-01T15:21:52.566+0000] {logging_mixin.py:137} INFO - [2023-03-01T15:21:52.566+0000] {dagbag.py:538} INFO - Filling up the DagBag from /home/airflow/.local/lib/python3.7/site-packages/airflow/example_dags/example_sensors.py
[2023-03-01T15:21:52.581+0000] {processor.py:753} INFO - DAG(s) dict_keys(['example_sensors']) retrieved from /home/airflow/.local/lib/python3.7/site-packages/airflow/example_dags/example_sensors.py
[2023-03-01T15:21:52.604+0000] {logging_mixin.py:137} INFO - [2023-03-01T15:21:52.604+0000] {dag.py:2690} INFO - Sync 1 DAGs
[2023-03-01T15:21:52.627+0000] {logging_mixin.py:137} INFO - [2023-03-01T15:21:52.626+0000] {dag.py:3441} INFO - Setting next_dagrun for example_sensors to None, run_after=None
[2023-03-01T15:21:52.645+0000] {processor.py:175} INFO - Processing /home/airflow/.local/lib/python3.7/site-packages/airflow/example_dags/example_sensors.py took 0.082 seconds
[2023-03-01T15:22:23.255+0000] {processor.py:153} INFO - Started process (PID=777) to work on /home/airflow/.local/lib/python3.7/site-packages/airflow/example_dags/example_sensors.py
[2023-03-01T15:22:23.256+0000] {processor.py:743} INFO - Processing file /home/airflow/.local/lib/python3.7/site-packages/airflow/example_dags/example_sensors.py for tasks to queue
[2023-03-01T15:22:23.256+0000] {logging_mixin.py:137} INFO - [2023-03-01T15:22:23.256+0000] {dagbag.py:538} INFO - Filling up the DagBag from /home/airflow/.local/lib/python3.7/site-packages/airflow/example_dags/example_sensors.py
[2023-03-01T15:22:23.272+0000] {processor.py:753} INFO - DAG(s) dict_keys(['example_sensors']) retrieved from /home/airflow/.local/lib/python3.7/site-packages/airflow/example_dags/example_sensors.py
[2023-03-01T15:22:23.296+0000] {logging_mixin.py:137} INFO - [2023-03-01T15:22:23.295+0000] {dag.py:2690} INFO - Sync 1 DAGs
[2023-03-01T15:22:23.317+0000] {logging_mixin.py:137} INFO - [2023-03-01T15:22:23.317+0000] {dag.py:3441} INFO - Setting next_dagrun for example_sensors to None, run_after=None
[2023-03-01T15:22:23.337+0000] {processor.py:175} INFO - Processing /home/airflow/.local/lib/python3.7/site-packages/airflow/example_dags/example_sensors.py took 0.084 seconds
[2023-03-01T15:22:53.589+0000] {processor.py:153} INFO - Started process (PID=867) to work on /home/airflow/.local/lib/python3.7/site-packages/airflow/example_dags/example_sensors.py
[2023-03-01T15:22:53.590+0000] {processor.py:743} INFO - Processing file /home/airflow/.local/lib/python3.7/site-packages/airflow/example_dags/example_sensors.py for tasks to queue
[2023-03-01T15:22:53.590+0000] {logging_mixin.py:137} INFO - [2023-03-01T15:22:53.590+0000] {dagbag.py:538} INFO - Filling up the DagBag from /home/airflow/.local/lib/python3.7/site-packages/airflow/example_dags/example_sensors.py
[2023-03-01T15:22:53.605+0000] {processor.py:753} INFO - DAG(s) dict_keys(['example_sensors']) retrieved from /home/airflow/.local/lib/python3.7/site-packages/airflow/example_dags/example_sensors.py
[2023-03-01T15:22:53.630+0000] {logging_mixin.py:137} INFO - [2023-03-01T15:22:53.630+0000] {dag.py:2690} INFO - Sync 1 DAGs
[2023-03-01T15:22:53.653+0000] {logging_mixin.py:137} INFO - [2023-03-01T15:22:53.653+0000] {dag.py:3441} INFO - Setting next_dagrun for example_sensors to None, run_after=None
[2023-03-01T15:22:53.671+0000] {processor.py:175} INFO - Processing /home/airflow/.local/lib/python3.7/site-packages/airflow/example_dags/example_sensors.py took 0.085 seconds
[2023-03-01T15:23:24.453+0000] {processor.py:153} INFO - Started process (PID=966) to work on /home/airflow/.local/lib/python3.7/site-packages/airflow/example_dags/example_sensors.py
[2023-03-01T15:23:24.454+0000] {processor.py:743} INFO - Processing file /home/airflow/.local/lib/python3.7/site-packages/airflow/example_dags/example_sensors.py for tasks to queue
[2023-03-01T15:23:24.454+0000] {logging_mixin.py:137} INFO - [2023-03-01T15:23:24.454+0000] {dagbag.py:538} INFO - Filling up the DagBag from /home/airflow/.local/lib/python3.7/site-packages/airflow/example_dags/example_sensors.py
[2023-03-01T15:23:24.472+0000] {processor.py:753} INFO - DAG(s) dict_keys(['example_sensors']) retrieved from /home/airflow/.local/lib/python3.7/site-packages/airflow/example_dags/example_sensors.py
[2023-03-01T15:23:24.499+0000] {logging_mixin.py:137} INFO - [2023-03-01T15:23:24.499+0000] {dag.py:2690} INFO - Sync 1 DAGs
[2023-03-01T15:23:24.524+0000] {logging_mixin.py:137} INFO - [2023-03-01T15:23:24.523+0000] {dag.py:3441} INFO - Setting next_dagrun for example_sensors to None, run_after=None
[2023-03-01T15:23:24.547+0000] {processor.py:175} INFO - Processing /home/airflow/.local/lib/python3.7/site-packages/airflow/example_dags/example_sensors.py took 0.098 seconds
[2023-03-01T15:23:54.858+0000] {processor.py:153} INFO - Started process (PID=1045) to work on /home/airflow/.local/lib/python3.7/site-packages/airflow/example_dags/example_sensors.py
[2023-03-01T15:23:54.858+0000] {processor.py:743} INFO - Processing file /home/airflow/.local/lib/python3.7/site-packages/airflow/example_dags/example_sensors.py for tasks to queue
[2023-03-01T15:23:54.859+0000] {logging_mixin.py:137} INFO - [2023-03-01T15:23:54.859+0000] {dagbag.py:538} INFO - Filling up the DagBag from /home/airflow/.local/lib/python3.7/site-packages/airflow/example_dags/example_sensors.py
[2023-03-01T15:23:54.874+0000] {processor.py:753} INFO - DAG(s) dict_keys(['example_sensors']) retrieved from /home/airflow/.local/lib/python3.7/site-packages/airflow/example_dags/example_sensors.py
[2023-03-01T15:23:54.899+0000] {logging_mixin.py:137} INFO - [2023-03-01T15:23:54.899+0000] {dag.py:2690} INFO - Sync 1 DAGs
[2023-03-01T15:23:54.923+0000] {logging_mixin.py:137} INFO - [2023-03-01T15:23:54.923+0000] {dag.py:3441} INFO - Setting next_dagrun for example_sensors to None, run_after=None
[2023-03-01T15:23:54.940+0000] {processor.py:175} INFO - Processing /home/airflow/.local/lib/python3.7/site-packages/airflow/example_dags/example_sensors.py took 0.085 seconds
[2023-03-01T15:24:25.569+0000] {processor.py:153} INFO - Started process (PID=1144) to work on /home/airflow/.local/lib/python3.7/site-packages/airflow/example_dags/example_sensors.py
[2023-03-01T15:24:25.570+0000] {processor.py:743} INFO - Processing file /home/airflow/.local/lib/python3.7/site-packages/airflow/example_dags/example_sensors.py for tasks to queue
[2023-03-01T15:24:25.571+0000] {logging_mixin.py:137} INFO - [2023-03-01T15:24:25.570+0000] {dagbag.py:538} INFO - Filling up the DagBag from /home/airflow/.local/lib/python3.7/site-packages/airflow/example_dags/example_sensors.py
[2023-03-01T15:24:25.586+0000] {processor.py:753} INFO - DAG(s) dict_keys(['example_sensors']) retrieved from /home/airflow/.local/lib/python3.7/site-packages/airflow/example_dags/example_sensors.py
[2023-03-01T15:24:25.611+0000] {logging_mixin.py:137} INFO - [2023-03-01T15:24:25.610+0000] {dag.py:2690} INFO - Sync 1 DAGs
[2023-03-01T15:24:25.633+0000] {logging_mixin.py:137} INFO - [2023-03-01T15:24:25.633+0000] {dag.py:3441} INFO - Setting next_dagrun for example_sensors to None, run_after=None
[2023-03-01T15:24:25.653+0000] {processor.py:175} INFO - Processing /home/airflow/.local/lib/python3.7/site-packages/airflow/example_dags/example_sensors.py took 0.086 seconds
[2023-03-01T15:24:56.191+0000] {processor.py:153} INFO - Started process (PID=1223) to work on /home/airflow/.local/lib/python3.7/site-packages/airflow/example_dags/example_sensors.py
[2023-03-01T15:24:56.191+0000] {processor.py:743} INFO - Processing file /home/airflow/.local/lib/python3.7/site-packages/airflow/example_dags/example_sensors.py for tasks to queue
[2023-03-01T15:24:56.192+0000] {logging_mixin.py:137} INFO - [2023-03-01T15:24:56.192+0000] {dagbag.py:538} INFO - Filling up the DagBag from /home/airflow/.local/lib/python3.7/site-packages/airflow/example_dags/example_sensors.py
[2023-03-01T15:24:56.206+0000] {processor.py:753} INFO - DAG(s) dict_keys(['example_sensors']) retrieved from /home/airflow/.local/lib/python3.7/site-packages/airflow/example_dags/example_sensors.py
[2023-03-01T15:24:56.229+0000] {logging_mixin.py:137} INFO - [2023-03-01T15:24:56.229+0000] {dag.py:2690} INFO - Sync 1 DAGs
[2023-03-01T15:24:56.251+0000] {logging_mixin.py:137} INFO - [2023-03-01T15:24:56.251+0000] {dag.py:3441} INFO - Setting next_dagrun for example_sensors to None, run_after=None
[2023-03-01T15:24:56.272+0000] {processor.py:175} INFO - Processing /home/airflow/.local/lib/python3.7/site-packages/airflow/example_dags/example_sensors.py took 0.083 seconds
[2023-03-01T15:25:26.761+0000] {processor.py:153} INFO - Started process (PID=1322) to work on /home/airflow/.local/lib/python3.7/site-packages/airflow/example_dags/example_sensors.py
[2023-03-01T15:25:26.761+0000] {processor.py:743} INFO - Processing file /home/airflow/.local/lib/python3.7/site-packages/airflow/example_dags/example_sensors.py for tasks to queue
[2023-03-01T15:25:26.762+0000] {logging_mixin.py:137} INFO - [2023-03-01T15:25:26.762+0000] {dagbag.py:538} INFO - Filling up the DagBag from /home/airflow/.local/lib/python3.7/site-packages/airflow/example_dags/example_sensors.py
[2023-03-01T15:25:26.782+0000] {processor.py:753} INFO - DAG(s) dict_keys(['example_sensors']) retrieved from /home/airflow/.local/lib/python3.7/site-packages/airflow/example_dags/example_sensors.py
[2023-03-01T15:25:26.805+0000] {logging_mixin.py:137} INFO - [2023-03-01T15:25:26.805+0000] {dag.py:2690} INFO - Sync 1 DAGs
[2023-03-01T15:25:26.828+0000] {logging_mixin.py:137} INFO - [2023-03-01T15:25:26.828+0000] {dag.py:3441} INFO - Setting next_dagrun for example_sensors to None, run_after=None
[2023-03-01T15:25:26.847+0000] {processor.py:175} INFO - Processing /home/airflow/.local/lib/python3.7/site-packages/airflow/example_dags/example_sensors.py took 0.090 seconds
[2023-03-01T15:25:57.469+0000] {processor.py:153} INFO - Started process (PID=1401) to work on /home/airflow/.local/lib/python3.7/site-packages/airflow/example_dags/example_sensors.py
[2023-03-01T15:25:57.470+0000] {processor.py:743} INFO - Processing file /home/airflow/.local/lib/python3.7/site-packages/airflow/example_dags/example_sensors.py for tasks to queue
[2023-03-01T15:25:57.470+0000] {logging_mixin.py:137} INFO - [2023-03-01T15:25:57.470+0000] {dagbag.py:538} INFO - Filling up the DagBag from /home/airflow/.local/lib/python3.7/site-packages/airflow/example_dags/example_sensors.py
[2023-03-01T15:25:57.486+0000] {processor.py:753} INFO - DAG(s) dict_keys(['example_sensors']) retrieved from /home/airflow/.local/lib/python3.7/site-packages/airflow/example_dags/example_sensors.py
[2023-03-01T15:25:57.512+0000] {logging_mixin.py:137} INFO - [2023-03-01T15:25:57.512+0000] {dag.py:2690} INFO - Sync 1 DAGs
[2023-03-01T15:25:57.536+0000] {logging_mixin.py:137} INFO - [2023-03-01T15:25:57.536+0000] {dag.py:3441} INFO - Setting next_dagrun for example_sensors to None, run_after=None
[2023-03-01T15:25:57.555+0000] {processor.py:175} INFO - Processing /home/airflow/.local/lib/python3.7/site-packages/airflow/example_dags/example_sensors.py took 0.088 seconds
[2023-03-01T15:26:28.215+0000] {processor.py:153} INFO - Started process (PID=1500) to work on /home/airflow/.local/lib/python3.7/site-packages/airflow/example_dags/example_sensors.py
[2023-03-01T15:26:28.217+0000] {processor.py:743} INFO - Processing file /home/airflow/.local/lib/python3.7/site-packages/airflow/example_dags/example_sensors.py for tasks to queue
[2023-03-01T15:26:28.217+0000] {logging_mixin.py:137} INFO - [2023-03-01T15:26:28.217+0000] {dagbag.py:538} INFO - Filling up the DagBag from /home/airflow/.local/lib/python3.7/site-packages/airflow/example_dags/example_sensors.py
[2023-03-01T15:26:28.233+0000] {processor.py:753} INFO - DAG(s) dict_keys(['example_sensors']) retrieved from /home/airflow/.local/lib/python3.7/site-packages/airflow/example_dags/example_sensors.py
[2023-03-01T15:26:28.262+0000] {logging_mixin.py:137} INFO - [2023-03-01T15:26:28.262+0000] {dag.py:2690} INFO - Sync 1 DAGs
[2023-03-01T15:26:28.284+0000] {logging_mixin.py:137} INFO - [2023-03-01T15:26:28.284+0000] {dag.py:3441} INFO - Setting next_dagrun for example_sensors to None, run_after=None
[2023-03-01T15:26:28.305+0000] {processor.py:175} INFO - Processing /home/airflow/.local/lib/python3.7/site-packages/airflow/example_dags/example_sensors.py took 0.093 seconds
[2023-03-01T15:26:58.491+0000] {processor.py:153} INFO - Started process (PID=1579) to work on /home/airflow/.local/lib/python3.7/site-packages/airflow/example_dags/example_sensors.py
[2023-03-01T15:26:58.492+0000] {processor.py:743} INFO - Processing file /home/airflow/.local/lib/python3.7/site-packages/airflow/example_dags/example_sensors.py for tasks to queue
[2023-03-01T15:26:58.492+0000] {logging_mixin.py:137} INFO - [2023-03-01T15:26:58.492+0000] {dagbag.py:538} INFO - Filling up the DagBag from /home/airflow/.local/lib/python3.7/site-packages/airflow/example_dags/example_sensors.py
[2023-03-01T15:26:58.507+0000] {processor.py:753} INFO - DAG(s) dict_keys(['example_sensors']) retrieved from /home/airflow/.local/lib/python3.7/site-packages/airflow/example_dags/example_sensors.py
[2023-03-01T15:26:58.530+0000] {logging_mixin.py:137} INFO - [2023-03-01T15:26:58.530+0000] {dag.py:2690} INFO - Sync 1 DAGs
[2023-03-01T15:26:58.551+0000] {logging_mixin.py:137} INFO - [2023-03-01T15:26:58.551+0000] {dag.py:3441} INFO - Setting next_dagrun for example_sensors to None, run_after=None
[2023-03-01T15:26:58.567+0000] {processor.py:175} INFO - Processing /home/airflow/.local/lib/python3.7/site-packages/airflow/example_dags/example_sensors.py took 0.078 seconds
[2023-03-01T15:27:29.165+0000] {processor.py:153} INFO - Started process (PID=1679) to work on /home/airflow/.local/lib/python3.7/site-packages/airflow/example_dags/example_sensors.py
[2023-03-01T15:27:29.166+0000] {processor.py:743} INFO - Processing file /home/airflow/.local/lib/python3.7/site-packages/airflow/example_dags/example_sensors.py for tasks to queue
[2023-03-01T15:27:29.166+0000] {logging_mixin.py:137} INFO - [2023-03-01T15:27:29.166+0000] {dagbag.py:538} INFO - Filling up the DagBag from /home/airflow/.local/lib/python3.7/site-packages/airflow/example_dags/example_sensors.py
[2023-03-01T15:27:29.181+0000] {processor.py:753} INFO - DAG(s) dict_keys(['example_sensors']) retrieved from /home/airflow/.local/lib/python3.7/site-packages/airflow/example_dags/example_sensors.py
[2023-03-01T15:27:29.207+0000] {logging_mixin.py:137} INFO - [2023-03-01T15:27:29.207+0000] {dag.py:2690} INFO - Sync 1 DAGs
[2023-03-01T15:27:29.230+0000] {logging_mixin.py:137} INFO - [2023-03-01T15:27:29.230+0000] {dag.py:3441} INFO - Setting next_dagrun for example_sensors to None, run_after=None
[2023-03-01T15:27:29.248+0000] {processor.py:175} INFO - Processing /home/airflow/.local/lib/python3.7/site-packages/airflow/example_dags/example_sensors.py took 0.085 seconds
[2023-03-01T15:27:59.705+0000] {processor.py:153} INFO - Started process (PID=1757) to work on /home/airflow/.local/lib/python3.7/site-packages/airflow/example_dags/example_sensors.py
[2023-03-01T15:27:59.706+0000] {processor.py:743} INFO - Processing file /home/airflow/.local/lib/python3.7/site-packages/airflow/example_dags/example_sensors.py for tasks to queue
[2023-03-01T15:27:59.706+0000] {logging_mixin.py:137} INFO - [2023-03-01T15:27:59.706+0000] {dagbag.py:538} INFO - Filling up the DagBag from /home/airflow/.local/lib/python3.7/site-packages/airflow/example_dags/example_sensors.py
[2023-03-01T15:27:59.721+0000] {processor.py:753} INFO - DAG(s) dict_keys(['example_sensors']) retrieved from /home/airflow/.local/lib/python3.7/site-packages/airflow/example_dags/example_sensors.py
[2023-03-01T15:27:59.744+0000] {logging_mixin.py:137} INFO - [2023-03-01T15:27:59.744+0000] {dag.py:2690} INFO - Sync 1 DAGs
[2023-03-01T15:27:59.767+0000] {logging_mixin.py:137} INFO - [2023-03-01T15:27:59.767+0000] {dag.py:3441} INFO - Setting next_dagrun for example_sensors to None, run_after=None
[2023-03-01T15:27:59.786+0000] {processor.py:175} INFO - Processing /home/airflow/.local/lib/python3.7/site-packages/airflow/example_dags/example_sensors.py took 0.083 seconds
[2023-03-01T15:28:30.443+0000] {processor.py:153} INFO - Started process (PID=1856) to work on /home/airflow/.local/lib/python3.7/site-packages/airflow/example_dags/example_sensors.py
[2023-03-01T15:28:30.444+0000] {processor.py:743} INFO - Processing file /home/airflow/.local/lib/python3.7/site-packages/airflow/example_dags/example_sensors.py for tasks to queue
[2023-03-01T15:28:30.444+0000] {logging_mixin.py:137} INFO - [2023-03-01T15:28:30.444+0000] {dagbag.py:538} INFO - Filling up the DagBag from /home/airflow/.local/lib/python3.7/site-packages/airflow/example_dags/example_sensors.py
[2023-03-01T15:28:30.460+0000] {processor.py:753} INFO - DAG(s) dict_keys(['example_sensors']) retrieved from /home/airflow/.local/lib/python3.7/site-packages/airflow/example_dags/example_sensors.py
[2023-03-01T15:28:30.485+0000] {logging_mixin.py:137} INFO - [2023-03-01T15:28:30.485+0000] {dag.py:2690} INFO - Sync 1 DAGs
[2023-03-01T15:28:30.510+0000] {logging_mixin.py:137} INFO - [2023-03-01T15:28:30.509+0000] {dag.py:3441} INFO - Setting next_dagrun for example_sensors to None, run_after=None
[2023-03-01T15:28:30.528+0000] {processor.py:175} INFO - Processing /home/airflow/.local/lib/python3.7/site-packages/airflow/example_dags/example_sensors.py took 0.087 seconds
[2023-03-01T15:29:00.897+0000] {processor.py:153} INFO - Started process (PID=1935) to work on /home/airflow/.local/lib/python3.7/site-packages/airflow/example_dags/example_sensors.py
[2023-03-01T15:29:00.897+0000] {processor.py:743} INFO - Processing file /home/airflow/.local/lib/python3.7/site-packages/airflow/example_dags/example_sensors.py for tasks to queue
[2023-03-01T15:29:00.898+0000] {logging_mixin.py:137} INFO - [2023-03-01T15:29:00.898+0000] {dagbag.py:538} INFO - Filling up the DagBag from /home/airflow/.local/lib/python3.7/site-packages/airflow/example_dags/example_sensors.py
[2023-03-01T15:29:00.913+0000] {processor.py:753} INFO - DAG(s) dict_keys(['example_sensors']) retrieved from /home/airflow/.local/lib/python3.7/site-packages/airflow/example_dags/example_sensors.py
[2023-03-01T15:29:00.938+0000] {logging_mixin.py:137} INFO - [2023-03-01T15:29:00.938+0000] {dag.py:2690} INFO - Sync 1 DAGs
[2023-03-01T15:29:00.965+0000] {logging_mixin.py:137} INFO - [2023-03-01T15:29:00.964+0000] {dag.py:3441} INFO - Setting next_dagrun for example_sensors to None, run_after=None
[2023-03-01T15:29:00.986+0000] {processor.py:175} INFO - Processing /home/airflow/.local/lib/python3.7/site-packages/airflow/example_dags/example_sensors.py took 0.092 seconds
[2023-03-01T15:29:31.578+0000] {processor.py:153} INFO - Started process (PID=2034) to work on /home/airflow/.local/lib/python3.7/site-packages/airflow/example_dags/example_sensors.py
[2023-03-01T15:29:31.579+0000] {processor.py:743} INFO - Processing file /home/airflow/.local/lib/python3.7/site-packages/airflow/example_dags/example_sensors.py for tasks to queue
[2023-03-01T15:29:31.579+0000] {logging_mixin.py:137} INFO - [2023-03-01T15:29:31.579+0000] {dagbag.py:538} INFO - Filling up the DagBag from /home/airflow/.local/lib/python3.7/site-packages/airflow/example_dags/example_sensors.py
[2023-03-01T15:29:31.595+0000] {processor.py:753} INFO - DAG(s) dict_keys(['example_sensors']) retrieved from /home/airflow/.local/lib/python3.7/site-packages/airflow/example_dags/example_sensors.py
[2023-03-01T15:29:31.620+0000] {logging_mixin.py:137} INFO - [2023-03-01T15:29:31.620+0000] {dag.py:2690} INFO - Sync 1 DAGs
[2023-03-01T15:29:31.644+0000] {logging_mixin.py:137} INFO - [2023-03-01T15:29:31.644+0000] {dag.py:3441} INFO - Setting next_dagrun for example_sensors to None, run_after=None
[2023-03-01T15:29:31.663+0000] {processor.py:175} INFO - Processing /home/airflow/.local/lib/python3.7/site-packages/airflow/example_dags/example_sensors.py took 0.087 seconds
[2023-03-01T15:30:02.238+0000] {processor.py:153} INFO - Started process (PID=2113) to work on /home/airflow/.local/lib/python3.7/site-packages/airflow/example_dags/example_sensors.py
[2023-03-01T15:30:02.239+0000] {processor.py:743} INFO - Processing file /home/airflow/.local/lib/python3.7/site-packages/airflow/example_dags/example_sensors.py for tasks to queue
[2023-03-01T15:30:02.239+0000] {logging_mixin.py:137} INFO - [2023-03-01T15:30:02.239+0000] {dagbag.py:538} INFO - Filling up the DagBag from /home/airflow/.local/lib/python3.7/site-packages/airflow/example_dags/example_sensors.py
[2023-03-01T15:30:02.256+0000] {processor.py:753} INFO - DAG(s) dict_keys(['example_sensors']) retrieved from /home/airflow/.local/lib/python3.7/site-packages/airflow/example_dags/example_sensors.py
[2023-03-01T15:30:02.283+0000] {logging_mixin.py:137} INFO - [2023-03-01T15:30:02.283+0000] {dag.py:2690} INFO - Sync 1 DAGs
[2023-03-01T15:30:02.307+0000] {logging_mixin.py:137} INFO - [2023-03-01T15:30:02.307+0000] {dag.py:3441} INFO - Setting next_dagrun for example_sensors to None, run_after=None
[2023-03-01T15:30:02.326+0000] {processor.py:175} INFO - Processing /home/airflow/.local/lib/python3.7/site-packages/airflow/example_dags/example_sensors.py took 0.090 seconds
[2023-03-01T15:30:33.003+0000] {processor.py:153} INFO - Started process (PID=2213) to work on /home/airflow/.local/lib/python3.7/site-packages/airflow/example_dags/example_sensors.py
[2023-03-01T15:30:33.004+0000] {processor.py:743} INFO - Processing file /home/airflow/.local/lib/python3.7/site-packages/airflow/example_dags/example_sensors.py for tasks to queue
[2023-03-01T15:30:33.004+0000] {logging_mixin.py:137} INFO - [2023-03-01T15:30:33.004+0000] {dagbag.py:538} INFO - Filling up the DagBag from /home/airflow/.local/lib/python3.7/site-packages/airflow/example_dags/example_sensors.py
[2023-03-01T15:30:33.020+0000] {processor.py:753} INFO - DAG(s) dict_keys(['example_sensors']) retrieved from /home/airflow/.local/lib/python3.7/site-packages/airflow/example_dags/example_sensors.py
[2023-03-01T15:30:33.047+0000] {logging_mixin.py:137} INFO - [2023-03-01T15:30:33.047+0000] {dag.py:2690} INFO - Sync 1 DAGs
[2023-03-01T15:30:33.075+0000] {logging_mixin.py:137} INFO - [2023-03-01T15:30:33.075+0000] {dag.py:3441} INFO - Setting next_dagrun for example_sensors to None, run_after=None
[2023-03-01T15:30:33.094+0000] {processor.py:175} INFO - Processing /home/airflow/.local/lib/python3.7/site-packages/airflow/example_dags/example_sensors.py took 0.093 seconds
[2023-03-01T15:31:03.744+0000] {processor.py:153} INFO - Started process (PID=2292) to work on /home/airflow/.local/lib/python3.7/site-packages/airflow/example_dags/example_sensors.py
[2023-03-01T15:31:03.744+0000] {processor.py:743} INFO - Processing file /home/airflow/.local/lib/python3.7/site-packages/airflow/example_dags/example_sensors.py for tasks to queue
[2023-03-01T15:31:03.745+0000] {logging_mixin.py:137} INFO - [2023-03-01T15:31:03.745+0000] {dagbag.py:538} INFO - Filling up the DagBag from /home/airflow/.local/lib/python3.7/site-packages/airflow/example_dags/example_sensors.py
[2023-03-01T15:31:03.760+0000] {processor.py:753} INFO - DAG(s) dict_keys(['example_sensors']) retrieved from /home/airflow/.local/lib/python3.7/site-packages/airflow/example_dags/example_sensors.py
[2023-03-01T15:31:03.783+0000] {logging_mixin.py:137} INFO - [2023-03-01T15:31:03.783+0000] {dag.py:2690} INFO - Sync 1 DAGs
[2023-03-01T15:31:03.804+0000] {logging_mixin.py:137} INFO - [2023-03-01T15:31:03.804+0000] {dag.py:3441} INFO - Setting next_dagrun for example_sensors to None, run_after=None
[2023-03-01T15:31:03.820+0000] {processor.py:175} INFO - Processing /home/airflow/.local/lib/python3.7/site-packages/airflow/example_dags/example_sensors.py took 0.079 seconds
[2023-03-01T15:31:34.609+0000] {processor.py:153} INFO - Started process (PID=2391) to work on /home/airflow/.local/lib/python3.7/site-packages/airflow/example_dags/example_sensors.py
[2023-03-01T15:31:34.610+0000] {processor.py:743} INFO - Processing file /home/airflow/.local/lib/python3.7/site-packages/airflow/example_dags/example_sensors.py for tasks to queue
[2023-03-01T15:31:34.611+0000] {logging_mixin.py:137} INFO - [2023-03-01T15:31:34.611+0000] {dagbag.py:538} INFO - Filling up the DagBag from /home/airflow/.local/lib/python3.7/site-packages/airflow/example_dags/example_sensors.py
[2023-03-01T15:31:34.627+0000] {processor.py:753} INFO - DAG(s) dict_keys(['example_sensors']) retrieved from /home/airflow/.local/lib/python3.7/site-packages/airflow/example_dags/example_sensors.py
[2023-03-01T15:31:34.652+0000] {logging_mixin.py:137} INFO - [2023-03-01T15:31:34.652+0000] {dag.py:2690} INFO - Sync 1 DAGs
[2023-03-01T15:31:34.677+0000] {logging_mixin.py:137} INFO - [2023-03-01T15:31:34.677+0000] {dag.py:3441} INFO - Setting next_dagrun for example_sensors to None, run_after=None
[2023-03-01T15:31:34.696+0000] {processor.py:175} INFO - Processing /home/airflow/.local/lib/python3.7/site-packages/airflow/example_dags/example_sensors.py took 0.089 seconds
[2023-03-01T15:32:05.190+0000] {processor.py:153} INFO - Started process (PID=2470) to work on /home/airflow/.local/lib/python3.7/site-packages/airflow/example_dags/example_sensors.py
[2023-03-01T15:32:05.191+0000] {processor.py:743} INFO - Processing file /home/airflow/.local/lib/python3.7/site-packages/airflow/example_dags/example_sensors.py for tasks to queue
[2023-03-01T15:32:05.191+0000] {logging_mixin.py:137} INFO - [2023-03-01T15:32:05.191+0000] {dagbag.py:538} INFO - Filling up the DagBag from /home/airflow/.local/lib/python3.7/site-packages/airflow/example_dags/example_sensors.py
[2023-03-01T15:32:05.205+0000] {processor.py:753} INFO - DAG(s) dict_keys(['example_sensors']) retrieved from /home/airflow/.local/lib/python3.7/site-packages/airflow/example_dags/example_sensors.py
[2023-03-01T15:32:05.233+0000] {logging_mixin.py:137} INFO - [2023-03-01T15:32:05.233+0000] {dag.py:2690} INFO - Sync 1 DAGs
[2023-03-01T15:32:05.259+0000] {logging_mixin.py:137} INFO - [2023-03-01T15:32:05.259+0000] {dag.py:3441} INFO - Setting next_dagrun for example_sensors to None, run_after=None
[2023-03-01T15:32:05.281+0000] {processor.py:175} INFO - Processing /home/airflow/.local/lib/python3.7/site-packages/airflow/example_dags/example_sensors.py took 0.093 seconds
[2023-03-01T15:32:35.743+0000] {processor.py:153} INFO - Started process (PID=2569) to work on /home/airflow/.local/lib/python3.7/site-packages/airflow/example_dags/example_sensors.py
[2023-03-01T15:32:35.743+0000] {processor.py:743} INFO - Processing file /home/airflow/.local/lib/python3.7/site-packages/airflow/example_dags/example_sensors.py for tasks to queue
[2023-03-01T15:32:35.744+0000] {logging_mixin.py:137} INFO - [2023-03-01T15:32:35.744+0000] {dagbag.py:538} INFO - Filling up the DagBag from /home/airflow/.local/lib/python3.7/site-packages/airflow/example_dags/example_sensors.py
[2023-03-01T15:32:35.758+0000] {processor.py:753} INFO - DAG(s) dict_keys(['example_sensors']) retrieved from /home/airflow/.local/lib/python3.7/site-packages/airflow/example_dags/example_sensors.py
[2023-03-01T15:32:35.787+0000] {logging_mixin.py:137} INFO - [2023-03-01T15:32:35.787+0000] {dag.py:2690} INFO - Sync 1 DAGs
[2023-03-01T15:32:35.810+0000] {logging_mixin.py:137} INFO - [2023-03-01T15:32:35.810+0000] {dag.py:3441} INFO - Setting next_dagrun for example_sensors to None, run_after=None
[2023-03-01T15:32:35.826+0000] {processor.py:175} INFO - Processing /home/airflow/.local/lib/python3.7/site-packages/airflow/example_dags/example_sensors.py took 0.086 seconds
[2023-03-01T15:33:06.481+0000] {processor.py:153} INFO - Started process (PID=2657) to work on /home/airflow/.local/lib/python3.7/site-packages/airflow/example_dags/example_sensors.py
[2023-03-01T15:33:06.481+0000] {processor.py:743} INFO - Processing file /home/airflow/.local/lib/python3.7/site-packages/airflow/example_dags/example_sensors.py for tasks to queue
[2023-03-01T15:33:06.482+0000] {logging_mixin.py:137} INFO - [2023-03-01T15:33:06.482+0000] {dagbag.py:538} INFO - Filling up the DagBag from /home/airflow/.local/lib/python3.7/site-packages/airflow/example_dags/example_sensors.py
[2023-03-01T15:33:06.498+0000] {processor.py:753} INFO - DAG(s) dict_keys(['example_sensors']) retrieved from /home/airflow/.local/lib/python3.7/site-packages/airflow/example_dags/example_sensors.py
[2023-03-01T15:33:06.529+0000] {logging_mixin.py:137} INFO - [2023-03-01T15:33:06.529+0000] {dag.py:2690} INFO - Sync 1 DAGs
[2023-03-01T15:33:06.554+0000] {logging_mixin.py:137} INFO - [2023-03-01T15:33:06.553+0000] {dag.py:3441} INFO - Setting next_dagrun for example_sensors to None, run_after=None
[2023-03-01T15:33:06.572+0000] {processor.py:175} INFO - Processing /home/airflow/.local/lib/python3.7/site-packages/airflow/example_dags/example_sensors.py took 0.093 seconds
[2023-03-01T15:33:37.071+0000] {processor.py:153} INFO - Started process (PID=2747) to work on /home/airflow/.local/lib/python3.7/site-packages/airflow/example_dags/example_sensors.py
[2023-03-01T15:33:37.072+0000] {processor.py:743} INFO - Processing file /home/airflow/.local/lib/python3.7/site-packages/airflow/example_dags/example_sensors.py for tasks to queue
[2023-03-01T15:33:37.072+0000] {logging_mixin.py:137} INFO - [2023-03-01T15:33:37.072+0000] {dagbag.py:538} INFO - Filling up the DagBag from /home/airflow/.local/lib/python3.7/site-packages/airflow/example_dags/example_sensors.py
[2023-03-01T15:33:37.087+0000] {processor.py:753} INFO - DAG(s) dict_keys(['example_sensors']) retrieved from /home/airflow/.local/lib/python3.7/site-packages/airflow/example_dags/example_sensors.py
[2023-03-01T15:33:37.110+0000] {logging_mixin.py:137} INFO - [2023-03-01T15:33:37.110+0000] {dag.py:2690} INFO - Sync 1 DAGs
[2023-03-01T15:33:37.133+0000] {logging_mixin.py:137} INFO - [2023-03-01T15:33:37.133+0000] {dag.py:3441} INFO - Setting next_dagrun for example_sensors to None, run_after=None
[2023-03-01T15:33:37.151+0000] {processor.py:175} INFO - Processing /home/airflow/.local/lib/python3.7/site-packages/airflow/example_dags/example_sensors.py took 0.082 seconds
[2023-03-01T15:34:07.738+0000] {processor.py:153} INFO - Started process (PID=2845) to work on /home/airflow/.local/lib/python3.7/site-packages/airflow/example_dags/example_sensors.py
[2023-03-01T15:34:07.739+0000] {processor.py:743} INFO - Processing file /home/airflow/.local/lib/python3.7/site-packages/airflow/example_dags/example_sensors.py for tasks to queue
[2023-03-01T15:34:07.740+0000] {logging_mixin.py:137} INFO - [2023-03-01T15:34:07.740+0000] {dagbag.py:538} INFO - Filling up the DagBag from /home/airflow/.local/lib/python3.7/site-packages/airflow/example_dags/example_sensors.py
[2023-03-01T15:34:07.756+0000] {processor.py:753} INFO - DAG(s) dict_keys(['example_sensors']) retrieved from /home/airflow/.local/lib/python3.7/site-packages/airflow/example_dags/example_sensors.py
[2023-03-01T15:34:07.782+0000] {logging_mixin.py:137} INFO - [2023-03-01T15:34:07.782+0000] {dag.py:2690} INFO - Sync 1 DAGs
[2023-03-01T15:34:07.811+0000] {logging_mixin.py:137} INFO - [2023-03-01T15:34:07.810+0000] {dag.py:3441} INFO - Setting next_dagrun for example_sensors to None, run_after=None
[2023-03-01T15:34:07.835+0000] {processor.py:175} INFO - Processing /home/airflow/.local/lib/python3.7/site-packages/airflow/example_dags/example_sensors.py took 0.099 seconds
[2023-03-01T15:34:38.422+0000] {processor.py:153} INFO - Started process (PID=2925) to work on /home/airflow/.local/lib/python3.7/site-packages/airflow/example_dags/example_sensors.py
[2023-03-01T15:34:38.422+0000] {processor.py:743} INFO - Processing file /home/airflow/.local/lib/python3.7/site-packages/airflow/example_dags/example_sensors.py for tasks to queue
[2023-03-01T15:34:38.423+0000] {logging_mixin.py:137} INFO - [2023-03-01T15:34:38.423+0000] {dagbag.py:538} INFO - Filling up the DagBag from /home/airflow/.local/lib/python3.7/site-packages/airflow/example_dags/example_sensors.py
[2023-03-01T15:34:38.437+0000] {processor.py:753} INFO - DAG(s) dict_keys(['example_sensors']) retrieved from /home/airflow/.local/lib/python3.7/site-packages/airflow/example_dags/example_sensors.py
[2023-03-01T15:34:38.461+0000] {logging_mixin.py:137} INFO - [2023-03-01T15:34:38.461+0000] {dag.py:2690} INFO - Sync 1 DAGs
[2023-03-01T15:34:38.485+0000] {logging_mixin.py:137} INFO - [2023-03-01T15:34:38.484+0000] {dag.py:3441} INFO - Setting next_dagrun for example_sensors to None, run_after=None
[2023-03-01T15:34:38.502+0000] {processor.py:175} INFO - Processing /home/airflow/.local/lib/python3.7/site-packages/airflow/example_dags/example_sensors.py took 0.083 seconds
[2023-03-01T15:35:09.105+0000] {processor.py:153} INFO - Started process (PID=3024) to work on /home/airflow/.local/lib/python3.7/site-packages/airflow/example_dags/example_sensors.py
[2023-03-01T15:35:09.106+0000] {processor.py:743} INFO - Processing file /home/airflow/.local/lib/python3.7/site-packages/airflow/example_dags/example_sensors.py for tasks to queue
[2023-03-01T15:35:09.107+0000] {logging_mixin.py:137} INFO - [2023-03-01T15:35:09.107+0000] {dagbag.py:538} INFO - Filling up the DagBag from /home/airflow/.local/lib/python3.7/site-packages/airflow/example_dags/example_sensors.py
[2023-03-01T15:35:09.130+0000] {processor.py:753} INFO - DAG(s) dict_keys(['example_sensors']) retrieved from /home/airflow/.local/lib/python3.7/site-packages/airflow/example_dags/example_sensors.py
[2023-03-01T15:35:09.162+0000] {logging_mixin.py:137} INFO - [2023-03-01T15:35:09.162+0000] {dag.py:2690} INFO - Sync 1 DAGs
[2023-03-01T15:35:09.189+0000] {logging_mixin.py:137} INFO - [2023-03-01T15:35:09.189+0000] {dag.py:3441} INFO - Setting next_dagrun for example_sensors to None, run_after=None
[2023-03-01T15:35:09.213+0000] {processor.py:175} INFO - Processing /home/airflow/.local/lib/python3.7/site-packages/airflow/example_dags/example_sensors.py took 0.111 seconds
[2023-03-01T15:35:39.501+0000] {processor.py:153} INFO - Started process (PID=3103) to work on /home/airflow/.local/lib/python3.7/site-packages/airflow/example_dags/example_sensors.py
[2023-03-01T15:35:39.502+0000] {processor.py:743} INFO - Processing file /home/airflow/.local/lib/python3.7/site-packages/airflow/example_dags/example_sensors.py for tasks to queue
[2023-03-01T15:35:39.502+0000] {logging_mixin.py:137} INFO - [2023-03-01T15:35:39.502+0000] {dagbag.py:538} INFO - Filling up the DagBag from /home/airflow/.local/lib/python3.7/site-packages/airflow/example_dags/example_sensors.py
[2023-03-01T15:35:39.517+0000] {processor.py:753} INFO - DAG(s) dict_keys(['example_sensors']) retrieved from /home/airflow/.local/lib/python3.7/site-packages/airflow/example_dags/example_sensors.py
[2023-03-01T15:35:39.543+0000] {logging_mixin.py:137} INFO - [2023-03-01T15:35:39.543+0000] {dag.py:2690} INFO - Sync 1 DAGs
[2023-03-01T15:35:39.567+0000] {logging_mixin.py:137} INFO - [2023-03-01T15:35:39.566+0000] {dag.py:3441} INFO - Setting next_dagrun for example_sensors to None, run_after=None
[2023-03-01T15:35:39.590+0000] {processor.py:175} INFO - Processing /home/airflow/.local/lib/python3.7/site-packages/airflow/example_dags/example_sensors.py took 0.091 seconds
[2023-03-01T15:36:10.025+0000] {processor.py:153} INFO - Started process (PID=3202) to work on /home/airflow/.local/lib/python3.7/site-packages/airflow/example_dags/example_sensors.py
[2023-03-01T15:36:10.026+0000] {processor.py:743} INFO - Processing file /home/airflow/.local/lib/python3.7/site-packages/airflow/example_dags/example_sensors.py for tasks to queue
[2023-03-01T15:36:10.027+0000] {logging_mixin.py:137} INFO - [2023-03-01T15:36:10.026+0000] {dagbag.py:538} INFO - Filling up the DagBag from /home/airflow/.local/lib/python3.7/site-packages/airflow/example_dags/example_sensors.py
[2023-03-01T15:36:10.043+0000] {processor.py:753} INFO - DAG(s) dict_keys(['example_sensors']) retrieved from /home/airflow/.local/lib/python3.7/site-packages/airflow/example_dags/example_sensors.py
[2023-03-01T15:36:10.069+0000] {logging_mixin.py:137} INFO - [2023-03-01T15:36:10.068+0000] {dag.py:2690} INFO - Sync 1 DAGs
[2023-03-01T15:36:10.096+0000] {logging_mixin.py:137} INFO - [2023-03-01T15:36:10.096+0000] {dag.py:3441} INFO - Setting next_dagrun for example_sensors to None, run_after=None
[2023-03-01T15:36:10.118+0000] {processor.py:175} INFO - Processing /home/airflow/.local/lib/python3.7/site-packages/airflow/example_dags/example_sensors.py took 0.095 seconds
[2023-03-01T15:36:40.688+0000] {processor.py:153} INFO - Started process (PID=3281) to work on /home/airflow/.local/lib/python3.7/site-packages/airflow/example_dags/example_sensors.py
[2023-03-01T15:36:40.689+0000] {processor.py:743} INFO - Processing file /home/airflow/.local/lib/python3.7/site-packages/airflow/example_dags/example_sensors.py for tasks to queue
[2023-03-01T15:36:40.689+0000] {logging_mixin.py:137} INFO - [2023-03-01T15:36:40.689+0000] {dagbag.py:538} INFO - Filling up the DagBag from /home/airflow/.local/lib/python3.7/site-packages/airflow/example_dags/example_sensors.py
[2023-03-01T15:36:40.704+0000] {processor.py:753} INFO - DAG(s) dict_keys(['example_sensors']) retrieved from /home/airflow/.local/lib/python3.7/site-packages/airflow/example_dags/example_sensors.py
[2023-03-01T15:36:40.729+0000] {logging_mixin.py:137} INFO - [2023-03-01T15:36:40.729+0000] {dag.py:2690} INFO - Sync 1 DAGs
[2023-03-01T15:36:40.752+0000] {logging_mixin.py:137} INFO - [2023-03-01T15:36:40.752+0000] {dag.py:3441} INFO - Setting next_dagrun for example_sensors to None, run_after=None
[2023-03-01T15:36:40.769+0000] {processor.py:175} INFO - Processing /home/airflow/.local/lib/python3.7/site-packages/airflow/example_dags/example_sensors.py took 0.083 seconds
[2023-03-01T15:37:11.357+0000] {processor.py:153} INFO - Started process (PID=3380) to work on /home/airflow/.local/lib/python3.7/site-packages/airflow/example_dags/example_sensors.py
[2023-03-01T15:37:11.358+0000] {processor.py:743} INFO - Processing file /home/airflow/.local/lib/python3.7/site-packages/airflow/example_dags/example_sensors.py for tasks to queue
[2023-03-01T15:37:11.358+0000] {logging_mixin.py:137} INFO - [2023-03-01T15:37:11.358+0000] {dagbag.py:538} INFO - Filling up the DagBag from /home/airflow/.local/lib/python3.7/site-packages/airflow/example_dags/example_sensors.py
[2023-03-01T15:37:11.373+0000] {processor.py:753} INFO - DAG(s) dict_keys(['example_sensors']) retrieved from /home/airflow/.local/lib/python3.7/site-packages/airflow/example_dags/example_sensors.py
[2023-03-01T15:37:11.397+0000] {logging_mixin.py:137} INFO - [2023-03-01T15:37:11.396+0000] {dag.py:2690} INFO - Sync 1 DAGs
[2023-03-01T15:37:11.418+0000] {logging_mixin.py:137} INFO - [2023-03-01T15:37:11.418+0000] {dag.py:3441} INFO - Setting next_dagrun for example_sensors to None, run_after=None
[2023-03-01T15:37:11.436+0000] {processor.py:175} INFO - Processing /home/airflow/.local/lib/python3.7/site-packages/airflow/example_dags/example_sensors.py took 0.081 seconds
[2023-03-01T15:37:42.119+0000] {processor.py:153} INFO - Started process (PID=3459) to work on /home/airflow/.local/lib/python3.7/site-packages/airflow/example_dags/example_sensors.py
[2023-03-01T15:37:42.134+0000] {processor.py:743} INFO - Processing file /home/airflow/.local/lib/python3.7/site-packages/airflow/example_dags/example_sensors.py for tasks to queue
[2023-03-01T15:37:42.134+0000] {logging_mixin.py:137} INFO - [2023-03-01T15:37:42.134+0000] {dagbag.py:538} INFO - Filling up the DagBag from /home/airflow/.local/lib/python3.7/site-packages/airflow/example_dags/example_sensors.py
[2023-03-01T15:37:42.174+0000] {processor.py:753} INFO - DAG(s) dict_keys(['example_sensors']) retrieved from /home/airflow/.local/lib/python3.7/site-packages/airflow/example_dags/example_sensors.py
[2023-03-01T15:37:42.198+0000] {logging_mixin.py:137} INFO - [2023-03-01T15:37:42.198+0000] {dag.py:2690} INFO - Sync 1 DAGs
[2023-03-01T15:37:42.219+0000] {logging_mixin.py:137} INFO - [2023-03-01T15:37:42.219+0000] {dag.py:3441} INFO - Setting next_dagrun for example_sensors to None, run_after=None
[2023-03-01T15:37:42.240+0000] {processor.py:175} INFO - Processing /home/airflow/.local/lib/python3.7/site-packages/airflow/example_dags/example_sensors.py took 0.124 seconds
[2023-03-01T15:38:12.681+0000] {processor.py:153} INFO - Started process (PID=3558) to work on /home/airflow/.local/lib/python3.7/site-packages/airflow/example_dags/example_sensors.py
[2023-03-01T15:38:12.682+0000] {processor.py:743} INFO - Processing file /home/airflow/.local/lib/python3.7/site-packages/airflow/example_dags/example_sensors.py for tasks to queue
[2023-03-01T15:38:12.682+0000] {logging_mixin.py:137} INFO - [2023-03-01T15:38:12.682+0000] {dagbag.py:538} INFO - Filling up the DagBag from /home/airflow/.local/lib/python3.7/site-packages/airflow/example_dags/example_sensors.py
[2023-03-01T15:38:12.696+0000] {processor.py:753} INFO - DAG(s) dict_keys(['example_sensors']) retrieved from /home/airflow/.local/lib/python3.7/site-packages/airflow/example_dags/example_sensors.py
[2023-03-01T15:38:12.719+0000] {logging_mixin.py:137} INFO - [2023-03-01T15:38:12.719+0000] {dag.py:2690} INFO - Sync 1 DAGs
[2023-03-01T15:38:12.742+0000] {logging_mixin.py:137} INFO - [2023-03-01T15:38:12.742+0000] {dag.py:3441} INFO - Setting next_dagrun for example_sensors to None, run_after=None
[2023-03-01T15:38:12.759+0000] {processor.py:175} INFO - Processing /home/airflow/.local/lib/python3.7/site-packages/airflow/example_dags/example_sensors.py took 0.081 seconds
[2023-03-01T15:38:43.353+0000] {processor.py:153} INFO - Started process (PID=3637) to work on /home/airflow/.local/lib/python3.7/site-packages/airflow/example_dags/example_sensors.py
[2023-03-01T15:38:43.354+0000] {processor.py:743} INFO - Processing file /home/airflow/.local/lib/python3.7/site-packages/airflow/example_dags/example_sensors.py for tasks to queue
[2023-03-01T15:38:43.354+0000] {logging_mixin.py:137} INFO - [2023-03-01T15:38:43.354+0000] {dagbag.py:538} INFO - Filling up the DagBag from /home/airflow/.local/lib/python3.7/site-packages/airflow/example_dags/example_sensors.py
[2023-03-01T15:38:43.371+0000] {processor.py:753} INFO - DAG(s) dict_keys(['example_sensors']) retrieved from /home/airflow/.local/lib/python3.7/site-packages/airflow/example_dags/example_sensors.py
[2023-03-01T15:38:43.397+0000] {logging_mixin.py:137} INFO - [2023-03-01T15:38:43.396+0000] {dag.py:2690} INFO - Sync 1 DAGs
[2023-03-01T15:38:43.419+0000] {logging_mixin.py:137} INFO - [2023-03-01T15:38:43.419+0000] {dag.py:3441} INFO - Setting next_dagrun for example_sensors to None, run_after=None
[2023-03-01T15:38:43.437+0000] {processor.py:175} INFO - Processing /home/airflow/.local/lib/python3.7/site-packages/airflow/example_dags/example_sensors.py took 0.086 seconds
[2023-03-01T15:39:13.785+0000] {processor.py:153} INFO - Started process (PID=3737) to work on /home/airflow/.local/lib/python3.7/site-packages/airflow/example_dags/example_sensors.py
[2023-03-01T15:39:13.786+0000] {processor.py:743} INFO - Processing file /home/airflow/.local/lib/python3.7/site-packages/airflow/example_dags/example_sensors.py for tasks to queue
[2023-03-01T15:39:13.786+0000] {logging_mixin.py:137} INFO - [2023-03-01T15:39:13.786+0000] {dagbag.py:538} INFO - Filling up the DagBag from /home/airflow/.local/lib/python3.7/site-packages/airflow/example_dags/example_sensors.py
[2023-03-01T15:39:13.801+0000] {processor.py:753} INFO - DAG(s) dict_keys(['example_sensors']) retrieved from /home/airflow/.local/lib/python3.7/site-packages/airflow/example_dags/example_sensors.py
[2023-03-01T15:39:13.825+0000] {logging_mixin.py:137} INFO - [2023-03-01T15:39:13.825+0000] {dag.py:2690} INFO - Sync 1 DAGs
[2023-03-01T15:39:13.847+0000] {logging_mixin.py:137} INFO - [2023-03-01T15:39:13.847+0000] {dag.py:3441} INFO - Setting next_dagrun for example_sensors to None, run_after=None
[2023-03-01T15:39:13.865+0000] {processor.py:175} INFO - Processing /home/airflow/.local/lib/python3.7/site-packages/airflow/example_dags/example_sensors.py took 0.082 seconds
[2023-03-01T15:39:44.234+0000] {processor.py:153} INFO - Started process (PID=3816) to work on /home/airflow/.local/lib/python3.7/site-packages/airflow/example_dags/example_sensors.py
[2023-03-01T15:39:44.234+0000] {processor.py:743} INFO - Processing file /home/airflow/.local/lib/python3.7/site-packages/airflow/example_dags/example_sensors.py for tasks to queue
[2023-03-01T15:39:44.235+0000] {logging_mixin.py:137} INFO - [2023-03-01T15:39:44.235+0000] {dagbag.py:538} INFO - Filling up the DagBag from /home/airflow/.local/lib/python3.7/site-packages/airflow/example_dags/example_sensors.py
[2023-03-01T15:39:44.249+0000] {processor.py:753} INFO - DAG(s) dict_keys(['example_sensors']) retrieved from /home/airflow/.local/lib/python3.7/site-packages/airflow/example_dags/example_sensors.py
[2023-03-01T15:39:44.274+0000] {logging_mixin.py:137} INFO - [2023-03-01T15:39:44.274+0000] {dag.py:2690} INFO - Sync 1 DAGs
[2023-03-01T15:39:44.298+0000] {logging_mixin.py:137} INFO - [2023-03-01T15:39:44.298+0000] {dag.py:3441} INFO - Setting next_dagrun for example_sensors to None, run_after=None
[2023-03-01T15:39:44.317+0000] {processor.py:175} INFO - Processing /home/airflow/.local/lib/python3.7/site-packages/airflow/example_dags/example_sensors.py took 0.086 seconds
[2023-03-01T15:40:14.962+0000] {processor.py:153} INFO - Started process (PID=3915) to work on /home/airflow/.local/lib/python3.7/site-packages/airflow/example_dags/example_sensors.py
[2023-03-01T15:40:14.963+0000] {processor.py:743} INFO - Processing file /home/airflow/.local/lib/python3.7/site-packages/airflow/example_dags/example_sensors.py for tasks to queue
[2023-03-01T15:40:14.963+0000] {logging_mixin.py:137} INFO - [2023-03-01T15:40:14.963+0000] {dagbag.py:538} INFO - Filling up the DagBag from /home/airflow/.local/lib/python3.7/site-packages/airflow/example_dags/example_sensors.py
[2023-03-01T15:40:14.986+0000] {processor.py:753} INFO - DAG(s) dict_keys(['example_sensors']) retrieved from /home/airflow/.local/lib/python3.7/site-packages/airflow/example_dags/example_sensors.py
[2023-03-01T15:40:15.014+0000] {logging_mixin.py:137} INFO - [2023-03-01T15:40:15.014+0000] {dag.py:2690} INFO - Sync 1 DAGs
[2023-03-01T15:40:15.040+0000] {logging_mixin.py:137} INFO - [2023-03-01T15:40:15.039+0000] {dag.py:3441} INFO - Setting next_dagrun for example_sensors to None, run_after=None
[2023-03-01T15:40:15.061+0000] {processor.py:175} INFO - Processing /home/airflow/.local/lib/python3.7/site-packages/airflow/example_dags/example_sensors.py took 0.103 seconds
[2023-03-01T15:40:45.495+0000] {processor.py:153} INFO - Started process (PID=3994) to work on /home/airflow/.local/lib/python3.7/site-packages/airflow/example_dags/example_sensors.py
[2023-03-01T15:40:45.495+0000] {processor.py:743} INFO - Processing file /home/airflow/.local/lib/python3.7/site-packages/airflow/example_dags/example_sensors.py for tasks to queue
[2023-03-01T15:40:45.496+0000] {logging_mixin.py:137} INFO - [2023-03-01T15:40:45.496+0000] {dagbag.py:538} INFO - Filling up the DagBag from /home/airflow/.local/lib/python3.7/site-packages/airflow/example_dags/example_sensors.py
[2023-03-01T15:40:45.510+0000] {processor.py:753} INFO - DAG(s) dict_keys(['example_sensors']) retrieved from /home/airflow/.local/lib/python3.7/site-packages/airflow/example_dags/example_sensors.py
[2023-03-01T15:40:45.534+0000] {logging_mixin.py:137} INFO - [2023-03-01T15:40:45.534+0000] {dag.py:2690} INFO - Sync 1 DAGs
[2023-03-01T15:40:45.556+0000] {logging_mixin.py:137} INFO - [2023-03-01T15:40:45.556+0000] {dag.py:3441} INFO - Setting next_dagrun for example_sensors to None, run_after=None
[2023-03-01T15:40:45.577+0000] {processor.py:175} INFO - Processing /home/airflow/.local/lib/python3.7/site-packages/airflow/example_dags/example_sensors.py took 0.085 seconds
[2023-03-01T15:41:16.278+0000] {processor.py:153} INFO - Started process (PID=4093) to work on /home/airflow/.local/lib/python3.7/site-packages/airflow/example_dags/example_sensors.py
[2023-03-01T15:41:16.279+0000] {processor.py:743} INFO - Processing file /home/airflow/.local/lib/python3.7/site-packages/airflow/example_dags/example_sensors.py for tasks to queue
[2023-03-01T15:41:16.279+0000] {logging_mixin.py:137} INFO - [2023-03-01T15:41:16.279+0000] {dagbag.py:538} INFO - Filling up the DagBag from /home/airflow/.local/lib/python3.7/site-packages/airflow/example_dags/example_sensors.py
[2023-03-01T15:41:16.294+0000] {processor.py:753} INFO - DAG(s) dict_keys(['example_sensors']) retrieved from /home/airflow/.local/lib/python3.7/site-packages/airflow/example_dags/example_sensors.py
[2023-03-01T15:41:16.318+0000] {logging_mixin.py:137} INFO - [2023-03-01T15:41:16.318+0000] {dag.py:2690} INFO - Sync 1 DAGs
[2023-03-01T15:41:16.340+0000] {logging_mixin.py:137} INFO - [2023-03-01T15:41:16.340+0000] {dag.py:3441} INFO - Setting next_dagrun for example_sensors to None, run_after=None
[2023-03-01T15:41:16.360+0000] {processor.py:175} INFO - Processing /home/airflow/.local/lib/python3.7/site-packages/airflow/example_dags/example_sensors.py took 0.084 seconds
[2023-03-01T15:41:46.883+0000] {processor.py:153} INFO - Started process (PID=4179) to work on /home/airflow/.local/lib/python3.7/site-packages/airflow/example_dags/example_sensors.py
[2023-03-01T15:41:46.884+0000] {processor.py:743} INFO - Processing file /home/airflow/.local/lib/python3.7/site-packages/airflow/example_dags/example_sensors.py for tasks to queue
[2023-03-01T15:41:46.884+0000] {logging_mixin.py:137} INFO - [2023-03-01T15:41:46.884+0000] {dagbag.py:538} INFO - Filling up the DagBag from /home/airflow/.local/lib/python3.7/site-packages/airflow/example_dags/example_sensors.py
[2023-03-01T15:41:46.900+0000] {processor.py:753} INFO - DAG(s) dict_keys(['example_sensors']) retrieved from /home/airflow/.local/lib/python3.7/site-packages/airflow/example_dags/example_sensors.py
[2023-03-01T15:41:46.925+0000] {logging_mixin.py:137} INFO - [2023-03-01T15:41:46.925+0000] {dag.py:2690} INFO - Sync 1 DAGs
[2023-03-01T15:41:46.950+0000] {logging_mixin.py:137} INFO - [2023-03-01T15:41:46.949+0000] {dag.py:3441} INFO - Setting next_dagrun for example_sensors to None, run_after=None
[2023-03-01T15:41:46.968+0000] {processor.py:175} INFO - Processing /home/airflow/.local/lib/python3.7/site-packages/airflow/example_dags/example_sensors.py took 0.088 seconds
[2023-03-01T15:42:17.539+0000] {processor.py:153} INFO - Started process (PID=4271) to work on /home/airflow/.local/lib/python3.7/site-packages/airflow/example_dags/example_sensors.py
[2023-03-01T15:42:17.539+0000] {processor.py:743} INFO - Processing file /home/airflow/.local/lib/python3.7/site-packages/airflow/example_dags/example_sensors.py for tasks to queue
[2023-03-01T15:42:17.540+0000] {logging_mixin.py:137} INFO - [2023-03-01T15:42:17.540+0000] {dagbag.py:538} INFO - Filling up the DagBag from /home/airflow/.local/lib/python3.7/site-packages/airflow/example_dags/example_sensors.py
[2023-03-01T15:42:17.554+0000] {processor.py:753} INFO - DAG(s) dict_keys(['example_sensors']) retrieved from /home/airflow/.local/lib/python3.7/site-packages/airflow/example_dags/example_sensors.py
[2023-03-01T15:42:17.578+0000] {logging_mixin.py:137} INFO - [2023-03-01T15:42:17.578+0000] {dag.py:2690} INFO - Sync 1 DAGs
[2023-03-01T15:42:17.600+0000] {logging_mixin.py:137} INFO - [2023-03-01T15:42:17.600+0000] {dag.py:3441} INFO - Setting next_dagrun for example_sensors to None, run_after=None
[2023-03-01T15:42:17.618+0000] {processor.py:175} INFO - Processing /home/airflow/.local/lib/python3.7/site-packages/airflow/example_dags/example_sensors.py took 0.082 seconds
[2023-03-01T15:42:48.368+0000] {processor.py:153} INFO - Started process (PID=4359) to work on /home/airflow/.local/lib/python3.7/site-packages/airflow/example_dags/example_sensors.py
[2023-03-01T15:42:48.368+0000] {processor.py:743} INFO - Processing file /home/airflow/.local/lib/python3.7/site-packages/airflow/example_dags/example_sensors.py for tasks to queue
[2023-03-01T15:42:48.369+0000] {logging_mixin.py:137} INFO - [2023-03-01T15:42:48.369+0000] {dagbag.py:538} INFO - Filling up the DagBag from /home/airflow/.local/lib/python3.7/site-packages/airflow/example_dags/example_sensors.py
[2023-03-01T15:42:48.385+0000] {processor.py:753} INFO - DAG(s) dict_keys(['example_sensors']) retrieved from /home/airflow/.local/lib/python3.7/site-packages/airflow/example_dags/example_sensors.py
[2023-03-01T15:42:48.411+0000] {logging_mixin.py:137} INFO - [2023-03-01T15:42:48.411+0000] {dag.py:2690} INFO - Sync 1 DAGs
[2023-03-01T15:42:48.433+0000] {logging_mixin.py:137} INFO - [2023-03-01T15:42:48.433+0000] {dag.py:3441} INFO - Setting next_dagrun for example_sensors to None, run_after=None
[2023-03-01T15:42:48.451+0000] {processor.py:175} INFO - Processing /home/airflow/.local/lib/python3.7/site-packages/airflow/example_dags/example_sensors.py took 0.086 seconds
[2023-03-01T15:43:18.708+0000] {processor.py:153} INFO - Started process (PID=4449) to work on /home/airflow/.local/lib/python3.7/site-packages/airflow/example_dags/example_sensors.py
[2023-03-01T15:43:18.708+0000] {processor.py:743} INFO - Processing file /home/airflow/.local/lib/python3.7/site-packages/airflow/example_dags/example_sensors.py for tasks to queue
[2023-03-01T15:43:18.709+0000] {logging_mixin.py:137} INFO - [2023-03-01T15:43:18.709+0000] {dagbag.py:538} INFO - Filling up the DagBag from /home/airflow/.local/lib/python3.7/site-packages/airflow/example_dags/example_sensors.py
[2023-03-01T15:43:18.724+0000] {processor.py:753} INFO - DAG(s) dict_keys(['example_sensors']) retrieved from /home/airflow/.local/lib/python3.7/site-packages/airflow/example_dags/example_sensors.py
[2023-03-01T15:43:18.748+0000] {logging_mixin.py:137} INFO - [2023-03-01T15:43:18.747+0000] {dag.py:2690} INFO - Sync 1 DAGs
[2023-03-01T15:43:18.769+0000] {logging_mixin.py:137} INFO - [2023-03-01T15:43:18.769+0000] {dag.py:3441} INFO - Setting next_dagrun for example_sensors to None, run_after=None
[2023-03-01T15:43:18.786+0000] {processor.py:175} INFO - Processing /home/airflow/.local/lib/python3.7/site-packages/airflow/example_dags/example_sensors.py took 0.081 seconds
[2023-03-01T20:03:08.792+0000] {processor.py:153} INFO - Started process (PID=55) to work on /home/airflow/.local/lib/python3.7/site-packages/airflow/example_dags/example_sensors.py
[2023-03-01T20:03:08.793+0000] {processor.py:743} INFO - Processing file /home/airflow/.local/lib/python3.7/site-packages/airflow/example_dags/example_sensors.py for tasks to queue
[2023-03-01T20:03:08.794+0000] {logging_mixin.py:137} INFO - [2023-03-01T20:03:08.793+0000] {dagbag.py:538} INFO - Filling up the DagBag from /home/airflow/.local/lib/python3.7/site-packages/airflow/example_dags/example_sensors.py
[2023-03-01T20:03:08.813+0000] {processor.py:753} INFO - DAG(s) dict_keys(['example_sensors']) retrieved from /home/airflow/.local/lib/python3.7/site-packages/airflow/example_dags/example_sensors.py
[2023-03-01T20:03:08.825+0000] {logging_mixin.py:137} INFO - [2023-03-01T20:03:08.825+0000] {dag.py:2690} INFO - Sync 1 DAGs
[2023-03-01T20:03:08.855+0000] {logging_mixin.py:137} INFO - [2023-03-01T20:03:08.855+0000] {dag.py:3441} INFO - Setting next_dagrun for example_sensors to None, run_after=None
[2023-03-01T20:03:08.879+0000] {processor.py:175} INFO - Processing /home/airflow/.local/lib/python3.7/site-packages/airflow/example_dags/example_sensors.py took 0.089 seconds
[2023-03-01T20:03:39.823+0000] {processor.py:153} INFO - Started process (PID=154) to work on /home/airflow/.local/lib/python3.7/site-packages/airflow/example_dags/example_sensors.py
[2023-03-01T20:03:39.823+0000] {processor.py:743} INFO - Processing file /home/airflow/.local/lib/python3.7/site-packages/airflow/example_dags/example_sensors.py for tasks to queue
[2023-03-01T20:03:39.824+0000] {logging_mixin.py:137} INFO - [2023-03-01T20:03:39.824+0000] {dagbag.py:538} INFO - Filling up the DagBag from /home/airflow/.local/lib/python3.7/site-packages/airflow/example_dags/example_sensors.py
[2023-03-01T20:03:39.839+0000] {processor.py:753} INFO - DAG(s) dict_keys(['example_sensors']) retrieved from /home/airflow/.local/lib/python3.7/site-packages/airflow/example_dags/example_sensors.py
[2023-03-01T20:03:39.862+0000] {logging_mixin.py:137} INFO - [2023-03-01T20:03:39.861+0000] {dag.py:2690} INFO - Sync 1 DAGs
[2023-03-01T20:03:39.883+0000] {logging_mixin.py:137} INFO - [2023-03-01T20:03:39.883+0000] {dag.py:3441} INFO - Setting next_dagrun for example_sensors to None, run_after=None
[2023-03-01T20:03:39.901+0000] {processor.py:175} INFO - Processing /home/airflow/.local/lib/python3.7/site-packages/airflow/example_dags/example_sensors.py took 0.081 seconds
[2023-03-01T20:04:10.602+0000] {processor.py:153} INFO - Started process (PID=233) to work on /home/airflow/.local/lib/python3.7/site-packages/airflow/example_dags/example_sensors.py
[2023-03-01T20:04:10.603+0000] {processor.py:743} INFO - Processing file /home/airflow/.local/lib/python3.7/site-packages/airflow/example_dags/example_sensors.py for tasks to queue
[2023-03-01T20:04:10.603+0000] {logging_mixin.py:137} INFO - [2023-03-01T20:04:10.603+0000] {dagbag.py:538} INFO - Filling up the DagBag from /home/airflow/.local/lib/python3.7/site-packages/airflow/example_dags/example_sensors.py
[2023-03-01T20:04:10.617+0000] {processor.py:753} INFO - DAG(s) dict_keys(['example_sensors']) retrieved from /home/airflow/.local/lib/python3.7/site-packages/airflow/example_dags/example_sensors.py
[2023-03-01T20:04:10.640+0000] {logging_mixin.py:137} INFO - [2023-03-01T20:04:10.639+0000] {dag.py:2690} INFO - Sync 1 DAGs
[2023-03-01T20:04:10.667+0000] {logging_mixin.py:137} INFO - [2023-03-01T20:04:10.667+0000] {dag.py:3441} INFO - Setting next_dagrun for example_sensors to None, run_after=None
[2023-03-01T20:04:10.692+0000] {processor.py:175} INFO - Processing /home/airflow/.local/lib/python3.7/site-packages/airflow/example_dags/example_sensors.py took 0.092 seconds
[2023-03-01T20:04:41.071+0000] {processor.py:153} INFO - Started process (PID=332) to work on /home/airflow/.local/lib/python3.7/site-packages/airflow/example_dags/example_sensors.py
[2023-03-01T20:04:41.072+0000] {processor.py:743} INFO - Processing file /home/airflow/.local/lib/python3.7/site-packages/airflow/example_dags/example_sensors.py for tasks to queue
[2023-03-01T20:04:41.072+0000] {logging_mixin.py:137} INFO - [2023-03-01T20:04:41.072+0000] {dagbag.py:538} INFO - Filling up the DagBag from /home/airflow/.local/lib/python3.7/site-packages/airflow/example_dags/example_sensors.py
[2023-03-01T20:04:41.090+0000] {processor.py:753} INFO - DAG(s) dict_keys(['example_sensors']) retrieved from /home/airflow/.local/lib/python3.7/site-packages/airflow/example_dags/example_sensors.py
[2023-03-01T20:04:41.152+0000] {logging_mixin.py:137} INFO - [2023-03-01T20:04:41.151+0000] {dag.py:2690} INFO - Sync 1 DAGs
[2023-03-01T20:04:41.180+0000] {logging_mixin.py:137} INFO - [2023-03-01T20:04:41.180+0000] {dag.py:3441} INFO - Setting next_dagrun for example_sensors to None, run_after=None
[2023-03-01T20:04:41.199+0000] {processor.py:175} INFO - Processing /home/airflow/.local/lib/python3.7/site-packages/airflow/example_dags/example_sensors.py took 0.131 seconds
[2023-03-01T20:05:11.589+0000] {processor.py:153} INFO - Started process (PID=411) to work on /home/airflow/.local/lib/python3.7/site-packages/airflow/example_dags/example_sensors.py
[2023-03-01T20:05:11.590+0000] {processor.py:743} INFO - Processing file /home/airflow/.local/lib/python3.7/site-packages/airflow/example_dags/example_sensors.py for tasks to queue
[2023-03-01T20:05:11.590+0000] {logging_mixin.py:137} INFO - [2023-03-01T20:05:11.590+0000] {dagbag.py:538} INFO - Filling up the DagBag from /home/airflow/.local/lib/python3.7/site-packages/airflow/example_dags/example_sensors.py
[2023-03-01T20:05:11.611+0000] {processor.py:753} INFO - DAG(s) dict_keys(['example_sensors']) retrieved from /home/airflow/.local/lib/python3.7/site-packages/airflow/example_dags/example_sensors.py
[2023-03-01T20:05:11.635+0000] {logging_mixin.py:137} INFO - [2023-03-01T20:05:11.635+0000] {dag.py:2690} INFO - Sync 1 DAGs
[2023-03-01T20:05:11.658+0000] {logging_mixin.py:137} INFO - [2023-03-01T20:05:11.658+0000] {dag.py:3441} INFO - Setting next_dagrun for example_sensors to None, run_after=None
[2023-03-01T20:05:11.675+0000] {processor.py:175} INFO - Processing /home/airflow/.local/lib/python3.7/site-packages/airflow/example_dags/example_sensors.py took 0.088 seconds
[2023-03-01T20:05:42.013+0000] {processor.py:153} INFO - Started process (PID=510) to work on /home/airflow/.local/lib/python3.7/site-packages/airflow/example_dags/example_sensors.py
[2023-03-01T20:05:42.014+0000] {processor.py:743} INFO - Processing file /home/airflow/.local/lib/python3.7/site-packages/airflow/example_dags/example_sensors.py for tasks to queue
[2023-03-01T20:05:42.015+0000] {logging_mixin.py:137} INFO - [2023-03-01T20:05:42.014+0000] {dagbag.py:538} INFO - Filling up the DagBag from /home/airflow/.local/lib/python3.7/site-packages/airflow/example_dags/example_sensors.py
[2023-03-01T20:05:42.029+0000] {processor.py:753} INFO - DAG(s) dict_keys(['example_sensors']) retrieved from /home/airflow/.local/lib/python3.7/site-packages/airflow/example_dags/example_sensors.py
[2023-03-01T20:05:42.057+0000] {logging_mixin.py:137} INFO - [2023-03-01T20:05:42.056+0000] {dag.py:2690} INFO - Sync 1 DAGs
[2023-03-01T20:05:42.084+0000] {logging_mixin.py:137} INFO - [2023-03-01T20:05:42.084+0000] {dag.py:3441} INFO - Setting next_dagrun for example_sensors to None, run_after=None
[2023-03-01T20:05:42.102+0000] {processor.py:175} INFO - Processing /home/airflow/.local/lib/python3.7/site-packages/airflow/example_dags/example_sensors.py took 0.092 seconds
[2023-03-01T20:06:12.747+0000] {processor.py:153} INFO - Started process (PID=589) to work on /home/airflow/.local/lib/python3.7/site-packages/airflow/example_dags/example_sensors.py
[2023-03-01T20:06:12.747+0000] {processor.py:743} INFO - Processing file /home/airflow/.local/lib/python3.7/site-packages/airflow/example_dags/example_sensors.py for tasks to queue
[2023-03-01T20:06:12.748+0000] {logging_mixin.py:137} INFO - [2023-03-01T20:06:12.748+0000] {dagbag.py:538} INFO - Filling up the DagBag from /home/airflow/.local/lib/python3.7/site-packages/airflow/example_dags/example_sensors.py
[2023-03-01T20:06:12.762+0000] {processor.py:753} INFO - DAG(s) dict_keys(['example_sensors']) retrieved from /home/airflow/.local/lib/python3.7/site-packages/airflow/example_dags/example_sensors.py
[2023-03-01T20:06:12.784+0000] {logging_mixin.py:137} INFO - [2023-03-01T20:06:12.784+0000] {dag.py:2690} INFO - Sync 1 DAGs
[2023-03-01T20:06:12.807+0000] {logging_mixin.py:137} INFO - [2023-03-01T20:06:12.807+0000] {dag.py:3441} INFO - Setting next_dagrun for example_sensors to None, run_after=None
[2023-03-01T20:06:12.825+0000] {processor.py:175} INFO - Processing /home/airflow/.local/lib/python3.7/site-packages/airflow/example_dags/example_sensors.py took 0.081 seconds
[2023-03-01T20:06:43.132+0000] {processor.py:153} INFO - Started process (PID=688) to work on /home/airflow/.local/lib/python3.7/site-packages/airflow/example_dags/example_sensors.py
[2023-03-01T20:06:43.133+0000] {processor.py:743} INFO - Processing file /home/airflow/.local/lib/python3.7/site-packages/airflow/example_dags/example_sensors.py for tasks to queue
[2023-03-01T20:06:43.133+0000] {logging_mixin.py:137} INFO - [2023-03-01T20:06:43.133+0000] {dagbag.py:538} INFO - Filling up the DagBag from /home/airflow/.local/lib/python3.7/site-packages/airflow/example_dags/example_sensors.py
[2023-03-01T20:06:43.147+0000] {processor.py:753} INFO - DAG(s) dict_keys(['example_sensors']) retrieved from /home/airflow/.local/lib/python3.7/site-packages/airflow/example_dags/example_sensors.py
[2023-03-01T20:06:43.169+0000] {logging_mixin.py:137} INFO - [2023-03-01T20:06:43.169+0000] {dag.py:2690} INFO - Sync 1 DAGs
[2023-03-01T20:06:43.192+0000] {logging_mixin.py:137} INFO - [2023-03-01T20:06:43.191+0000] {dag.py:3441} INFO - Setting next_dagrun for example_sensors to None, run_after=None
[2023-03-01T20:06:43.208+0000] {processor.py:175} INFO - Processing /home/airflow/.local/lib/python3.7/site-packages/airflow/example_dags/example_sensors.py took 0.078 seconds
[2023-03-01T20:07:13.554+0000] {processor.py:153} INFO - Started process (PID=767) to work on /home/airflow/.local/lib/python3.7/site-packages/airflow/example_dags/example_sensors.py
[2023-03-01T20:07:13.554+0000] {processor.py:743} INFO - Processing file /home/airflow/.local/lib/python3.7/site-packages/airflow/example_dags/example_sensors.py for tasks to queue
[2023-03-01T20:07:13.555+0000] {logging_mixin.py:137} INFO - [2023-03-01T20:07:13.555+0000] {dagbag.py:538} INFO - Filling up the DagBag from /home/airflow/.local/lib/python3.7/site-packages/airflow/example_dags/example_sensors.py
[2023-03-01T20:07:13.570+0000] {processor.py:753} INFO - DAG(s) dict_keys(['example_sensors']) retrieved from /home/airflow/.local/lib/python3.7/site-packages/airflow/example_dags/example_sensors.py
[2023-03-01T20:07:13.593+0000] {logging_mixin.py:137} INFO - [2023-03-01T20:07:13.593+0000] {dag.py:2690} INFO - Sync 1 DAGs
[2023-03-01T20:07:13.613+0000] {logging_mixin.py:137} INFO - [2023-03-01T20:07:13.613+0000] {dag.py:3441} INFO - Setting next_dagrun for example_sensors to None, run_after=None
[2023-03-01T20:07:13.630+0000] {processor.py:175} INFO - Processing /home/airflow/.local/lib/python3.7/site-packages/airflow/example_dags/example_sensors.py took 0.078 seconds
[2023-03-01T20:07:44.475+0000] {processor.py:153} INFO - Started process (PID=866) to work on /home/airflow/.local/lib/python3.7/site-packages/airflow/example_dags/example_sensors.py
[2023-03-01T20:07:44.475+0000] {processor.py:743} INFO - Processing file /home/airflow/.local/lib/python3.7/site-packages/airflow/example_dags/example_sensors.py for tasks to queue
[2023-03-01T20:07:44.476+0000] {logging_mixin.py:137} INFO - [2023-03-01T20:07:44.476+0000] {dagbag.py:538} INFO - Filling up the DagBag from /home/airflow/.local/lib/python3.7/site-packages/airflow/example_dags/example_sensors.py
[2023-03-01T20:07:44.492+0000] {processor.py:753} INFO - DAG(s) dict_keys(['example_sensors']) retrieved from /home/airflow/.local/lib/python3.7/site-packages/airflow/example_dags/example_sensors.py
[2023-03-01T20:07:44.518+0000] {logging_mixin.py:137} INFO - [2023-03-01T20:07:44.518+0000] {dag.py:2690} INFO - Sync 1 DAGs
[2023-03-01T20:07:44.541+0000] {logging_mixin.py:137} INFO - [2023-03-01T20:07:44.541+0000] {dag.py:3441} INFO - Setting next_dagrun for example_sensors to None, run_after=None
[2023-03-01T20:07:44.558+0000] {processor.py:175} INFO - Processing /home/airflow/.local/lib/python3.7/site-packages/airflow/example_dags/example_sensors.py took 0.086 seconds
