[2023-03-01T15:18:19.491+0000] {processor.py:153} INFO - Started process (PID=89) to work on /home/airflow/.local/lib/python3.7/site-packages/airflow/example_dags/example_short_circuit_decorator.py
[2023-03-01T15:18:19.492+0000] {processor.py:743} INFO - Processing file /home/airflow/.local/lib/python3.7/site-packages/airflow/example_dags/example_short_circuit_decorator.py for tasks to queue
[2023-03-01T15:18:19.493+0000] {logging_mixin.py:137} INFO - [2023-03-01T15:18:19.493+0000] {dagbag.py:538} INFO - Filling up the DagBag from /home/airflow/.local/lib/python3.7/site-packages/airflow/example_dags/example_short_circuit_decorator.py
[2023-03-01T15:18:19.532+0000] {processor.py:753} INFO - DAG(s) dict_keys(['example_short_circuit_decorator']) retrieved from /home/airflow/.local/lib/python3.7/site-packages/airflow/example_dags/example_short_circuit_decorator.py
[2023-03-01T15:18:19.548+0000] {logging_mixin.py:137} INFO - [2023-03-01T15:18:19.548+0000] {dag.py:2690} INFO - Sync 1 DAGs
[2023-03-01T15:18:19.590+0000] {logging_mixin.py:137} INFO - [2023-03-01T15:18:19.590+0000] {dag.py:3441} INFO - Setting next_dagrun for example_short_circuit_decorator to 2023-02-28T15:18:19.590003+00:00, run_after=2023-03-01T15:18:19.590003+00:00
[2023-03-01T15:18:19.632+0000] {processor.py:175} INFO - Processing /home/airflow/.local/lib/python3.7/site-packages/airflow/example_dags/example_short_circuit_decorator.py took 0.145 seconds
[2023-03-01T15:18:50.443+0000] {processor.py:153} INFO - Started process (PID=168) to work on /home/airflow/.local/lib/python3.7/site-packages/airflow/example_dags/example_short_circuit_decorator.py
[2023-03-01T15:18:50.444+0000] {processor.py:743} INFO - Processing file /home/airflow/.local/lib/python3.7/site-packages/airflow/example_dags/example_short_circuit_decorator.py for tasks to queue
[2023-03-01T15:18:50.444+0000] {logging_mixin.py:137} INFO - [2023-03-01T15:18:50.444+0000] {dagbag.py:538} INFO - Filling up the DagBag from /home/airflow/.local/lib/python3.7/site-packages/airflow/example_dags/example_short_circuit_decorator.py
[2023-03-01T15:18:50.469+0000] {processor.py:753} INFO - DAG(s) dict_keys(['example_short_circuit_decorator']) retrieved from /home/airflow/.local/lib/python3.7/site-packages/airflow/example_dags/example_short_circuit_decorator.py
[2023-03-01T15:18:50.492+0000] {logging_mixin.py:137} INFO - [2023-03-01T15:18:50.492+0000] {dag.py:2690} INFO - Sync 1 DAGs
[2023-03-01T15:18:50.514+0000] {logging_mixin.py:137} INFO - [2023-03-01T15:18:50.514+0000] {dag.py:3441} INFO - Setting next_dagrun for example_short_circuit_decorator to 2023-02-28T15:18:50.514245+00:00, run_after=2023-03-01T15:18:50.514245+00:00
[2023-03-01T15:18:50.534+0000] {processor.py:175} INFO - Processing /home/airflow/.local/lib/python3.7/site-packages/airflow/example_dags/example_short_circuit_decorator.py took 0.093 seconds
[2023-03-01T15:19:21.246+0000] {processor.py:153} INFO - Started process (PID=267) to work on /home/airflow/.local/lib/python3.7/site-packages/airflow/example_dags/example_short_circuit_decorator.py
[2023-03-01T15:19:21.247+0000] {processor.py:743} INFO - Processing file /home/airflow/.local/lib/python3.7/site-packages/airflow/example_dags/example_short_circuit_decorator.py for tasks to queue
[2023-03-01T15:19:21.247+0000] {logging_mixin.py:137} INFO - [2023-03-01T15:19:21.247+0000] {dagbag.py:538} INFO - Filling up the DagBag from /home/airflow/.local/lib/python3.7/site-packages/airflow/example_dags/example_short_circuit_decorator.py
[2023-03-01T15:19:21.268+0000] {processor.py:753} INFO - DAG(s) dict_keys(['example_short_circuit_decorator']) retrieved from /home/airflow/.local/lib/python3.7/site-packages/airflow/example_dags/example_short_circuit_decorator.py
[2023-03-01T15:19:21.292+0000] {logging_mixin.py:137} INFO - [2023-03-01T15:19:21.292+0000] {dag.py:2690} INFO - Sync 1 DAGs
[2023-03-01T15:19:21.319+0000] {logging_mixin.py:137} INFO - [2023-03-01T15:19:21.319+0000] {dag.py:3441} INFO - Setting next_dagrun for example_short_circuit_decorator to 2023-02-28T15:19:21.319506+00:00, run_after=2023-03-01T15:19:21.319506+00:00
[2023-03-01T15:19:21.341+0000] {processor.py:175} INFO - Processing /home/airflow/.local/lib/python3.7/site-packages/airflow/example_dags/example_short_circuit_decorator.py took 0.097 seconds
[2023-03-01T15:19:52.199+0000] {processor.py:153} INFO - Started process (PID=346) to work on /home/airflow/.local/lib/python3.7/site-packages/airflow/example_dags/example_short_circuit_decorator.py
[2023-03-01T15:19:52.200+0000] {processor.py:743} INFO - Processing file /home/airflow/.local/lib/python3.7/site-packages/airflow/example_dags/example_short_circuit_decorator.py for tasks to queue
[2023-03-01T15:19:52.200+0000] {logging_mixin.py:137} INFO - [2023-03-01T15:19:52.200+0000] {dagbag.py:538} INFO - Filling up the DagBag from /home/airflow/.local/lib/python3.7/site-packages/airflow/example_dags/example_short_circuit_decorator.py
[2023-03-01T15:19:52.224+0000] {processor.py:753} INFO - DAG(s) dict_keys(['example_short_circuit_decorator']) retrieved from /home/airflow/.local/lib/python3.7/site-packages/airflow/example_dags/example_short_circuit_decorator.py
[2023-03-01T15:19:52.247+0000] {logging_mixin.py:137} INFO - [2023-03-01T15:19:52.247+0000] {dag.py:2690} INFO - Sync 1 DAGs
[2023-03-01T15:19:52.269+0000] {logging_mixin.py:137} INFO - [2023-03-01T15:19:52.269+0000] {dag.py:3441} INFO - Setting next_dagrun for example_short_circuit_decorator to 2023-02-28T15:19:52.269358+00:00, run_after=2023-03-01T15:19:52.269358+00:00
[2023-03-01T15:19:52.289+0000] {processor.py:175} INFO - Processing /home/airflow/.local/lib/python3.7/site-packages/airflow/example_dags/example_short_circuit_decorator.py took 0.092 seconds
[2023-03-01T15:20:22.789+0000] {processor.py:153} INFO - Started process (PID=445) to work on /home/airflow/.local/lib/python3.7/site-packages/airflow/example_dags/example_short_circuit_decorator.py
[2023-03-01T15:20:22.792+0000] {processor.py:743} INFO - Processing file /home/airflow/.local/lib/python3.7/site-packages/airflow/example_dags/example_short_circuit_decorator.py for tasks to queue
[2023-03-01T15:20:22.792+0000] {logging_mixin.py:137} INFO - [2023-03-01T15:20:22.792+0000] {dagbag.py:538} INFO - Filling up the DagBag from /home/airflow/.local/lib/python3.7/site-packages/airflow/example_dags/example_short_circuit_decorator.py
[2023-03-01T15:20:22.815+0000] {processor.py:753} INFO - DAG(s) dict_keys(['example_short_circuit_decorator']) retrieved from /home/airflow/.local/lib/python3.7/site-packages/airflow/example_dags/example_short_circuit_decorator.py
[2023-03-01T15:20:22.841+0000] {logging_mixin.py:137} INFO - [2023-03-01T15:20:22.841+0000] {dag.py:2690} INFO - Sync 1 DAGs
[2023-03-01T15:20:22.870+0000] {logging_mixin.py:137} INFO - [2023-03-01T15:20:22.870+0000] {dag.py:3441} INFO - Setting next_dagrun for example_short_circuit_decorator to 2023-02-28T15:20:22.870208+00:00, run_after=2023-03-01T15:20:22.870208+00:00
[2023-03-01T15:20:22.899+0000] {processor.py:175} INFO - Processing /home/airflow/.local/lib/python3.7/site-packages/airflow/example_dags/example_short_circuit_decorator.py took 0.113 seconds
[2023-03-01T15:20:53.550+0000] {processor.py:153} INFO - Started process (PID=524) to work on /home/airflow/.local/lib/python3.7/site-packages/airflow/example_dags/example_short_circuit_decorator.py
[2023-03-01T15:20:53.550+0000] {processor.py:743} INFO - Processing file /home/airflow/.local/lib/python3.7/site-packages/airflow/example_dags/example_short_circuit_decorator.py for tasks to queue
[2023-03-01T15:20:53.551+0000] {logging_mixin.py:137} INFO - [2023-03-01T15:20:53.550+0000] {dagbag.py:538} INFO - Filling up the DagBag from /home/airflow/.local/lib/python3.7/site-packages/airflow/example_dags/example_short_circuit_decorator.py
[2023-03-01T15:20:53.569+0000] {processor.py:753} INFO - DAG(s) dict_keys(['example_short_circuit_decorator']) retrieved from /home/airflow/.local/lib/python3.7/site-packages/airflow/example_dags/example_short_circuit_decorator.py
[2023-03-01T15:20:53.590+0000] {logging_mixin.py:137} INFO - [2023-03-01T15:20:53.590+0000] {dag.py:2690} INFO - Sync 1 DAGs
[2023-03-01T15:20:53.613+0000] {logging_mixin.py:137} INFO - [2023-03-01T15:20:53.613+0000] {dag.py:3441} INFO - Setting next_dagrun for example_short_circuit_decorator to 2023-02-28T15:20:53.613528+00:00, run_after=2023-03-01T15:20:53.613528+00:00
[2023-03-01T15:20:53.632+0000] {processor.py:175} INFO - Processing /home/airflow/.local/lib/python3.7/site-packages/airflow/example_dags/example_short_circuit_decorator.py took 0.085 seconds
[2023-03-01T15:21:24.016+0000] {processor.py:153} INFO - Started process (PID=623) to work on /home/airflow/.local/lib/python3.7/site-packages/airflow/example_dags/example_short_circuit_decorator.py
[2023-03-01T15:21:24.017+0000] {processor.py:743} INFO - Processing file /home/airflow/.local/lib/python3.7/site-packages/airflow/example_dags/example_short_circuit_decorator.py for tasks to queue
[2023-03-01T15:21:24.017+0000] {logging_mixin.py:137} INFO - [2023-03-01T15:21:24.017+0000] {dagbag.py:538} INFO - Filling up the DagBag from /home/airflow/.local/lib/python3.7/site-packages/airflow/example_dags/example_short_circuit_decorator.py
[2023-03-01T15:21:24.037+0000] {processor.py:753} INFO - DAG(s) dict_keys(['example_short_circuit_decorator']) retrieved from /home/airflow/.local/lib/python3.7/site-packages/airflow/example_dags/example_short_circuit_decorator.py
[2023-03-01T15:21:24.062+0000] {logging_mixin.py:137} INFO - [2023-03-01T15:21:24.062+0000] {dag.py:2690} INFO - Sync 1 DAGs
[2023-03-01T15:21:24.091+0000] {logging_mixin.py:137} INFO - [2023-03-01T15:21:24.090+0000] {dag.py:3441} INFO - Setting next_dagrun for example_short_circuit_decorator to 2023-02-28T15:21:24.090655+00:00, run_after=2023-03-01T15:21:24.090655+00:00
[2023-03-01T15:21:24.113+0000] {processor.py:175} INFO - Processing /home/airflow/.local/lib/python3.7/site-packages/airflow/example_dags/example_short_circuit_decorator.py took 0.099 seconds
[2023-03-01T15:21:54.414+0000] {processor.py:153} INFO - Started process (PID=703) to work on /home/airflow/.local/lib/python3.7/site-packages/airflow/example_dags/example_short_circuit_decorator.py
[2023-03-01T15:21:54.415+0000] {processor.py:743} INFO - Processing file /home/airflow/.local/lib/python3.7/site-packages/airflow/example_dags/example_short_circuit_decorator.py for tasks to queue
[2023-03-01T15:21:54.415+0000] {logging_mixin.py:137} INFO - [2023-03-01T15:21:54.415+0000] {dagbag.py:538} INFO - Filling up the DagBag from /home/airflow/.local/lib/python3.7/site-packages/airflow/example_dags/example_short_circuit_decorator.py
[2023-03-01T15:21:54.443+0000] {processor.py:753} INFO - DAG(s) dict_keys(['example_short_circuit_decorator']) retrieved from /home/airflow/.local/lib/python3.7/site-packages/airflow/example_dags/example_short_circuit_decorator.py
[2023-03-01T15:21:54.471+0000] {logging_mixin.py:137} INFO - [2023-03-01T15:21:54.471+0000] {dag.py:2690} INFO - Sync 1 DAGs
[2023-03-01T15:21:54.500+0000] {logging_mixin.py:137} INFO - [2023-03-01T15:21:54.499+0000] {dag.py:3441} INFO - Setting next_dagrun for example_short_circuit_decorator to 2023-02-28T15:21:54.499787+00:00, run_after=2023-03-01T15:21:54.499787+00:00
[2023-03-01T15:21:54.520+0000] {processor.py:175} INFO - Processing /home/airflow/.local/lib/python3.7/site-packages/airflow/example_dags/example_short_circuit_decorator.py took 0.108 seconds
[2023-03-01T15:22:25.032+0000] {processor.py:153} INFO - Started process (PID=802) to work on /home/airflow/.local/lib/python3.7/site-packages/airflow/example_dags/example_short_circuit_decorator.py
[2023-03-01T15:22:25.032+0000] {processor.py:743} INFO - Processing file /home/airflow/.local/lib/python3.7/site-packages/airflow/example_dags/example_short_circuit_decorator.py for tasks to queue
[2023-03-01T15:22:25.033+0000] {logging_mixin.py:137} INFO - [2023-03-01T15:22:25.033+0000] {dagbag.py:538} INFO - Filling up the DagBag from /home/airflow/.local/lib/python3.7/site-packages/airflow/example_dags/example_short_circuit_decorator.py
[2023-03-01T15:22:25.054+0000] {processor.py:753} INFO - DAG(s) dict_keys(['example_short_circuit_decorator']) retrieved from /home/airflow/.local/lib/python3.7/site-packages/airflow/example_dags/example_short_circuit_decorator.py
[2023-03-01T15:22:25.076+0000] {logging_mixin.py:137} INFO - [2023-03-01T15:22:25.076+0000] {dag.py:2690} INFO - Sync 1 DAGs
[2023-03-01T15:22:25.099+0000] {logging_mixin.py:137} INFO - [2023-03-01T15:22:25.099+0000] {dag.py:3441} INFO - Setting next_dagrun for example_short_circuit_decorator to 2023-02-28T15:22:25.099155+00:00, run_after=2023-03-01T15:22:25.099155+00:00
[2023-03-01T15:22:25.118+0000] {processor.py:175} INFO - Processing /home/airflow/.local/lib/python3.7/site-packages/airflow/example_dags/example_short_circuit_decorator.py took 0.089 seconds
[2023-03-01T15:22:55.481+0000] {processor.py:153} INFO - Started process (PID=881) to work on /home/airflow/.local/lib/python3.7/site-packages/airflow/example_dags/example_short_circuit_decorator.py
[2023-03-01T15:22:55.482+0000] {processor.py:743} INFO - Processing file /home/airflow/.local/lib/python3.7/site-packages/airflow/example_dags/example_short_circuit_decorator.py for tasks to queue
[2023-03-01T15:22:55.482+0000] {logging_mixin.py:137} INFO - [2023-03-01T15:22:55.482+0000] {dagbag.py:538} INFO - Filling up the DagBag from /home/airflow/.local/lib/python3.7/site-packages/airflow/example_dags/example_short_circuit_decorator.py
[2023-03-01T15:22:55.501+0000] {processor.py:753} INFO - DAG(s) dict_keys(['example_short_circuit_decorator']) retrieved from /home/airflow/.local/lib/python3.7/site-packages/airflow/example_dags/example_short_circuit_decorator.py
[2023-03-01T15:22:55.523+0000] {logging_mixin.py:137} INFO - [2023-03-01T15:22:55.523+0000] {dag.py:2690} INFO - Sync 1 DAGs
[2023-03-01T15:22:55.545+0000] {logging_mixin.py:137} INFO - [2023-03-01T15:22:55.545+0000] {dag.py:3441} INFO - Setting next_dagrun for example_short_circuit_decorator to 2023-02-28T15:22:55.545621+00:00, run_after=2023-03-01T15:22:55.545621+00:00
[2023-03-01T15:22:55.566+0000] {processor.py:175} INFO - Processing /home/airflow/.local/lib/python3.7/site-packages/airflow/example_dags/example_short_circuit_decorator.py took 0.087 seconds
[2023-03-01T15:23:26.243+0000] {processor.py:153} INFO - Started process (PID=980) to work on /home/airflow/.local/lib/python3.7/site-packages/airflow/example_dags/example_short_circuit_decorator.py
[2023-03-01T15:23:26.244+0000] {processor.py:743} INFO - Processing file /home/airflow/.local/lib/python3.7/site-packages/airflow/example_dags/example_short_circuit_decorator.py for tasks to queue
[2023-03-01T15:23:26.245+0000] {logging_mixin.py:137} INFO - [2023-03-01T15:23:26.245+0000] {dagbag.py:538} INFO - Filling up the DagBag from /home/airflow/.local/lib/python3.7/site-packages/airflow/example_dags/example_short_circuit_decorator.py
[2023-03-01T15:23:26.265+0000] {processor.py:753} INFO - DAG(s) dict_keys(['example_short_circuit_decorator']) retrieved from /home/airflow/.local/lib/python3.7/site-packages/airflow/example_dags/example_short_circuit_decorator.py
[2023-03-01T15:23:26.290+0000] {logging_mixin.py:137} INFO - [2023-03-01T15:23:26.290+0000] {dag.py:2690} INFO - Sync 1 DAGs
[2023-03-01T15:23:26.315+0000] {logging_mixin.py:137} INFO - [2023-03-01T15:23:26.315+0000] {dag.py:3441} INFO - Setting next_dagrun for example_short_circuit_decorator to 2023-02-28T15:23:26.315630+00:00, run_after=2023-03-01T15:23:26.315630+00:00
[2023-03-01T15:23:26.335+0000] {processor.py:175} INFO - Processing /home/airflow/.local/lib/python3.7/site-packages/airflow/example_dags/example_short_circuit_decorator.py took 0.094 seconds
[2023-03-01T15:23:56.714+0000] {processor.py:153} INFO - Started process (PID=1059) to work on /home/airflow/.local/lib/python3.7/site-packages/airflow/example_dags/example_short_circuit_decorator.py
[2023-03-01T15:23:56.715+0000] {processor.py:743} INFO - Processing file /home/airflow/.local/lib/python3.7/site-packages/airflow/example_dags/example_short_circuit_decorator.py for tasks to queue
[2023-03-01T15:23:56.716+0000] {logging_mixin.py:137} INFO - [2023-03-01T15:23:56.716+0000] {dagbag.py:538} INFO - Filling up the DagBag from /home/airflow/.local/lib/python3.7/site-packages/airflow/example_dags/example_short_circuit_decorator.py
[2023-03-01T15:23:56.737+0000] {processor.py:753} INFO - DAG(s) dict_keys(['example_short_circuit_decorator']) retrieved from /home/airflow/.local/lib/python3.7/site-packages/airflow/example_dags/example_short_circuit_decorator.py
[2023-03-01T15:23:56.763+0000] {logging_mixin.py:137} INFO - [2023-03-01T15:23:56.763+0000] {dag.py:2690} INFO - Sync 1 DAGs
[2023-03-01T15:23:56.794+0000] {logging_mixin.py:137} INFO - [2023-03-01T15:23:56.794+0000] {dag.py:3441} INFO - Setting next_dagrun for example_short_circuit_decorator to 2023-02-28T15:23:56.794438+00:00, run_after=2023-03-01T15:23:56.794438+00:00
[2023-03-01T15:23:56.812+0000] {processor.py:175} INFO - Processing /home/airflow/.local/lib/python3.7/site-packages/airflow/example_dags/example_short_circuit_decorator.py took 0.102 seconds
[2023-03-01T15:24:27.391+0000] {processor.py:153} INFO - Started process (PID=1158) to work on /home/airflow/.local/lib/python3.7/site-packages/airflow/example_dags/example_short_circuit_decorator.py
[2023-03-01T15:24:27.391+0000] {processor.py:743} INFO - Processing file /home/airflow/.local/lib/python3.7/site-packages/airflow/example_dags/example_short_circuit_decorator.py for tasks to queue
[2023-03-01T15:24:27.392+0000] {logging_mixin.py:137} INFO - [2023-03-01T15:24:27.392+0000] {dagbag.py:538} INFO - Filling up the DagBag from /home/airflow/.local/lib/python3.7/site-packages/airflow/example_dags/example_short_circuit_decorator.py
[2023-03-01T15:24:27.418+0000] {processor.py:753} INFO - DAG(s) dict_keys(['example_short_circuit_decorator']) retrieved from /home/airflow/.local/lib/python3.7/site-packages/airflow/example_dags/example_short_circuit_decorator.py
[2023-03-01T15:24:27.440+0000] {logging_mixin.py:137} INFO - [2023-03-01T15:24:27.440+0000] {dag.py:2690} INFO - Sync 1 DAGs
[2023-03-01T15:24:27.462+0000] {logging_mixin.py:137} INFO - [2023-03-01T15:24:27.462+0000] {dag.py:3441} INFO - Setting next_dagrun for example_short_circuit_decorator to 2023-02-28T15:24:27.462467+00:00, run_after=2023-03-01T15:24:27.462467+00:00
[2023-03-01T15:24:27.480+0000] {processor.py:175} INFO - Processing /home/airflow/.local/lib/python3.7/site-packages/airflow/example_dags/example_short_circuit_decorator.py took 0.092 seconds
[2023-03-01T15:24:58.047+0000] {processor.py:153} INFO - Started process (PID=1237) to work on /home/airflow/.local/lib/python3.7/site-packages/airflow/example_dags/example_short_circuit_decorator.py
[2023-03-01T15:24:58.048+0000] {processor.py:743} INFO - Processing file /home/airflow/.local/lib/python3.7/site-packages/airflow/example_dags/example_short_circuit_decorator.py for tasks to queue
[2023-03-01T15:24:58.048+0000] {logging_mixin.py:137} INFO - [2023-03-01T15:24:58.048+0000] {dagbag.py:538} INFO - Filling up the DagBag from /home/airflow/.local/lib/python3.7/site-packages/airflow/example_dags/example_short_circuit_decorator.py
[2023-03-01T15:24:58.066+0000] {processor.py:753} INFO - DAG(s) dict_keys(['example_short_circuit_decorator']) retrieved from /home/airflow/.local/lib/python3.7/site-packages/airflow/example_dags/example_short_circuit_decorator.py
[2023-03-01T15:24:58.088+0000] {logging_mixin.py:137} INFO - [2023-03-01T15:24:58.088+0000] {dag.py:2690} INFO - Sync 1 DAGs
[2023-03-01T15:24:58.110+0000] {logging_mixin.py:137} INFO - [2023-03-01T15:24:58.110+0000] {dag.py:3441} INFO - Setting next_dagrun for example_short_circuit_decorator to 2023-02-28T15:24:58.110554+00:00, run_after=2023-03-01T15:24:58.110554+00:00
[2023-03-01T15:24:58.127+0000] {processor.py:175} INFO - Processing /home/airflow/.local/lib/python3.7/site-packages/airflow/example_dags/example_short_circuit_decorator.py took 0.083 seconds
[2023-03-01T15:25:28.716+0000] {processor.py:153} INFO - Started process (PID=1336) to work on /home/airflow/.local/lib/python3.7/site-packages/airflow/example_dags/example_short_circuit_decorator.py
[2023-03-01T15:25:28.717+0000] {processor.py:743} INFO - Processing file /home/airflow/.local/lib/python3.7/site-packages/airflow/example_dags/example_short_circuit_decorator.py for tasks to queue
[2023-03-01T15:25:28.718+0000] {logging_mixin.py:137} INFO - [2023-03-01T15:25:28.718+0000] {dagbag.py:538} INFO - Filling up the DagBag from /home/airflow/.local/lib/python3.7/site-packages/airflow/example_dags/example_short_circuit_decorator.py
[2023-03-01T15:25:28.741+0000] {processor.py:753} INFO - DAG(s) dict_keys(['example_short_circuit_decorator']) retrieved from /home/airflow/.local/lib/python3.7/site-packages/airflow/example_dags/example_short_circuit_decorator.py
[2023-03-01T15:25:28.768+0000] {logging_mixin.py:137} INFO - [2023-03-01T15:25:28.768+0000] {dag.py:2690} INFO - Sync 1 DAGs
[2023-03-01T15:25:28.793+0000] {logging_mixin.py:137} INFO - [2023-03-01T15:25:28.793+0000] {dag.py:3441} INFO - Setting next_dagrun for example_short_circuit_decorator to 2023-02-28T15:25:28.793111+00:00, run_after=2023-03-01T15:25:28.793111+00:00
[2023-03-01T15:25:28.811+0000] {processor.py:175} INFO - Processing /home/airflow/.local/lib/python3.7/site-packages/airflow/example_dags/example_short_circuit_decorator.py took 0.098 seconds
[2023-03-01T15:25:59.380+0000] {processor.py:153} INFO - Started process (PID=1415) to work on /home/airflow/.local/lib/python3.7/site-packages/airflow/example_dags/example_short_circuit_decorator.py
[2023-03-01T15:25:59.381+0000] {processor.py:743} INFO - Processing file /home/airflow/.local/lib/python3.7/site-packages/airflow/example_dags/example_short_circuit_decorator.py for tasks to queue
[2023-03-01T15:25:59.381+0000] {logging_mixin.py:137} INFO - [2023-03-01T15:25:59.381+0000] {dagbag.py:538} INFO - Filling up the DagBag from /home/airflow/.local/lib/python3.7/site-packages/airflow/example_dags/example_short_circuit_decorator.py
[2023-03-01T15:25:59.402+0000] {processor.py:753} INFO - DAG(s) dict_keys(['example_short_circuit_decorator']) retrieved from /home/airflow/.local/lib/python3.7/site-packages/airflow/example_dags/example_short_circuit_decorator.py
[2023-03-01T15:25:59.425+0000] {logging_mixin.py:137} INFO - [2023-03-01T15:25:59.425+0000] {dag.py:2690} INFO - Sync 1 DAGs
[2023-03-01T15:25:59.448+0000] {logging_mixin.py:137} INFO - [2023-03-01T15:25:59.448+0000] {dag.py:3441} INFO - Setting next_dagrun for example_short_circuit_decorator to 2023-02-28T15:25:59.448203+00:00, run_after=2023-03-01T15:25:59.448203+00:00
[2023-03-01T15:25:59.468+0000] {processor.py:175} INFO - Processing /home/airflow/.local/lib/python3.7/site-packages/airflow/example_dags/example_short_circuit_decorator.py took 0.090 seconds
[2023-03-01T15:26:29.989+0000] {processor.py:153} INFO - Started process (PID=1514) to work on /home/airflow/.local/lib/python3.7/site-packages/airflow/example_dags/example_short_circuit_decorator.py
[2023-03-01T15:26:29.990+0000] {processor.py:743} INFO - Processing file /home/airflow/.local/lib/python3.7/site-packages/airflow/example_dags/example_short_circuit_decorator.py for tasks to queue
[2023-03-01T15:26:29.990+0000] {logging_mixin.py:137} INFO - [2023-03-01T15:26:29.990+0000] {dagbag.py:538} INFO - Filling up the DagBag from /home/airflow/.local/lib/python3.7/site-packages/airflow/example_dags/example_short_circuit_decorator.py
[2023-03-01T15:26:30.009+0000] {processor.py:753} INFO - DAG(s) dict_keys(['example_short_circuit_decorator']) retrieved from /home/airflow/.local/lib/python3.7/site-packages/airflow/example_dags/example_short_circuit_decorator.py
[2023-03-01T15:26:30.032+0000] {logging_mixin.py:137} INFO - [2023-03-01T15:26:30.032+0000] {dag.py:2690} INFO - Sync 1 DAGs
[2023-03-01T15:26:30.059+0000] {logging_mixin.py:137} INFO - [2023-03-01T15:26:30.059+0000] {dag.py:3441} INFO - Setting next_dagrun for example_short_circuit_decorator to 2023-02-28T15:26:30.059055+00:00, run_after=2023-03-01T15:26:30.059055+00:00
[2023-03-01T15:26:30.077+0000] {processor.py:175} INFO - Processing /home/airflow/.local/lib/python3.7/site-packages/airflow/example_dags/example_short_circuit_decorator.py took 0.090 seconds
[2023-03-01T15:27:00.418+0000] {processor.py:153} INFO - Started process (PID=1593) to work on /home/airflow/.local/lib/python3.7/site-packages/airflow/example_dags/example_short_circuit_decorator.py
[2023-03-01T15:27:00.419+0000] {processor.py:743} INFO - Processing file /home/airflow/.local/lib/python3.7/site-packages/airflow/example_dags/example_short_circuit_decorator.py for tasks to queue
[2023-03-01T15:27:00.419+0000] {logging_mixin.py:137} INFO - [2023-03-01T15:27:00.419+0000] {dagbag.py:538} INFO - Filling up the DagBag from /home/airflow/.local/lib/python3.7/site-packages/airflow/example_dags/example_short_circuit_decorator.py
[2023-03-01T15:27:00.444+0000] {processor.py:753} INFO - DAG(s) dict_keys(['example_short_circuit_decorator']) retrieved from /home/airflow/.local/lib/python3.7/site-packages/airflow/example_dags/example_short_circuit_decorator.py
[2023-03-01T15:27:00.507+0000] {logging_mixin.py:137} INFO - [2023-03-01T15:27:00.507+0000] {dag.py:2690} INFO - Sync 1 DAGs
[2023-03-01T15:27:00.529+0000] {logging_mixin.py:137} INFO - [2023-03-01T15:27:00.529+0000] {dag.py:3441} INFO - Setting next_dagrun for example_short_circuit_decorator to 2023-02-28T15:27:00.529260+00:00, run_after=2023-03-01T15:27:00.529260+00:00
[2023-03-01T15:27:00.546+0000] {processor.py:175} INFO - Processing /home/airflow/.local/lib/python3.7/site-packages/airflow/example_dags/example_short_circuit_decorator.py took 0.131 seconds
[2023-03-01T15:27:31.075+0000] {processor.py:153} INFO - Started process (PID=1693) to work on /home/airflow/.local/lib/python3.7/site-packages/airflow/example_dags/example_short_circuit_decorator.py
[2023-03-01T15:27:31.076+0000] {processor.py:743} INFO - Processing file /home/airflow/.local/lib/python3.7/site-packages/airflow/example_dags/example_short_circuit_decorator.py for tasks to queue
[2023-03-01T15:27:31.077+0000] {logging_mixin.py:137} INFO - [2023-03-01T15:27:31.077+0000] {dagbag.py:538} INFO - Filling up the DagBag from /home/airflow/.local/lib/python3.7/site-packages/airflow/example_dags/example_short_circuit_decorator.py
[2023-03-01T15:27:31.097+0000] {processor.py:753} INFO - DAG(s) dict_keys(['example_short_circuit_decorator']) retrieved from /home/airflow/.local/lib/python3.7/site-packages/airflow/example_dags/example_short_circuit_decorator.py
[2023-03-01T15:27:31.121+0000] {logging_mixin.py:137} INFO - [2023-03-01T15:27:31.121+0000] {dag.py:2690} INFO - Sync 1 DAGs
[2023-03-01T15:27:31.144+0000] {logging_mixin.py:137} INFO - [2023-03-01T15:27:31.144+0000] {dag.py:3441} INFO - Setting next_dagrun for example_short_circuit_decorator to 2023-02-28T15:27:31.144108+00:00, run_after=2023-03-01T15:27:31.144108+00:00
[2023-03-01T15:27:31.163+0000] {processor.py:175} INFO - Processing /home/airflow/.local/lib/python3.7/site-packages/airflow/example_dags/example_short_circuit_decorator.py took 0.090 seconds
[2023-03-01T15:28:01.689+0000] {processor.py:153} INFO - Started process (PID=1771) to work on /home/airflow/.local/lib/python3.7/site-packages/airflow/example_dags/example_short_circuit_decorator.py
[2023-03-01T15:28:01.690+0000] {processor.py:743} INFO - Processing file /home/airflow/.local/lib/python3.7/site-packages/airflow/example_dags/example_short_circuit_decorator.py for tasks to queue
[2023-03-01T15:28:01.690+0000] {logging_mixin.py:137} INFO - [2023-03-01T15:28:01.690+0000] {dagbag.py:538} INFO - Filling up the DagBag from /home/airflow/.local/lib/python3.7/site-packages/airflow/example_dags/example_short_circuit_decorator.py
[2023-03-01T15:28:01.715+0000] {processor.py:753} INFO - DAG(s) dict_keys(['example_short_circuit_decorator']) retrieved from /home/airflow/.local/lib/python3.7/site-packages/airflow/example_dags/example_short_circuit_decorator.py
[2023-03-01T15:28:01.741+0000] {logging_mixin.py:137} INFO - [2023-03-01T15:28:01.741+0000] {dag.py:2690} INFO - Sync 1 DAGs
[2023-03-01T15:28:01.767+0000] {logging_mixin.py:137} INFO - [2023-03-01T15:28:01.767+0000] {dag.py:3441} INFO - Setting next_dagrun for example_short_circuit_decorator to 2023-02-28T15:28:01.767176+00:00, run_after=2023-03-01T15:28:01.767176+00:00
[2023-03-01T15:28:01.787+0000] {processor.py:175} INFO - Processing /home/airflow/.local/lib/python3.7/site-packages/airflow/example_dags/example_short_circuit_decorator.py took 0.102 seconds
[2023-03-01T15:28:32.303+0000] {processor.py:153} INFO - Started process (PID=1870) to work on /home/airflow/.local/lib/python3.7/site-packages/airflow/example_dags/example_short_circuit_decorator.py
[2023-03-01T15:28:32.303+0000] {processor.py:743} INFO - Processing file /home/airflow/.local/lib/python3.7/site-packages/airflow/example_dags/example_short_circuit_decorator.py for tasks to queue
[2023-03-01T15:28:32.304+0000] {logging_mixin.py:137} INFO - [2023-03-01T15:28:32.304+0000] {dagbag.py:538} INFO - Filling up the DagBag from /home/airflow/.local/lib/python3.7/site-packages/airflow/example_dags/example_short_circuit_decorator.py
[2023-03-01T15:28:32.325+0000] {processor.py:753} INFO - DAG(s) dict_keys(['example_short_circuit_decorator']) retrieved from /home/airflow/.local/lib/python3.7/site-packages/airflow/example_dags/example_short_circuit_decorator.py
[2023-03-01T15:28:32.348+0000] {logging_mixin.py:137} INFO - [2023-03-01T15:28:32.348+0000] {dag.py:2690} INFO - Sync 1 DAGs
[2023-03-01T15:28:32.371+0000] {logging_mixin.py:137} INFO - [2023-03-01T15:28:32.371+0000] {dag.py:3441} INFO - Setting next_dagrun for example_short_circuit_decorator to 2023-02-28T15:28:32.371392+00:00, run_after=2023-03-01T15:28:32.371392+00:00
[2023-03-01T15:28:32.389+0000] {processor.py:175} INFO - Processing /home/airflow/.local/lib/python3.7/site-packages/airflow/example_dags/example_short_circuit_decorator.py took 0.090 seconds
[2023-03-01T15:29:02.786+0000] {processor.py:153} INFO - Started process (PID=1949) to work on /home/airflow/.local/lib/python3.7/site-packages/airflow/example_dags/example_short_circuit_decorator.py
[2023-03-01T15:29:02.787+0000] {processor.py:743} INFO - Processing file /home/airflow/.local/lib/python3.7/site-packages/airflow/example_dags/example_short_circuit_decorator.py for tasks to queue
[2023-03-01T15:29:02.787+0000] {logging_mixin.py:137} INFO - [2023-03-01T15:29:02.787+0000] {dagbag.py:538} INFO - Filling up the DagBag from /home/airflow/.local/lib/python3.7/site-packages/airflow/example_dags/example_short_circuit_decorator.py
[2023-03-01T15:29:02.806+0000] {processor.py:753} INFO - DAG(s) dict_keys(['example_short_circuit_decorator']) retrieved from /home/airflow/.local/lib/python3.7/site-packages/airflow/example_dags/example_short_circuit_decorator.py
[2023-03-01T15:29:02.828+0000] {logging_mixin.py:137} INFO - [2023-03-01T15:29:02.828+0000] {dag.py:2690} INFO - Sync 1 DAGs
[2023-03-01T15:29:02.851+0000] {logging_mixin.py:137} INFO - [2023-03-01T15:29:02.851+0000] {dag.py:3441} INFO - Setting next_dagrun for example_short_circuit_decorator to 2023-02-28T15:29:02.850853+00:00, run_after=2023-03-01T15:29:02.850853+00:00
[2023-03-01T15:29:02.868+0000] {processor.py:175} INFO - Processing /home/airflow/.local/lib/python3.7/site-packages/airflow/example_dags/example_short_circuit_decorator.py took 0.084 seconds
[2023-03-01T15:29:33.402+0000] {processor.py:153} INFO - Started process (PID=2048) to work on /home/airflow/.local/lib/python3.7/site-packages/airflow/example_dags/example_short_circuit_decorator.py
[2023-03-01T15:29:33.403+0000] {processor.py:743} INFO - Processing file /home/airflow/.local/lib/python3.7/site-packages/airflow/example_dags/example_short_circuit_decorator.py for tasks to queue
[2023-03-01T15:29:33.403+0000] {logging_mixin.py:137} INFO - [2023-03-01T15:29:33.403+0000] {dagbag.py:538} INFO - Filling up the DagBag from /home/airflow/.local/lib/python3.7/site-packages/airflow/example_dags/example_short_circuit_decorator.py
[2023-03-01T15:29:33.422+0000] {processor.py:753} INFO - DAG(s) dict_keys(['example_short_circuit_decorator']) retrieved from /home/airflow/.local/lib/python3.7/site-packages/airflow/example_dags/example_short_circuit_decorator.py
[2023-03-01T15:29:33.445+0000] {logging_mixin.py:137} INFO - [2023-03-01T15:29:33.444+0000] {dag.py:2690} INFO - Sync 1 DAGs
[2023-03-01T15:29:33.466+0000] {logging_mixin.py:137} INFO - [2023-03-01T15:29:33.466+0000] {dag.py:3441} INFO - Setting next_dagrun for example_short_circuit_decorator to 2023-02-28T15:29:33.466584+00:00, run_after=2023-03-01T15:29:33.466584+00:00
[2023-03-01T15:29:33.484+0000] {processor.py:175} INFO - Processing /home/airflow/.local/lib/python3.7/site-packages/airflow/example_dags/example_short_circuit_decorator.py took 0.085 seconds
[2023-03-01T15:30:04.166+0000] {processor.py:153} INFO - Started process (PID=2127) to work on /home/airflow/.local/lib/python3.7/site-packages/airflow/example_dags/example_short_circuit_decorator.py
[2023-03-01T15:30:04.167+0000] {processor.py:743} INFO - Processing file /home/airflow/.local/lib/python3.7/site-packages/airflow/example_dags/example_short_circuit_decorator.py for tasks to queue
[2023-03-01T15:30:04.167+0000] {logging_mixin.py:137} INFO - [2023-03-01T15:30:04.167+0000] {dagbag.py:538} INFO - Filling up the DagBag from /home/airflow/.local/lib/python3.7/site-packages/airflow/example_dags/example_short_circuit_decorator.py
[2023-03-01T15:30:04.186+0000] {processor.py:753} INFO - DAG(s) dict_keys(['example_short_circuit_decorator']) retrieved from /home/airflow/.local/lib/python3.7/site-packages/airflow/example_dags/example_short_circuit_decorator.py
[2023-03-01T15:30:04.208+0000] {logging_mixin.py:137} INFO - [2023-03-01T15:30:04.208+0000] {dag.py:2690} INFO - Sync 1 DAGs
[2023-03-01T15:30:04.231+0000] {logging_mixin.py:137} INFO - [2023-03-01T15:30:04.231+0000] {dag.py:3441} INFO - Setting next_dagrun for example_short_circuit_decorator to 2023-02-28T15:30:04.231513+00:00, run_after=2023-03-01T15:30:04.231513+00:00
[2023-03-01T15:30:04.253+0000] {processor.py:175} INFO - Processing /home/airflow/.local/lib/python3.7/site-packages/airflow/example_dags/example_short_circuit_decorator.py took 0.090 seconds
[2023-03-01T15:30:34.886+0000] {processor.py:153} INFO - Started process (PID=2227) to work on /home/airflow/.local/lib/python3.7/site-packages/airflow/example_dags/example_short_circuit_decorator.py
[2023-03-01T15:30:34.887+0000] {processor.py:743} INFO - Processing file /home/airflow/.local/lib/python3.7/site-packages/airflow/example_dags/example_short_circuit_decorator.py for tasks to queue
[2023-03-01T15:30:34.888+0000] {logging_mixin.py:137} INFO - [2023-03-01T15:30:34.888+0000] {dagbag.py:538} INFO - Filling up the DagBag from /home/airflow/.local/lib/python3.7/site-packages/airflow/example_dags/example_short_circuit_decorator.py
[2023-03-01T15:30:34.908+0000] {processor.py:753} INFO - DAG(s) dict_keys(['example_short_circuit_decorator']) retrieved from /home/airflow/.local/lib/python3.7/site-packages/airflow/example_dags/example_short_circuit_decorator.py
[2023-03-01T15:30:34.931+0000] {logging_mixin.py:137} INFO - [2023-03-01T15:30:34.931+0000] {dag.py:2690} INFO - Sync 1 DAGs
[2023-03-01T15:30:34.954+0000] {logging_mixin.py:137} INFO - [2023-03-01T15:30:34.954+0000] {dag.py:3441} INFO - Setting next_dagrun for example_short_circuit_decorator to 2023-02-28T15:30:34.954215+00:00, run_after=2023-03-01T15:30:34.954215+00:00
[2023-03-01T15:30:34.973+0000] {processor.py:175} INFO - Processing /home/airflow/.local/lib/python3.7/site-packages/airflow/example_dags/example_short_circuit_decorator.py took 0.090 seconds
[2023-03-01T15:31:05.635+0000] {processor.py:153} INFO - Started process (PID=2315) to work on /home/airflow/.local/lib/python3.7/site-packages/airflow/example_dags/example_short_circuit_decorator.py
[2023-03-01T15:31:05.636+0000] {processor.py:743} INFO - Processing file /home/airflow/.local/lib/python3.7/site-packages/airflow/example_dags/example_short_circuit_decorator.py for tasks to queue
[2023-03-01T15:31:05.636+0000] {logging_mixin.py:137} INFO - [2023-03-01T15:31:05.636+0000] {dagbag.py:538} INFO - Filling up the DagBag from /home/airflow/.local/lib/python3.7/site-packages/airflow/example_dags/example_short_circuit_decorator.py
[2023-03-01T15:31:05.657+0000] {processor.py:753} INFO - DAG(s) dict_keys(['example_short_circuit_decorator']) retrieved from /home/airflow/.local/lib/python3.7/site-packages/airflow/example_dags/example_short_circuit_decorator.py
[2023-03-01T15:31:05.681+0000] {logging_mixin.py:137} INFO - [2023-03-01T15:31:05.681+0000] {dag.py:2690} INFO - Sync 1 DAGs
[2023-03-01T15:31:05.706+0000] {logging_mixin.py:137} INFO - [2023-03-01T15:31:05.706+0000] {dag.py:3441} INFO - Setting next_dagrun for example_short_circuit_decorator to 2023-02-28T15:31:05.706557+00:00, run_after=2023-03-01T15:31:05.706557+00:00
[2023-03-01T15:31:05.726+0000] {processor.py:175} INFO - Processing /home/airflow/.local/lib/python3.7/site-packages/airflow/example_dags/example_short_circuit_decorator.py took 0.094 seconds
[2023-03-01T15:31:36.473+0000] {processor.py:153} INFO - Started process (PID=2405) to work on /home/airflow/.local/lib/python3.7/site-packages/airflow/example_dags/example_short_circuit_decorator.py
[2023-03-01T15:31:36.474+0000] {processor.py:743} INFO - Processing file /home/airflow/.local/lib/python3.7/site-packages/airflow/example_dags/example_short_circuit_decorator.py for tasks to queue
[2023-03-01T15:31:36.474+0000] {logging_mixin.py:137} INFO - [2023-03-01T15:31:36.474+0000] {dagbag.py:538} INFO - Filling up the DagBag from /home/airflow/.local/lib/python3.7/site-packages/airflow/example_dags/example_short_circuit_decorator.py
[2023-03-01T15:31:36.493+0000] {processor.py:753} INFO - DAG(s) dict_keys(['example_short_circuit_decorator']) retrieved from /home/airflow/.local/lib/python3.7/site-packages/airflow/example_dags/example_short_circuit_decorator.py
[2023-03-01T15:31:36.515+0000] {logging_mixin.py:137} INFO - [2023-03-01T15:31:36.515+0000] {dag.py:2690} INFO - Sync 1 DAGs
[2023-03-01T15:31:36.541+0000] {logging_mixin.py:137} INFO - [2023-03-01T15:31:36.540+0000] {dag.py:3441} INFO - Setting next_dagrun for example_short_circuit_decorator to 2023-02-28T15:31:36.540715+00:00, run_after=2023-03-01T15:31:36.540715+00:00
[2023-03-01T15:31:36.558+0000] {processor.py:175} INFO - Processing /home/airflow/.local/lib/python3.7/site-packages/airflow/example_dags/example_short_circuit_decorator.py took 0.087 seconds
[2023-03-01T15:32:07.102+0000] {processor.py:153} INFO - Started process (PID=2504) to work on /home/airflow/.local/lib/python3.7/site-packages/airflow/example_dags/example_short_circuit_decorator.py
[2023-03-01T15:32:07.103+0000] {processor.py:743} INFO - Processing file /home/airflow/.local/lib/python3.7/site-packages/airflow/example_dags/example_short_circuit_decorator.py for tasks to queue
[2023-03-01T15:32:07.103+0000] {logging_mixin.py:137} INFO - [2023-03-01T15:32:07.103+0000] {dagbag.py:538} INFO - Filling up the DagBag from /home/airflow/.local/lib/python3.7/site-packages/airflow/example_dags/example_short_circuit_decorator.py
[2023-03-01T15:32:07.123+0000] {processor.py:753} INFO - DAG(s) dict_keys(['example_short_circuit_decorator']) retrieved from /home/airflow/.local/lib/python3.7/site-packages/airflow/example_dags/example_short_circuit_decorator.py
[2023-03-01T15:32:07.146+0000] {logging_mixin.py:137} INFO - [2023-03-01T15:32:07.146+0000] {dag.py:2690} INFO - Sync 1 DAGs
[2023-03-01T15:32:07.172+0000] {logging_mixin.py:137} INFO - [2023-03-01T15:32:07.172+0000] {dag.py:3441} INFO - Setting next_dagrun for example_short_circuit_decorator to 2023-02-28T15:32:07.172246+00:00, run_after=2023-03-01T15:32:07.172246+00:00
[2023-03-01T15:32:07.197+0000] {processor.py:175} INFO - Processing /home/airflow/.local/lib/python3.7/site-packages/airflow/example_dags/example_short_circuit_decorator.py took 0.098 seconds
[2023-03-01T15:32:37.586+0000] {processor.py:153} INFO - Started process (PID=2583) to work on /home/airflow/.local/lib/python3.7/site-packages/airflow/example_dags/example_short_circuit_decorator.py
[2023-03-01T15:32:37.587+0000] {processor.py:743} INFO - Processing file /home/airflow/.local/lib/python3.7/site-packages/airflow/example_dags/example_short_circuit_decorator.py for tasks to queue
[2023-03-01T15:32:37.587+0000] {logging_mixin.py:137} INFO - [2023-03-01T15:32:37.587+0000] {dagbag.py:538} INFO - Filling up the DagBag from /home/airflow/.local/lib/python3.7/site-packages/airflow/example_dags/example_short_circuit_decorator.py
[2023-03-01T15:32:37.606+0000] {processor.py:753} INFO - DAG(s) dict_keys(['example_short_circuit_decorator']) retrieved from /home/airflow/.local/lib/python3.7/site-packages/airflow/example_dags/example_short_circuit_decorator.py
[2023-03-01T15:32:37.628+0000] {logging_mixin.py:137} INFO - [2023-03-01T15:32:37.628+0000] {dag.py:2690} INFO - Sync 1 DAGs
[2023-03-01T15:32:37.650+0000] {logging_mixin.py:137} INFO - [2023-03-01T15:32:37.650+0000] {dag.py:3441} INFO - Setting next_dagrun for example_short_circuit_decorator to 2023-02-28T15:32:37.650394+00:00, run_after=2023-03-01T15:32:37.650394+00:00
[2023-03-01T15:32:37.667+0000] {processor.py:175} INFO - Processing /home/airflow/.local/lib/python3.7/site-packages/airflow/example_dags/example_short_circuit_decorator.py took 0.083 seconds
[2023-03-01T15:33:08.462+0000] {processor.py:153} INFO - Started process (PID=2682) to work on /home/airflow/.local/lib/python3.7/site-packages/airflow/example_dags/example_short_circuit_decorator.py
[2023-03-01T15:33:08.462+0000] {processor.py:743} INFO - Processing file /home/airflow/.local/lib/python3.7/site-packages/airflow/example_dags/example_short_circuit_decorator.py for tasks to queue
[2023-03-01T15:33:08.463+0000] {logging_mixin.py:137} INFO - [2023-03-01T15:33:08.463+0000] {dagbag.py:538} INFO - Filling up the DagBag from /home/airflow/.local/lib/python3.7/site-packages/airflow/example_dags/example_short_circuit_decorator.py
[2023-03-01T15:33:08.483+0000] {processor.py:753} INFO - DAG(s) dict_keys(['example_short_circuit_decorator']) retrieved from /home/airflow/.local/lib/python3.7/site-packages/airflow/example_dags/example_short_circuit_decorator.py
[2023-03-01T15:33:08.509+0000] {logging_mixin.py:137} INFO - [2023-03-01T15:33:08.508+0000] {dag.py:2690} INFO - Sync 1 DAGs
[2023-03-01T15:33:08.532+0000] {logging_mixin.py:137} INFO - [2023-03-01T15:33:08.532+0000] {dag.py:3441} INFO - Setting next_dagrun for example_short_circuit_decorator to 2023-02-28T15:33:08.532067+00:00, run_after=2023-03-01T15:33:08.532067+00:00
[2023-03-01T15:33:08.552+0000] {processor.py:175} INFO - Processing /home/airflow/.local/lib/python3.7/site-packages/airflow/example_dags/example_short_circuit_decorator.py took 0.093 seconds
[2023-03-01T15:33:38.818+0000] {processor.py:153} INFO - Started process (PID=2761) to work on /home/airflow/.local/lib/python3.7/site-packages/airflow/example_dags/example_short_circuit_decorator.py
[2023-03-01T15:33:38.818+0000] {processor.py:743} INFO - Processing file /home/airflow/.local/lib/python3.7/site-packages/airflow/example_dags/example_short_circuit_decorator.py for tasks to queue
[2023-03-01T15:33:38.819+0000] {logging_mixin.py:137} INFO - [2023-03-01T15:33:38.819+0000] {dagbag.py:538} INFO - Filling up the DagBag from /home/airflow/.local/lib/python3.7/site-packages/airflow/example_dags/example_short_circuit_decorator.py
[2023-03-01T15:33:38.837+0000] {processor.py:753} INFO - DAG(s) dict_keys(['example_short_circuit_decorator']) retrieved from /home/airflow/.local/lib/python3.7/site-packages/airflow/example_dags/example_short_circuit_decorator.py
[2023-03-01T15:33:38.859+0000] {logging_mixin.py:137} INFO - [2023-03-01T15:33:38.859+0000] {dag.py:2690} INFO - Sync 1 DAGs
[2023-03-01T15:33:38.882+0000] {logging_mixin.py:137} INFO - [2023-03-01T15:33:38.882+0000] {dag.py:3441} INFO - Setting next_dagrun for example_short_circuit_decorator to 2023-02-28T15:33:38.882019+00:00, run_after=2023-03-01T15:33:38.882019+00:00
[2023-03-01T15:33:38.902+0000] {processor.py:175} INFO - Processing /home/airflow/.local/lib/python3.7/site-packages/airflow/example_dags/example_short_circuit_decorator.py took 0.086 seconds
[2023-03-01T15:34:09.683+0000] {processor.py:153} INFO - Started process (PID=2859) to work on /home/airflow/.local/lib/python3.7/site-packages/airflow/example_dags/example_short_circuit_decorator.py
[2023-03-01T15:34:09.684+0000] {processor.py:743} INFO - Processing file /home/airflow/.local/lib/python3.7/site-packages/airflow/example_dags/example_short_circuit_decorator.py for tasks to queue
[2023-03-01T15:34:09.684+0000] {logging_mixin.py:137} INFO - [2023-03-01T15:34:09.684+0000] {dagbag.py:538} INFO - Filling up the DagBag from /home/airflow/.local/lib/python3.7/site-packages/airflow/example_dags/example_short_circuit_decorator.py
[2023-03-01T15:34:09.703+0000] {processor.py:753} INFO - DAG(s) dict_keys(['example_short_circuit_decorator']) retrieved from /home/airflow/.local/lib/python3.7/site-packages/airflow/example_dags/example_short_circuit_decorator.py
[2023-03-01T15:34:09.724+0000] {logging_mixin.py:137} INFO - [2023-03-01T15:34:09.724+0000] {dag.py:2690} INFO - Sync 1 DAGs
[2023-03-01T15:34:09.748+0000] {logging_mixin.py:137} INFO - [2023-03-01T15:34:09.747+0000] {dag.py:3441} INFO - Setting next_dagrun for example_short_circuit_decorator to 2023-02-28T15:34:09.747789+00:00, run_after=2023-03-01T15:34:09.747789+00:00
[2023-03-01T15:34:09.765+0000] {processor.py:175} INFO - Processing /home/airflow/.local/lib/python3.7/site-packages/airflow/example_dags/example_short_circuit_decorator.py took 0.085 seconds
[2023-03-01T15:34:40.269+0000] {processor.py:153} INFO - Started process (PID=2939) to work on /home/airflow/.local/lib/python3.7/site-packages/airflow/example_dags/example_short_circuit_decorator.py
[2023-03-01T15:34:40.269+0000] {processor.py:743} INFO - Processing file /home/airflow/.local/lib/python3.7/site-packages/airflow/example_dags/example_short_circuit_decorator.py for tasks to queue
[2023-03-01T15:34:40.270+0000] {logging_mixin.py:137} INFO - [2023-03-01T15:34:40.270+0000] {dagbag.py:538} INFO - Filling up the DagBag from /home/airflow/.local/lib/python3.7/site-packages/airflow/example_dags/example_short_circuit_decorator.py
[2023-03-01T15:34:40.288+0000] {processor.py:753} INFO - DAG(s) dict_keys(['example_short_circuit_decorator']) retrieved from /home/airflow/.local/lib/python3.7/site-packages/airflow/example_dags/example_short_circuit_decorator.py
[2023-03-01T15:34:40.311+0000] {logging_mixin.py:137} INFO - [2023-03-01T15:34:40.310+0000] {dag.py:2690} INFO - Sync 1 DAGs
[2023-03-01T15:34:40.333+0000] {logging_mixin.py:137} INFO - [2023-03-01T15:34:40.332+0000] {dag.py:3441} INFO - Setting next_dagrun for example_short_circuit_decorator to 2023-02-28T15:34:40.332744+00:00, run_after=2023-03-01T15:34:40.332744+00:00
[2023-03-01T15:34:40.351+0000] {processor.py:175} INFO - Processing /home/airflow/.local/lib/python3.7/site-packages/airflow/example_dags/example_short_circuit_decorator.py took 0.085 seconds
[2023-03-01T15:35:10.913+0000] {processor.py:153} INFO - Started process (PID=3038) to work on /home/airflow/.local/lib/python3.7/site-packages/airflow/example_dags/example_short_circuit_decorator.py
[2023-03-01T15:35:10.914+0000] {processor.py:743} INFO - Processing file /home/airflow/.local/lib/python3.7/site-packages/airflow/example_dags/example_short_circuit_decorator.py for tasks to queue
[2023-03-01T15:35:10.914+0000] {logging_mixin.py:137} INFO - [2023-03-01T15:35:10.914+0000] {dagbag.py:538} INFO - Filling up the DagBag from /home/airflow/.local/lib/python3.7/site-packages/airflow/example_dags/example_short_circuit_decorator.py
[2023-03-01T15:35:10.933+0000] {processor.py:753} INFO - DAG(s) dict_keys(['example_short_circuit_decorator']) retrieved from /home/airflow/.local/lib/python3.7/site-packages/airflow/example_dags/example_short_circuit_decorator.py
[2023-03-01T15:35:10.954+0000] {logging_mixin.py:137} INFO - [2023-03-01T15:35:10.954+0000] {dag.py:2690} INFO - Sync 1 DAGs
[2023-03-01T15:35:10.977+0000] {logging_mixin.py:137} INFO - [2023-03-01T15:35:10.977+0000] {dag.py:3441} INFO - Setting next_dagrun for example_short_circuit_decorator to 2023-02-28T15:35:10.977444+00:00, run_after=2023-03-01T15:35:10.977444+00:00
[2023-03-01T15:35:10.995+0000] {processor.py:175} INFO - Processing /home/airflow/.local/lib/python3.7/site-packages/airflow/example_dags/example_short_circuit_decorator.py took 0.084 seconds
[2023-03-01T15:35:41.264+0000] {processor.py:153} INFO - Started process (PID=3117) to work on /home/airflow/.local/lib/python3.7/site-packages/airflow/example_dags/example_short_circuit_decorator.py
[2023-03-01T15:35:41.265+0000] {processor.py:743} INFO - Processing file /home/airflow/.local/lib/python3.7/site-packages/airflow/example_dags/example_short_circuit_decorator.py for tasks to queue
[2023-03-01T15:35:41.265+0000] {logging_mixin.py:137} INFO - [2023-03-01T15:35:41.265+0000] {dagbag.py:538} INFO - Filling up the DagBag from /home/airflow/.local/lib/python3.7/site-packages/airflow/example_dags/example_short_circuit_decorator.py
[2023-03-01T15:35:41.285+0000] {processor.py:753} INFO - DAG(s) dict_keys(['example_short_circuit_decorator']) retrieved from /home/airflow/.local/lib/python3.7/site-packages/airflow/example_dags/example_short_circuit_decorator.py
[2023-03-01T15:35:41.308+0000] {logging_mixin.py:137} INFO - [2023-03-01T15:35:41.308+0000] {dag.py:2690} INFO - Sync 1 DAGs
[2023-03-01T15:35:41.331+0000] {logging_mixin.py:137} INFO - [2023-03-01T15:35:41.331+0000] {dag.py:3441} INFO - Setting next_dagrun for example_short_circuit_decorator to 2023-02-28T15:35:41.331580+00:00, run_after=2023-03-01T15:35:41.331580+00:00
[2023-03-01T15:35:41.352+0000] {processor.py:175} INFO - Processing /home/airflow/.local/lib/python3.7/site-packages/airflow/example_dags/example_short_circuit_decorator.py took 0.090 seconds
[2023-03-01T15:36:11.929+0000] {processor.py:153} INFO - Started process (PID=3216) to work on /home/airflow/.local/lib/python3.7/site-packages/airflow/example_dags/example_short_circuit_decorator.py
[2023-03-01T15:36:11.930+0000] {processor.py:743} INFO - Processing file /home/airflow/.local/lib/python3.7/site-packages/airflow/example_dags/example_short_circuit_decorator.py for tasks to queue
[2023-03-01T15:36:11.930+0000] {logging_mixin.py:137} INFO - [2023-03-01T15:36:11.930+0000] {dagbag.py:538} INFO - Filling up the DagBag from /home/airflow/.local/lib/python3.7/site-packages/airflow/example_dags/example_short_circuit_decorator.py
[2023-03-01T15:36:11.949+0000] {processor.py:753} INFO - DAG(s) dict_keys(['example_short_circuit_decorator']) retrieved from /home/airflow/.local/lib/python3.7/site-packages/airflow/example_dags/example_short_circuit_decorator.py
[2023-03-01T15:36:11.971+0000] {logging_mixin.py:137} INFO - [2023-03-01T15:36:11.970+0000] {dag.py:2690} INFO - Sync 1 DAGs
[2023-03-01T15:36:11.994+0000] {logging_mixin.py:137} INFO - [2023-03-01T15:36:11.994+0000] {dag.py:3441} INFO - Setting next_dagrun for example_short_circuit_decorator to 2023-02-28T15:36:11.994371+00:00, run_after=2023-03-01T15:36:11.994371+00:00
[2023-03-01T15:36:12.012+0000] {processor.py:175} INFO - Processing /home/airflow/.local/lib/python3.7/site-packages/airflow/example_dags/example_short_circuit_decorator.py took 0.085 seconds
[2023-03-01T15:36:42.535+0000] {processor.py:153} INFO - Started process (PID=3295) to work on /home/airflow/.local/lib/python3.7/site-packages/airflow/example_dags/example_short_circuit_decorator.py
[2023-03-01T15:36:42.535+0000] {processor.py:743} INFO - Processing file /home/airflow/.local/lib/python3.7/site-packages/airflow/example_dags/example_short_circuit_decorator.py for tasks to queue
[2023-03-01T15:36:42.536+0000] {logging_mixin.py:137} INFO - [2023-03-01T15:36:42.536+0000] {dagbag.py:538} INFO - Filling up the DagBag from /home/airflow/.local/lib/python3.7/site-packages/airflow/example_dags/example_short_circuit_decorator.py
[2023-03-01T15:36:42.555+0000] {processor.py:753} INFO - DAG(s) dict_keys(['example_short_circuit_decorator']) retrieved from /home/airflow/.local/lib/python3.7/site-packages/airflow/example_dags/example_short_circuit_decorator.py
[2023-03-01T15:36:42.578+0000] {logging_mixin.py:137} INFO - [2023-03-01T15:36:42.578+0000] {dag.py:2690} INFO - Sync 1 DAGs
[2023-03-01T15:36:42.602+0000] {logging_mixin.py:137} INFO - [2023-03-01T15:36:42.602+0000] {dag.py:3441} INFO - Setting next_dagrun for example_short_circuit_decorator to 2023-02-28T15:36:42.602359+00:00, run_after=2023-03-01T15:36:42.602359+00:00
[2023-03-01T15:36:42.624+0000] {processor.py:175} INFO - Processing /home/airflow/.local/lib/python3.7/site-packages/airflow/example_dags/example_short_circuit_decorator.py took 0.092 seconds
[2023-03-01T15:37:13.269+0000] {processor.py:153} INFO - Started process (PID=3394) to work on /home/airflow/.local/lib/python3.7/site-packages/airflow/example_dags/example_short_circuit_decorator.py
[2023-03-01T15:37:13.269+0000] {processor.py:743} INFO - Processing file /home/airflow/.local/lib/python3.7/site-packages/airflow/example_dags/example_short_circuit_decorator.py for tasks to queue
[2023-03-01T15:37:13.270+0000] {logging_mixin.py:137} INFO - [2023-03-01T15:37:13.270+0000] {dagbag.py:538} INFO - Filling up the DagBag from /home/airflow/.local/lib/python3.7/site-packages/airflow/example_dags/example_short_circuit_decorator.py
[2023-03-01T15:37:13.290+0000] {processor.py:753} INFO - DAG(s) dict_keys(['example_short_circuit_decorator']) retrieved from /home/airflow/.local/lib/python3.7/site-packages/airflow/example_dags/example_short_circuit_decorator.py
[2023-03-01T15:37:13.312+0000] {logging_mixin.py:137} INFO - [2023-03-01T15:37:13.312+0000] {dag.py:2690} INFO - Sync 1 DAGs
[2023-03-01T15:37:13.335+0000] {logging_mixin.py:137} INFO - [2023-03-01T15:37:13.335+0000] {dag.py:3441} INFO - Setting next_dagrun for example_short_circuit_decorator to 2023-02-28T15:37:13.335506+00:00, run_after=2023-03-01T15:37:13.335506+00:00
[2023-03-01T15:37:13.352+0000] {processor.py:175} INFO - Processing /home/airflow/.local/lib/python3.7/site-packages/airflow/example_dags/example_short_circuit_decorator.py took 0.086 seconds
[2023-03-01T15:37:44.030+0000] {processor.py:153} INFO - Started process (PID=3473) to work on /home/airflow/.local/lib/python3.7/site-packages/airflow/example_dags/example_short_circuit_decorator.py
[2023-03-01T15:37:44.031+0000] {processor.py:743} INFO - Processing file /home/airflow/.local/lib/python3.7/site-packages/airflow/example_dags/example_short_circuit_decorator.py for tasks to queue
[2023-03-01T15:37:44.031+0000] {logging_mixin.py:137} INFO - [2023-03-01T15:37:44.031+0000] {dagbag.py:538} INFO - Filling up the DagBag from /home/airflow/.local/lib/python3.7/site-packages/airflow/example_dags/example_short_circuit_decorator.py
[2023-03-01T15:37:44.050+0000] {processor.py:753} INFO - DAG(s) dict_keys(['example_short_circuit_decorator']) retrieved from /home/airflow/.local/lib/python3.7/site-packages/airflow/example_dags/example_short_circuit_decorator.py
[2023-03-01T15:37:44.073+0000] {logging_mixin.py:137} INFO - [2023-03-01T15:37:44.073+0000] {dag.py:2690} INFO - Sync 1 DAGs
[2023-03-01T15:37:44.095+0000] {logging_mixin.py:137} INFO - [2023-03-01T15:37:44.095+0000] {dag.py:3441} INFO - Setting next_dagrun for example_short_circuit_decorator to 2023-02-28T15:37:44.094977+00:00, run_after=2023-03-01T15:37:44.094977+00:00
[2023-03-01T15:37:44.113+0000] {processor.py:175} INFO - Processing /home/airflow/.local/lib/python3.7/site-packages/airflow/example_dags/example_short_circuit_decorator.py took 0.086 seconds
[2023-03-01T15:38:14.540+0000] {processor.py:153} INFO - Started process (PID=3572) to work on /home/airflow/.local/lib/python3.7/site-packages/airflow/example_dags/example_short_circuit_decorator.py
[2023-03-01T15:38:14.540+0000] {processor.py:743} INFO - Processing file /home/airflow/.local/lib/python3.7/site-packages/airflow/example_dags/example_short_circuit_decorator.py for tasks to queue
[2023-03-01T15:38:14.541+0000] {logging_mixin.py:137} INFO - [2023-03-01T15:38:14.541+0000] {dagbag.py:538} INFO - Filling up the DagBag from /home/airflow/.local/lib/python3.7/site-packages/airflow/example_dags/example_short_circuit_decorator.py
[2023-03-01T15:38:14.560+0000] {processor.py:753} INFO - DAG(s) dict_keys(['example_short_circuit_decorator']) retrieved from /home/airflow/.local/lib/python3.7/site-packages/airflow/example_dags/example_short_circuit_decorator.py
[2023-03-01T15:38:14.581+0000] {logging_mixin.py:137} INFO - [2023-03-01T15:38:14.581+0000] {dag.py:2690} INFO - Sync 1 DAGs
[2023-03-01T15:38:14.604+0000] {logging_mixin.py:137} INFO - [2023-03-01T15:38:14.603+0000] {dag.py:3441} INFO - Setting next_dagrun for example_short_circuit_decorator to 2023-02-28T15:38:14.603798+00:00, run_after=2023-03-01T15:38:14.603798+00:00
[2023-03-01T15:38:14.621+0000] {processor.py:175} INFO - Processing /home/airflow/.local/lib/python3.7/site-packages/airflow/example_dags/example_short_circuit_decorator.py took 0.084 seconds
[2023-03-01T15:38:45.163+0000] {processor.py:153} INFO - Started process (PID=3651) to work on /home/airflow/.local/lib/python3.7/site-packages/airflow/example_dags/example_short_circuit_decorator.py
[2023-03-01T15:38:45.163+0000] {processor.py:743} INFO - Processing file /home/airflow/.local/lib/python3.7/site-packages/airflow/example_dags/example_short_circuit_decorator.py for tasks to queue
[2023-03-01T15:38:45.164+0000] {logging_mixin.py:137} INFO - [2023-03-01T15:38:45.164+0000] {dagbag.py:538} INFO - Filling up the DagBag from /home/airflow/.local/lib/python3.7/site-packages/airflow/example_dags/example_short_circuit_decorator.py
[2023-03-01T15:38:45.182+0000] {processor.py:753} INFO - DAG(s) dict_keys(['example_short_circuit_decorator']) retrieved from /home/airflow/.local/lib/python3.7/site-packages/airflow/example_dags/example_short_circuit_decorator.py
[2023-03-01T15:38:45.206+0000] {logging_mixin.py:137} INFO - [2023-03-01T15:38:45.206+0000] {dag.py:2690} INFO - Sync 1 DAGs
[2023-03-01T15:38:45.230+0000] {logging_mixin.py:137} INFO - [2023-03-01T15:38:45.229+0000] {dag.py:3441} INFO - Setting next_dagrun for example_short_circuit_decorator to 2023-02-28T15:38:45.229637+00:00, run_after=2023-03-01T15:38:45.229637+00:00
[2023-03-01T15:38:45.249+0000] {processor.py:175} INFO - Processing /home/airflow/.local/lib/python3.7/site-packages/airflow/example_dags/example_short_circuit_decorator.py took 0.088 seconds
[2023-03-01T15:39:15.501+0000] {processor.py:153} INFO - Started process (PID=3751) to work on /home/airflow/.local/lib/python3.7/site-packages/airflow/example_dags/example_short_circuit_decorator.py
[2023-03-01T15:39:15.501+0000] {processor.py:743} INFO - Processing file /home/airflow/.local/lib/python3.7/site-packages/airflow/example_dags/example_short_circuit_decorator.py for tasks to queue
[2023-03-01T15:39:15.502+0000] {logging_mixin.py:137} INFO - [2023-03-01T15:39:15.502+0000] {dagbag.py:538} INFO - Filling up the DagBag from /home/airflow/.local/lib/python3.7/site-packages/airflow/example_dags/example_short_circuit_decorator.py
[2023-03-01T15:39:15.522+0000] {processor.py:753} INFO - DAG(s) dict_keys(['example_short_circuit_decorator']) retrieved from /home/airflow/.local/lib/python3.7/site-packages/airflow/example_dags/example_short_circuit_decorator.py
[2023-03-01T15:39:15.545+0000] {logging_mixin.py:137} INFO - [2023-03-01T15:39:15.545+0000] {dag.py:2690} INFO - Sync 1 DAGs
[2023-03-01T15:39:15.568+0000] {logging_mixin.py:137} INFO - [2023-03-01T15:39:15.568+0000] {dag.py:3441} INFO - Setting next_dagrun for example_short_circuit_decorator to 2023-02-28T15:39:15.568012+00:00, run_after=2023-03-01T15:39:15.568012+00:00
[2023-03-01T15:39:15.587+0000] {processor.py:175} INFO - Processing /home/airflow/.local/lib/python3.7/site-packages/airflow/example_dags/example_short_circuit_decorator.py took 0.089 seconds
[2023-03-01T15:39:46.108+0000] {processor.py:153} INFO - Started process (PID=3839) to work on /home/airflow/.local/lib/python3.7/site-packages/airflow/example_dags/example_short_circuit_decorator.py
[2023-03-01T15:39:46.109+0000] {processor.py:743} INFO - Processing file /home/airflow/.local/lib/python3.7/site-packages/airflow/example_dags/example_short_circuit_decorator.py for tasks to queue
[2023-03-01T15:39:46.109+0000] {logging_mixin.py:137} INFO - [2023-03-01T15:39:46.109+0000] {dagbag.py:538} INFO - Filling up the DagBag from /home/airflow/.local/lib/python3.7/site-packages/airflow/example_dags/example_short_circuit_decorator.py
[2023-03-01T15:39:46.130+0000] {processor.py:753} INFO - DAG(s) dict_keys(['example_short_circuit_decorator']) retrieved from /home/airflow/.local/lib/python3.7/site-packages/airflow/example_dags/example_short_circuit_decorator.py
[2023-03-01T15:39:46.158+0000] {logging_mixin.py:137} INFO - [2023-03-01T15:39:46.157+0000] {dag.py:2690} INFO - Sync 1 DAGs
[2023-03-01T15:39:46.185+0000] {logging_mixin.py:137} INFO - [2023-03-01T15:39:46.185+0000] {dag.py:3441} INFO - Setting next_dagrun for example_short_circuit_decorator to 2023-02-28T15:39:46.185357+00:00, run_after=2023-03-01T15:39:46.185357+00:00
[2023-03-01T15:39:46.209+0000] {processor.py:175} INFO - Processing /home/airflow/.local/lib/python3.7/site-packages/airflow/example_dags/example_short_circuit_decorator.py took 0.103 seconds
[2023-03-01T15:40:16.757+0000] {processor.py:153} INFO - Started process (PID=3929) to work on /home/airflow/.local/lib/python3.7/site-packages/airflow/example_dags/example_short_circuit_decorator.py
[2023-03-01T15:40:16.758+0000] {processor.py:743} INFO - Processing file /home/airflow/.local/lib/python3.7/site-packages/airflow/example_dags/example_short_circuit_decorator.py for tasks to queue
[2023-03-01T15:40:16.758+0000] {logging_mixin.py:137} INFO - [2023-03-01T15:40:16.758+0000] {dagbag.py:538} INFO - Filling up the DagBag from /home/airflow/.local/lib/python3.7/site-packages/airflow/example_dags/example_short_circuit_decorator.py
[2023-03-01T15:40:16.781+0000] {processor.py:753} INFO - DAG(s) dict_keys(['example_short_circuit_decorator']) retrieved from /home/airflow/.local/lib/python3.7/site-packages/airflow/example_dags/example_short_circuit_decorator.py
[2023-03-01T15:40:16.804+0000] {logging_mixin.py:137} INFO - [2023-03-01T15:40:16.804+0000] {dag.py:2690} INFO - Sync 1 DAGs
[2023-03-01T15:40:16.827+0000] {logging_mixin.py:137} INFO - [2023-03-01T15:40:16.826+0000] {dag.py:3441} INFO - Setting next_dagrun for example_short_circuit_decorator to 2023-02-28T15:40:16.826751+00:00, run_after=2023-03-01T15:40:16.826751+00:00
[2023-03-01T15:40:16.844+0000] {processor.py:175} INFO - Processing /home/airflow/.local/lib/python3.7/site-packages/airflow/example_dags/example_short_circuit_decorator.py took 0.089 seconds
[2023-03-01T15:40:47.525+0000] {processor.py:153} INFO - Started process (PID=4028) to work on /home/airflow/.local/lib/python3.7/site-packages/airflow/example_dags/example_short_circuit_decorator.py
[2023-03-01T15:40:47.525+0000] {processor.py:743} INFO - Processing file /home/airflow/.local/lib/python3.7/site-packages/airflow/example_dags/example_short_circuit_decorator.py for tasks to queue
[2023-03-01T15:40:47.526+0000] {logging_mixin.py:137} INFO - [2023-03-01T15:40:47.526+0000] {dagbag.py:538} INFO - Filling up the DagBag from /home/airflow/.local/lib/python3.7/site-packages/airflow/example_dags/example_short_circuit_decorator.py
[2023-03-01T15:40:47.551+0000] {processor.py:753} INFO - DAG(s) dict_keys(['example_short_circuit_decorator']) retrieved from /home/airflow/.local/lib/python3.7/site-packages/airflow/example_dags/example_short_circuit_decorator.py
[2023-03-01T15:40:47.577+0000] {logging_mixin.py:137} INFO - [2023-03-01T15:40:47.577+0000] {dag.py:2690} INFO - Sync 1 DAGs
[2023-03-01T15:40:47.603+0000] {logging_mixin.py:137} INFO - [2023-03-01T15:40:47.603+0000] {dag.py:3441} INFO - Setting next_dagrun for example_short_circuit_decorator to 2023-02-28T15:40:47.603054+00:00, run_after=2023-03-01T15:40:47.603054+00:00
[2023-03-01T15:40:47.623+0000] {processor.py:175} INFO - Processing /home/airflow/.local/lib/python3.7/site-packages/airflow/example_dags/example_short_circuit_decorator.py took 0.101 seconds
[2023-03-01T15:41:18.216+0000] {processor.py:153} INFO - Started process (PID=4107) to work on /home/airflow/.local/lib/python3.7/site-packages/airflow/example_dags/example_short_circuit_decorator.py
[2023-03-01T15:41:18.217+0000] {processor.py:743} INFO - Processing file /home/airflow/.local/lib/python3.7/site-packages/airflow/example_dags/example_short_circuit_decorator.py for tasks to queue
[2023-03-01T15:41:18.217+0000] {logging_mixin.py:137} INFO - [2023-03-01T15:41:18.217+0000] {dagbag.py:538} INFO - Filling up the DagBag from /home/airflow/.local/lib/python3.7/site-packages/airflow/example_dags/example_short_circuit_decorator.py
[2023-03-01T15:41:18.236+0000] {processor.py:753} INFO - DAG(s) dict_keys(['example_short_circuit_decorator']) retrieved from /home/airflow/.local/lib/python3.7/site-packages/airflow/example_dags/example_short_circuit_decorator.py
[2023-03-01T15:41:18.258+0000] {logging_mixin.py:137} INFO - [2023-03-01T15:41:18.258+0000] {dag.py:2690} INFO - Sync 1 DAGs
[2023-03-01T15:41:18.281+0000] {logging_mixin.py:137} INFO - [2023-03-01T15:41:18.281+0000] {dag.py:3441} INFO - Setting next_dagrun for example_short_circuit_decorator to 2023-02-28T15:41:18.280917+00:00, run_after=2023-03-01T15:41:18.280917+00:00
[2023-03-01T15:41:18.300+0000] {processor.py:175} INFO - Processing /home/airflow/.local/lib/python3.7/site-packages/airflow/example_dags/example_short_circuit_decorator.py took 0.086 seconds
[2023-03-01T15:41:48.785+0000] {processor.py:153} INFO - Started process (PID=4206) to work on /home/airflow/.local/lib/python3.7/site-packages/airflow/example_dags/example_short_circuit_decorator.py
[2023-03-01T15:41:48.785+0000] {processor.py:743} INFO - Processing file /home/airflow/.local/lib/python3.7/site-packages/airflow/example_dags/example_short_circuit_decorator.py for tasks to queue
[2023-03-01T15:41:48.786+0000] {logging_mixin.py:137} INFO - [2023-03-01T15:41:48.786+0000] {dagbag.py:538} INFO - Filling up the DagBag from /home/airflow/.local/lib/python3.7/site-packages/airflow/example_dags/example_short_circuit_decorator.py
[2023-03-01T15:41:48.806+0000] {processor.py:753} INFO - DAG(s) dict_keys(['example_short_circuit_decorator']) retrieved from /home/airflow/.local/lib/python3.7/site-packages/airflow/example_dags/example_short_circuit_decorator.py
[2023-03-01T15:41:48.829+0000] {logging_mixin.py:137} INFO - [2023-03-01T15:41:48.829+0000] {dag.py:2690} INFO - Sync 1 DAGs
[2023-03-01T15:41:48.854+0000] {logging_mixin.py:137} INFO - [2023-03-01T15:41:48.854+0000] {dag.py:3441} INFO - Setting next_dagrun for example_short_circuit_decorator to 2023-02-28T15:41:48.854134+00:00, run_after=2023-03-01T15:41:48.854134+00:00
[2023-03-01T15:41:48.873+0000] {processor.py:175} INFO - Processing /home/airflow/.local/lib/python3.7/site-packages/airflow/example_dags/example_short_circuit_decorator.py took 0.091 seconds
[2023-03-01T15:42:19.441+0000] {processor.py:153} INFO - Started process (PID=4285) to work on /home/airflow/.local/lib/python3.7/site-packages/airflow/example_dags/example_short_circuit_decorator.py
[2023-03-01T15:42:19.442+0000] {processor.py:743} INFO - Processing file /home/airflow/.local/lib/python3.7/site-packages/airflow/example_dags/example_short_circuit_decorator.py for tasks to queue
[2023-03-01T15:42:19.442+0000] {logging_mixin.py:137} INFO - [2023-03-01T15:42:19.442+0000] {dagbag.py:538} INFO - Filling up the DagBag from /home/airflow/.local/lib/python3.7/site-packages/airflow/example_dags/example_short_circuit_decorator.py
[2023-03-01T15:42:19.461+0000] {processor.py:753} INFO - DAG(s) dict_keys(['example_short_circuit_decorator']) retrieved from /home/airflow/.local/lib/python3.7/site-packages/airflow/example_dags/example_short_circuit_decorator.py
[2023-03-01T15:42:19.482+0000] {logging_mixin.py:137} INFO - [2023-03-01T15:42:19.482+0000] {dag.py:2690} INFO - Sync 1 DAGs
[2023-03-01T15:42:19.504+0000] {logging_mixin.py:137} INFO - [2023-03-01T15:42:19.504+0000] {dag.py:3441} INFO - Setting next_dagrun for example_short_circuit_decorator to 2023-02-28T15:42:19.503855+00:00, run_after=2023-03-01T15:42:19.503855+00:00
[2023-03-01T15:42:19.522+0000] {processor.py:175} INFO - Processing /home/airflow/.local/lib/python3.7/site-packages/airflow/example_dags/example_short_circuit_decorator.py took 0.083 seconds
[2023-03-01T15:42:50.293+0000] {processor.py:153} INFO - Started process (PID=4384) to work on /home/airflow/.local/lib/python3.7/site-packages/airflow/example_dags/example_short_circuit_decorator.py
[2023-03-01T15:42:50.294+0000] {processor.py:743} INFO - Processing file /home/airflow/.local/lib/python3.7/site-packages/airflow/example_dags/example_short_circuit_decorator.py for tasks to queue
[2023-03-01T15:42:50.294+0000] {logging_mixin.py:137} INFO - [2023-03-01T15:42:50.294+0000] {dagbag.py:538} INFO - Filling up the DagBag from /home/airflow/.local/lib/python3.7/site-packages/airflow/example_dags/example_short_circuit_decorator.py
[2023-03-01T15:42:50.314+0000] {processor.py:753} INFO - DAG(s) dict_keys(['example_short_circuit_decorator']) retrieved from /home/airflow/.local/lib/python3.7/site-packages/airflow/example_dags/example_short_circuit_decorator.py
[2023-03-01T15:42:50.337+0000] {logging_mixin.py:137} INFO - [2023-03-01T15:42:50.337+0000] {dag.py:2690} INFO - Sync 1 DAGs
[2023-03-01T15:42:50.360+0000] {logging_mixin.py:137} INFO - [2023-03-01T15:42:50.359+0000] {dag.py:3441} INFO - Setting next_dagrun for example_short_circuit_decorator to 2023-02-28T15:42:50.359787+00:00, run_after=2023-03-01T15:42:50.359787+00:00
[2023-03-01T15:42:50.379+0000] {processor.py:175} INFO - Processing /home/airflow/.local/lib/python3.7/site-packages/airflow/example_dags/example_short_circuit_decorator.py took 0.088 seconds
[2023-03-01T20:03:09.793+0000] {processor.py:153} INFO - Started process (PID=78) to work on /home/airflow/.local/lib/python3.7/site-packages/airflow/example_dags/example_short_circuit_decorator.py
[2023-03-01T20:03:09.794+0000] {processor.py:743} INFO - Processing file /home/airflow/.local/lib/python3.7/site-packages/airflow/example_dags/example_short_circuit_decorator.py for tasks to queue
[2023-03-01T20:03:09.795+0000] {logging_mixin.py:137} INFO - [2023-03-01T20:03:09.795+0000] {dagbag.py:538} INFO - Filling up the DagBag from /home/airflow/.local/lib/python3.7/site-packages/airflow/example_dags/example_short_circuit_decorator.py
[2023-03-01T20:03:09.834+0000] {processor.py:753} INFO - DAG(s) dict_keys(['example_short_circuit_decorator']) retrieved from /home/airflow/.local/lib/python3.7/site-packages/airflow/example_dags/example_short_circuit_decorator.py
[2023-03-01T20:03:09.847+0000] {logging_mixin.py:137} INFO - [2023-03-01T20:03:09.847+0000] {dag.py:2690} INFO - Sync 1 DAGs
[2023-03-01T20:03:09.884+0000] {logging_mixin.py:137} INFO - [2023-03-01T20:03:09.884+0000] {dag.py:3441} INFO - Setting next_dagrun for example_short_circuit_decorator to 2023-02-28T20:03:09.884230+00:00, run_after=2023-03-01T20:03:09.884230+00:00
[2023-03-01T20:03:09.916+0000] {processor.py:175} INFO - Processing /home/airflow/.local/lib/python3.7/site-packages/airflow/example_dags/example_short_circuit_decorator.py took 0.126 seconds
[2023-03-01T20:03:40.894+0000] {processor.py:153} INFO - Started process (PID=168) to work on /home/airflow/.local/lib/python3.7/site-packages/airflow/example_dags/example_short_circuit_decorator.py
[2023-03-01T20:03:40.895+0000] {processor.py:743} INFO - Processing file /home/airflow/.local/lib/python3.7/site-packages/airflow/example_dags/example_short_circuit_decorator.py for tasks to queue
[2023-03-01T20:03:40.896+0000] {logging_mixin.py:137} INFO - [2023-03-01T20:03:40.895+0000] {dagbag.py:538} INFO - Filling up the DagBag from /home/airflow/.local/lib/python3.7/site-packages/airflow/example_dags/example_short_circuit_decorator.py
[2023-03-01T20:03:40.915+0000] {processor.py:753} INFO - DAG(s) dict_keys(['example_short_circuit_decorator']) retrieved from /home/airflow/.local/lib/python3.7/site-packages/airflow/example_dags/example_short_circuit_decorator.py
[2023-03-01T20:03:40.935+0000] {logging_mixin.py:137} INFO - [2023-03-01T20:03:40.935+0000] {dag.py:2690} INFO - Sync 1 DAGs
[2023-03-01T20:03:40.957+0000] {logging_mixin.py:137} INFO - [2023-03-01T20:03:40.957+0000] {dag.py:3441} INFO - Setting next_dagrun for example_short_circuit_decorator to 2023-02-28T20:03:40.957020+00:00, run_after=2023-03-01T20:03:40.957020+00:00
[2023-03-01T20:03:40.974+0000] {processor.py:175} INFO - Processing /home/airflow/.local/lib/python3.7/site-packages/airflow/example_dags/example_short_circuit_decorator.py took 0.082 seconds
[2023-03-01T20:04:11.469+0000] {processor.py:153} INFO - Started process (PID=247) to work on /home/airflow/.local/lib/python3.7/site-packages/airflow/example_dags/example_short_circuit_decorator.py
[2023-03-01T20:04:11.469+0000] {processor.py:743} INFO - Processing file /home/airflow/.local/lib/python3.7/site-packages/airflow/example_dags/example_short_circuit_decorator.py for tasks to queue
[2023-03-01T20:04:11.470+0000] {logging_mixin.py:137} INFO - [2023-03-01T20:04:11.470+0000] {dagbag.py:538} INFO - Filling up the DagBag from /home/airflow/.local/lib/python3.7/site-packages/airflow/example_dags/example_short_circuit_decorator.py
[2023-03-01T20:04:11.492+0000] {processor.py:753} INFO - DAG(s) dict_keys(['example_short_circuit_decorator']) retrieved from /home/airflow/.local/lib/python3.7/site-packages/airflow/example_dags/example_short_circuit_decorator.py
[2023-03-01T20:04:11.512+0000] {logging_mixin.py:137} INFO - [2023-03-01T20:04:11.512+0000] {dag.py:2690} INFO - Sync 1 DAGs
[2023-03-01T20:04:11.535+0000] {logging_mixin.py:137} INFO - [2023-03-01T20:04:11.535+0000] {dag.py:3441} INFO - Setting next_dagrun for example_short_circuit_decorator to 2023-02-28T20:04:11.535600+00:00, run_after=2023-03-01T20:04:11.535600+00:00
[2023-03-01T20:04:11.555+0000] {processor.py:175} INFO - Processing /home/airflow/.local/lib/python3.7/site-packages/airflow/example_dags/example_short_circuit_decorator.py took 0.089 seconds
[2023-03-01T20:04:41.851+0000] {processor.py:153} INFO - Started process (PID=346) to work on /home/airflow/.local/lib/python3.7/site-packages/airflow/example_dags/example_short_circuit_decorator.py
[2023-03-01T20:04:41.851+0000] {processor.py:743} INFO - Processing file /home/airflow/.local/lib/python3.7/site-packages/airflow/example_dags/example_short_circuit_decorator.py for tasks to queue
[2023-03-01T20:04:41.852+0000] {logging_mixin.py:137} INFO - [2023-03-01T20:04:41.852+0000] {dagbag.py:538} INFO - Filling up the DagBag from /home/airflow/.local/lib/python3.7/site-packages/airflow/example_dags/example_short_circuit_decorator.py
[2023-03-01T20:04:41.872+0000] {processor.py:753} INFO - DAG(s) dict_keys(['example_short_circuit_decorator']) retrieved from /home/airflow/.local/lib/python3.7/site-packages/airflow/example_dags/example_short_circuit_decorator.py
[2023-03-01T20:04:41.896+0000] {logging_mixin.py:137} INFO - [2023-03-01T20:04:41.896+0000] {dag.py:2690} INFO - Sync 1 DAGs
[2023-03-01T20:04:41.927+0000] {logging_mixin.py:137} INFO - [2023-03-01T20:04:41.926+0000] {dag.py:3441} INFO - Setting next_dagrun for example_short_circuit_decorator to 2023-02-28T20:04:41.926576+00:00, run_after=2023-03-01T20:04:41.926576+00:00
[2023-03-01T20:04:41.948+0000] {processor.py:175} INFO - Processing /home/airflow/.local/lib/python3.7/site-packages/airflow/example_dags/example_short_circuit_decorator.py took 0.099 seconds
[2023-03-01T20:05:12.446+0000] {processor.py:153} INFO - Started process (PID=425) to work on /home/airflow/.local/lib/python3.7/site-packages/airflow/example_dags/example_short_circuit_decorator.py
[2023-03-01T20:05:12.447+0000] {processor.py:743} INFO - Processing file /home/airflow/.local/lib/python3.7/site-packages/airflow/example_dags/example_short_circuit_decorator.py for tasks to queue
[2023-03-01T20:05:12.447+0000] {logging_mixin.py:137} INFO - [2023-03-01T20:05:12.447+0000] {dagbag.py:538} INFO - Filling up the DagBag from /home/airflow/.local/lib/python3.7/site-packages/airflow/example_dags/example_short_circuit_decorator.py
[2023-03-01T20:05:12.468+0000] {processor.py:753} INFO - DAG(s) dict_keys(['example_short_circuit_decorator']) retrieved from /home/airflow/.local/lib/python3.7/site-packages/airflow/example_dags/example_short_circuit_decorator.py
[2023-03-01T20:05:12.489+0000] {logging_mixin.py:137} INFO - [2023-03-01T20:05:12.488+0000] {dag.py:2690} INFO - Sync 1 DAGs
[2023-03-01T20:05:12.509+0000] {logging_mixin.py:137} INFO - [2023-03-01T20:05:12.509+0000] {dag.py:3441} INFO - Setting next_dagrun for example_short_circuit_decorator to 2023-02-28T20:05:12.509118+00:00, run_after=2023-03-01T20:05:12.509118+00:00
[2023-03-01T20:05:12.525+0000] {processor.py:175} INFO - Processing /home/airflow/.local/lib/python3.7/site-packages/airflow/example_dags/example_short_circuit_decorator.py took 0.082 seconds
[2023-03-01T20:05:42.837+0000] {processor.py:153} INFO - Started process (PID=524) to work on /home/airflow/.local/lib/python3.7/site-packages/airflow/example_dags/example_short_circuit_decorator.py
[2023-03-01T20:05:42.838+0000] {processor.py:743} INFO - Processing file /home/airflow/.local/lib/python3.7/site-packages/airflow/example_dags/example_short_circuit_decorator.py for tasks to queue
[2023-03-01T20:05:42.839+0000] {logging_mixin.py:137} INFO - [2023-03-01T20:05:42.838+0000] {dagbag.py:538} INFO - Filling up the DagBag from /home/airflow/.local/lib/python3.7/site-packages/airflow/example_dags/example_short_circuit_decorator.py
[2023-03-01T20:05:42.860+0000] {processor.py:753} INFO - DAG(s) dict_keys(['example_short_circuit_decorator']) retrieved from /home/airflow/.local/lib/python3.7/site-packages/airflow/example_dags/example_short_circuit_decorator.py
[2023-03-01T20:05:42.881+0000] {logging_mixin.py:137} INFO - [2023-03-01T20:05:42.881+0000] {dag.py:2690} INFO - Sync 1 DAGs
[2023-03-01T20:05:42.902+0000] {logging_mixin.py:137} INFO - [2023-03-01T20:05:42.902+0000] {dag.py:3441} INFO - Setting next_dagrun for example_short_circuit_decorator to 2023-02-28T20:05:42.902558+00:00, run_after=2023-03-01T20:05:42.902558+00:00
[2023-03-01T20:05:42.919+0000] {processor.py:175} INFO - Processing /home/airflow/.local/lib/python3.7/site-packages/airflow/example_dags/example_short_circuit_decorator.py took 0.085 seconds
[2023-03-01T20:06:13.519+0000] {processor.py:153} INFO - Started process (PID=610) to work on /home/airflow/.local/lib/python3.7/site-packages/airflow/example_dags/example_short_circuit_decorator.py
[2023-03-01T20:06:13.519+0000] {processor.py:743} INFO - Processing file /home/airflow/.local/lib/python3.7/site-packages/airflow/example_dags/example_short_circuit_decorator.py for tasks to queue
[2023-03-01T20:06:13.520+0000] {logging_mixin.py:137} INFO - [2023-03-01T20:06:13.520+0000] {dagbag.py:538} INFO - Filling up the DagBag from /home/airflow/.local/lib/python3.7/site-packages/airflow/example_dags/example_short_circuit_decorator.py
[2023-03-01T20:06:13.540+0000] {processor.py:753} INFO - DAG(s) dict_keys(['example_short_circuit_decorator']) retrieved from /home/airflow/.local/lib/python3.7/site-packages/airflow/example_dags/example_short_circuit_decorator.py
[2023-03-01T20:06:13.563+0000] {logging_mixin.py:137} INFO - [2023-03-01T20:06:13.563+0000] {dag.py:2690} INFO - Sync 1 DAGs
[2023-03-01T20:06:13.587+0000] {logging_mixin.py:137} INFO - [2023-03-01T20:06:13.587+0000] {dag.py:3441} INFO - Setting next_dagrun for example_short_circuit_decorator to 2023-02-28T20:06:13.587624+00:00, run_after=2023-03-01T20:06:13.587624+00:00
[2023-03-01T20:06:13.608+0000] {processor.py:175} INFO - Processing /home/airflow/.local/lib/python3.7/site-packages/airflow/example_dags/example_short_circuit_decorator.py took 0.092 seconds
[2023-03-01T20:06:43.894+0000] {processor.py:153} INFO - Started process (PID=702) to work on /home/airflow/.local/lib/python3.7/site-packages/airflow/example_dags/example_short_circuit_decorator.py
[2023-03-01T20:06:43.894+0000] {processor.py:743} INFO - Processing file /home/airflow/.local/lib/python3.7/site-packages/airflow/example_dags/example_short_circuit_decorator.py for tasks to queue
[2023-03-01T20:06:43.895+0000] {logging_mixin.py:137} INFO - [2023-03-01T20:06:43.895+0000] {dagbag.py:538} INFO - Filling up the DagBag from /home/airflow/.local/lib/python3.7/site-packages/airflow/example_dags/example_short_circuit_decorator.py
[2023-03-01T20:06:43.915+0000] {processor.py:753} INFO - DAG(s) dict_keys(['example_short_circuit_decorator']) retrieved from /home/airflow/.local/lib/python3.7/site-packages/airflow/example_dags/example_short_circuit_decorator.py
[2023-03-01T20:06:43.936+0000] {logging_mixin.py:137} INFO - [2023-03-01T20:06:43.936+0000] {dag.py:2690} INFO - Sync 1 DAGs
[2023-03-01T20:06:43.958+0000] {logging_mixin.py:137} INFO - [2023-03-01T20:06:43.958+0000] {dag.py:3441} INFO - Setting next_dagrun for example_short_circuit_decorator to 2023-02-28T20:06:43.958350+00:00, run_after=2023-03-01T20:06:43.958350+00:00
[2023-03-01T20:06:43.976+0000] {processor.py:175} INFO - Processing /home/airflow/.local/lib/python3.7/site-packages/airflow/example_dags/example_short_circuit_decorator.py took 0.085 seconds
[2023-03-01T20:07:14.556+0000] {processor.py:153} INFO - Started process (PID=790) to work on /home/airflow/.local/lib/python3.7/site-packages/airflow/example_dags/example_short_circuit_decorator.py
[2023-03-01T20:07:14.557+0000] {processor.py:743} INFO - Processing file /home/airflow/.local/lib/python3.7/site-packages/airflow/example_dags/example_short_circuit_decorator.py for tasks to queue
[2023-03-01T20:07:14.557+0000] {logging_mixin.py:137} INFO - [2023-03-01T20:07:14.557+0000] {dagbag.py:538} INFO - Filling up the DagBag from /home/airflow/.local/lib/python3.7/site-packages/airflow/example_dags/example_short_circuit_decorator.py
[2023-03-01T20:07:14.577+0000] {processor.py:753} INFO - DAG(s) dict_keys(['example_short_circuit_decorator']) retrieved from /home/airflow/.local/lib/python3.7/site-packages/airflow/example_dags/example_short_circuit_decorator.py
[2023-03-01T20:07:14.604+0000] {logging_mixin.py:137} INFO - [2023-03-01T20:07:14.604+0000] {dag.py:2690} INFO - Sync 1 DAGs
[2023-03-01T20:07:14.628+0000] {logging_mixin.py:137} INFO - [2023-03-01T20:07:14.628+0000] {dag.py:3441} INFO - Setting next_dagrun for example_short_circuit_decorator to 2023-02-28T20:07:14.627848+00:00, run_after=2023-03-01T20:07:14.627848+00:00
[2023-03-01T20:07:14.651+0000] {processor.py:175} INFO - Processing /home/airflow/.local/lib/python3.7/site-packages/airflow/example_dags/example_short_circuit_decorator.py took 0.098 seconds
[2023-03-01T20:07:45.380+0000] {processor.py:153} INFO - Started process (PID=880) to work on /home/airflow/.local/lib/python3.7/site-packages/airflow/example_dags/example_short_circuit_decorator.py
[2023-03-01T20:07:45.380+0000] {processor.py:743} INFO - Processing file /home/airflow/.local/lib/python3.7/site-packages/airflow/example_dags/example_short_circuit_decorator.py for tasks to queue
[2023-03-01T20:07:45.381+0000] {logging_mixin.py:137} INFO - [2023-03-01T20:07:45.381+0000] {dagbag.py:538} INFO - Filling up the DagBag from /home/airflow/.local/lib/python3.7/site-packages/airflow/example_dags/example_short_circuit_decorator.py
[2023-03-01T20:07:45.404+0000] {processor.py:753} INFO - DAG(s) dict_keys(['example_short_circuit_decorator']) retrieved from /home/airflow/.local/lib/python3.7/site-packages/airflow/example_dags/example_short_circuit_decorator.py
[2023-03-01T20:07:45.425+0000] {logging_mixin.py:137} INFO - [2023-03-01T20:07:45.425+0000] {dag.py:2690} INFO - Sync 1 DAGs
[2023-03-01T20:07:45.448+0000] {logging_mixin.py:137} INFO - [2023-03-01T20:07:45.448+0000] {dag.py:3441} INFO - Setting next_dagrun for example_short_circuit_decorator to 2023-02-28T20:07:45.448137+00:00, run_after=2023-03-01T20:07:45.448137+00:00
[2023-03-01T20:07:45.470+0000] {processor.py:175} INFO - Processing /home/airflow/.local/lib/python3.7/site-packages/airflow/example_dags/example_short_circuit_decorator.py took 0.094 seconds
