[2023-03-01T15:18:18.062+0000] {processor.py:153} INFO - Started process (PID=63) to work on /home/airflow/.local/lib/python3.7/site-packages/airflow/example_dags/example_sla_dag.py
[2023-03-01T15:18:18.063+0000] {processor.py:743} INFO - Processing file /home/airflow/.local/lib/python3.7/site-packages/airflow/example_dags/example_sla_dag.py for tasks to queue
[2023-03-01T15:18:18.063+0000] {logging_mixin.py:137} INFO - [2023-03-01T15:18:18.063+0000] {dagbag.py:538} INFO - Filling up the DagBag from /home/airflow/.local/lib/python3.7/site-packages/airflow/example_dags/example_sla_dag.py
[2023-03-01T15:18:18.090+0000] {processor.py:753} INFO - DAG(s) dict_keys(['example_sla_dag']) retrieved from /home/airflow/.local/lib/python3.7/site-packages/airflow/example_dags/example_sla_dag.py
[2023-03-01T15:18:18.102+0000] {logging_mixin.py:137} INFO - [2023-03-01T15:18:18.102+0000] {dag.py:2690} INFO - Sync 1 DAGs
[2023-03-01T15:18:18.134+0000] {logging_mixin.py:137} INFO - [2023-03-01T15:18:18.134+0000] {dag.py:3441} INFO - Setting next_dagrun for example_sla_dag to 2023-03-01T15:16:00+00:00, run_after=2023-03-01T15:18:00+00:00
[2023-03-01T15:18:18.167+0000] {processor.py:175} INFO - Processing /home/airflow/.local/lib/python3.7/site-packages/airflow/example_dags/example_sla_dag.py took 0.109 seconds
[2023-03-01T15:18:48.388+0000] {processor.py:153} INFO - Started process (PID=153) to work on /home/airflow/.local/lib/python3.7/site-packages/airflow/example_dags/example_sla_dag.py
[2023-03-01T15:18:48.388+0000] {processor.py:743} INFO - Processing file /home/airflow/.local/lib/python3.7/site-packages/airflow/example_dags/example_sla_dag.py for tasks to queue
[2023-03-01T15:18:48.389+0000] {logging_mixin.py:137} INFO - [2023-03-01T15:18:48.388+0000] {dagbag.py:538} INFO - Filling up the DagBag from /home/airflow/.local/lib/python3.7/site-packages/airflow/example_dags/example_sla_dag.py
[2023-03-01T15:18:48.407+0000] {processor.py:753} INFO - DAG(s) dict_keys(['example_sla_dag']) retrieved from /home/airflow/.local/lib/python3.7/site-packages/airflow/example_dags/example_sla_dag.py
[2023-03-01T15:18:48.427+0000] {logging_mixin.py:137} INFO - [2023-03-01T15:18:48.427+0000] {dag.py:2690} INFO - Sync 1 DAGs
[2023-03-01T15:18:48.452+0000] {logging_mixin.py:137} INFO - [2023-03-01T15:18:48.452+0000] {dag.py:3441} INFO - Setting next_dagrun for example_sla_dag to 2023-03-01T15:16:00+00:00, run_after=2023-03-01T15:18:00+00:00
[2023-03-01T15:18:48.470+0000] {processor.py:175} INFO - Processing /home/airflow/.local/lib/python3.7/site-packages/airflow/example_dags/example_sla_dag.py took 0.085 seconds
[2023-03-01T15:19:19.062+0000] {processor.py:153} INFO - Started process (PID=232) to work on /home/airflow/.local/lib/python3.7/site-packages/airflow/example_dags/example_sla_dag.py
[2023-03-01T15:19:19.063+0000] {processor.py:743} INFO - Processing file /home/airflow/.local/lib/python3.7/site-packages/airflow/example_dags/example_sla_dag.py for tasks to queue
[2023-03-01T15:19:19.063+0000] {logging_mixin.py:137} INFO - [2023-03-01T15:19:19.063+0000] {dagbag.py:538} INFO - Filling up the DagBag from /home/airflow/.local/lib/python3.7/site-packages/airflow/example_dags/example_sla_dag.py
[2023-03-01T15:19:19.080+0000] {processor.py:753} INFO - DAG(s) dict_keys(['example_sla_dag']) retrieved from /home/airflow/.local/lib/python3.7/site-packages/airflow/example_dags/example_sla_dag.py
[2023-03-01T15:19:19.102+0000] {logging_mixin.py:137} INFO - [2023-03-01T15:19:19.101+0000] {dag.py:2690} INFO - Sync 1 DAGs
[2023-03-01T15:19:19.128+0000] {logging_mixin.py:137} INFO - [2023-03-01T15:19:19.128+0000] {dag.py:3441} INFO - Setting next_dagrun for example_sla_dag to 2023-03-01T15:16:00+00:00, run_after=2023-03-01T15:18:00+00:00
[2023-03-01T15:19:19.146+0000] {processor.py:175} INFO - Processing /home/airflow/.local/lib/python3.7/site-packages/airflow/example_dags/example_sla_dag.py took 0.086 seconds
[2023-03-01T15:19:50.098+0000] {processor.py:153} INFO - Started process (PID=331) to work on /home/airflow/.local/lib/python3.7/site-packages/airflow/example_dags/example_sla_dag.py
[2023-03-01T15:19:50.099+0000] {processor.py:743} INFO - Processing file /home/airflow/.local/lib/python3.7/site-packages/airflow/example_dags/example_sla_dag.py for tasks to queue
[2023-03-01T15:19:50.099+0000] {logging_mixin.py:137} INFO - [2023-03-01T15:19:50.099+0000] {dagbag.py:538} INFO - Filling up the DagBag from /home/airflow/.local/lib/python3.7/site-packages/airflow/example_dags/example_sla_dag.py
[2023-03-01T15:19:50.122+0000] {processor.py:753} INFO - DAG(s) dict_keys(['example_sla_dag']) retrieved from /home/airflow/.local/lib/python3.7/site-packages/airflow/example_dags/example_sla_dag.py
[2023-03-01T15:19:50.152+0000] {logging_mixin.py:137} INFO - [2023-03-01T15:19:50.152+0000] {dag.py:2690} INFO - Sync 1 DAGs
[2023-03-01T15:19:50.187+0000] {logging_mixin.py:137} INFO - [2023-03-01T15:19:50.186+0000] {dag.py:3441} INFO - Setting next_dagrun for example_sla_dag to 2023-03-01T15:16:00+00:00, run_after=2023-03-01T15:18:00+00:00
[2023-03-01T15:19:50.207+0000] {processor.py:175} INFO - Processing /home/airflow/.local/lib/python3.7/site-packages/airflow/example_dags/example_sla_dag.py took 0.112 seconds
[2023-03-01T15:20:20.758+0000] {processor.py:153} INFO - Started process (PID=410) to work on /home/airflow/.local/lib/python3.7/site-packages/airflow/example_dags/example_sla_dag.py
[2023-03-01T15:20:20.758+0000] {processor.py:743} INFO - Processing file /home/airflow/.local/lib/python3.7/site-packages/airflow/example_dags/example_sla_dag.py for tasks to queue
[2023-03-01T15:20:20.759+0000] {logging_mixin.py:137} INFO - [2023-03-01T15:20:20.759+0000] {dagbag.py:538} INFO - Filling up the DagBag from /home/airflow/.local/lib/python3.7/site-packages/airflow/example_dags/example_sla_dag.py
[2023-03-01T15:20:20.778+0000] {processor.py:753} INFO - DAG(s) dict_keys(['example_sla_dag']) retrieved from /home/airflow/.local/lib/python3.7/site-packages/airflow/example_dags/example_sla_dag.py
[2023-03-01T15:20:20.802+0000] {logging_mixin.py:137} INFO - [2023-03-01T15:20:20.802+0000] {dag.py:2690} INFO - Sync 1 DAGs
[2023-03-01T15:20:20.829+0000] {logging_mixin.py:137} INFO - [2023-03-01T15:20:20.829+0000] {dag.py:3441} INFO - Setting next_dagrun for example_sla_dag to 2023-03-01T15:18:00+00:00, run_after=2023-03-01T15:20:00+00:00
[2023-03-01T15:20:20.849+0000] {processor.py:175} INFO - Processing /home/airflow/.local/lib/python3.7/site-packages/airflow/example_dags/example_sla_dag.py took 0.094 seconds
[2023-03-01T15:20:51.733+0000] {processor.py:153} INFO - Started process (PID=509) to work on /home/airflow/.local/lib/python3.7/site-packages/airflow/example_dags/example_sla_dag.py
[2023-03-01T15:20:51.733+0000] {processor.py:743} INFO - Processing file /home/airflow/.local/lib/python3.7/site-packages/airflow/example_dags/example_sla_dag.py for tasks to queue
[2023-03-01T15:20:51.734+0000] {logging_mixin.py:137} INFO - [2023-03-01T15:20:51.734+0000] {dagbag.py:538} INFO - Filling up the DagBag from /home/airflow/.local/lib/python3.7/site-packages/airflow/example_dags/example_sla_dag.py
[2023-03-01T15:20:51.752+0000] {processor.py:753} INFO - DAG(s) dict_keys(['example_sla_dag']) retrieved from /home/airflow/.local/lib/python3.7/site-packages/airflow/example_dags/example_sla_dag.py
[2023-03-01T15:20:51.775+0000] {logging_mixin.py:137} INFO - [2023-03-01T15:20:51.775+0000] {dag.py:2690} INFO - Sync 1 DAGs
[2023-03-01T15:20:51.803+0000] {logging_mixin.py:137} INFO - [2023-03-01T15:20:51.803+0000] {dag.py:3441} INFO - Setting next_dagrun for example_sla_dag to 2023-03-01T15:18:00+00:00, run_after=2023-03-01T15:20:00+00:00
[2023-03-01T15:20:51.821+0000] {processor.py:175} INFO - Processing /home/airflow/.local/lib/python3.7/site-packages/airflow/example_dags/example_sla_dag.py took 0.091 seconds
[2023-03-01T15:21:22.094+0000] {processor.py:153} INFO - Started process (PID=595) to work on /home/airflow/.local/lib/python3.7/site-packages/airflow/example_dags/example_sla_dag.py
[2023-03-01T15:21:22.095+0000] {processor.py:743} INFO - Processing file /home/airflow/.local/lib/python3.7/site-packages/airflow/example_dags/example_sla_dag.py for tasks to queue
[2023-03-01T15:21:22.095+0000] {logging_mixin.py:137} INFO - [2023-03-01T15:21:22.095+0000] {dagbag.py:538} INFO - Filling up the DagBag from /home/airflow/.local/lib/python3.7/site-packages/airflow/example_dags/example_sla_dag.py
[2023-03-01T15:21:22.113+0000] {processor.py:753} INFO - DAG(s) dict_keys(['example_sla_dag']) retrieved from /home/airflow/.local/lib/python3.7/site-packages/airflow/example_dags/example_sla_dag.py
[2023-03-01T15:21:22.136+0000] {logging_mixin.py:137} INFO - [2023-03-01T15:21:22.136+0000] {dag.py:2690} INFO - Sync 1 DAGs
[2023-03-01T15:21:22.162+0000] {logging_mixin.py:137} INFO - [2023-03-01T15:21:22.162+0000] {dag.py:3441} INFO - Setting next_dagrun for example_sla_dag to 2023-03-01T15:18:00+00:00, run_after=2023-03-01T15:20:00+00:00
[2023-03-01T15:21:22.181+0000] {processor.py:175} INFO - Processing /home/airflow/.local/lib/python3.7/site-packages/airflow/example_dags/example_sla_dag.py took 0.089 seconds
[2023-03-01T15:21:52.461+0000] {processor.py:153} INFO - Started process (PID=687) to work on /home/airflow/.local/lib/python3.7/site-packages/airflow/example_dags/example_sla_dag.py
[2023-03-01T15:21:52.461+0000] {processor.py:743} INFO - Processing file /home/airflow/.local/lib/python3.7/site-packages/airflow/example_dags/example_sla_dag.py for tasks to queue
[2023-03-01T15:21:52.462+0000] {logging_mixin.py:137} INFO - [2023-03-01T15:21:52.462+0000] {dagbag.py:538} INFO - Filling up the DagBag from /home/airflow/.local/lib/python3.7/site-packages/airflow/example_dags/example_sla_dag.py
[2023-03-01T15:21:52.479+0000] {processor.py:753} INFO - DAG(s) dict_keys(['example_sla_dag']) retrieved from /home/airflow/.local/lib/python3.7/site-packages/airflow/example_dags/example_sla_dag.py
[2023-03-01T15:21:52.500+0000] {logging_mixin.py:137} INFO - [2023-03-01T15:21:52.500+0000] {dag.py:2690} INFO - Sync 1 DAGs
[2023-03-01T15:21:52.525+0000] {logging_mixin.py:137} INFO - [2023-03-01T15:21:52.524+0000] {dag.py:3441} INFO - Setting next_dagrun for example_sla_dag to 2023-03-01T15:18:00+00:00, run_after=2023-03-01T15:20:00+00:00
[2023-03-01T15:21:52.541+0000] {processor.py:175} INFO - Processing /home/airflow/.local/lib/python3.7/site-packages/airflow/example_dags/example_sla_dag.py took 0.083 seconds
[2023-03-01T15:22:23.216+0000] {processor.py:153} INFO - Started process (PID=776) to work on /home/airflow/.local/lib/python3.7/site-packages/airflow/example_dags/example_sla_dag.py
[2023-03-01T15:22:23.217+0000] {processor.py:743} INFO - Processing file /home/airflow/.local/lib/python3.7/site-packages/airflow/example_dags/example_sla_dag.py for tasks to queue
[2023-03-01T15:22:23.217+0000] {logging_mixin.py:137} INFO - [2023-03-01T15:22:23.217+0000] {dagbag.py:538} INFO - Filling up the DagBag from /home/airflow/.local/lib/python3.7/site-packages/airflow/example_dags/example_sla_dag.py
[2023-03-01T15:22:23.236+0000] {processor.py:753} INFO - DAG(s) dict_keys(['example_sla_dag']) retrieved from /home/airflow/.local/lib/python3.7/site-packages/airflow/example_dags/example_sla_dag.py
[2023-03-01T15:22:23.263+0000] {logging_mixin.py:137} INFO - [2023-03-01T15:22:23.263+0000] {dag.py:2690} INFO - Sync 1 DAGs
[2023-03-01T15:22:23.292+0000] {logging_mixin.py:137} INFO - [2023-03-01T15:22:23.292+0000] {dag.py:3441} INFO - Setting next_dagrun for example_sla_dag to 2023-03-01T15:20:00+00:00, run_after=2023-03-01T15:22:00+00:00
[2023-03-01T15:22:23.309+0000] {processor.py:175} INFO - Processing /home/airflow/.local/lib/python3.7/site-packages/airflow/example_dags/example_sla_dag.py took 0.096 seconds
[2023-03-01T15:22:53.538+0000] {processor.py:153} INFO - Started process (PID=866) to work on /home/airflow/.local/lib/python3.7/site-packages/airflow/example_dags/example_sla_dag.py
[2023-03-01T15:22:53.538+0000] {processor.py:743} INFO - Processing file /home/airflow/.local/lib/python3.7/site-packages/airflow/example_dags/example_sla_dag.py for tasks to queue
[2023-03-01T15:22:53.539+0000] {logging_mixin.py:137} INFO - [2023-03-01T15:22:53.539+0000] {dagbag.py:538} INFO - Filling up the DagBag from /home/airflow/.local/lib/python3.7/site-packages/airflow/example_dags/example_sla_dag.py
[2023-03-01T15:22:53.556+0000] {processor.py:753} INFO - DAG(s) dict_keys(['example_sla_dag']) retrieved from /home/airflow/.local/lib/python3.7/site-packages/airflow/example_dags/example_sla_dag.py
[2023-03-01T15:22:53.577+0000] {logging_mixin.py:137} INFO - [2023-03-01T15:22:53.577+0000] {dag.py:2690} INFO - Sync 1 DAGs
[2023-03-01T15:22:53.605+0000] {logging_mixin.py:137} INFO - [2023-03-01T15:22:53.605+0000] {dag.py:3441} INFO - Setting next_dagrun for example_sla_dag to 2023-03-01T15:20:00+00:00, run_after=2023-03-01T15:22:00+00:00
[2023-03-01T15:22:53.623+0000] {processor.py:175} INFO - Processing /home/airflow/.local/lib/python3.7/site-packages/airflow/example_dags/example_sla_dag.py took 0.087 seconds
[2023-03-01T15:23:24.362+0000] {processor.py:153} INFO - Started process (PID=965) to work on /home/airflow/.local/lib/python3.7/site-packages/airflow/example_dags/example_sla_dag.py
[2023-03-01T15:23:24.363+0000] {processor.py:743} INFO - Processing file /home/airflow/.local/lib/python3.7/site-packages/airflow/example_dags/example_sla_dag.py for tasks to queue
[2023-03-01T15:23:24.363+0000] {logging_mixin.py:137} INFO - [2023-03-01T15:23:24.363+0000] {dagbag.py:538} INFO - Filling up the DagBag from /home/airflow/.local/lib/python3.7/site-packages/airflow/example_dags/example_sla_dag.py
[2023-03-01T15:23:24.383+0000] {processor.py:753} INFO - DAG(s) dict_keys(['example_sla_dag']) retrieved from /home/airflow/.local/lib/python3.7/site-packages/airflow/example_dags/example_sla_dag.py
[2023-03-01T15:23:24.411+0000] {logging_mixin.py:137} INFO - [2023-03-01T15:23:24.410+0000] {dag.py:2690} INFO - Sync 1 DAGs
[2023-03-01T15:23:24.442+0000] {logging_mixin.py:137} INFO - [2023-03-01T15:23:24.442+0000] {dag.py:3441} INFO - Setting next_dagrun for example_sla_dag to 2023-03-01T15:20:00+00:00, run_after=2023-03-01T15:22:00+00:00
[2023-03-01T15:23:24.467+0000] {processor.py:175} INFO - Processing /home/airflow/.local/lib/python3.7/site-packages/airflow/example_dags/example_sla_dag.py took 0.107 seconds
[2023-03-01T15:23:54.806+0000] {processor.py:153} INFO - Started process (PID=1044) to work on /home/airflow/.local/lib/python3.7/site-packages/airflow/example_dags/example_sla_dag.py
[2023-03-01T15:23:54.806+0000] {processor.py:743} INFO - Processing file /home/airflow/.local/lib/python3.7/site-packages/airflow/example_dags/example_sla_dag.py for tasks to queue
[2023-03-01T15:23:54.807+0000] {logging_mixin.py:137} INFO - [2023-03-01T15:23:54.807+0000] {dagbag.py:538} INFO - Filling up the DagBag from /home/airflow/.local/lib/python3.7/site-packages/airflow/example_dags/example_sla_dag.py
[2023-03-01T15:23:54.827+0000] {processor.py:753} INFO - DAG(s) dict_keys(['example_sla_dag']) retrieved from /home/airflow/.local/lib/python3.7/site-packages/airflow/example_dags/example_sla_dag.py
[2023-03-01T15:23:54.849+0000] {logging_mixin.py:137} INFO - [2023-03-01T15:23:54.849+0000] {dag.py:2690} INFO - Sync 1 DAGs
[2023-03-01T15:23:54.875+0000] {logging_mixin.py:137} INFO - [2023-03-01T15:23:54.875+0000] {dag.py:3441} INFO - Setting next_dagrun for example_sla_dag to 2023-03-01T15:20:00+00:00, run_after=2023-03-01T15:22:00+00:00
[2023-03-01T15:23:54.894+0000] {processor.py:175} INFO - Processing /home/airflow/.local/lib/python3.7/site-packages/airflow/example_dags/example_sla_dag.py took 0.091 seconds
[2023-03-01T15:24:25.499+0000] {processor.py:153} INFO - Started process (PID=1143) to work on /home/airflow/.local/lib/python3.7/site-packages/airflow/example_dags/example_sla_dag.py
[2023-03-01T15:24:25.499+0000] {processor.py:743} INFO - Processing file /home/airflow/.local/lib/python3.7/site-packages/airflow/example_dags/example_sla_dag.py for tasks to queue
[2023-03-01T15:24:25.500+0000] {logging_mixin.py:137} INFO - [2023-03-01T15:24:25.500+0000] {dagbag.py:538} INFO - Filling up the DagBag from /home/airflow/.local/lib/python3.7/site-packages/airflow/example_dags/example_sla_dag.py
[2023-03-01T15:24:25.518+0000] {processor.py:753} INFO - DAG(s) dict_keys(['example_sla_dag']) retrieved from /home/airflow/.local/lib/python3.7/site-packages/airflow/example_dags/example_sla_dag.py
[2023-03-01T15:24:25.540+0000] {logging_mixin.py:137} INFO - [2023-03-01T15:24:25.539+0000] {dag.py:2690} INFO - Sync 1 DAGs
[2023-03-01T15:24:25.564+0000] {logging_mixin.py:137} INFO - [2023-03-01T15:24:25.564+0000] {dag.py:3441} INFO - Setting next_dagrun for example_sla_dag to 2023-03-01T15:22:00+00:00, run_after=2023-03-01T15:24:00+00:00
[2023-03-01T15:24:25.583+0000] {processor.py:175} INFO - Processing /home/airflow/.local/lib/python3.7/site-packages/airflow/example_dags/example_sla_dag.py took 0.087 seconds
[2023-03-01T15:24:56.093+0000] {processor.py:153} INFO - Started process (PID=1222) to work on /home/airflow/.local/lib/python3.7/site-packages/airflow/example_dags/example_sla_dag.py
[2023-03-01T15:24:56.094+0000] {processor.py:743} INFO - Processing file /home/airflow/.local/lib/python3.7/site-packages/airflow/example_dags/example_sla_dag.py for tasks to queue
[2023-03-01T15:24:56.094+0000] {logging_mixin.py:137} INFO - [2023-03-01T15:24:56.094+0000] {dagbag.py:538} INFO - Filling up the DagBag from /home/airflow/.local/lib/python3.7/site-packages/airflow/example_dags/example_sla_dag.py
[2023-03-01T15:24:56.111+0000] {processor.py:753} INFO - DAG(s) dict_keys(['example_sla_dag']) retrieved from /home/airflow/.local/lib/python3.7/site-packages/airflow/example_dags/example_sla_dag.py
[2023-03-01T15:24:56.131+0000] {logging_mixin.py:137} INFO - [2023-03-01T15:24:56.131+0000] {dag.py:2690} INFO - Sync 1 DAGs
[2023-03-01T15:24:56.155+0000] {logging_mixin.py:137} INFO - [2023-03-01T15:24:56.154+0000] {dag.py:3441} INFO - Setting next_dagrun for example_sla_dag to 2023-03-01T15:22:00+00:00, run_after=2023-03-01T15:24:00+00:00
[2023-03-01T15:24:56.170+0000] {processor.py:175} INFO - Processing /home/airflow/.local/lib/python3.7/site-packages/airflow/example_dags/example_sla_dag.py took 0.079 seconds
[2023-03-01T15:25:26.726+0000] {processor.py:153} INFO - Started process (PID=1321) to work on /home/airflow/.local/lib/python3.7/site-packages/airflow/example_dags/example_sla_dag.py
[2023-03-01T15:25:26.727+0000] {processor.py:743} INFO - Processing file /home/airflow/.local/lib/python3.7/site-packages/airflow/example_dags/example_sla_dag.py for tasks to queue
[2023-03-01T15:25:26.727+0000] {logging_mixin.py:137} INFO - [2023-03-01T15:25:26.727+0000] {dagbag.py:538} INFO - Filling up the DagBag from /home/airflow/.local/lib/python3.7/site-packages/airflow/example_dags/example_sla_dag.py
[2023-03-01T15:25:26.747+0000] {processor.py:753} INFO - DAG(s) dict_keys(['example_sla_dag']) retrieved from /home/airflow/.local/lib/python3.7/site-packages/airflow/example_dags/example_sla_dag.py
[2023-03-01T15:25:26.778+0000] {logging_mixin.py:137} INFO - [2023-03-01T15:25:26.777+0000] {dag.py:2690} INFO - Sync 1 DAGs
[2023-03-01T15:25:26.814+0000] {logging_mixin.py:137} INFO - [2023-03-01T15:25:26.814+0000] {dag.py:3441} INFO - Setting next_dagrun for example_sla_dag to 2023-03-01T15:22:00+00:00, run_after=2023-03-01T15:24:00+00:00
[2023-03-01T15:25:26.831+0000] {processor.py:175} INFO - Processing /home/airflow/.local/lib/python3.7/site-packages/airflow/example_dags/example_sla_dag.py took 0.108 seconds
[2023-03-01T15:25:57.417+0000] {processor.py:153} INFO - Started process (PID=1400) to work on /home/airflow/.local/lib/python3.7/site-packages/airflow/example_dags/example_sla_dag.py
[2023-03-01T15:25:57.418+0000] {processor.py:743} INFO - Processing file /home/airflow/.local/lib/python3.7/site-packages/airflow/example_dags/example_sla_dag.py for tasks to queue
[2023-03-01T15:25:57.418+0000] {logging_mixin.py:137} INFO - [2023-03-01T15:25:57.418+0000] {dagbag.py:538} INFO - Filling up the DagBag from /home/airflow/.local/lib/python3.7/site-packages/airflow/example_dags/example_sla_dag.py
[2023-03-01T15:25:57.437+0000] {processor.py:753} INFO - DAG(s) dict_keys(['example_sla_dag']) retrieved from /home/airflow/.local/lib/python3.7/site-packages/airflow/example_dags/example_sla_dag.py
[2023-03-01T15:25:57.460+0000] {logging_mixin.py:137} INFO - [2023-03-01T15:25:57.460+0000] {dag.py:2690} INFO - Sync 1 DAGs
[2023-03-01T15:25:57.485+0000] {logging_mixin.py:137} INFO - [2023-03-01T15:25:57.485+0000] {dag.py:3441} INFO - Setting next_dagrun for example_sla_dag to 2023-03-01T15:22:00+00:00, run_after=2023-03-01T15:24:00+00:00
[2023-03-01T15:25:57.503+0000] {processor.py:175} INFO - Processing /home/airflow/.local/lib/python3.7/site-packages/airflow/example_dags/example_sla_dag.py took 0.088 seconds
[2023-03-01T15:26:28.156+0000] {processor.py:153} INFO - Started process (PID=1499) to work on /home/airflow/.local/lib/python3.7/site-packages/airflow/example_dags/example_sla_dag.py
[2023-03-01T15:26:28.156+0000] {processor.py:743} INFO - Processing file /home/airflow/.local/lib/python3.7/site-packages/airflow/example_dags/example_sla_dag.py for tasks to queue
[2023-03-01T15:26:28.157+0000] {logging_mixin.py:137} INFO - [2023-03-01T15:26:28.157+0000] {dagbag.py:538} INFO - Filling up the DagBag from /home/airflow/.local/lib/python3.7/site-packages/airflow/example_dags/example_sla_dag.py
[2023-03-01T15:26:28.176+0000] {processor.py:753} INFO - DAG(s) dict_keys(['example_sla_dag']) retrieved from /home/airflow/.local/lib/python3.7/site-packages/airflow/example_dags/example_sla_dag.py
[2023-03-01T15:26:28.201+0000] {logging_mixin.py:137} INFO - [2023-03-01T15:26:28.201+0000] {dag.py:2690} INFO - Sync 1 DAGs
[2023-03-01T15:26:28.227+0000] {logging_mixin.py:137} INFO - [2023-03-01T15:26:28.227+0000] {dag.py:3441} INFO - Setting next_dagrun for example_sla_dag to 2023-03-01T15:24:00+00:00, run_after=2023-03-01T15:26:00+00:00
[2023-03-01T15:26:28.249+0000] {processor.py:175} INFO - Processing /home/airflow/.local/lib/python3.7/site-packages/airflow/example_dags/example_sla_dag.py took 0.096 seconds
[2023-03-01T15:26:58.390+0000] {processor.py:153} INFO - Started process (PID=1578) to work on /home/airflow/.local/lib/python3.7/site-packages/airflow/example_dags/example_sla_dag.py
[2023-03-01T15:26:58.390+0000] {processor.py:743} INFO - Processing file /home/airflow/.local/lib/python3.7/site-packages/airflow/example_dags/example_sla_dag.py for tasks to queue
[2023-03-01T15:26:58.391+0000] {logging_mixin.py:137} INFO - [2023-03-01T15:26:58.390+0000] {dagbag.py:538} INFO - Filling up the DagBag from /home/airflow/.local/lib/python3.7/site-packages/airflow/example_dags/example_sla_dag.py
[2023-03-01T15:26:58.407+0000] {processor.py:753} INFO - DAG(s) dict_keys(['example_sla_dag']) retrieved from /home/airflow/.local/lib/python3.7/site-packages/airflow/example_dags/example_sla_dag.py
[2023-03-01T15:26:58.428+0000] {logging_mixin.py:137} INFO - [2023-03-01T15:26:58.427+0000] {dag.py:2690} INFO - Sync 1 DAGs
[2023-03-01T15:26:58.454+0000] {logging_mixin.py:137} INFO - [2023-03-01T15:26:58.454+0000] {dag.py:3441} INFO - Setting next_dagrun for example_sla_dag to 2023-03-01T15:24:00+00:00, run_after=2023-03-01T15:26:00+00:00
[2023-03-01T15:26:58.470+0000] {processor.py:175} INFO - Processing /home/airflow/.local/lib/python3.7/site-packages/airflow/example_dags/example_sla_dag.py took 0.083 seconds
[2023-03-01T15:27:29.118+0000] {processor.py:153} INFO - Started process (PID=1678) to work on /home/airflow/.local/lib/python3.7/site-packages/airflow/example_dags/example_sla_dag.py
[2023-03-01T15:27:29.118+0000] {processor.py:743} INFO - Processing file /home/airflow/.local/lib/python3.7/site-packages/airflow/example_dags/example_sla_dag.py for tasks to queue
[2023-03-01T15:27:29.119+0000] {logging_mixin.py:137} INFO - [2023-03-01T15:27:29.119+0000] {dagbag.py:538} INFO - Filling up the DagBag from /home/airflow/.local/lib/python3.7/site-packages/airflow/example_dags/example_sla_dag.py
[2023-03-01T15:27:29.138+0000] {processor.py:753} INFO - DAG(s) dict_keys(['example_sla_dag']) retrieved from /home/airflow/.local/lib/python3.7/site-packages/airflow/example_dags/example_sla_dag.py
[2023-03-01T15:27:29.163+0000] {logging_mixin.py:137} INFO - [2023-03-01T15:27:29.163+0000] {dag.py:2690} INFO - Sync 1 DAGs
[2023-03-01T15:27:29.190+0000] {logging_mixin.py:137} INFO - [2023-03-01T15:27:29.190+0000] {dag.py:3441} INFO - Setting next_dagrun for example_sla_dag to 2023-03-01T15:24:00+00:00, run_after=2023-03-01T15:26:00+00:00
[2023-03-01T15:27:29.210+0000] {processor.py:175} INFO - Processing /home/airflow/.local/lib/python3.7/site-packages/airflow/example_dags/example_sla_dag.py took 0.095 seconds
[2023-03-01T15:27:59.664+0000] {processor.py:153} INFO - Started process (PID=1756) to work on /home/airflow/.local/lib/python3.7/site-packages/airflow/example_dags/example_sla_dag.py
[2023-03-01T15:27:59.664+0000] {processor.py:743} INFO - Processing file /home/airflow/.local/lib/python3.7/site-packages/airflow/example_dags/example_sla_dag.py for tasks to queue
[2023-03-01T15:27:59.665+0000] {logging_mixin.py:137} INFO - [2023-03-01T15:27:59.665+0000] {dagbag.py:538} INFO - Filling up the DagBag from /home/airflow/.local/lib/python3.7/site-packages/airflow/example_dags/example_sla_dag.py
[2023-03-01T15:27:59.683+0000] {processor.py:753} INFO - DAG(s) dict_keys(['example_sla_dag']) retrieved from /home/airflow/.local/lib/python3.7/site-packages/airflow/example_dags/example_sla_dag.py
[2023-03-01T15:27:59.706+0000] {logging_mixin.py:137} INFO - [2023-03-01T15:27:59.706+0000] {dag.py:2690} INFO - Sync 1 DAGs
[2023-03-01T15:27:59.732+0000] {logging_mixin.py:137} INFO - [2023-03-01T15:27:59.731+0000] {dag.py:3441} INFO - Setting next_dagrun for example_sla_dag to 2023-03-01T15:24:00+00:00, run_after=2023-03-01T15:26:00+00:00
[2023-03-01T15:27:59.749+0000] {processor.py:175} INFO - Processing /home/airflow/.local/lib/python3.7/site-packages/airflow/example_dags/example_sla_dag.py took 0.088 seconds
[2023-03-01T15:28:30.337+0000] {processor.py:153} INFO - Started process (PID=1855) to work on /home/airflow/.local/lib/python3.7/site-packages/airflow/example_dags/example_sla_dag.py
[2023-03-01T15:28:30.338+0000] {processor.py:743} INFO - Processing file /home/airflow/.local/lib/python3.7/site-packages/airflow/example_dags/example_sla_dag.py for tasks to queue
[2023-03-01T15:28:30.338+0000] {logging_mixin.py:137} INFO - [2023-03-01T15:28:30.338+0000] {dagbag.py:538} INFO - Filling up the DagBag from /home/airflow/.local/lib/python3.7/site-packages/airflow/example_dags/example_sla_dag.py
[2023-03-01T15:28:30.356+0000] {processor.py:753} INFO - DAG(s) dict_keys(['example_sla_dag']) retrieved from /home/airflow/.local/lib/python3.7/site-packages/airflow/example_dags/example_sla_dag.py
[2023-03-01T15:28:30.377+0000] {logging_mixin.py:137} INFO - [2023-03-01T15:28:30.377+0000] {dag.py:2690} INFO - Sync 1 DAGs
[2023-03-01T15:28:30.404+0000] {logging_mixin.py:137} INFO - [2023-03-01T15:28:30.404+0000] {dag.py:3441} INFO - Setting next_dagrun for example_sla_dag to 2023-03-01T15:26:00+00:00, run_after=2023-03-01T15:28:00+00:00
[2023-03-01T15:28:30.422+0000] {processor.py:175} INFO - Processing /home/airflow/.local/lib/python3.7/site-packages/airflow/example_dags/example_sla_dag.py took 0.087 seconds
[2023-03-01T15:29:00.822+0000] {processor.py:153} INFO - Started process (PID=1934) to work on /home/airflow/.local/lib/python3.7/site-packages/airflow/example_dags/example_sla_dag.py
[2023-03-01T15:29:00.823+0000] {processor.py:743} INFO - Processing file /home/airflow/.local/lib/python3.7/site-packages/airflow/example_dags/example_sla_dag.py for tasks to queue
[2023-03-01T15:29:00.823+0000] {logging_mixin.py:137} INFO - [2023-03-01T15:29:00.823+0000] {dagbag.py:538} INFO - Filling up the DagBag from /home/airflow/.local/lib/python3.7/site-packages/airflow/example_dags/example_sla_dag.py
[2023-03-01T15:29:00.841+0000] {processor.py:753} INFO - DAG(s) dict_keys(['example_sla_dag']) retrieved from /home/airflow/.local/lib/python3.7/site-packages/airflow/example_dags/example_sla_dag.py
[2023-03-01T15:29:00.894+0000] {logging_mixin.py:137} INFO - [2023-03-01T15:29:00.894+0000] {dag.py:2690} INFO - Sync 1 DAGs
[2023-03-01T15:29:00.921+0000] {logging_mixin.py:137} INFO - [2023-03-01T15:29:00.920+0000] {dag.py:3441} INFO - Setting next_dagrun for example_sla_dag to 2023-03-01T15:26:00+00:00, run_after=2023-03-01T15:28:00+00:00
[2023-03-01T15:29:00.938+0000] {processor.py:175} INFO - Processing /home/airflow/.local/lib/python3.7/site-packages/airflow/example_dags/example_sla_dag.py took 0.119 seconds
[2023-03-01T15:29:31.472+0000] {processor.py:153} INFO - Started process (PID=2033) to work on /home/airflow/.local/lib/python3.7/site-packages/airflow/example_dags/example_sla_dag.py
[2023-03-01T15:29:31.473+0000] {processor.py:743} INFO - Processing file /home/airflow/.local/lib/python3.7/site-packages/airflow/example_dags/example_sla_dag.py for tasks to queue
[2023-03-01T15:29:31.473+0000] {logging_mixin.py:137} INFO - [2023-03-01T15:29:31.473+0000] {dagbag.py:538} INFO - Filling up the DagBag from /home/airflow/.local/lib/python3.7/site-packages/airflow/example_dags/example_sla_dag.py
[2023-03-01T15:29:31.490+0000] {processor.py:753} INFO - DAG(s) dict_keys(['example_sla_dag']) retrieved from /home/airflow/.local/lib/python3.7/site-packages/airflow/example_dags/example_sla_dag.py
[2023-03-01T15:29:31.512+0000] {logging_mixin.py:137} INFO - [2023-03-01T15:29:31.512+0000] {dag.py:2690} INFO - Sync 1 DAGs
[2023-03-01T15:29:31.538+0000] {logging_mixin.py:137} INFO - [2023-03-01T15:29:31.538+0000] {dag.py:3441} INFO - Setting next_dagrun for example_sla_dag to 2023-03-01T15:26:00+00:00, run_after=2023-03-01T15:28:00+00:00
[2023-03-01T15:29:31.557+0000] {processor.py:175} INFO - Processing /home/airflow/.local/lib/python3.7/site-packages/airflow/example_dags/example_sla_dag.py took 0.087 seconds
[2023-03-01T15:30:02.172+0000] {processor.py:153} INFO - Started process (PID=2112) to work on /home/airflow/.local/lib/python3.7/site-packages/airflow/example_dags/example_sla_dag.py
[2023-03-01T15:30:02.173+0000] {processor.py:743} INFO - Processing file /home/airflow/.local/lib/python3.7/site-packages/airflow/example_dags/example_sla_dag.py for tasks to queue
[2023-03-01T15:30:02.173+0000] {logging_mixin.py:137} INFO - [2023-03-01T15:30:02.173+0000] {dagbag.py:538} INFO - Filling up the DagBag from /home/airflow/.local/lib/python3.7/site-packages/airflow/example_dags/example_sla_dag.py
[2023-03-01T15:30:02.195+0000] {processor.py:753} INFO - DAG(s) dict_keys(['example_sla_dag']) retrieved from /home/airflow/.local/lib/python3.7/site-packages/airflow/example_dags/example_sla_dag.py
[2023-03-01T15:30:02.218+0000] {logging_mixin.py:137} INFO - [2023-03-01T15:30:02.218+0000] {dag.py:2690} INFO - Sync 1 DAGs
[2023-03-01T15:30:02.248+0000] {logging_mixin.py:137} INFO - [2023-03-01T15:30:02.248+0000] {dag.py:3441} INFO - Setting next_dagrun for example_sla_dag to 2023-03-01T15:28:00+00:00, run_after=2023-03-01T15:30:00+00:00
[2023-03-01T15:30:02.270+0000] {processor.py:175} INFO - Processing /home/airflow/.local/lib/python3.7/site-packages/airflow/example_dags/example_sla_dag.py took 0.102 seconds
[2023-03-01T15:30:32.953+0000] {processor.py:153} INFO - Started process (PID=2212) to work on /home/airflow/.local/lib/python3.7/site-packages/airflow/example_dags/example_sla_dag.py
[2023-03-01T15:30:32.953+0000] {processor.py:743} INFO - Processing file /home/airflow/.local/lib/python3.7/site-packages/airflow/example_dags/example_sla_dag.py for tasks to queue
[2023-03-01T15:30:32.954+0000] {logging_mixin.py:137} INFO - [2023-03-01T15:30:32.954+0000] {dagbag.py:538} INFO - Filling up the DagBag from /home/airflow/.local/lib/python3.7/site-packages/airflow/example_dags/example_sla_dag.py
[2023-03-01T15:30:32.972+0000] {processor.py:753} INFO - DAG(s) dict_keys(['example_sla_dag']) retrieved from /home/airflow/.local/lib/python3.7/site-packages/airflow/example_dags/example_sla_dag.py
[2023-03-01T15:30:32.997+0000] {logging_mixin.py:137} INFO - [2023-03-01T15:30:32.997+0000] {dag.py:2690} INFO - Sync 1 DAGs
[2023-03-01T15:30:33.023+0000] {logging_mixin.py:137} INFO - [2023-03-01T15:30:33.023+0000] {dag.py:3441} INFO - Setting next_dagrun for example_sla_dag to 2023-03-01T15:28:00+00:00, run_after=2023-03-01T15:30:00+00:00
[2023-03-01T15:30:33.044+0000] {processor.py:175} INFO - Processing /home/airflow/.local/lib/python3.7/site-packages/airflow/example_dags/example_sla_dag.py took 0.093 seconds
[2023-03-01T15:31:03.697+0000] {processor.py:153} INFO - Started process (PID=2291) to work on /home/airflow/.local/lib/python3.7/site-packages/airflow/example_dags/example_sla_dag.py
[2023-03-01T15:31:03.698+0000] {processor.py:743} INFO - Processing file /home/airflow/.local/lib/python3.7/site-packages/airflow/example_dags/example_sla_dag.py for tasks to queue
[2023-03-01T15:31:03.698+0000] {logging_mixin.py:137} INFO - [2023-03-01T15:31:03.698+0000] {dagbag.py:538} INFO - Filling up the DagBag from /home/airflow/.local/lib/python3.7/site-packages/airflow/example_dags/example_sla_dag.py
[2023-03-01T15:31:03.715+0000] {processor.py:753} INFO - DAG(s) dict_keys(['example_sla_dag']) retrieved from /home/airflow/.local/lib/python3.7/site-packages/airflow/example_dags/example_sla_dag.py
[2023-03-01T15:31:03.738+0000] {logging_mixin.py:137} INFO - [2023-03-01T15:31:03.738+0000] {dag.py:2690} INFO - Sync 1 DAGs
[2023-03-01T15:31:03.764+0000] {logging_mixin.py:137} INFO - [2023-03-01T15:31:03.764+0000] {dag.py:3441} INFO - Setting next_dagrun for example_sla_dag to 2023-03-01T15:28:00+00:00, run_after=2023-03-01T15:30:00+00:00
[2023-03-01T15:31:03.782+0000] {processor.py:175} INFO - Processing /home/airflow/.local/lib/python3.7/site-packages/airflow/example_dags/example_sla_dag.py took 0.087 seconds
[2023-03-01T15:31:34.490+0000] {processor.py:153} INFO - Started process (PID=2390) to work on /home/airflow/.local/lib/python3.7/site-packages/airflow/example_dags/example_sla_dag.py
[2023-03-01T15:31:34.491+0000] {processor.py:743} INFO - Processing file /home/airflow/.local/lib/python3.7/site-packages/airflow/example_dags/example_sla_dag.py for tasks to queue
[2023-03-01T15:31:34.492+0000] {logging_mixin.py:137} INFO - [2023-03-01T15:31:34.492+0000] {dagbag.py:538} INFO - Filling up the DagBag from /home/airflow/.local/lib/python3.7/site-packages/airflow/example_dags/example_sla_dag.py
[2023-03-01T15:31:34.520+0000] {processor.py:753} INFO - DAG(s) dict_keys(['example_sla_dag']) retrieved from /home/airflow/.local/lib/python3.7/site-packages/airflow/example_dags/example_sla_dag.py
[2023-03-01T15:31:34.543+0000] {logging_mixin.py:137} INFO - [2023-03-01T15:31:34.543+0000] {dag.py:2690} INFO - Sync 1 DAGs
[2023-03-01T15:31:34.568+0000] {logging_mixin.py:137} INFO - [2023-03-01T15:31:34.568+0000] {dag.py:3441} INFO - Setting next_dagrun for example_sla_dag to 2023-03-01T15:28:00+00:00, run_after=2023-03-01T15:30:00+00:00
[2023-03-01T15:31:34.585+0000] {processor.py:175} INFO - Processing /home/airflow/.local/lib/python3.7/site-packages/airflow/example_dags/example_sla_dag.py took 0.098 seconds
[2023-03-01T15:32:05.147+0000] {processor.py:153} INFO - Started process (PID=2469) to work on /home/airflow/.local/lib/python3.7/site-packages/airflow/example_dags/example_sla_dag.py
[2023-03-01T15:32:05.147+0000] {processor.py:743} INFO - Processing file /home/airflow/.local/lib/python3.7/site-packages/airflow/example_dags/example_sla_dag.py for tasks to queue
[2023-03-01T15:32:05.148+0000] {logging_mixin.py:137} INFO - [2023-03-01T15:32:05.148+0000] {dagbag.py:538} INFO - Filling up the DagBag from /home/airflow/.local/lib/python3.7/site-packages/airflow/example_dags/example_sla_dag.py
[2023-03-01T15:32:05.165+0000] {processor.py:753} INFO - DAG(s) dict_keys(['example_sla_dag']) retrieved from /home/airflow/.local/lib/python3.7/site-packages/airflow/example_dags/example_sla_dag.py
[2023-03-01T15:32:05.187+0000] {logging_mixin.py:137} INFO - [2023-03-01T15:32:05.187+0000] {dag.py:2690} INFO - Sync 1 DAGs
[2023-03-01T15:32:05.212+0000] {logging_mixin.py:137} INFO - [2023-03-01T15:32:05.212+0000] {dag.py:3441} INFO - Setting next_dagrun for example_sla_dag to 2023-03-01T15:30:00+00:00, run_after=2023-03-01T15:32:00+00:00
[2023-03-01T15:32:05.235+0000] {processor.py:175} INFO - Processing /home/airflow/.local/lib/python3.7/site-packages/airflow/example_dags/example_sla_dag.py took 0.092 seconds
[2023-03-01T15:32:35.631+0000] {processor.py:153} INFO - Started process (PID=2568) to work on /home/airflow/.local/lib/python3.7/site-packages/airflow/example_dags/example_sla_dag.py
[2023-03-01T15:32:35.632+0000] {processor.py:743} INFO - Processing file /home/airflow/.local/lib/python3.7/site-packages/airflow/example_dags/example_sla_dag.py for tasks to queue
[2023-03-01T15:32:35.632+0000] {logging_mixin.py:137} INFO - [2023-03-01T15:32:35.632+0000] {dagbag.py:538} INFO - Filling up the DagBag from /home/airflow/.local/lib/python3.7/site-packages/airflow/example_dags/example_sla_dag.py
[2023-03-01T15:32:35.650+0000] {processor.py:753} INFO - DAG(s) dict_keys(['example_sla_dag']) retrieved from /home/airflow/.local/lib/python3.7/site-packages/airflow/example_dags/example_sla_dag.py
[2023-03-01T15:32:35.672+0000] {logging_mixin.py:137} INFO - [2023-03-01T15:32:35.671+0000] {dag.py:2690} INFO - Sync 1 DAGs
[2023-03-01T15:32:35.698+0000] {logging_mixin.py:137} INFO - [2023-03-01T15:32:35.698+0000] {dag.py:3441} INFO - Setting next_dagrun for example_sla_dag to 2023-03-01T15:30:00+00:00, run_after=2023-03-01T15:32:00+00:00
[2023-03-01T15:32:35.718+0000] {processor.py:175} INFO - Processing /home/airflow/.local/lib/python3.7/site-packages/airflow/example_dags/example_sla_dag.py took 0.089 seconds
[2023-03-01T15:33:06.473+0000] {processor.py:153} INFO - Started process (PID=2656) to work on /home/airflow/.local/lib/python3.7/site-packages/airflow/example_dags/example_sla_dag.py
[2023-03-01T15:33:06.474+0000] {processor.py:743} INFO - Processing file /home/airflow/.local/lib/python3.7/site-packages/airflow/example_dags/example_sla_dag.py for tasks to queue
[2023-03-01T15:33:06.474+0000] {logging_mixin.py:137} INFO - [2023-03-01T15:33:06.474+0000] {dagbag.py:538} INFO - Filling up the DagBag from /home/airflow/.local/lib/python3.7/site-packages/airflow/example_dags/example_sla_dag.py
[2023-03-01T15:33:06.493+0000] {processor.py:753} INFO - DAG(s) dict_keys(['example_sla_dag']) retrieved from /home/airflow/.local/lib/python3.7/site-packages/airflow/example_dags/example_sla_dag.py
[2023-03-01T15:33:06.523+0000] {logging_mixin.py:137} INFO - [2023-03-01T15:33:06.523+0000] {dag.py:2690} INFO - Sync 1 DAGs
[2023-03-01T15:33:06.551+0000] {logging_mixin.py:137} INFO - [2023-03-01T15:33:06.550+0000] {dag.py:3441} INFO - Setting next_dagrun for example_sla_dag to 2023-03-01T15:30:00+00:00, run_after=2023-03-01T15:32:00+00:00
[2023-03-01T15:33:06.568+0000] {processor.py:175} INFO - Processing /home/airflow/.local/lib/python3.7/site-packages/airflow/example_dags/example_sla_dag.py took 0.098 seconds
[2023-03-01T15:33:37.017+0000] {processor.py:153} INFO - Started process (PID=2746) to work on /home/airflow/.local/lib/python3.7/site-packages/airflow/example_dags/example_sla_dag.py
[2023-03-01T15:33:37.017+0000] {processor.py:743} INFO - Processing file /home/airflow/.local/lib/python3.7/site-packages/airflow/example_dags/example_sla_dag.py for tasks to queue
[2023-03-01T15:33:37.018+0000] {logging_mixin.py:137} INFO - [2023-03-01T15:33:37.018+0000] {dagbag.py:538} INFO - Filling up the DagBag from /home/airflow/.local/lib/python3.7/site-packages/airflow/example_dags/example_sla_dag.py
[2023-03-01T15:33:37.035+0000] {processor.py:753} INFO - DAG(s) dict_keys(['example_sla_dag']) retrieved from /home/airflow/.local/lib/python3.7/site-packages/airflow/example_dags/example_sla_dag.py
[2023-03-01T15:33:37.058+0000] {logging_mixin.py:137} INFO - [2023-03-01T15:33:37.058+0000] {dag.py:2690} INFO - Sync 1 DAGs
[2023-03-01T15:33:37.084+0000] {logging_mixin.py:137} INFO - [2023-03-01T15:33:37.084+0000] {dag.py:3441} INFO - Setting next_dagrun for example_sla_dag to 2023-03-01T15:30:00+00:00, run_after=2023-03-01T15:32:00+00:00
[2023-03-01T15:33:37.102+0000] {processor.py:175} INFO - Processing /home/airflow/.local/lib/python3.7/site-packages/airflow/example_dags/example_sla_dag.py took 0.087 seconds
[2023-03-01T15:34:07.683+0000] {processor.py:153} INFO - Started process (PID=2844) to work on /home/airflow/.local/lib/python3.7/site-packages/airflow/example_dags/example_sla_dag.py
[2023-03-01T15:34:07.684+0000] {processor.py:743} INFO - Processing file /home/airflow/.local/lib/python3.7/site-packages/airflow/example_dags/example_sla_dag.py for tasks to queue
[2023-03-01T15:34:07.684+0000] {logging_mixin.py:137} INFO - [2023-03-01T15:34:07.684+0000] {dagbag.py:538} INFO - Filling up the DagBag from /home/airflow/.local/lib/python3.7/site-packages/airflow/example_dags/example_sla_dag.py
[2023-03-01T15:34:07.703+0000] {processor.py:753} INFO - DAG(s) dict_keys(['example_sla_dag']) retrieved from /home/airflow/.local/lib/python3.7/site-packages/airflow/example_dags/example_sla_dag.py
[2023-03-01T15:34:07.729+0000] {logging_mixin.py:137} INFO - [2023-03-01T15:34:07.728+0000] {dag.py:2690} INFO - Sync 1 DAGs
[2023-03-01T15:34:07.758+0000] {logging_mixin.py:137} INFO - [2023-03-01T15:34:07.758+0000] {dag.py:3441} INFO - Setting next_dagrun for example_sla_dag to 2023-03-01T15:32:00+00:00, run_after=2023-03-01T15:34:00+00:00
[2023-03-01T15:34:07.782+0000] {processor.py:175} INFO - Processing /home/airflow/.local/lib/python3.7/site-packages/airflow/example_dags/example_sla_dag.py took 0.101 seconds
[2023-03-01T15:34:38.350+0000] {processor.py:153} INFO - Started process (PID=2924) to work on /home/airflow/.local/lib/python3.7/site-packages/airflow/example_dags/example_sla_dag.py
[2023-03-01T15:34:38.350+0000] {processor.py:743} INFO - Processing file /home/airflow/.local/lib/python3.7/site-packages/airflow/example_dags/example_sla_dag.py for tasks to queue
[2023-03-01T15:34:38.351+0000] {logging_mixin.py:137} INFO - [2023-03-01T15:34:38.351+0000] {dagbag.py:538} INFO - Filling up the DagBag from /home/airflow/.local/lib/python3.7/site-packages/airflow/example_dags/example_sla_dag.py
[2023-03-01T15:34:38.368+0000] {processor.py:753} INFO - DAG(s) dict_keys(['example_sla_dag']) retrieved from /home/airflow/.local/lib/python3.7/site-packages/airflow/example_dags/example_sla_dag.py
[2023-03-01T15:34:38.389+0000] {logging_mixin.py:137} INFO - [2023-03-01T15:34:38.389+0000] {dag.py:2690} INFO - Sync 1 DAGs
[2023-03-01T15:34:38.415+0000] {logging_mixin.py:137} INFO - [2023-03-01T15:34:38.415+0000] {dag.py:3441} INFO - Setting next_dagrun for example_sla_dag to 2023-03-01T15:32:00+00:00, run_after=2023-03-01T15:34:00+00:00
[2023-03-01T15:34:38.433+0000] {processor.py:175} INFO - Processing /home/airflow/.local/lib/python3.7/site-packages/airflow/example_dags/example_sla_dag.py took 0.086 seconds
[2023-03-01T15:35:09.070+0000] {processor.py:153} INFO - Started process (PID=3023) to work on /home/airflow/.local/lib/python3.7/site-packages/airflow/example_dags/example_sla_dag.py
[2023-03-01T15:35:09.071+0000] {processor.py:743} INFO - Processing file /home/airflow/.local/lib/python3.7/site-packages/airflow/example_dags/example_sla_dag.py for tasks to queue
[2023-03-01T15:35:09.072+0000] {logging_mixin.py:137} INFO - [2023-03-01T15:35:09.071+0000] {dagbag.py:538} INFO - Filling up the DagBag from /home/airflow/.local/lib/python3.7/site-packages/airflow/example_dags/example_sla_dag.py
[2023-03-01T15:35:09.095+0000] {processor.py:753} INFO - DAG(s) dict_keys(['example_sla_dag']) retrieved from /home/airflow/.local/lib/python3.7/site-packages/airflow/example_dags/example_sla_dag.py
[2023-03-01T15:35:09.126+0000] {logging_mixin.py:137} INFO - [2023-03-01T15:35:09.126+0000] {dag.py:2690} INFO - Sync 1 DAGs
[2023-03-01T15:35:09.155+0000] {logging_mixin.py:137} INFO - [2023-03-01T15:35:09.155+0000] {dag.py:3441} INFO - Setting next_dagrun for example_sla_dag to 2023-03-01T15:32:00+00:00, run_after=2023-03-01T15:34:00+00:00
[2023-03-01T15:35:09.174+0000] {processor.py:175} INFO - Processing /home/airflow/.local/lib/python3.7/site-packages/airflow/example_dags/example_sla_dag.py took 0.107 seconds
[2023-03-01T15:35:39.435+0000] {processor.py:153} INFO - Started process (PID=3102) to work on /home/airflow/.local/lib/python3.7/site-packages/airflow/example_dags/example_sla_dag.py
[2023-03-01T15:35:39.436+0000] {processor.py:743} INFO - Processing file /home/airflow/.local/lib/python3.7/site-packages/airflow/example_dags/example_sla_dag.py for tasks to queue
[2023-03-01T15:35:39.436+0000] {logging_mixin.py:137} INFO - [2023-03-01T15:35:39.436+0000] {dagbag.py:538} INFO - Filling up the DagBag from /home/airflow/.local/lib/python3.7/site-packages/airflow/example_dags/example_sla_dag.py
[2023-03-01T15:35:39.453+0000] {processor.py:753} INFO - DAG(s) dict_keys(['example_sla_dag']) retrieved from /home/airflow/.local/lib/python3.7/site-packages/airflow/example_dags/example_sla_dag.py
[2023-03-01T15:35:39.474+0000] {logging_mixin.py:137} INFO - [2023-03-01T15:35:39.474+0000] {dag.py:2690} INFO - Sync 1 DAGs
[2023-03-01T15:35:39.501+0000] {logging_mixin.py:137} INFO - [2023-03-01T15:35:39.501+0000] {dag.py:3441} INFO - Setting next_dagrun for example_sla_dag to 2023-03-01T15:32:00+00:00, run_after=2023-03-01T15:34:00+00:00
[2023-03-01T15:35:39.521+0000] {processor.py:175} INFO - Processing /home/airflow/.local/lib/python3.7/site-packages/airflow/example_dags/example_sla_dag.py took 0.088 seconds
[2023-03-01T15:36:09.973+0000] {processor.py:153} INFO - Started process (PID=3201) to work on /home/airflow/.local/lib/python3.7/site-packages/airflow/example_dags/example_sla_dag.py
[2023-03-01T15:36:09.973+0000] {processor.py:743} INFO - Processing file /home/airflow/.local/lib/python3.7/site-packages/airflow/example_dags/example_sla_dag.py for tasks to queue
[2023-03-01T15:36:09.974+0000] {logging_mixin.py:137} INFO - [2023-03-01T15:36:09.974+0000] {dagbag.py:538} INFO - Filling up the DagBag from /home/airflow/.local/lib/python3.7/site-packages/airflow/example_dags/example_sla_dag.py
[2023-03-01T15:36:09.992+0000] {processor.py:753} INFO - DAG(s) dict_keys(['example_sla_dag']) retrieved from /home/airflow/.local/lib/python3.7/site-packages/airflow/example_dags/example_sla_dag.py
[2023-03-01T15:36:10.014+0000] {logging_mixin.py:137} INFO - [2023-03-01T15:36:10.014+0000] {dag.py:2690} INFO - Sync 1 DAGs
[2023-03-01T15:36:10.050+0000] {logging_mixin.py:137} INFO - [2023-03-01T15:36:10.050+0000] {dag.py:3441} INFO - Setting next_dagrun for example_sla_dag to 2023-03-01T15:34:00+00:00, run_after=2023-03-01T15:36:00+00:00
[2023-03-01T15:36:10.076+0000] {processor.py:175} INFO - Processing /home/airflow/.local/lib/python3.7/site-packages/airflow/example_dags/example_sla_dag.py took 0.105 seconds
[2023-03-01T15:36:40.625+0000] {processor.py:153} INFO - Started process (PID=3280) to work on /home/airflow/.local/lib/python3.7/site-packages/airflow/example_dags/example_sla_dag.py
[2023-03-01T15:36:40.626+0000] {processor.py:743} INFO - Processing file /home/airflow/.local/lib/python3.7/site-packages/airflow/example_dags/example_sla_dag.py for tasks to queue
[2023-03-01T15:36:40.626+0000] {logging_mixin.py:137} INFO - [2023-03-01T15:36:40.626+0000] {dagbag.py:538} INFO - Filling up the DagBag from /home/airflow/.local/lib/python3.7/site-packages/airflow/example_dags/example_sla_dag.py
[2023-03-01T15:36:40.644+0000] {processor.py:753} INFO - DAG(s) dict_keys(['example_sla_dag']) retrieved from /home/airflow/.local/lib/python3.7/site-packages/airflow/example_dags/example_sla_dag.py
[2023-03-01T15:36:40.667+0000] {logging_mixin.py:137} INFO - [2023-03-01T15:36:40.667+0000] {dag.py:2690} INFO - Sync 1 DAGs
[2023-03-01T15:36:40.694+0000] {logging_mixin.py:137} INFO - [2023-03-01T15:36:40.693+0000] {dag.py:3441} INFO - Setting next_dagrun for example_sla_dag to 2023-03-01T15:34:00+00:00, run_after=2023-03-01T15:36:00+00:00
[2023-03-01T15:36:40.711+0000] {processor.py:175} INFO - Processing /home/airflow/.local/lib/python3.7/site-packages/airflow/example_dags/example_sla_dag.py took 0.088 seconds
[2023-03-01T15:37:11.249+0000] {processor.py:153} INFO - Started process (PID=3379) to work on /home/airflow/.local/lib/python3.7/site-packages/airflow/example_dags/example_sla_dag.py
[2023-03-01T15:37:11.249+0000] {processor.py:743} INFO - Processing file /home/airflow/.local/lib/python3.7/site-packages/airflow/example_dags/example_sla_dag.py for tasks to queue
[2023-03-01T15:37:11.250+0000] {logging_mixin.py:137} INFO - [2023-03-01T15:37:11.250+0000] {dagbag.py:538} INFO - Filling up the DagBag from /home/airflow/.local/lib/python3.7/site-packages/airflow/example_dags/example_sla_dag.py
[2023-03-01T15:37:11.267+0000] {processor.py:753} INFO - DAG(s) dict_keys(['example_sla_dag']) retrieved from /home/airflow/.local/lib/python3.7/site-packages/airflow/example_dags/example_sla_dag.py
[2023-03-01T15:37:11.289+0000] {logging_mixin.py:137} INFO - [2023-03-01T15:37:11.289+0000] {dag.py:2690} INFO - Sync 1 DAGs
[2023-03-01T15:37:11.314+0000] {logging_mixin.py:137} INFO - [2023-03-01T15:37:11.314+0000] {dag.py:3441} INFO - Setting next_dagrun for example_sla_dag to 2023-03-01T15:34:00+00:00, run_after=2023-03-01T15:36:00+00:00
[2023-03-01T15:37:11.331+0000] {processor.py:175} INFO - Processing /home/airflow/.local/lib/python3.7/site-packages/airflow/example_dags/example_sla_dag.py took 0.085 seconds
[2023-03-01T15:37:42.112+0000] {processor.py:153} INFO - Started process (PID=3458) to work on /home/airflow/.local/lib/python3.7/site-packages/airflow/example_dags/example_sla_dag.py
[2023-03-01T15:37:42.120+0000] {processor.py:743} INFO - Processing file /home/airflow/.local/lib/python3.7/site-packages/airflow/example_dags/example_sla_dag.py for tasks to queue
[2023-03-01T15:37:42.121+0000] {logging_mixin.py:137} INFO - [2023-03-01T15:37:42.121+0000] {dagbag.py:538} INFO - Filling up the DagBag from /home/airflow/.local/lib/python3.7/site-packages/airflow/example_dags/example_sla_dag.py
[2023-03-01T15:37:42.176+0000] {processor.py:753} INFO - DAG(s) dict_keys(['example_sla_dag']) retrieved from /home/airflow/.local/lib/python3.7/site-packages/airflow/example_dags/example_sla_dag.py
[2023-03-01T15:37:42.199+0000] {logging_mixin.py:137} INFO - [2023-03-01T15:37:42.199+0000] {dag.py:2690} INFO - Sync 1 DAGs
[2023-03-01T15:37:42.226+0000] {logging_mixin.py:137} INFO - [2023-03-01T15:37:42.226+0000] {dag.py:3441} INFO - Setting next_dagrun for example_sla_dag to 2023-03-01T15:34:00+00:00, run_after=2023-03-01T15:36:00+00:00
[2023-03-01T15:37:42.246+0000] {processor.py:175} INFO - Processing /home/airflow/.local/lib/python3.7/site-packages/airflow/example_dags/example_sla_dag.py took 0.139 seconds
[2023-03-01T15:38:12.673+0000] {processor.py:153} INFO - Started process (PID=3557) to work on /home/airflow/.local/lib/python3.7/site-packages/airflow/example_dags/example_sla_dag.py
[2023-03-01T15:38:12.674+0000] {processor.py:743} INFO - Processing file /home/airflow/.local/lib/python3.7/site-packages/airflow/example_dags/example_sla_dag.py for tasks to queue
[2023-03-01T15:38:12.674+0000] {logging_mixin.py:137} INFO - [2023-03-01T15:38:12.674+0000] {dagbag.py:538} INFO - Filling up the DagBag from /home/airflow/.local/lib/python3.7/site-packages/airflow/example_dags/example_sla_dag.py
[2023-03-01T15:38:12.692+0000] {processor.py:753} INFO - DAG(s) dict_keys(['example_sla_dag']) retrieved from /home/airflow/.local/lib/python3.7/site-packages/airflow/example_dags/example_sla_dag.py
[2023-03-01T15:38:12.714+0000] {logging_mixin.py:137} INFO - [2023-03-01T15:38:12.714+0000] {dag.py:2690} INFO - Sync 1 DAGs
[2023-03-01T15:38:12.739+0000] {logging_mixin.py:137} INFO - [2023-03-01T15:38:12.739+0000] {dag.py:3441} INFO - Setting next_dagrun for example_sla_dag to 2023-03-01T15:36:00+00:00, run_after=2023-03-01T15:38:00+00:00
[2023-03-01T15:38:12.757+0000] {processor.py:175} INFO - Processing /home/airflow/.local/lib/python3.7/site-packages/airflow/example_dags/example_sla_dag.py took 0.086 seconds
[2023-03-01T15:38:43.240+0000] {processor.py:153} INFO - Started process (PID=3636) to work on /home/airflow/.local/lib/python3.7/site-packages/airflow/example_dags/example_sla_dag.py
[2023-03-01T15:38:43.241+0000] {processor.py:743} INFO - Processing file /home/airflow/.local/lib/python3.7/site-packages/airflow/example_dags/example_sla_dag.py for tasks to queue
[2023-03-01T15:38:43.241+0000] {logging_mixin.py:137} INFO - [2023-03-01T15:38:43.241+0000] {dagbag.py:538} INFO - Filling up the DagBag from /home/airflow/.local/lib/python3.7/site-packages/airflow/example_dags/example_sla_dag.py
[2023-03-01T15:38:43.261+0000] {processor.py:753} INFO - DAG(s) dict_keys(['example_sla_dag']) retrieved from /home/airflow/.local/lib/python3.7/site-packages/airflow/example_dags/example_sla_dag.py
[2023-03-01T15:38:43.284+0000] {logging_mixin.py:137} INFO - [2023-03-01T15:38:43.284+0000] {dag.py:2690} INFO - Sync 1 DAGs
[2023-03-01T15:38:43.312+0000] {logging_mixin.py:137} INFO - [2023-03-01T15:38:43.311+0000] {dag.py:3441} INFO - Setting next_dagrun for example_sla_dag to 2023-03-01T15:36:00+00:00, run_after=2023-03-01T15:38:00+00:00
[2023-03-01T15:38:43.330+0000] {processor.py:175} INFO - Processing /home/airflow/.local/lib/python3.7/site-packages/airflow/example_dags/example_sla_dag.py took 0.094 seconds
[2023-03-01T15:39:13.672+0000] {processor.py:153} INFO - Started process (PID=3736) to work on /home/airflow/.local/lib/python3.7/site-packages/airflow/example_dags/example_sla_dag.py
[2023-03-01T15:39:13.673+0000] {processor.py:743} INFO - Processing file /home/airflow/.local/lib/python3.7/site-packages/airflow/example_dags/example_sla_dag.py for tasks to queue
[2023-03-01T15:39:13.673+0000] {logging_mixin.py:137} INFO - [2023-03-01T15:39:13.673+0000] {dagbag.py:538} INFO - Filling up the DagBag from /home/airflow/.local/lib/python3.7/site-packages/airflow/example_dags/example_sla_dag.py
[2023-03-01T15:39:13.691+0000] {processor.py:753} INFO - DAG(s) dict_keys(['example_sla_dag']) retrieved from /home/airflow/.local/lib/python3.7/site-packages/airflow/example_dags/example_sla_dag.py
[2023-03-01T15:39:13.714+0000] {logging_mixin.py:137} INFO - [2023-03-01T15:39:13.714+0000] {dag.py:2690} INFO - Sync 1 DAGs
[2023-03-01T15:39:13.743+0000] {logging_mixin.py:137} INFO - [2023-03-01T15:39:13.743+0000] {dag.py:3441} INFO - Setting next_dagrun for example_sla_dag to 2023-03-01T15:36:00+00:00, run_after=2023-03-01T15:38:00+00:00
[2023-03-01T15:39:13.761+0000] {processor.py:175} INFO - Processing /home/airflow/.local/lib/python3.7/site-packages/airflow/example_dags/example_sla_dag.py took 0.092 seconds
[2023-03-01T15:39:44.121+0000] {processor.py:153} INFO - Started process (PID=3815) to work on /home/airflow/.local/lib/python3.7/site-packages/airflow/example_dags/example_sla_dag.py
[2023-03-01T15:39:44.121+0000] {processor.py:743} INFO - Processing file /home/airflow/.local/lib/python3.7/site-packages/airflow/example_dags/example_sla_dag.py for tasks to queue
[2023-03-01T15:39:44.122+0000] {logging_mixin.py:137} INFO - [2023-03-01T15:39:44.122+0000] {dagbag.py:538} INFO - Filling up the DagBag from /home/airflow/.local/lib/python3.7/site-packages/airflow/example_dags/example_sla_dag.py
[2023-03-01T15:39:44.139+0000] {processor.py:753} INFO - DAG(s) dict_keys(['example_sla_dag']) retrieved from /home/airflow/.local/lib/python3.7/site-packages/airflow/example_dags/example_sla_dag.py
[2023-03-01T15:39:44.161+0000] {logging_mixin.py:137} INFO - [2023-03-01T15:39:44.160+0000] {dag.py:2690} INFO - Sync 1 DAGs
[2023-03-01T15:39:44.187+0000] {logging_mixin.py:137} INFO - [2023-03-01T15:39:44.187+0000] {dag.py:3441} INFO - Setting next_dagrun for example_sla_dag to 2023-03-01T15:36:00+00:00, run_after=2023-03-01T15:38:00+00:00
[2023-03-01T15:39:44.206+0000] {processor.py:175} INFO - Processing /home/airflow/.local/lib/python3.7/site-packages/airflow/example_dags/example_sla_dag.py took 0.087 seconds
[2023-03-01T15:40:14.827+0000] {processor.py:153} INFO - Started process (PID=3914) to work on /home/airflow/.local/lib/python3.7/site-packages/airflow/example_dags/example_sla_dag.py
[2023-03-01T15:40:14.828+0000] {processor.py:743} INFO - Processing file /home/airflow/.local/lib/python3.7/site-packages/airflow/example_dags/example_sla_dag.py for tasks to queue
[2023-03-01T15:40:14.828+0000] {logging_mixin.py:137} INFO - [2023-03-01T15:40:14.828+0000] {dagbag.py:538} INFO - Filling up the DagBag from /home/airflow/.local/lib/python3.7/site-packages/airflow/example_dags/example_sla_dag.py
[2023-03-01T15:40:14.847+0000] {processor.py:753} INFO - DAG(s) dict_keys(['example_sla_dag']) retrieved from /home/airflow/.local/lib/python3.7/site-packages/airflow/example_dags/example_sla_dag.py
[2023-03-01T15:40:14.869+0000] {logging_mixin.py:137} INFO - [2023-03-01T15:40:14.869+0000] {dag.py:2690} INFO - Sync 1 DAGs
[2023-03-01T15:40:14.904+0000] {logging_mixin.py:137} INFO - [2023-03-01T15:40:14.904+0000] {dag.py:3441} INFO - Setting next_dagrun for example_sla_dag to 2023-03-01T15:38:00+00:00, run_after=2023-03-01T15:40:00+00:00
[2023-03-01T15:40:14.934+0000] {processor.py:175} INFO - Processing /home/airflow/.local/lib/python3.7/site-packages/airflow/example_dags/example_sla_dag.py took 0.110 seconds
[2023-03-01T15:40:45.486+0000] {processor.py:153} INFO - Started process (PID=3993) to work on /home/airflow/.local/lib/python3.7/site-packages/airflow/example_dags/example_sla_dag.py
[2023-03-01T15:40:45.486+0000] {processor.py:743} INFO - Processing file /home/airflow/.local/lib/python3.7/site-packages/airflow/example_dags/example_sla_dag.py for tasks to queue
[2023-03-01T15:40:45.487+0000] {logging_mixin.py:137} INFO - [2023-03-01T15:40:45.487+0000] {dagbag.py:538} INFO - Filling up the DagBag from /home/airflow/.local/lib/python3.7/site-packages/airflow/example_dags/example_sla_dag.py
[2023-03-01T15:40:45.504+0000] {processor.py:753} INFO - DAG(s) dict_keys(['example_sla_dag']) retrieved from /home/airflow/.local/lib/python3.7/site-packages/airflow/example_dags/example_sla_dag.py
[2023-03-01T15:40:45.526+0000] {logging_mixin.py:137} INFO - [2023-03-01T15:40:45.526+0000] {dag.py:2690} INFO - Sync 1 DAGs
[2023-03-01T15:40:45.551+0000] {logging_mixin.py:137} INFO - [2023-03-01T15:40:45.551+0000] {dag.py:3441} INFO - Setting next_dagrun for example_sla_dag to 2023-03-01T15:38:00+00:00, run_after=2023-03-01T15:40:00+00:00
[2023-03-01T15:40:45.570+0000] {processor.py:175} INFO - Processing /home/airflow/.local/lib/python3.7/site-packages/airflow/example_dags/example_sla_dag.py took 0.087 seconds
[2023-03-01T15:41:16.269+0000] {processor.py:153} INFO - Started process (PID=4092) to work on /home/airflow/.local/lib/python3.7/site-packages/airflow/example_dags/example_sla_dag.py
[2023-03-01T15:41:16.270+0000] {processor.py:743} INFO - Processing file /home/airflow/.local/lib/python3.7/site-packages/airflow/example_dags/example_sla_dag.py for tasks to queue
[2023-03-01T15:41:16.270+0000] {logging_mixin.py:137} INFO - [2023-03-01T15:41:16.270+0000] {dagbag.py:538} INFO - Filling up the DagBag from /home/airflow/.local/lib/python3.7/site-packages/airflow/example_dags/example_sla_dag.py
[2023-03-01T15:41:16.288+0000] {processor.py:753} INFO - DAG(s) dict_keys(['example_sla_dag']) retrieved from /home/airflow/.local/lib/python3.7/site-packages/airflow/example_dags/example_sla_dag.py
[2023-03-01T15:41:16.311+0000] {logging_mixin.py:137} INFO - [2023-03-01T15:41:16.310+0000] {dag.py:2690} INFO - Sync 1 DAGs
[2023-03-01T15:41:16.335+0000] {logging_mixin.py:137} INFO - [2023-03-01T15:41:16.335+0000] {dag.py:3441} INFO - Setting next_dagrun for example_sla_dag to 2023-03-01T15:38:00+00:00, run_after=2023-03-01T15:40:00+00:00
[2023-03-01T15:41:16.354+0000] {processor.py:175} INFO - Processing /home/airflow/.local/lib/python3.7/site-packages/airflow/example_dags/example_sla_dag.py took 0.086 seconds
[2023-03-01T15:41:46.793+0000] {processor.py:153} INFO - Started process (PID=4178) to work on /home/airflow/.local/lib/python3.7/site-packages/airflow/example_dags/example_sla_dag.py
[2023-03-01T15:41:46.794+0000] {processor.py:743} INFO - Processing file /home/airflow/.local/lib/python3.7/site-packages/airflow/example_dags/example_sla_dag.py for tasks to queue
[2023-03-01T15:41:46.794+0000] {logging_mixin.py:137} INFO - [2023-03-01T15:41:46.794+0000] {dagbag.py:538} INFO - Filling up the DagBag from /home/airflow/.local/lib/python3.7/site-packages/airflow/example_dags/example_sla_dag.py
[2023-03-01T15:41:46.813+0000] {processor.py:753} INFO - DAG(s) dict_keys(['example_sla_dag']) retrieved from /home/airflow/.local/lib/python3.7/site-packages/airflow/example_dags/example_sla_dag.py
[2023-03-01T15:41:46.835+0000] {logging_mixin.py:137} INFO - [2023-03-01T15:41:46.835+0000] {dag.py:2690} INFO - Sync 1 DAGs
[2023-03-01T15:41:46.861+0000] {logging_mixin.py:137} INFO - [2023-03-01T15:41:46.861+0000] {dag.py:3441} INFO - Setting next_dagrun for example_sla_dag to 2023-03-01T15:38:00+00:00, run_after=2023-03-01T15:40:00+00:00
[2023-03-01T15:41:46.880+0000] {processor.py:175} INFO - Processing /home/airflow/.local/lib/python3.7/site-packages/airflow/example_dags/example_sla_dag.py took 0.089 seconds
[2023-03-01T15:42:17.534+0000] {processor.py:153} INFO - Started process (PID=4270) to work on /home/airflow/.local/lib/python3.7/site-packages/airflow/example_dags/example_sla_dag.py
[2023-03-01T15:42:17.535+0000] {processor.py:743} INFO - Processing file /home/airflow/.local/lib/python3.7/site-packages/airflow/example_dags/example_sla_dag.py for tasks to queue
[2023-03-01T15:42:17.535+0000] {logging_mixin.py:137} INFO - [2023-03-01T15:42:17.535+0000] {dagbag.py:538} INFO - Filling up the DagBag from /home/airflow/.local/lib/python3.7/site-packages/airflow/example_dags/example_sla_dag.py
[2023-03-01T15:42:17.553+0000] {processor.py:753} INFO - DAG(s) dict_keys(['example_sla_dag']) retrieved from /home/airflow/.local/lib/python3.7/site-packages/airflow/example_dags/example_sla_dag.py
[2023-03-01T15:42:17.575+0000] {logging_mixin.py:137} INFO - [2023-03-01T15:42:17.575+0000] {dag.py:2690} INFO - Sync 1 DAGs
[2023-03-01T15:42:17.601+0000] {logging_mixin.py:137} INFO - [2023-03-01T15:42:17.601+0000] {dag.py:3441} INFO - Setting next_dagrun for example_sla_dag to 2023-03-01T15:40:00+00:00, run_after=2023-03-01T15:42:00+00:00
[2023-03-01T15:42:17.618+0000] {processor.py:175} INFO - Processing /home/airflow/.local/lib/python3.7/site-packages/airflow/example_dags/example_sla_dag.py took 0.086 seconds
[2023-03-01T15:42:48.362+0000] {processor.py:153} INFO - Started process (PID=4358) to work on /home/airflow/.local/lib/python3.7/site-packages/airflow/example_dags/example_sla_dag.py
[2023-03-01T15:42:48.363+0000] {processor.py:743} INFO - Processing file /home/airflow/.local/lib/python3.7/site-packages/airflow/example_dags/example_sla_dag.py for tasks to queue
[2023-03-01T15:42:48.363+0000] {logging_mixin.py:137} INFO - [2023-03-01T15:42:48.363+0000] {dagbag.py:538} INFO - Filling up the DagBag from /home/airflow/.local/lib/python3.7/site-packages/airflow/example_dags/example_sla_dag.py
[2023-03-01T15:42:48.382+0000] {processor.py:753} INFO - DAG(s) dict_keys(['example_sla_dag']) retrieved from /home/airflow/.local/lib/python3.7/site-packages/airflow/example_dags/example_sla_dag.py
[2023-03-01T15:42:48.412+0000] {logging_mixin.py:137} INFO - [2023-03-01T15:42:48.412+0000] {dag.py:2690} INFO - Sync 1 DAGs
[2023-03-01T15:42:48.448+0000] {logging_mixin.py:137} INFO - [2023-03-01T15:42:48.447+0000] {dag.py:3441} INFO - Setting next_dagrun for example_sla_dag to 2023-03-01T15:40:00+00:00, run_after=2023-03-01T15:42:00+00:00
[2023-03-01T15:42:48.474+0000] {processor.py:175} INFO - Processing /home/airflow/.local/lib/python3.7/site-packages/airflow/example_dags/example_sla_dag.py took 0.114 seconds
[2023-03-01T15:43:18.641+0000] {processor.py:153} INFO - Started process (PID=4448) to work on /home/airflow/.local/lib/python3.7/site-packages/airflow/example_dags/example_sla_dag.py
[2023-03-01T15:43:18.642+0000] {processor.py:743} INFO - Processing file /home/airflow/.local/lib/python3.7/site-packages/airflow/example_dags/example_sla_dag.py for tasks to queue
[2023-03-01T15:43:18.642+0000] {logging_mixin.py:137} INFO - [2023-03-01T15:43:18.642+0000] {dagbag.py:538} INFO - Filling up the DagBag from /home/airflow/.local/lib/python3.7/site-packages/airflow/example_dags/example_sla_dag.py
[2023-03-01T15:43:18.660+0000] {processor.py:753} INFO - DAG(s) dict_keys(['example_sla_dag']) retrieved from /home/airflow/.local/lib/python3.7/site-packages/airflow/example_dags/example_sla_dag.py
[2023-03-01T15:43:18.680+0000] {logging_mixin.py:137} INFO - [2023-03-01T15:43:18.680+0000] {dag.py:2690} INFO - Sync 1 DAGs
[2023-03-01T15:43:18.706+0000] {logging_mixin.py:137} INFO - [2023-03-01T15:43:18.706+0000] {dag.py:3441} INFO - Setting next_dagrun for example_sla_dag to 2023-03-01T15:40:00+00:00, run_after=2023-03-01T15:42:00+00:00
[2023-03-01T15:43:18.724+0000] {processor.py:175} INFO - Processing /home/airflow/.local/lib/python3.7/site-packages/airflow/example_dags/example_sla_dag.py took 0.085 seconds
[2023-03-01T20:03:08.786+0000] {processor.py:153} INFO - Started process (PID=54) to work on /home/airflow/.local/lib/python3.7/site-packages/airflow/example_dags/example_sla_dag.py
[2023-03-01T20:03:08.787+0000] {processor.py:743} INFO - Processing file /home/airflow/.local/lib/python3.7/site-packages/airflow/example_dags/example_sla_dag.py for tasks to queue
[2023-03-01T20:03:08.788+0000] {logging_mixin.py:137} INFO - [2023-03-01T20:03:08.787+0000] {dagbag.py:538} INFO - Filling up the DagBag from /home/airflow/.local/lib/python3.7/site-packages/airflow/example_dags/example_sla_dag.py
[2023-03-01T20:03:08.807+0000] {processor.py:753} INFO - DAG(s) dict_keys(['example_sla_dag']) retrieved from /home/airflow/.local/lib/python3.7/site-packages/airflow/example_dags/example_sla_dag.py
[2023-03-01T20:03:08.817+0000] {logging_mixin.py:137} INFO - [2023-03-01T20:03:08.817+0000] {dag.py:2690} INFO - Sync 1 DAGs
[2023-03-01T20:03:08.845+0000] {logging_mixin.py:137} INFO - [2023-03-01T20:03:08.845+0000] {dag.py:3441} INFO - Setting next_dagrun for example_sla_dag to 2023-03-01T20:00:00+00:00, run_after=2023-03-01T20:02:00+00:00
[2023-03-01T20:03:08.868+0000] {processor.py:175} INFO - Processing /home/airflow/.local/lib/python3.7/site-packages/airflow/example_dags/example_sla_dag.py took 0.084 seconds
[2023-03-01T20:03:39.814+0000] {processor.py:153} INFO - Started process (PID=153) to work on /home/airflow/.local/lib/python3.7/site-packages/airflow/example_dags/example_sla_dag.py
[2023-03-01T20:03:39.815+0000] {processor.py:743} INFO - Processing file /home/airflow/.local/lib/python3.7/site-packages/airflow/example_dags/example_sla_dag.py for tasks to queue
[2023-03-01T20:03:39.816+0000] {logging_mixin.py:137} INFO - [2023-03-01T20:03:39.815+0000] {dagbag.py:538} INFO - Filling up the DagBag from /home/airflow/.local/lib/python3.7/site-packages/airflow/example_dags/example_sla_dag.py
[2023-03-01T20:03:39.834+0000] {processor.py:753} INFO - DAG(s) dict_keys(['example_sla_dag']) retrieved from /home/airflow/.local/lib/python3.7/site-packages/airflow/example_dags/example_sla_dag.py
[2023-03-01T20:03:39.854+0000] {logging_mixin.py:137} INFO - [2023-03-01T20:03:39.854+0000] {dag.py:2690} INFO - Sync 1 DAGs
[2023-03-01T20:03:39.878+0000] {logging_mixin.py:137} INFO - [2023-03-01T20:03:39.878+0000] {dag.py:3441} INFO - Setting next_dagrun for example_sla_dag to 2023-03-01T20:00:00+00:00, run_after=2023-03-01T20:02:00+00:00
[2023-03-01T20:03:39.895+0000] {processor.py:175} INFO - Processing /home/airflow/.local/lib/python3.7/site-packages/airflow/example_dags/example_sla_dag.py took 0.083 seconds
[2023-03-01T20:04:10.598+0000] {processor.py:153} INFO - Started process (PID=232) to work on /home/airflow/.local/lib/python3.7/site-packages/airflow/example_dags/example_sla_dag.py
[2023-03-01T20:04:10.599+0000] {processor.py:743} INFO - Processing file /home/airflow/.local/lib/python3.7/site-packages/airflow/example_dags/example_sla_dag.py for tasks to queue
[2023-03-01T20:04:10.599+0000] {logging_mixin.py:137} INFO - [2023-03-01T20:04:10.599+0000] {dagbag.py:538} INFO - Filling up the DagBag from /home/airflow/.local/lib/python3.7/site-packages/airflow/example_dags/example_sla_dag.py
[2023-03-01T20:04:10.617+0000] {processor.py:753} INFO - DAG(s) dict_keys(['example_sla_dag']) retrieved from /home/airflow/.local/lib/python3.7/site-packages/airflow/example_dags/example_sla_dag.py
[2023-03-01T20:04:10.638+0000] {logging_mixin.py:137} INFO - [2023-03-01T20:04:10.638+0000] {dag.py:2690} INFO - Sync 1 DAGs
[2023-03-01T20:04:10.667+0000] {logging_mixin.py:137} INFO - [2023-03-01T20:04:10.667+0000] {dag.py:3441} INFO - Setting next_dagrun for example_sla_dag to 2023-03-01T20:02:00+00:00, run_after=2023-03-01T20:04:00+00:00
[2023-03-01T20:04:10.689+0000] {processor.py:175} INFO - Processing /home/airflow/.local/lib/python3.7/site-packages/airflow/example_dags/example_sla_dag.py took 0.093 seconds
[2023-03-01T20:04:40.962+0000] {processor.py:153} INFO - Started process (PID=331) to work on /home/airflow/.local/lib/python3.7/site-packages/airflow/example_dags/example_sla_dag.py
[2023-03-01T20:04:40.962+0000] {processor.py:743} INFO - Processing file /home/airflow/.local/lib/python3.7/site-packages/airflow/example_dags/example_sla_dag.py for tasks to queue
[2023-03-01T20:04:40.963+0000] {logging_mixin.py:137} INFO - [2023-03-01T20:04:40.963+0000] {dagbag.py:538} INFO - Filling up the DagBag from /home/airflow/.local/lib/python3.7/site-packages/airflow/example_dags/example_sla_dag.py
[2023-03-01T20:04:40.984+0000] {processor.py:753} INFO - DAG(s) dict_keys(['example_sla_dag']) retrieved from /home/airflow/.local/lib/python3.7/site-packages/airflow/example_dags/example_sla_dag.py
[2023-03-01T20:04:41.008+0000] {logging_mixin.py:137} INFO - [2023-03-01T20:04:41.008+0000] {dag.py:2690} INFO - Sync 1 DAGs
[2023-03-01T20:04:41.033+0000] {logging_mixin.py:137} INFO - [2023-03-01T20:04:41.033+0000] {dag.py:3441} INFO - Setting next_dagrun for example_sla_dag to 2023-03-01T20:02:00+00:00, run_after=2023-03-01T20:04:00+00:00
[2023-03-01T20:04:41.051+0000] {processor.py:175} INFO - Processing /home/airflow/.local/lib/python3.7/site-packages/airflow/example_dags/example_sla_dag.py took 0.092 seconds
[2023-03-01T20:05:11.468+0000] {processor.py:153} INFO - Started process (PID=410) to work on /home/airflow/.local/lib/python3.7/site-packages/airflow/example_dags/example_sla_dag.py
[2023-03-01T20:05:11.469+0000] {processor.py:743} INFO - Processing file /home/airflow/.local/lib/python3.7/site-packages/airflow/example_dags/example_sla_dag.py for tasks to queue
[2023-03-01T20:05:11.469+0000] {logging_mixin.py:137} INFO - [2023-03-01T20:05:11.469+0000] {dagbag.py:538} INFO - Filling up the DagBag from /home/airflow/.local/lib/python3.7/site-packages/airflow/example_dags/example_sla_dag.py
[2023-03-01T20:05:11.487+0000] {processor.py:753} INFO - DAG(s) dict_keys(['example_sla_dag']) retrieved from /home/airflow/.local/lib/python3.7/site-packages/airflow/example_dags/example_sla_dag.py
[2023-03-01T20:05:11.507+0000] {logging_mixin.py:137} INFO - [2023-03-01T20:05:11.507+0000] {dag.py:2690} INFO - Sync 1 DAGs
[2023-03-01T20:05:11.533+0000] {logging_mixin.py:137} INFO - [2023-03-01T20:05:11.533+0000] {dag.py:3441} INFO - Setting next_dagrun for example_sla_dag to 2023-03-01T20:02:00+00:00, run_after=2023-03-01T20:04:00+00:00
[2023-03-01T20:05:11.555+0000] {processor.py:175} INFO - Processing /home/airflow/.local/lib/python3.7/site-packages/airflow/example_dags/example_sla_dag.py took 0.090 seconds
[2023-03-01T20:05:41.937+0000] {processor.py:153} INFO - Started process (PID=509) to work on /home/airflow/.local/lib/python3.7/site-packages/airflow/example_dags/example_sla_dag.py
[2023-03-01T20:05:41.938+0000] {processor.py:743} INFO - Processing file /home/airflow/.local/lib/python3.7/site-packages/airflow/example_dags/example_sla_dag.py for tasks to queue
[2023-03-01T20:05:41.938+0000] {logging_mixin.py:137} INFO - [2023-03-01T20:05:41.938+0000] {dagbag.py:538} INFO - Filling up the DagBag from /home/airflow/.local/lib/python3.7/site-packages/airflow/example_dags/example_sla_dag.py
[2023-03-01T20:05:41.965+0000] {processor.py:753} INFO - DAG(s) dict_keys(['example_sla_dag']) retrieved from /home/airflow/.local/lib/python3.7/site-packages/airflow/example_dags/example_sla_dag.py
[2023-03-01T20:05:42.013+0000] {logging_mixin.py:137} INFO - [2023-03-01T20:05:42.013+0000] {dag.py:2690} INFO - Sync 1 DAGs
[2023-03-01T20:05:42.046+0000] {logging_mixin.py:137} INFO - [2023-03-01T20:05:42.046+0000] {dag.py:3441} INFO - Setting next_dagrun for example_sla_dag to 2023-03-01T20:02:00+00:00, run_after=2023-03-01T20:04:00+00:00
[2023-03-01T20:05:42.066+0000] {processor.py:175} INFO - Processing /home/airflow/.local/lib/python3.7/site-packages/airflow/example_dags/example_sla_dag.py took 0.130 seconds
[2023-03-01T20:06:12.644+0000] {processor.py:153} INFO - Started process (PID=588) to work on /home/airflow/.local/lib/python3.7/site-packages/airflow/example_dags/example_sla_dag.py
[2023-03-01T20:06:12.644+0000] {processor.py:743} INFO - Processing file /home/airflow/.local/lib/python3.7/site-packages/airflow/example_dags/example_sla_dag.py for tasks to queue
[2023-03-01T20:06:12.645+0000] {logging_mixin.py:137} INFO - [2023-03-01T20:06:12.645+0000] {dagbag.py:538} INFO - Filling up the DagBag from /home/airflow/.local/lib/python3.7/site-packages/airflow/example_dags/example_sla_dag.py
[2023-03-01T20:06:12.663+0000] {processor.py:753} INFO - DAG(s) dict_keys(['example_sla_dag']) retrieved from /home/airflow/.local/lib/python3.7/site-packages/airflow/example_dags/example_sla_dag.py
[2023-03-01T20:06:12.684+0000] {logging_mixin.py:137} INFO - [2023-03-01T20:06:12.684+0000] {dag.py:2690} INFO - Sync 1 DAGs
[2023-03-01T20:06:12.709+0000] {logging_mixin.py:137} INFO - [2023-03-01T20:06:12.709+0000] {dag.py:3441} INFO - Setting next_dagrun for example_sla_dag to 2023-03-01T20:04:00+00:00, run_after=2023-03-01T20:06:00+00:00
[2023-03-01T20:06:12.726+0000] {processor.py:175} INFO - Processing /home/airflow/.local/lib/python3.7/site-packages/airflow/example_dags/example_sla_dag.py took 0.085 seconds
[2023-03-01T20:06:43.041+0000] {processor.py:153} INFO - Started process (PID=687) to work on /home/airflow/.local/lib/python3.7/site-packages/airflow/example_dags/example_sla_dag.py
[2023-03-01T20:06:43.042+0000] {processor.py:743} INFO - Processing file /home/airflow/.local/lib/python3.7/site-packages/airflow/example_dags/example_sla_dag.py for tasks to queue
[2023-03-01T20:06:43.043+0000] {logging_mixin.py:137} INFO - [2023-03-01T20:06:43.042+0000] {dagbag.py:538} INFO - Filling up the DagBag from /home/airflow/.local/lib/python3.7/site-packages/airflow/example_dags/example_sla_dag.py
[2023-03-01T20:06:43.059+0000] {processor.py:753} INFO - DAG(s) dict_keys(['example_sla_dag']) retrieved from /home/airflow/.local/lib/python3.7/site-packages/airflow/example_dags/example_sla_dag.py
[2023-03-01T20:06:43.080+0000] {logging_mixin.py:137} INFO - [2023-03-01T20:06:43.080+0000] {dag.py:2690} INFO - Sync 1 DAGs
[2023-03-01T20:06:43.105+0000] {logging_mixin.py:137} INFO - [2023-03-01T20:06:43.105+0000] {dag.py:3441} INFO - Setting next_dagrun for example_sla_dag to 2023-03-01T20:04:00+00:00, run_after=2023-03-01T20:06:00+00:00
[2023-03-01T20:06:43.121+0000] {processor.py:175} INFO - Processing /home/airflow/.local/lib/python3.7/site-packages/airflow/example_dags/example_sla_dag.py took 0.082 seconds
[2023-03-01T20:07:13.451+0000] {processor.py:153} INFO - Started process (PID=766) to work on /home/airflow/.local/lib/python3.7/site-packages/airflow/example_dags/example_sla_dag.py
[2023-03-01T20:07:13.451+0000] {processor.py:743} INFO - Processing file /home/airflow/.local/lib/python3.7/site-packages/airflow/example_dags/example_sla_dag.py for tasks to queue
[2023-03-01T20:07:13.452+0000] {logging_mixin.py:137} INFO - [2023-03-01T20:07:13.452+0000] {dagbag.py:538} INFO - Filling up the DagBag from /home/airflow/.local/lib/python3.7/site-packages/airflow/example_dags/example_sla_dag.py
[2023-03-01T20:07:13.469+0000] {processor.py:753} INFO - DAG(s) dict_keys(['example_sla_dag']) retrieved from /home/airflow/.local/lib/python3.7/site-packages/airflow/example_dags/example_sla_dag.py
[2023-03-01T20:07:13.489+0000] {logging_mixin.py:137} INFO - [2023-03-01T20:07:13.489+0000] {dag.py:2690} INFO - Sync 1 DAGs
[2023-03-01T20:07:13.513+0000] {logging_mixin.py:137} INFO - [2023-03-01T20:07:13.513+0000] {dag.py:3441} INFO - Setting next_dagrun for example_sla_dag to 2023-03-01T20:04:00+00:00, run_after=2023-03-01T20:06:00+00:00
[2023-03-01T20:07:13.530+0000] {processor.py:175} INFO - Processing /home/airflow/.local/lib/python3.7/site-packages/airflow/example_dags/example_sla_dag.py took 0.081 seconds
[2023-03-01T20:07:44.375+0000] {processor.py:153} INFO - Started process (PID=865) to work on /home/airflow/.local/lib/python3.7/site-packages/airflow/example_dags/example_sla_dag.py
[2023-03-01T20:07:44.375+0000] {processor.py:743} INFO - Processing file /home/airflow/.local/lib/python3.7/site-packages/airflow/example_dags/example_sla_dag.py for tasks to queue
[2023-03-01T20:07:44.376+0000] {logging_mixin.py:137} INFO - [2023-03-01T20:07:44.376+0000] {dagbag.py:538} INFO - Filling up the DagBag from /home/airflow/.local/lib/python3.7/site-packages/airflow/example_dags/example_sla_dag.py
[2023-03-01T20:07:44.394+0000] {processor.py:753} INFO - DAG(s) dict_keys(['example_sla_dag']) retrieved from /home/airflow/.local/lib/python3.7/site-packages/airflow/example_dags/example_sla_dag.py
[2023-03-01T20:07:44.417+0000] {logging_mixin.py:137} INFO - [2023-03-01T20:07:44.417+0000] {dag.py:2690} INFO - Sync 1 DAGs
[2023-03-01T20:07:44.444+0000] {logging_mixin.py:137} INFO - [2023-03-01T20:07:44.444+0000] {dag.py:3441} INFO - Setting next_dagrun for example_sla_dag to 2023-03-01T20:04:00+00:00, run_after=2023-03-01T20:06:00+00:00
[2023-03-01T20:07:44.464+0000] {processor.py:175} INFO - Processing /home/airflow/.local/lib/python3.7/site-packages/airflow/example_dags/example_sla_dag.py took 0.091 seconds
