[2023-03-01T15:18:19.073+0000] {processor.py:153} INFO - Started process (PID=84) to work on /home/airflow/.local/lib/python3.7/site-packages/airflow/example_dags/example_task_group_decorator.py
[2023-03-01T15:18:19.074+0000] {processor.py:743} INFO - Processing file /home/airflow/.local/lib/python3.7/site-packages/airflow/example_dags/example_task_group_decorator.py for tasks to queue
[2023-03-01T15:18:19.075+0000] {logging_mixin.py:137} INFO - [2023-03-01T15:18:19.075+0000] {dagbag.py:538} INFO - Filling up the DagBag from /home/airflow/.local/lib/python3.7/site-packages/airflow/example_dags/example_task_group_decorator.py
[2023-03-01T15:18:19.132+0000] {processor.py:753} INFO - DAG(s) dict_keys(['example_task_group_decorator']) retrieved from /home/airflow/.local/lib/python3.7/site-packages/airflow/example_dags/example_task_group_decorator.py
[2023-03-01T15:18:19.148+0000] {logging_mixin.py:137} INFO - [2023-03-01T15:18:19.148+0000] {dag.py:2690} INFO - Sync 1 DAGs
[2023-03-01T15:18:19.197+0000] {logging_mixin.py:137} INFO - [2023-03-01T15:18:19.197+0000] {dag.py:3441} INFO - Setting next_dagrun for example_task_group_decorator to 2023-02-28T15:18:19.196903+00:00, run_after=2023-03-01T15:18:19.196903+00:00
[2023-03-01T15:18:19.231+0000] {processor.py:175} INFO - Processing /home/airflow/.local/lib/python3.7/site-packages/airflow/example_dags/example_task_group_decorator.py took 0.161 seconds
[2023-03-01T15:18:50.052+0000] {processor.py:153} INFO - Started process (PID=163) to work on /home/airflow/.local/lib/python3.7/site-packages/airflow/example_dags/example_task_group_decorator.py
[2023-03-01T15:18:50.052+0000] {processor.py:743} INFO - Processing file /home/airflow/.local/lib/python3.7/site-packages/airflow/example_dags/example_task_group_decorator.py for tasks to queue
[2023-03-01T15:18:50.053+0000] {logging_mixin.py:137} INFO - [2023-03-01T15:18:50.053+0000] {dagbag.py:538} INFO - Filling up the DagBag from /home/airflow/.local/lib/python3.7/site-packages/airflow/example_dags/example_task_group_decorator.py
[2023-03-01T15:18:50.075+0000] {processor.py:753} INFO - DAG(s) dict_keys(['example_task_group_decorator']) retrieved from /home/airflow/.local/lib/python3.7/site-packages/airflow/example_dags/example_task_group_decorator.py
[2023-03-01T15:18:50.096+0000] {logging_mixin.py:137} INFO - [2023-03-01T15:18:50.096+0000] {dag.py:2690} INFO - Sync 1 DAGs
[2023-03-01T15:18:50.118+0000] {logging_mixin.py:137} INFO - [2023-03-01T15:18:50.117+0000] {dag.py:3441} INFO - Setting next_dagrun for example_task_group_decorator to 2023-02-28T15:18:50.117665+00:00, run_after=2023-03-01T15:18:50.117665+00:00
[2023-03-01T15:18:50.134+0000] {processor.py:175} INFO - Processing /home/airflow/.local/lib/python3.7/site-packages/airflow/example_dags/example_task_group_decorator.py took 0.084 seconds
[2023-03-01T15:19:20.791+0000] {processor.py:153} INFO - Started process (PID=262) to work on /home/airflow/.local/lib/python3.7/site-packages/airflow/example_dags/example_task_group_decorator.py
[2023-03-01T15:19:20.792+0000] {processor.py:743} INFO - Processing file /home/airflow/.local/lib/python3.7/site-packages/airflow/example_dags/example_task_group_decorator.py for tasks to queue
[2023-03-01T15:19:20.793+0000] {logging_mixin.py:137} INFO - [2023-03-01T15:19:20.793+0000] {dagbag.py:538} INFO - Filling up the DagBag from /home/airflow/.local/lib/python3.7/site-packages/airflow/example_dags/example_task_group_decorator.py
[2023-03-01T15:19:20.815+0000] {processor.py:753} INFO - DAG(s) dict_keys(['example_task_group_decorator']) retrieved from /home/airflow/.local/lib/python3.7/site-packages/airflow/example_dags/example_task_group_decorator.py
[2023-03-01T15:19:20.848+0000] {logging_mixin.py:137} INFO - [2023-03-01T15:19:20.848+0000] {dag.py:2690} INFO - Sync 1 DAGs
[2023-03-01T15:19:20.872+0000] {logging_mixin.py:137} INFO - [2023-03-01T15:19:20.872+0000] {dag.py:3441} INFO - Setting next_dagrun for example_task_group_decorator to 2023-02-28T15:19:20.872318+00:00, run_after=2023-03-01T15:19:20.872318+00:00
[2023-03-01T15:19:20.899+0000] {processor.py:175} INFO - Processing /home/airflow/.local/lib/python3.7/site-packages/airflow/example_dags/example_task_group_decorator.py took 0.110 seconds
[2023-03-01T15:19:51.814+0000] {processor.py:153} INFO - Started process (PID=341) to work on /home/airflow/.local/lib/python3.7/site-packages/airflow/example_dags/example_task_group_decorator.py
[2023-03-01T15:19:51.815+0000] {processor.py:743} INFO - Processing file /home/airflow/.local/lib/python3.7/site-packages/airflow/example_dags/example_task_group_decorator.py for tasks to queue
[2023-03-01T15:19:51.816+0000] {logging_mixin.py:137} INFO - [2023-03-01T15:19:51.816+0000] {dagbag.py:538} INFO - Filling up the DagBag from /home/airflow/.local/lib/python3.7/site-packages/airflow/example_dags/example_task_group_decorator.py
[2023-03-01T15:19:51.854+0000] {processor.py:753} INFO - DAG(s) dict_keys(['example_task_group_decorator']) retrieved from /home/airflow/.local/lib/python3.7/site-packages/airflow/example_dags/example_task_group_decorator.py
[2023-03-01T15:19:51.884+0000] {logging_mixin.py:137} INFO - [2023-03-01T15:19:51.884+0000] {dag.py:2690} INFO - Sync 1 DAGs
[2023-03-01T15:19:51.914+0000] {logging_mixin.py:137} INFO - [2023-03-01T15:19:51.913+0000] {dag.py:3441} INFO - Setting next_dagrun for example_task_group_decorator to 2023-02-28T15:19:51.913674+00:00, run_after=2023-03-01T15:19:51.913674+00:00
[2023-03-01T15:19:51.931+0000] {processor.py:175} INFO - Processing /home/airflow/.local/lib/python3.7/site-packages/airflow/example_dags/example_task_group_decorator.py took 0.120 seconds
[2023-03-01T15:20:22.384+0000] {processor.py:153} INFO - Started process (PID=440) to work on /home/airflow/.local/lib/python3.7/site-packages/airflow/example_dags/example_task_group_decorator.py
[2023-03-01T15:20:22.385+0000] {processor.py:743} INFO - Processing file /home/airflow/.local/lib/python3.7/site-packages/airflow/example_dags/example_task_group_decorator.py for tasks to queue
[2023-03-01T15:20:22.385+0000] {logging_mixin.py:137} INFO - [2023-03-01T15:20:22.385+0000] {dagbag.py:538} INFO - Filling up the DagBag from /home/airflow/.local/lib/python3.7/site-packages/airflow/example_dags/example_task_group_decorator.py
[2023-03-01T15:20:22.410+0000] {processor.py:753} INFO - DAG(s) dict_keys(['example_task_group_decorator']) retrieved from /home/airflow/.local/lib/python3.7/site-packages/airflow/example_dags/example_task_group_decorator.py
[2023-03-01T15:20:22.435+0000] {logging_mixin.py:137} INFO - [2023-03-01T15:20:22.435+0000] {dag.py:2690} INFO - Sync 1 DAGs
[2023-03-01T15:20:22.460+0000] {logging_mixin.py:137} INFO - [2023-03-01T15:20:22.460+0000] {dag.py:3441} INFO - Setting next_dagrun for example_task_group_decorator to 2023-02-28T15:20:22.460056+00:00, run_after=2023-03-01T15:20:22.460056+00:00
[2023-03-01T15:20:22.483+0000] {processor.py:175} INFO - Processing /home/airflow/.local/lib/python3.7/site-packages/airflow/example_dags/example_task_group_decorator.py took 0.102 seconds
[2023-03-01T15:20:53.272+0000] {processor.py:153} INFO - Started process (PID=519) to work on /home/airflow/.local/lib/python3.7/site-packages/airflow/example_dags/example_task_group_decorator.py
[2023-03-01T15:20:53.273+0000] {processor.py:743} INFO - Processing file /home/airflow/.local/lib/python3.7/site-packages/airflow/example_dags/example_task_group_decorator.py for tasks to queue
[2023-03-01T15:20:53.273+0000] {logging_mixin.py:137} INFO - [2023-03-01T15:20:53.273+0000] {dagbag.py:538} INFO - Filling up the DagBag from /home/airflow/.local/lib/python3.7/site-packages/airflow/example_dags/example_task_group_decorator.py
[2023-03-01T15:20:53.299+0000] {processor.py:753} INFO - DAG(s) dict_keys(['example_task_group_decorator']) retrieved from /home/airflow/.local/lib/python3.7/site-packages/airflow/example_dags/example_task_group_decorator.py
[2023-03-01T15:20:53.321+0000] {logging_mixin.py:137} INFO - [2023-03-01T15:20:53.321+0000] {dag.py:2690} INFO - Sync 1 DAGs
[2023-03-01T15:20:53.346+0000] {logging_mixin.py:137} INFO - [2023-03-01T15:20:53.346+0000] {dag.py:3441} INFO - Setting next_dagrun for example_task_group_decorator to 2023-02-28T15:20:53.345981+00:00, run_after=2023-03-01T15:20:53.345981+00:00
[2023-03-01T15:20:53.363+0000] {processor.py:175} INFO - Processing /home/airflow/.local/lib/python3.7/site-packages/airflow/example_dags/example_task_group_decorator.py took 0.093 seconds
[2023-03-01T15:21:23.705+0000] {processor.py:153} INFO - Started process (PID=618) to work on /home/airflow/.local/lib/python3.7/site-packages/airflow/example_dags/example_task_group_decorator.py
[2023-03-01T15:21:23.706+0000] {processor.py:743} INFO - Processing file /home/airflow/.local/lib/python3.7/site-packages/airflow/example_dags/example_task_group_decorator.py for tasks to queue
[2023-03-01T15:21:23.706+0000] {logging_mixin.py:137} INFO - [2023-03-01T15:21:23.706+0000] {dagbag.py:538} INFO - Filling up the DagBag from /home/airflow/.local/lib/python3.7/site-packages/airflow/example_dags/example_task_group_decorator.py
[2023-03-01T15:21:23.731+0000] {processor.py:753} INFO - DAG(s) dict_keys(['example_task_group_decorator']) retrieved from /home/airflow/.local/lib/python3.7/site-packages/airflow/example_dags/example_task_group_decorator.py
[2023-03-01T15:21:23.754+0000] {logging_mixin.py:137} INFO - [2023-03-01T15:21:23.754+0000] {dag.py:2690} INFO - Sync 1 DAGs
[2023-03-01T15:21:23.783+0000] {logging_mixin.py:137} INFO - [2023-03-01T15:21:23.783+0000] {dag.py:3441} INFO - Setting next_dagrun for example_task_group_decorator to 2023-02-28T15:21:23.783049+00:00, run_after=2023-03-01T15:21:23.783049+00:00
[2023-03-01T15:21:23.802+0000] {processor.py:175} INFO - Processing /home/airflow/.local/lib/python3.7/site-packages/airflow/example_dags/example_task_group_decorator.py took 0.100 seconds
[2023-03-01T15:21:54.092+0000] {processor.py:153} INFO - Started process (PID=698) to work on /home/airflow/.local/lib/python3.7/site-packages/airflow/example_dags/example_task_group_decorator.py
[2023-03-01T15:21:54.093+0000] {processor.py:743} INFO - Processing file /home/airflow/.local/lib/python3.7/site-packages/airflow/example_dags/example_task_group_decorator.py for tasks to queue
[2023-03-01T15:21:54.094+0000] {logging_mixin.py:137} INFO - [2023-03-01T15:21:54.093+0000] {dagbag.py:538} INFO - Filling up the DagBag from /home/airflow/.local/lib/python3.7/site-packages/airflow/example_dags/example_task_group_decorator.py
[2023-03-01T15:21:54.122+0000] {processor.py:753} INFO - DAG(s) dict_keys(['example_task_group_decorator']) retrieved from /home/airflow/.local/lib/python3.7/site-packages/airflow/example_dags/example_task_group_decorator.py
[2023-03-01T15:21:54.146+0000] {logging_mixin.py:137} INFO - [2023-03-01T15:21:54.146+0000] {dag.py:2690} INFO - Sync 1 DAGs
[2023-03-01T15:21:54.170+0000] {logging_mixin.py:137} INFO - [2023-03-01T15:21:54.170+0000] {dag.py:3441} INFO - Setting next_dagrun for example_task_group_decorator to 2023-02-28T15:21:54.170088+00:00, run_after=2023-03-01T15:21:54.170088+00:00
[2023-03-01T15:21:54.188+0000] {processor.py:175} INFO - Processing /home/airflow/.local/lib/python3.7/site-packages/airflow/example_dags/example_task_group_decorator.py took 0.098 seconds
[2023-03-01T15:22:24.751+0000] {processor.py:153} INFO - Started process (PID=797) to work on /home/airflow/.local/lib/python3.7/site-packages/airflow/example_dags/example_task_group_decorator.py
[2023-03-01T15:22:24.752+0000] {processor.py:743} INFO - Processing file /home/airflow/.local/lib/python3.7/site-packages/airflow/example_dags/example_task_group_decorator.py for tasks to queue
[2023-03-01T15:22:24.752+0000] {logging_mixin.py:137} INFO - [2023-03-01T15:22:24.752+0000] {dagbag.py:538} INFO - Filling up the DagBag from /home/airflow/.local/lib/python3.7/site-packages/airflow/example_dags/example_task_group_decorator.py
[2023-03-01T15:22:24.774+0000] {processor.py:753} INFO - DAG(s) dict_keys(['example_task_group_decorator']) retrieved from /home/airflow/.local/lib/python3.7/site-packages/airflow/example_dags/example_task_group_decorator.py
[2023-03-01T15:22:24.796+0000] {logging_mixin.py:137} INFO - [2023-03-01T15:22:24.796+0000] {dag.py:2690} INFO - Sync 1 DAGs
[2023-03-01T15:22:24.818+0000] {logging_mixin.py:137} INFO - [2023-03-01T15:22:24.818+0000] {dag.py:3441} INFO - Setting next_dagrun for example_task_group_decorator to 2023-02-28T15:22:24.818552+00:00, run_after=2023-03-01T15:22:24.818552+00:00
[2023-03-01T15:22:24.837+0000] {processor.py:175} INFO - Processing /home/airflow/.local/lib/python3.7/site-packages/airflow/example_dags/example_task_group_decorator.py took 0.088 seconds
[2023-03-01T15:22:55.094+0000] {processor.py:153} INFO - Started process (PID=876) to work on /home/airflow/.local/lib/python3.7/site-packages/airflow/example_dags/example_task_group_decorator.py
[2023-03-01T15:22:55.095+0000] {processor.py:743} INFO - Processing file /home/airflow/.local/lib/python3.7/site-packages/airflow/example_dags/example_task_group_decorator.py for tasks to queue
[2023-03-01T15:22:55.095+0000] {logging_mixin.py:137} INFO - [2023-03-01T15:22:55.095+0000] {dagbag.py:538} INFO - Filling up the DagBag from /home/airflow/.local/lib/python3.7/site-packages/airflow/example_dags/example_task_group_decorator.py
[2023-03-01T15:22:55.116+0000] {processor.py:753} INFO - DAG(s) dict_keys(['example_task_group_decorator']) retrieved from /home/airflow/.local/lib/python3.7/site-packages/airflow/example_dags/example_task_group_decorator.py
[2023-03-01T15:22:55.139+0000] {logging_mixin.py:137} INFO - [2023-03-01T15:22:55.139+0000] {dag.py:2690} INFO - Sync 1 DAGs
[2023-03-01T15:22:55.163+0000] {logging_mixin.py:137} INFO - [2023-03-01T15:22:55.163+0000] {dag.py:3441} INFO - Setting next_dagrun for example_task_group_decorator to 2023-02-28T15:22:55.163529+00:00, run_after=2023-03-01T15:22:55.163529+00:00
[2023-03-01T15:22:55.181+0000] {processor.py:175} INFO - Processing /home/airflow/.local/lib/python3.7/site-packages/airflow/example_dags/example_task_group_decorator.py took 0.090 seconds
[2023-03-01T15:23:25.953+0000] {processor.py:153} INFO - Started process (PID=975) to work on /home/airflow/.local/lib/python3.7/site-packages/airflow/example_dags/example_task_group_decorator.py
[2023-03-01T15:23:25.954+0000] {processor.py:743} INFO - Processing file /home/airflow/.local/lib/python3.7/site-packages/airflow/example_dags/example_task_group_decorator.py for tasks to queue
[2023-03-01T15:23:25.954+0000] {logging_mixin.py:137} INFO - [2023-03-01T15:23:25.954+0000] {dagbag.py:538} INFO - Filling up the DagBag from /home/airflow/.local/lib/python3.7/site-packages/airflow/example_dags/example_task_group_decorator.py
[2023-03-01T15:23:25.976+0000] {processor.py:753} INFO - DAG(s) dict_keys(['example_task_group_decorator']) retrieved from /home/airflow/.local/lib/python3.7/site-packages/airflow/example_dags/example_task_group_decorator.py
[2023-03-01T15:23:26.000+0000] {logging_mixin.py:137} INFO - [2023-03-01T15:23:25.999+0000] {dag.py:2690} INFO - Sync 1 DAGs
[2023-03-01T15:23:26.022+0000] {logging_mixin.py:137} INFO - [2023-03-01T15:23:26.022+0000] {dag.py:3441} INFO - Setting next_dagrun for example_task_group_decorator to 2023-02-28T15:23:26.022231+00:00, run_after=2023-03-01T15:23:26.022231+00:00
[2023-03-01T15:23:26.039+0000] {processor.py:175} INFO - Processing /home/airflow/.local/lib/python3.7/site-packages/airflow/example_dags/example_task_group_decorator.py took 0.088 seconds
[2023-03-01T15:23:56.321+0000] {processor.py:153} INFO - Started process (PID=1054) to work on /home/airflow/.local/lib/python3.7/site-packages/airflow/example_dags/example_task_group_decorator.py
[2023-03-01T15:23:56.321+0000] {processor.py:743} INFO - Processing file /home/airflow/.local/lib/python3.7/site-packages/airflow/example_dags/example_task_group_decorator.py for tasks to queue
[2023-03-01T15:23:56.322+0000] {logging_mixin.py:137} INFO - [2023-03-01T15:23:56.322+0000] {dagbag.py:538} INFO - Filling up the DagBag from /home/airflow/.local/lib/python3.7/site-packages/airflow/example_dags/example_task_group_decorator.py
[2023-03-01T15:23:56.343+0000] {processor.py:753} INFO - DAG(s) dict_keys(['example_task_group_decorator']) retrieved from /home/airflow/.local/lib/python3.7/site-packages/airflow/example_dags/example_task_group_decorator.py
[2023-03-01T15:23:56.365+0000] {logging_mixin.py:137} INFO - [2023-03-01T15:23:56.365+0000] {dag.py:2690} INFO - Sync 1 DAGs
[2023-03-01T15:23:56.386+0000] {logging_mixin.py:137} INFO - [2023-03-01T15:23:56.386+0000] {dag.py:3441} INFO - Setting next_dagrun for example_task_group_decorator to 2023-02-28T15:23:56.386352+00:00, run_after=2023-03-01T15:23:56.386352+00:00
[2023-03-01T15:23:56.403+0000] {processor.py:175} INFO - Processing /home/airflow/.local/lib/python3.7/site-packages/airflow/example_dags/example_task_group_decorator.py took 0.084 seconds
[2023-03-01T15:24:27.065+0000] {processor.py:153} INFO - Started process (PID=1153) to work on /home/airflow/.local/lib/python3.7/site-packages/airflow/example_dags/example_task_group_decorator.py
[2023-03-01T15:24:27.066+0000] {processor.py:743} INFO - Processing file /home/airflow/.local/lib/python3.7/site-packages/airflow/example_dags/example_task_group_decorator.py for tasks to queue
[2023-03-01T15:24:27.066+0000] {logging_mixin.py:137} INFO - [2023-03-01T15:24:27.066+0000] {dagbag.py:538} INFO - Filling up the DagBag from /home/airflow/.local/lib/python3.7/site-packages/airflow/example_dags/example_task_group_decorator.py
[2023-03-01T15:24:27.089+0000] {processor.py:753} INFO - DAG(s) dict_keys(['example_task_group_decorator']) retrieved from /home/airflow/.local/lib/python3.7/site-packages/airflow/example_dags/example_task_group_decorator.py
[2023-03-01T15:24:27.112+0000] {logging_mixin.py:137} INFO - [2023-03-01T15:24:27.112+0000] {dag.py:2690} INFO - Sync 1 DAGs
[2023-03-01T15:24:27.135+0000] {logging_mixin.py:137} INFO - [2023-03-01T15:24:27.135+0000] {dag.py:3441} INFO - Setting next_dagrun for example_task_group_decorator to 2023-02-28T15:24:27.135431+00:00, run_after=2023-03-01T15:24:27.135431+00:00
[2023-03-01T15:24:27.153+0000] {processor.py:175} INFO - Processing /home/airflow/.local/lib/python3.7/site-packages/airflow/example_dags/example_task_group_decorator.py took 0.090 seconds
[2023-03-01T15:24:57.699+0000] {processor.py:153} INFO - Started process (PID=1232) to work on /home/airflow/.local/lib/python3.7/site-packages/airflow/example_dags/example_task_group_decorator.py
[2023-03-01T15:24:57.699+0000] {processor.py:743} INFO - Processing file /home/airflow/.local/lib/python3.7/site-packages/airflow/example_dags/example_task_group_decorator.py for tasks to queue
[2023-03-01T15:24:57.700+0000] {logging_mixin.py:137} INFO - [2023-03-01T15:24:57.699+0000] {dagbag.py:538} INFO - Filling up the DagBag from /home/airflow/.local/lib/python3.7/site-packages/airflow/example_dags/example_task_group_decorator.py
[2023-03-01T15:24:57.721+0000] {processor.py:753} INFO - DAG(s) dict_keys(['example_task_group_decorator']) retrieved from /home/airflow/.local/lib/python3.7/site-packages/airflow/example_dags/example_task_group_decorator.py
[2023-03-01T15:24:57.744+0000] {logging_mixin.py:137} INFO - [2023-03-01T15:24:57.744+0000] {dag.py:2690} INFO - Sync 1 DAGs
[2023-03-01T15:24:57.768+0000] {logging_mixin.py:137} INFO - [2023-03-01T15:24:57.768+0000] {dag.py:3441} INFO - Setting next_dagrun for example_task_group_decorator to 2023-02-28T15:24:57.768054+00:00, run_after=2023-03-01T15:24:57.768054+00:00
[2023-03-01T15:24:57.786+0000] {processor.py:175} INFO - Processing /home/airflow/.local/lib/python3.7/site-packages/airflow/example_dags/example_task_group_decorator.py took 0.089 seconds
[2023-03-01T15:25:28.285+0000] {processor.py:153} INFO - Started process (PID=1331) to work on /home/airflow/.local/lib/python3.7/site-packages/airflow/example_dags/example_task_group_decorator.py
[2023-03-01T15:25:28.286+0000] {processor.py:743} INFO - Processing file /home/airflow/.local/lib/python3.7/site-packages/airflow/example_dags/example_task_group_decorator.py for tasks to queue
[2023-03-01T15:25:28.286+0000] {logging_mixin.py:137} INFO - [2023-03-01T15:25:28.286+0000] {dagbag.py:538} INFO - Filling up the DagBag from /home/airflow/.local/lib/python3.7/site-packages/airflow/example_dags/example_task_group_decorator.py
[2023-03-01T15:25:28.307+0000] {processor.py:753} INFO - DAG(s) dict_keys(['example_task_group_decorator']) retrieved from /home/airflow/.local/lib/python3.7/site-packages/airflow/example_dags/example_task_group_decorator.py
[2023-03-01T15:25:28.332+0000] {logging_mixin.py:137} INFO - [2023-03-01T15:25:28.332+0000] {dag.py:2690} INFO - Sync 1 DAGs
[2023-03-01T15:25:28.354+0000] {logging_mixin.py:137} INFO - [2023-03-01T15:25:28.354+0000] {dag.py:3441} INFO - Setting next_dagrun for example_task_group_decorator to 2023-02-28T15:25:28.354529+00:00, run_after=2023-03-01T15:25:28.354529+00:00
[2023-03-01T15:25:28.373+0000] {processor.py:175} INFO - Processing /home/airflow/.local/lib/python3.7/site-packages/airflow/example_dags/example_task_group_decorator.py took 0.091 seconds
[2023-03-01T15:25:58.963+0000] {processor.py:153} INFO - Started process (PID=1410) to work on /home/airflow/.local/lib/python3.7/site-packages/airflow/example_dags/example_task_group_decorator.py
[2023-03-01T15:25:58.963+0000] {processor.py:743} INFO - Processing file /home/airflow/.local/lib/python3.7/site-packages/airflow/example_dags/example_task_group_decorator.py for tasks to queue
[2023-03-01T15:25:58.964+0000] {logging_mixin.py:137} INFO - [2023-03-01T15:25:58.963+0000] {dagbag.py:538} INFO - Filling up the DagBag from /home/airflow/.local/lib/python3.7/site-packages/airflow/example_dags/example_task_group_decorator.py
[2023-03-01T15:25:58.985+0000] {processor.py:753} INFO - DAG(s) dict_keys(['example_task_group_decorator']) retrieved from /home/airflow/.local/lib/python3.7/site-packages/airflow/example_dags/example_task_group_decorator.py
[2023-03-01T15:25:59.009+0000] {logging_mixin.py:137} INFO - [2023-03-01T15:25:59.009+0000] {dag.py:2690} INFO - Sync 1 DAGs
[2023-03-01T15:25:59.031+0000] {logging_mixin.py:137} INFO - [2023-03-01T15:25:59.031+0000] {dag.py:3441} INFO - Setting next_dagrun for example_task_group_decorator to 2023-02-28T15:25:59.031045+00:00, run_after=2023-03-01T15:25:59.031045+00:00
[2023-03-01T15:25:59.052+0000] {processor.py:175} INFO - Processing /home/airflow/.local/lib/python3.7/site-packages/airflow/example_dags/example_task_group_decorator.py took 0.092 seconds
[2023-03-01T15:26:29.709+0000] {processor.py:153} INFO - Started process (PID=1509) to work on /home/airflow/.local/lib/python3.7/site-packages/airflow/example_dags/example_task_group_decorator.py
[2023-03-01T15:26:29.710+0000] {processor.py:743} INFO - Processing file /home/airflow/.local/lib/python3.7/site-packages/airflow/example_dags/example_task_group_decorator.py for tasks to queue
[2023-03-01T15:26:29.710+0000] {logging_mixin.py:137} INFO - [2023-03-01T15:26:29.710+0000] {dagbag.py:538} INFO - Filling up the DagBag from /home/airflow/.local/lib/python3.7/site-packages/airflow/example_dags/example_task_group_decorator.py
[2023-03-01T15:26:29.736+0000] {processor.py:753} INFO - DAG(s) dict_keys(['example_task_group_decorator']) retrieved from /home/airflow/.local/lib/python3.7/site-packages/airflow/example_dags/example_task_group_decorator.py
[2023-03-01T15:26:29.760+0000] {logging_mixin.py:137} INFO - [2023-03-01T15:26:29.760+0000] {dag.py:2690} INFO - Sync 1 DAGs
[2023-03-01T15:26:29.783+0000] {logging_mixin.py:137} INFO - [2023-03-01T15:26:29.783+0000] {dag.py:3441} INFO - Setting next_dagrun for example_task_group_decorator to 2023-02-28T15:26:29.782861+00:00, run_after=2023-03-01T15:26:29.782861+00:00
[2023-03-01T15:26:29.800+0000] {processor.py:175} INFO - Processing /home/airflow/.local/lib/python3.7/site-packages/airflow/example_dags/example_task_group_decorator.py took 0.094 seconds
[2023-03-01T15:26:59.932+0000] {processor.py:153} INFO - Started process (PID=1588) to work on /home/airflow/.local/lib/python3.7/site-packages/airflow/example_dags/example_task_group_decorator.py
[2023-03-01T15:26:59.932+0000] {processor.py:743} INFO - Processing file /home/airflow/.local/lib/python3.7/site-packages/airflow/example_dags/example_task_group_decorator.py for tasks to queue
[2023-03-01T15:26:59.933+0000] {logging_mixin.py:137} INFO - [2023-03-01T15:26:59.933+0000] {dagbag.py:538} INFO - Filling up the DagBag from /home/airflow/.local/lib/python3.7/site-packages/airflow/example_dags/example_task_group_decorator.py
[2023-03-01T15:26:59.954+0000] {processor.py:753} INFO - DAG(s) dict_keys(['example_task_group_decorator']) retrieved from /home/airflow/.local/lib/python3.7/site-packages/airflow/example_dags/example_task_group_decorator.py
[2023-03-01T15:26:59.977+0000] {logging_mixin.py:137} INFO - [2023-03-01T15:26:59.977+0000] {dag.py:2690} INFO - Sync 1 DAGs
[2023-03-01T15:27:00.001+0000] {logging_mixin.py:137} INFO - [2023-03-01T15:27:00.000+0000] {dag.py:3441} INFO - Setting next_dagrun for example_task_group_decorator to 2023-02-28T15:27:00.000760+00:00, run_after=2023-03-01T15:27:00.000760+00:00
[2023-03-01T15:27:00.019+0000] {processor.py:175} INFO - Processing /home/airflow/.local/lib/python3.7/site-packages/airflow/example_dags/example_task_group_decorator.py took 0.090 seconds
[2023-03-01T15:27:30.665+0000] {processor.py:153} INFO - Started process (PID=1688) to work on /home/airflow/.local/lib/python3.7/site-packages/airflow/example_dags/example_task_group_decorator.py
[2023-03-01T15:27:30.666+0000] {processor.py:743} INFO - Processing file /home/airflow/.local/lib/python3.7/site-packages/airflow/example_dags/example_task_group_decorator.py for tasks to queue
[2023-03-01T15:27:30.666+0000] {logging_mixin.py:137} INFO - [2023-03-01T15:27:30.666+0000] {dagbag.py:538} INFO - Filling up the DagBag from /home/airflow/.local/lib/python3.7/site-packages/airflow/example_dags/example_task_group_decorator.py
[2023-03-01T15:27:30.690+0000] {processor.py:753} INFO - DAG(s) dict_keys(['example_task_group_decorator']) retrieved from /home/airflow/.local/lib/python3.7/site-packages/airflow/example_dags/example_task_group_decorator.py
[2023-03-01T15:27:30.714+0000] {logging_mixin.py:137} INFO - [2023-03-01T15:27:30.714+0000] {dag.py:2690} INFO - Sync 1 DAGs
[2023-03-01T15:27:30.737+0000] {logging_mixin.py:137} INFO - [2023-03-01T15:27:30.736+0000] {dag.py:3441} INFO - Setting next_dagrun for example_task_group_decorator to 2023-02-28T15:27:30.736744+00:00, run_after=2023-03-01T15:27:30.736744+00:00
[2023-03-01T15:27:30.757+0000] {processor.py:175} INFO - Processing /home/airflow/.local/lib/python3.7/site-packages/airflow/example_dags/example_task_group_decorator.py took 0.094 seconds
[2023-03-01T15:28:01.189+0000] {processor.py:153} INFO - Started process (PID=1766) to work on /home/airflow/.local/lib/python3.7/site-packages/airflow/example_dags/example_task_group_decorator.py
[2023-03-01T15:28:01.190+0000] {processor.py:743} INFO - Processing file /home/airflow/.local/lib/python3.7/site-packages/airflow/example_dags/example_task_group_decorator.py for tasks to queue
[2023-03-01T15:28:01.191+0000] {logging_mixin.py:137} INFO - [2023-03-01T15:28:01.190+0000] {dagbag.py:538} INFO - Filling up the DagBag from /home/airflow/.local/lib/python3.7/site-packages/airflow/example_dags/example_task_group_decorator.py
[2023-03-01T15:28:01.213+0000] {processor.py:753} INFO - DAG(s) dict_keys(['example_task_group_decorator']) retrieved from /home/airflow/.local/lib/python3.7/site-packages/airflow/example_dags/example_task_group_decorator.py
[2023-03-01T15:28:01.241+0000] {logging_mixin.py:137} INFO - [2023-03-01T15:28:01.240+0000] {dag.py:2690} INFO - Sync 1 DAGs
[2023-03-01T15:28:01.272+0000] {logging_mixin.py:137} INFO - [2023-03-01T15:28:01.272+0000] {dag.py:3441} INFO - Setting next_dagrun for example_task_group_decorator to 2023-02-28T15:28:01.272288+00:00, run_after=2023-03-01T15:28:01.272288+00:00
[2023-03-01T15:28:01.297+0000] {processor.py:175} INFO - Processing /home/airflow/.local/lib/python3.7/site-packages/airflow/example_dags/example_task_group_decorator.py took 0.111 seconds
[2023-03-01T15:28:31.932+0000] {processor.py:153} INFO - Started process (PID=1865) to work on /home/airflow/.local/lib/python3.7/site-packages/airflow/example_dags/example_task_group_decorator.py
[2023-03-01T15:28:31.932+0000] {processor.py:743} INFO - Processing file /home/airflow/.local/lib/python3.7/site-packages/airflow/example_dags/example_task_group_decorator.py for tasks to queue
[2023-03-01T15:28:31.933+0000] {logging_mixin.py:137} INFO - [2023-03-01T15:28:31.933+0000] {dagbag.py:538} INFO - Filling up the DagBag from /home/airflow/.local/lib/python3.7/site-packages/airflow/example_dags/example_task_group_decorator.py
[2023-03-01T15:28:31.954+0000] {processor.py:753} INFO - DAG(s) dict_keys(['example_task_group_decorator']) retrieved from /home/airflow/.local/lib/python3.7/site-packages/airflow/example_dags/example_task_group_decorator.py
[2023-03-01T15:28:31.980+0000] {logging_mixin.py:137} INFO - [2023-03-01T15:28:31.980+0000] {dag.py:2690} INFO - Sync 1 DAGs
[2023-03-01T15:28:32.009+0000] {logging_mixin.py:137} INFO - [2023-03-01T15:28:32.008+0000] {dag.py:3441} INFO - Setting next_dagrun for example_task_group_decorator to 2023-02-28T15:28:32.008598+00:00, run_after=2023-03-01T15:28:32.008598+00:00
[2023-03-01T15:28:32.031+0000] {processor.py:175} INFO - Processing /home/airflow/.local/lib/python3.7/site-packages/airflow/example_dags/example_task_group_decorator.py took 0.101 seconds
[2023-03-01T15:29:02.397+0000] {processor.py:153} INFO - Started process (PID=1944) to work on /home/airflow/.local/lib/python3.7/site-packages/airflow/example_dags/example_task_group_decorator.py
[2023-03-01T15:29:02.398+0000] {processor.py:743} INFO - Processing file /home/airflow/.local/lib/python3.7/site-packages/airflow/example_dags/example_task_group_decorator.py for tasks to queue
[2023-03-01T15:29:02.398+0000] {logging_mixin.py:137} INFO - [2023-03-01T15:29:02.398+0000] {dagbag.py:538} INFO - Filling up the DagBag from /home/airflow/.local/lib/python3.7/site-packages/airflow/example_dags/example_task_group_decorator.py
[2023-03-01T15:29:02.422+0000] {processor.py:753} INFO - DAG(s) dict_keys(['example_task_group_decorator']) retrieved from /home/airflow/.local/lib/python3.7/site-packages/airflow/example_dags/example_task_group_decorator.py
[2023-03-01T15:29:02.447+0000] {logging_mixin.py:137} INFO - [2023-03-01T15:29:02.447+0000] {dag.py:2690} INFO - Sync 1 DAGs
[2023-03-01T15:29:02.472+0000] {logging_mixin.py:137} INFO - [2023-03-01T15:29:02.472+0000] {dag.py:3441} INFO - Setting next_dagrun for example_task_group_decorator to 2023-02-28T15:29:02.472136+00:00, run_after=2023-03-01T15:29:02.472136+00:00
[2023-03-01T15:29:02.493+0000] {processor.py:175} INFO - Processing /home/airflow/.local/lib/python3.7/site-packages/airflow/example_dags/example_task_group_decorator.py took 0.098 seconds
[2023-03-01T15:29:33.117+0000] {processor.py:153} INFO - Started process (PID=2043) to work on /home/airflow/.local/lib/python3.7/site-packages/airflow/example_dags/example_task_group_decorator.py
[2023-03-01T15:29:33.117+0000] {processor.py:743} INFO - Processing file /home/airflow/.local/lib/python3.7/site-packages/airflow/example_dags/example_task_group_decorator.py for tasks to queue
[2023-03-01T15:29:33.118+0000] {logging_mixin.py:137} INFO - [2023-03-01T15:29:33.118+0000] {dagbag.py:538} INFO - Filling up the DagBag from /home/airflow/.local/lib/python3.7/site-packages/airflow/example_dags/example_task_group_decorator.py
[2023-03-01T15:29:33.140+0000] {processor.py:753} INFO - DAG(s) dict_keys(['example_task_group_decorator']) retrieved from /home/airflow/.local/lib/python3.7/site-packages/airflow/example_dags/example_task_group_decorator.py
[2023-03-01T15:29:33.164+0000] {logging_mixin.py:137} INFO - [2023-03-01T15:29:33.163+0000] {dag.py:2690} INFO - Sync 1 DAGs
[2023-03-01T15:29:33.186+0000] {logging_mixin.py:137} INFO - [2023-03-01T15:29:33.186+0000] {dag.py:3441} INFO - Setting next_dagrun for example_task_group_decorator to 2023-02-28T15:29:33.186195+00:00, run_after=2023-03-01T15:29:33.186195+00:00
[2023-03-01T15:29:33.204+0000] {processor.py:175} INFO - Processing /home/airflow/.local/lib/python3.7/site-packages/airflow/example_dags/example_task_group_decorator.py took 0.090 seconds
[2023-03-01T15:30:03.726+0000] {processor.py:153} INFO - Started process (PID=2122) to work on /home/airflow/.local/lib/python3.7/site-packages/airflow/example_dags/example_task_group_decorator.py
[2023-03-01T15:30:03.727+0000] {processor.py:743} INFO - Processing file /home/airflow/.local/lib/python3.7/site-packages/airflow/example_dags/example_task_group_decorator.py for tasks to queue
[2023-03-01T15:30:03.728+0000] {logging_mixin.py:137} INFO - [2023-03-01T15:30:03.728+0000] {dagbag.py:538} INFO - Filling up the DagBag from /home/airflow/.local/lib/python3.7/site-packages/airflow/example_dags/example_task_group_decorator.py
[2023-03-01T15:30:03.749+0000] {processor.py:753} INFO - DAG(s) dict_keys(['example_task_group_decorator']) retrieved from /home/airflow/.local/lib/python3.7/site-packages/airflow/example_dags/example_task_group_decorator.py
[2023-03-01T15:30:03.772+0000] {logging_mixin.py:137} INFO - [2023-03-01T15:30:03.772+0000] {dag.py:2690} INFO - Sync 1 DAGs
[2023-03-01T15:30:03.796+0000] {logging_mixin.py:137} INFO - [2023-03-01T15:30:03.796+0000] {dag.py:3441} INFO - Setting next_dagrun for example_task_group_decorator to 2023-02-28T15:30:03.796150+00:00, run_after=2023-03-01T15:30:03.796150+00:00
[2023-03-01T15:30:03.817+0000] {processor.py:175} INFO - Processing /home/airflow/.local/lib/python3.7/site-packages/airflow/example_dags/example_task_group_decorator.py took 0.093 seconds
[2023-03-01T15:30:34.488+0000] {processor.py:153} INFO - Started process (PID=2222) to work on /home/airflow/.local/lib/python3.7/site-packages/airflow/example_dags/example_task_group_decorator.py
[2023-03-01T15:30:34.489+0000] {processor.py:743} INFO - Processing file /home/airflow/.local/lib/python3.7/site-packages/airflow/example_dags/example_task_group_decorator.py for tasks to queue
[2023-03-01T15:30:34.489+0000] {logging_mixin.py:137} INFO - [2023-03-01T15:30:34.489+0000] {dagbag.py:538} INFO - Filling up the DagBag from /home/airflow/.local/lib/python3.7/site-packages/airflow/example_dags/example_task_group_decorator.py
[2023-03-01T15:30:34.511+0000] {processor.py:753} INFO - DAG(s) dict_keys(['example_task_group_decorator']) retrieved from /home/airflow/.local/lib/python3.7/site-packages/airflow/example_dags/example_task_group_decorator.py
[2023-03-01T15:30:34.535+0000] {logging_mixin.py:137} INFO - [2023-03-01T15:30:34.535+0000] {dag.py:2690} INFO - Sync 1 DAGs
[2023-03-01T15:30:34.558+0000] {logging_mixin.py:137} INFO - [2023-03-01T15:30:34.558+0000] {dag.py:3441} INFO - Setting next_dagrun for example_task_group_decorator to 2023-02-28T15:30:34.558325+00:00, run_after=2023-03-01T15:30:34.558325+00:00
[2023-03-01T15:30:34.576+0000] {processor.py:175} INFO - Processing /home/airflow/.local/lib/python3.7/site-packages/airflow/example_dags/example_task_group_decorator.py took 0.090 seconds
[2023-03-01T15:31:05.224+0000] {processor.py:153} INFO - Started process (PID=2301) to work on /home/airflow/.local/lib/python3.7/site-packages/airflow/example_dags/example_task_group_decorator.py
[2023-03-01T15:31:05.225+0000] {processor.py:743} INFO - Processing file /home/airflow/.local/lib/python3.7/site-packages/airflow/example_dags/example_task_group_decorator.py for tasks to queue
[2023-03-01T15:31:05.225+0000] {logging_mixin.py:137} INFO - [2023-03-01T15:31:05.225+0000] {dagbag.py:538} INFO - Filling up the DagBag from /home/airflow/.local/lib/python3.7/site-packages/airflow/example_dags/example_task_group_decorator.py
[2023-03-01T15:31:05.246+0000] {processor.py:753} INFO - DAG(s) dict_keys(['example_task_group_decorator']) retrieved from /home/airflow/.local/lib/python3.7/site-packages/airflow/example_dags/example_task_group_decorator.py
[2023-03-01T15:31:05.270+0000] {logging_mixin.py:137} INFO - [2023-03-01T15:31:05.270+0000] {dag.py:2690} INFO - Sync 1 DAGs
[2023-03-01T15:31:05.293+0000] {logging_mixin.py:137} INFO - [2023-03-01T15:31:05.293+0000] {dag.py:3441} INFO - Setting next_dagrun for example_task_group_decorator to 2023-02-28T15:31:05.293324+00:00, run_after=2023-03-01T15:31:05.293324+00:00
[2023-03-01T15:31:05.313+0000] {processor.py:175} INFO - Processing /home/airflow/.local/lib/python3.7/site-packages/airflow/example_dags/example_task_group_decorator.py took 0.091 seconds
[2023-03-01T15:31:36.185+0000] {processor.py:153} INFO - Started process (PID=2400) to work on /home/airflow/.local/lib/python3.7/site-packages/airflow/example_dags/example_task_group_decorator.py
[2023-03-01T15:31:36.186+0000] {processor.py:743} INFO - Processing file /home/airflow/.local/lib/python3.7/site-packages/airflow/example_dags/example_task_group_decorator.py for tasks to queue
[2023-03-01T15:31:36.187+0000] {logging_mixin.py:137} INFO - [2023-03-01T15:31:36.187+0000] {dagbag.py:538} INFO - Filling up the DagBag from /home/airflow/.local/lib/python3.7/site-packages/airflow/example_dags/example_task_group_decorator.py
[2023-03-01T15:31:36.211+0000] {processor.py:753} INFO - DAG(s) dict_keys(['example_task_group_decorator']) retrieved from /home/airflow/.local/lib/python3.7/site-packages/airflow/example_dags/example_task_group_decorator.py
[2023-03-01T15:31:36.236+0000] {logging_mixin.py:137} INFO - [2023-03-01T15:31:36.236+0000] {dag.py:2690} INFO - Sync 1 DAGs
[2023-03-01T15:31:36.259+0000] {logging_mixin.py:137} INFO - [2023-03-01T15:31:36.259+0000] {dag.py:3441} INFO - Setting next_dagrun for example_task_group_decorator to 2023-02-28T15:31:36.258863+00:00, run_after=2023-03-01T15:31:36.258863+00:00
[2023-03-01T15:31:36.277+0000] {processor.py:175} INFO - Processing /home/airflow/.local/lib/python3.7/site-packages/airflow/example_dags/example_task_group_decorator.py took 0.094 seconds
[2023-03-01T15:32:06.728+0000] {processor.py:153} INFO - Started process (PID=2499) to work on /home/airflow/.local/lib/python3.7/site-packages/airflow/example_dags/example_task_group_decorator.py
[2023-03-01T15:32:06.729+0000] {processor.py:743} INFO - Processing file /home/airflow/.local/lib/python3.7/site-packages/airflow/example_dags/example_task_group_decorator.py for tasks to queue
[2023-03-01T15:32:06.729+0000] {logging_mixin.py:137} INFO - [2023-03-01T15:32:06.729+0000] {dagbag.py:538} INFO - Filling up the DagBag from /home/airflow/.local/lib/python3.7/site-packages/airflow/example_dags/example_task_group_decorator.py
[2023-03-01T15:32:06.754+0000] {processor.py:753} INFO - DAG(s) dict_keys(['example_task_group_decorator']) retrieved from /home/airflow/.local/lib/python3.7/site-packages/airflow/example_dags/example_task_group_decorator.py
[2023-03-01T15:32:06.779+0000] {logging_mixin.py:137} INFO - [2023-03-01T15:32:06.778+0000] {dag.py:2690} INFO - Sync 1 DAGs
[2023-03-01T15:32:06.803+0000] {logging_mixin.py:137} INFO - [2023-03-01T15:32:06.803+0000] {dag.py:3441} INFO - Setting next_dagrun for example_task_group_decorator to 2023-02-28T15:32:06.803344+00:00, run_after=2023-03-01T15:32:06.803344+00:00
[2023-03-01T15:32:06.822+0000] {processor.py:175} INFO - Processing /home/airflow/.local/lib/python3.7/site-packages/airflow/example_dags/example_task_group_decorator.py took 0.097 seconds
[2023-03-01T15:32:37.189+0000] {processor.py:153} INFO - Started process (PID=2578) to work on /home/airflow/.local/lib/python3.7/site-packages/airflow/example_dags/example_task_group_decorator.py
[2023-03-01T15:32:37.190+0000] {processor.py:743} INFO - Processing file /home/airflow/.local/lib/python3.7/site-packages/airflow/example_dags/example_task_group_decorator.py for tasks to queue
[2023-03-01T15:32:37.190+0000] {logging_mixin.py:137} INFO - [2023-03-01T15:32:37.190+0000] {dagbag.py:538} INFO - Filling up the DagBag from /home/airflow/.local/lib/python3.7/site-packages/airflow/example_dags/example_task_group_decorator.py
[2023-03-01T15:32:37.210+0000] {processor.py:753} INFO - DAG(s) dict_keys(['example_task_group_decorator']) retrieved from /home/airflow/.local/lib/python3.7/site-packages/airflow/example_dags/example_task_group_decorator.py
[2023-03-01T15:32:37.234+0000] {logging_mixin.py:137} INFO - [2023-03-01T15:32:37.233+0000] {dag.py:2690} INFO - Sync 1 DAGs
[2023-03-01T15:32:37.258+0000] {logging_mixin.py:137} INFO - [2023-03-01T15:32:37.257+0000] {dag.py:3441} INFO - Setting next_dagrun for example_task_group_decorator to 2023-02-28T15:32:37.257720+00:00, run_after=2023-03-01T15:32:37.257720+00:00
[2023-03-01T15:32:37.277+0000] {processor.py:175} INFO - Processing /home/airflow/.local/lib/python3.7/site-packages/airflow/example_dags/example_task_group_decorator.py took 0.091 seconds
[2023-03-01T15:33:08.163+0000] {processor.py:153} INFO - Started process (PID=2677) to work on /home/airflow/.local/lib/python3.7/site-packages/airflow/example_dags/example_task_group_decorator.py
[2023-03-01T15:33:08.163+0000] {processor.py:743} INFO - Processing file /home/airflow/.local/lib/python3.7/site-packages/airflow/example_dags/example_task_group_decorator.py for tasks to queue
[2023-03-01T15:33:08.164+0000] {logging_mixin.py:137} INFO - [2023-03-01T15:33:08.164+0000] {dagbag.py:538} INFO - Filling up the DagBag from /home/airflow/.local/lib/python3.7/site-packages/airflow/example_dags/example_task_group_decorator.py
[2023-03-01T15:33:08.185+0000] {processor.py:753} INFO - DAG(s) dict_keys(['example_task_group_decorator']) retrieved from /home/airflow/.local/lib/python3.7/site-packages/airflow/example_dags/example_task_group_decorator.py
[2023-03-01T15:33:08.209+0000] {logging_mixin.py:137} INFO - [2023-03-01T15:33:08.209+0000] {dag.py:2690} INFO - Sync 1 DAGs
[2023-03-01T15:33:08.232+0000] {logging_mixin.py:137} INFO - [2023-03-01T15:33:08.232+0000] {dag.py:3441} INFO - Setting next_dagrun for example_task_group_decorator to 2023-02-28T15:33:08.232194+00:00, run_after=2023-03-01T15:33:08.232194+00:00
[2023-03-01T15:33:08.251+0000] {processor.py:175} INFO - Processing /home/airflow/.local/lib/python3.7/site-packages/airflow/example_dags/example_task_group_decorator.py took 0.091 seconds
[2023-03-01T15:33:38.540+0000] {processor.py:153} INFO - Started process (PID=2756) to work on /home/airflow/.local/lib/python3.7/site-packages/airflow/example_dags/example_task_group_decorator.py
[2023-03-01T15:33:38.541+0000] {processor.py:743} INFO - Processing file /home/airflow/.local/lib/python3.7/site-packages/airflow/example_dags/example_task_group_decorator.py for tasks to queue
[2023-03-01T15:33:38.541+0000] {logging_mixin.py:137} INFO - [2023-03-01T15:33:38.541+0000] {dagbag.py:538} INFO - Filling up the DagBag from /home/airflow/.local/lib/python3.7/site-packages/airflow/example_dags/example_task_group_decorator.py
[2023-03-01T15:33:38.563+0000] {processor.py:753} INFO - DAG(s) dict_keys(['example_task_group_decorator']) retrieved from /home/airflow/.local/lib/python3.7/site-packages/airflow/example_dags/example_task_group_decorator.py
[2023-03-01T15:33:38.587+0000] {logging_mixin.py:137} INFO - [2023-03-01T15:33:38.587+0000] {dag.py:2690} INFO - Sync 1 DAGs
[2023-03-01T15:33:38.611+0000] {logging_mixin.py:137} INFO - [2023-03-01T15:33:38.611+0000] {dag.py:3441} INFO - Setting next_dagrun for example_task_group_decorator to 2023-02-28T15:33:38.611157+00:00, run_after=2023-03-01T15:33:38.611157+00:00
[2023-03-01T15:33:38.630+0000] {processor.py:175} INFO - Processing /home/airflow/.local/lib/python3.7/site-packages/airflow/example_dags/example_task_group_decorator.py took 0.093 seconds
[2023-03-01T15:34:09.285+0000] {processor.py:153} INFO - Started process (PID=2854) to work on /home/airflow/.local/lib/python3.7/site-packages/airflow/example_dags/example_task_group_decorator.py
[2023-03-01T15:34:09.286+0000] {processor.py:743} INFO - Processing file /home/airflow/.local/lib/python3.7/site-packages/airflow/example_dags/example_task_group_decorator.py for tasks to queue
[2023-03-01T15:34:09.286+0000] {logging_mixin.py:137} INFO - [2023-03-01T15:34:09.286+0000] {dagbag.py:538} INFO - Filling up the DagBag from /home/airflow/.local/lib/python3.7/site-packages/airflow/example_dags/example_task_group_decorator.py
[2023-03-01T15:34:09.308+0000] {processor.py:753} INFO - DAG(s) dict_keys(['example_task_group_decorator']) retrieved from /home/airflow/.local/lib/python3.7/site-packages/airflow/example_dags/example_task_group_decorator.py
[2023-03-01T15:34:09.332+0000] {logging_mixin.py:137} INFO - [2023-03-01T15:34:09.332+0000] {dag.py:2690} INFO - Sync 1 DAGs
[2023-03-01T15:34:09.359+0000] {logging_mixin.py:137} INFO - [2023-03-01T15:34:09.359+0000] {dag.py:3441} INFO - Setting next_dagrun for example_task_group_decorator to 2023-02-28T15:34:09.358831+00:00, run_after=2023-03-01T15:34:09.358831+00:00
[2023-03-01T15:34:09.384+0000] {processor.py:175} INFO - Processing /home/airflow/.local/lib/python3.7/site-packages/airflow/example_dags/example_task_group_decorator.py took 0.101 seconds
[2023-03-01T15:34:39.889+0000] {processor.py:153} INFO - Started process (PID=2934) to work on /home/airflow/.local/lib/python3.7/site-packages/airflow/example_dags/example_task_group_decorator.py
[2023-03-01T15:34:39.889+0000] {processor.py:743} INFO - Processing file /home/airflow/.local/lib/python3.7/site-packages/airflow/example_dags/example_task_group_decorator.py for tasks to queue
[2023-03-01T15:34:39.890+0000] {logging_mixin.py:137} INFO - [2023-03-01T15:34:39.890+0000] {dagbag.py:538} INFO - Filling up the DagBag from /home/airflow/.local/lib/python3.7/site-packages/airflow/example_dags/example_task_group_decorator.py
[2023-03-01T15:34:39.911+0000] {processor.py:753} INFO - DAG(s) dict_keys(['example_task_group_decorator']) retrieved from /home/airflow/.local/lib/python3.7/site-packages/airflow/example_dags/example_task_group_decorator.py
[2023-03-01T15:34:39.935+0000] {logging_mixin.py:137} INFO - [2023-03-01T15:34:39.935+0000] {dag.py:2690} INFO - Sync 1 DAGs
[2023-03-01T15:34:39.957+0000] {logging_mixin.py:137} INFO - [2023-03-01T15:34:39.957+0000] {dag.py:3441} INFO - Setting next_dagrun for example_task_group_decorator to 2023-02-28T15:34:39.956958+00:00, run_after=2023-03-01T15:34:39.956958+00:00
[2023-03-01T15:34:39.975+0000] {processor.py:175} INFO - Processing /home/airflow/.local/lib/python3.7/site-packages/airflow/example_dags/example_task_group_decorator.py took 0.088 seconds
[2023-03-01T15:35:10.634+0000] {processor.py:153} INFO - Started process (PID=3033) to work on /home/airflow/.local/lib/python3.7/site-packages/airflow/example_dags/example_task_group_decorator.py
[2023-03-01T15:35:10.635+0000] {processor.py:743} INFO - Processing file /home/airflow/.local/lib/python3.7/site-packages/airflow/example_dags/example_task_group_decorator.py for tasks to queue
[2023-03-01T15:35:10.635+0000] {logging_mixin.py:137} INFO - [2023-03-01T15:35:10.635+0000] {dagbag.py:538} INFO - Filling up the DagBag from /home/airflow/.local/lib/python3.7/site-packages/airflow/example_dags/example_task_group_decorator.py
[2023-03-01T15:35:10.657+0000] {processor.py:753} INFO - DAG(s) dict_keys(['example_task_group_decorator']) retrieved from /home/airflow/.local/lib/python3.7/site-packages/airflow/example_dags/example_task_group_decorator.py
[2023-03-01T15:35:10.680+0000] {logging_mixin.py:137} INFO - [2023-03-01T15:35:10.680+0000] {dag.py:2690} INFO - Sync 1 DAGs
[2023-03-01T15:35:10.708+0000] {logging_mixin.py:137} INFO - [2023-03-01T15:35:10.708+0000] {dag.py:3441} INFO - Setting next_dagrun for example_task_group_decorator to 2023-02-28T15:35:10.708150+00:00, run_after=2023-03-01T15:35:10.708150+00:00
[2023-03-01T15:35:10.729+0000] {processor.py:175} INFO - Processing /home/airflow/.local/lib/python3.7/site-packages/airflow/example_dags/example_task_group_decorator.py took 0.097 seconds
[2023-03-01T15:35:40.980+0000] {processor.py:153} INFO - Started process (PID=3112) to work on /home/airflow/.local/lib/python3.7/site-packages/airflow/example_dags/example_task_group_decorator.py
[2023-03-01T15:35:40.981+0000] {processor.py:743} INFO - Processing file /home/airflow/.local/lib/python3.7/site-packages/airflow/example_dags/example_task_group_decorator.py for tasks to queue
[2023-03-01T15:35:40.982+0000] {logging_mixin.py:137} INFO - [2023-03-01T15:35:40.981+0000] {dagbag.py:538} INFO - Filling up the DagBag from /home/airflow/.local/lib/python3.7/site-packages/airflow/example_dags/example_task_group_decorator.py
[2023-03-01T15:35:41.004+0000] {processor.py:753} INFO - DAG(s) dict_keys(['example_task_group_decorator']) retrieved from /home/airflow/.local/lib/python3.7/site-packages/airflow/example_dags/example_task_group_decorator.py
[2023-03-01T15:35:41.028+0000] {logging_mixin.py:137} INFO - [2023-03-01T15:35:41.027+0000] {dag.py:2690} INFO - Sync 1 DAGs
[2023-03-01T15:35:41.050+0000] {logging_mixin.py:137} INFO - [2023-03-01T15:35:41.050+0000] {dag.py:3441} INFO - Setting next_dagrun for example_task_group_decorator to 2023-02-28T15:35:41.050290+00:00, run_after=2023-03-01T15:35:41.050290+00:00
[2023-03-01T15:35:41.069+0000] {processor.py:175} INFO - Processing /home/airflow/.local/lib/python3.7/site-packages/airflow/example_dags/example_task_group_decorator.py took 0.091 seconds
[2023-03-01T15:36:11.558+0000] {processor.py:153} INFO - Started process (PID=3211) to work on /home/airflow/.local/lib/python3.7/site-packages/airflow/example_dags/example_task_group_decorator.py
[2023-03-01T15:36:11.559+0000] {processor.py:743} INFO - Processing file /home/airflow/.local/lib/python3.7/site-packages/airflow/example_dags/example_task_group_decorator.py for tasks to queue
[2023-03-01T15:36:11.559+0000] {logging_mixin.py:137} INFO - [2023-03-01T15:36:11.559+0000] {dagbag.py:538} INFO - Filling up the DagBag from /home/airflow/.local/lib/python3.7/site-packages/airflow/example_dags/example_task_group_decorator.py
[2023-03-01T15:36:11.580+0000] {processor.py:753} INFO - DAG(s) dict_keys(['example_task_group_decorator']) retrieved from /home/airflow/.local/lib/python3.7/site-packages/airflow/example_dags/example_task_group_decorator.py
[2023-03-01T15:36:11.603+0000] {logging_mixin.py:137} INFO - [2023-03-01T15:36:11.603+0000] {dag.py:2690} INFO - Sync 1 DAGs
[2023-03-01T15:36:11.627+0000] {logging_mixin.py:137} INFO - [2023-03-01T15:36:11.627+0000] {dag.py:3441} INFO - Setting next_dagrun for example_task_group_decorator to 2023-02-28T15:36:11.627277+00:00, run_after=2023-03-01T15:36:11.627277+00:00
[2023-03-01T15:36:11.645+0000] {processor.py:175} INFO - Processing /home/airflow/.local/lib/python3.7/site-packages/airflow/example_dags/example_task_group_decorator.py took 0.089 seconds
[2023-03-01T15:36:42.222+0000] {processor.py:153} INFO - Started process (PID=3290) to work on /home/airflow/.local/lib/python3.7/site-packages/airflow/example_dags/example_task_group_decorator.py
[2023-03-01T15:36:42.222+0000] {processor.py:743} INFO - Processing file /home/airflow/.local/lib/python3.7/site-packages/airflow/example_dags/example_task_group_decorator.py for tasks to queue
[2023-03-01T15:36:42.223+0000] {logging_mixin.py:137} INFO - [2023-03-01T15:36:42.223+0000] {dagbag.py:538} INFO - Filling up the DagBag from /home/airflow/.local/lib/python3.7/site-packages/airflow/example_dags/example_task_group_decorator.py
[2023-03-01T15:36:42.246+0000] {processor.py:753} INFO - DAG(s) dict_keys(['example_task_group_decorator']) retrieved from /home/airflow/.local/lib/python3.7/site-packages/airflow/example_dags/example_task_group_decorator.py
[2023-03-01T15:36:42.270+0000] {logging_mixin.py:137} INFO - [2023-03-01T15:36:42.270+0000] {dag.py:2690} INFO - Sync 1 DAGs
[2023-03-01T15:36:42.293+0000] {logging_mixin.py:137} INFO - [2023-03-01T15:36:42.293+0000] {dag.py:3441} INFO - Setting next_dagrun for example_task_group_decorator to 2023-02-28T15:36:42.293167+00:00, run_after=2023-03-01T15:36:42.293167+00:00
[2023-03-01T15:36:42.311+0000] {processor.py:175} INFO - Processing /home/airflow/.local/lib/python3.7/site-packages/airflow/example_dags/example_task_group_decorator.py took 0.091 seconds
[2023-03-01T15:37:12.892+0000] {processor.py:153} INFO - Started process (PID=3389) to work on /home/airflow/.local/lib/python3.7/site-packages/airflow/example_dags/example_task_group_decorator.py
[2023-03-01T15:37:12.893+0000] {processor.py:743} INFO - Processing file /home/airflow/.local/lib/python3.7/site-packages/airflow/example_dags/example_task_group_decorator.py for tasks to queue
[2023-03-01T15:37:12.893+0000] {logging_mixin.py:137} INFO - [2023-03-01T15:37:12.893+0000] {dagbag.py:538} INFO - Filling up the DagBag from /home/airflow/.local/lib/python3.7/site-packages/airflow/example_dags/example_task_group_decorator.py
[2023-03-01T15:37:12.915+0000] {processor.py:753} INFO - DAG(s) dict_keys(['example_task_group_decorator']) retrieved from /home/airflow/.local/lib/python3.7/site-packages/airflow/example_dags/example_task_group_decorator.py
[2023-03-01T15:37:12.940+0000] {logging_mixin.py:137} INFO - [2023-03-01T15:37:12.939+0000] {dag.py:2690} INFO - Sync 1 DAGs
[2023-03-01T15:37:12.962+0000] {logging_mixin.py:137} INFO - [2023-03-01T15:37:12.962+0000] {dag.py:3441} INFO - Setting next_dagrun for example_task_group_decorator to 2023-02-28T15:37:12.962489+00:00, run_after=2023-03-01T15:37:12.962489+00:00
[2023-03-01T15:37:12.980+0000] {processor.py:175} INFO - Processing /home/airflow/.local/lib/python3.7/site-packages/airflow/example_dags/example_task_group_decorator.py took 0.090 seconds
[2023-03-01T15:37:43.692+0000] {processor.py:153} INFO - Started process (PID=3468) to work on /home/airflow/.local/lib/python3.7/site-packages/airflow/example_dags/example_task_group_decorator.py
[2023-03-01T15:37:43.692+0000] {processor.py:743} INFO - Processing file /home/airflow/.local/lib/python3.7/site-packages/airflow/example_dags/example_task_group_decorator.py for tasks to queue
[2023-03-01T15:37:43.693+0000] {logging_mixin.py:137} INFO - [2023-03-01T15:37:43.693+0000] {dagbag.py:538} INFO - Filling up the DagBag from /home/airflow/.local/lib/python3.7/site-packages/airflow/example_dags/example_task_group_decorator.py
[2023-03-01T15:37:43.715+0000] {processor.py:753} INFO - DAG(s) dict_keys(['example_task_group_decorator']) retrieved from /home/airflow/.local/lib/python3.7/site-packages/airflow/example_dags/example_task_group_decorator.py
[2023-03-01T15:37:43.738+0000] {logging_mixin.py:137} INFO - [2023-03-01T15:37:43.737+0000] {dag.py:2690} INFO - Sync 1 DAGs
[2023-03-01T15:37:43.761+0000] {logging_mixin.py:137} INFO - [2023-03-01T15:37:43.761+0000] {dag.py:3441} INFO - Setting next_dagrun for example_task_group_decorator to 2023-02-28T15:37:43.760826+00:00, run_after=2023-03-01T15:37:43.760826+00:00
[2023-03-01T15:37:43.779+0000] {processor.py:175} INFO - Processing /home/airflow/.local/lib/python3.7/site-packages/airflow/example_dags/example_task_group_decorator.py took 0.089 seconds
[2023-03-01T15:38:14.193+0000] {processor.py:153} INFO - Started process (PID=3567) to work on /home/airflow/.local/lib/python3.7/site-packages/airflow/example_dags/example_task_group_decorator.py
[2023-03-01T15:38:14.194+0000] {processor.py:743} INFO - Processing file /home/airflow/.local/lib/python3.7/site-packages/airflow/example_dags/example_task_group_decorator.py for tasks to queue
[2023-03-01T15:38:14.194+0000] {logging_mixin.py:137} INFO - [2023-03-01T15:38:14.194+0000] {dagbag.py:538} INFO - Filling up the DagBag from /home/airflow/.local/lib/python3.7/site-packages/airflow/example_dags/example_task_group_decorator.py
[2023-03-01T15:38:14.216+0000] {processor.py:753} INFO - DAG(s) dict_keys(['example_task_group_decorator']) retrieved from /home/airflow/.local/lib/python3.7/site-packages/airflow/example_dags/example_task_group_decorator.py
[2023-03-01T15:38:14.239+0000] {logging_mixin.py:137} INFO - [2023-03-01T15:38:14.239+0000] {dag.py:2690} INFO - Sync 1 DAGs
[2023-03-01T15:38:14.263+0000] {logging_mixin.py:137} INFO - [2023-03-01T15:38:14.263+0000] {dag.py:3441} INFO - Setting next_dagrun for example_task_group_decorator to 2023-02-28T15:38:14.263196+00:00, run_after=2023-03-01T15:38:14.263196+00:00
[2023-03-01T15:38:14.282+0000] {processor.py:175} INFO - Processing /home/airflow/.local/lib/python3.7/site-packages/airflow/example_dags/example_task_group_decorator.py took 0.091 seconds
[2023-03-01T15:38:44.881+0000] {processor.py:153} INFO - Started process (PID=3646) to work on /home/airflow/.local/lib/python3.7/site-packages/airflow/example_dags/example_task_group_decorator.py
[2023-03-01T15:38:44.882+0000] {processor.py:743} INFO - Processing file /home/airflow/.local/lib/python3.7/site-packages/airflow/example_dags/example_task_group_decorator.py for tasks to queue
[2023-03-01T15:38:44.882+0000] {logging_mixin.py:137} INFO - [2023-03-01T15:38:44.882+0000] {dagbag.py:538} INFO - Filling up the DagBag from /home/airflow/.local/lib/python3.7/site-packages/airflow/example_dags/example_task_group_decorator.py
[2023-03-01T15:38:44.904+0000] {processor.py:753} INFO - DAG(s) dict_keys(['example_task_group_decorator']) retrieved from /home/airflow/.local/lib/python3.7/site-packages/airflow/example_dags/example_task_group_decorator.py
[2023-03-01T15:38:44.928+0000] {logging_mixin.py:137} INFO - [2023-03-01T15:38:44.927+0000] {dag.py:2690} INFO - Sync 1 DAGs
[2023-03-01T15:38:44.949+0000] {logging_mixin.py:137} INFO - [2023-03-01T15:38:44.949+0000] {dag.py:3441} INFO - Setting next_dagrun for example_task_group_decorator to 2023-02-28T15:38:44.949398+00:00, run_after=2023-03-01T15:38:44.949398+00:00
[2023-03-01T15:38:44.967+0000] {processor.py:175} INFO - Processing /home/airflow/.local/lib/python3.7/site-packages/airflow/example_dags/example_task_group_decorator.py took 0.088 seconds
[2023-03-01T15:39:15.211+0000] {processor.py:153} INFO - Started process (PID=3746) to work on /home/airflow/.local/lib/python3.7/site-packages/airflow/example_dags/example_task_group_decorator.py
[2023-03-01T15:39:15.212+0000] {processor.py:743} INFO - Processing file /home/airflow/.local/lib/python3.7/site-packages/airflow/example_dags/example_task_group_decorator.py for tasks to queue
[2023-03-01T15:39:15.212+0000] {logging_mixin.py:137} INFO - [2023-03-01T15:39:15.212+0000] {dagbag.py:538} INFO - Filling up the DagBag from /home/airflow/.local/lib/python3.7/site-packages/airflow/example_dags/example_task_group_decorator.py
[2023-03-01T15:39:15.236+0000] {processor.py:753} INFO - DAG(s) dict_keys(['example_task_group_decorator']) retrieved from /home/airflow/.local/lib/python3.7/site-packages/airflow/example_dags/example_task_group_decorator.py
[2023-03-01T15:39:15.260+0000] {logging_mixin.py:137} INFO - [2023-03-01T15:39:15.260+0000] {dag.py:2690} INFO - Sync 1 DAGs
[2023-03-01T15:39:15.283+0000] {logging_mixin.py:137} INFO - [2023-03-01T15:39:15.283+0000] {dag.py:3441} INFO - Setting next_dagrun for example_task_group_decorator to 2023-02-28T15:39:15.283082+00:00, run_after=2023-03-01T15:39:15.283082+00:00
[2023-03-01T15:39:15.303+0000] {processor.py:175} INFO - Processing /home/airflow/.local/lib/python3.7/site-packages/airflow/example_dags/example_task_group_decorator.py took 0.095 seconds
[2023-03-01T15:39:45.776+0000] {processor.py:153} INFO - Started process (PID=3832) to work on /home/airflow/.local/lib/python3.7/site-packages/airflow/example_dags/example_task_group_decorator.py
[2023-03-01T15:39:45.776+0000] {processor.py:743} INFO - Processing file /home/airflow/.local/lib/python3.7/site-packages/airflow/example_dags/example_task_group_decorator.py for tasks to queue
[2023-03-01T15:39:45.777+0000] {logging_mixin.py:137} INFO - [2023-03-01T15:39:45.777+0000] {dagbag.py:538} INFO - Filling up the DagBag from /home/airflow/.local/lib/python3.7/site-packages/airflow/example_dags/example_task_group_decorator.py
[2023-03-01T15:39:45.803+0000] {processor.py:753} INFO - DAG(s) dict_keys(['example_task_group_decorator']) retrieved from /home/airflow/.local/lib/python3.7/site-packages/airflow/example_dags/example_task_group_decorator.py
[2023-03-01T15:39:45.827+0000] {logging_mixin.py:137} INFO - [2023-03-01T15:39:45.826+0000] {dag.py:2690} INFO - Sync 1 DAGs
[2023-03-01T15:39:45.849+0000] {logging_mixin.py:137} INFO - [2023-03-01T15:39:45.849+0000] {dag.py:3441} INFO - Setting next_dagrun for example_task_group_decorator to 2023-02-28T15:39:45.849087+00:00, run_after=2023-03-01T15:39:45.849087+00:00
[2023-03-01T15:39:45.867+0000] {processor.py:175} INFO - Processing /home/airflow/.local/lib/python3.7/site-packages/airflow/example_dags/example_task_group_decorator.py took 0.094 seconds
[2023-03-01T15:40:16.422+0000] {processor.py:153} INFO - Started process (PID=3924) to work on /home/airflow/.local/lib/python3.7/site-packages/airflow/example_dags/example_task_group_decorator.py
[2023-03-01T15:40:16.423+0000] {processor.py:743} INFO - Processing file /home/airflow/.local/lib/python3.7/site-packages/airflow/example_dags/example_task_group_decorator.py for tasks to queue
[2023-03-01T15:40:16.423+0000] {logging_mixin.py:137} INFO - [2023-03-01T15:40:16.423+0000] {dagbag.py:538} INFO - Filling up the DagBag from /home/airflow/.local/lib/python3.7/site-packages/airflow/example_dags/example_task_group_decorator.py
[2023-03-01T15:40:16.445+0000] {processor.py:753} INFO - DAG(s) dict_keys(['example_task_group_decorator']) retrieved from /home/airflow/.local/lib/python3.7/site-packages/airflow/example_dags/example_task_group_decorator.py
[2023-03-01T15:40:16.468+0000] {logging_mixin.py:137} INFO - [2023-03-01T15:40:16.468+0000] {dag.py:2690} INFO - Sync 1 DAGs
[2023-03-01T15:40:16.491+0000] {logging_mixin.py:137} INFO - [2023-03-01T15:40:16.490+0000] {dag.py:3441} INFO - Setting next_dagrun for example_task_group_decorator to 2023-02-28T15:40:16.490811+00:00, run_after=2023-03-01T15:40:16.490811+00:00
[2023-03-01T15:40:16.508+0000] {processor.py:175} INFO - Processing /home/airflow/.local/lib/python3.7/site-packages/airflow/example_dags/example_task_group_decorator.py took 0.089 seconds
[2023-03-01T15:40:47.108+0000] {processor.py:153} INFO - Started process (PID=4023) to work on /home/airflow/.local/lib/python3.7/site-packages/airflow/example_dags/example_task_group_decorator.py
[2023-03-01T15:40:47.109+0000] {processor.py:743} INFO - Processing file /home/airflow/.local/lib/python3.7/site-packages/airflow/example_dags/example_task_group_decorator.py for tasks to queue
[2023-03-01T15:40:47.110+0000] {logging_mixin.py:137} INFO - [2023-03-01T15:40:47.109+0000] {dagbag.py:538} INFO - Filling up the DagBag from /home/airflow/.local/lib/python3.7/site-packages/airflow/example_dags/example_task_group_decorator.py
[2023-03-01T15:40:47.144+0000] {processor.py:753} INFO - DAG(s) dict_keys(['example_task_group_decorator']) retrieved from /home/airflow/.local/lib/python3.7/site-packages/airflow/example_dags/example_task_group_decorator.py
[2023-03-01T15:40:47.169+0000] {logging_mixin.py:137} INFO - [2023-03-01T15:40:47.169+0000] {dag.py:2690} INFO - Sync 1 DAGs
[2023-03-01T15:40:47.193+0000] {logging_mixin.py:137} INFO - [2023-03-01T15:40:47.193+0000] {dag.py:3441} INFO - Setting next_dagrun for example_task_group_decorator to 2023-02-28T15:40:47.193099+00:00, run_after=2023-03-01T15:40:47.193099+00:00
[2023-03-01T15:40:47.215+0000] {processor.py:175} INFO - Processing /home/airflow/.local/lib/python3.7/site-packages/airflow/example_dags/example_task_group_decorator.py took 0.110 seconds
[2023-03-01T15:41:17.812+0000] {processor.py:153} INFO - Started process (PID=4102) to work on /home/airflow/.local/lib/python3.7/site-packages/airflow/example_dags/example_task_group_decorator.py
[2023-03-01T15:41:17.813+0000] {processor.py:743} INFO - Processing file /home/airflow/.local/lib/python3.7/site-packages/airflow/example_dags/example_task_group_decorator.py for tasks to queue
[2023-03-01T15:41:17.814+0000] {logging_mixin.py:137} INFO - [2023-03-01T15:41:17.814+0000] {dagbag.py:538} INFO - Filling up the DagBag from /home/airflow/.local/lib/python3.7/site-packages/airflow/example_dags/example_task_group_decorator.py
[2023-03-01T15:41:17.837+0000] {processor.py:753} INFO - DAG(s) dict_keys(['example_task_group_decorator']) retrieved from /home/airflow/.local/lib/python3.7/site-packages/airflow/example_dags/example_task_group_decorator.py
[2023-03-01T15:41:17.895+0000] {logging_mixin.py:137} INFO - [2023-03-01T15:41:17.895+0000] {dag.py:2690} INFO - Sync 1 DAGs
[2023-03-01T15:41:17.918+0000] {logging_mixin.py:137} INFO - [2023-03-01T15:41:17.918+0000] {dag.py:3441} INFO - Setting next_dagrun for example_task_group_decorator to 2023-02-28T15:41:17.918495+00:00, run_after=2023-03-01T15:41:17.918495+00:00
[2023-03-01T15:41:17.938+0000] {processor.py:175} INFO - Processing /home/airflow/.local/lib/python3.7/site-packages/airflow/example_dags/example_task_group_decorator.py took 0.128 seconds
[2023-03-01T15:41:48.406+0000] {processor.py:153} INFO - Started process (PID=4201) to work on /home/airflow/.local/lib/python3.7/site-packages/airflow/example_dags/example_task_group_decorator.py
[2023-03-01T15:41:48.407+0000] {processor.py:743} INFO - Processing file /home/airflow/.local/lib/python3.7/site-packages/airflow/example_dags/example_task_group_decorator.py for tasks to queue
[2023-03-01T15:41:48.408+0000] {logging_mixin.py:137} INFO - [2023-03-01T15:41:48.408+0000] {dagbag.py:538} INFO - Filling up the DagBag from /home/airflow/.local/lib/python3.7/site-packages/airflow/example_dags/example_task_group_decorator.py
[2023-03-01T15:41:48.433+0000] {processor.py:753} INFO - DAG(s) dict_keys(['example_task_group_decorator']) retrieved from /home/airflow/.local/lib/python3.7/site-packages/airflow/example_dags/example_task_group_decorator.py
[2023-03-01T15:41:48.464+0000] {logging_mixin.py:137} INFO - [2023-03-01T15:41:48.464+0000] {dag.py:2690} INFO - Sync 1 DAGs
[2023-03-01T15:41:48.491+0000] {logging_mixin.py:137} INFO - [2023-03-01T15:41:48.490+0000] {dag.py:3441} INFO - Setting next_dagrun for example_task_group_decorator to 2023-02-28T15:41:48.490638+00:00, run_after=2023-03-01T15:41:48.490638+00:00
[2023-03-01T15:41:48.510+0000] {processor.py:175} INFO - Processing /home/airflow/.local/lib/python3.7/site-packages/airflow/example_dags/example_task_group_decorator.py took 0.106 seconds
[2023-03-01T15:42:19.064+0000] {processor.py:153} INFO - Started process (PID=4280) to work on /home/airflow/.local/lib/python3.7/site-packages/airflow/example_dags/example_task_group_decorator.py
[2023-03-01T15:42:19.065+0000] {processor.py:743} INFO - Processing file /home/airflow/.local/lib/python3.7/site-packages/airflow/example_dags/example_task_group_decorator.py for tasks to queue
[2023-03-01T15:42:19.065+0000] {logging_mixin.py:137} INFO - [2023-03-01T15:42:19.065+0000] {dagbag.py:538} INFO - Filling up the DagBag from /home/airflow/.local/lib/python3.7/site-packages/airflow/example_dags/example_task_group_decorator.py
[2023-03-01T15:42:19.087+0000] {processor.py:753} INFO - DAG(s) dict_keys(['example_task_group_decorator']) retrieved from /home/airflow/.local/lib/python3.7/site-packages/airflow/example_dags/example_task_group_decorator.py
[2023-03-01T15:42:19.110+0000] {logging_mixin.py:137} INFO - [2023-03-01T15:42:19.109+0000] {dag.py:2690} INFO - Sync 1 DAGs
[2023-03-01T15:42:19.132+0000] {logging_mixin.py:137} INFO - [2023-03-01T15:42:19.132+0000] {dag.py:3441} INFO - Setting next_dagrun for example_task_group_decorator to 2023-02-28T15:42:19.132462+00:00, run_after=2023-03-01T15:42:19.132462+00:00
[2023-03-01T15:42:19.150+0000] {processor.py:175} INFO - Processing /home/airflow/.local/lib/python3.7/site-packages/airflow/example_dags/example_task_group_decorator.py took 0.088 seconds
[2023-03-01T15:42:50.012+0000] {processor.py:153} INFO - Started process (PID=4379) to work on /home/airflow/.local/lib/python3.7/site-packages/airflow/example_dags/example_task_group_decorator.py
[2023-03-01T15:42:50.013+0000] {processor.py:743} INFO - Processing file /home/airflow/.local/lib/python3.7/site-packages/airflow/example_dags/example_task_group_decorator.py for tasks to queue
[2023-03-01T15:42:50.013+0000] {logging_mixin.py:137} INFO - [2023-03-01T15:42:50.013+0000] {dagbag.py:538} INFO - Filling up the DagBag from /home/airflow/.local/lib/python3.7/site-packages/airflow/example_dags/example_task_group_decorator.py
[2023-03-01T15:42:50.039+0000] {processor.py:753} INFO - DAG(s) dict_keys(['example_task_group_decorator']) retrieved from /home/airflow/.local/lib/python3.7/site-packages/airflow/example_dags/example_task_group_decorator.py
[2023-03-01T15:42:50.063+0000] {logging_mixin.py:137} INFO - [2023-03-01T15:42:50.062+0000] {dag.py:2690} INFO - Sync 1 DAGs
[2023-03-01T15:42:50.085+0000] {logging_mixin.py:137} INFO - [2023-03-01T15:42:50.085+0000] {dag.py:3441} INFO - Setting next_dagrun for example_task_group_decorator to 2023-02-28T15:42:50.085567+00:00, run_after=2023-03-01T15:42:50.085567+00:00
[2023-03-01T15:42:50.103+0000] {processor.py:175} INFO - Processing /home/airflow/.local/lib/python3.7/site-packages/airflow/example_dags/example_task_group_decorator.py took 0.094 seconds
[2023-03-01T15:43:20.229+0000] {processor.py:153} INFO - Started process (PID=4458) to work on /home/airflow/.local/lib/python3.7/site-packages/airflow/example_dags/example_task_group_decorator.py
[2023-03-01T15:43:20.230+0000] {processor.py:743} INFO - Processing file /home/airflow/.local/lib/python3.7/site-packages/airflow/example_dags/example_task_group_decorator.py for tasks to queue
[2023-03-01T15:43:20.231+0000] {logging_mixin.py:137} INFO - [2023-03-01T15:43:20.231+0000] {dagbag.py:538} INFO - Filling up the DagBag from /home/airflow/.local/lib/python3.7/site-packages/airflow/example_dags/example_task_group_decorator.py
[2023-03-01T15:43:20.261+0000] {processor.py:753} INFO - DAG(s) dict_keys(['example_task_group_decorator']) retrieved from /home/airflow/.local/lib/python3.7/site-packages/airflow/example_dags/example_task_group_decorator.py
[2023-03-01T15:43:20.290+0000] {logging_mixin.py:137} INFO - [2023-03-01T15:43:20.290+0000] {dag.py:2690} INFO - Sync 1 DAGs
[2023-03-01T15:43:20.329+0000] {logging_mixin.py:137} INFO - [2023-03-01T15:43:20.329+0000] {dag.py:3441} INFO - Setting next_dagrun for example_task_group_decorator to 2023-02-28T15:43:20.329089+00:00, run_after=2023-03-01T15:43:20.329089+00:00
[2023-03-01T15:43:20.356+0000] {processor.py:175} INFO - Processing /home/airflow/.local/lib/python3.7/site-packages/airflow/example_dags/example_task_group_decorator.py took 0.130 seconds
[2023-03-01T20:03:09.370+0000] {processor.py:153} INFO - Started process (PID=73) to work on /home/airflow/.local/lib/python3.7/site-packages/airflow/example_dags/example_task_group_decorator.py
[2023-03-01T20:03:09.371+0000] {processor.py:743} INFO - Processing file /home/airflow/.local/lib/python3.7/site-packages/airflow/example_dags/example_task_group_decorator.py for tasks to queue
[2023-03-01T20:03:09.372+0000] {logging_mixin.py:137} INFO - [2023-03-01T20:03:09.372+0000] {dagbag.py:538} INFO - Filling up the DagBag from /home/airflow/.local/lib/python3.7/site-packages/airflow/example_dags/example_task_group_decorator.py
[2023-03-01T20:03:09.399+0000] {processor.py:753} INFO - DAG(s) dict_keys(['example_task_group_decorator']) retrieved from /home/airflow/.local/lib/python3.7/site-packages/airflow/example_dags/example_task_group_decorator.py
[2023-03-01T20:03:09.413+0000] {logging_mixin.py:137} INFO - [2023-03-01T20:03:09.413+0000] {dag.py:2690} INFO - Sync 1 DAGs
[2023-03-01T20:03:09.442+0000] {logging_mixin.py:137} INFO - [2023-03-01T20:03:09.442+0000] {dag.py:3441} INFO - Setting next_dagrun for example_task_group_decorator to 2023-02-28T20:03:09.441999+00:00, run_after=2023-03-01T20:03:09.441999+00:00
[2023-03-01T20:03:09.467+0000] {processor.py:175} INFO - Processing /home/airflow/.local/lib/python3.7/site-packages/airflow/example_dags/example_task_group_decorator.py took 0.099 seconds
[2023-03-01T20:03:40.423+0000] {processor.py:153} INFO - Started process (PID=163) to work on /home/airflow/.local/lib/python3.7/site-packages/airflow/example_dags/example_task_group_decorator.py
[2023-03-01T20:03:40.423+0000] {processor.py:743} INFO - Processing file /home/airflow/.local/lib/python3.7/site-packages/airflow/example_dags/example_task_group_decorator.py for tasks to queue
[2023-03-01T20:03:40.424+0000] {logging_mixin.py:137} INFO - [2023-03-01T20:03:40.424+0000] {dagbag.py:538} INFO - Filling up the DagBag from /home/airflow/.local/lib/python3.7/site-packages/airflow/example_dags/example_task_group_decorator.py
[2023-03-01T20:03:40.450+0000] {processor.py:753} INFO - DAG(s) dict_keys(['example_task_group_decorator']) retrieved from /home/airflow/.local/lib/python3.7/site-packages/airflow/example_dags/example_task_group_decorator.py
[2023-03-01T20:03:40.478+0000] {logging_mixin.py:137} INFO - [2023-03-01T20:03:40.477+0000] {dag.py:2690} INFO - Sync 1 DAGs
[2023-03-01T20:03:40.507+0000] {logging_mixin.py:137} INFO - [2023-03-01T20:03:40.506+0000] {dag.py:3441} INFO - Setting next_dagrun for example_task_group_decorator to 2023-02-28T20:03:40.506703+00:00, run_after=2023-03-01T20:03:40.506703+00:00
[2023-03-01T20:03:40.525+0000] {processor.py:175} INFO - Processing /home/airflow/.local/lib/python3.7/site-packages/airflow/example_dags/example_task_group_decorator.py took 0.104 seconds
[2023-03-01T20:04:11.141+0000] {processor.py:153} INFO - Started process (PID=242) to work on /home/airflow/.local/lib/python3.7/site-packages/airflow/example_dags/example_task_group_decorator.py
[2023-03-01T20:04:11.142+0000] {processor.py:743} INFO - Processing file /home/airflow/.local/lib/python3.7/site-packages/airflow/example_dags/example_task_group_decorator.py for tasks to queue
[2023-03-01T20:04:11.142+0000] {logging_mixin.py:137} INFO - [2023-03-01T20:04:11.142+0000] {dagbag.py:538} INFO - Filling up the DagBag from /home/airflow/.local/lib/python3.7/site-packages/airflow/example_dags/example_task_group_decorator.py
[2023-03-01T20:04:11.165+0000] {processor.py:753} INFO - DAG(s) dict_keys(['example_task_group_decorator']) retrieved from /home/airflow/.local/lib/python3.7/site-packages/airflow/example_dags/example_task_group_decorator.py
[2023-03-01T20:04:11.187+0000] {logging_mixin.py:137} INFO - [2023-03-01T20:04:11.187+0000] {dag.py:2690} INFO - Sync 1 DAGs
[2023-03-01T20:04:11.209+0000] {logging_mixin.py:137} INFO - [2023-03-01T20:04:11.209+0000] {dag.py:3441} INFO - Setting next_dagrun for example_task_group_decorator to 2023-02-28T20:04:11.209338+00:00, run_after=2023-03-01T20:04:11.209338+00:00
[2023-03-01T20:04:11.230+0000] {processor.py:175} INFO - Processing /home/airflow/.local/lib/python3.7/site-packages/airflow/example_dags/example_task_group_decorator.py took 0.091 seconds
[2023-03-01T20:04:41.523+0000] {processor.py:153} INFO - Started process (PID=341) to work on /home/airflow/.local/lib/python3.7/site-packages/airflow/example_dags/example_task_group_decorator.py
[2023-03-01T20:04:41.523+0000] {processor.py:743} INFO - Processing file /home/airflow/.local/lib/python3.7/site-packages/airflow/example_dags/example_task_group_decorator.py for tasks to queue
[2023-03-01T20:04:41.524+0000] {logging_mixin.py:137} INFO - [2023-03-01T20:04:41.524+0000] {dagbag.py:538} INFO - Filling up the DagBag from /home/airflow/.local/lib/python3.7/site-packages/airflow/example_dags/example_task_group_decorator.py
[2023-03-01T20:04:41.547+0000] {processor.py:753} INFO - DAG(s) dict_keys(['example_task_group_decorator']) retrieved from /home/airflow/.local/lib/python3.7/site-packages/airflow/example_dags/example_task_group_decorator.py
[2023-03-01T20:04:41.572+0000] {logging_mixin.py:137} INFO - [2023-03-01T20:04:41.572+0000] {dag.py:2690} INFO - Sync 1 DAGs
[2023-03-01T20:04:41.595+0000] {logging_mixin.py:137} INFO - [2023-03-01T20:04:41.595+0000] {dag.py:3441} INFO - Setting next_dagrun for example_task_group_decorator to 2023-02-28T20:04:41.594846+00:00, run_after=2023-03-01T20:04:41.594846+00:00
[2023-03-01T20:04:41.613+0000] {processor.py:175} INFO - Processing /home/airflow/.local/lib/python3.7/site-packages/airflow/example_dags/example_task_group_decorator.py took 0.093 seconds
[2023-03-01T20:05:12.089+0000] {processor.py:153} INFO - Started process (PID=420) to work on /home/airflow/.local/lib/python3.7/site-packages/airflow/example_dags/example_task_group_decorator.py
[2023-03-01T20:05:12.090+0000] {processor.py:743} INFO - Processing file /home/airflow/.local/lib/python3.7/site-packages/airflow/example_dags/example_task_group_decorator.py for tasks to queue
[2023-03-01T20:05:12.090+0000] {logging_mixin.py:137} INFO - [2023-03-01T20:05:12.090+0000] {dagbag.py:538} INFO - Filling up the DagBag from /home/airflow/.local/lib/python3.7/site-packages/airflow/example_dags/example_task_group_decorator.py
[2023-03-01T20:05:12.112+0000] {processor.py:753} INFO - DAG(s) dict_keys(['example_task_group_decorator']) retrieved from /home/airflow/.local/lib/python3.7/site-packages/airflow/example_dags/example_task_group_decorator.py
[2023-03-01T20:05:12.134+0000] {logging_mixin.py:137} INFO - [2023-03-01T20:05:12.134+0000] {dag.py:2690} INFO - Sync 1 DAGs
[2023-03-01T20:05:12.156+0000] {logging_mixin.py:137} INFO - [2023-03-01T20:05:12.156+0000] {dag.py:3441} INFO - Setting next_dagrun for example_task_group_decorator to 2023-02-28T20:05:12.156071+00:00, run_after=2023-03-01T20:05:12.156071+00:00
[2023-03-01T20:05:12.175+0000] {processor.py:175} INFO - Processing /home/airflow/.local/lib/python3.7/site-packages/airflow/example_dags/example_task_group_decorator.py took 0.089 seconds
[2023-03-01T20:05:42.476+0000] {processor.py:153} INFO - Started process (PID=519) to work on /home/airflow/.local/lib/python3.7/site-packages/airflow/example_dags/example_task_group_decorator.py
[2023-03-01T20:05:42.477+0000] {processor.py:743} INFO - Processing file /home/airflow/.local/lib/python3.7/site-packages/airflow/example_dags/example_task_group_decorator.py for tasks to queue
[2023-03-01T20:05:42.478+0000] {logging_mixin.py:137} INFO - [2023-03-01T20:05:42.478+0000] {dagbag.py:538} INFO - Filling up the DagBag from /home/airflow/.local/lib/python3.7/site-packages/airflow/example_dags/example_task_group_decorator.py
[2023-03-01T20:05:42.503+0000] {processor.py:753} INFO - DAG(s) dict_keys(['example_task_group_decorator']) retrieved from /home/airflow/.local/lib/python3.7/site-packages/airflow/example_dags/example_task_group_decorator.py
[2023-03-01T20:05:42.526+0000] {logging_mixin.py:137} INFO - [2023-03-01T20:05:42.526+0000] {dag.py:2690} INFO - Sync 1 DAGs
[2023-03-01T20:05:42.549+0000] {logging_mixin.py:137} INFO - [2023-03-01T20:05:42.549+0000] {dag.py:3441} INFO - Setting next_dagrun for example_task_group_decorator to 2023-02-28T20:05:42.549373+00:00, run_after=2023-03-01T20:05:42.549373+00:00
[2023-03-01T20:05:42.570+0000] {processor.py:175} INFO - Processing /home/airflow/.local/lib/python3.7/site-packages/airflow/example_dags/example_task_group_decorator.py took 0.097 seconds
[2023-03-01T20:06:13.147+0000] {processor.py:153} INFO - Started process (PID=598) to work on /home/airflow/.local/lib/python3.7/site-packages/airflow/example_dags/example_task_group_decorator.py
[2023-03-01T20:06:13.148+0000] {processor.py:743} INFO - Processing file /home/airflow/.local/lib/python3.7/site-packages/airflow/example_dags/example_task_group_decorator.py for tasks to queue
[2023-03-01T20:06:13.148+0000] {logging_mixin.py:137} INFO - [2023-03-01T20:06:13.148+0000] {dagbag.py:538} INFO - Filling up the DagBag from /home/airflow/.local/lib/python3.7/site-packages/airflow/example_dags/example_task_group_decorator.py
[2023-03-01T20:06:13.169+0000] {processor.py:753} INFO - DAG(s) dict_keys(['example_task_group_decorator']) retrieved from /home/airflow/.local/lib/python3.7/site-packages/airflow/example_dags/example_task_group_decorator.py
[2023-03-01T20:06:13.192+0000] {logging_mixin.py:137} INFO - [2023-03-01T20:06:13.192+0000] {dag.py:2690} INFO - Sync 1 DAGs
[2023-03-01T20:06:13.215+0000] {logging_mixin.py:137} INFO - [2023-03-01T20:06:13.214+0000] {dag.py:3441} INFO - Setting next_dagrun for example_task_group_decorator to 2023-02-28T20:06:13.214706+00:00, run_after=2023-03-01T20:06:13.214706+00:00
[2023-03-01T20:06:13.232+0000] {processor.py:175} INFO - Processing /home/airflow/.local/lib/python3.7/site-packages/airflow/example_dags/example_task_group_decorator.py took 0.087 seconds
[2023-03-01T20:06:43.597+0000] {processor.py:153} INFO - Started process (PID=697) to work on /home/airflow/.local/lib/python3.7/site-packages/airflow/example_dags/example_task_group_decorator.py
[2023-03-01T20:06:43.598+0000] {processor.py:743} INFO - Processing file /home/airflow/.local/lib/python3.7/site-packages/airflow/example_dags/example_task_group_decorator.py for tasks to queue
[2023-03-01T20:06:43.600+0000] {logging_mixin.py:137} INFO - [2023-03-01T20:06:43.600+0000] {dagbag.py:538} INFO - Filling up the DagBag from /home/airflow/.local/lib/python3.7/site-packages/airflow/example_dags/example_task_group_decorator.py
[2023-03-01T20:06:43.624+0000] {processor.py:753} INFO - DAG(s) dict_keys(['example_task_group_decorator']) retrieved from /home/airflow/.local/lib/python3.7/site-packages/airflow/example_dags/example_task_group_decorator.py
[2023-03-01T20:06:43.647+0000] {logging_mixin.py:137} INFO - [2023-03-01T20:06:43.647+0000] {dag.py:2690} INFO - Sync 1 DAGs
[2023-03-01T20:06:43.673+0000] {logging_mixin.py:137} INFO - [2023-03-01T20:06:43.673+0000] {dag.py:3441} INFO - Setting next_dagrun for example_task_group_decorator to 2023-02-28T20:06:43.673652+00:00, run_after=2023-03-01T20:06:43.673652+00:00
[2023-03-01T20:06:43.692+0000] {processor.py:175} INFO - Processing /home/airflow/.local/lib/python3.7/site-packages/airflow/example_dags/example_task_group_decorator.py took 0.097 seconds
[2023-03-01T20:07:14.185+0000] {processor.py:153} INFO - Started process (PID=785) to work on /home/airflow/.local/lib/python3.7/site-packages/airflow/example_dags/example_task_group_decorator.py
[2023-03-01T20:07:14.186+0000] {processor.py:743} INFO - Processing file /home/airflow/.local/lib/python3.7/site-packages/airflow/example_dags/example_task_group_decorator.py for tasks to queue
[2023-03-01T20:07:14.186+0000] {logging_mixin.py:137} INFO - [2023-03-01T20:07:14.186+0000] {dagbag.py:538} INFO - Filling up the DagBag from /home/airflow/.local/lib/python3.7/site-packages/airflow/example_dags/example_task_group_decorator.py
[2023-03-01T20:07:14.208+0000] {processor.py:753} INFO - DAG(s) dict_keys(['example_task_group_decorator']) retrieved from /home/airflow/.local/lib/python3.7/site-packages/airflow/example_dags/example_task_group_decorator.py
[2023-03-01T20:07:14.231+0000] {logging_mixin.py:137} INFO - [2023-03-01T20:07:14.231+0000] {dag.py:2690} INFO - Sync 1 DAGs
[2023-03-01T20:07:14.253+0000] {logging_mixin.py:137} INFO - [2023-03-01T20:07:14.253+0000] {dag.py:3441} INFO - Setting next_dagrun for example_task_group_decorator to 2023-02-28T20:07:14.252911+00:00, run_after=2023-03-01T20:07:14.252911+00:00
[2023-03-01T20:07:14.272+0000] {processor.py:175} INFO - Processing /home/airflow/.local/lib/python3.7/site-packages/airflow/example_dags/example_task_group_decorator.py took 0.090 seconds
[2023-03-01T20:07:44.996+0000] {processor.py:153} INFO - Started process (PID=875) to work on /home/airflow/.local/lib/python3.7/site-packages/airflow/example_dags/example_task_group_decorator.py
[2023-03-01T20:07:44.997+0000] {processor.py:743} INFO - Processing file /home/airflow/.local/lib/python3.7/site-packages/airflow/example_dags/example_task_group_decorator.py for tasks to queue
[2023-03-01T20:07:44.997+0000] {logging_mixin.py:137} INFO - [2023-03-01T20:07:44.997+0000] {dagbag.py:538} INFO - Filling up the DagBag from /home/airflow/.local/lib/python3.7/site-packages/airflow/example_dags/example_task_group_decorator.py
[2023-03-01T20:07:45.020+0000] {processor.py:753} INFO - DAG(s) dict_keys(['example_task_group_decorator']) retrieved from /home/airflow/.local/lib/python3.7/site-packages/airflow/example_dags/example_task_group_decorator.py
[2023-03-01T20:07:45.042+0000] {logging_mixin.py:137} INFO - [2023-03-01T20:07:45.042+0000] {dag.py:2690} INFO - Sync 1 DAGs
[2023-03-01T20:07:45.065+0000] {logging_mixin.py:137} INFO - [2023-03-01T20:07:45.065+0000] {dag.py:3441} INFO - Setting next_dagrun for example_task_group_decorator to 2023-02-28T20:07:45.065496+00:00, run_after=2023-03-01T20:07:45.065496+00:00
[2023-03-01T20:07:45.084+0000] {processor.py:175} INFO - Processing /home/airflow/.local/lib/python3.7/site-packages/airflow/example_dags/example_task_group_decorator.py took 0.090 seconds
