[2023-03-01T15:18:17.361+0000] {processor.py:153} INFO - Started process (PID=53) to work on /home/airflow/.local/lib/python3.7/site-packages/airflow/example_dags/example_task_group.py
[2023-03-01T15:18:17.361+0000] {processor.py:743} INFO - Processing file /home/airflow/.local/lib/python3.7/site-packages/airflow/example_dags/example_task_group.py for tasks to queue
[2023-03-01T15:18:17.362+0000] {logging_mixin.py:137} INFO - [2023-03-01T15:18:17.362+0000] {dagbag.py:538} INFO - Filling up the DagBag from /home/airflow/.local/lib/python3.7/site-packages/airflow/example_dags/example_task_group.py
[2023-03-01T15:18:17.378+0000] {processor.py:753} INFO - DAG(s) dict_keys(['example_task_group']) retrieved from /home/airflow/.local/lib/python3.7/site-packages/airflow/example_dags/example_task_group.py
[2023-03-01T15:18:17.392+0000] {logging_mixin.py:137} INFO - [2023-03-01T15:18:17.391+0000] {dag.py:2690} INFO - Sync 1 DAGs
[2023-03-01T15:18:17.416+0000] {logging_mixin.py:137} INFO - [2023-03-01T15:18:17.415+0000] {dag.py:3441} INFO - Setting next_dagrun for example_task_group to 2023-02-28T15:18:17.415642+00:00, run_after=2023-03-01T15:18:17.415642+00:00
[2023-03-01T15:18:17.435+0000] {processor.py:175} INFO - Processing /home/airflow/.local/lib/python3.7/site-packages/airflow/example_dags/example_task_group.py took 0.077 seconds
[2023-03-01T15:18:47.782+0000] {processor.py:153} INFO - Started process (PID=145) to work on /home/airflow/.local/lib/python3.7/site-packages/airflow/example_dags/example_task_group.py
[2023-03-01T15:18:47.783+0000] {processor.py:743} INFO - Processing file /home/airflow/.local/lib/python3.7/site-packages/airflow/example_dags/example_task_group.py for tasks to queue
[2023-03-01T15:18:47.783+0000] {logging_mixin.py:137} INFO - [2023-03-01T15:18:47.783+0000] {dagbag.py:538} INFO - Filling up the DagBag from /home/airflow/.local/lib/python3.7/site-packages/airflow/example_dags/example_task_group.py
[2023-03-01T15:18:47.796+0000] {processor.py:753} INFO - DAG(s) dict_keys(['example_task_group']) retrieved from /home/airflow/.local/lib/python3.7/site-packages/airflow/example_dags/example_task_group.py
[2023-03-01T15:18:47.822+0000] {logging_mixin.py:137} INFO - [2023-03-01T15:18:47.822+0000] {dag.py:2690} INFO - Sync 1 DAGs
[2023-03-01T15:18:47.849+0000] {logging_mixin.py:137} INFO - [2023-03-01T15:18:47.849+0000] {dag.py:3441} INFO - Setting next_dagrun for example_task_group to 2023-02-28T15:18:47.848997+00:00, run_after=2023-03-01T15:18:47.848997+00:00
[2023-03-01T15:18:47.868+0000] {processor.py:175} INFO - Processing /home/airflow/.local/lib/python3.7/site-packages/airflow/example_dags/example_task_group.py took 0.088 seconds
[2023-03-01T15:19:18.623+0000] {processor.py:153} INFO - Started process (PID=224) to work on /home/airflow/.local/lib/python3.7/site-packages/airflow/example_dags/example_task_group.py
[2023-03-01T15:19:18.624+0000] {processor.py:743} INFO - Processing file /home/airflow/.local/lib/python3.7/site-packages/airflow/example_dags/example_task_group.py for tasks to queue
[2023-03-01T15:19:18.624+0000] {logging_mixin.py:137} INFO - [2023-03-01T15:19:18.624+0000] {dagbag.py:538} INFO - Filling up the DagBag from /home/airflow/.local/lib/python3.7/site-packages/airflow/example_dags/example_task_group.py
[2023-03-01T15:19:18.636+0000] {processor.py:753} INFO - DAG(s) dict_keys(['example_task_group']) retrieved from /home/airflow/.local/lib/python3.7/site-packages/airflow/example_dags/example_task_group.py
[2023-03-01T15:19:18.658+0000] {logging_mixin.py:137} INFO - [2023-03-01T15:19:18.658+0000] {dag.py:2690} INFO - Sync 1 DAGs
[2023-03-01T15:19:18.682+0000] {logging_mixin.py:137} INFO - [2023-03-01T15:19:18.681+0000] {dag.py:3441} INFO - Setting next_dagrun for example_task_group to 2023-02-28T15:19:18.681693+00:00, run_after=2023-03-01T15:19:18.681693+00:00
[2023-03-01T15:19:18.702+0000] {processor.py:175} INFO - Processing /home/airflow/.local/lib/python3.7/site-packages/airflow/example_dags/example_task_group.py took 0.081 seconds
[2023-03-01T15:19:49.439+0000] {processor.py:153} INFO - Started process (PID=323) to work on /home/airflow/.local/lib/python3.7/site-packages/airflow/example_dags/example_task_group.py
[2023-03-01T15:19:49.440+0000] {processor.py:743} INFO - Processing file /home/airflow/.local/lib/python3.7/site-packages/airflow/example_dags/example_task_group.py for tasks to queue
[2023-03-01T15:19:49.440+0000] {logging_mixin.py:137} INFO - [2023-03-01T15:19:49.440+0000] {dagbag.py:538} INFO - Filling up the DagBag from /home/airflow/.local/lib/python3.7/site-packages/airflow/example_dags/example_task_group.py
[2023-03-01T15:19:49.456+0000] {processor.py:753} INFO - DAG(s) dict_keys(['example_task_group']) retrieved from /home/airflow/.local/lib/python3.7/site-packages/airflow/example_dags/example_task_group.py
[2023-03-01T15:19:49.482+0000] {logging_mixin.py:137} INFO - [2023-03-01T15:19:49.482+0000] {dag.py:2690} INFO - Sync 1 DAGs
[2023-03-01T15:19:49.509+0000] {logging_mixin.py:137} INFO - [2023-03-01T15:19:49.509+0000] {dag.py:3441} INFO - Setting next_dagrun for example_task_group to 2023-02-28T15:19:49.509441+00:00, run_after=2023-03-01T15:19:49.509441+00:00
[2023-03-01T15:19:49.534+0000] {processor.py:175} INFO - Processing /home/airflow/.local/lib/python3.7/site-packages/airflow/example_dags/example_task_group.py took 0.098 seconds
[2023-03-01T15:20:20.181+0000] {processor.py:153} INFO - Started process (PID=402) to work on /home/airflow/.local/lib/python3.7/site-packages/airflow/example_dags/example_task_group.py
[2023-03-01T15:20:20.182+0000] {processor.py:743} INFO - Processing file /home/airflow/.local/lib/python3.7/site-packages/airflow/example_dags/example_task_group.py for tasks to queue
[2023-03-01T15:20:20.182+0000] {logging_mixin.py:137} INFO - [2023-03-01T15:20:20.182+0000] {dagbag.py:538} INFO - Filling up the DagBag from /home/airflow/.local/lib/python3.7/site-packages/airflow/example_dags/example_task_group.py
[2023-03-01T15:20:20.195+0000] {processor.py:753} INFO - DAG(s) dict_keys(['example_task_group']) retrieved from /home/airflow/.local/lib/python3.7/site-packages/airflow/example_dags/example_task_group.py
[2023-03-01T15:20:20.216+0000] {logging_mixin.py:137} INFO - [2023-03-01T15:20:20.216+0000] {dag.py:2690} INFO - Sync 1 DAGs
[2023-03-01T15:20:20.238+0000] {logging_mixin.py:137} INFO - [2023-03-01T15:20:20.238+0000] {dag.py:3441} INFO - Setting next_dagrun for example_task_group to 2023-02-28T15:20:20.238519+00:00, run_after=2023-03-01T15:20:20.238519+00:00
[2023-03-01T15:20:20.256+0000] {processor.py:175} INFO - Processing /home/airflow/.local/lib/python3.7/site-packages/airflow/example_dags/example_task_group.py took 0.077 seconds
[2023-03-01T15:20:51.048+0000] {processor.py:153} INFO - Started process (PID=501) to work on /home/airflow/.local/lib/python3.7/site-packages/airflow/example_dags/example_task_group.py
[2023-03-01T15:20:51.049+0000] {processor.py:743} INFO - Processing file /home/airflow/.local/lib/python3.7/site-packages/airflow/example_dags/example_task_group.py for tasks to queue
[2023-03-01T15:20:51.049+0000] {logging_mixin.py:137} INFO - [2023-03-01T15:20:51.049+0000] {dagbag.py:538} INFO - Filling up the DagBag from /home/airflow/.local/lib/python3.7/site-packages/airflow/example_dags/example_task_group.py
[2023-03-01T15:20:51.061+0000] {processor.py:753} INFO - DAG(s) dict_keys(['example_task_group']) retrieved from /home/airflow/.local/lib/python3.7/site-packages/airflow/example_dags/example_task_group.py
[2023-03-01T15:20:51.083+0000] {logging_mixin.py:137} INFO - [2023-03-01T15:20:51.083+0000] {dag.py:2690} INFO - Sync 1 DAGs
[2023-03-01T15:20:51.109+0000] {logging_mixin.py:137} INFO - [2023-03-01T15:20:51.109+0000] {dag.py:3441} INFO - Setting next_dagrun for example_task_group to 2023-02-28T15:20:51.109179+00:00, run_after=2023-03-01T15:20:51.109179+00:00
[2023-03-01T15:20:51.131+0000] {processor.py:175} INFO - Processing /home/airflow/.local/lib/python3.7/site-packages/airflow/example_dags/example_task_group.py took 0.085 seconds
[2023-03-01T15:21:21.545+0000] {processor.py:153} INFO - Started process (PID=580) to work on /home/airflow/.local/lib/python3.7/site-packages/airflow/example_dags/example_task_group.py
[2023-03-01T15:21:21.546+0000] {processor.py:743} INFO - Processing file /home/airflow/.local/lib/python3.7/site-packages/airflow/example_dags/example_task_group.py for tasks to queue
[2023-03-01T15:21:21.546+0000] {logging_mixin.py:137} INFO - [2023-03-01T15:21:21.546+0000] {dagbag.py:538} INFO - Filling up the DagBag from /home/airflow/.local/lib/python3.7/site-packages/airflow/example_dags/example_task_group.py
[2023-03-01T15:21:21.558+0000] {processor.py:753} INFO - DAG(s) dict_keys(['example_task_group']) retrieved from /home/airflow/.local/lib/python3.7/site-packages/airflow/example_dags/example_task_group.py
[2023-03-01T15:21:21.581+0000] {logging_mixin.py:137} INFO - [2023-03-01T15:21:21.581+0000] {dag.py:2690} INFO - Sync 1 DAGs
[2023-03-01T15:21:21.604+0000] {logging_mixin.py:137} INFO - [2023-03-01T15:21:21.604+0000] {dag.py:3441} INFO - Setting next_dagrun for example_task_group to 2023-02-28T15:21:21.604161+00:00, run_after=2023-03-01T15:21:21.604161+00:00
[2023-03-01T15:21:21.621+0000] {processor.py:175} INFO - Processing /home/airflow/.local/lib/python3.7/site-packages/airflow/example_dags/example_task_group.py took 0.079 seconds
[2023-03-01T15:21:52.033+0000] {processor.py:153} INFO - Started process (PID=680) to work on /home/airflow/.local/lib/python3.7/site-packages/airflow/example_dags/example_task_group.py
[2023-03-01T15:21:52.033+0000] {processor.py:743} INFO - Processing file /home/airflow/.local/lib/python3.7/site-packages/airflow/example_dags/example_task_group.py for tasks to queue
[2023-03-01T15:21:52.034+0000] {logging_mixin.py:137} INFO - [2023-03-01T15:21:52.034+0000] {dagbag.py:538} INFO - Filling up the DagBag from /home/airflow/.local/lib/python3.7/site-packages/airflow/example_dags/example_task_group.py
[2023-03-01T15:21:52.046+0000] {processor.py:753} INFO - DAG(s) dict_keys(['example_task_group']) retrieved from /home/airflow/.local/lib/python3.7/site-packages/airflow/example_dags/example_task_group.py
[2023-03-01T15:21:52.069+0000] {logging_mixin.py:137} INFO - [2023-03-01T15:21:52.068+0000] {dag.py:2690} INFO - Sync 1 DAGs
[2023-03-01T15:21:52.092+0000] {logging_mixin.py:137} INFO - [2023-03-01T15:21:52.092+0000] {dag.py:3441} INFO - Setting next_dagrun for example_task_group to 2023-02-28T15:21:52.092409+00:00, run_after=2023-03-01T15:21:52.092409+00:00
[2023-03-01T15:21:52.113+0000] {processor.py:175} INFO - Processing /home/airflow/.local/lib/python3.7/site-packages/airflow/example_dags/example_task_group.py took 0.083 seconds
[2023-03-01T15:22:22.623+0000] {processor.py:153} INFO - Started process (PID=765) to work on /home/airflow/.local/lib/python3.7/site-packages/airflow/example_dags/example_task_group.py
[2023-03-01T15:22:22.623+0000] {processor.py:743} INFO - Processing file /home/airflow/.local/lib/python3.7/site-packages/airflow/example_dags/example_task_group.py for tasks to queue
[2023-03-01T15:22:22.624+0000] {logging_mixin.py:137} INFO - [2023-03-01T15:22:22.624+0000] {dagbag.py:538} INFO - Filling up the DagBag from /home/airflow/.local/lib/python3.7/site-packages/airflow/example_dags/example_task_group.py
[2023-03-01T15:22:22.638+0000] {processor.py:753} INFO - DAG(s) dict_keys(['example_task_group']) retrieved from /home/airflow/.local/lib/python3.7/site-packages/airflow/example_dags/example_task_group.py
[2023-03-01T15:22:22.662+0000] {logging_mixin.py:137} INFO - [2023-03-01T15:22:22.662+0000] {dag.py:2690} INFO - Sync 1 DAGs
[2023-03-01T15:22:22.686+0000] {logging_mixin.py:137} INFO - [2023-03-01T15:22:22.686+0000] {dag.py:3441} INFO - Setting next_dagrun for example_task_group to 2023-02-28T15:22:22.685745+00:00, run_after=2023-03-01T15:22:22.685745+00:00
[2023-03-01T15:22:22.707+0000] {processor.py:175} INFO - Processing /home/airflow/.local/lib/python3.7/site-packages/airflow/example_dags/example_task_group.py took 0.087 seconds
[2023-03-01T15:22:53.006+0000] {processor.py:153} INFO - Started process (PID=858) to work on /home/airflow/.local/lib/python3.7/site-packages/airflow/example_dags/example_task_group.py
[2023-03-01T15:22:53.007+0000] {processor.py:743} INFO - Processing file /home/airflow/.local/lib/python3.7/site-packages/airflow/example_dags/example_task_group.py for tasks to queue
[2023-03-01T15:22:53.008+0000] {logging_mixin.py:137} INFO - [2023-03-01T15:22:53.008+0000] {dagbag.py:538} INFO - Filling up the DagBag from /home/airflow/.local/lib/python3.7/site-packages/airflow/example_dags/example_task_group.py
[2023-03-01T15:22:53.022+0000] {processor.py:753} INFO - DAG(s) dict_keys(['example_task_group']) retrieved from /home/airflow/.local/lib/python3.7/site-packages/airflow/example_dags/example_task_group.py
[2023-03-01T15:22:53.045+0000] {logging_mixin.py:137} INFO - [2023-03-01T15:22:53.045+0000] {dag.py:2690} INFO - Sync 1 DAGs
[2023-03-01T15:22:53.071+0000] {logging_mixin.py:137} INFO - [2023-03-01T15:22:53.071+0000] {dag.py:3441} INFO - Setting next_dagrun for example_task_group to 2023-02-28T15:22:53.070762+00:00, run_after=2023-03-01T15:22:53.070762+00:00
[2023-03-01T15:22:53.092+0000] {processor.py:175} INFO - Processing /home/airflow/.local/lib/python3.7/site-packages/airflow/example_dags/example_task_group.py took 0.088 seconds
[2023-03-01T15:23:23.688+0000] {processor.py:153} INFO - Started process (PID=946) to work on /home/airflow/.local/lib/python3.7/site-packages/airflow/example_dags/example_task_group.py
[2023-03-01T15:23:23.689+0000] {processor.py:743} INFO - Processing file /home/airflow/.local/lib/python3.7/site-packages/airflow/example_dags/example_task_group.py for tasks to queue
[2023-03-01T15:23:23.690+0000] {logging_mixin.py:137} INFO - [2023-03-01T15:23:23.690+0000] {dagbag.py:538} INFO - Filling up the DagBag from /home/airflow/.local/lib/python3.7/site-packages/airflow/example_dags/example_task_group.py
[2023-03-01T15:23:23.702+0000] {processor.py:753} INFO - DAG(s) dict_keys(['example_task_group']) retrieved from /home/airflow/.local/lib/python3.7/site-packages/airflow/example_dags/example_task_group.py
[2023-03-01T15:23:23.724+0000] {logging_mixin.py:137} INFO - [2023-03-01T15:23:23.724+0000] {dag.py:2690} INFO - Sync 1 DAGs
[2023-03-01T15:23:23.749+0000] {logging_mixin.py:137} INFO - [2023-03-01T15:23:23.749+0000] {dag.py:3441} INFO - Setting next_dagrun for example_task_group to 2023-02-28T15:23:23.749353+00:00, run_after=2023-03-01T15:23:23.749353+00:00
[2023-03-01T15:23:23.769+0000] {processor.py:175} INFO - Processing /home/airflow/.local/lib/python3.7/site-packages/airflow/example_dags/example_task_group.py took 0.084 seconds
[2023-03-01T15:23:54.249+0000] {processor.py:153} INFO - Started process (PID=1036) to work on /home/airflow/.local/lib/python3.7/site-packages/airflow/example_dags/example_task_group.py
[2023-03-01T15:23:54.250+0000] {processor.py:743} INFO - Processing file /home/airflow/.local/lib/python3.7/site-packages/airflow/example_dags/example_task_group.py for tasks to queue
[2023-03-01T15:23:54.250+0000] {logging_mixin.py:137} INFO - [2023-03-01T15:23:54.250+0000] {dagbag.py:538} INFO - Filling up the DagBag from /home/airflow/.local/lib/python3.7/site-packages/airflow/example_dags/example_task_group.py
[2023-03-01T15:23:54.261+0000] {processor.py:753} INFO - DAG(s) dict_keys(['example_task_group']) retrieved from /home/airflow/.local/lib/python3.7/site-packages/airflow/example_dags/example_task_group.py
[2023-03-01T15:23:54.285+0000] {logging_mixin.py:137} INFO - [2023-03-01T15:23:54.285+0000] {dag.py:2690} INFO - Sync 1 DAGs
[2023-03-01T15:23:54.308+0000] {logging_mixin.py:137} INFO - [2023-03-01T15:23:54.308+0000] {dag.py:3441} INFO - Setting next_dagrun for example_task_group to 2023-02-28T15:23:54.307951+00:00, run_after=2023-03-01T15:23:54.307951+00:00
[2023-03-01T15:23:54.327+0000] {processor.py:175} INFO - Processing /home/airflow/.local/lib/python3.7/site-packages/airflow/example_dags/example_task_group.py took 0.081 seconds
[2023-03-01T15:24:24.944+0000] {processor.py:153} INFO - Started process (PID=1135) to work on /home/airflow/.local/lib/python3.7/site-packages/airflow/example_dags/example_task_group.py
[2023-03-01T15:24:24.945+0000] {processor.py:743} INFO - Processing file /home/airflow/.local/lib/python3.7/site-packages/airflow/example_dags/example_task_group.py for tasks to queue
[2023-03-01T15:24:24.945+0000] {logging_mixin.py:137} INFO - [2023-03-01T15:24:24.945+0000] {dagbag.py:538} INFO - Filling up the DagBag from /home/airflow/.local/lib/python3.7/site-packages/airflow/example_dags/example_task_group.py
[2023-03-01T15:24:24.958+0000] {processor.py:753} INFO - DAG(s) dict_keys(['example_task_group']) retrieved from /home/airflow/.local/lib/python3.7/site-packages/airflow/example_dags/example_task_group.py
[2023-03-01T15:24:24.979+0000] {logging_mixin.py:137} INFO - [2023-03-01T15:24:24.979+0000] {dag.py:2690} INFO - Sync 1 DAGs
[2023-03-01T15:24:25.004+0000] {logging_mixin.py:137} INFO - [2023-03-01T15:24:25.004+0000] {dag.py:3441} INFO - Setting next_dagrun for example_task_group to 2023-02-28T15:24:25.003779+00:00, run_after=2023-03-01T15:24:25.003779+00:00
[2023-03-01T15:24:25.027+0000] {processor.py:175} INFO - Processing /home/airflow/.local/lib/python3.7/site-packages/airflow/example_dags/example_task_group.py took 0.085 seconds
[2023-03-01T15:24:55.446+0000] {processor.py:153} INFO - Started process (PID=1214) to work on /home/airflow/.local/lib/python3.7/site-packages/airflow/example_dags/example_task_group.py
[2023-03-01T15:24:55.447+0000] {processor.py:743} INFO - Processing file /home/airflow/.local/lib/python3.7/site-packages/airflow/example_dags/example_task_group.py for tasks to queue
[2023-03-01T15:24:55.447+0000] {logging_mixin.py:137} INFO - [2023-03-01T15:24:55.447+0000] {dagbag.py:538} INFO - Filling up the DagBag from /home/airflow/.local/lib/python3.7/site-packages/airflow/example_dags/example_task_group.py
[2023-03-01T15:24:55.459+0000] {processor.py:753} INFO - DAG(s) dict_keys(['example_task_group']) retrieved from /home/airflow/.local/lib/python3.7/site-packages/airflow/example_dags/example_task_group.py
[2023-03-01T15:24:55.481+0000] {logging_mixin.py:137} INFO - [2023-03-01T15:24:55.481+0000] {dag.py:2690} INFO - Sync 1 DAGs
[2023-03-01T15:24:55.503+0000] {logging_mixin.py:137} INFO - [2023-03-01T15:24:55.503+0000] {dag.py:3441} INFO - Setting next_dagrun for example_task_group to 2023-02-28T15:24:55.502950+00:00, run_after=2023-03-01T15:24:55.502950+00:00
[2023-03-01T15:24:55.521+0000] {processor.py:175} INFO - Processing /home/airflow/.local/lib/python3.7/site-packages/airflow/example_dags/example_task_group.py took 0.077 seconds
[2023-03-01T15:25:26.105+0000] {processor.py:153} INFO - Started process (PID=1313) to work on /home/airflow/.local/lib/python3.7/site-packages/airflow/example_dags/example_task_group.py
[2023-03-01T15:25:26.106+0000] {processor.py:743} INFO - Processing file /home/airflow/.local/lib/python3.7/site-packages/airflow/example_dags/example_task_group.py for tasks to queue
[2023-03-01T15:25:26.106+0000] {logging_mixin.py:137} INFO - [2023-03-01T15:25:26.106+0000] {dagbag.py:538} INFO - Filling up the DagBag from /home/airflow/.local/lib/python3.7/site-packages/airflow/example_dags/example_task_group.py
[2023-03-01T15:25:26.121+0000] {processor.py:753} INFO - DAG(s) dict_keys(['example_task_group']) retrieved from /home/airflow/.local/lib/python3.7/site-packages/airflow/example_dags/example_task_group.py
[2023-03-01T15:25:26.148+0000] {logging_mixin.py:137} INFO - [2023-03-01T15:25:26.148+0000] {dag.py:2690} INFO - Sync 1 DAGs
[2023-03-01T15:25:26.180+0000] {logging_mixin.py:137} INFO - [2023-03-01T15:25:26.180+0000] {dag.py:3441} INFO - Setting next_dagrun for example_task_group to 2023-02-28T15:25:26.179857+00:00, run_after=2023-03-01T15:25:26.179857+00:00
[2023-03-01T15:25:26.208+0000] {processor.py:175} INFO - Processing /home/airflow/.local/lib/python3.7/site-packages/airflow/example_dags/example_task_group.py took 0.105 seconds
[2023-03-01T15:25:56.877+0000] {processor.py:153} INFO - Started process (PID=1392) to work on /home/airflow/.local/lib/python3.7/site-packages/airflow/example_dags/example_task_group.py
[2023-03-01T15:25:56.878+0000] {processor.py:743} INFO - Processing file /home/airflow/.local/lib/python3.7/site-packages/airflow/example_dags/example_task_group.py for tasks to queue
[2023-03-01T15:25:56.878+0000] {logging_mixin.py:137} INFO - [2023-03-01T15:25:56.878+0000] {dagbag.py:538} INFO - Filling up the DagBag from /home/airflow/.local/lib/python3.7/site-packages/airflow/example_dags/example_task_group.py
[2023-03-01T15:25:56.890+0000] {processor.py:753} INFO - DAG(s) dict_keys(['example_task_group']) retrieved from /home/airflow/.local/lib/python3.7/site-packages/airflow/example_dags/example_task_group.py
[2023-03-01T15:25:56.912+0000] {logging_mixin.py:137} INFO - [2023-03-01T15:25:56.912+0000] {dag.py:2690} INFO - Sync 1 DAGs
[2023-03-01T15:25:56.934+0000] {logging_mixin.py:137} INFO - [2023-03-01T15:25:56.934+0000] {dag.py:3441} INFO - Setting next_dagrun for example_task_group to 2023-02-28T15:25:56.934516+00:00, run_after=2023-03-01T15:25:56.934516+00:00
[2023-03-01T15:25:56.953+0000] {processor.py:175} INFO - Processing /home/airflow/.local/lib/python3.7/site-packages/airflow/example_dags/example_task_group.py took 0.077 seconds
[2023-03-01T15:26:27.528+0000] {processor.py:153} INFO - Started process (PID=1491) to work on /home/airflow/.local/lib/python3.7/site-packages/airflow/example_dags/example_task_group.py
[2023-03-01T15:26:27.529+0000] {processor.py:743} INFO - Processing file /home/airflow/.local/lib/python3.7/site-packages/airflow/example_dags/example_task_group.py for tasks to queue
[2023-03-01T15:26:27.530+0000] {logging_mixin.py:137} INFO - [2023-03-01T15:26:27.529+0000] {dagbag.py:538} INFO - Filling up the DagBag from /home/airflow/.local/lib/python3.7/site-packages/airflow/example_dags/example_task_group.py
[2023-03-01T15:26:27.541+0000] {processor.py:753} INFO - DAG(s) dict_keys(['example_task_group']) retrieved from /home/airflow/.local/lib/python3.7/site-packages/airflow/example_dags/example_task_group.py
[2023-03-01T15:26:27.565+0000] {logging_mixin.py:137} INFO - [2023-03-01T15:26:27.565+0000] {dag.py:2690} INFO - Sync 1 DAGs
[2023-03-01T15:26:27.592+0000] {logging_mixin.py:137} INFO - [2023-03-01T15:26:27.591+0000] {dag.py:3441} INFO - Setting next_dagrun for example_task_group to 2023-02-28T15:26:27.591593+00:00, run_after=2023-03-01T15:26:27.591593+00:00
[2023-03-01T15:26:27.616+0000] {processor.py:175} INFO - Processing /home/airflow/.local/lib/python3.7/site-packages/airflow/example_dags/example_task_group.py took 0.090 seconds
[2023-03-01T15:26:57.957+0000] {processor.py:153} INFO - Started process (PID=1570) to work on /home/airflow/.local/lib/python3.7/site-packages/airflow/example_dags/example_task_group.py
[2023-03-01T15:26:57.957+0000] {processor.py:743} INFO - Processing file /home/airflow/.local/lib/python3.7/site-packages/airflow/example_dags/example_task_group.py for tasks to queue
[2023-03-01T15:26:57.958+0000] {logging_mixin.py:137} INFO - [2023-03-01T15:26:57.958+0000] {dagbag.py:538} INFO - Filling up the DagBag from /home/airflow/.local/lib/python3.7/site-packages/airflow/example_dags/example_task_group.py
[2023-03-01T15:26:57.969+0000] {processor.py:753} INFO - DAG(s) dict_keys(['example_task_group']) retrieved from /home/airflow/.local/lib/python3.7/site-packages/airflow/example_dags/example_task_group.py
[2023-03-01T15:26:57.990+0000] {logging_mixin.py:137} INFO - [2023-03-01T15:26:57.990+0000] {dag.py:2690} INFO - Sync 1 DAGs
[2023-03-01T15:26:58.015+0000] {logging_mixin.py:137} INFO - [2023-03-01T15:26:58.015+0000] {dag.py:3441} INFO - Setting next_dagrun for example_task_group to 2023-02-28T15:26:58.015101+00:00, run_after=2023-03-01T15:26:58.015101+00:00
[2023-03-01T15:26:58.032+0000] {processor.py:175} INFO - Processing /home/airflow/.local/lib/python3.7/site-packages/airflow/example_dags/example_task_group.py took 0.078 seconds
[2023-03-01T15:27:28.534+0000] {processor.py:153} INFO - Started process (PID=1670) to work on /home/airflow/.local/lib/python3.7/site-packages/airflow/example_dags/example_task_group.py
[2023-03-01T15:27:28.535+0000] {processor.py:743} INFO - Processing file /home/airflow/.local/lib/python3.7/site-packages/airflow/example_dags/example_task_group.py for tasks to queue
[2023-03-01T15:27:28.535+0000] {logging_mixin.py:137} INFO - [2023-03-01T15:27:28.535+0000] {dagbag.py:538} INFO - Filling up the DagBag from /home/airflow/.local/lib/python3.7/site-packages/airflow/example_dags/example_task_group.py
[2023-03-01T15:27:28.548+0000] {processor.py:753} INFO - DAG(s) dict_keys(['example_task_group']) retrieved from /home/airflow/.local/lib/python3.7/site-packages/airflow/example_dags/example_task_group.py
[2023-03-01T15:27:28.575+0000] {logging_mixin.py:137} INFO - [2023-03-01T15:27:28.575+0000] {dag.py:2690} INFO - Sync 1 DAGs
[2023-03-01T15:27:28.602+0000] {logging_mixin.py:137} INFO - [2023-03-01T15:27:28.602+0000] {dag.py:3441} INFO - Setting next_dagrun for example_task_group to 2023-02-28T15:27:28.601862+00:00, run_after=2023-03-01T15:27:28.601862+00:00
[2023-03-01T15:27:28.621+0000] {processor.py:175} INFO - Processing /home/airflow/.local/lib/python3.7/site-packages/airflow/example_dags/example_task_group.py took 0.090 seconds
[2023-03-01T15:27:59.125+0000] {processor.py:153} INFO - Started process (PID=1748) to work on /home/airflow/.local/lib/python3.7/site-packages/airflow/example_dags/example_task_group.py
[2023-03-01T15:27:59.126+0000] {processor.py:743} INFO - Processing file /home/airflow/.local/lib/python3.7/site-packages/airflow/example_dags/example_task_group.py for tasks to queue
[2023-03-01T15:27:59.126+0000] {logging_mixin.py:137} INFO - [2023-03-01T15:27:59.126+0000] {dagbag.py:538} INFO - Filling up the DagBag from /home/airflow/.local/lib/python3.7/site-packages/airflow/example_dags/example_task_group.py
[2023-03-01T15:27:59.138+0000] {processor.py:753} INFO - DAG(s) dict_keys(['example_task_group']) retrieved from /home/airflow/.local/lib/python3.7/site-packages/airflow/example_dags/example_task_group.py
[2023-03-01T15:27:59.161+0000] {logging_mixin.py:137} INFO - [2023-03-01T15:27:59.160+0000] {dag.py:2690} INFO - Sync 1 DAGs
[2023-03-01T15:27:59.184+0000] {logging_mixin.py:137} INFO - [2023-03-01T15:27:59.184+0000] {dag.py:3441} INFO - Setting next_dagrun for example_task_group to 2023-02-28T15:27:59.184284+00:00, run_after=2023-03-01T15:27:59.184284+00:00
[2023-03-01T15:27:59.203+0000] {processor.py:175} INFO - Processing /home/airflow/.local/lib/python3.7/site-packages/airflow/example_dags/example_task_group.py took 0.080 seconds
[2023-03-01T15:28:29.738+0000] {processor.py:153} INFO - Started process (PID=1847) to work on /home/airflow/.local/lib/python3.7/site-packages/airflow/example_dags/example_task_group.py
[2023-03-01T15:28:29.738+0000] {processor.py:743} INFO - Processing file /home/airflow/.local/lib/python3.7/site-packages/airflow/example_dags/example_task_group.py for tasks to queue
[2023-03-01T15:28:29.739+0000] {logging_mixin.py:137} INFO - [2023-03-01T15:28:29.739+0000] {dagbag.py:538} INFO - Filling up the DagBag from /home/airflow/.local/lib/python3.7/site-packages/airflow/example_dags/example_task_group.py
[2023-03-01T15:28:29.753+0000] {processor.py:753} INFO - DAG(s) dict_keys(['example_task_group']) retrieved from /home/airflow/.local/lib/python3.7/site-packages/airflow/example_dags/example_task_group.py
[2023-03-01T15:28:29.779+0000] {logging_mixin.py:137} INFO - [2023-03-01T15:28:29.779+0000] {dag.py:2690} INFO - Sync 1 DAGs
[2023-03-01T15:28:29.804+0000] {logging_mixin.py:137} INFO - [2023-03-01T15:28:29.804+0000] {dag.py:3441} INFO - Setting next_dagrun for example_task_group to 2023-02-28T15:28:29.803958+00:00, run_after=2023-03-01T15:28:29.803958+00:00
[2023-03-01T15:28:29.828+0000] {processor.py:175} INFO - Processing /home/airflow/.local/lib/python3.7/site-packages/airflow/example_dags/example_task_group.py took 0.093 seconds
[2023-03-01T15:29:00.297+0000] {processor.py:153} INFO - Started process (PID=1926) to work on /home/airflow/.local/lib/python3.7/site-packages/airflow/example_dags/example_task_group.py
[2023-03-01T15:29:00.298+0000] {processor.py:743} INFO - Processing file /home/airflow/.local/lib/python3.7/site-packages/airflow/example_dags/example_task_group.py for tasks to queue
[2023-03-01T15:29:00.298+0000] {logging_mixin.py:137} INFO - [2023-03-01T15:29:00.298+0000] {dagbag.py:538} INFO - Filling up the DagBag from /home/airflow/.local/lib/python3.7/site-packages/airflow/example_dags/example_task_group.py
[2023-03-01T15:29:00.310+0000] {processor.py:753} INFO - DAG(s) dict_keys(['example_task_group']) retrieved from /home/airflow/.local/lib/python3.7/site-packages/airflow/example_dags/example_task_group.py
[2023-03-01T15:29:00.331+0000] {logging_mixin.py:137} INFO - [2023-03-01T15:29:00.331+0000] {dag.py:2690} INFO - Sync 1 DAGs
[2023-03-01T15:29:00.354+0000] {logging_mixin.py:137} INFO - [2023-03-01T15:29:00.354+0000] {dag.py:3441} INFO - Setting next_dagrun for example_task_group to 2023-02-28T15:29:00.354458+00:00, run_after=2023-03-01T15:29:00.354458+00:00
[2023-03-01T15:29:00.372+0000] {processor.py:175} INFO - Processing /home/airflow/.local/lib/python3.7/site-packages/airflow/example_dags/example_task_group.py took 0.077 seconds
[2023-03-01T15:29:30.779+0000] {processor.py:153} INFO - Started process (PID=2025) to work on /home/airflow/.local/lib/python3.7/site-packages/airflow/example_dags/example_task_group.py
[2023-03-01T15:29:30.779+0000] {processor.py:743} INFO - Processing file /home/airflow/.local/lib/python3.7/site-packages/airflow/example_dags/example_task_group.py for tasks to queue
[2023-03-01T15:29:30.780+0000] {logging_mixin.py:137} INFO - [2023-03-01T15:29:30.780+0000] {dagbag.py:538} INFO - Filling up the DagBag from /home/airflow/.local/lib/python3.7/site-packages/airflow/example_dags/example_task_group.py
[2023-03-01T15:29:30.792+0000] {processor.py:753} INFO - DAG(s) dict_keys(['example_task_group']) retrieved from /home/airflow/.local/lib/python3.7/site-packages/airflow/example_dags/example_task_group.py
[2023-03-01T15:29:30.814+0000] {logging_mixin.py:137} INFO - [2023-03-01T15:29:30.814+0000] {dag.py:2690} INFO - Sync 1 DAGs
[2023-03-01T15:29:30.836+0000] {logging_mixin.py:137} INFO - [2023-03-01T15:29:30.836+0000] {dag.py:3441} INFO - Setting next_dagrun for example_task_group to 2023-02-28T15:29:30.836656+00:00, run_after=2023-03-01T15:29:30.836656+00:00
[2023-03-01T15:29:30.854+0000] {processor.py:175} INFO - Processing /home/airflow/.local/lib/python3.7/site-packages/airflow/example_dags/example_task_group.py took 0.078 seconds
[2023-03-01T15:30:01.582+0000] {processor.py:153} INFO - Started process (PID=2104) to work on /home/airflow/.local/lib/python3.7/site-packages/airflow/example_dags/example_task_group.py
[2023-03-01T15:30:01.583+0000] {processor.py:743} INFO - Processing file /home/airflow/.local/lib/python3.7/site-packages/airflow/example_dags/example_task_group.py for tasks to queue
[2023-03-01T15:30:01.583+0000] {logging_mixin.py:137} INFO - [2023-03-01T15:30:01.583+0000] {dagbag.py:538} INFO - Filling up the DagBag from /home/airflow/.local/lib/python3.7/site-packages/airflow/example_dags/example_task_group.py
[2023-03-01T15:30:01.596+0000] {processor.py:753} INFO - DAG(s) dict_keys(['example_task_group']) retrieved from /home/airflow/.local/lib/python3.7/site-packages/airflow/example_dags/example_task_group.py
[2023-03-01T15:30:01.620+0000] {logging_mixin.py:137} INFO - [2023-03-01T15:30:01.620+0000] {dag.py:2690} INFO - Sync 1 DAGs
[2023-03-01T15:30:01.644+0000] {logging_mixin.py:137} INFO - [2023-03-01T15:30:01.643+0000] {dag.py:3441} INFO - Setting next_dagrun for example_task_group to 2023-02-28T15:30:01.643767+00:00, run_after=2023-03-01T15:30:01.643767+00:00
[2023-03-01T15:30:01.665+0000] {processor.py:175} INFO - Processing /home/airflow/.local/lib/python3.7/site-packages/airflow/example_dags/example_task_group.py took 0.085 seconds
[2023-03-01T15:30:32.325+0000] {processor.py:153} INFO - Started process (PID=2204) to work on /home/airflow/.local/lib/python3.7/site-packages/airflow/example_dags/example_task_group.py
[2023-03-01T15:30:32.326+0000] {processor.py:743} INFO - Processing file /home/airflow/.local/lib/python3.7/site-packages/airflow/example_dags/example_task_group.py for tasks to queue
[2023-03-01T15:30:32.326+0000] {logging_mixin.py:137} INFO - [2023-03-01T15:30:32.326+0000] {dagbag.py:538} INFO - Filling up the DagBag from /home/airflow/.local/lib/python3.7/site-packages/airflow/example_dags/example_task_group.py
[2023-03-01T15:30:32.339+0000] {processor.py:753} INFO - DAG(s) dict_keys(['example_task_group']) retrieved from /home/airflow/.local/lib/python3.7/site-packages/airflow/example_dags/example_task_group.py
[2023-03-01T15:30:32.360+0000] {logging_mixin.py:137} INFO - [2023-03-01T15:30:32.360+0000] {dag.py:2690} INFO - Sync 1 DAGs
[2023-03-01T15:30:32.382+0000] {logging_mixin.py:137} INFO - [2023-03-01T15:30:32.382+0000] {dag.py:3441} INFO - Setting next_dagrun for example_task_group to 2023-02-28T15:30:32.382117+00:00, run_after=2023-03-01T15:30:32.382117+00:00
[2023-03-01T15:30:32.401+0000] {processor.py:175} INFO - Processing /home/airflow/.local/lib/python3.7/site-packages/airflow/example_dags/example_task_group.py took 0.078 seconds
[2023-03-01T15:31:03.070+0000] {processor.py:153} INFO - Started process (PID=2283) to work on /home/airflow/.local/lib/python3.7/site-packages/airflow/example_dags/example_task_group.py
[2023-03-01T15:31:03.070+0000] {processor.py:743} INFO - Processing file /home/airflow/.local/lib/python3.7/site-packages/airflow/example_dags/example_task_group.py for tasks to queue
[2023-03-01T15:31:03.071+0000] {logging_mixin.py:137} INFO - [2023-03-01T15:31:03.071+0000] {dagbag.py:538} INFO - Filling up the DagBag from /home/airflow/.local/lib/python3.7/site-packages/airflow/example_dags/example_task_group.py
[2023-03-01T15:31:03.083+0000] {processor.py:753} INFO - DAG(s) dict_keys(['example_task_group']) retrieved from /home/airflow/.local/lib/python3.7/site-packages/airflow/example_dags/example_task_group.py
[2023-03-01T15:31:03.104+0000] {logging_mixin.py:137} INFO - [2023-03-01T15:31:03.104+0000] {dag.py:2690} INFO - Sync 1 DAGs
[2023-03-01T15:31:03.126+0000] {logging_mixin.py:137} INFO - [2023-03-01T15:31:03.125+0000] {dag.py:3441} INFO - Setting next_dagrun for example_task_group to 2023-02-28T15:31:03.125648+00:00, run_after=2023-03-01T15:31:03.125648+00:00
[2023-03-01T15:31:03.148+0000] {processor.py:175} INFO - Processing /home/airflow/.local/lib/python3.7/site-packages/airflow/example_dags/example_task_group.py took 0.080 seconds
[2023-03-01T15:31:33.951+0000] {processor.py:153} INFO - Started process (PID=2382) to work on /home/airflow/.local/lib/python3.7/site-packages/airflow/example_dags/example_task_group.py
[2023-03-01T15:31:33.951+0000] {processor.py:743} INFO - Processing file /home/airflow/.local/lib/python3.7/site-packages/airflow/example_dags/example_task_group.py for tasks to queue
[2023-03-01T15:31:33.952+0000] {logging_mixin.py:137} INFO - [2023-03-01T15:31:33.952+0000] {dagbag.py:538} INFO - Filling up the DagBag from /home/airflow/.local/lib/python3.7/site-packages/airflow/example_dags/example_task_group.py
[2023-03-01T15:31:33.964+0000] {processor.py:753} INFO - DAG(s) dict_keys(['example_task_group']) retrieved from /home/airflow/.local/lib/python3.7/site-packages/airflow/example_dags/example_task_group.py
[2023-03-01T15:31:33.985+0000] {logging_mixin.py:137} INFO - [2023-03-01T15:31:33.985+0000] {dag.py:2690} INFO - Sync 1 DAGs
[2023-03-01T15:31:34.008+0000] {logging_mixin.py:137} INFO - [2023-03-01T15:31:34.008+0000] {dag.py:3441} INFO - Setting next_dagrun for example_task_group to 2023-02-28T15:31:34.008303+00:00, run_after=2023-03-01T15:31:34.008303+00:00
[2023-03-01T15:31:34.025+0000] {processor.py:175} INFO - Processing /home/airflow/.local/lib/python3.7/site-packages/airflow/example_dags/example_task_group.py took 0.077 seconds
[2023-03-01T15:32:04.472+0000] {processor.py:153} INFO - Started process (PID=2461) to work on /home/airflow/.local/lib/python3.7/site-packages/airflow/example_dags/example_task_group.py
[2023-03-01T15:32:04.473+0000] {processor.py:743} INFO - Processing file /home/airflow/.local/lib/python3.7/site-packages/airflow/example_dags/example_task_group.py for tasks to queue
[2023-03-01T15:32:04.473+0000] {logging_mixin.py:137} INFO - [2023-03-01T15:32:04.473+0000] {dagbag.py:538} INFO - Filling up the DagBag from /home/airflow/.local/lib/python3.7/site-packages/airflow/example_dags/example_task_group.py
[2023-03-01T15:32:04.485+0000] {processor.py:753} INFO - DAG(s) dict_keys(['example_task_group']) retrieved from /home/airflow/.local/lib/python3.7/site-packages/airflow/example_dags/example_task_group.py
[2023-03-01T15:32:04.507+0000] {logging_mixin.py:137} INFO - [2023-03-01T15:32:04.507+0000] {dag.py:2690} INFO - Sync 1 DAGs
[2023-03-01T15:32:04.530+0000] {logging_mixin.py:137} INFO - [2023-03-01T15:32:04.530+0000] {dag.py:3441} INFO - Setting next_dagrun for example_task_group to 2023-02-28T15:32:04.530063+00:00, run_after=2023-03-01T15:32:04.530063+00:00
[2023-03-01T15:32:04.549+0000] {processor.py:175} INFO - Processing /home/airflow/.local/lib/python3.7/site-packages/airflow/example_dags/example_task_group.py took 0.080 seconds
[2023-03-01T15:32:35.196+0000] {processor.py:153} INFO - Started process (PID=2560) to work on /home/airflow/.local/lib/python3.7/site-packages/airflow/example_dags/example_task_group.py
[2023-03-01T15:32:35.196+0000] {processor.py:743} INFO - Processing file /home/airflow/.local/lib/python3.7/site-packages/airflow/example_dags/example_task_group.py for tasks to queue
[2023-03-01T15:32:35.197+0000] {logging_mixin.py:137} INFO - [2023-03-01T15:32:35.197+0000] {dagbag.py:538} INFO - Filling up the DagBag from /home/airflow/.local/lib/python3.7/site-packages/airflow/example_dags/example_task_group.py
[2023-03-01T15:32:35.208+0000] {processor.py:753} INFO - DAG(s) dict_keys(['example_task_group']) retrieved from /home/airflow/.local/lib/python3.7/site-packages/airflow/example_dags/example_task_group.py
[2023-03-01T15:32:35.234+0000] {logging_mixin.py:137} INFO - [2023-03-01T15:32:35.234+0000] {dag.py:2690} INFO - Sync 1 DAGs
[2023-03-01T15:32:35.267+0000] {logging_mixin.py:137} INFO - [2023-03-01T15:32:35.267+0000] {dag.py:3441} INFO - Setting next_dagrun for example_task_group to 2023-02-28T15:32:35.267101+00:00, run_after=2023-03-01T15:32:35.267101+00:00
[2023-03-01T15:32:35.287+0000] {processor.py:175} INFO - Processing /home/airflow/.local/lib/python3.7/site-packages/airflow/example_dags/example_task_group.py took 0.094 seconds
[2023-03-01T15:33:05.740+0000] {processor.py:153} INFO - Started process (PID=2639) to work on /home/airflow/.local/lib/python3.7/site-packages/airflow/example_dags/example_task_group.py
[2023-03-01T15:33:05.740+0000] {processor.py:743} INFO - Processing file /home/airflow/.local/lib/python3.7/site-packages/airflow/example_dags/example_task_group.py for tasks to queue
[2023-03-01T15:33:05.741+0000] {logging_mixin.py:137} INFO - [2023-03-01T15:33:05.741+0000] {dagbag.py:538} INFO - Filling up the DagBag from /home/airflow/.local/lib/python3.7/site-packages/airflow/example_dags/example_task_group.py
[2023-03-01T15:33:05.755+0000] {processor.py:753} INFO - DAG(s) dict_keys(['example_task_group']) retrieved from /home/airflow/.local/lib/python3.7/site-packages/airflow/example_dags/example_task_group.py
[2023-03-01T15:33:05.776+0000] {logging_mixin.py:137} INFO - [2023-03-01T15:33:05.776+0000] {dag.py:2690} INFO - Sync 1 DAGs
[2023-03-01T15:33:05.803+0000] {logging_mixin.py:137} INFO - [2023-03-01T15:33:05.802+0000] {dag.py:3441} INFO - Setting next_dagrun for example_task_group to 2023-02-28T15:33:05.802779+00:00, run_after=2023-03-01T15:33:05.802779+00:00
[2023-03-01T15:33:05.820+0000] {processor.py:175} INFO - Processing /home/airflow/.local/lib/python3.7/site-packages/airflow/example_dags/example_task_group.py took 0.083 seconds
[2023-03-01T15:33:36.489+0000] {processor.py:153} INFO - Started process (PID=2738) to work on /home/airflow/.local/lib/python3.7/site-packages/airflow/example_dags/example_task_group.py
[2023-03-01T15:33:36.489+0000] {processor.py:743} INFO - Processing file /home/airflow/.local/lib/python3.7/site-packages/airflow/example_dags/example_task_group.py for tasks to queue
[2023-03-01T15:33:36.490+0000] {logging_mixin.py:137} INFO - [2023-03-01T15:33:36.489+0000] {dagbag.py:538} INFO - Filling up the DagBag from /home/airflow/.local/lib/python3.7/site-packages/airflow/example_dags/example_task_group.py
[2023-03-01T15:33:36.502+0000] {processor.py:753} INFO - DAG(s) dict_keys(['example_task_group']) retrieved from /home/airflow/.local/lib/python3.7/site-packages/airflow/example_dags/example_task_group.py
[2023-03-01T15:33:36.525+0000] {logging_mixin.py:137} INFO - [2023-03-01T15:33:36.524+0000] {dag.py:2690} INFO - Sync 1 DAGs
[2023-03-01T15:33:36.548+0000] {logging_mixin.py:137} INFO - [2023-03-01T15:33:36.548+0000] {dag.py:3441} INFO - Setting next_dagrun for example_task_group to 2023-02-28T15:33:36.548298+00:00, run_after=2023-03-01T15:33:36.548298+00:00
[2023-03-01T15:33:36.567+0000] {processor.py:175} INFO - Processing /home/airflow/.local/lib/python3.7/site-packages/airflow/example_dags/example_task_group.py took 0.081 seconds
[2023-03-01T15:34:06.943+0000] {processor.py:153} INFO - Started process (PID=2825) to work on /home/airflow/.local/lib/python3.7/site-packages/airflow/example_dags/example_task_group.py
[2023-03-01T15:34:06.943+0000] {processor.py:743} INFO - Processing file /home/airflow/.local/lib/python3.7/site-packages/airflow/example_dags/example_task_group.py for tasks to queue
[2023-03-01T15:34:06.944+0000] {logging_mixin.py:137} INFO - [2023-03-01T15:34:06.944+0000] {dagbag.py:538} INFO - Filling up the DagBag from /home/airflow/.local/lib/python3.7/site-packages/airflow/example_dags/example_task_group.py
[2023-03-01T15:34:06.957+0000] {processor.py:753} INFO - DAG(s) dict_keys(['example_task_group']) retrieved from /home/airflow/.local/lib/python3.7/site-packages/airflow/example_dags/example_task_group.py
[2023-03-01T15:34:06.982+0000] {logging_mixin.py:137} INFO - [2023-03-01T15:34:06.982+0000] {dag.py:2690} INFO - Sync 1 DAGs
[2023-03-01T15:34:07.006+0000] {logging_mixin.py:137} INFO - [2023-03-01T15:34:07.005+0000] {dag.py:3441} INFO - Setting next_dagrun for example_task_group to 2023-02-28T15:34:07.005616+00:00, run_after=2023-03-01T15:34:07.005616+00:00
[2023-03-01T15:34:07.026+0000] {processor.py:175} INFO - Processing /home/airflow/.local/lib/python3.7/site-packages/airflow/example_dags/example_task_group.py took 0.086 seconds
[2023-03-01T15:34:37.827+0000] {processor.py:153} INFO - Started process (PID=2916) to work on /home/airflow/.local/lib/python3.7/site-packages/airflow/example_dags/example_task_group.py
[2023-03-01T15:34:37.828+0000] {processor.py:743} INFO - Processing file /home/airflow/.local/lib/python3.7/site-packages/airflow/example_dags/example_task_group.py for tasks to queue
[2023-03-01T15:34:37.828+0000] {logging_mixin.py:137} INFO - [2023-03-01T15:34:37.828+0000] {dagbag.py:538} INFO - Filling up the DagBag from /home/airflow/.local/lib/python3.7/site-packages/airflow/example_dags/example_task_group.py
[2023-03-01T15:34:37.841+0000] {processor.py:753} INFO - DAG(s) dict_keys(['example_task_group']) retrieved from /home/airflow/.local/lib/python3.7/site-packages/airflow/example_dags/example_task_group.py
[2023-03-01T15:34:37.862+0000] {logging_mixin.py:137} INFO - [2023-03-01T15:34:37.862+0000] {dag.py:2690} INFO - Sync 1 DAGs
[2023-03-01T15:34:37.885+0000] {logging_mixin.py:137} INFO - [2023-03-01T15:34:37.885+0000] {dag.py:3441} INFO - Setting next_dagrun for example_task_group to 2023-02-28T15:34:37.884954+00:00, run_after=2023-03-01T15:34:37.884954+00:00
[2023-03-01T15:34:37.903+0000] {processor.py:175} INFO - Processing /home/airflow/.local/lib/python3.7/site-packages/airflow/example_dags/example_task_group.py took 0.079 seconds
[2023-03-01T15:35:08.464+0000] {processor.py:153} INFO - Started process (PID=3015) to work on /home/airflow/.local/lib/python3.7/site-packages/airflow/example_dags/example_task_group.py
[2023-03-01T15:35:08.465+0000] {processor.py:743} INFO - Processing file /home/airflow/.local/lib/python3.7/site-packages/airflow/example_dags/example_task_group.py for tasks to queue
[2023-03-01T15:35:08.466+0000] {logging_mixin.py:137} INFO - [2023-03-01T15:35:08.465+0000] {dagbag.py:538} INFO - Filling up the DagBag from /home/airflow/.local/lib/python3.7/site-packages/airflow/example_dags/example_task_group.py
[2023-03-01T15:35:08.483+0000] {processor.py:753} INFO - DAG(s) dict_keys(['example_task_group']) retrieved from /home/airflow/.local/lib/python3.7/site-packages/airflow/example_dags/example_task_group.py
[2023-03-01T15:35:08.512+0000] {logging_mixin.py:137} INFO - [2023-03-01T15:35:08.512+0000] {dag.py:2690} INFO - Sync 1 DAGs
[2023-03-01T15:35:08.545+0000] {logging_mixin.py:137} INFO - [2023-03-01T15:35:08.545+0000] {dag.py:3441} INFO - Setting next_dagrun for example_task_group to 2023-02-28T15:35:08.544874+00:00, run_after=2023-03-01T15:35:08.544874+00:00
[2023-03-01T15:35:08.567+0000] {processor.py:175} INFO - Processing /home/airflow/.local/lib/python3.7/site-packages/airflow/example_dags/example_task_group.py took 0.105 seconds
[2023-03-01T15:35:38.937+0000] {processor.py:153} INFO - Started process (PID=3094) to work on /home/airflow/.local/lib/python3.7/site-packages/airflow/example_dags/example_task_group.py
[2023-03-01T15:35:38.938+0000] {processor.py:743} INFO - Processing file /home/airflow/.local/lib/python3.7/site-packages/airflow/example_dags/example_task_group.py for tasks to queue
[2023-03-01T15:35:38.938+0000] {logging_mixin.py:137} INFO - [2023-03-01T15:35:38.938+0000] {dagbag.py:538} INFO - Filling up the DagBag from /home/airflow/.local/lib/python3.7/site-packages/airflow/example_dags/example_task_group.py
[2023-03-01T15:35:38.950+0000] {processor.py:753} INFO - DAG(s) dict_keys(['example_task_group']) retrieved from /home/airflow/.local/lib/python3.7/site-packages/airflow/example_dags/example_task_group.py
[2023-03-01T15:35:38.972+0000] {logging_mixin.py:137} INFO - [2023-03-01T15:35:38.972+0000] {dag.py:2690} INFO - Sync 1 DAGs
[2023-03-01T15:35:38.995+0000] {logging_mixin.py:137} INFO - [2023-03-01T15:35:38.994+0000] {dag.py:3441} INFO - Setting next_dagrun for example_task_group to 2023-02-28T15:35:38.994814+00:00, run_after=2023-03-01T15:35:38.994814+00:00
[2023-03-01T15:35:39.012+0000] {processor.py:175} INFO - Processing /home/airflow/.local/lib/python3.7/site-packages/airflow/example_dags/example_task_group.py took 0.078 seconds
[2023-03-01T15:36:09.392+0000] {processor.py:153} INFO - Started process (PID=3193) to work on /home/airflow/.local/lib/python3.7/site-packages/airflow/example_dags/example_task_group.py
[2023-03-01T15:36:09.393+0000] {processor.py:743} INFO - Processing file /home/airflow/.local/lib/python3.7/site-packages/airflow/example_dags/example_task_group.py for tasks to queue
[2023-03-01T15:36:09.394+0000] {logging_mixin.py:137} INFO - [2023-03-01T15:36:09.394+0000] {dagbag.py:538} INFO - Filling up the DagBag from /home/airflow/.local/lib/python3.7/site-packages/airflow/example_dags/example_task_group.py
[2023-03-01T15:36:09.406+0000] {processor.py:753} INFO - DAG(s) dict_keys(['example_task_group']) retrieved from /home/airflow/.local/lib/python3.7/site-packages/airflow/example_dags/example_task_group.py
[2023-03-01T15:36:09.430+0000] {logging_mixin.py:137} INFO - [2023-03-01T15:36:09.429+0000] {dag.py:2690} INFO - Sync 1 DAGs
[2023-03-01T15:36:09.455+0000] {logging_mixin.py:137} INFO - [2023-03-01T15:36:09.455+0000] {dag.py:3441} INFO - Setting next_dagrun for example_task_group to 2023-02-28T15:36:09.455186+00:00, run_after=2023-03-01T15:36:09.455186+00:00
[2023-03-01T15:36:09.478+0000] {processor.py:175} INFO - Processing /home/airflow/.local/lib/python3.7/site-packages/airflow/example_dags/example_task_group.py took 0.088 seconds
[2023-03-01T15:36:40.083+0000] {processor.py:153} INFO - Started process (PID=3272) to work on /home/airflow/.local/lib/python3.7/site-packages/airflow/example_dags/example_task_group.py
[2023-03-01T15:36:40.084+0000] {processor.py:743} INFO - Processing file /home/airflow/.local/lib/python3.7/site-packages/airflow/example_dags/example_task_group.py for tasks to queue
[2023-03-01T15:36:40.084+0000] {logging_mixin.py:137} INFO - [2023-03-01T15:36:40.084+0000] {dagbag.py:538} INFO - Filling up the DagBag from /home/airflow/.local/lib/python3.7/site-packages/airflow/example_dags/example_task_group.py
[2023-03-01T15:36:40.097+0000] {processor.py:753} INFO - DAG(s) dict_keys(['example_task_group']) retrieved from /home/airflow/.local/lib/python3.7/site-packages/airflow/example_dags/example_task_group.py
[2023-03-01T15:36:40.122+0000] {logging_mixin.py:137} INFO - [2023-03-01T15:36:40.122+0000] {dag.py:2690} INFO - Sync 1 DAGs
[2023-03-01T15:36:40.147+0000] {logging_mixin.py:137} INFO - [2023-03-01T15:36:40.147+0000] {dag.py:3441} INFO - Setting next_dagrun for example_task_group to 2023-02-28T15:36:40.147078+00:00, run_after=2023-03-01T15:36:40.147078+00:00
[2023-03-01T15:36:40.168+0000] {processor.py:175} INFO - Processing /home/airflow/.local/lib/python3.7/site-packages/airflow/example_dags/example_task_group.py took 0.088 seconds
[2023-03-01T15:37:10.554+0000] {processor.py:153} INFO - Started process (PID=3371) to work on /home/airflow/.local/lib/python3.7/site-packages/airflow/example_dags/example_task_group.py
[2023-03-01T15:37:10.555+0000] {processor.py:743} INFO - Processing file /home/airflow/.local/lib/python3.7/site-packages/airflow/example_dags/example_task_group.py for tasks to queue
[2023-03-01T15:37:10.556+0000] {logging_mixin.py:137} INFO - [2023-03-01T15:37:10.555+0000] {dagbag.py:538} INFO - Filling up the DagBag from /home/airflow/.local/lib/python3.7/site-packages/airflow/example_dags/example_task_group.py
[2023-03-01T15:37:10.570+0000] {processor.py:753} INFO - DAG(s) dict_keys(['example_task_group']) retrieved from /home/airflow/.local/lib/python3.7/site-packages/airflow/example_dags/example_task_group.py
[2023-03-01T15:37:10.596+0000] {logging_mixin.py:137} INFO - [2023-03-01T15:37:10.596+0000] {dag.py:2690} INFO - Sync 1 DAGs
[2023-03-01T15:37:10.622+0000] {logging_mixin.py:137} INFO - [2023-03-01T15:37:10.622+0000] {dag.py:3441} INFO - Setting next_dagrun for example_task_group to 2023-02-28T15:37:10.621892+00:00, run_after=2023-03-01T15:37:10.621892+00:00
[2023-03-01T15:37:10.643+0000] {processor.py:175} INFO - Processing /home/airflow/.local/lib/python3.7/site-packages/airflow/example_dags/example_task_group.py took 0.091 seconds
[2023-03-01T15:37:41.409+0000] {processor.py:153} INFO - Started process (PID=3450) to work on /home/airflow/.local/lib/python3.7/site-packages/airflow/example_dags/example_task_group.py
[2023-03-01T15:37:41.410+0000] {processor.py:743} INFO - Processing file /home/airflow/.local/lib/python3.7/site-packages/airflow/example_dags/example_task_group.py for tasks to queue
[2023-03-01T15:37:41.411+0000] {logging_mixin.py:137} INFO - [2023-03-01T15:37:41.411+0000] {dagbag.py:538} INFO - Filling up the DagBag from /home/airflow/.local/lib/python3.7/site-packages/airflow/example_dags/example_task_group.py
[2023-03-01T15:37:41.423+0000] {processor.py:753} INFO - DAG(s) dict_keys(['example_task_group']) retrieved from /home/airflow/.local/lib/python3.7/site-packages/airflow/example_dags/example_task_group.py
[2023-03-01T15:37:41.445+0000] {logging_mixin.py:137} INFO - [2023-03-01T15:37:41.445+0000] {dag.py:2690} INFO - Sync 1 DAGs
[2023-03-01T15:37:41.469+0000] {logging_mixin.py:137} INFO - [2023-03-01T15:37:41.469+0000] {dag.py:3441} INFO - Setting next_dagrun for example_task_group to 2023-02-28T15:37:41.468885+00:00, run_after=2023-03-01T15:37:41.468885+00:00
[2023-03-01T15:37:41.486+0000] {processor.py:175} INFO - Processing /home/airflow/.local/lib/python3.7/site-packages/airflow/example_dags/example_task_group.py took 0.079 seconds
[2023-03-01T15:38:12.008+0000] {processor.py:153} INFO - Started process (PID=3549) to work on /home/airflow/.local/lib/python3.7/site-packages/airflow/example_dags/example_task_group.py
[2023-03-01T15:38:12.009+0000] {processor.py:743} INFO - Processing file /home/airflow/.local/lib/python3.7/site-packages/airflow/example_dags/example_task_group.py for tasks to queue
[2023-03-01T15:38:12.009+0000] {logging_mixin.py:137} INFO - [2023-03-01T15:38:12.009+0000] {dagbag.py:538} INFO - Filling up the DagBag from /home/airflow/.local/lib/python3.7/site-packages/airflow/example_dags/example_task_group.py
[2023-03-01T15:38:12.021+0000] {processor.py:753} INFO - DAG(s) dict_keys(['example_task_group']) retrieved from /home/airflow/.local/lib/python3.7/site-packages/airflow/example_dags/example_task_group.py
[2023-03-01T15:38:12.044+0000] {logging_mixin.py:137} INFO - [2023-03-01T15:38:12.044+0000] {dag.py:2690} INFO - Sync 1 DAGs
[2023-03-01T15:38:12.068+0000] {logging_mixin.py:137} INFO - [2023-03-01T15:38:12.068+0000] {dag.py:3441} INFO - Setting next_dagrun for example_task_group to 2023-02-28T15:38:12.068421+00:00, run_after=2023-03-01T15:38:12.068421+00:00
[2023-03-01T15:38:12.088+0000] {processor.py:175} INFO - Processing /home/airflow/.local/lib/python3.7/site-packages/airflow/example_dags/example_task_group.py took 0.082 seconds
[2023-03-01T15:38:42.694+0000] {processor.py:153} INFO - Started process (PID=3628) to work on /home/airflow/.local/lib/python3.7/site-packages/airflow/example_dags/example_task_group.py
[2023-03-01T15:38:42.695+0000] {processor.py:743} INFO - Processing file /home/airflow/.local/lib/python3.7/site-packages/airflow/example_dags/example_task_group.py for tasks to queue
[2023-03-01T15:38:42.695+0000] {logging_mixin.py:137} INFO - [2023-03-01T15:38:42.695+0000] {dagbag.py:538} INFO - Filling up the DagBag from /home/airflow/.local/lib/python3.7/site-packages/airflow/example_dags/example_task_group.py
[2023-03-01T15:38:42.707+0000] {processor.py:753} INFO - DAG(s) dict_keys(['example_task_group']) retrieved from /home/airflow/.local/lib/python3.7/site-packages/airflow/example_dags/example_task_group.py
[2023-03-01T15:38:42.729+0000] {logging_mixin.py:137} INFO - [2023-03-01T15:38:42.728+0000] {dag.py:2690} INFO - Sync 1 DAGs
[2023-03-01T15:38:42.750+0000] {logging_mixin.py:137} INFO - [2023-03-01T15:38:42.750+0000] {dag.py:3441} INFO - Setting next_dagrun for example_task_group to 2023-02-28T15:38:42.750414+00:00, run_after=2023-03-01T15:38:42.750414+00:00
[2023-03-01T15:38:42.768+0000] {processor.py:175} INFO - Processing /home/airflow/.local/lib/python3.7/site-packages/airflow/example_dags/example_task_group.py took 0.076 seconds
[2023-03-01T15:39:13.233+0000] {processor.py:153} INFO - Started process (PID=3728) to work on /home/airflow/.local/lib/python3.7/site-packages/airflow/example_dags/example_task_group.py
[2023-03-01T15:39:13.233+0000] {processor.py:743} INFO - Processing file /home/airflow/.local/lib/python3.7/site-packages/airflow/example_dags/example_task_group.py for tasks to queue
[2023-03-01T15:39:13.234+0000] {logging_mixin.py:137} INFO - [2023-03-01T15:39:13.234+0000] {dagbag.py:538} INFO - Filling up the DagBag from /home/airflow/.local/lib/python3.7/site-packages/airflow/example_dags/example_task_group.py
[2023-03-01T15:39:13.245+0000] {processor.py:753} INFO - DAG(s) dict_keys(['example_task_group']) retrieved from /home/airflow/.local/lib/python3.7/site-packages/airflow/example_dags/example_task_group.py
[2023-03-01T15:39:13.268+0000] {logging_mixin.py:137} INFO - [2023-03-01T15:39:13.268+0000] {dag.py:2690} INFO - Sync 1 DAGs
[2023-03-01T15:39:13.291+0000] {logging_mixin.py:137} INFO - [2023-03-01T15:39:13.290+0000] {dag.py:3441} INFO - Setting next_dagrun for example_task_group to 2023-02-28T15:39:13.290634+00:00, run_after=2023-03-01T15:39:13.290634+00:00
[2023-03-01T15:39:13.310+0000] {processor.py:175} INFO - Processing /home/airflow/.local/lib/python3.7/site-packages/airflow/example_dags/example_task_group.py took 0.080 seconds
[2023-03-01T15:39:43.440+0000] {processor.py:153} INFO - Started process (PID=3807) to work on /home/airflow/.local/lib/python3.7/site-packages/airflow/example_dags/example_task_group.py
[2023-03-01T15:39:43.441+0000] {processor.py:743} INFO - Processing file /home/airflow/.local/lib/python3.7/site-packages/airflow/example_dags/example_task_group.py for tasks to queue
[2023-03-01T15:39:43.441+0000] {logging_mixin.py:137} INFO - [2023-03-01T15:39:43.441+0000] {dagbag.py:538} INFO - Filling up the DagBag from /home/airflow/.local/lib/python3.7/site-packages/airflow/example_dags/example_task_group.py
[2023-03-01T15:39:43.453+0000] {processor.py:753} INFO - DAG(s) dict_keys(['example_task_group']) retrieved from /home/airflow/.local/lib/python3.7/site-packages/airflow/example_dags/example_task_group.py
[2023-03-01T15:39:43.474+0000] {logging_mixin.py:137} INFO - [2023-03-01T15:39:43.474+0000] {dag.py:2690} INFO - Sync 1 DAGs
[2023-03-01T15:39:43.498+0000] {logging_mixin.py:137} INFO - [2023-03-01T15:39:43.498+0000] {dag.py:3441} INFO - Setting next_dagrun for example_task_group to 2023-02-28T15:39:43.498613+00:00, run_after=2023-03-01T15:39:43.498613+00:00
[2023-03-01T15:39:43.519+0000] {processor.py:175} INFO - Processing /home/airflow/.local/lib/python3.7/site-packages/airflow/example_dags/example_task_group.py took 0.081 seconds
[2023-03-01T15:40:14.288+0000] {processor.py:153} INFO - Started process (PID=3906) to work on /home/airflow/.local/lib/python3.7/site-packages/airflow/example_dags/example_task_group.py
[2023-03-01T15:40:14.288+0000] {processor.py:743} INFO - Processing file /home/airflow/.local/lib/python3.7/site-packages/airflow/example_dags/example_task_group.py for tasks to queue
[2023-03-01T15:40:14.289+0000] {logging_mixin.py:137} INFO - [2023-03-01T15:40:14.289+0000] {dagbag.py:538} INFO - Filling up the DagBag from /home/airflow/.local/lib/python3.7/site-packages/airflow/example_dags/example_task_group.py
[2023-03-01T15:40:14.300+0000] {processor.py:753} INFO - DAG(s) dict_keys(['example_task_group']) retrieved from /home/airflow/.local/lib/python3.7/site-packages/airflow/example_dags/example_task_group.py
[2023-03-01T15:40:14.322+0000] {logging_mixin.py:137} INFO - [2023-03-01T15:40:14.321+0000] {dag.py:2690} INFO - Sync 1 DAGs
[2023-03-01T15:40:14.344+0000] {logging_mixin.py:137} INFO - [2023-03-01T15:40:14.344+0000] {dag.py:3441} INFO - Setting next_dagrun for example_task_group to 2023-02-28T15:40:14.344409+00:00, run_after=2023-03-01T15:40:14.344409+00:00
[2023-03-01T15:40:14.363+0000] {processor.py:175} INFO - Processing /home/airflow/.local/lib/python3.7/site-packages/airflow/example_dags/example_task_group.py took 0.077 seconds
[2023-03-01T15:40:44.817+0000] {processor.py:153} INFO - Started process (PID=3985) to work on /home/airflow/.local/lib/python3.7/site-packages/airflow/example_dags/example_task_group.py
[2023-03-01T15:40:44.818+0000] {processor.py:743} INFO - Processing file /home/airflow/.local/lib/python3.7/site-packages/airflow/example_dags/example_task_group.py for tasks to queue
[2023-03-01T15:40:44.818+0000] {logging_mixin.py:137} INFO - [2023-03-01T15:40:44.818+0000] {dagbag.py:538} INFO - Filling up the DagBag from /home/airflow/.local/lib/python3.7/site-packages/airflow/example_dags/example_task_group.py
[2023-03-01T15:40:44.831+0000] {processor.py:753} INFO - DAG(s) dict_keys(['example_task_group']) retrieved from /home/airflow/.local/lib/python3.7/site-packages/airflow/example_dags/example_task_group.py
[2023-03-01T15:40:44.854+0000] {logging_mixin.py:137} INFO - [2023-03-01T15:40:44.854+0000] {dag.py:2690} INFO - Sync 1 DAGs
[2023-03-01T15:40:44.877+0000] {logging_mixin.py:137} INFO - [2023-03-01T15:40:44.877+0000] {dag.py:3441} INFO - Setting next_dagrun for example_task_group to 2023-02-28T15:40:44.877438+00:00, run_after=2023-03-01T15:40:44.877438+00:00
[2023-03-01T15:40:44.896+0000] {processor.py:175} INFO - Processing /home/airflow/.local/lib/python3.7/site-packages/airflow/example_dags/example_task_group.py took 0.082 seconds
[2023-03-01T15:41:15.593+0000] {processor.py:153} INFO - Started process (PID=4084) to work on /home/airflow/.local/lib/python3.7/site-packages/airflow/example_dags/example_task_group.py
[2023-03-01T15:41:15.594+0000] {processor.py:743} INFO - Processing file /home/airflow/.local/lib/python3.7/site-packages/airflow/example_dags/example_task_group.py for tasks to queue
[2023-03-01T15:41:15.594+0000] {logging_mixin.py:137} INFO - [2023-03-01T15:41:15.594+0000] {dagbag.py:538} INFO - Filling up the DagBag from /home/airflow/.local/lib/python3.7/site-packages/airflow/example_dags/example_task_group.py
[2023-03-01T15:41:15.607+0000] {processor.py:753} INFO - DAG(s) dict_keys(['example_task_group']) retrieved from /home/airflow/.local/lib/python3.7/site-packages/airflow/example_dags/example_task_group.py
[2023-03-01T15:41:15.628+0000] {logging_mixin.py:137} INFO - [2023-03-01T15:41:15.628+0000] {dag.py:2690} INFO - Sync 1 DAGs
[2023-03-01T15:41:15.649+0000] {logging_mixin.py:137} INFO - [2023-03-01T15:41:15.649+0000] {dag.py:3441} INFO - Setting next_dagrun for example_task_group to 2023-02-28T15:41:15.649424+00:00, run_after=2023-03-01T15:41:15.649424+00:00
[2023-03-01T15:41:15.666+0000] {processor.py:175} INFO - Processing /home/airflow/.local/lib/python3.7/site-packages/airflow/example_dags/example_task_group.py took 0.075 seconds
[2023-03-01T15:41:46.283+0000] {processor.py:153} INFO - Started process (PID=4163) to work on /home/airflow/.local/lib/python3.7/site-packages/airflow/example_dags/example_task_group.py
[2023-03-01T15:41:46.283+0000] {processor.py:743} INFO - Processing file /home/airflow/.local/lib/python3.7/site-packages/airflow/example_dags/example_task_group.py for tasks to queue
[2023-03-01T15:41:46.284+0000] {logging_mixin.py:137} INFO - [2023-03-01T15:41:46.283+0000] {dagbag.py:538} INFO - Filling up the DagBag from /home/airflow/.local/lib/python3.7/site-packages/airflow/example_dags/example_task_group.py
[2023-03-01T15:41:46.296+0000] {processor.py:753} INFO - DAG(s) dict_keys(['example_task_group']) retrieved from /home/airflow/.local/lib/python3.7/site-packages/airflow/example_dags/example_task_group.py
[2023-03-01T15:41:46.316+0000] {logging_mixin.py:137} INFO - [2023-03-01T15:41:46.316+0000] {dag.py:2690} INFO - Sync 1 DAGs
[2023-03-01T15:41:46.339+0000] {logging_mixin.py:137} INFO - [2023-03-01T15:41:46.339+0000] {dag.py:3441} INFO - Setting next_dagrun for example_task_group to 2023-02-28T15:41:46.339272+00:00, run_after=2023-03-01T15:41:46.339272+00:00
[2023-03-01T15:41:46.358+0000] {processor.py:175} INFO - Processing /home/airflow/.local/lib/python3.7/site-packages/airflow/example_dags/example_task_group.py took 0.078 seconds
[2023-03-01T15:42:16.870+0000] {processor.py:153} INFO - Started process (PID=4262) to work on /home/airflow/.local/lib/python3.7/site-packages/airflow/example_dags/example_task_group.py
[2023-03-01T15:42:16.870+0000] {processor.py:743} INFO - Processing file /home/airflow/.local/lib/python3.7/site-packages/airflow/example_dags/example_task_group.py for tasks to queue
[2023-03-01T15:42:16.871+0000] {logging_mixin.py:137} INFO - [2023-03-01T15:42:16.871+0000] {dagbag.py:538} INFO - Filling up the DagBag from /home/airflow/.local/lib/python3.7/site-packages/airflow/example_dags/example_task_group.py
[2023-03-01T15:42:16.883+0000] {processor.py:753} INFO - DAG(s) dict_keys(['example_task_group']) retrieved from /home/airflow/.local/lib/python3.7/site-packages/airflow/example_dags/example_task_group.py
[2023-03-01T15:42:16.906+0000] {logging_mixin.py:137} INFO - [2023-03-01T15:42:16.906+0000] {dag.py:2690} INFO - Sync 1 DAGs
[2023-03-01T15:42:16.930+0000] {logging_mixin.py:137} INFO - [2023-03-01T15:42:16.930+0000] {dag.py:3441} INFO - Setting next_dagrun for example_task_group to 2023-02-28T15:42:16.930402+00:00, run_after=2023-03-01T15:42:16.930402+00:00
[2023-03-01T15:42:16.948+0000] {processor.py:175} INFO - Processing /home/airflow/.local/lib/python3.7/site-packages/airflow/example_dags/example_task_group.py took 0.081 seconds
[2023-03-01T15:42:47.617+0000] {processor.py:153} INFO - Started process (PID=4341) to work on /home/airflow/.local/lib/python3.7/site-packages/airflow/example_dags/example_task_group.py
[2023-03-01T15:42:47.617+0000] {processor.py:743} INFO - Processing file /home/airflow/.local/lib/python3.7/site-packages/airflow/example_dags/example_task_group.py for tasks to queue
[2023-03-01T15:42:47.618+0000] {logging_mixin.py:137} INFO - [2023-03-01T15:42:47.618+0000] {dagbag.py:538} INFO - Filling up the DagBag from /home/airflow/.local/lib/python3.7/site-packages/airflow/example_dags/example_task_group.py
[2023-03-01T15:42:47.629+0000] {processor.py:753} INFO - DAG(s) dict_keys(['example_task_group']) retrieved from /home/airflow/.local/lib/python3.7/site-packages/airflow/example_dags/example_task_group.py
[2023-03-01T15:42:47.655+0000] {logging_mixin.py:137} INFO - [2023-03-01T15:42:47.655+0000] {dag.py:2690} INFO - Sync 1 DAGs
[2023-03-01T15:42:47.678+0000] {logging_mixin.py:137} INFO - [2023-03-01T15:42:47.677+0000] {dag.py:3441} INFO - Setting next_dagrun for example_task_group to 2023-02-28T15:42:47.677676+00:00, run_after=2023-03-01T15:42:47.677676+00:00
[2023-03-01T15:42:47.695+0000] {processor.py:175} INFO - Processing /home/airflow/.local/lib/python3.7/site-packages/airflow/example_dags/example_task_group.py took 0.080 seconds
[2023-03-01T15:43:18.227+0000] {processor.py:153} INFO - Started process (PID=4440) to work on /home/airflow/.local/lib/python3.7/site-packages/airflow/example_dags/example_task_group.py
[2023-03-01T15:43:18.228+0000] {processor.py:743} INFO - Processing file /home/airflow/.local/lib/python3.7/site-packages/airflow/example_dags/example_task_group.py for tasks to queue
[2023-03-01T15:43:18.228+0000] {logging_mixin.py:137} INFO - [2023-03-01T15:43:18.228+0000] {dagbag.py:538} INFO - Filling up the DagBag from /home/airflow/.local/lib/python3.7/site-packages/airflow/example_dags/example_task_group.py
[2023-03-01T15:43:18.241+0000] {processor.py:753} INFO - DAG(s) dict_keys(['example_task_group']) retrieved from /home/airflow/.local/lib/python3.7/site-packages/airflow/example_dags/example_task_group.py
[2023-03-01T15:43:18.263+0000] {logging_mixin.py:137} INFO - [2023-03-01T15:43:18.263+0000] {dag.py:2690} INFO - Sync 1 DAGs
[2023-03-01T15:43:18.285+0000] {logging_mixin.py:137} INFO - [2023-03-01T15:43:18.284+0000] {dag.py:3441} INFO - Setting next_dagrun for example_task_group to 2023-02-28T15:43:18.284760+00:00, run_after=2023-03-01T15:43:18.284760+00:00
[2023-03-01T15:43:18.303+0000] {processor.py:175} INFO - Processing /home/airflow/.local/lib/python3.7/site-packages/airflow/example_dags/example_task_group.py took 0.079 seconds
[2023-03-01T20:03:08.145+0000] {processor.py:153} INFO - Started process (PID=46) to work on /home/airflow/.local/lib/python3.7/site-packages/airflow/example_dags/example_task_group.py
[2023-03-01T20:03:08.146+0000] {processor.py:743} INFO - Processing file /home/airflow/.local/lib/python3.7/site-packages/airflow/example_dags/example_task_group.py for tasks to queue
[2023-03-01T20:03:08.146+0000] {logging_mixin.py:137} INFO - [2023-03-01T20:03:08.146+0000] {dagbag.py:538} INFO - Filling up the DagBag from /home/airflow/.local/lib/python3.7/site-packages/airflow/example_dags/example_task_group.py
[2023-03-01T20:03:08.162+0000] {processor.py:753} INFO - DAG(s) dict_keys(['example_task_group']) retrieved from /home/airflow/.local/lib/python3.7/site-packages/airflow/example_dags/example_task_group.py
[2023-03-01T20:03:08.177+0000] {logging_mixin.py:137} INFO - [2023-03-01T20:03:08.177+0000] {dag.py:2690} INFO - Sync 1 DAGs
[2023-03-01T20:03:08.211+0000] {logging_mixin.py:137} INFO - [2023-03-01T20:03:08.211+0000] {dag.py:3441} INFO - Setting next_dagrun for example_task_group to 2023-02-28T20:03:08.211167+00:00, run_after=2023-03-01T20:03:08.211167+00:00
[2023-03-01T20:03:08.236+0000] {processor.py:175} INFO - Processing /home/airflow/.local/lib/python3.7/site-packages/airflow/example_dags/example_task_group.py took 0.094 seconds
[2023-03-01T20:03:39.199+0000] {processor.py:153} INFO - Started process (PID=145) to work on /home/airflow/.local/lib/python3.7/site-packages/airflow/example_dags/example_task_group.py
[2023-03-01T20:03:39.200+0000] {processor.py:743} INFO - Processing file /home/airflow/.local/lib/python3.7/site-packages/airflow/example_dags/example_task_group.py for tasks to queue
[2023-03-01T20:03:39.200+0000] {logging_mixin.py:137} INFO - [2023-03-01T20:03:39.200+0000] {dagbag.py:538} INFO - Filling up the DagBag from /home/airflow/.local/lib/python3.7/site-packages/airflow/example_dags/example_task_group.py
[2023-03-01T20:03:39.213+0000] {processor.py:753} INFO - DAG(s) dict_keys(['example_task_group']) retrieved from /home/airflow/.local/lib/python3.7/site-packages/airflow/example_dags/example_task_group.py
[2023-03-01T20:03:39.235+0000] {logging_mixin.py:137} INFO - [2023-03-01T20:03:39.235+0000] {dag.py:2690} INFO - Sync 1 DAGs
[2023-03-01T20:03:39.259+0000] {logging_mixin.py:137} INFO - [2023-03-01T20:03:39.259+0000] {dag.py:3441} INFO - Setting next_dagrun for example_task_group to 2023-02-28T20:03:39.259434+00:00, run_after=2023-03-01T20:03:39.259434+00:00
[2023-03-01T20:03:39.278+0000] {processor.py:175} INFO - Processing /home/airflow/.local/lib/python3.7/site-packages/airflow/example_dags/example_task_group.py took 0.082 seconds
[2023-03-01T20:04:09.965+0000] {processor.py:153} INFO - Started process (PID=224) to work on /home/airflow/.local/lib/python3.7/site-packages/airflow/example_dags/example_task_group.py
[2023-03-01T20:04:09.966+0000] {processor.py:743} INFO - Processing file /home/airflow/.local/lib/python3.7/site-packages/airflow/example_dags/example_task_group.py for tasks to queue
[2023-03-01T20:04:09.966+0000] {logging_mixin.py:137} INFO - [2023-03-01T20:04:09.966+0000] {dagbag.py:538} INFO - Filling up the DagBag from /home/airflow/.local/lib/python3.7/site-packages/airflow/example_dags/example_task_group.py
[2023-03-01T20:04:09.977+0000] {processor.py:753} INFO - DAG(s) dict_keys(['example_task_group']) retrieved from /home/airflow/.local/lib/python3.7/site-packages/airflow/example_dags/example_task_group.py
[2023-03-01T20:04:09.998+0000] {logging_mixin.py:137} INFO - [2023-03-01T20:04:09.998+0000] {dag.py:2690} INFO - Sync 1 DAGs
[2023-03-01T20:04:10.022+0000] {logging_mixin.py:137} INFO - [2023-03-01T20:04:10.022+0000] {dag.py:3441} INFO - Setting next_dagrun for example_task_group to 2023-02-28T20:04:10.022092+00:00, run_after=2023-03-01T20:04:10.022092+00:00
[2023-03-01T20:04:10.040+0000] {processor.py:175} INFO - Processing /home/airflow/.local/lib/python3.7/site-packages/airflow/example_dags/example_task_group.py took 0.077 seconds
[2023-03-01T20:04:40.526+0000] {processor.py:153} INFO - Started process (PID=323) to work on /home/airflow/.local/lib/python3.7/site-packages/airflow/example_dags/example_task_group.py
[2023-03-01T20:04:40.527+0000] {processor.py:743} INFO - Processing file /home/airflow/.local/lib/python3.7/site-packages/airflow/example_dags/example_task_group.py for tasks to queue
[2023-03-01T20:04:40.527+0000] {logging_mixin.py:137} INFO - [2023-03-01T20:04:40.527+0000] {dagbag.py:538} INFO - Filling up the DagBag from /home/airflow/.local/lib/python3.7/site-packages/airflow/example_dags/example_task_group.py
[2023-03-01T20:04:40.540+0000] {processor.py:753} INFO - DAG(s) dict_keys(['example_task_group']) retrieved from /home/airflow/.local/lib/python3.7/site-packages/airflow/example_dags/example_task_group.py
[2023-03-01T20:04:40.564+0000] {logging_mixin.py:137} INFO - [2023-03-01T20:04:40.564+0000] {dag.py:2690} INFO - Sync 1 DAGs
[2023-03-01T20:04:40.589+0000] {logging_mixin.py:137} INFO - [2023-03-01T20:04:40.589+0000] {dag.py:3441} INFO - Setting next_dagrun for example_task_group to 2023-02-28T20:04:40.589315+00:00, run_after=2023-03-01T20:04:40.589315+00:00
[2023-03-01T20:04:40.609+0000] {processor.py:175} INFO - Processing /home/airflow/.local/lib/python3.7/site-packages/airflow/example_dags/example_task_group.py took 0.086 seconds
[2023-03-01T20:05:11.013+0000] {processor.py:153} INFO - Started process (PID=402) to work on /home/airflow/.local/lib/python3.7/site-packages/airflow/example_dags/example_task_group.py
[2023-03-01T20:05:11.014+0000] {processor.py:743} INFO - Processing file /home/airflow/.local/lib/python3.7/site-packages/airflow/example_dags/example_task_group.py for tasks to queue
[2023-03-01T20:05:11.015+0000] {logging_mixin.py:137} INFO - [2023-03-01T20:05:11.014+0000] {dagbag.py:538} INFO - Filling up the DagBag from /home/airflow/.local/lib/python3.7/site-packages/airflow/example_dags/example_task_group.py
[2023-03-01T20:05:11.027+0000] {processor.py:753} INFO - DAG(s) dict_keys(['example_task_group']) retrieved from /home/airflow/.local/lib/python3.7/site-packages/airflow/example_dags/example_task_group.py
[2023-03-01T20:05:11.049+0000] {logging_mixin.py:137} INFO - [2023-03-01T20:05:11.049+0000] {dag.py:2690} INFO - Sync 1 DAGs
[2023-03-01T20:05:11.072+0000] {logging_mixin.py:137} INFO - [2023-03-01T20:05:11.072+0000] {dag.py:3441} INFO - Setting next_dagrun for example_task_group to 2023-02-28T20:05:11.072030+00:00, run_after=2023-03-01T20:05:11.072030+00:00
[2023-03-01T20:05:11.089+0000] {processor.py:175} INFO - Processing /home/airflow/.local/lib/python3.7/site-packages/airflow/example_dags/example_task_group.py took 0.078 seconds
[2023-03-01T20:05:41.425+0000] {processor.py:153} INFO - Started process (PID=501) to work on /home/airflow/.local/lib/python3.7/site-packages/airflow/example_dags/example_task_group.py
[2023-03-01T20:05:41.426+0000] {processor.py:743} INFO - Processing file /home/airflow/.local/lib/python3.7/site-packages/airflow/example_dags/example_task_group.py for tasks to queue
[2023-03-01T20:05:41.426+0000] {logging_mixin.py:137} INFO - [2023-03-01T20:05:41.426+0000] {dagbag.py:538} INFO - Filling up the DagBag from /home/airflow/.local/lib/python3.7/site-packages/airflow/example_dags/example_task_group.py
[2023-03-01T20:05:41.439+0000] {processor.py:753} INFO - DAG(s) dict_keys(['example_task_group']) retrieved from /home/airflow/.local/lib/python3.7/site-packages/airflow/example_dags/example_task_group.py
[2023-03-01T20:05:41.461+0000] {logging_mixin.py:137} INFO - [2023-03-01T20:05:41.461+0000] {dag.py:2690} INFO - Sync 1 DAGs
[2023-03-01T20:05:41.482+0000] {logging_mixin.py:137} INFO - [2023-03-01T20:05:41.482+0000] {dag.py:3441} INFO - Setting next_dagrun for example_task_group to 2023-02-28T20:05:41.482566+00:00, run_after=2023-03-01T20:05:41.482566+00:00
[2023-03-01T20:05:41.502+0000] {processor.py:175} INFO - Processing /home/airflow/.local/lib/python3.7/site-packages/airflow/example_dags/example_task_group.py took 0.079 seconds
[2023-03-01T20:06:12.067+0000] {processor.py:153} INFO - Started process (PID=580) to work on /home/airflow/.local/lib/python3.7/site-packages/airflow/example_dags/example_task_group.py
[2023-03-01T20:06:12.068+0000] {processor.py:743} INFO - Processing file /home/airflow/.local/lib/python3.7/site-packages/airflow/example_dags/example_task_group.py for tasks to queue
[2023-03-01T20:06:12.069+0000] {logging_mixin.py:137} INFO - [2023-03-01T20:06:12.069+0000] {dagbag.py:538} INFO - Filling up the DagBag from /home/airflow/.local/lib/python3.7/site-packages/airflow/example_dags/example_task_group.py
[2023-03-01T20:06:12.082+0000] {processor.py:753} INFO - DAG(s) dict_keys(['example_task_group']) retrieved from /home/airflow/.local/lib/python3.7/site-packages/airflow/example_dags/example_task_group.py
[2023-03-01T20:06:12.104+0000] {logging_mixin.py:137} INFO - [2023-03-01T20:06:12.104+0000] {dag.py:2690} INFO - Sync 1 DAGs
[2023-03-01T20:06:12.129+0000] {logging_mixin.py:137} INFO - [2023-03-01T20:06:12.129+0000] {dag.py:3441} INFO - Setting next_dagrun for example_task_group to 2023-02-28T20:06:12.129101+00:00, run_after=2023-03-01T20:06:12.129101+00:00
[2023-03-01T20:06:12.149+0000] {processor.py:175} INFO - Processing /home/airflow/.local/lib/python3.7/site-packages/airflow/example_dags/example_task_group.py took 0.085 seconds
[2023-03-01T20:06:42.597+0000] {processor.py:153} INFO - Started process (PID=679) to work on /home/airflow/.local/lib/python3.7/site-packages/airflow/example_dags/example_task_group.py
[2023-03-01T20:06:42.598+0000] {processor.py:743} INFO - Processing file /home/airflow/.local/lib/python3.7/site-packages/airflow/example_dags/example_task_group.py for tasks to queue
[2023-03-01T20:06:42.598+0000] {logging_mixin.py:137} INFO - [2023-03-01T20:06:42.598+0000] {dagbag.py:538} INFO - Filling up the DagBag from /home/airflow/.local/lib/python3.7/site-packages/airflow/example_dags/example_task_group.py
[2023-03-01T20:06:42.610+0000] {processor.py:753} INFO - DAG(s) dict_keys(['example_task_group']) retrieved from /home/airflow/.local/lib/python3.7/site-packages/airflow/example_dags/example_task_group.py
[2023-03-01T20:06:42.633+0000] {logging_mixin.py:137} INFO - [2023-03-01T20:06:42.633+0000] {dag.py:2690} INFO - Sync 1 DAGs
[2023-03-01T20:06:42.656+0000] {logging_mixin.py:137} INFO - [2023-03-01T20:06:42.656+0000] {dag.py:3441} INFO - Setting next_dagrun for example_task_group to 2023-02-28T20:06:42.656363+00:00, run_after=2023-03-01T20:06:42.656363+00:00
[2023-03-01T20:06:42.676+0000] {processor.py:175} INFO - Processing /home/airflow/.local/lib/python3.7/site-packages/airflow/example_dags/example_task_group.py took 0.082 seconds
[2023-03-01T20:07:12.796+0000] {processor.py:153} INFO - Started process (PID=758) to work on /home/airflow/.local/lib/python3.7/site-packages/airflow/example_dags/example_task_group.py
[2023-03-01T20:07:12.797+0000] {processor.py:743} INFO - Processing file /home/airflow/.local/lib/python3.7/site-packages/airflow/example_dags/example_task_group.py for tasks to queue
[2023-03-01T20:07:12.797+0000] {logging_mixin.py:137} INFO - [2023-03-01T20:07:12.797+0000] {dagbag.py:538} INFO - Filling up the DagBag from /home/airflow/.local/lib/python3.7/site-packages/airflow/example_dags/example_task_group.py
[2023-03-01T20:07:12.809+0000] {processor.py:753} INFO - DAG(s) dict_keys(['example_task_group']) retrieved from /home/airflow/.local/lib/python3.7/site-packages/airflow/example_dags/example_task_group.py
[2023-03-01T20:07:12.835+0000] {logging_mixin.py:137} INFO - [2023-03-01T20:07:12.835+0000] {dag.py:2690} INFO - Sync 1 DAGs
[2023-03-01T20:07:12.862+0000] {logging_mixin.py:137} INFO - [2023-03-01T20:07:12.862+0000] {dag.py:3441} INFO - Setting next_dagrun for example_task_group to 2023-02-28T20:07:12.862267+00:00, run_after=2023-03-01T20:07:12.862267+00:00
[2023-03-01T20:07:12.883+0000] {processor.py:175} INFO - Processing /home/airflow/.local/lib/python3.7/site-packages/airflow/example_dags/example_task_group.py took 0.089 seconds
[2023-03-01T20:07:43.833+0000] {processor.py:153} INFO - Started process (PID=857) to work on /home/airflow/.local/lib/python3.7/site-packages/airflow/example_dags/example_task_group.py
[2023-03-01T20:07:43.834+0000] {processor.py:743} INFO - Processing file /home/airflow/.local/lib/python3.7/site-packages/airflow/example_dags/example_task_group.py for tasks to queue
[2023-03-01T20:07:43.835+0000] {logging_mixin.py:137} INFO - [2023-03-01T20:07:43.834+0000] {dagbag.py:538} INFO - Filling up the DagBag from /home/airflow/.local/lib/python3.7/site-packages/airflow/example_dags/example_task_group.py
[2023-03-01T20:07:43.846+0000] {processor.py:753} INFO - DAG(s) dict_keys(['example_task_group']) retrieved from /home/airflow/.local/lib/python3.7/site-packages/airflow/example_dags/example_task_group.py
[2023-03-01T20:07:43.868+0000] {logging_mixin.py:137} INFO - [2023-03-01T20:07:43.867+0000] {dag.py:2690} INFO - Sync 1 DAGs
[2023-03-01T20:07:43.890+0000] {logging_mixin.py:137} INFO - [2023-03-01T20:07:43.890+0000] {dag.py:3441} INFO - Setting next_dagrun for example_task_group to 2023-02-28T20:07:43.890627+00:00, run_after=2023-03-01T20:07:43.890627+00:00
[2023-03-01T20:07:43.908+0000] {processor.py:175} INFO - Processing /home/airflow/.local/lib/python3.7/site-packages/airflow/example_dags/example_task_group.py took 0.077 seconds
