[2023-03-01T15:18:17.793+0000] {processor.py:153} INFO - Started process (PID=59) to work on /home/airflow/.local/lib/python3.7/site-packages/airflow/example_dags/example_branch_operator.py
[2023-03-01T15:18:17.794+0000] {processor.py:743} INFO - Processing file /home/airflow/.local/lib/python3.7/site-packages/airflow/example_dags/example_branch_operator.py for tasks to queue
[2023-03-01T15:18:17.795+0000] {logging_mixin.py:137} INFO - [2023-03-01T15:18:17.795+0000] {dagbag.py:538} INFO - Filling up the DagBag from /home/airflow/.local/lib/python3.7/site-packages/airflow/example_dags/example_branch_operator.py
[2023-03-01T15:18:17.814+0000] {processor.py:753} INFO - DAG(s) dict_keys(['example_branch_operator']) retrieved from /home/airflow/.local/lib/python3.7/site-packages/airflow/example_dags/example_branch_operator.py
[2023-03-01T15:18:17.831+0000] {logging_mixin.py:137} INFO - [2023-03-01T15:18:17.831+0000] {dag.py:2690} INFO - Sync 1 DAGs
[2023-03-01T15:18:17.865+0000] {logging_mixin.py:137} INFO - [2023-03-01T15:18:17.865+0000] {dag.py:3441} INFO - Setting next_dagrun for example_branch_operator to 2023-02-28T00:00:00+00:00, run_after=2023-03-01T00:00:00+00:00
[2023-03-01T15:18:17.889+0000] {processor.py:175} INFO - Processing /home/airflow/.local/lib/python3.7/site-packages/airflow/example_dags/example_branch_operator.py took 0.099 seconds
[2023-03-01T15:18:48.158+0000] {processor.py:153} INFO - Started process (PID=149) to work on /home/airflow/.local/lib/python3.7/site-packages/airflow/example_dags/example_branch_operator.py
[2023-03-01T15:18:48.158+0000] {processor.py:743} INFO - Processing file /home/airflow/.local/lib/python3.7/site-packages/airflow/example_dags/example_branch_operator.py for tasks to queue
[2023-03-01T15:18:48.159+0000] {logging_mixin.py:137} INFO - [2023-03-01T15:18:48.159+0000] {dagbag.py:538} INFO - Filling up the DagBag from /home/airflow/.local/lib/python3.7/site-packages/airflow/example_dags/example_branch_operator.py
[2023-03-01T15:18:48.172+0000] {processor.py:753} INFO - DAG(s) dict_keys(['example_branch_operator']) retrieved from /home/airflow/.local/lib/python3.7/site-packages/airflow/example_dags/example_branch_operator.py
[2023-03-01T15:18:48.194+0000] {logging_mixin.py:137} INFO - [2023-03-01T15:18:48.194+0000] {dag.py:2690} INFO - Sync 1 DAGs
[2023-03-01T15:18:48.216+0000] {logging_mixin.py:137} INFO - [2023-03-01T15:18:48.216+0000] {dag.py:3441} INFO - Setting next_dagrun for example_branch_operator to 2023-02-28T00:00:00+00:00, run_after=2023-03-01T00:00:00+00:00
[2023-03-01T15:18:48.235+0000] {processor.py:175} INFO - Processing /home/airflow/.local/lib/python3.7/site-packages/airflow/example_dags/example_branch_operator.py took 0.079 seconds
[2023-03-01T15:19:18.854+0000] {processor.py:153} INFO - Started process (PID=228) to work on /home/airflow/.local/lib/python3.7/site-packages/airflow/example_dags/example_branch_operator.py
[2023-03-01T15:19:18.855+0000] {processor.py:743} INFO - Processing file /home/airflow/.local/lib/python3.7/site-packages/airflow/example_dags/example_branch_operator.py for tasks to queue
[2023-03-01T15:19:18.855+0000] {logging_mixin.py:137} INFO - [2023-03-01T15:19:18.855+0000] {dagbag.py:538} INFO - Filling up the DagBag from /home/airflow/.local/lib/python3.7/site-packages/airflow/example_dags/example_branch_operator.py
[2023-03-01T15:19:18.869+0000] {processor.py:753} INFO - DAG(s) dict_keys(['example_branch_operator']) retrieved from /home/airflow/.local/lib/python3.7/site-packages/airflow/example_dags/example_branch_operator.py
[2023-03-01T15:19:18.893+0000] {logging_mixin.py:137} INFO - [2023-03-01T15:19:18.893+0000] {dag.py:2690} INFO - Sync 1 DAGs
[2023-03-01T15:19:18.919+0000] {logging_mixin.py:137} INFO - [2023-03-01T15:19:18.919+0000] {dag.py:3441} INFO - Setting next_dagrun for example_branch_operator to 2023-02-28T00:00:00+00:00, run_after=2023-03-01T00:00:00+00:00
[2023-03-01T15:19:18.938+0000] {processor.py:175} INFO - Processing /home/airflow/.local/lib/python3.7/site-packages/airflow/example_dags/example_branch_operator.py took 0.086 seconds
[2023-03-01T15:19:49.699+0000] {processor.py:153} INFO - Started process (PID=327) to work on /home/airflow/.local/lib/python3.7/site-packages/airflow/example_dags/example_branch_operator.py
[2023-03-01T15:19:49.699+0000] {processor.py:743} INFO - Processing file /home/airflow/.local/lib/python3.7/site-packages/airflow/example_dags/example_branch_operator.py for tasks to queue
[2023-03-01T15:19:49.700+0000] {logging_mixin.py:137} INFO - [2023-03-01T15:19:49.700+0000] {dagbag.py:538} INFO - Filling up the DagBag from /home/airflow/.local/lib/python3.7/site-packages/airflow/example_dags/example_branch_operator.py
[2023-03-01T15:19:49.714+0000] {processor.py:753} INFO - DAG(s) dict_keys(['example_branch_operator']) retrieved from /home/airflow/.local/lib/python3.7/site-packages/airflow/example_dags/example_branch_operator.py
[2023-03-01T15:19:49.741+0000] {logging_mixin.py:137} INFO - [2023-03-01T15:19:49.741+0000] {dag.py:2690} INFO - Sync 1 DAGs
[2023-03-01T15:19:49.767+0000] {logging_mixin.py:137} INFO - [2023-03-01T15:19:49.767+0000] {dag.py:3441} INFO - Setting next_dagrun for example_branch_operator to 2023-02-28T00:00:00+00:00, run_after=2023-03-01T00:00:00+00:00
[2023-03-01T15:19:49.792+0000] {processor.py:175} INFO - Processing /home/airflow/.local/lib/python3.7/site-packages/airflow/example_dags/example_branch_operator.py took 0.096 seconds
[2023-03-01T15:20:20.548+0000] {processor.py:153} INFO - Started process (PID=406) to work on /home/airflow/.local/lib/python3.7/site-packages/airflow/example_dags/example_branch_operator.py
[2023-03-01T15:20:20.549+0000] {processor.py:743} INFO - Processing file /home/airflow/.local/lib/python3.7/site-packages/airflow/example_dags/example_branch_operator.py for tasks to queue
[2023-03-01T15:20:20.549+0000] {logging_mixin.py:137} INFO - [2023-03-01T15:20:20.549+0000] {dagbag.py:538} INFO - Filling up the DagBag from /home/airflow/.local/lib/python3.7/site-packages/airflow/example_dags/example_branch_operator.py
[2023-03-01T15:20:20.562+0000] {processor.py:753} INFO - DAG(s) dict_keys(['example_branch_operator']) retrieved from /home/airflow/.local/lib/python3.7/site-packages/airflow/example_dags/example_branch_operator.py
[2023-03-01T15:20:20.586+0000] {logging_mixin.py:137} INFO - [2023-03-01T15:20:20.585+0000] {dag.py:2690} INFO - Sync 1 DAGs
[2023-03-01T15:20:20.611+0000] {logging_mixin.py:137} INFO - [2023-03-01T15:20:20.611+0000] {dag.py:3441} INFO - Setting next_dagrun for example_branch_operator to 2023-02-28T00:00:00+00:00, run_after=2023-03-01T00:00:00+00:00
[2023-03-01T15:20:20.631+0000] {processor.py:175} INFO - Processing /home/airflow/.local/lib/python3.7/site-packages/airflow/example_dags/example_branch_operator.py took 0.085 seconds
[2023-03-01T15:20:51.377+0000] {processor.py:153} INFO - Started process (PID=505) to work on /home/airflow/.local/lib/python3.7/site-packages/airflow/example_dags/example_branch_operator.py
[2023-03-01T15:20:51.377+0000] {processor.py:743} INFO - Processing file /home/airflow/.local/lib/python3.7/site-packages/airflow/example_dags/example_branch_operator.py for tasks to queue
[2023-03-01T15:20:51.378+0000] {logging_mixin.py:137} INFO - [2023-03-01T15:20:51.377+0000] {dagbag.py:538} INFO - Filling up the DagBag from /home/airflow/.local/lib/python3.7/site-packages/airflow/example_dags/example_branch_operator.py
[2023-03-01T15:20:51.390+0000] {processor.py:753} INFO - DAG(s) dict_keys(['example_branch_operator']) retrieved from /home/airflow/.local/lib/python3.7/site-packages/airflow/example_dags/example_branch_operator.py
[2023-03-01T15:20:51.411+0000] {logging_mixin.py:137} INFO - [2023-03-01T15:20:51.410+0000] {dag.py:2690} INFO - Sync 1 DAGs
[2023-03-01T15:20:51.432+0000] {logging_mixin.py:137} INFO - [2023-03-01T15:20:51.431+0000] {dag.py:3441} INFO - Setting next_dagrun for example_branch_operator to 2023-02-28T00:00:00+00:00, run_after=2023-03-01T00:00:00+00:00
[2023-03-01T15:20:51.449+0000] {processor.py:175} INFO - Processing /home/airflow/.local/lib/python3.7/site-packages/airflow/example_dags/example_branch_operator.py took 0.075 seconds
[2023-03-01T15:21:21.867+0000] {processor.py:153} INFO - Started process (PID=584) to work on /home/airflow/.local/lib/python3.7/site-packages/airflow/example_dags/example_branch_operator.py
[2023-03-01T15:21:21.868+0000] {processor.py:743} INFO - Processing file /home/airflow/.local/lib/python3.7/site-packages/airflow/example_dags/example_branch_operator.py for tasks to queue
[2023-03-01T15:21:21.868+0000] {logging_mixin.py:137} INFO - [2023-03-01T15:21:21.868+0000] {dagbag.py:538} INFO - Filling up the DagBag from /home/airflow/.local/lib/python3.7/site-packages/airflow/example_dags/example_branch_operator.py
[2023-03-01T15:21:21.880+0000] {processor.py:753} INFO - DAG(s) dict_keys(['example_branch_operator']) retrieved from /home/airflow/.local/lib/python3.7/site-packages/airflow/example_dags/example_branch_operator.py
[2023-03-01T15:21:21.903+0000] {logging_mixin.py:137} INFO - [2023-03-01T15:21:21.902+0000] {dag.py:2690} INFO - Sync 1 DAGs
[2023-03-01T15:21:21.929+0000] {logging_mixin.py:137} INFO - [2023-03-01T15:21:21.929+0000] {dag.py:3441} INFO - Setting next_dagrun for example_branch_operator to 2023-02-28T00:00:00+00:00, run_after=2023-03-01T00:00:00+00:00
[2023-03-01T15:21:21.946+0000] {processor.py:175} INFO - Processing /home/airflow/.local/lib/python3.7/site-packages/airflow/example_dags/example_branch_operator.py took 0.081 seconds
[2023-03-01T15:21:52.333+0000] {processor.py:153} INFO - Started process (PID=684) to work on /home/airflow/.local/lib/python3.7/site-packages/airflow/example_dags/example_branch_operator.py
[2023-03-01T15:21:52.333+0000] {processor.py:743} INFO - Processing file /home/airflow/.local/lib/python3.7/site-packages/airflow/example_dags/example_branch_operator.py for tasks to queue
[2023-03-01T15:21:52.334+0000] {logging_mixin.py:137} INFO - [2023-03-01T15:21:52.334+0000] {dagbag.py:538} INFO - Filling up the DagBag from /home/airflow/.local/lib/python3.7/site-packages/airflow/example_dags/example_branch_operator.py
[2023-03-01T15:21:52.347+0000] {processor.py:753} INFO - DAG(s) dict_keys(['example_branch_operator']) retrieved from /home/airflow/.local/lib/python3.7/site-packages/airflow/example_dags/example_branch_operator.py
[2023-03-01T15:21:52.370+0000] {logging_mixin.py:137} INFO - [2023-03-01T15:21:52.370+0000] {dag.py:2690} INFO - Sync 1 DAGs
[2023-03-01T15:21:52.395+0000] {logging_mixin.py:137} INFO - [2023-03-01T15:21:52.395+0000] {dag.py:3441} INFO - Setting next_dagrun for example_branch_operator to 2023-02-28T00:00:00+00:00, run_after=2023-03-01T00:00:00+00:00
[2023-03-01T15:21:52.413+0000] {processor.py:175} INFO - Processing /home/airflow/.local/lib/python3.7/site-packages/airflow/example_dags/example_branch_operator.py took 0.082 seconds
[2023-03-01T15:22:22.964+0000] {processor.py:153} INFO - Started process (PID=772) to work on /home/airflow/.local/lib/python3.7/site-packages/airflow/example_dags/example_branch_operator.py
[2023-03-01T15:22:22.965+0000] {processor.py:743} INFO - Processing file /home/airflow/.local/lib/python3.7/site-packages/airflow/example_dags/example_branch_operator.py for tasks to queue
[2023-03-01T15:22:22.965+0000] {logging_mixin.py:137} INFO - [2023-03-01T15:22:22.965+0000] {dagbag.py:538} INFO - Filling up the DagBag from /home/airflow/.local/lib/python3.7/site-packages/airflow/example_dags/example_branch_operator.py
[2023-03-01T15:22:22.980+0000] {processor.py:753} INFO - DAG(s) dict_keys(['example_branch_operator']) retrieved from /home/airflow/.local/lib/python3.7/site-packages/airflow/example_dags/example_branch_operator.py
[2023-03-01T15:22:23.008+0000] {logging_mixin.py:137} INFO - [2023-03-01T15:22:23.008+0000] {dag.py:2690} INFO - Sync 1 DAGs
[2023-03-01T15:22:23.041+0000] {logging_mixin.py:137} INFO - [2023-03-01T15:22:23.041+0000] {dag.py:3441} INFO - Setting next_dagrun for example_branch_operator to 2023-02-28T00:00:00+00:00, run_after=2023-03-01T00:00:00+00:00
[2023-03-01T15:22:23.066+0000] {processor.py:175} INFO - Processing /home/airflow/.local/lib/python3.7/site-packages/airflow/example_dags/example_branch_operator.py took 0.104 seconds
[2023-03-01T15:22:53.331+0000] {processor.py:153} INFO - Started process (PID=862) to work on /home/airflow/.local/lib/python3.7/site-packages/airflow/example_dags/example_branch_operator.py
[2023-03-01T15:22:53.332+0000] {processor.py:743} INFO - Processing file /home/airflow/.local/lib/python3.7/site-packages/airflow/example_dags/example_branch_operator.py for tasks to queue
[2023-03-01T15:22:53.332+0000] {logging_mixin.py:137} INFO - [2023-03-01T15:22:53.332+0000] {dagbag.py:538} INFO - Filling up the DagBag from /home/airflow/.local/lib/python3.7/site-packages/airflow/example_dags/example_branch_operator.py
[2023-03-01T15:22:53.345+0000] {processor.py:753} INFO - DAG(s) dict_keys(['example_branch_operator']) retrieved from /home/airflow/.local/lib/python3.7/site-packages/airflow/example_dags/example_branch_operator.py
[2023-03-01T15:22:53.368+0000] {logging_mixin.py:137} INFO - [2023-03-01T15:22:53.368+0000] {dag.py:2690} INFO - Sync 1 DAGs
[2023-03-01T15:22:53.392+0000] {logging_mixin.py:137} INFO - [2023-03-01T15:22:53.392+0000] {dag.py:3441} INFO - Setting next_dagrun for example_branch_operator to 2023-02-28T00:00:00+00:00, run_after=2023-03-01T00:00:00+00:00
[2023-03-01T15:22:53.412+0000] {processor.py:175} INFO - Processing /home/airflow/.local/lib/python3.7/site-packages/airflow/example_dags/example_branch_operator.py took 0.083 seconds
[2023-03-01T15:23:24.105+0000] {processor.py:153} INFO - Started process (PID=961) to work on /home/airflow/.local/lib/python3.7/site-packages/airflow/example_dags/example_branch_operator.py
[2023-03-01T15:23:24.106+0000] {processor.py:743} INFO - Processing file /home/airflow/.local/lib/python3.7/site-packages/airflow/example_dags/example_branch_operator.py for tasks to queue
[2023-03-01T15:23:24.106+0000] {logging_mixin.py:137} INFO - [2023-03-01T15:23:24.106+0000] {dagbag.py:538} INFO - Filling up the DagBag from /home/airflow/.local/lib/python3.7/site-packages/airflow/example_dags/example_branch_operator.py
[2023-03-01T15:23:24.135+0000] {processor.py:753} INFO - DAG(s) dict_keys(['example_branch_operator']) retrieved from /home/airflow/.local/lib/python3.7/site-packages/airflow/example_dags/example_branch_operator.py
[2023-03-01T15:23:24.168+0000] {logging_mixin.py:137} INFO - [2023-03-01T15:23:24.168+0000] {dag.py:2690} INFO - Sync 1 DAGs
[2023-03-01T15:23:24.197+0000] {logging_mixin.py:137} INFO - [2023-03-01T15:23:24.197+0000] {dag.py:3441} INFO - Setting next_dagrun for example_branch_operator to 2023-02-28T00:00:00+00:00, run_after=2023-03-01T00:00:00+00:00
[2023-03-01T15:23:24.217+0000] {processor.py:175} INFO - Processing /home/airflow/.local/lib/python3.7/site-packages/airflow/example_dags/example_branch_operator.py took 0.116 seconds
[2023-03-01T15:23:54.490+0000] {processor.py:153} INFO - Started process (PID=1040) to work on /home/airflow/.local/lib/python3.7/site-packages/airflow/example_dags/example_branch_operator.py
[2023-03-01T15:23:54.490+0000] {processor.py:743} INFO - Processing file /home/airflow/.local/lib/python3.7/site-packages/airflow/example_dags/example_branch_operator.py for tasks to queue
[2023-03-01T15:23:54.491+0000] {logging_mixin.py:137} INFO - [2023-03-01T15:23:54.491+0000] {dagbag.py:538} INFO - Filling up the DagBag from /home/airflow/.local/lib/python3.7/site-packages/airflow/example_dags/example_branch_operator.py
[2023-03-01T15:23:54.507+0000] {processor.py:753} INFO - DAG(s) dict_keys(['example_branch_operator']) retrieved from /home/airflow/.local/lib/python3.7/site-packages/airflow/example_dags/example_branch_operator.py
[2023-03-01T15:23:54.533+0000] {logging_mixin.py:137} INFO - [2023-03-01T15:23:54.533+0000] {dag.py:2690} INFO - Sync 1 DAGs
[2023-03-01T15:23:54.557+0000] {logging_mixin.py:137} INFO - [2023-03-01T15:23:54.556+0000] {dag.py:3441} INFO - Setting next_dagrun for example_branch_operator to 2023-02-28T00:00:00+00:00, run_after=2023-03-01T00:00:00+00:00
[2023-03-01T15:23:54.577+0000] {processor.py:175} INFO - Processing /home/airflow/.local/lib/python3.7/site-packages/airflow/example_dags/example_branch_operator.py took 0.089 seconds
[2023-03-01T15:24:25.268+0000] {processor.py:153} INFO - Started process (PID=1139) to work on /home/airflow/.local/lib/python3.7/site-packages/airflow/example_dags/example_branch_operator.py
[2023-03-01T15:24:25.268+0000] {processor.py:743} INFO - Processing file /home/airflow/.local/lib/python3.7/site-packages/airflow/example_dags/example_branch_operator.py for tasks to queue
[2023-03-01T15:24:25.269+0000] {logging_mixin.py:137} INFO - [2023-03-01T15:24:25.269+0000] {dagbag.py:538} INFO - Filling up the DagBag from /home/airflow/.local/lib/python3.7/site-packages/airflow/example_dags/example_branch_operator.py
[2023-03-01T15:24:25.282+0000] {processor.py:753} INFO - DAG(s) dict_keys(['example_branch_operator']) retrieved from /home/airflow/.local/lib/python3.7/site-packages/airflow/example_dags/example_branch_operator.py
[2023-03-01T15:24:25.307+0000] {logging_mixin.py:137} INFO - [2023-03-01T15:24:25.307+0000] {dag.py:2690} INFO - Sync 1 DAGs
[2023-03-01T15:24:25.333+0000] {logging_mixin.py:137} INFO - [2023-03-01T15:24:25.333+0000] {dag.py:3441} INFO - Setting next_dagrun for example_branch_operator to 2023-02-28T00:00:00+00:00, run_after=2023-03-01T00:00:00+00:00
[2023-03-01T15:24:25.353+0000] {processor.py:175} INFO - Processing /home/airflow/.local/lib/python3.7/site-packages/airflow/example_dags/example_branch_operator.py took 0.088 seconds
[2023-03-01T15:24:55.745+0000] {processor.py:153} INFO - Started process (PID=1218) to work on /home/airflow/.local/lib/python3.7/site-packages/airflow/example_dags/example_branch_operator.py
[2023-03-01T15:24:55.746+0000] {processor.py:743} INFO - Processing file /home/airflow/.local/lib/python3.7/site-packages/airflow/example_dags/example_branch_operator.py for tasks to queue
[2023-03-01T15:24:55.746+0000] {logging_mixin.py:137} INFO - [2023-03-01T15:24:55.746+0000] {dagbag.py:538} INFO - Filling up the DagBag from /home/airflow/.local/lib/python3.7/site-packages/airflow/example_dags/example_branch_operator.py
[2023-03-01T15:24:55.760+0000] {processor.py:753} INFO - DAG(s) dict_keys(['example_branch_operator']) retrieved from /home/airflow/.local/lib/python3.7/site-packages/airflow/example_dags/example_branch_operator.py
[2023-03-01T15:24:55.781+0000] {logging_mixin.py:137} INFO - [2023-03-01T15:24:55.781+0000] {dag.py:2690} INFO - Sync 1 DAGs
[2023-03-01T15:24:55.804+0000] {logging_mixin.py:137} INFO - [2023-03-01T15:24:55.804+0000] {dag.py:3441} INFO - Setting next_dagrun for example_branch_operator to 2023-02-28T00:00:00+00:00, run_after=2023-03-01T00:00:00+00:00
[2023-03-01T15:24:55.819+0000] {processor.py:175} INFO - Processing /home/airflow/.local/lib/python3.7/site-packages/airflow/example_dags/example_branch_operator.py took 0.076 seconds
[2023-03-01T15:25:26.384+0000] {processor.py:153} INFO - Started process (PID=1317) to work on /home/airflow/.local/lib/python3.7/site-packages/airflow/example_dags/example_branch_operator.py
[2023-03-01T15:25:26.385+0000] {processor.py:743} INFO - Processing file /home/airflow/.local/lib/python3.7/site-packages/airflow/example_dags/example_branch_operator.py for tasks to queue
[2023-03-01T15:25:26.385+0000] {logging_mixin.py:137} INFO - [2023-03-01T15:25:26.385+0000] {dagbag.py:538} INFO - Filling up the DagBag from /home/airflow/.local/lib/python3.7/site-packages/airflow/example_dags/example_branch_operator.py
[2023-03-01T15:25:26.401+0000] {processor.py:753} INFO - DAG(s) dict_keys(['example_branch_operator']) retrieved from /home/airflow/.local/lib/python3.7/site-packages/airflow/example_dags/example_branch_operator.py
[2023-03-01T15:25:26.428+0000] {logging_mixin.py:137} INFO - [2023-03-01T15:25:26.428+0000] {dag.py:2690} INFO - Sync 1 DAGs
[2023-03-01T15:25:26.461+0000] {logging_mixin.py:137} INFO - [2023-03-01T15:25:26.460+0000] {dag.py:3441} INFO - Setting next_dagrun for example_branch_operator to 2023-02-28T00:00:00+00:00, run_after=2023-03-01T00:00:00+00:00
[2023-03-01T15:25:26.485+0000] {processor.py:175} INFO - Processing /home/airflow/.local/lib/python3.7/site-packages/airflow/example_dags/example_branch_operator.py took 0.104 seconds
[2023-03-01T15:25:57.104+0000] {processor.py:153} INFO - Started process (PID=1396) to work on /home/airflow/.local/lib/python3.7/site-packages/airflow/example_dags/example_branch_operator.py
[2023-03-01T15:25:57.105+0000] {processor.py:743} INFO - Processing file /home/airflow/.local/lib/python3.7/site-packages/airflow/example_dags/example_branch_operator.py for tasks to queue
[2023-03-01T15:25:57.105+0000] {logging_mixin.py:137} INFO - [2023-03-01T15:25:57.105+0000] {dagbag.py:538} INFO - Filling up the DagBag from /home/airflow/.local/lib/python3.7/site-packages/airflow/example_dags/example_branch_operator.py
[2023-03-01T15:25:57.118+0000] {processor.py:753} INFO - DAG(s) dict_keys(['example_branch_operator']) retrieved from /home/airflow/.local/lib/python3.7/site-packages/airflow/example_dags/example_branch_operator.py
[2023-03-01T15:25:57.140+0000] {logging_mixin.py:137} INFO - [2023-03-01T15:25:57.140+0000] {dag.py:2690} INFO - Sync 1 DAGs
[2023-03-01T15:25:57.166+0000] {logging_mixin.py:137} INFO - [2023-03-01T15:25:57.166+0000] {dag.py:3441} INFO - Setting next_dagrun for example_branch_operator to 2023-02-28T00:00:00+00:00, run_after=2023-03-01T00:00:00+00:00
[2023-03-01T15:25:57.185+0000] {processor.py:175} INFO - Processing /home/airflow/.local/lib/python3.7/site-packages/airflow/example_dags/example_branch_operator.py took 0.083 seconds
[2023-03-01T15:26:27.792+0000] {processor.py:153} INFO - Started process (PID=1495) to work on /home/airflow/.local/lib/python3.7/site-packages/airflow/example_dags/example_branch_operator.py
[2023-03-01T15:26:27.792+0000] {processor.py:743} INFO - Processing file /home/airflow/.local/lib/python3.7/site-packages/airflow/example_dags/example_branch_operator.py for tasks to queue
[2023-03-01T15:26:27.793+0000] {logging_mixin.py:137} INFO - [2023-03-01T15:26:27.793+0000] {dagbag.py:538} INFO - Filling up the DagBag from /home/airflow/.local/lib/python3.7/site-packages/airflow/example_dags/example_branch_operator.py
[2023-03-01T15:26:27.809+0000] {processor.py:753} INFO - DAG(s) dict_keys(['example_branch_operator']) retrieved from /home/airflow/.local/lib/python3.7/site-packages/airflow/example_dags/example_branch_operator.py
[2023-03-01T15:26:27.835+0000] {logging_mixin.py:137} INFO - [2023-03-01T15:26:27.835+0000] {dag.py:2690} INFO - Sync 1 DAGs
[2023-03-01T15:26:27.863+0000] {logging_mixin.py:137} INFO - [2023-03-01T15:26:27.863+0000] {dag.py:3441} INFO - Setting next_dagrun for example_branch_operator to 2023-02-28T00:00:00+00:00, run_after=2023-03-01T00:00:00+00:00
[2023-03-01T15:26:27.884+0000] {processor.py:175} INFO - Processing /home/airflow/.local/lib/python3.7/site-packages/airflow/example_dags/example_branch_operator.py took 0.095 seconds
[2023-03-01T15:26:58.180+0000] {processor.py:153} INFO - Started process (PID=1574) to work on /home/airflow/.local/lib/python3.7/site-packages/airflow/example_dags/example_branch_operator.py
[2023-03-01T15:26:58.181+0000] {processor.py:743} INFO - Processing file /home/airflow/.local/lib/python3.7/site-packages/airflow/example_dags/example_branch_operator.py for tasks to queue
[2023-03-01T15:26:58.182+0000] {logging_mixin.py:137} INFO - [2023-03-01T15:26:58.181+0000] {dagbag.py:538} INFO - Filling up the DagBag from /home/airflow/.local/lib/python3.7/site-packages/airflow/example_dags/example_branch_operator.py
[2023-03-01T15:26:58.194+0000] {processor.py:753} INFO - DAG(s) dict_keys(['example_branch_operator']) retrieved from /home/airflow/.local/lib/python3.7/site-packages/airflow/example_dags/example_branch_operator.py
[2023-03-01T15:26:58.216+0000] {logging_mixin.py:137} INFO - [2023-03-01T15:26:58.216+0000] {dag.py:2690} INFO - Sync 1 DAGs
[2023-03-01T15:26:58.239+0000] {logging_mixin.py:137} INFO - [2023-03-01T15:26:58.239+0000] {dag.py:3441} INFO - Setting next_dagrun for example_branch_operator to 2023-02-28T00:00:00+00:00, run_after=2023-03-01T00:00:00+00:00
[2023-03-01T15:26:58.258+0000] {processor.py:175} INFO - Processing /home/airflow/.local/lib/python3.7/site-packages/airflow/example_dags/example_branch_operator.py took 0.080 seconds
[2023-03-01T15:27:28.774+0000] {processor.py:153} INFO - Started process (PID=1674) to work on /home/airflow/.local/lib/python3.7/site-packages/airflow/example_dags/example_branch_operator.py
[2023-03-01T15:27:28.775+0000] {processor.py:743} INFO - Processing file /home/airflow/.local/lib/python3.7/site-packages/airflow/example_dags/example_branch_operator.py for tasks to queue
[2023-03-01T15:27:28.775+0000] {logging_mixin.py:137} INFO - [2023-03-01T15:27:28.775+0000] {dagbag.py:538} INFO - Filling up the DagBag from /home/airflow/.local/lib/python3.7/site-packages/airflow/example_dags/example_branch_operator.py
[2023-03-01T15:27:28.789+0000] {processor.py:753} INFO - DAG(s) dict_keys(['example_branch_operator']) retrieved from /home/airflow/.local/lib/python3.7/site-packages/airflow/example_dags/example_branch_operator.py
[2023-03-01T15:27:28.815+0000] {logging_mixin.py:137} INFO - [2023-03-01T15:27:28.815+0000] {dag.py:2690} INFO - Sync 1 DAGs
[2023-03-01T15:27:28.842+0000] {logging_mixin.py:137} INFO - [2023-03-01T15:27:28.842+0000] {dag.py:3441} INFO - Setting next_dagrun for example_branch_operator to 2023-02-28T00:00:00+00:00, run_after=2023-03-01T00:00:00+00:00
[2023-03-01T15:27:28.861+0000] {processor.py:175} INFO - Processing /home/airflow/.local/lib/python3.7/site-packages/airflow/example_dags/example_branch_operator.py took 0.090 seconds
[2023-03-01T15:27:59.340+0000] {processor.py:153} INFO - Started process (PID=1752) to work on /home/airflow/.local/lib/python3.7/site-packages/airflow/example_dags/example_branch_operator.py
[2023-03-01T15:27:59.341+0000] {processor.py:743} INFO - Processing file /home/airflow/.local/lib/python3.7/site-packages/airflow/example_dags/example_branch_operator.py for tasks to queue
[2023-03-01T15:27:59.341+0000] {logging_mixin.py:137} INFO - [2023-03-01T15:27:59.341+0000] {dagbag.py:538} INFO - Filling up the DagBag from /home/airflow/.local/lib/python3.7/site-packages/airflow/example_dags/example_branch_operator.py
[2023-03-01T15:27:59.355+0000] {processor.py:753} INFO - DAG(s) dict_keys(['example_branch_operator']) retrieved from /home/airflow/.local/lib/python3.7/site-packages/airflow/example_dags/example_branch_operator.py
[2023-03-01T15:27:59.382+0000] {logging_mixin.py:137} INFO - [2023-03-01T15:27:59.382+0000] {dag.py:2690} INFO - Sync 1 DAGs
[2023-03-01T15:27:59.411+0000] {logging_mixin.py:137} INFO - [2023-03-01T15:27:59.411+0000] {dag.py:3441} INFO - Setting next_dagrun for example_branch_operator to 2023-02-28T00:00:00+00:00, run_after=2023-03-01T00:00:00+00:00
[2023-03-01T15:27:59.430+0000] {processor.py:175} INFO - Processing /home/airflow/.local/lib/python3.7/site-packages/airflow/example_dags/example_branch_operator.py took 0.093 seconds
[2023-03-01T15:28:30.121+0000] {processor.py:153} INFO - Started process (PID=1851) to work on /home/airflow/.local/lib/python3.7/site-packages/airflow/example_dags/example_branch_operator.py
[2023-03-01T15:28:30.121+0000] {processor.py:743} INFO - Processing file /home/airflow/.local/lib/python3.7/site-packages/airflow/example_dags/example_branch_operator.py for tasks to queue
[2023-03-01T15:28:30.122+0000] {logging_mixin.py:137} INFO - [2023-03-01T15:28:30.121+0000] {dagbag.py:538} INFO - Filling up the DagBag from /home/airflow/.local/lib/python3.7/site-packages/airflow/example_dags/example_branch_operator.py
[2023-03-01T15:28:30.134+0000] {processor.py:753} INFO - DAG(s) dict_keys(['example_branch_operator']) retrieved from /home/airflow/.local/lib/python3.7/site-packages/airflow/example_dags/example_branch_operator.py
[2023-03-01T15:28:30.158+0000] {logging_mixin.py:137} INFO - [2023-03-01T15:28:30.158+0000] {dag.py:2690} INFO - Sync 1 DAGs
[2023-03-01T15:28:30.183+0000] {logging_mixin.py:137} INFO - [2023-03-01T15:28:30.183+0000] {dag.py:3441} INFO - Setting next_dagrun for example_branch_operator to 2023-02-28T00:00:00+00:00, run_after=2023-03-01T00:00:00+00:00
[2023-03-01T15:28:30.203+0000] {processor.py:175} INFO - Processing /home/airflow/.local/lib/python3.7/site-packages/airflow/example_dags/example_branch_operator.py took 0.084 seconds
[2023-03-01T15:29:00.613+0000] {processor.py:153} INFO - Started process (PID=1930) to work on /home/airflow/.local/lib/python3.7/site-packages/airflow/example_dags/example_branch_operator.py
[2023-03-01T15:29:00.614+0000] {processor.py:743} INFO - Processing file /home/airflow/.local/lib/python3.7/site-packages/airflow/example_dags/example_branch_operator.py for tasks to queue
[2023-03-01T15:29:00.614+0000] {logging_mixin.py:137} INFO - [2023-03-01T15:29:00.614+0000] {dagbag.py:538} INFO - Filling up the DagBag from /home/airflow/.local/lib/python3.7/site-packages/airflow/example_dags/example_branch_operator.py
[2023-03-01T15:29:00.627+0000] {processor.py:753} INFO - DAG(s) dict_keys(['example_branch_operator']) retrieved from /home/airflow/.local/lib/python3.7/site-packages/airflow/example_dags/example_branch_operator.py
[2023-03-01T15:29:00.649+0000] {logging_mixin.py:137} INFO - [2023-03-01T15:29:00.649+0000] {dag.py:2690} INFO - Sync 1 DAGs
[2023-03-01T15:29:00.674+0000] {logging_mixin.py:137} INFO - [2023-03-01T15:29:00.674+0000] {dag.py:3441} INFO - Setting next_dagrun for example_branch_operator to 2023-02-28T00:00:00+00:00, run_after=2023-03-01T00:00:00+00:00
[2023-03-01T15:29:00.692+0000] {processor.py:175} INFO - Processing /home/airflow/.local/lib/python3.7/site-packages/airflow/example_dags/example_branch_operator.py took 0.080 seconds
[2023-03-01T15:29:31.107+0000] {processor.py:153} INFO - Started process (PID=2029) to work on /home/airflow/.local/lib/python3.7/site-packages/airflow/example_dags/example_branch_operator.py
[2023-03-01T15:29:31.107+0000] {processor.py:743} INFO - Processing file /home/airflow/.local/lib/python3.7/site-packages/airflow/example_dags/example_branch_operator.py for tasks to queue
[2023-03-01T15:29:31.108+0000] {logging_mixin.py:137} INFO - [2023-03-01T15:29:31.108+0000] {dagbag.py:538} INFO - Filling up the DagBag from /home/airflow/.local/lib/python3.7/site-packages/airflow/example_dags/example_branch_operator.py
[2023-03-01T15:29:31.120+0000] {processor.py:753} INFO - DAG(s) dict_keys(['example_branch_operator']) retrieved from /home/airflow/.local/lib/python3.7/site-packages/airflow/example_dags/example_branch_operator.py
[2023-03-01T15:29:31.143+0000] {logging_mixin.py:137} INFO - [2023-03-01T15:29:31.143+0000] {dag.py:2690} INFO - Sync 1 DAGs
[2023-03-01T15:29:31.168+0000] {logging_mixin.py:137} INFO - [2023-03-01T15:29:31.168+0000] {dag.py:3441} INFO - Setting next_dagrun for example_branch_operator to 2023-02-28T00:00:00+00:00, run_after=2023-03-01T00:00:00+00:00
[2023-03-01T15:29:31.187+0000] {processor.py:175} INFO - Processing /home/airflow/.local/lib/python3.7/site-packages/airflow/example_dags/example_branch_operator.py took 0.083 seconds
[2023-03-01T15:30:01.932+0000] {processor.py:153} INFO - Started process (PID=2108) to work on /home/airflow/.local/lib/python3.7/site-packages/airflow/example_dags/example_branch_operator.py
[2023-03-01T15:30:01.932+0000] {processor.py:743} INFO - Processing file /home/airflow/.local/lib/python3.7/site-packages/airflow/example_dags/example_branch_operator.py for tasks to queue
[2023-03-01T15:30:01.933+0000] {logging_mixin.py:137} INFO - [2023-03-01T15:30:01.933+0000] {dagbag.py:538} INFO - Filling up the DagBag from /home/airflow/.local/lib/python3.7/site-packages/airflow/example_dags/example_branch_operator.py
[2023-03-01T15:30:01.948+0000] {processor.py:753} INFO - DAG(s) dict_keys(['example_branch_operator']) retrieved from /home/airflow/.local/lib/python3.7/site-packages/airflow/example_dags/example_branch_operator.py
[2023-03-01T15:30:01.976+0000] {logging_mixin.py:137} INFO - [2023-03-01T15:30:01.976+0000] {dag.py:2690} INFO - Sync 1 DAGs
[2023-03-01T15:30:02.004+0000] {logging_mixin.py:137} INFO - [2023-03-01T15:30:02.003+0000] {dag.py:3441} INFO - Setting next_dagrun for example_branch_operator to 2023-02-28T00:00:00+00:00, run_after=2023-03-01T00:00:00+00:00
[2023-03-01T15:30:02.024+0000] {processor.py:175} INFO - Processing /home/airflow/.local/lib/python3.7/site-packages/airflow/example_dags/example_branch_operator.py took 0.095 seconds
[2023-03-01T15:30:32.630+0000] {processor.py:153} INFO - Started process (PID=2208) to work on /home/airflow/.local/lib/python3.7/site-packages/airflow/example_dags/example_branch_operator.py
[2023-03-01T15:30:32.631+0000] {processor.py:743} INFO - Processing file /home/airflow/.local/lib/python3.7/site-packages/airflow/example_dags/example_branch_operator.py for tasks to queue
[2023-03-01T15:30:32.631+0000] {logging_mixin.py:137} INFO - [2023-03-01T15:30:32.631+0000] {dagbag.py:538} INFO - Filling up the DagBag from /home/airflow/.local/lib/python3.7/site-packages/airflow/example_dags/example_branch_operator.py
[2023-03-01T15:30:32.644+0000] {processor.py:753} INFO - DAG(s) dict_keys(['example_branch_operator']) retrieved from /home/airflow/.local/lib/python3.7/site-packages/airflow/example_dags/example_branch_operator.py
[2023-03-01T15:30:32.666+0000] {logging_mixin.py:137} INFO - [2023-03-01T15:30:32.666+0000] {dag.py:2690} INFO - Sync 1 DAGs
[2023-03-01T15:30:32.691+0000] {logging_mixin.py:137} INFO - [2023-03-01T15:30:32.691+0000] {dag.py:3441} INFO - Setting next_dagrun for example_branch_operator to 2023-02-28T00:00:00+00:00, run_after=2023-03-01T00:00:00+00:00
[2023-03-01T15:30:32.709+0000] {processor.py:175} INFO - Processing /home/airflow/.local/lib/python3.7/site-packages/airflow/example_dags/example_branch_operator.py took 0.081 seconds
[2023-03-01T15:31:03.386+0000] {processor.py:153} INFO - Started process (PID=2287) to work on /home/airflow/.local/lib/python3.7/site-packages/airflow/example_dags/example_branch_operator.py
[2023-03-01T15:31:03.387+0000] {processor.py:743} INFO - Processing file /home/airflow/.local/lib/python3.7/site-packages/airflow/example_dags/example_branch_operator.py for tasks to queue
[2023-03-01T15:31:03.387+0000] {logging_mixin.py:137} INFO - [2023-03-01T15:31:03.387+0000] {dagbag.py:538} INFO - Filling up the DagBag from /home/airflow/.local/lib/python3.7/site-packages/airflow/example_dags/example_branch_operator.py
[2023-03-01T15:31:03.400+0000] {processor.py:753} INFO - DAG(s) dict_keys(['example_branch_operator']) retrieved from /home/airflow/.local/lib/python3.7/site-packages/airflow/example_dags/example_branch_operator.py
[2023-03-01T15:31:03.423+0000] {logging_mixin.py:137} INFO - [2023-03-01T15:31:03.422+0000] {dag.py:2690} INFO - Sync 1 DAGs
[2023-03-01T15:31:03.446+0000] {logging_mixin.py:137} INFO - [2023-03-01T15:31:03.446+0000] {dag.py:3441} INFO - Setting next_dagrun for example_branch_operator to 2023-02-28T00:00:00+00:00, run_after=2023-03-01T00:00:00+00:00
[2023-03-01T15:31:03.464+0000] {processor.py:175} INFO - Processing /home/airflow/.local/lib/python3.7/site-packages/airflow/example_dags/example_branch_operator.py took 0.080 seconds
[2023-03-01T15:31:34.164+0000] {processor.py:153} INFO - Started process (PID=2386) to work on /home/airflow/.local/lib/python3.7/site-packages/airflow/example_dags/example_branch_operator.py
[2023-03-01T15:31:34.164+0000] {processor.py:743} INFO - Processing file /home/airflow/.local/lib/python3.7/site-packages/airflow/example_dags/example_branch_operator.py for tasks to queue
[2023-03-01T15:31:34.165+0000] {logging_mixin.py:137} INFO - [2023-03-01T15:31:34.165+0000] {dagbag.py:538} INFO - Filling up the DagBag from /home/airflow/.local/lib/python3.7/site-packages/airflow/example_dags/example_branch_operator.py
[2023-03-01T15:31:34.178+0000] {processor.py:753} INFO - DAG(s) dict_keys(['example_branch_operator']) retrieved from /home/airflow/.local/lib/python3.7/site-packages/airflow/example_dags/example_branch_operator.py
[2023-03-01T15:31:34.202+0000] {logging_mixin.py:137} INFO - [2023-03-01T15:31:34.202+0000] {dag.py:2690} INFO - Sync 1 DAGs
[2023-03-01T15:31:34.226+0000] {logging_mixin.py:137} INFO - [2023-03-01T15:31:34.226+0000] {dag.py:3441} INFO - Setting next_dagrun for example_branch_operator to 2023-02-28T00:00:00+00:00, run_after=2023-03-01T00:00:00+00:00
[2023-03-01T15:31:34.245+0000] {processor.py:175} INFO - Processing /home/airflow/.local/lib/python3.7/site-packages/airflow/example_dags/example_branch_operator.py took 0.084 seconds
[2023-03-01T15:32:04.801+0000] {processor.py:153} INFO - Started process (PID=2465) to work on /home/airflow/.local/lib/python3.7/site-packages/airflow/example_dags/example_branch_operator.py
[2023-03-01T15:32:04.802+0000] {processor.py:743} INFO - Processing file /home/airflow/.local/lib/python3.7/site-packages/airflow/example_dags/example_branch_operator.py for tasks to queue
[2023-03-01T15:32:04.802+0000] {logging_mixin.py:137} INFO - [2023-03-01T15:32:04.802+0000] {dagbag.py:538} INFO - Filling up the DagBag from /home/airflow/.local/lib/python3.7/site-packages/airflow/example_dags/example_branch_operator.py
[2023-03-01T15:32:04.814+0000] {processor.py:753} INFO - DAG(s) dict_keys(['example_branch_operator']) retrieved from /home/airflow/.local/lib/python3.7/site-packages/airflow/example_dags/example_branch_operator.py
[2023-03-01T15:32:04.837+0000] {logging_mixin.py:137} INFO - [2023-03-01T15:32:04.837+0000] {dag.py:2690} INFO - Sync 1 DAGs
[2023-03-01T15:32:04.861+0000] {logging_mixin.py:137} INFO - [2023-03-01T15:32:04.861+0000] {dag.py:3441} INFO - Setting next_dagrun for example_branch_operator to 2023-02-28T00:00:00+00:00, run_after=2023-03-01T00:00:00+00:00
[2023-03-01T15:32:04.883+0000] {processor.py:175} INFO - Processing /home/airflow/.local/lib/python3.7/site-packages/airflow/example_dags/example_branch_operator.py took 0.084 seconds
[2023-03-01T15:32:35.428+0000] {processor.py:153} INFO - Started process (PID=2564) to work on /home/airflow/.local/lib/python3.7/site-packages/airflow/example_dags/example_branch_operator.py
[2023-03-01T15:32:35.428+0000] {processor.py:743} INFO - Processing file /home/airflow/.local/lib/python3.7/site-packages/airflow/example_dags/example_branch_operator.py for tasks to queue
[2023-03-01T15:32:35.429+0000] {logging_mixin.py:137} INFO - [2023-03-01T15:32:35.429+0000] {dagbag.py:538} INFO - Filling up the DagBag from /home/airflow/.local/lib/python3.7/site-packages/airflow/example_dags/example_branch_operator.py
[2023-03-01T15:32:35.442+0000] {processor.py:753} INFO - DAG(s) dict_keys(['example_branch_operator']) retrieved from /home/airflow/.local/lib/python3.7/site-packages/airflow/example_dags/example_branch_operator.py
[2023-03-01T15:32:35.464+0000] {logging_mixin.py:137} INFO - [2023-03-01T15:32:35.464+0000] {dag.py:2690} INFO - Sync 1 DAGs
[2023-03-01T15:32:35.489+0000] {logging_mixin.py:137} INFO - [2023-03-01T15:32:35.489+0000] {dag.py:3441} INFO - Setting next_dagrun for example_branch_operator to 2023-02-28T00:00:00+00:00, run_after=2023-03-01T00:00:00+00:00
[2023-03-01T15:32:35.506+0000] {processor.py:175} INFO - Processing /home/airflow/.local/lib/python3.7/site-packages/airflow/example_dags/example_branch_operator.py took 0.081 seconds
[2023-03-01T15:33:06.094+0000] {processor.py:153} INFO - Started process (PID=2652) to work on /home/airflow/.local/lib/python3.7/site-packages/airflow/example_dags/example_branch_operator.py
[2023-03-01T15:33:06.095+0000] {processor.py:743} INFO - Processing file /home/airflow/.local/lib/python3.7/site-packages/airflow/example_dags/example_branch_operator.py for tasks to queue
[2023-03-01T15:33:06.095+0000] {logging_mixin.py:137} INFO - [2023-03-01T15:33:06.095+0000] {dagbag.py:538} INFO - Filling up the DagBag from /home/airflow/.local/lib/python3.7/site-packages/airflow/example_dags/example_branch_operator.py
[2023-03-01T15:33:06.108+0000] {processor.py:753} INFO - DAG(s) dict_keys(['example_branch_operator']) retrieved from /home/airflow/.local/lib/python3.7/site-packages/airflow/example_dags/example_branch_operator.py
[2023-03-01T15:33:06.133+0000] {logging_mixin.py:137} INFO - [2023-03-01T15:33:06.132+0000] {dag.py:2690} INFO - Sync 1 DAGs
[2023-03-01T15:33:06.159+0000] {logging_mixin.py:137} INFO - [2023-03-01T15:33:06.159+0000] {dag.py:3441} INFO - Setting next_dagrun for example_branch_operator to 2023-02-28T00:00:00+00:00, run_after=2023-03-01T00:00:00+00:00
[2023-03-01T15:33:06.178+0000] {processor.py:175} INFO - Processing /home/airflow/.local/lib/python3.7/site-packages/airflow/example_dags/example_branch_operator.py took 0.087 seconds
[2023-03-01T15:33:36.816+0000] {processor.py:153} INFO - Started process (PID=2742) to work on /home/airflow/.local/lib/python3.7/site-packages/airflow/example_dags/example_branch_operator.py
[2023-03-01T15:33:36.817+0000] {processor.py:743} INFO - Processing file /home/airflow/.local/lib/python3.7/site-packages/airflow/example_dags/example_branch_operator.py for tasks to queue
[2023-03-01T15:33:36.818+0000] {logging_mixin.py:137} INFO - [2023-03-01T15:33:36.817+0000] {dagbag.py:538} INFO - Filling up the DagBag from /home/airflow/.local/lib/python3.7/site-packages/airflow/example_dags/example_branch_operator.py
[2023-03-01T15:33:36.831+0000] {processor.py:753} INFO - DAG(s) dict_keys(['example_branch_operator']) retrieved from /home/airflow/.local/lib/python3.7/site-packages/airflow/example_dags/example_branch_operator.py
[2023-03-01T15:33:36.854+0000] {logging_mixin.py:137} INFO - [2023-03-01T15:33:36.853+0000] {dag.py:2690} INFO - Sync 1 DAGs
[2023-03-01T15:33:36.876+0000] {logging_mixin.py:137} INFO - [2023-03-01T15:33:36.876+0000] {dag.py:3441} INFO - Setting next_dagrun for example_branch_operator to 2023-02-28T00:00:00+00:00, run_after=2023-03-01T00:00:00+00:00
[2023-03-01T15:33:36.893+0000] {processor.py:175} INFO - Processing /home/airflow/.local/lib/python3.7/site-packages/airflow/example_dags/example_branch_operator.py took 0.079 seconds
[2023-03-01T15:34:07.325+0000] {processor.py:153} INFO - Started process (PID=2840) to work on /home/airflow/.local/lib/python3.7/site-packages/airflow/example_dags/example_branch_operator.py
[2023-03-01T15:34:07.326+0000] {processor.py:743} INFO - Processing file /home/airflow/.local/lib/python3.7/site-packages/airflow/example_dags/example_branch_operator.py for tasks to queue
[2023-03-01T15:34:07.326+0000] {logging_mixin.py:137} INFO - [2023-03-01T15:34:07.326+0000] {dagbag.py:538} INFO - Filling up the DagBag from /home/airflow/.local/lib/python3.7/site-packages/airflow/example_dags/example_branch_operator.py
[2023-03-01T15:34:07.340+0000] {processor.py:753} INFO - DAG(s) dict_keys(['example_branch_operator']) retrieved from /home/airflow/.local/lib/python3.7/site-packages/airflow/example_dags/example_branch_operator.py
[2023-03-01T15:34:07.364+0000] {logging_mixin.py:137} INFO - [2023-03-01T15:34:07.364+0000] {dag.py:2690} INFO - Sync 1 DAGs
[2023-03-01T15:34:07.390+0000] {logging_mixin.py:137} INFO - [2023-03-01T15:34:07.390+0000] {dag.py:3441} INFO - Setting next_dagrun for example_branch_operator to 2023-02-28T00:00:00+00:00, run_after=2023-03-01T00:00:00+00:00
[2023-03-01T15:34:07.413+0000] {processor.py:175} INFO - Processing /home/airflow/.local/lib/python3.7/site-packages/airflow/example_dags/example_branch_operator.py took 0.090 seconds
[2023-03-01T15:34:38.140+0000] {processor.py:153} INFO - Started process (PID=2920) to work on /home/airflow/.local/lib/python3.7/site-packages/airflow/example_dags/example_branch_operator.py
[2023-03-01T15:34:38.141+0000] {processor.py:743} INFO - Processing file /home/airflow/.local/lib/python3.7/site-packages/airflow/example_dags/example_branch_operator.py for tasks to queue
[2023-03-01T15:34:38.141+0000] {logging_mixin.py:137} INFO - [2023-03-01T15:34:38.141+0000] {dagbag.py:538} INFO - Filling up the DagBag from /home/airflow/.local/lib/python3.7/site-packages/airflow/example_dags/example_branch_operator.py
[2023-03-01T15:34:38.155+0000] {processor.py:753} INFO - DAG(s) dict_keys(['example_branch_operator']) retrieved from /home/airflow/.local/lib/python3.7/site-packages/airflow/example_dags/example_branch_operator.py
[2023-03-01T15:34:38.178+0000] {logging_mixin.py:137} INFO - [2023-03-01T15:34:38.178+0000] {dag.py:2690} INFO - Sync 1 DAGs
[2023-03-01T15:34:38.203+0000] {logging_mixin.py:137} INFO - [2023-03-01T15:34:38.203+0000] {dag.py:3441} INFO - Setting next_dagrun for example_branch_operator to 2023-02-28T00:00:00+00:00, run_after=2023-03-01T00:00:00+00:00
[2023-03-01T15:34:38.222+0000] {processor.py:175} INFO - Processing /home/airflow/.local/lib/python3.7/site-packages/airflow/example_dags/example_branch_operator.py took 0.083 seconds
[2023-03-01T15:35:08.726+0000] {processor.py:153} INFO - Started process (PID=3019) to work on /home/airflow/.local/lib/python3.7/site-packages/airflow/example_dags/example_branch_operator.py
[2023-03-01T15:35:08.727+0000] {processor.py:743} INFO - Processing file /home/airflow/.local/lib/python3.7/site-packages/airflow/example_dags/example_branch_operator.py for tasks to queue
[2023-03-01T15:35:08.727+0000] {logging_mixin.py:137} INFO - [2023-03-01T15:35:08.727+0000] {dagbag.py:538} INFO - Filling up the DagBag from /home/airflow/.local/lib/python3.7/site-packages/airflow/example_dags/example_branch_operator.py
[2023-03-01T15:35:08.741+0000] {processor.py:753} INFO - DAG(s) dict_keys(['example_branch_operator']) retrieved from /home/airflow/.local/lib/python3.7/site-packages/airflow/example_dags/example_branch_operator.py
[2023-03-01T15:35:08.765+0000] {logging_mixin.py:137} INFO - [2023-03-01T15:35:08.765+0000] {dag.py:2690} INFO - Sync 1 DAGs
[2023-03-01T15:35:08.787+0000] {logging_mixin.py:137} INFO - [2023-03-01T15:35:08.787+0000] {dag.py:3441} INFO - Setting next_dagrun for example_branch_operator to 2023-02-28T00:00:00+00:00, run_after=2023-03-01T00:00:00+00:00
[2023-03-01T15:35:08.807+0000] {processor.py:175} INFO - Processing /home/airflow/.local/lib/python3.7/site-packages/airflow/example_dags/example_branch_operator.py took 0.084 seconds
[2023-03-01T15:35:39.236+0000] {processor.py:153} INFO - Started process (PID=3098) to work on /home/airflow/.local/lib/python3.7/site-packages/airflow/example_dags/example_branch_operator.py
[2023-03-01T15:35:39.236+0000] {processor.py:743} INFO - Processing file /home/airflow/.local/lib/python3.7/site-packages/airflow/example_dags/example_branch_operator.py for tasks to queue
[2023-03-01T15:35:39.237+0000] {logging_mixin.py:137} INFO - [2023-03-01T15:35:39.237+0000] {dagbag.py:538} INFO - Filling up the DagBag from /home/airflow/.local/lib/python3.7/site-packages/airflow/example_dags/example_branch_operator.py
[2023-03-01T15:35:39.250+0000] {processor.py:753} INFO - DAG(s) dict_keys(['example_branch_operator']) retrieved from /home/airflow/.local/lib/python3.7/site-packages/airflow/example_dags/example_branch_operator.py
[2023-03-01T15:35:39.271+0000] {logging_mixin.py:137} INFO - [2023-03-01T15:35:39.271+0000] {dag.py:2690} INFO - Sync 1 DAGs
[2023-03-01T15:35:39.295+0000] {logging_mixin.py:137} INFO - [2023-03-01T15:35:39.295+0000] {dag.py:3441} INFO - Setting next_dagrun for example_branch_operator to 2023-02-28T00:00:00+00:00, run_after=2023-03-01T00:00:00+00:00
[2023-03-01T15:35:39.313+0000] {processor.py:175} INFO - Processing /home/airflow/.local/lib/python3.7/site-packages/airflow/example_dags/example_branch_operator.py took 0.079 seconds
[2023-03-01T15:36:09.732+0000] {processor.py:153} INFO - Started process (PID=3197) to work on /home/airflow/.local/lib/python3.7/site-packages/airflow/example_dags/example_branch_operator.py
[2023-03-01T15:36:09.733+0000] {processor.py:743} INFO - Processing file /home/airflow/.local/lib/python3.7/site-packages/airflow/example_dags/example_branch_operator.py for tasks to queue
[2023-03-01T15:36:09.734+0000] {logging_mixin.py:137} INFO - [2023-03-01T15:36:09.734+0000] {dagbag.py:538} INFO - Filling up the DagBag from /home/airflow/.local/lib/python3.7/site-packages/airflow/example_dags/example_branch_operator.py
[2023-03-01T15:36:09.751+0000] {processor.py:753} INFO - DAG(s) dict_keys(['example_branch_operator']) retrieved from /home/airflow/.local/lib/python3.7/site-packages/airflow/example_dags/example_branch_operator.py
[2023-03-01T15:36:09.775+0000] {logging_mixin.py:137} INFO - [2023-03-01T15:36:09.775+0000] {dag.py:2690} INFO - Sync 1 DAGs
[2023-03-01T15:36:09.803+0000] {logging_mixin.py:137} INFO - [2023-03-01T15:36:09.802+0000] {dag.py:3441} INFO - Setting next_dagrun for example_branch_operator to 2023-02-28T00:00:00+00:00, run_after=2023-03-01T00:00:00+00:00
[2023-03-01T15:36:09.822+0000] {processor.py:175} INFO - Processing /home/airflow/.local/lib/python3.7/site-packages/airflow/example_dags/example_branch_operator.py took 0.092 seconds
[2023-03-01T15:36:40.414+0000] {processor.py:153} INFO - Started process (PID=3276) to work on /home/airflow/.local/lib/python3.7/site-packages/airflow/example_dags/example_branch_operator.py
[2023-03-01T15:36:40.414+0000] {processor.py:743} INFO - Processing file /home/airflow/.local/lib/python3.7/site-packages/airflow/example_dags/example_branch_operator.py for tasks to queue
[2023-03-01T15:36:40.415+0000] {logging_mixin.py:137} INFO - [2023-03-01T15:36:40.415+0000] {dagbag.py:538} INFO - Filling up the DagBag from /home/airflow/.local/lib/python3.7/site-packages/airflow/example_dags/example_branch_operator.py
[2023-03-01T15:36:40.429+0000] {processor.py:753} INFO - DAG(s) dict_keys(['example_branch_operator']) retrieved from /home/airflow/.local/lib/python3.7/site-packages/airflow/example_dags/example_branch_operator.py
[2023-03-01T15:36:40.454+0000] {logging_mixin.py:137} INFO - [2023-03-01T15:36:40.454+0000] {dag.py:2690} INFO - Sync 1 DAGs
[2023-03-01T15:36:40.481+0000] {logging_mixin.py:137} INFO - [2023-03-01T15:36:40.481+0000] {dag.py:3441} INFO - Setting next_dagrun for example_branch_operator to 2023-02-28T00:00:00+00:00, run_after=2023-03-01T00:00:00+00:00
[2023-03-01T15:36:40.500+0000] {processor.py:175} INFO - Processing /home/airflow/.local/lib/python3.7/site-packages/airflow/example_dags/example_branch_operator.py took 0.089 seconds
[2023-03-01T15:37:10.910+0000] {processor.py:153} INFO - Started process (PID=3375) to work on /home/airflow/.local/lib/python3.7/site-packages/airflow/example_dags/example_branch_operator.py
[2023-03-01T15:37:10.911+0000] {processor.py:743} INFO - Processing file /home/airflow/.local/lib/python3.7/site-packages/airflow/example_dags/example_branch_operator.py for tasks to queue
[2023-03-01T15:37:10.911+0000] {logging_mixin.py:137} INFO - [2023-03-01T15:37:10.911+0000] {dagbag.py:538} INFO - Filling up the DagBag from /home/airflow/.local/lib/python3.7/site-packages/airflow/example_dags/example_branch_operator.py
[2023-03-01T15:37:10.924+0000] {processor.py:753} INFO - DAG(s) dict_keys(['example_branch_operator']) retrieved from /home/airflow/.local/lib/python3.7/site-packages/airflow/example_dags/example_branch_operator.py
[2023-03-01T15:37:10.946+0000] {logging_mixin.py:137} INFO - [2023-03-01T15:37:10.946+0000] {dag.py:2690} INFO - Sync 1 DAGs
[2023-03-01T15:37:10.967+0000] {logging_mixin.py:137} INFO - [2023-03-01T15:37:10.967+0000] {dag.py:3441} INFO - Setting next_dagrun for example_branch_operator to 2023-02-28T00:00:00+00:00, run_after=2023-03-01T00:00:00+00:00
[2023-03-01T15:37:10.984+0000] {processor.py:175} INFO - Processing /home/airflow/.local/lib/python3.7/site-packages/airflow/example_dags/example_branch_operator.py took 0.075 seconds
[2023-03-01T15:37:41.724+0000] {processor.py:153} INFO - Started process (PID=3454) to work on /home/airflow/.local/lib/python3.7/site-packages/airflow/example_dags/example_branch_operator.py
[2023-03-01T15:37:41.725+0000] {processor.py:743} INFO - Processing file /home/airflow/.local/lib/python3.7/site-packages/airflow/example_dags/example_branch_operator.py for tasks to queue
[2023-03-01T15:37:41.725+0000] {logging_mixin.py:137} INFO - [2023-03-01T15:37:41.725+0000] {dagbag.py:538} INFO - Filling up the DagBag from /home/airflow/.local/lib/python3.7/site-packages/airflow/example_dags/example_branch_operator.py
[2023-03-01T15:37:41.738+0000] {processor.py:753} INFO - DAG(s) dict_keys(['example_branch_operator']) retrieved from /home/airflow/.local/lib/python3.7/site-packages/airflow/example_dags/example_branch_operator.py
[2023-03-01T15:37:41.760+0000] {logging_mixin.py:137} INFO - [2023-03-01T15:37:41.759+0000] {dag.py:2690} INFO - Sync 1 DAGs
[2023-03-01T15:37:41.784+0000] {logging_mixin.py:137} INFO - [2023-03-01T15:37:41.784+0000] {dag.py:3441} INFO - Setting next_dagrun for example_branch_operator to 2023-02-28T00:00:00+00:00, run_after=2023-03-01T00:00:00+00:00
[2023-03-01T15:37:41.802+0000] {processor.py:175} INFO - Processing /home/airflow/.local/lib/python3.7/site-packages/airflow/example_dags/example_branch_operator.py took 0.080 seconds
[2023-03-01T15:38:12.327+0000] {processor.py:153} INFO - Started process (PID=3553) to work on /home/airflow/.local/lib/python3.7/site-packages/airflow/example_dags/example_branch_operator.py
[2023-03-01T15:38:12.328+0000] {processor.py:743} INFO - Processing file /home/airflow/.local/lib/python3.7/site-packages/airflow/example_dags/example_branch_operator.py for tasks to queue
[2023-03-01T15:38:12.328+0000] {logging_mixin.py:137} INFO - [2023-03-01T15:38:12.328+0000] {dagbag.py:538} INFO - Filling up the DagBag from /home/airflow/.local/lib/python3.7/site-packages/airflow/example_dags/example_branch_operator.py
[2023-03-01T15:38:12.341+0000] {processor.py:753} INFO - DAG(s) dict_keys(['example_branch_operator']) retrieved from /home/airflow/.local/lib/python3.7/site-packages/airflow/example_dags/example_branch_operator.py
[2023-03-01T15:38:12.364+0000] {logging_mixin.py:137} INFO - [2023-03-01T15:38:12.364+0000] {dag.py:2690} INFO - Sync 1 DAGs
[2023-03-01T15:38:12.388+0000] {logging_mixin.py:137} INFO - [2023-03-01T15:38:12.388+0000] {dag.py:3441} INFO - Setting next_dagrun for example_branch_operator to 2023-02-28T00:00:00+00:00, run_after=2023-03-01T00:00:00+00:00
[2023-03-01T15:38:12.408+0000] {processor.py:175} INFO - Processing /home/airflow/.local/lib/python3.7/site-packages/airflow/example_dags/example_branch_operator.py took 0.083 seconds
[2023-03-01T15:38:43.016+0000] {processor.py:153} INFO - Started process (PID=3632) to work on /home/airflow/.local/lib/python3.7/site-packages/airflow/example_dags/example_branch_operator.py
[2023-03-01T15:38:43.017+0000] {processor.py:743} INFO - Processing file /home/airflow/.local/lib/python3.7/site-packages/airflow/example_dags/example_branch_operator.py for tasks to queue
[2023-03-01T15:38:43.017+0000] {logging_mixin.py:137} INFO - [2023-03-01T15:38:43.017+0000] {dagbag.py:538} INFO - Filling up the DagBag from /home/airflow/.local/lib/python3.7/site-packages/airflow/example_dags/example_branch_operator.py
[2023-03-01T15:38:43.032+0000] {processor.py:753} INFO - DAG(s) dict_keys(['example_branch_operator']) retrieved from /home/airflow/.local/lib/python3.7/site-packages/airflow/example_dags/example_branch_operator.py
[2023-03-01T15:38:43.058+0000] {logging_mixin.py:137} INFO - [2023-03-01T15:38:43.058+0000] {dag.py:2690} INFO - Sync 1 DAGs
[2023-03-01T15:38:43.082+0000] {logging_mixin.py:137} INFO - [2023-03-01T15:38:43.081+0000] {dag.py:3441} INFO - Setting next_dagrun for example_branch_operator to 2023-02-28T00:00:00+00:00, run_after=2023-03-01T00:00:00+00:00
[2023-03-01T15:38:43.100+0000] {processor.py:175} INFO - Processing /home/airflow/.local/lib/python3.7/site-packages/airflow/example_dags/example_branch_operator.py took 0.087 seconds
[2023-03-01T15:39:13.466+0000] {processor.py:153} INFO - Started process (PID=3732) to work on /home/airflow/.local/lib/python3.7/site-packages/airflow/example_dags/example_branch_operator.py
[2023-03-01T15:39:13.467+0000] {processor.py:743} INFO - Processing file /home/airflow/.local/lib/python3.7/site-packages/airflow/example_dags/example_branch_operator.py for tasks to queue
[2023-03-01T15:39:13.467+0000] {logging_mixin.py:137} INFO - [2023-03-01T15:39:13.467+0000] {dagbag.py:538} INFO - Filling up the DagBag from /home/airflow/.local/lib/python3.7/site-packages/airflow/example_dags/example_branch_operator.py
[2023-03-01T15:39:13.480+0000] {processor.py:753} INFO - DAG(s) dict_keys(['example_branch_operator']) retrieved from /home/airflow/.local/lib/python3.7/site-packages/airflow/example_dags/example_branch_operator.py
[2023-03-01T15:39:13.502+0000] {logging_mixin.py:137} INFO - [2023-03-01T15:39:13.502+0000] {dag.py:2690} INFO - Sync 1 DAGs
[2023-03-01T15:39:13.526+0000] {logging_mixin.py:137} INFO - [2023-03-01T15:39:13.525+0000] {dag.py:3441} INFO - Setting next_dagrun for example_branch_operator to 2023-02-28T00:00:00+00:00, run_after=2023-03-01T00:00:00+00:00
[2023-03-01T15:39:13.545+0000] {processor.py:175} INFO - Processing /home/airflow/.local/lib/python3.7/site-packages/airflow/example_dags/example_branch_operator.py took 0.081 seconds
[2023-03-01T15:39:43.766+0000] {processor.py:153} INFO - Started process (PID=3811) to work on /home/airflow/.local/lib/python3.7/site-packages/airflow/example_dags/example_branch_operator.py
[2023-03-01T15:39:43.766+0000] {processor.py:743} INFO - Processing file /home/airflow/.local/lib/python3.7/site-packages/airflow/example_dags/example_branch_operator.py for tasks to queue
[2023-03-01T15:39:43.767+0000] {logging_mixin.py:137} INFO - [2023-03-01T15:39:43.767+0000] {dagbag.py:538} INFO - Filling up the DagBag from /home/airflow/.local/lib/python3.7/site-packages/airflow/example_dags/example_branch_operator.py
[2023-03-01T15:39:43.779+0000] {processor.py:753} INFO - DAG(s) dict_keys(['example_branch_operator']) retrieved from /home/airflow/.local/lib/python3.7/site-packages/airflow/example_dags/example_branch_operator.py
[2023-03-01T15:39:43.802+0000] {logging_mixin.py:137} INFO - [2023-03-01T15:39:43.802+0000] {dag.py:2690} INFO - Sync 1 DAGs
[2023-03-01T15:39:43.826+0000] {logging_mixin.py:137} INFO - [2023-03-01T15:39:43.825+0000] {dag.py:3441} INFO - Setting next_dagrun for example_branch_operator to 2023-02-28T00:00:00+00:00, run_after=2023-03-01T00:00:00+00:00
[2023-03-01T15:39:43.844+0000] {processor.py:175} INFO - Processing /home/airflow/.local/lib/python3.7/site-packages/airflow/example_dags/example_branch_operator.py took 0.082 seconds
[2023-03-01T15:40:14.510+0000] {processor.py:153} INFO - Started process (PID=3910) to work on /home/airflow/.local/lib/python3.7/site-packages/airflow/example_dags/example_branch_operator.py
[2023-03-01T15:40:14.511+0000] {processor.py:743} INFO - Processing file /home/airflow/.local/lib/python3.7/site-packages/airflow/example_dags/example_branch_operator.py for tasks to queue
[2023-03-01T15:40:14.511+0000] {logging_mixin.py:137} INFO - [2023-03-01T15:40:14.511+0000] {dagbag.py:538} INFO - Filling up the DagBag from /home/airflow/.local/lib/python3.7/site-packages/airflow/example_dags/example_branch_operator.py
[2023-03-01T15:40:14.525+0000] {processor.py:753} INFO - DAG(s) dict_keys(['example_branch_operator']) retrieved from /home/airflow/.local/lib/python3.7/site-packages/airflow/example_dags/example_branch_operator.py
[2023-03-01T15:40:14.548+0000] {logging_mixin.py:137} INFO - [2023-03-01T15:40:14.548+0000] {dag.py:2690} INFO - Sync 1 DAGs
[2023-03-01T15:40:14.572+0000] {logging_mixin.py:137} INFO - [2023-03-01T15:40:14.571+0000] {dag.py:3441} INFO - Setting next_dagrun for example_branch_operator to 2023-02-28T00:00:00+00:00, run_after=2023-03-01T00:00:00+00:00
[2023-03-01T15:40:14.589+0000] {processor.py:175} INFO - Processing /home/airflow/.local/lib/python3.7/site-packages/airflow/example_dags/example_branch_operator.py took 0.081 seconds
[2023-03-01T15:40:45.134+0000] {processor.py:153} INFO - Started process (PID=3989) to work on /home/airflow/.local/lib/python3.7/site-packages/airflow/example_dags/example_branch_operator.py
[2023-03-01T15:40:45.135+0000] {processor.py:743} INFO - Processing file /home/airflow/.local/lib/python3.7/site-packages/airflow/example_dags/example_branch_operator.py for tasks to queue
[2023-03-01T15:40:45.135+0000] {logging_mixin.py:137} INFO - [2023-03-01T15:40:45.135+0000] {dagbag.py:538} INFO - Filling up the DagBag from /home/airflow/.local/lib/python3.7/site-packages/airflow/example_dags/example_branch_operator.py
[2023-03-01T15:40:45.147+0000] {processor.py:753} INFO - DAG(s) dict_keys(['example_branch_operator']) retrieved from /home/airflow/.local/lib/python3.7/site-packages/airflow/example_dags/example_branch_operator.py
[2023-03-01T15:40:45.169+0000] {logging_mixin.py:137} INFO - [2023-03-01T15:40:45.169+0000] {dag.py:2690} INFO - Sync 1 DAGs
[2023-03-01T15:40:45.194+0000] {logging_mixin.py:137} INFO - [2023-03-01T15:40:45.194+0000] {dag.py:3441} INFO - Setting next_dagrun for example_branch_operator to 2023-02-28T00:00:00+00:00, run_after=2023-03-01T00:00:00+00:00
[2023-03-01T15:40:45.213+0000] {processor.py:175} INFO - Processing /home/airflow/.local/lib/python3.7/site-packages/airflow/example_dags/example_branch_operator.py took 0.081 seconds
[2023-03-01T15:41:15.905+0000] {processor.py:153} INFO - Started process (PID=4088) to work on /home/airflow/.local/lib/python3.7/site-packages/airflow/example_dags/example_branch_operator.py
[2023-03-01T15:41:15.906+0000] {processor.py:743} INFO - Processing file /home/airflow/.local/lib/python3.7/site-packages/airflow/example_dags/example_branch_operator.py for tasks to queue
[2023-03-01T15:41:15.906+0000] {logging_mixin.py:137} INFO - [2023-03-01T15:41:15.906+0000] {dagbag.py:538} INFO - Filling up the DagBag from /home/airflow/.local/lib/python3.7/site-packages/airflow/example_dags/example_branch_operator.py
[2023-03-01T15:41:15.919+0000] {processor.py:753} INFO - DAG(s) dict_keys(['example_branch_operator']) retrieved from /home/airflow/.local/lib/python3.7/site-packages/airflow/example_dags/example_branch_operator.py
[2023-03-01T15:41:15.941+0000] {logging_mixin.py:137} INFO - [2023-03-01T15:41:15.941+0000] {dag.py:2690} INFO - Sync 1 DAGs
[2023-03-01T15:41:15.965+0000] {logging_mixin.py:137} INFO - [2023-03-01T15:41:15.964+0000] {dag.py:3441} INFO - Setting next_dagrun for example_branch_operator to 2023-02-28T00:00:00+00:00, run_after=2023-03-01T00:00:00+00:00
[2023-03-01T15:41:15.982+0000] {processor.py:175} INFO - Processing /home/airflow/.local/lib/python3.7/site-packages/airflow/example_dags/example_branch_operator.py took 0.079 seconds
[2023-03-01T15:41:46.582+0000] {processor.py:153} INFO - Started process (PID=4167) to work on /home/airflow/.local/lib/python3.7/site-packages/airflow/example_dags/example_branch_operator.py
[2023-03-01T15:41:46.583+0000] {processor.py:743} INFO - Processing file /home/airflow/.local/lib/python3.7/site-packages/airflow/example_dags/example_branch_operator.py for tasks to queue
[2023-03-01T15:41:46.583+0000] {logging_mixin.py:137} INFO - [2023-03-01T15:41:46.583+0000] {dagbag.py:538} INFO - Filling up the DagBag from /home/airflow/.local/lib/python3.7/site-packages/airflow/example_dags/example_branch_operator.py
[2023-03-01T15:41:46.597+0000] {processor.py:753} INFO - DAG(s) dict_keys(['example_branch_operator']) retrieved from /home/airflow/.local/lib/python3.7/site-packages/airflow/example_dags/example_branch_operator.py
[2023-03-01T15:41:46.618+0000] {logging_mixin.py:137} INFO - [2023-03-01T15:41:46.617+0000] {dag.py:2690} INFO - Sync 1 DAGs
[2023-03-01T15:41:46.639+0000] {logging_mixin.py:137} INFO - [2023-03-01T15:41:46.639+0000] {dag.py:3441} INFO - Setting next_dagrun for example_branch_operator to 2023-02-28T00:00:00+00:00, run_after=2023-03-01T00:00:00+00:00
[2023-03-01T15:41:46.657+0000] {processor.py:175} INFO - Processing /home/airflow/.local/lib/python3.7/site-packages/airflow/example_dags/example_branch_operator.py took 0.077 seconds
[2023-03-01T15:42:17.177+0000] {processor.py:153} INFO - Started process (PID=4266) to work on /home/airflow/.local/lib/python3.7/site-packages/airflow/example_dags/example_branch_operator.py
[2023-03-01T15:42:17.178+0000] {processor.py:743} INFO - Processing file /home/airflow/.local/lib/python3.7/site-packages/airflow/example_dags/example_branch_operator.py for tasks to queue
[2023-03-01T15:42:17.179+0000] {logging_mixin.py:137} INFO - [2023-03-01T15:42:17.179+0000] {dagbag.py:538} INFO - Filling up the DagBag from /home/airflow/.local/lib/python3.7/site-packages/airflow/example_dags/example_branch_operator.py
[2023-03-01T15:42:17.191+0000] {processor.py:753} INFO - DAG(s) dict_keys(['example_branch_operator']) retrieved from /home/airflow/.local/lib/python3.7/site-packages/airflow/example_dags/example_branch_operator.py
[2023-03-01T15:42:17.213+0000] {logging_mixin.py:137} INFO - [2023-03-01T15:42:17.213+0000] {dag.py:2690} INFO - Sync 1 DAGs
[2023-03-01T15:42:17.236+0000] {logging_mixin.py:137} INFO - [2023-03-01T15:42:17.236+0000] {dag.py:3441} INFO - Setting next_dagrun for example_branch_operator to 2023-02-28T00:00:00+00:00, run_after=2023-03-01T00:00:00+00:00
[2023-03-01T15:42:17.252+0000] {processor.py:175} INFO - Processing /home/airflow/.local/lib/python3.7/site-packages/airflow/example_dags/example_branch_operator.py took 0.078 seconds
[2023-03-01T15:42:47.971+0000] {processor.py:153} INFO - Started process (PID=4354) to work on /home/airflow/.local/lib/python3.7/site-packages/airflow/example_dags/example_branch_operator.py
[2023-03-01T15:42:47.971+0000] {processor.py:743} INFO - Processing file /home/airflow/.local/lib/python3.7/site-packages/airflow/example_dags/example_branch_operator.py for tasks to queue
[2023-03-01T15:42:47.972+0000] {logging_mixin.py:137} INFO - [2023-03-01T15:42:47.972+0000] {dagbag.py:538} INFO - Filling up the DagBag from /home/airflow/.local/lib/python3.7/site-packages/airflow/example_dags/example_branch_operator.py
[2023-03-01T15:42:47.986+0000] {processor.py:753} INFO - DAG(s) dict_keys(['example_branch_operator']) retrieved from /home/airflow/.local/lib/python3.7/site-packages/airflow/example_dags/example_branch_operator.py
[2023-03-01T15:42:48.011+0000] {logging_mixin.py:137} INFO - [2023-03-01T15:42:48.010+0000] {dag.py:2690} INFO - Sync 1 DAGs
[2023-03-01T15:42:48.036+0000] {logging_mixin.py:137} INFO - [2023-03-01T15:42:48.036+0000] {dag.py:3441} INFO - Setting next_dagrun for example_branch_operator to 2023-02-28T00:00:00+00:00, run_after=2023-03-01T00:00:00+00:00
[2023-03-01T15:42:48.057+0000] {processor.py:175} INFO - Processing /home/airflow/.local/lib/python3.7/site-packages/airflow/example_dags/example_branch_operator.py took 0.090 seconds
[2023-03-01T15:43:18.439+0000] {processor.py:153} INFO - Started process (PID=4444) to work on /home/airflow/.local/lib/python3.7/site-packages/airflow/example_dags/example_branch_operator.py
[2023-03-01T15:43:18.440+0000] {processor.py:743} INFO - Processing file /home/airflow/.local/lib/python3.7/site-packages/airflow/example_dags/example_branch_operator.py for tasks to queue
[2023-03-01T15:43:18.440+0000] {logging_mixin.py:137} INFO - [2023-03-01T15:43:18.440+0000] {dagbag.py:538} INFO - Filling up the DagBag from /home/airflow/.local/lib/python3.7/site-packages/airflow/example_dags/example_branch_operator.py
[2023-03-01T15:43:18.454+0000] {processor.py:753} INFO - DAG(s) dict_keys(['example_branch_operator']) retrieved from /home/airflow/.local/lib/python3.7/site-packages/airflow/example_dags/example_branch_operator.py
[2023-03-01T15:43:18.475+0000] {logging_mixin.py:137} INFO - [2023-03-01T15:43:18.475+0000] {dag.py:2690} INFO - Sync 1 DAGs
[2023-03-01T15:43:18.500+0000] {logging_mixin.py:137} INFO - [2023-03-01T15:43:18.500+0000] {dag.py:3441} INFO - Setting next_dagrun for example_branch_operator to 2023-02-28T00:00:00+00:00, run_after=2023-03-01T00:00:00+00:00
[2023-03-01T15:43:18.519+0000] {processor.py:175} INFO - Processing /home/airflow/.local/lib/python3.7/site-packages/airflow/example_dags/example_branch_operator.py took 0.082 seconds
[2023-03-01T20:03:08.457+0000] {processor.py:153} INFO - Started process (PID=50) to work on /home/airflow/.local/lib/python3.7/site-packages/airflow/example_dags/example_branch_operator.py
[2023-03-01T20:03:08.458+0000] {processor.py:743} INFO - Processing file /home/airflow/.local/lib/python3.7/site-packages/airflow/example_dags/example_branch_operator.py for tasks to queue
[2023-03-01T20:03:08.459+0000] {logging_mixin.py:137} INFO - [2023-03-01T20:03:08.459+0000] {dagbag.py:538} INFO - Filling up the DagBag from /home/airflow/.local/lib/python3.7/site-packages/airflow/example_dags/example_branch_operator.py
[2023-03-01T20:03:08.475+0000] {processor.py:753} INFO - DAG(s) dict_keys(['example_branch_operator']) retrieved from /home/airflow/.local/lib/python3.7/site-packages/airflow/example_dags/example_branch_operator.py
[2023-03-01T20:03:08.488+0000] {logging_mixin.py:137} INFO - [2023-03-01T20:03:08.488+0000] {dag.py:2690} INFO - Sync 1 DAGs
[2023-03-01T20:03:08.515+0000] {logging_mixin.py:137} INFO - [2023-03-01T20:03:08.515+0000] {dag.py:3441} INFO - Setting next_dagrun for example_branch_operator to 2023-02-28T00:00:00+00:00, run_after=2023-03-01T00:00:00+00:00
[2023-03-01T20:03:08.536+0000] {processor.py:175} INFO - Processing /home/airflow/.local/lib/python3.7/site-packages/airflow/example_dags/example_branch_operator.py took 0.082 seconds
[2023-03-01T20:03:39.410+0000] {processor.py:153} INFO - Started process (PID=149) to work on /home/airflow/.local/lib/python3.7/site-packages/airflow/example_dags/example_branch_operator.py
[2023-03-01T20:03:39.410+0000] {processor.py:743} INFO - Processing file /home/airflow/.local/lib/python3.7/site-packages/airflow/example_dags/example_branch_operator.py for tasks to queue
[2023-03-01T20:03:39.411+0000] {logging_mixin.py:137} INFO - [2023-03-01T20:03:39.411+0000] {dagbag.py:538} INFO - Filling up the DagBag from /home/airflow/.local/lib/python3.7/site-packages/airflow/example_dags/example_branch_operator.py
[2023-03-01T20:03:39.425+0000] {processor.py:753} INFO - DAG(s) dict_keys(['example_branch_operator']) retrieved from /home/airflow/.local/lib/python3.7/site-packages/airflow/example_dags/example_branch_operator.py
[2023-03-01T20:03:39.448+0000] {logging_mixin.py:137} INFO - [2023-03-01T20:03:39.448+0000] {dag.py:2690} INFO - Sync 1 DAGs
[2023-03-01T20:03:39.473+0000] {logging_mixin.py:137} INFO - [2023-03-01T20:03:39.473+0000] {dag.py:3441} INFO - Setting next_dagrun for example_branch_operator to 2023-02-28T00:00:00+00:00, run_after=2023-03-01T00:00:00+00:00
[2023-03-01T20:03:39.493+0000] {processor.py:175} INFO - Processing /home/airflow/.local/lib/python3.7/site-packages/airflow/example_dags/example_branch_operator.py took 0.086 seconds
[2023-03-01T20:04:10.259+0000] {processor.py:153} INFO - Started process (PID=228) to work on /home/airflow/.local/lib/python3.7/site-packages/airflow/example_dags/example_branch_operator.py
[2023-03-01T20:04:10.260+0000] {processor.py:743} INFO - Processing file /home/airflow/.local/lib/python3.7/site-packages/airflow/example_dags/example_branch_operator.py for tasks to queue
[2023-03-01T20:04:10.260+0000] {logging_mixin.py:137} INFO - [2023-03-01T20:04:10.260+0000] {dagbag.py:538} INFO - Filling up the DagBag from /home/airflow/.local/lib/python3.7/site-packages/airflow/example_dags/example_branch_operator.py
[2023-03-01T20:04:10.272+0000] {processor.py:753} INFO - DAG(s) dict_keys(['example_branch_operator']) retrieved from /home/airflow/.local/lib/python3.7/site-packages/airflow/example_dags/example_branch_operator.py
[2023-03-01T20:04:10.294+0000] {logging_mixin.py:137} INFO - [2023-03-01T20:04:10.293+0000] {dag.py:2690} INFO - Sync 1 DAGs
[2023-03-01T20:04:10.317+0000] {logging_mixin.py:137} INFO - [2023-03-01T20:04:10.317+0000] {dag.py:3441} INFO - Setting next_dagrun for example_branch_operator to 2023-02-28T00:00:00+00:00, run_after=2023-03-01T00:00:00+00:00
[2023-03-01T20:04:10.335+0000] {processor.py:175} INFO - Processing /home/airflow/.local/lib/python3.7/site-packages/airflow/example_dags/example_branch_operator.py took 0.077 seconds
[2023-03-01T20:04:40.753+0000] {processor.py:153} INFO - Started process (PID=327) to work on /home/airflow/.local/lib/python3.7/site-packages/airflow/example_dags/example_branch_operator.py
[2023-03-01T20:04:40.754+0000] {processor.py:743} INFO - Processing file /home/airflow/.local/lib/python3.7/site-packages/airflow/example_dags/example_branch_operator.py for tasks to queue
[2023-03-01T20:04:40.754+0000] {logging_mixin.py:137} INFO - [2023-03-01T20:04:40.754+0000] {dagbag.py:538} INFO - Filling up the DagBag from /home/airflow/.local/lib/python3.7/site-packages/airflow/example_dags/example_branch_operator.py
[2023-03-01T20:04:40.768+0000] {processor.py:753} INFO - DAG(s) dict_keys(['example_branch_operator']) retrieved from /home/airflow/.local/lib/python3.7/site-packages/airflow/example_dags/example_branch_operator.py
[2023-03-01T20:04:40.793+0000] {logging_mixin.py:137} INFO - [2023-03-01T20:04:40.793+0000] {dag.py:2690} INFO - Sync 1 DAGs
[2023-03-01T20:04:40.815+0000] {logging_mixin.py:137} INFO - [2023-03-01T20:04:40.815+0000] {dag.py:3441} INFO - Setting next_dagrun for example_branch_operator to 2023-02-28T00:00:00+00:00, run_after=2023-03-01T00:00:00+00:00
[2023-03-01T20:04:40.834+0000] {processor.py:175} INFO - Processing /home/airflow/.local/lib/python3.7/site-packages/airflow/example_dags/example_branch_operator.py took 0.084 seconds
[2023-03-01T20:05:11.268+0000] {processor.py:153} INFO - Started process (PID=406) to work on /home/airflow/.local/lib/python3.7/site-packages/airflow/example_dags/example_branch_operator.py
[2023-03-01T20:05:11.268+0000] {processor.py:743} INFO - Processing file /home/airflow/.local/lib/python3.7/site-packages/airflow/example_dags/example_branch_operator.py for tasks to queue
[2023-03-01T20:05:11.269+0000] {logging_mixin.py:137} INFO - [2023-03-01T20:05:11.269+0000] {dagbag.py:538} INFO - Filling up the DagBag from /home/airflow/.local/lib/python3.7/site-packages/airflow/example_dags/example_branch_operator.py
[2023-03-01T20:05:11.282+0000] {processor.py:753} INFO - DAG(s) dict_keys(['example_branch_operator']) retrieved from /home/airflow/.local/lib/python3.7/site-packages/airflow/example_dags/example_branch_operator.py
[2023-03-01T20:05:11.307+0000] {logging_mixin.py:137} INFO - [2023-03-01T20:05:11.307+0000] {dag.py:2690} INFO - Sync 1 DAGs
[2023-03-01T20:05:11.330+0000] {logging_mixin.py:137} INFO - [2023-03-01T20:05:11.330+0000] {dag.py:3441} INFO - Setting next_dagrun for example_branch_operator to 2023-02-28T00:00:00+00:00, run_after=2023-03-01T00:00:00+00:00
[2023-03-01T20:05:11.349+0000] {processor.py:175} INFO - Processing /home/airflow/.local/lib/python3.7/site-packages/airflow/example_dags/example_branch_operator.py took 0.084 seconds
[2023-03-01T20:05:41.734+0000] {processor.py:153} INFO - Started process (PID=505) to work on /home/airflow/.local/lib/python3.7/site-packages/airflow/example_dags/example_branch_operator.py
[2023-03-01T20:05:41.735+0000] {processor.py:743} INFO - Processing file /home/airflow/.local/lib/python3.7/site-packages/airflow/example_dags/example_branch_operator.py for tasks to queue
[2023-03-01T20:05:41.735+0000] {logging_mixin.py:137} INFO - [2023-03-01T20:05:41.735+0000] {dagbag.py:538} INFO - Filling up the DagBag from /home/airflow/.local/lib/python3.7/site-packages/airflow/example_dags/example_branch_operator.py
[2023-03-01T20:05:41.747+0000] {processor.py:753} INFO - DAG(s) dict_keys(['example_branch_operator']) retrieved from /home/airflow/.local/lib/python3.7/site-packages/airflow/example_dags/example_branch_operator.py
[2023-03-01T20:05:41.769+0000] {logging_mixin.py:137} INFO - [2023-03-01T20:05:41.769+0000] {dag.py:2690} INFO - Sync 1 DAGs
[2023-03-01T20:05:41.794+0000] {logging_mixin.py:137} INFO - [2023-03-01T20:05:41.793+0000] {dag.py:3441} INFO - Setting next_dagrun for example_branch_operator to 2023-02-28T00:00:00+00:00, run_after=2023-03-01T00:00:00+00:00
[2023-03-01T20:05:41.813+0000] {processor.py:175} INFO - Processing /home/airflow/.local/lib/python3.7/site-packages/airflow/example_dags/example_branch_operator.py took 0.082 seconds
[2023-03-01T20:06:12.418+0000] {processor.py:153} INFO - Started process (PID=584) to work on /home/airflow/.local/lib/python3.7/site-packages/airflow/example_dags/example_branch_operator.py
[2023-03-01T20:06:12.420+0000] {processor.py:743} INFO - Processing file /home/airflow/.local/lib/python3.7/site-packages/airflow/example_dags/example_branch_operator.py for tasks to queue
[2023-03-01T20:06:12.421+0000] {logging_mixin.py:137} INFO - [2023-03-01T20:06:12.421+0000] {dagbag.py:538} INFO - Filling up the DagBag from /home/airflow/.local/lib/python3.7/site-packages/airflow/example_dags/example_branch_operator.py
[2023-03-01T20:06:12.443+0000] {processor.py:753} INFO - DAG(s) dict_keys(['example_branch_operator']) retrieved from /home/airflow/.local/lib/python3.7/site-packages/airflow/example_dags/example_branch_operator.py
[2023-03-01T20:06:12.467+0000] {logging_mixin.py:137} INFO - [2023-03-01T20:06:12.467+0000] {dag.py:2690} INFO - Sync 1 DAGs
[2023-03-01T20:06:12.495+0000] {logging_mixin.py:137} INFO - [2023-03-01T20:06:12.495+0000] {dag.py:3441} INFO - Setting next_dagrun for example_branch_operator to 2023-02-28T00:00:00+00:00, run_after=2023-03-01T00:00:00+00:00
[2023-03-01T20:06:12.516+0000] {processor.py:175} INFO - Processing /home/airflow/.local/lib/python3.7/site-packages/airflow/example_dags/example_branch_operator.py took 0.102 seconds
[2023-03-01T20:06:42.849+0000] {processor.py:153} INFO - Started process (PID=683) to work on /home/airflow/.local/lib/python3.7/site-packages/airflow/example_dags/example_branch_operator.py
[2023-03-01T20:06:42.850+0000] {processor.py:743} INFO - Processing file /home/airflow/.local/lib/python3.7/site-packages/airflow/example_dags/example_branch_operator.py for tasks to queue
[2023-03-01T20:06:42.850+0000] {logging_mixin.py:137} INFO - [2023-03-01T20:06:42.850+0000] {dagbag.py:538} INFO - Filling up the DagBag from /home/airflow/.local/lib/python3.7/site-packages/airflow/example_dags/example_branch_operator.py
[2023-03-01T20:06:42.864+0000] {processor.py:753} INFO - DAG(s) dict_keys(['example_branch_operator']) retrieved from /home/airflow/.local/lib/python3.7/site-packages/airflow/example_dags/example_branch_operator.py
[2023-03-01T20:06:42.887+0000] {logging_mixin.py:137} INFO - [2023-03-01T20:06:42.887+0000] {dag.py:2690} INFO - Sync 1 DAGs
[2023-03-01T20:06:42.910+0000] {logging_mixin.py:137} INFO - [2023-03-01T20:06:42.910+0000] {dag.py:3441} INFO - Setting next_dagrun for example_branch_operator to 2023-02-28T00:00:00+00:00, run_after=2023-03-01T00:00:00+00:00
[2023-03-01T20:06:42.927+0000] {processor.py:175} INFO - Processing /home/airflow/.local/lib/python3.7/site-packages/airflow/example_dags/example_branch_operator.py took 0.081 seconds
[2023-03-01T20:07:13.114+0000] {processor.py:153} INFO - Started process (PID=762) to work on /home/airflow/.local/lib/python3.7/site-packages/airflow/example_dags/example_branch_operator.py
[2023-03-01T20:07:13.114+0000] {processor.py:743} INFO - Processing file /home/airflow/.local/lib/python3.7/site-packages/airflow/example_dags/example_branch_operator.py for tasks to queue
[2023-03-01T20:07:13.115+0000] {logging_mixin.py:137} INFO - [2023-03-01T20:07:13.115+0000] {dagbag.py:538} INFO - Filling up the DagBag from /home/airflow/.local/lib/python3.7/site-packages/airflow/example_dags/example_branch_operator.py
[2023-03-01T20:07:13.131+0000] {processor.py:753} INFO - DAG(s) dict_keys(['example_branch_operator']) retrieved from /home/airflow/.local/lib/python3.7/site-packages/airflow/example_dags/example_branch_operator.py
[2023-03-01T20:07:13.153+0000] {logging_mixin.py:137} INFO - [2023-03-01T20:07:13.153+0000] {dag.py:2690} INFO - Sync 1 DAGs
[2023-03-01T20:07:13.175+0000] {logging_mixin.py:137} INFO - [2023-03-01T20:07:13.175+0000] {dag.py:3441} INFO - Setting next_dagrun for example_branch_operator to 2023-02-28T00:00:00+00:00, run_after=2023-03-01T00:00:00+00:00
[2023-03-01T20:07:13.193+0000] {processor.py:175} INFO - Processing /home/airflow/.local/lib/python3.7/site-packages/airflow/example_dags/example_branch_operator.py took 0.081 seconds
[2023-03-01T20:07:44.131+0000] {processor.py:153} INFO - Started process (PID=861) to work on /home/airflow/.local/lib/python3.7/site-packages/airflow/example_dags/example_branch_operator.py
[2023-03-01T20:07:44.131+0000] {processor.py:743} INFO - Processing file /home/airflow/.local/lib/python3.7/site-packages/airflow/example_dags/example_branch_operator.py for tasks to queue
[2023-03-01T20:07:44.132+0000] {logging_mixin.py:137} INFO - [2023-03-01T20:07:44.132+0000] {dagbag.py:538} INFO - Filling up the DagBag from /home/airflow/.local/lib/python3.7/site-packages/airflow/example_dags/example_branch_operator.py
[2023-03-01T20:07:44.144+0000] {processor.py:753} INFO - DAG(s) dict_keys(['example_branch_operator']) retrieved from /home/airflow/.local/lib/python3.7/site-packages/airflow/example_dags/example_branch_operator.py
[2023-03-01T20:07:44.166+0000] {logging_mixin.py:137} INFO - [2023-03-01T20:07:44.166+0000] {dag.py:2690} INFO - Sync 1 DAGs
[2023-03-01T20:07:44.190+0000] {logging_mixin.py:137} INFO - [2023-03-01T20:07:44.190+0000] {dag.py:3441} INFO - Setting next_dagrun for example_branch_operator to 2023-02-28T00:00:00+00:00, run_after=2023-03-01T00:00:00+00:00
[2023-03-01T20:07:44.209+0000] {processor.py:175} INFO - Processing /home/airflow/.local/lib/python3.7/site-packages/airflow/example_dags/example_branch_operator.py took 0.080 seconds
