[2023-03-01T15:18:18.782+0000] {processor.py:153} INFO - Started process (PID=81) to work on /home/airflow/.local/lib/python3.7/site-packages/airflow/example_dags/tutorial_dag.py
[2023-03-01T15:18:18.783+0000] {processor.py:743} INFO - Processing file /home/airflow/.local/lib/python3.7/site-packages/airflow/example_dags/tutorial_dag.py for tasks to queue
[2023-03-01T15:18:18.783+0000] {logging_mixin.py:137} INFO - [2023-03-01T15:18:18.783+0000] {dagbag.py:538} INFO - Filling up the DagBag from /home/airflow/.local/lib/python3.7/site-packages/airflow/example_dags/tutorial_dag.py
[2023-03-01T15:18:18.803+0000] {processor.py:753} INFO - DAG(s) dict_keys(['tutorial_dag']) retrieved from /home/airflow/.local/lib/python3.7/site-packages/airflow/example_dags/tutorial_dag.py
[2023-03-01T15:18:18.830+0000] {logging_mixin.py:137} INFO - [2023-03-01T15:18:18.830+0000] {dag.py:2690} INFO - Sync 1 DAGs
[2023-03-01T15:18:18.866+0000] {logging_mixin.py:137} INFO - [2023-03-01T15:18:18.865+0000] {dag.py:3441} INFO - Setting next_dagrun for tutorial_dag to None, run_after=None
[2023-03-01T15:18:18.895+0000] {processor.py:175} INFO - Processing /home/airflow/.local/lib/python3.7/site-packages/airflow/example_dags/tutorial_dag.py took 0.117 seconds
[2023-03-01T15:18:48.936+0000] {processor.py:153} INFO - Started process (PID=160) to work on /home/airflow/.local/lib/python3.7/site-packages/airflow/example_dags/tutorial_dag.py
[2023-03-01T15:18:48.937+0000] {processor.py:743} INFO - Processing file /home/airflow/.local/lib/python3.7/site-packages/airflow/example_dags/tutorial_dag.py for tasks to queue
[2023-03-01T15:18:48.937+0000] {logging_mixin.py:137} INFO - [2023-03-01T15:18:48.937+0000] {dagbag.py:538} INFO - Filling up the DagBag from /home/airflow/.local/lib/python3.7/site-packages/airflow/example_dags/tutorial_dag.py
[2023-03-01T15:18:48.948+0000] {processor.py:753} INFO - DAG(s) dict_keys(['tutorial_dag']) retrieved from /home/airflow/.local/lib/python3.7/site-packages/airflow/example_dags/tutorial_dag.py
[2023-03-01T15:18:48.968+0000] {logging_mixin.py:137} INFO - [2023-03-01T15:18:48.968+0000] {dag.py:2690} INFO - Sync 1 DAGs
[2023-03-01T15:18:48.989+0000] {logging_mixin.py:137} INFO - [2023-03-01T15:18:48.988+0000] {dag.py:3441} INFO - Setting next_dagrun for tutorial_dag to None, run_after=None
[2023-03-01T15:18:49.005+0000] {processor.py:175} INFO - Processing /home/airflow/.local/lib/python3.7/site-packages/airflow/example_dags/tutorial_dag.py took 0.071 seconds
[2023-03-01T15:19:19.637+0000] {processor.py:153} INFO - Started process (PID=241) to work on /home/airflow/.local/lib/python3.7/site-packages/airflow/example_dags/tutorial_dag.py
[2023-03-01T15:19:19.637+0000] {processor.py:743} INFO - Processing file /home/airflow/.local/lib/python3.7/site-packages/airflow/example_dags/tutorial_dag.py for tasks to queue
[2023-03-01T15:19:19.638+0000] {logging_mixin.py:137} INFO - [2023-03-01T15:19:19.638+0000] {dagbag.py:538} INFO - Filling up the DagBag from /home/airflow/.local/lib/python3.7/site-packages/airflow/example_dags/tutorial_dag.py
[2023-03-01T15:19:19.648+0000] {processor.py:753} INFO - DAG(s) dict_keys(['tutorial_dag']) retrieved from /home/airflow/.local/lib/python3.7/site-packages/airflow/example_dags/tutorial_dag.py
[2023-03-01T15:19:19.678+0000] {logging_mixin.py:137} INFO - [2023-03-01T15:19:19.677+0000] {dag.py:2690} INFO - Sync 1 DAGs
[2023-03-01T15:19:19.712+0000] {logging_mixin.py:137} INFO - [2023-03-01T15:19:19.712+0000] {dag.py:3441} INFO - Setting next_dagrun for tutorial_dag to None, run_after=None
[2023-03-01T15:19:19.733+0000] {processor.py:175} INFO - Processing /home/airflow/.local/lib/python3.7/site-packages/airflow/example_dags/tutorial_dag.py took 0.099 seconds
[2023-03-01T15:19:50.583+0000] {processor.py:153} INFO - Started process (PID=338) to work on /home/airflow/.local/lib/python3.7/site-packages/airflow/example_dags/tutorial_dag.py
[2023-03-01T15:19:50.584+0000] {processor.py:743} INFO - Processing file /home/airflow/.local/lib/python3.7/site-packages/airflow/example_dags/tutorial_dag.py for tasks to queue
[2023-03-01T15:19:50.584+0000] {logging_mixin.py:137} INFO - [2023-03-01T15:19:50.584+0000] {dagbag.py:538} INFO - Filling up the DagBag from /home/airflow/.local/lib/python3.7/site-packages/airflow/example_dags/tutorial_dag.py
[2023-03-01T15:19:50.595+0000] {processor.py:753} INFO - DAG(s) dict_keys(['tutorial_dag']) retrieved from /home/airflow/.local/lib/python3.7/site-packages/airflow/example_dags/tutorial_dag.py
[2023-03-01T15:19:50.620+0000] {logging_mixin.py:137} INFO - [2023-03-01T15:19:50.620+0000] {dag.py:2690} INFO - Sync 1 DAGs
[2023-03-01T15:19:50.646+0000] {logging_mixin.py:137} INFO - [2023-03-01T15:19:50.646+0000] {dag.py:3441} INFO - Setting next_dagrun for tutorial_dag to None, run_after=None
[2023-03-01T15:19:50.667+0000] {processor.py:175} INFO - Processing /home/airflow/.local/lib/python3.7/site-packages/airflow/example_dags/tutorial_dag.py took 0.087 seconds
[2023-03-01T15:20:21.128+0000] {processor.py:153} INFO - Started process (PID=417) to work on /home/airflow/.local/lib/python3.7/site-packages/airflow/example_dags/tutorial_dag.py
[2023-03-01T15:20:21.128+0000] {processor.py:743} INFO - Processing file /home/airflow/.local/lib/python3.7/site-packages/airflow/example_dags/tutorial_dag.py for tasks to queue
[2023-03-01T15:20:21.129+0000] {logging_mixin.py:137} INFO - [2023-03-01T15:20:21.129+0000] {dagbag.py:538} INFO - Filling up the DagBag from /home/airflow/.local/lib/python3.7/site-packages/airflow/example_dags/tutorial_dag.py
[2023-03-01T15:20:21.139+0000] {processor.py:753} INFO - DAG(s) dict_keys(['tutorial_dag']) retrieved from /home/airflow/.local/lib/python3.7/site-packages/airflow/example_dags/tutorial_dag.py
[2023-03-01T15:20:21.163+0000] {logging_mixin.py:137} INFO - [2023-03-01T15:20:21.163+0000] {dag.py:2690} INFO - Sync 1 DAGs
[2023-03-01T15:20:21.190+0000] {logging_mixin.py:137} INFO - [2023-03-01T15:20:21.190+0000] {dag.py:3441} INFO - Setting next_dagrun for tutorial_dag to None, run_after=None
[2023-03-01T15:20:21.207+0000] {processor.py:175} INFO - Processing /home/airflow/.local/lib/python3.7/site-packages/airflow/example_dags/tutorial_dag.py took 0.081 seconds
[2023-03-01T15:20:52.153+0000] {processor.py:153} INFO - Started process (PID=516) to work on /home/airflow/.local/lib/python3.7/site-packages/airflow/example_dags/tutorial_dag.py
[2023-03-01T15:20:52.153+0000] {processor.py:743} INFO - Processing file /home/airflow/.local/lib/python3.7/site-packages/airflow/example_dags/tutorial_dag.py for tasks to queue
[2023-03-01T15:20:52.154+0000] {logging_mixin.py:137} INFO - [2023-03-01T15:20:52.154+0000] {dagbag.py:538} INFO - Filling up the DagBag from /home/airflow/.local/lib/python3.7/site-packages/airflow/example_dags/tutorial_dag.py
[2023-03-01T15:20:52.163+0000] {processor.py:753} INFO - DAG(s) dict_keys(['tutorial_dag']) retrieved from /home/airflow/.local/lib/python3.7/site-packages/airflow/example_dags/tutorial_dag.py
[2023-03-01T15:20:52.184+0000] {logging_mixin.py:137} INFO - [2023-03-01T15:20:52.184+0000] {dag.py:2690} INFO - Sync 1 DAGs
[2023-03-01T15:20:52.207+0000] {logging_mixin.py:137} INFO - [2023-03-01T15:20:52.207+0000] {dag.py:3441} INFO - Setting next_dagrun for tutorial_dag to None, run_after=None
[2023-03-01T15:20:52.225+0000] {processor.py:175} INFO - Processing /home/airflow/.local/lib/python3.7/site-packages/airflow/example_dags/tutorial_dag.py took 0.074 seconds
[2023-03-01T15:21:22.551+0000] {processor.py:153} INFO - Started process (PID=604) to work on /home/airflow/.local/lib/python3.7/site-packages/airflow/example_dags/tutorial_dag.py
[2023-03-01T15:21:22.552+0000] {processor.py:743} INFO - Processing file /home/airflow/.local/lib/python3.7/site-packages/airflow/example_dags/tutorial_dag.py for tasks to queue
[2023-03-01T15:21:22.552+0000] {logging_mixin.py:137} INFO - [2023-03-01T15:21:22.552+0000] {dagbag.py:538} INFO - Filling up the DagBag from /home/airflow/.local/lib/python3.7/site-packages/airflow/example_dags/tutorial_dag.py
[2023-03-01T15:21:22.566+0000] {processor.py:753} INFO - DAG(s) dict_keys(['tutorial_dag']) retrieved from /home/airflow/.local/lib/python3.7/site-packages/airflow/example_dags/tutorial_dag.py
[2023-03-01T15:21:22.595+0000] {logging_mixin.py:137} INFO - [2023-03-01T15:21:22.594+0000] {dag.py:2690} INFO - Sync 1 DAGs
[2023-03-01T15:21:22.622+0000] {logging_mixin.py:137} INFO - [2023-03-01T15:21:22.622+0000] {dag.py:3441} INFO - Setting next_dagrun for tutorial_dag to None, run_after=None
[2023-03-01T15:21:22.643+0000] {processor.py:175} INFO - Processing /home/airflow/.local/lib/python3.7/site-packages/airflow/example_dags/tutorial_dag.py took 0.094 seconds
[2023-03-01T15:21:52.900+0000] {processor.py:153} INFO - Started process (PID=695) to work on /home/airflow/.local/lib/python3.7/site-packages/airflow/example_dags/tutorial_dag.py
[2023-03-01T15:21:52.901+0000] {processor.py:743} INFO - Processing file /home/airflow/.local/lib/python3.7/site-packages/airflow/example_dags/tutorial_dag.py for tasks to queue
[2023-03-01T15:21:52.902+0000] {logging_mixin.py:137} INFO - [2023-03-01T15:21:52.901+0000] {dagbag.py:538} INFO - Filling up the DagBag from /home/airflow/.local/lib/python3.7/site-packages/airflow/example_dags/tutorial_dag.py
[2023-03-01T15:21:52.911+0000] {processor.py:753} INFO - DAG(s) dict_keys(['tutorial_dag']) retrieved from /home/airflow/.local/lib/python3.7/site-packages/airflow/example_dags/tutorial_dag.py
[2023-03-01T15:21:52.933+0000] {logging_mixin.py:137} INFO - [2023-03-01T15:21:52.933+0000] {dag.py:2690} INFO - Sync 1 DAGs
[2023-03-01T15:21:52.955+0000] {logging_mixin.py:137} INFO - [2023-03-01T15:21:52.955+0000] {dag.py:3441} INFO - Setting next_dagrun for tutorial_dag to None, run_after=None
[2023-03-01T15:21:52.973+0000] {processor.py:175} INFO - Processing /home/airflow/.local/lib/python3.7/site-packages/airflow/example_dags/tutorial_dag.py took 0.075 seconds
[2023-03-01T15:22:23.644+0000] {processor.py:153} INFO - Started process (PID=794) to work on /home/airflow/.local/lib/python3.7/site-packages/airflow/example_dags/tutorial_dag.py
[2023-03-01T15:22:23.645+0000] {processor.py:743} INFO - Processing file /home/airflow/.local/lib/python3.7/site-packages/airflow/example_dags/tutorial_dag.py for tasks to queue
[2023-03-01T15:22:23.646+0000] {logging_mixin.py:137} INFO - [2023-03-01T15:22:23.645+0000] {dagbag.py:538} INFO - Filling up the DagBag from /home/airflow/.local/lib/python3.7/site-packages/airflow/example_dags/tutorial_dag.py
[2023-03-01T15:22:23.659+0000] {processor.py:753} INFO - DAG(s) dict_keys(['tutorial_dag']) retrieved from /home/airflow/.local/lib/python3.7/site-packages/airflow/example_dags/tutorial_dag.py
[2023-03-01T15:22:23.685+0000] {logging_mixin.py:137} INFO - [2023-03-01T15:22:23.685+0000] {dag.py:2690} INFO - Sync 1 DAGs
[2023-03-01T15:22:23.708+0000] {logging_mixin.py:137} INFO - [2023-03-01T15:22:23.708+0000] {dag.py:3441} INFO - Setting next_dagrun for tutorial_dag to None, run_after=None
[2023-03-01T15:22:23.728+0000] {processor.py:175} INFO - Processing /home/airflow/.local/lib/python3.7/site-packages/airflow/example_dags/tutorial_dag.py took 0.087 seconds
[2023-03-01T15:22:53.933+0000] {processor.py:153} INFO - Started process (PID=873) to work on /home/airflow/.local/lib/python3.7/site-packages/airflow/example_dags/tutorial_dag.py
[2023-03-01T15:22:53.934+0000] {processor.py:743} INFO - Processing file /home/airflow/.local/lib/python3.7/site-packages/airflow/example_dags/tutorial_dag.py for tasks to queue
[2023-03-01T15:22:53.935+0000] {logging_mixin.py:137} INFO - [2023-03-01T15:22:53.935+0000] {dagbag.py:538} INFO - Filling up the DagBag from /home/airflow/.local/lib/python3.7/site-packages/airflow/example_dags/tutorial_dag.py
[2023-03-01T15:22:53.944+0000] {processor.py:753} INFO - DAG(s) dict_keys(['tutorial_dag']) retrieved from /home/airflow/.local/lib/python3.7/site-packages/airflow/example_dags/tutorial_dag.py
[2023-03-01T15:22:53.967+0000] {logging_mixin.py:137} INFO - [2023-03-01T15:22:53.967+0000] {dag.py:2690} INFO - Sync 1 DAGs
[2023-03-01T15:22:53.990+0000] {logging_mixin.py:137} INFO - [2023-03-01T15:22:53.990+0000] {dag.py:3441} INFO - Setting next_dagrun for tutorial_dag to None, run_after=None
[2023-03-01T15:22:54.008+0000] {processor.py:175} INFO - Processing /home/airflow/.local/lib/python3.7/site-packages/airflow/example_dags/tutorial_dag.py took 0.077 seconds
[2023-03-01T15:23:24.806+0000] {processor.py:153} INFO - Started process (PID=972) to work on /home/airflow/.local/lib/python3.7/site-packages/airflow/example_dags/tutorial_dag.py
[2023-03-01T15:23:24.807+0000] {processor.py:743} INFO - Processing file /home/airflow/.local/lib/python3.7/site-packages/airflow/example_dags/tutorial_dag.py for tasks to queue
[2023-03-01T15:23:24.808+0000] {logging_mixin.py:137} INFO - [2023-03-01T15:23:24.807+0000] {dagbag.py:538} INFO - Filling up the DagBag from /home/airflow/.local/lib/python3.7/site-packages/airflow/example_dags/tutorial_dag.py
[2023-03-01T15:23:24.819+0000] {processor.py:753} INFO - DAG(s) dict_keys(['tutorial_dag']) retrieved from /home/airflow/.local/lib/python3.7/site-packages/airflow/example_dags/tutorial_dag.py
[2023-03-01T15:23:24.842+0000] {logging_mixin.py:137} INFO - [2023-03-01T15:23:24.842+0000] {dag.py:2690} INFO - Sync 1 DAGs
[2023-03-01T15:23:24.866+0000] {logging_mixin.py:137} INFO - [2023-03-01T15:23:24.865+0000] {dag.py:3441} INFO - Setting next_dagrun for tutorial_dag to None, run_after=None
[2023-03-01T15:23:24.885+0000] {processor.py:175} INFO - Processing /home/airflow/.local/lib/python3.7/site-packages/airflow/example_dags/tutorial_dag.py took 0.081 seconds
[2023-03-01T15:23:55.162+0000] {processor.py:153} INFO - Started process (PID=1051) to work on /home/airflow/.local/lib/python3.7/site-packages/airflow/example_dags/tutorial_dag.py
[2023-03-01T15:23:55.163+0000] {processor.py:743} INFO - Processing file /home/airflow/.local/lib/python3.7/site-packages/airflow/example_dags/tutorial_dag.py for tasks to queue
[2023-03-01T15:23:55.163+0000] {logging_mixin.py:137} INFO - [2023-03-01T15:23:55.163+0000] {dagbag.py:538} INFO - Filling up the DagBag from /home/airflow/.local/lib/python3.7/site-packages/airflow/example_dags/tutorial_dag.py
[2023-03-01T15:23:55.172+0000] {processor.py:753} INFO - DAG(s) dict_keys(['tutorial_dag']) retrieved from /home/airflow/.local/lib/python3.7/site-packages/airflow/example_dags/tutorial_dag.py
[2023-03-01T15:23:55.194+0000] {logging_mixin.py:137} INFO - [2023-03-01T15:23:55.194+0000] {dag.py:2690} INFO - Sync 1 DAGs
[2023-03-01T15:23:55.217+0000] {logging_mixin.py:137} INFO - [2023-03-01T15:23:55.217+0000] {dag.py:3441} INFO - Setting next_dagrun for tutorial_dag to None, run_after=None
[2023-03-01T15:23:55.234+0000] {processor.py:175} INFO - Processing /home/airflow/.local/lib/python3.7/site-packages/airflow/example_dags/tutorial_dag.py took 0.074 seconds
[2023-03-01T15:24:25.916+0000] {processor.py:153} INFO - Started process (PID=1150) to work on /home/airflow/.local/lib/python3.7/site-packages/airflow/example_dags/tutorial_dag.py
[2023-03-01T15:24:25.916+0000] {processor.py:743} INFO - Processing file /home/airflow/.local/lib/python3.7/site-packages/airflow/example_dags/tutorial_dag.py for tasks to queue
[2023-03-01T15:24:25.917+0000] {logging_mixin.py:137} INFO - [2023-03-01T15:24:25.917+0000] {dagbag.py:538} INFO - Filling up the DagBag from /home/airflow/.local/lib/python3.7/site-packages/airflow/example_dags/tutorial_dag.py
[2023-03-01T15:24:25.928+0000] {processor.py:753} INFO - DAG(s) dict_keys(['tutorial_dag']) retrieved from /home/airflow/.local/lib/python3.7/site-packages/airflow/example_dags/tutorial_dag.py
[2023-03-01T15:24:25.955+0000] {logging_mixin.py:137} INFO - [2023-03-01T15:24:25.955+0000] {dag.py:2690} INFO - Sync 1 DAGs
[2023-03-01T15:24:25.982+0000] {logging_mixin.py:137} INFO - [2023-03-01T15:24:25.982+0000] {dag.py:3441} INFO - Setting next_dagrun for tutorial_dag to None, run_after=None
[2023-03-01T15:24:26.000+0000] {processor.py:175} INFO - Processing /home/airflow/.local/lib/python3.7/site-packages/airflow/example_dags/tutorial_dag.py took 0.087 seconds
[2023-03-01T15:24:56.508+0000] {processor.py:153} INFO - Started process (PID=1229) to work on /home/airflow/.local/lib/python3.7/site-packages/airflow/example_dags/tutorial_dag.py
[2023-03-01T15:24:56.509+0000] {processor.py:743} INFO - Processing file /home/airflow/.local/lib/python3.7/site-packages/airflow/example_dags/tutorial_dag.py for tasks to queue
[2023-03-01T15:24:56.510+0000] {logging_mixin.py:137} INFO - [2023-03-01T15:24:56.509+0000] {dagbag.py:538} INFO - Filling up the DagBag from /home/airflow/.local/lib/python3.7/site-packages/airflow/example_dags/tutorial_dag.py
[2023-03-01T15:24:56.519+0000] {processor.py:753} INFO - DAG(s) dict_keys(['tutorial_dag']) retrieved from /home/airflow/.local/lib/python3.7/site-packages/airflow/example_dags/tutorial_dag.py
[2023-03-01T15:24:56.540+0000] {logging_mixin.py:137} INFO - [2023-03-01T15:24:56.540+0000] {dag.py:2690} INFO - Sync 1 DAGs
[2023-03-01T15:24:56.563+0000] {logging_mixin.py:137} INFO - [2023-03-01T15:24:56.563+0000] {dag.py:3441} INFO - Setting next_dagrun for tutorial_dag to None, run_after=None
[2023-03-01T15:24:56.581+0000] {processor.py:175} INFO - Processing /home/airflow/.local/lib/python3.7/site-packages/airflow/example_dags/tutorial_dag.py took 0.075 seconds
[2023-03-01T15:25:27.175+0000] {processor.py:153} INFO - Started process (PID=1328) to work on /home/airflow/.local/lib/python3.7/site-packages/airflow/example_dags/tutorial_dag.py
[2023-03-01T15:25:27.176+0000] {processor.py:743} INFO - Processing file /home/airflow/.local/lib/python3.7/site-packages/airflow/example_dags/tutorial_dag.py for tasks to queue
[2023-03-01T15:25:27.177+0000] {logging_mixin.py:137} INFO - [2023-03-01T15:25:27.176+0000] {dagbag.py:538} INFO - Filling up the DagBag from /home/airflow/.local/lib/python3.7/site-packages/airflow/example_dags/tutorial_dag.py
[2023-03-01T15:25:27.191+0000] {processor.py:753} INFO - DAG(s) dict_keys(['tutorial_dag']) retrieved from /home/airflow/.local/lib/python3.7/site-packages/airflow/example_dags/tutorial_dag.py
[2023-03-01T15:25:27.222+0000] {logging_mixin.py:137} INFO - [2023-03-01T15:25:27.222+0000] {dag.py:2690} INFO - Sync 1 DAGs
[2023-03-01T15:25:27.258+0000] {logging_mixin.py:137} INFO - [2023-03-01T15:25:27.258+0000] {dag.py:3441} INFO - Setting next_dagrun for tutorial_dag to None, run_after=None
[2023-03-01T15:25:27.280+0000] {processor.py:175} INFO - Processing /home/airflow/.local/lib/python3.7/site-packages/airflow/example_dags/tutorial_dag.py took 0.108 seconds
[2023-03-01T15:25:57.788+0000] {processor.py:153} INFO - Started process (PID=1407) to work on /home/airflow/.local/lib/python3.7/site-packages/airflow/example_dags/tutorial_dag.py
[2023-03-01T15:25:57.789+0000] {processor.py:743} INFO - Processing file /home/airflow/.local/lib/python3.7/site-packages/airflow/example_dags/tutorial_dag.py for tasks to queue
[2023-03-01T15:25:57.790+0000] {logging_mixin.py:137} INFO - [2023-03-01T15:25:57.789+0000] {dagbag.py:538} INFO - Filling up the DagBag from /home/airflow/.local/lib/python3.7/site-packages/airflow/example_dags/tutorial_dag.py
[2023-03-01T15:25:57.799+0000] {processor.py:753} INFO - DAG(s) dict_keys(['tutorial_dag']) retrieved from /home/airflow/.local/lib/python3.7/site-packages/airflow/example_dags/tutorial_dag.py
[2023-03-01T15:25:57.823+0000] {logging_mixin.py:137} INFO - [2023-03-01T15:25:57.822+0000] {dag.py:2690} INFO - Sync 1 DAGs
[2023-03-01T15:25:57.846+0000] {logging_mixin.py:137} INFO - [2023-03-01T15:25:57.846+0000] {dag.py:3441} INFO - Setting next_dagrun for tutorial_dag to None, run_after=None
[2023-03-01T15:25:57.862+0000] {processor.py:175} INFO - Processing /home/airflow/.local/lib/python3.7/site-packages/airflow/example_dags/tutorial_dag.py took 0.077 seconds
[2023-03-01T15:26:28.535+0000] {processor.py:153} INFO - Started process (PID=1506) to work on /home/airflow/.local/lib/python3.7/site-packages/airflow/example_dags/tutorial_dag.py
[2023-03-01T15:26:28.536+0000] {processor.py:743} INFO - Processing file /home/airflow/.local/lib/python3.7/site-packages/airflow/example_dags/tutorial_dag.py for tasks to queue
[2023-03-01T15:26:28.536+0000] {logging_mixin.py:137} INFO - [2023-03-01T15:26:28.536+0000] {dagbag.py:538} INFO - Filling up the DagBag from /home/airflow/.local/lib/python3.7/site-packages/airflow/example_dags/tutorial_dag.py
[2023-03-01T15:26:28.547+0000] {processor.py:753} INFO - DAG(s) dict_keys(['tutorial_dag']) retrieved from /home/airflow/.local/lib/python3.7/site-packages/airflow/example_dags/tutorial_dag.py
[2023-03-01T15:26:28.574+0000] {logging_mixin.py:137} INFO - [2023-03-01T15:26:28.574+0000] {dag.py:2690} INFO - Sync 1 DAGs
[2023-03-01T15:26:28.597+0000] {logging_mixin.py:137} INFO - [2023-03-01T15:26:28.596+0000] {dag.py:3441} INFO - Setting next_dagrun for tutorial_dag to None, run_after=None
[2023-03-01T15:26:28.616+0000] {processor.py:175} INFO - Processing /home/airflow/.local/lib/python3.7/site-packages/airflow/example_dags/tutorial_dag.py took 0.083 seconds
[2023-03-01T15:26:58.797+0000] {processor.py:153} INFO - Started process (PID=1585) to work on /home/airflow/.local/lib/python3.7/site-packages/airflow/example_dags/tutorial_dag.py
[2023-03-01T15:26:58.798+0000] {processor.py:743} INFO - Processing file /home/airflow/.local/lib/python3.7/site-packages/airflow/example_dags/tutorial_dag.py for tasks to queue
[2023-03-01T15:26:58.798+0000] {logging_mixin.py:137} INFO - [2023-03-01T15:26:58.798+0000] {dagbag.py:538} INFO - Filling up the DagBag from /home/airflow/.local/lib/python3.7/site-packages/airflow/example_dags/tutorial_dag.py
[2023-03-01T15:26:58.807+0000] {processor.py:753} INFO - DAG(s) dict_keys(['tutorial_dag']) retrieved from /home/airflow/.local/lib/python3.7/site-packages/airflow/example_dags/tutorial_dag.py
[2023-03-01T15:26:58.828+0000] {logging_mixin.py:137} INFO - [2023-03-01T15:26:58.828+0000] {dag.py:2690} INFO - Sync 1 DAGs
[2023-03-01T15:26:58.851+0000] {logging_mixin.py:137} INFO - [2023-03-01T15:26:58.851+0000] {dag.py:3441} INFO - Setting next_dagrun for tutorial_dag to None, run_after=None
[2023-03-01T15:26:58.868+0000] {processor.py:175} INFO - Processing /home/airflow/.local/lib/python3.7/site-packages/airflow/example_dags/tutorial_dag.py took 0.073 seconds
[2023-03-01T15:27:29.500+0000] {processor.py:153} INFO - Started process (PID=1685) to work on /home/airflow/.local/lib/python3.7/site-packages/airflow/example_dags/tutorial_dag.py
[2023-03-01T15:27:29.500+0000] {processor.py:743} INFO - Processing file /home/airflow/.local/lib/python3.7/site-packages/airflow/example_dags/tutorial_dag.py for tasks to queue
[2023-03-01T15:27:29.501+0000] {logging_mixin.py:137} INFO - [2023-03-01T15:27:29.501+0000] {dagbag.py:538} INFO - Filling up the DagBag from /home/airflow/.local/lib/python3.7/site-packages/airflow/example_dags/tutorial_dag.py
[2023-03-01T15:27:29.511+0000] {processor.py:753} INFO - DAG(s) dict_keys(['tutorial_dag']) retrieved from /home/airflow/.local/lib/python3.7/site-packages/airflow/example_dags/tutorial_dag.py
[2023-03-01T15:27:29.534+0000] {logging_mixin.py:137} INFO - [2023-03-01T15:27:29.534+0000] {dag.py:2690} INFO - Sync 1 DAGs
[2023-03-01T15:27:29.560+0000] {logging_mixin.py:137} INFO - [2023-03-01T15:27:29.560+0000] {dag.py:3441} INFO - Setting next_dagrun for tutorial_dag to None, run_after=None
[2023-03-01T15:27:29.580+0000] {processor.py:175} INFO - Processing /home/airflow/.local/lib/python3.7/site-packages/airflow/example_dags/tutorial_dag.py took 0.082 seconds
[2023-03-01T15:28:00.007+0000] {processor.py:153} INFO - Started process (PID=1763) to work on /home/airflow/.local/lib/python3.7/site-packages/airflow/example_dags/tutorial_dag.py
[2023-03-01T15:28:00.008+0000] {processor.py:743} INFO - Processing file /home/airflow/.local/lib/python3.7/site-packages/airflow/example_dags/tutorial_dag.py for tasks to queue
[2023-03-01T15:28:00.008+0000] {logging_mixin.py:137} INFO - [2023-03-01T15:28:00.008+0000] {dagbag.py:538} INFO - Filling up the DagBag from /home/airflow/.local/lib/python3.7/site-packages/airflow/example_dags/tutorial_dag.py
[2023-03-01T15:28:00.019+0000] {processor.py:753} INFO - DAG(s) dict_keys(['tutorial_dag']) retrieved from /home/airflow/.local/lib/python3.7/site-packages/airflow/example_dags/tutorial_dag.py
[2023-03-01T15:28:00.040+0000] {logging_mixin.py:137} INFO - [2023-03-01T15:28:00.040+0000] {dag.py:2690} INFO - Sync 1 DAGs
[2023-03-01T15:28:00.062+0000] {logging_mixin.py:137} INFO - [2023-03-01T15:28:00.062+0000] {dag.py:3441} INFO - Setting next_dagrun for tutorial_dag to None, run_after=None
[2023-03-01T15:28:00.080+0000] {processor.py:175} INFO - Processing /home/airflow/.local/lib/python3.7/site-packages/airflow/example_dags/tutorial_dag.py took 0.076 seconds
[2023-03-01T15:28:30.772+0000] {processor.py:153} INFO - Started process (PID=1862) to work on /home/airflow/.local/lib/python3.7/site-packages/airflow/example_dags/tutorial_dag.py
[2023-03-01T15:28:30.772+0000] {processor.py:743} INFO - Processing file /home/airflow/.local/lib/python3.7/site-packages/airflow/example_dags/tutorial_dag.py for tasks to queue
[2023-03-01T15:28:30.773+0000] {logging_mixin.py:137} INFO - [2023-03-01T15:28:30.773+0000] {dagbag.py:538} INFO - Filling up the DagBag from /home/airflow/.local/lib/python3.7/site-packages/airflow/example_dags/tutorial_dag.py
[2023-03-01T15:28:30.786+0000] {processor.py:753} INFO - DAG(s) dict_keys(['tutorial_dag']) retrieved from /home/airflow/.local/lib/python3.7/site-packages/airflow/example_dags/tutorial_dag.py
[2023-03-01T15:28:30.807+0000] {logging_mixin.py:137} INFO - [2023-03-01T15:28:30.807+0000] {dag.py:2690} INFO - Sync 1 DAGs
[2023-03-01T15:28:30.833+0000] {logging_mixin.py:137} INFO - [2023-03-01T15:28:30.833+0000] {dag.py:3441} INFO - Setting next_dagrun for tutorial_dag to None, run_after=None
[2023-03-01T15:28:30.853+0000] {processor.py:175} INFO - Processing /home/airflow/.local/lib/python3.7/site-packages/airflow/example_dags/tutorial_dag.py took 0.084 seconds
[2023-03-01T15:29:01.230+0000] {processor.py:153} INFO - Started process (PID=1941) to work on /home/airflow/.local/lib/python3.7/site-packages/airflow/example_dags/tutorial_dag.py
[2023-03-01T15:29:01.230+0000] {processor.py:743} INFO - Processing file /home/airflow/.local/lib/python3.7/site-packages/airflow/example_dags/tutorial_dag.py for tasks to queue
[2023-03-01T15:29:01.231+0000] {logging_mixin.py:137} INFO - [2023-03-01T15:29:01.231+0000] {dagbag.py:538} INFO - Filling up the DagBag from /home/airflow/.local/lib/python3.7/site-packages/airflow/example_dags/tutorial_dag.py
[2023-03-01T15:29:01.241+0000] {processor.py:753} INFO - DAG(s) dict_keys(['tutorial_dag']) retrieved from /home/airflow/.local/lib/python3.7/site-packages/airflow/example_dags/tutorial_dag.py
[2023-03-01T15:29:01.266+0000] {logging_mixin.py:137} INFO - [2023-03-01T15:29:01.266+0000] {dag.py:2690} INFO - Sync 1 DAGs
[2023-03-01T15:29:01.291+0000] {logging_mixin.py:137} INFO - [2023-03-01T15:29:01.291+0000] {dag.py:3441} INFO - Setting next_dagrun for tutorial_dag to None, run_after=None
[2023-03-01T15:29:01.310+0000] {processor.py:175} INFO - Processing /home/airflow/.local/lib/python3.7/site-packages/airflow/example_dags/tutorial_dag.py took 0.083 seconds
[2023-03-01T15:29:31.985+0000] {processor.py:153} INFO - Started process (PID=2040) to work on /home/airflow/.local/lib/python3.7/site-packages/airflow/example_dags/tutorial_dag.py
[2023-03-01T15:29:31.986+0000] {processor.py:743} INFO - Processing file /home/airflow/.local/lib/python3.7/site-packages/airflow/example_dags/tutorial_dag.py for tasks to queue
[2023-03-01T15:29:31.986+0000] {logging_mixin.py:137} INFO - [2023-03-01T15:29:31.986+0000] {dagbag.py:538} INFO - Filling up the DagBag from /home/airflow/.local/lib/python3.7/site-packages/airflow/example_dags/tutorial_dag.py
[2023-03-01T15:29:31.996+0000] {processor.py:753} INFO - DAG(s) dict_keys(['tutorial_dag']) retrieved from /home/airflow/.local/lib/python3.7/site-packages/airflow/example_dags/tutorial_dag.py
[2023-03-01T15:29:32.019+0000] {logging_mixin.py:137} INFO - [2023-03-01T15:29:32.019+0000] {dag.py:2690} INFO - Sync 1 DAGs
[2023-03-01T15:29:32.041+0000] {logging_mixin.py:137} INFO - [2023-03-01T15:29:32.041+0000] {dag.py:3441} INFO - Setting next_dagrun for tutorial_dag to None, run_after=None
[2023-03-01T15:29:32.059+0000] {processor.py:175} INFO - Processing /home/airflow/.local/lib/python3.7/site-packages/airflow/example_dags/tutorial_dag.py took 0.076 seconds
[2023-03-01T15:30:02.579+0000] {processor.py:153} INFO - Started process (PID=2119) to work on /home/airflow/.local/lib/python3.7/site-packages/airflow/example_dags/tutorial_dag.py
[2023-03-01T15:30:02.580+0000] {processor.py:743} INFO - Processing file /home/airflow/.local/lib/python3.7/site-packages/airflow/example_dags/tutorial_dag.py for tasks to queue
[2023-03-01T15:30:02.580+0000] {logging_mixin.py:137} INFO - [2023-03-01T15:30:02.580+0000] {dagbag.py:538} INFO - Filling up the DagBag from /home/airflow/.local/lib/python3.7/site-packages/airflow/example_dags/tutorial_dag.py
[2023-03-01T15:30:02.591+0000] {processor.py:753} INFO - DAG(s) dict_keys(['tutorial_dag']) retrieved from /home/airflow/.local/lib/python3.7/site-packages/airflow/example_dags/tutorial_dag.py
[2023-03-01T15:30:02.614+0000] {logging_mixin.py:137} INFO - [2023-03-01T15:30:02.614+0000] {dag.py:2690} INFO - Sync 1 DAGs
[2023-03-01T15:30:02.637+0000] {logging_mixin.py:137} INFO - [2023-03-01T15:30:02.636+0000] {dag.py:3441} INFO - Setting next_dagrun for tutorial_dag to None, run_after=None
[2023-03-01T15:30:02.655+0000] {processor.py:175} INFO - Processing /home/airflow/.local/lib/python3.7/site-packages/airflow/example_dags/tutorial_dag.py took 0.079 seconds
[2023-03-01T15:30:33.332+0000] {processor.py:153} INFO - Started process (PID=2219) to work on /home/airflow/.local/lib/python3.7/site-packages/airflow/example_dags/tutorial_dag.py
[2023-03-01T15:30:33.333+0000] {processor.py:743} INFO - Processing file /home/airflow/.local/lib/python3.7/site-packages/airflow/example_dags/tutorial_dag.py for tasks to queue
[2023-03-01T15:30:33.333+0000] {logging_mixin.py:137} INFO - [2023-03-01T15:30:33.333+0000] {dagbag.py:538} INFO - Filling up the DagBag from /home/airflow/.local/lib/python3.7/site-packages/airflow/example_dags/tutorial_dag.py
[2023-03-01T15:30:33.343+0000] {processor.py:753} INFO - DAG(s) dict_keys(['tutorial_dag']) retrieved from /home/airflow/.local/lib/python3.7/site-packages/airflow/example_dags/tutorial_dag.py
[2023-03-01T15:30:33.365+0000] {logging_mixin.py:137} INFO - [2023-03-01T15:30:33.364+0000] {dag.py:2690} INFO - Sync 1 DAGs
[2023-03-01T15:30:33.388+0000] {logging_mixin.py:137} INFO - [2023-03-01T15:30:33.387+0000] {dag.py:3441} INFO - Setting next_dagrun for tutorial_dag to None, run_after=None
[2023-03-01T15:30:33.404+0000] {processor.py:175} INFO - Processing /home/airflow/.local/lib/python3.7/site-packages/airflow/example_dags/tutorial_dag.py took 0.074 seconds
[2023-03-01T15:31:04.078+0000] {processor.py:153} INFO - Started process (PID=2298) to work on /home/airflow/.local/lib/python3.7/site-packages/airflow/example_dags/tutorial_dag.py
[2023-03-01T15:31:04.079+0000] {processor.py:743} INFO - Processing file /home/airflow/.local/lib/python3.7/site-packages/airflow/example_dags/tutorial_dag.py for tasks to queue
[2023-03-01T15:31:04.079+0000] {logging_mixin.py:137} INFO - [2023-03-01T15:31:04.079+0000] {dagbag.py:538} INFO - Filling up the DagBag from /home/airflow/.local/lib/python3.7/site-packages/airflow/example_dags/tutorial_dag.py
[2023-03-01T15:31:04.090+0000] {processor.py:753} INFO - DAG(s) dict_keys(['tutorial_dag']) retrieved from /home/airflow/.local/lib/python3.7/site-packages/airflow/example_dags/tutorial_dag.py
[2023-03-01T15:31:04.114+0000] {logging_mixin.py:137} INFO - [2023-03-01T15:31:04.114+0000] {dag.py:2690} INFO - Sync 1 DAGs
[2023-03-01T15:31:04.135+0000] {logging_mixin.py:137} INFO - [2023-03-01T15:31:04.135+0000] {dag.py:3441} INFO - Setting next_dagrun for tutorial_dag to None, run_after=None
[2023-03-01T15:31:04.152+0000] {processor.py:175} INFO - Processing /home/airflow/.local/lib/python3.7/site-packages/airflow/example_dags/tutorial_dag.py took 0.077 seconds
[2023-03-01T15:31:35.062+0000] {processor.py:153} INFO - Started process (PID=2397) to work on /home/airflow/.local/lib/python3.7/site-packages/airflow/example_dags/tutorial_dag.py
[2023-03-01T15:31:35.063+0000] {processor.py:743} INFO - Processing file /home/airflow/.local/lib/python3.7/site-packages/airflow/example_dags/tutorial_dag.py for tasks to queue
[2023-03-01T15:31:35.063+0000] {logging_mixin.py:137} INFO - [2023-03-01T15:31:35.063+0000] {dagbag.py:538} INFO - Filling up the DagBag from /home/airflow/.local/lib/python3.7/site-packages/airflow/example_dags/tutorial_dag.py
[2023-03-01T15:31:35.073+0000] {processor.py:753} INFO - DAG(s) dict_keys(['tutorial_dag']) retrieved from /home/airflow/.local/lib/python3.7/site-packages/airflow/example_dags/tutorial_dag.py
[2023-03-01T15:31:35.093+0000] {logging_mixin.py:137} INFO - [2023-03-01T15:31:35.093+0000] {dag.py:2690} INFO - Sync 1 DAGs
[2023-03-01T15:31:35.113+0000] {logging_mixin.py:137} INFO - [2023-03-01T15:31:35.113+0000] {dag.py:3441} INFO - Setting next_dagrun for tutorial_dag to None, run_after=None
[2023-03-01T15:31:35.129+0000] {processor.py:175} INFO - Processing /home/airflow/.local/lib/python3.7/site-packages/airflow/example_dags/tutorial_dag.py took 0.069 seconds
[2023-03-01T15:32:05.544+0000] {processor.py:153} INFO - Started process (PID=2483) to work on /home/airflow/.local/lib/python3.7/site-packages/airflow/example_dags/tutorial_dag.py
[2023-03-01T15:32:05.545+0000] {processor.py:743} INFO - Processing file /home/airflow/.local/lib/python3.7/site-packages/airflow/example_dags/tutorial_dag.py for tasks to queue
[2023-03-01T15:32:05.546+0000] {logging_mixin.py:137} INFO - [2023-03-01T15:32:05.546+0000] {dagbag.py:538} INFO - Filling up the DagBag from /home/airflow/.local/lib/python3.7/site-packages/airflow/example_dags/tutorial_dag.py
[2023-03-01T15:32:05.556+0000] {processor.py:753} INFO - DAG(s) dict_keys(['tutorial_dag']) retrieved from /home/airflow/.local/lib/python3.7/site-packages/airflow/example_dags/tutorial_dag.py
[2023-03-01T15:32:05.579+0000] {logging_mixin.py:137} INFO - [2023-03-01T15:32:05.579+0000] {dag.py:2690} INFO - Sync 1 DAGs
[2023-03-01T15:32:05.601+0000] {logging_mixin.py:137} INFO - [2023-03-01T15:32:05.601+0000] {dag.py:3441} INFO - Setting next_dagrun for tutorial_dag to None, run_after=None
[2023-03-01T15:32:05.620+0000] {processor.py:175} INFO - Processing /home/airflow/.local/lib/python3.7/site-packages/airflow/example_dags/tutorial_dag.py took 0.078 seconds
[2023-03-01T15:32:36.054+0000] {processor.py:153} INFO - Started process (PID=2575) to work on /home/airflow/.local/lib/python3.7/site-packages/airflow/example_dags/tutorial_dag.py
[2023-03-01T15:32:36.055+0000] {processor.py:743} INFO - Processing file /home/airflow/.local/lib/python3.7/site-packages/airflow/example_dags/tutorial_dag.py for tasks to queue
[2023-03-01T15:32:36.055+0000] {logging_mixin.py:137} INFO - [2023-03-01T15:32:36.055+0000] {dagbag.py:538} INFO - Filling up the DagBag from /home/airflow/.local/lib/python3.7/site-packages/airflow/example_dags/tutorial_dag.py
[2023-03-01T15:32:36.065+0000] {processor.py:753} INFO - DAG(s) dict_keys(['tutorial_dag']) retrieved from /home/airflow/.local/lib/python3.7/site-packages/airflow/example_dags/tutorial_dag.py
[2023-03-01T15:32:36.085+0000] {logging_mixin.py:137} INFO - [2023-03-01T15:32:36.085+0000] {dag.py:2690} INFO - Sync 1 DAGs
[2023-03-01T15:32:36.109+0000] {logging_mixin.py:137} INFO - [2023-03-01T15:32:36.109+0000] {dag.py:3441} INFO - Setting next_dagrun for tutorial_dag to None, run_after=None
[2023-03-01T15:32:36.125+0000] {processor.py:175} INFO - Processing /home/airflow/.local/lib/python3.7/site-packages/airflow/example_dags/tutorial_dag.py took 0.074 seconds
[2023-03-01T15:33:06.998+0000] {processor.py:153} INFO - Started process (PID=2674) to work on /home/airflow/.local/lib/python3.7/site-packages/airflow/example_dags/tutorial_dag.py
[2023-03-01T15:33:06.999+0000] {processor.py:743} INFO - Processing file /home/airflow/.local/lib/python3.7/site-packages/airflow/example_dags/tutorial_dag.py for tasks to queue
[2023-03-01T15:33:06.999+0000] {logging_mixin.py:137} INFO - [2023-03-01T15:33:06.999+0000] {dagbag.py:538} INFO - Filling up the DagBag from /home/airflow/.local/lib/python3.7/site-packages/airflow/example_dags/tutorial_dag.py
[2023-03-01T15:33:07.009+0000] {processor.py:753} INFO - DAG(s) dict_keys(['tutorial_dag']) retrieved from /home/airflow/.local/lib/python3.7/site-packages/airflow/example_dags/tutorial_dag.py
[2023-03-01T15:33:07.030+0000] {logging_mixin.py:137} INFO - [2023-03-01T15:33:07.030+0000] {dag.py:2690} INFO - Sync 1 DAGs
[2023-03-01T15:33:07.053+0000] {logging_mixin.py:137} INFO - [2023-03-01T15:33:07.053+0000] {dag.py:3441} INFO - Setting next_dagrun for tutorial_dag to None, run_after=None
[2023-03-01T15:33:07.071+0000] {processor.py:175} INFO - Processing /home/airflow/.local/lib/python3.7/site-packages/airflow/example_dags/tutorial_dag.py took 0.076 seconds
[2023-03-01T15:33:37.389+0000] {processor.py:153} INFO - Started process (PID=2753) to work on /home/airflow/.local/lib/python3.7/site-packages/airflow/example_dags/tutorial_dag.py
[2023-03-01T15:33:37.390+0000] {processor.py:743} INFO - Processing file /home/airflow/.local/lib/python3.7/site-packages/airflow/example_dags/tutorial_dag.py for tasks to queue
[2023-03-01T15:33:37.391+0000] {logging_mixin.py:137} INFO - [2023-03-01T15:33:37.390+0000] {dagbag.py:538} INFO - Filling up the DagBag from /home/airflow/.local/lib/python3.7/site-packages/airflow/example_dags/tutorial_dag.py
[2023-03-01T15:33:37.400+0000] {processor.py:753} INFO - DAG(s) dict_keys(['tutorial_dag']) retrieved from /home/airflow/.local/lib/python3.7/site-packages/airflow/example_dags/tutorial_dag.py
[2023-03-01T15:33:37.421+0000] {logging_mixin.py:137} INFO - [2023-03-01T15:33:37.421+0000] {dag.py:2690} INFO - Sync 1 DAGs
[2023-03-01T15:33:37.443+0000] {logging_mixin.py:137} INFO - [2023-03-01T15:33:37.443+0000] {dag.py:3441} INFO - Setting next_dagrun for tutorial_dag to None, run_after=None
[2023-03-01T15:33:37.461+0000] {processor.py:175} INFO - Processing /home/airflow/.local/lib/python3.7/site-packages/airflow/example_dags/tutorial_dag.py took 0.074 seconds
[2023-03-01T15:34:08.120+0000] {processor.py:153} INFO - Started process (PID=2851) to work on /home/airflow/.local/lib/python3.7/site-packages/airflow/example_dags/tutorial_dag.py
[2023-03-01T15:34:08.121+0000] {processor.py:743} INFO - Processing file /home/airflow/.local/lib/python3.7/site-packages/airflow/example_dags/tutorial_dag.py for tasks to queue
[2023-03-01T15:34:08.122+0000] {logging_mixin.py:137} INFO - [2023-03-01T15:34:08.122+0000] {dagbag.py:538} INFO - Filling up the DagBag from /home/airflow/.local/lib/python3.7/site-packages/airflow/example_dags/tutorial_dag.py
[2023-03-01T15:34:08.133+0000] {processor.py:753} INFO - DAG(s) dict_keys(['tutorial_dag']) retrieved from /home/airflow/.local/lib/python3.7/site-packages/airflow/example_dags/tutorial_dag.py
[2023-03-01T15:34:08.163+0000] {logging_mixin.py:137} INFO - [2023-03-01T15:34:08.163+0000] {dag.py:2690} INFO - Sync 1 DAGs
[2023-03-01T15:34:08.188+0000] {logging_mixin.py:137} INFO - [2023-03-01T15:34:08.188+0000] {dag.py:3441} INFO - Setting next_dagrun for tutorial_dag to None, run_after=None
[2023-03-01T15:34:08.212+0000] {processor.py:175} INFO - Processing /home/airflow/.local/lib/python3.7/site-packages/airflow/example_dags/tutorial_dag.py took 0.095 seconds
[2023-03-01T15:34:38.741+0000] {processor.py:153} INFO - Started process (PID=2931) to work on /home/airflow/.local/lib/python3.7/site-packages/airflow/example_dags/tutorial_dag.py
[2023-03-01T15:34:38.742+0000] {processor.py:743} INFO - Processing file /home/airflow/.local/lib/python3.7/site-packages/airflow/example_dags/tutorial_dag.py for tasks to queue
[2023-03-01T15:34:38.742+0000] {logging_mixin.py:137} INFO - [2023-03-01T15:34:38.742+0000] {dagbag.py:538} INFO - Filling up the DagBag from /home/airflow/.local/lib/python3.7/site-packages/airflow/example_dags/tutorial_dag.py
[2023-03-01T15:34:38.752+0000] {processor.py:753} INFO - DAG(s) dict_keys(['tutorial_dag']) retrieved from /home/airflow/.local/lib/python3.7/site-packages/airflow/example_dags/tutorial_dag.py
[2023-03-01T15:34:38.773+0000] {logging_mixin.py:137} INFO - [2023-03-01T15:34:38.773+0000] {dag.py:2690} INFO - Sync 1 DAGs
[2023-03-01T15:34:38.795+0000] {logging_mixin.py:137} INFO - [2023-03-01T15:34:38.795+0000] {dag.py:3441} INFO - Setting next_dagrun for tutorial_dag to None, run_after=None
[2023-03-01T15:34:38.814+0000] {processor.py:175} INFO - Processing /home/airflow/.local/lib/python3.7/site-packages/airflow/example_dags/tutorial_dag.py took 0.075 seconds
[2023-03-01T15:35:09.483+0000] {processor.py:153} INFO - Started process (PID=3030) to work on /home/airflow/.local/lib/python3.7/site-packages/airflow/example_dags/tutorial_dag.py
[2023-03-01T15:35:09.483+0000] {processor.py:743} INFO - Processing file /home/airflow/.local/lib/python3.7/site-packages/airflow/example_dags/tutorial_dag.py for tasks to queue
[2023-03-01T15:35:09.484+0000] {logging_mixin.py:137} INFO - [2023-03-01T15:35:09.484+0000] {dagbag.py:538} INFO - Filling up the DagBag from /home/airflow/.local/lib/python3.7/site-packages/airflow/example_dags/tutorial_dag.py
[2023-03-01T15:35:09.494+0000] {processor.py:753} INFO - DAG(s) dict_keys(['tutorial_dag']) retrieved from /home/airflow/.local/lib/python3.7/site-packages/airflow/example_dags/tutorial_dag.py
[2023-03-01T15:35:09.516+0000] {logging_mixin.py:137} INFO - [2023-03-01T15:35:09.515+0000] {dag.py:2690} INFO - Sync 1 DAGs
[2023-03-01T15:35:09.537+0000] {logging_mixin.py:137} INFO - [2023-03-01T15:35:09.537+0000] {dag.py:3441} INFO - Setting next_dagrun for tutorial_dag to None, run_after=None
[2023-03-01T15:35:09.555+0000] {processor.py:175} INFO - Processing /home/airflow/.local/lib/python3.7/site-packages/airflow/example_dags/tutorial_dag.py took 0.075 seconds
[2023-03-01T15:35:39.830+0000] {processor.py:153} INFO - Started process (PID=3109) to work on /home/airflow/.local/lib/python3.7/site-packages/airflow/example_dags/tutorial_dag.py
[2023-03-01T15:35:39.831+0000] {processor.py:743} INFO - Processing file /home/airflow/.local/lib/python3.7/site-packages/airflow/example_dags/tutorial_dag.py for tasks to queue
[2023-03-01T15:35:39.831+0000] {logging_mixin.py:137} INFO - [2023-03-01T15:35:39.831+0000] {dagbag.py:538} INFO - Filling up the DagBag from /home/airflow/.local/lib/python3.7/site-packages/airflow/example_dags/tutorial_dag.py
[2023-03-01T15:35:39.841+0000] {processor.py:753} INFO - DAG(s) dict_keys(['tutorial_dag']) retrieved from /home/airflow/.local/lib/python3.7/site-packages/airflow/example_dags/tutorial_dag.py
[2023-03-01T15:35:39.863+0000] {logging_mixin.py:137} INFO - [2023-03-01T15:35:39.863+0000] {dag.py:2690} INFO - Sync 1 DAGs
[2023-03-01T15:35:39.885+0000] {logging_mixin.py:137} INFO - [2023-03-01T15:35:39.885+0000] {dag.py:3441} INFO - Setting next_dagrun for tutorial_dag to None, run_after=None
[2023-03-01T15:35:39.904+0000] {processor.py:175} INFO - Processing /home/airflow/.local/lib/python3.7/site-packages/airflow/example_dags/tutorial_dag.py took 0.076 seconds
[2023-03-01T15:36:10.378+0000] {processor.py:153} INFO - Started process (PID=3208) to work on /home/airflow/.local/lib/python3.7/site-packages/airflow/example_dags/tutorial_dag.py
[2023-03-01T15:36:10.379+0000] {processor.py:743} INFO - Processing file /home/airflow/.local/lib/python3.7/site-packages/airflow/example_dags/tutorial_dag.py for tasks to queue
[2023-03-01T15:36:10.380+0000] {logging_mixin.py:137} INFO - [2023-03-01T15:36:10.379+0000] {dagbag.py:538} INFO - Filling up the DagBag from /home/airflow/.local/lib/python3.7/site-packages/airflow/example_dags/tutorial_dag.py
[2023-03-01T15:36:10.391+0000] {processor.py:753} INFO - DAG(s) dict_keys(['tutorial_dag']) retrieved from /home/airflow/.local/lib/python3.7/site-packages/airflow/example_dags/tutorial_dag.py
[2023-03-01T15:36:10.414+0000] {logging_mixin.py:137} INFO - [2023-03-01T15:36:10.414+0000] {dag.py:2690} INFO - Sync 1 DAGs
[2023-03-01T15:36:10.437+0000] {logging_mixin.py:137} INFO - [2023-03-01T15:36:10.437+0000] {dag.py:3441} INFO - Setting next_dagrun for tutorial_dag to None, run_after=None
[2023-03-01T15:36:10.455+0000] {processor.py:175} INFO - Processing /home/airflow/.local/lib/python3.7/site-packages/airflow/example_dags/tutorial_dag.py took 0.079 seconds
[2023-03-01T15:36:41.011+0000] {processor.py:153} INFO - Started process (PID=3287) to work on /home/airflow/.local/lib/python3.7/site-packages/airflow/example_dags/tutorial_dag.py
[2023-03-01T15:36:41.012+0000] {processor.py:743} INFO - Processing file /home/airflow/.local/lib/python3.7/site-packages/airflow/example_dags/tutorial_dag.py for tasks to queue
[2023-03-01T15:36:41.012+0000] {logging_mixin.py:137} INFO - [2023-03-01T15:36:41.012+0000] {dagbag.py:538} INFO - Filling up the DagBag from /home/airflow/.local/lib/python3.7/site-packages/airflow/example_dags/tutorial_dag.py
[2023-03-01T15:36:41.022+0000] {processor.py:753} INFO - DAG(s) dict_keys(['tutorial_dag']) retrieved from /home/airflow/.local/lib/python3.7/site-packages/airflow/example_dags/tutorial_dag.py
[2023-03-01T15:36:41.046+0000] {logging_mixin.py:137} INFO - [2023-03-01T15:36:41.046+0000] {dag.py:2690} INFO - Sync 1 DAGs
[2023-03-01T15:36:41.071+0000] {logging_mixin.py:137} INFO - [2023-03-01T15:36:41.070+0000] {dag.py:3441} INFO - Setting next_dagrun for tutorial_dag to None, run_after=None
[2023-03-01T15:36:41.090+0000] {processor.py:175} INFO - Processing /home/airflow/.local/lib/python3.7/site-packages/airflow/example_dags/tutorial_dag.py took 0.081 seconds
[2023-03-01T15:37:11.776+0000] {processor.py:153} INFO - Started process (PID=3386) to work on /home/airflow/.local/lib/python3.7/site-packages/airflow/example_dags/tutorial_dag.py
[2023-03-01T15:37:11.777+0000] {processor.py:743} INFO - Processing file /home/airflow/.local/lib/python3.7/site-packages/airflow/example_dags/tutorial_dag.py for tasks to queue
[2023-03-01T15:37:11.777+0000] {logging_mixin.py:137} INFO - [2023-03-01T15:37:11.777+0000] {dagbag.py:538} INFO - Filling up the DagBag from /home/airflow/.local/lib/python3.7/site-packages/airflow/example_dags/tutorial_dag.py
[2023-03-01T15:37:11.786+0000] {processor.py:753} INFO - DAG(s) dict_keys(['tutorial_dag']) retrieved from /home/airflow/.local/lib/python3.7/site-packages/airflow/example_dags/tutorial_dag.py
[2023-03-01T15:37:11.811+0000] {logging_mixin.py:137} INFO - [2023-03-01T15:37:11.810+0000] {dag.py:2690} INFO - Sync 1 DAGs
[2023-03-01T15:37:11.834+0000] {logging_mixin.py:137} INFO - [2023-03-01T15:37:11.834+0000] {dag.py:3441} INFO - Setting next_dagrun for tutorial_dag to None, run_after=None
[2023-03-01T15:37:11.853+0000] {processor.py:175} INFO - Processing /home/airflow/.local/lib/python3.7/site-packages/airflow/example_dags/tutorial_dag.py took 0.080 seconds
[2023-03-01T15:37:42.580+0000] {processor.py:153} INFO - Started process (PID=3465) to work on /home/airflow/.local/lib/python3.7/site-packages/airflow/example_dags/tutorial_dag.py
[2023-03-01T15:37:42.581+0000] {processor.py:743} INFO - Processing file /home/airflow/.local/lib/python3.7/site-packages/airflow/example_dags/tutorial_dag.py for tasks to queue
[2023-03-01T15:37:42.581+0000] {logging_mixin.py:137} INFO - [2023-03-01T15:37:42.581+0000] {dagbag.py:538} INFO - Filling up the DagBag from /home/airflow/.local/lib/python3.7/site-packages/airflow/example_dags/tutorial_dag.py
[2023-03-01T15:37:42.592+0000] {processor.py:753} INFO - DAG(s) dict_keys(['tutorial_dag']) retrieved from /home/airflow/.local/lib/python3.7/site-packages/airflow/example_dags/tutorial_dag.py
[2023-03-01T15:37:42.615+0000] {logging_mixin.py:137} INFO - [2023-03-01T15:37:42.615+0000] {dag.py:2690} INFO - Sync 1 DAGs
[2023-03-01T15:37:42.639+0000] {logging_mixin.py:137} INFO - [2023-03-01T15:37:42.638+0000] {dag.py:3441} INFO - Setting next_dagrun for tutorial_dag to None, run_after=None
[2023-03-01T15:37:42.659+0000] {processor.py:175} INFO - Processing /home/airflow/.local/lib/python3.7/site-packages/airflow/example_dags/tutorial_dag.py took 0.082 seconds
[2023-03-01T15:38:13.079+0000] {processor.py:153} INFO - Started process (PID=3564) to work on /home/airflow/.local/lib/python3.7/site-packages/airflow/example_dags/tutorial_dag.py
[2023-03-01T15:38:13.080+0000] {processor.py:743} INFO - Processing file /home/airflow/.local/lib/python3.7/site-packages/airflow/example_dags/tutorial_dag.py for tasks to queue
[2023-03-01T15:38:13.080+0000] {logging_mixin.py:137} INFO - [2023-03-01T15:38:13.080+0000] {dagbag.py:538} INFO - Filling up the DagBag from /home/airflow/.local/lib/python3.7/site-packages/airflow/example_dags/tutorial_dag.py
[2023-03-01T15:38:13.090+0000] {processor.py:753} INFO - DAG(s) dict_keys(['tutorial_dag']) retrieved from /home/airflow/.local/lib/python3.7/site-packages/airflow/example_dags/tutorial_dag.py
[2023-03-01T15:38:13.112+0000] {logging_mixin.py:137} INFO - [2023-03-01T15:38:13.112+0000] {dag.py:2690} INFO - Sync 1 DAGs
[2023-03-01T15:38:13.137+0000] {logging_mixin.py:137} INFO - [2023-03-01T15:38:13.136+0000] {dag.py:3441} INFO - Setting next_dagrun for tutorial_dag to None, run_after=None
[2023-03-01T15:38:13.154+0000] {processor.py:175} INFO - Processing /home/airflow/.local/lib/python3.7/site-packages/airflow/example_dags/tutorial_dag.py took 0.077 seconds
[2023-03-01T15:38:43.768+0000] {processor.py:153} INFO - Started process (PID=3643) to work on /home/airflow/.local/lib/python3.7/site-packages/airflow/example_dags/tutorial_dag.py
[2023-03-01T15:38:43.768+0000] {processor.py:743} INFO - Processing file /home/airflow/.local/lib/python3.7/site-packages/airflow/example_dags/tutorial_dag.py for tasks to queue
[2023-03-01T15:38:43.769+0000] {logging_mixin.py:137} INFO - [2023-03-01T15:38:43.769+0000] {dagbag.py:538} INFO - Filling up the DagBag from /home/airflow/.local/lib/python3.7/site-packages/airflow/example_dags/tutorial_dag.py
[2023-03-01T15:38:43.778+0000] {processor.py:753} INFO - DAG(s) dict_keys(['tutorial_dag']) retrieved from /home/airflow/.local/lib/python3.7/site-packages/airflow/example_dags/tutorial_dag.py
[2023-03-01T15:38:43.800+0000] {logging_mixin.py:137} INFO - [2023-03-01T15:38:43.800+0000] {dag.py:2690} INFO - Sync 1 DAGs
[2023-03-01T15:38:43.823+0000] {logging_mixin.py:137} INFO - [2023-03-01T15:38:43.823+0000] {dag.py:3441} INFO - Setting next_dagrun for tutorial_dag to None, run_after=None
[2023-03-01T15:38:43.840+0000] {processor.py:175} INFO - Processing /home/airflow/.local/lib/python3.7/site-packages/airflow/example_dags/tutorial_dag.py took 0.075 seconds
[2023-03-01T15:39:14.085+0000] {processor.py:153} INFO - Started process (PID=3743) to work on /home/airflow/.local/lib/python3.7/site-packages/airflow/example_dags/tutorial_dag.py
[2023-03-01T15:39:14.086+0000] {processor.py:743} INFO - Processing file /home/airflow/.local/lib/python3.7/site-packages/airflow/example_dags/tutorial_dag.py for tasks to queue
[2023-03-01T15:39:14.086+0000] {logging_mixin.py:137} INFO - [2023-03-01T15:39:14.086+0000] {dagbag.py:538} INFO - Filling up the DagBag from /home/airflow/.local/lib/python3.7/site-packages/airflow/example_dags/tutorial_dag.py
[2023-03-01T15:39:14.096+0000] {processor.py:753} INFO - DAG(s) dict_keys(['tutorial_dag']) retrieved from /home/airflow/.local/lib/python3.7/site-packages/airflow/example_dags/tutorial_dag.py
[2023-03-01T15:39:14.118+0000] {logging_mixin.py:137} INFO - [2023-03-01T15:39:14.118+0000] {dag.py:2690} INFO - Sync 1 DAGs
[2023-03-01T15:39:14.139+0000] {logging_mixin.py:137} INFO - [2023-03-01T15:39:14.139+0000] {dag.py:3441} INFO - Setting next_dagrun for tutorial_dag to None, run_after=None
[2023-03-01T15:39:14.157+0000] {processor.py:175} INFO - Processing /home/airflow/.local/lib/python3.7/site-packages/airflow/example_dags/tutorial_dag.py took 0.074 seconds
[2023-03-01T15:39:44.557+0000] {processor.py:153} INFO - Started process (PID=3822) to work on /home/airflow/.local/lib/python3.7/site-packages/airflow/example_dags/tutorial_dag.py
[2023-03-01T15:39:44.558+0000] {processor.py:743} INFO - Processing file /home/airflow/.local/lib/python3.7/site-packages/airflow/example_dags/tutorial_dag.py for tasks to queue
[2023-03-01T15:39:44.559+0000] {logging_mixin.py:137} INFO - [2023-03-01T15:39:44.559+0000] {dagbag.py:538} INFO - Filling up the DagBag from /home/airflow/.local/lib/python3.7/site-packages/airflow/example_dags/tutorial_dag.py
[2023-03-01T15:39:44.571+0000] {processor.py:753} INFO - DAG(s) dict_keys(['tutorial_dag']) retrieved from /home/airflow/.local/lib/python3.7/site-packages/airflow/example_dags/tutorial_dag.py
[2023-03-01T15:39:44.599+0000] {logging_mixin.py:137} INFO - [2023-03-01T15:39:44.599+0000] {dag.py:2690} INFO - Sync 1 DAGs
[2023-03-01T15:39:44.627+0000] {logging_mixin.py:137} INFO - [2023-03-01T15:39:44.627+0000] {dag.py:3441} INFO - Setting next_dagrun for tutorial_dag to None, run_after=None
[2023-03-01T15:39:44.649+0000] {processor.py:175} INFO - Processing /home/airflow/.local/lib/python3.7/site-packages/airflow/example_dags/tutorial_dag.py took 0.094 seconds
[2023-03-01T15:40:15.297+0000] {processor.py:153} INFO - Started process (PID=3921) to work on /home/airflow/.local/lib/python3.7/site-packages/airflow/example_dags/tutorial_dag.py
[2023-03-01T15:40:15.298+0000] {processor.py:743} INFO - Processing file /home/airflow/.local/lib/python3.7/site-packages/airflow/example_dags/tutorial_dag.py for tasks to queue
[2023-03-01T15:40:15.298+0000] {logging_mixin.py:137} INFO - [2023-03-01T15:40:15.298+0000] {dagbag.py:538} INFO - Filling up the DagBag from /home/airflow/.local/lib/python3.7/site-packages/airflow/example_dags/tutorial_dag.py
[2023-03-01T15:40:15.308+0000] {processor.py:753} INFO - DAG(s) dict_keys(['tutorial_dag']) retrieved from /home/airflow/.local/lib/python3.7/site-packages/airflow/example_dags/tutorial_dag.py
[2023-03-01T15:40:15.329+0000] {logging_mixin.py:137} INFO - [2023-03-01T15:40:15.329+0000] {dag.py:2690} INFO - Sync 1 DAGs
[2023-03-01T15:40:15.353+0000] {logging_mixin.py:137} INFO - [2023-03-01T15:40:15.352+0000] {dag.py:3441} INFO - Setting next_dagrun for tutorial_dag to None, run_after=None
[2023-03-01T15:40:15.374+0000] {processor.py:175} INFO - Processing /home/airflow/.local/lib/python3.7/site-packages/airflow/example_dags/tutorial_dag.py took 0.079 seconds
[2023-03-01T15:40:45.925+0000] {processor.py:153} INFO - Started process (PID=4000) to work on /home/airflow/.local/lib/python3.7/site-packages/airflow/example_dags/tutorial_dag.py
[2023-03-01T15:40:45.926+0000] {processor.py:743} INFO - Processing file /home/airflow/.local/lib/python3.7/site-packages/airflow/example_dags/tutorial_dag.py for tasks to queue
[2023-03-01T15:40:45.926+0000] {logging_mixin.py:137} INFO - [2023-03-01T15:40:45.926+0000] {dagbag.py:538} INFO - Filling up the DagBag from /home/airflow/.local/lib/python3.7/site-packages/airflow/example_dags/tutorial_dag.py
[2023-03-01T15:40:45.936+0000] {processor.py:753} INFO - DAG(s) dict_keys(['tutorial_dag']) retrieved from /home/airflow/.local/lib/python3.7/site-packages/airflow/example_dags/tutorial_dag.py
[2023-03-01T15:40:45.960+0000] {logging_mixin.py:137} INFO - [2023-03-01T15:40:45.960+0000] {dag.py:2690} INFO - Sync 1 DAGs
[2023-03-01T15:40:45.987+0000] {logging_mixin.py:137} INFO - [2023-03-01T15:40:45.987+0000] {dag.py:3441} INFO - Setting next_dagrun for tutorial_dag to None, run_after=None
[2023-03-01T15:40:46.007+0000] {processor.py:175} INFO - Processing /home/airflow/.local/lib/python3.7/site-packages/airflow/example_dags/tutorial_dag.py took 0.085 seconds
[2023-03-01T15:41:16.693+0000] {processor.py:153} INFO - Started process (PID=4099) to work on /home/airflow/.local/lib/python3.7/site-packages/airflow/example_dags/tutorial_dag.py
[2023-03-01T15:41:16.694+0000] {processor.py:743} INFO - Processing file /home/airflow/.local/lib/python3.7/site-packages/airflow/example_dags/tutorial_dag.py for tasks to queue
[2023-03-01T15:41:16.694+0000] {logging_mixin.py:137} INFO - [2023-03-01T15:41:16.694+0000] {dagbag.py:538} INFO - Filling up the DagBag from /home/airflow/.local/lib/python3.7/site-packages/airflow/example_dags/tutorial_dag.py
[2023-03-01T15:41:16.704+0000] {processor.py:753} INFO - DAG(s) dict_keys(['tutorial_dag']) retrieved from /home/airflow/.local/lib/python3.7/site-packages/airflow/example_dags/tutorial_dag.py
[2023-03-01T15:41:16.726+0000] {logging_mixin.py:137} INFO - [2023-03-01T15:41:16.726+0000] {dag.py:2690} INFO - Sync 1 DAGs
[2023-03-01T15:41:16.748+0000] {logging_mixin.py:137} INFO - [2023-03-01T15:41:16.748+0000] {dag.py:3441} INFO - Setting next_dagrun for tutorial_dag to None, run_after=None
[2023-03-01T15:41:16.765+0000] {processor.py:175} INFO - Processing /home/airflow/.local/lib/python3.7/site-packages/airflow/example_dags/tutorial_dag.py took 0.075 seconds
[2023-03-01T15:41:47.217+0000] {processor.py:153} INFO - Started process (PID=4187) to work on /home/airflow/.local/lib/python3.7/site-packages/airflow/example_dags/tutorial_dag.py
[2023-03-01T15:41:47.218+0000] {processor.py:743} INFO - Processing file /home/airflow/.local/lib/python3.7/site-packages/airflow/example_dags/tutorial_dag.py for tasks to queue
[2023-03-01T15:41:47.218+0000] {logging_mixin.py:137} INFO - [2023-03-01T15:41:47.218+0000] {dagbag.py:538} INFO - Filling up the DagBag from /home/airflow/.local/lib/python3.7/site-packages/airflow/example_dags/tutorial_dag.py
[2023-03-01T15:41:47.228+0000] {processor.py:753} INFO - DAG(s) dict_keys(['tutorial_dag']) retrieved from /home/airflow/.local/lib/python3.7/site-packages/airflow/example_dags/tutorial_dag.py
[2023-03-01T15:41:47.248+0000] {logging_mixin.py:137} INFO - [2023-03-01T15:41:47.248+0000] {dag.py:2690} INFO - Sync 1 DAGs
[2023-03-01T15:41:47.277+0000] {logging_mixin.py:137} INFO - [2023-03-01T15:41:47.277+0000] {dag.py:3441} INFO - Setting next_dagrun for tutorial_dag to None, run_after=None
[2023-03-01T15:41:47.297+0000] {processor.py:175} INFO - Processing /home/airflow/.local/lib/python3.7/site-packages/airflow/example_dags/tutorial_dag.py took 0.082 seconds
[2023-03-01T15:42:17.865+0000] {processor.py:153} INFO - Started process (PID=4277) to work on /home/airflow/.local/lib/python3.7/site-packages/airflow/example_dags/tutorial_dag.py
[2023-03-01T15:42:17.866+0000] {processor.py:743} INFO - Processing file /home/airflow/.local/lib/python3.7/site-packages/airflow/example_dags/tutorial_dag.py for tasks to queue
[2023-03-01T15:42:17.866+0000] {logging_mixin.py:137} INFO - [2023-03-01T15:42:17.866+0000] {dagbag.py:538} INFO - Filling up the DagBag from /home/airflow/.local/lib/python3.7/site-packages/airflow/example_dags/tutorial_dag.py
[2023-03-01T15:42:17.875+0000] {processor.py:753} INFO - DAG(s) dict_keys(['tutorial_dag']) retrieved from /home/airflow/.local/lib/python3.7/site-packages/airflow/example_dags/tutorial_dag.py
[2023-03-01T15:42:17.896+0000] {logging_mixin.py:137} INFO - [2023-03-01T15:42:17.896+0000] {dag.py:2690} INFO - Sync 1 DAGs
[2023-03-01T15:42:17.919+0000] {logging_mixin.py:137} INFO - [2023-03-01T15:42:17.919+0000] {dag.py:3441} INFO - Setting next_dagrun for tutorial_dag to None, run_after=None
[2023-03-01T15:42:17.937+0000] {processor.py:175} INFO - Processing /home/airflow/.local/lib/python3.7/site-packages/airflow/example_dags/tutorial_dag.py took 0.074 seconds
[2023-03-01T15:42:48.787+0000] {processor.py:153} INFO - Started process (PID=4376) to work on /home/airflow/.local/lib/python3.7/site-packages/airflow/example_dags/tutorial_dag.py
[2023-03-01T15:42:48.788+0000] {processor.py:743} INFO - Processing file /home/airflow/.local/lib/python3.7/site-packages/airflow/example_dags/tutorial_dag.py for tasks to queue
[2023-03-01T15:42:48.789+0000] {logging_mixin.py:137} INFO - [2023-03-01T15:42:48.788+0000] {dagbag.py:538} INFO - Filling up the DagBag from /home/airflow/.local/lib/python3.7/site-packages/airflow/example_dags/tutorial_dag.py
[2023-03-01T15:42:48.805+0000] {processor.py:753} INFO - DAG(s) dict_keys(['tutorial_dag']) retrieved from /home/airflow/.local/lib/python3.7/site-packages/airflow/example_dags/tutorial_dag.py
[2023-03-01T15:42:48.836+0000] {logging_mixin.py:137} INFO - [2023-03-01T15:42:48.836+0000] {dag.py:2690} INFO - Sync 1 DAGs
[2023-03-01T15:42:48.860+0000] {logging_mixin.py:137} INFO - [2023-03-01T15:42:48.859+0000] {dag.py:3441} INFO - Setting next_dagrun for tutorial_dag to None, run_after=None
[2023-03-01T15:42:48.880+0000] {processor.py:175} INFO - Processing /home/airflow/.local/lib/python3.7/site-packages/airflow/example_dags/tutorial_dag.py took 0.098 seconds
[2023-03-01T15:43:19.016+0000] {processor.py:153} INFO - Started process (PID=4455) to work on /home/airflow/.local/lib/python3.7/site-packages/airflow/example_dags/tutorial_dag.py
[2023-03-01T15:43:19.017+0000] {processor.py:743} INFO - Processing file /home/airflow/.local/lib/python3.7/site-packages/airflow/example_dags/tutorial_dag.py for tasks to queue
[2023-03-01T15:43:19.017+0000] {logging_mixin.py:137} INFO - [2023-03-01T15:43:19.017+0000] {dagbag.py:538} INFO - Filling up the DagBag from /home/airflow/.local/lib/python3.7/site-packages/airflow/example_dags/tutorial_dag.py
[2023-03-01T15:43:19.027+0000] {processor.py:753} INFO - DAG(s) dict_keys(['tutorial_dag']) retrieved from /home/airflow/.local/lib/python3.7/site-packages/airflow/example_dags/tutorial_dag.py
[2023-03-01T15:43:19.047+0000] {logging_mixin.py:137} INFO - [2023-03-01T15:43:19.047+0000] {dag.py:2690} INFO - Sync 1 DAGs
[2023-03-01T15:43:19.068+0000] {logging_mixin.py:137} INFO - [2023-03-01T15:43:19.068+0000] {dag.py:3441} INFO - Setting next_dagrun for tutorial_dag to None, run_after=None
[2023-03-01T15:43:19.088+0000] {processor.py:175} INFO - Processing /home/airflow/.local/lib/python3.7/site-packages/airflow/example_dags/tutorial_dag.py took 0.074 seconds
[2023-03-01T20:03:09.187+0000] {processor.py:153} INFO - Started process (PID=68) to work on /home/airflow/.local/lib/python3.7/site-packages/airflow/example_dags/tutorial_dag.py
[2023-03-01T20:03:09.188+0000] {processor.py:743} INFO - Processing file /home/airflow/.local/lib/python3.7/site-packages/airflow/example_dags/tutorial_dag.py for tasks to queue
[2023-03-01T20:03:09.189+0000] {logging_mixin.py:137} INFO - [2023-03-01T20:03:09.189+0000] {dagbag.py:538} INFO - Filling up the DagBag from /home/airflow/.local/lib/python3.7/site-packages/airflow/example_dags/tutorial_dag.py
[2023-03-01T20:03:09.199+0000] {processor.py:753} INFO - DAG(s) dict_keys(['tutorial_dag']) retrieved from /home/airflow/.local/lib/python3.7/site-packages/airflow/example_dags/tutorial_dag.py
[2023-03-01T20:03:09.214+0000] {logging_mixin.py:137} INFO - [2023-03-01T20:03:09.214+0000] {dag.py:2690} INFO - Sync 1 DAGs
[2023-03-01T20:03:09.256+0000] {logging_mixin.py:137} INFO - [2023-03-01T20:03:09.256+0000] {dag.py:3441} INFO - Setting next_dagrun for tutorial_dag to None, run_after=None
[2023-03-01T20:03:09.286+0000] {processor.py:175} INFO - Processing /home/airflow/.local/lib/python3.7/site-packages/airflow/example_dags/tutorial_dag.py took 0.101 seconds
[2023-03-01T20:03:40.240+0000] {processor.py:153} INFO - Started process (PID=160) to work on /home/airflow/.local/lib/python3.7/site-packages/airflow/example_dags/tutorial_dag.py
[2023-03-01T20:03:40.241+0000] {processor.py:743} INFO - Processing file /home/airflow/.local/lib/python3.7/site-packages/airflow/example_dags/tutorial_dag.py for tasks to queue
[2023-03-01T20:03:40.241+0000] {logging_mixin.py:137} INFO - [2023-03-01T20:03:40.241+0000] {dagbag.py:538} INFO - Filling up the DagBag from /home/airflow/.local/lib/python3.7/site-packages/airflow/example_dags/tutorial_dag.py
[2023-03-01T20:03:40.252+0000] {processor.py:753} INFO - DAG(s) dict_keys(['tutorial_dag']) retrieved from /home/airflow/.local/lib/python3.7/site-packages/airflow/example_dags/tutorial_dag.py
[2023-03-01T20:03:40.273+0000] {logging_mixin.py:137} INFO - [2023-03-01T20:03:40.273+0000] {dag.py:2690} INFO - Sync 1 DAGs
[2023-03-01T20:03:40.293+0000] {logging_mixin.py:137} INFO - [2023-03-01T20:03:40.293+0000] {dag.py:3441} INFO - Setting next_dagrun for tutorial_dag to None, run_after=None
[2023-03-01T20:03:40.310+0000] {processor.py:175} INFO - Processing /home/airflow/.local/lib/python3.7/site-packages/airflow/example_dags/tutorial_dag.py took 0.072 seconds
[2023-03-01T20:04:11.034+0000] {processor.py:153} INFO - Started process (PID=239) to work on /home/airflow/.local/lib/python3.7/site-packages/airflow/example_dags/tutorial_dag.py
[2023-03-01T20:04:11.034+0000] {processor.py:743} INFO - Processing file /home/airflow/.local/lib/python3.7/site-packages/airflow/example_dags/tutorial_dag.py for tasks to queue
[2023-03-01T20:04:11.035+0000] {logging_mixin.py:137} INFO - [2023-03-01T20:04:11.035+0000] {dagbag.py:538} INFO - Filling up the DagBag from /home/airflow/.local/lib/python3.7/site-packages/airflow/example_dags/tutorial_dag.py
[2023-03-01T20:04:11.044+0000] {processor.py:753} INFO - DAG(s) dict_keys(['tutorial_dag']) retrieved from /home/airflow/.local/lib/python3.7/site-packages/airflow/example_dags/tutorial_dag.py
[2023-03-01T20:04:11.066+0000] {logging_mixin.py:137} INFO - [2023-03-01T20:04:11.065+0000] {dag.py:2690} INFO - Sync 1 DAGs
[2023-03-01T20:04:11.089+0000] {logging_mixin.py:137} INFO - [2023-03-01T20:04:11.089+0000] {dag.py:3441} INFO - Setting next_dagrun for tutorial_dag to None, run_after=None
[2023-03-01T20:04:11.109+0000] {processor.py:175} INFO - Processing /home/airflow/.local/lib/python3.7/site-packages/airflow/example_dags/tutorial_dag.py took 0.077 seconds
[2023-03-01T20:04:41.417+0000] {processor.py:153} INFO - Started process (PID=338) to work on /home/airflow/.local/lib/python3.7/site-packages/airflow/example_dags/tutorial_dag.py
[2023-03-01T20:04:41.418+0000] {processor.py:743} INFO - Processing file /home/airflow/.local/lib/python3.7/site-packages/airflow/example_dags/tutorial_dag.py for tasks to queue
[2023-03-01T20:04:41.418+0000] {logging_mixin.py:137} INFO - [2023-03-01T20:04:41.418+0000] {dagbag.py:538} INFO - Filling up the DagBag from /home/airflow/.local/lib/python3.7/site-packages/airflow/example_dags/tutorial_dag.py
[2023-03-01T20:04:41.428+0000] {processor.py:753} INFO - DAG(s) dict_keys(['tutorial_dag']) retrieved from /home/airflow/.local/lib/python3.7/site-packages/airflow/example_dags/tutorial_dag.py
[2023-03-01T20:04:41.450+0000] {logging_mixin.py:137} INFO - [2023-03-01T20:04:41.450+0000] {dag.py:2690} INFO - Sync 1 DAGs
[2023-03-01T20:04:41.472+0000] {logging_mixin.py:137} INFO - [2023-03-01T20:04:41.472+0000] {dag.py:3441} INFO - Setting next_dagrun for tutorial_dag to None, run_after=None
[2023-03-01T20:04:41.489+0000] {processor.py:175} INFO - Processing /home/airflow/.local/lib/python3.7/site-packages/airflow/example_dags/tutorial_dag.py took 0.074 seconds
[2023-03-01T20:05:11.892+0000] {processor.py:153} INFO - Started process (PID=417) to work on /home/airflow/.local/lib/python3.7/site-packages/airflow/example_dags/tutorial_dag.py
[2023-03-01T20:05:11.892+0000] {processor.py:743} INFO - Processing file /home/airflow/.local/lib/python3.7/site-packages/airflow/example_dags/tutorial_dag.py for tasks to queue
[2023-03-01T20:05:11.893+0000] {logging_mixin.py:137} INFO - [2023-03-01T20:05:11.893+0000] {dagbag.py:538} INFO - Filling up the DagBag from /home/airflow/.local/lib/python3.7/site-packages/airflow/example_dags/tutorial_dag.py
[2023-03-01T20:05:11.903+0000] {processor.py:753} INFO - DAG(s) dict_keys(['tutorial_dag']) retrieved from /home/airflow/.local/lib/python3.7/site-packages/airflow/example_dags/tutorial_dag.py
[2023-03-01T20:05:11.924+0000] {logging_mixin.py:137} INFO - [2023-03-01T20:05:11.924+0000] {dag.py:2690} INFO - Sync 1 DAGs
[2023-03-01T20:05:11.947+0000] {logging_mixin.py:137} INFO - [2023-03-01T20:05:11.946+0000] {dag.py:3441} INFO - Setting next_dagrun for tutorial_dag to None, run_after=None
[2023-03-01T20:05:11.962+0000] {processor.py:175} INFO - Processing /home/airflow/.local/lib/python3.7/site-packages/airflow/example_dags/tutorial_dag.py took 0.073 seconds
[2023-03-01T20:05:42.334+0000] {processor.py:153} INFO - Started process (PID=516) to work on /home/airflow/.local/lib/python3.7/site-packages/airflow/example_dags/tutorial_dag.py
[2023-03-01T20:05:42.335+0000] {processor.py:743} INFO - Processing file /home/airflow/.local/lib/python3.7/site-packages/airflow/example_dags/tutorial_dag.py for tasks to queue
[2023-03-01T20:05:42.335+0000] {logging_mixin.py:137} INFO - [2023-03-01T20:05:42.335+0000] {dagbag.py:538} INFO - Filling up the DagBag from /home/airflow/.local/lib/python3.7/site-packages/airflow/example_dags/tutorial_dag.py
[2023-03-01T20:05:42.345+0000] {processor.py:753} INFO - DAG(s) dict_keys(['tutorial_dag']) retrieved from /home/airflow/.local/lib/python3.7/site-packages/airflow/example_dags/tutorial_dag.py
[2023-03-01T20:05:42.367+0000] {logging_mixin.py:137} INFO - [2023-03-01T20:05:42.366+0000] {dag.py:2690} INFO - Sync 1 DAGs
[2023-03-01T20:05:42.388+0000] {logging_mixin.py:137} INFO - [2023-03-01T20:05:42.388+0000] {dag.py:3441} INFO - Setting next_dagrun for tutorial_dag to None, run_after=None
[2023-03-01T20:05:42.407+0000] {processor.py:175} INFO - Processing /home/airflow/.local/lib/python3.7/site-packages/airflow/example_dags/tutorial_dag.py took 0.075 seconds
[2023-03-01T20:06:13.033+0000] {processor.py:153} INFO - Started process (PID=595) to work on /home/airflow/.local/lib/python3.7/site-packages/airflow/example_dags/tutorial_dag.py
[2023-03-01T20:06:13.033+0000] {processor.py:743} INFO - Processing file /home/airflow/.local/lib/python3.7/site-packages/airflow/example_dags/tutorial_dag.py for tasks to queue
[2023-03-01T20:06:13.034+0000] {logging_mixin.py:137} INFO - [2023-03-01T20:06:13.033+0000] {dagbag.py:538} INFO - Filling up the DagBag from /home/airflow/.local/lib/python3.7/site-packages/airflow/example_dags/tutorial_dag.py
[2023-03-01T20:06:13.043+0000] {processor.py:753} INFO - DAG(s) dict_keys(['tutorial_dag']) retrieved from /home/airflow/.local/lib/python3.7/site-packages/airflow/example_dags/tutorial_dag.py
[2023-03-01T20:06:13.063+0000] {logging_mixin.py:137} INFO - [2023-03-01T20:06:13.063+0000] {dag.py:2690} INFO - Sync 1 DAGs
[2023-03-01T20:06:13.086+0000] {logging_mixin.py:137} INFO - [2023-03-01T20:06:13.085+0000] {dag.py:3441} INFO - Setting next_dagrun for tutorial_dag to None, run_after=None
[2023-03-01T20:06:13.104+0000] {processor.py:175} INFO - Processing /home/airflow/.local/lib/python3.7/site-packages/airflow/example_dags/tutorial_dag.py took 0.073 seconds
[2023-03-01T20:06:43.430+0000] {processor.py:153} INFO - Started process (PID=694) to work on /home/airflow/.local/lib/python3.7/site-packages/airflow/example_dags/tutorial_dag.py
[2023-03-01T20:06:43.431+0000] {processor.py:743} INFO - Processing file /home/airflow/.local/lib/python3.7/site-packages/airflow/example_dags/tutorial_dag.py for tasks to queue
[2023-03-01T20:06:43.431+0000] {logging_mixin.py:137} INFO - [2023-03-01T20:06:43.431+0000] {dagbag.py:538} INFO - Filling up the DagBag from /home/airflow/.local/lib/python3.7/site-packages/airflow/example_dags/tutorial_dag.py
[2023-03-01T20:06:43.441+0000] {processor.py:753} INFO - DAG(s) dict_keys(['tutorial_dag']) retrieved from /home/airflow/.local/lib/python3.7/site-packages/airflow/example_dags/tutorial_dag.py
[2023-03-01T20:06:43.463+0000] {logging_mixin.py:137} INFO - [2023-03-01T20:06:43.463+0000] {dag.py:2690} INFO - Sync 1 DAGs
[2023-03-01T20:06:43.488+0000] {logging_mixin.py:137} INFO - [2023-03-01T20:06:43.488+0000] {dag.py:3441} INFO - Setting next_dagrun for tutorial_dag to None, run_after=None
[2023-03-01T20:06:43.507+0000] {processor.py:175} INFO - Processing /home/airflow/.local/lib/python3.7/site-packages/airflow/example_dags/tutorial_dag.py took 0.079 seconds
[2023-03-01T20:07:14.000+0000] {processor.py:153} INFO - Started process (PID=780) to work on /home/airflow/.local/lib/python3.7/site-packages/airflow/example_dags/tutorial_dag.py
[2023-03-01T20:07:14.000+0000] {processor.py:743} INFO - Processing file /home/airflow/.local/lib/python3.7/site-packages/airflow/example_dags/tutorial_dag.py for tasks to queue
[2023-03-01T20:07:14.001+0000] {logging_mixin.py:137} INFO - [2023-03-01T20:07:14.001+0000] {dagbag.py:538} INFO - Filling up the DagBag from /home/airflow/.local/lib/python3.7/site-packages/airflow/example_dags/tutorial_dag.py
[2023-03-01T20:07:14.010+0000] {processor.py:753} INFO - DAG(s) dict_keys(['tutorial_dag']) retrieved from /home/airflow/.local/lib/python3.7/site-packages/airflow/example_dags/tutorial_dag.py
[2023-03-01T20:07:14.031+0000] {logging_mixin.py:137} INFO - [2023-03-01T20:07:14.031+0000] {dag.py:2690} INFO - Sync 1 DAGs
[2023-03-01T20:07:14.053+0000] {logging_mixin.py:137} INFO - [2023-03-01T20:07:14.053+0000] {dag.py:3441} INFO - Setting next_dagrun for tutorial_dag to None, run_after=None
[2023-03-01T20:07:14.070+0000] {processor.py:175} INFO - Processing /home/airflow/.local/lib/python3.7/site-packages/airflow/example_dags/tutorial_dag.py took 0.073 seconds
[2023-03-01T20:07:44.804+0000] {processor.py:153} INFO - Started process (PID=872) to work on /home/airflow/.local/lib/python3.7/site-packages/airflow/example_dags/tutorial_dag.py
[2023-03-01T20:07:44.804+0000] {processor.py:743} INFO - Processing file /home/airflow/.local/lib/python3.7/site-packages/airflow/example_dags/tutorial_dag.py for tasks to queue
[2023-03-01T20:07:44.805+0000] {logging_mixin.py:137} INFO - [2023-03-01T20:07:44.805+0000] {dagbag.py:538} INFO - Filling up the DagBag from /home/airflow/.local/lib/python3.7/site-packages/airflow/example_dags/tutorial_dag.py
[2023-03-01T20:07:44.814+0000] {processor.py:753} INFO - DAG(s) dict_keys(['tutorial_dag']) retrieved from /home/airflow/.local/lib/python3.7/site-packages/airflow/example_dags/tutorial_dag.py
[2023-03-01T20:07:44.835+0000] {logging_mixin.py:137} INFO - [2023-03-01T20:07:44.835+0000] {dag.py:2690} INFO - Sync 1 DAGs
[2023-03-01T20:07:44.857+0000] {logging_mixin.py:137} INFO - [2023-03-01T20:07:44.857+0000] {dag.py:3441} INFO - Setting next_dagrun for tutorial_dag to None, run_after=None
[2023-03-01T20:07:44.876+0000] {processor.py:175} INFO - Processing /home/airflow/.local/lib/python3.7/site-packages/airflow/example_dags/tutorial_dag.py took 0.075 seconds
