[2023-03-01T15:18:18.929+0000] {processor.py:153} INFO - Started process (PID=83) to work on /home/airflow/.local/lib/python3.7/site-packages/airflow/example_dags/tutorial.py
[2023-03-01T15:18:18.930+0000] {processor.py:743} INFO - Processing file /home/airflow/.local/lib/python3.7/site-packages/airflow/example_dags/tutorial.py for tasks to queue
[2023-03-01T15:18:18.931+0000] {logging_mixin.py:137} INFO - [2023-03-01T15:18:18.931+0000] {dagbag.py:538} INFO - Filling up the DagBag from /home/airflow/.local/lib/python3.7/site-packages/airflow/example_dags/tutorial.py
[2023-03-01T15:18:18.963+0000] {processor.py:753} INFO - DAG(s) dict_keys(['tutorial']) retrieved from /home/airflow/.local/lib/python3.7/site-packages/airflow/example_dags/tutorial.py
[2023-03-01T15:18:18.985+0000] {logging_mixin.py:137} INFO - [2023-03-01T15:18:18.985+0000] {dag.py:2690} INFO - Sync 1 DAGs
[2023-03-01T15:18:19.024+0000] {logging_mixin.py:137} INFO - [2023-03-01T15:18:19.024+0000] {dag.py:3441} INFO - Setting next_dagrun for tutorial to 2023-02-28T15:18:19.024231+00:00, run_after=2023-03-01T15:18:19.024231+00:00
[2023-03-01T15:18:19.057+0000] {processor.py:175} INFO - Processing /home/airflow/.local/lib/python3.7/site-packages/airflow/example_dags/tutorial.py took 0.131 seconds
[2023-03-01T15:18:49.958+0000] {processor.py:153} INFO - Started process (PID=162) to work on /home/airflow/.local/lib/python3.7/site-packages/airflow/example_dags/tutorial.py
[2023-03-01T15:18:49.959+0000] {processor.py:743} INFO - Processing file /home/airflow/.local/lib/python3.7/site-packages/airflow/example_dags/tutorial.py for tasks to queue
[2023-03-01T15:18:49.959+0000] {logging_mixin.py:137} INFO - [2023-03-01T15:18:49.959+0000] {dagbag.py:538} INFO - Filling up the DagBag from /home/airflow/.local/lib/python3.7/site-packages/airflow/example_dags/tutorial.py
[2023-03-01T15:18:49.971+0000] {processor.py:753} INFO - DAG(s) dict_keys(['tutorial']) retrieved from /home/airflow/.local/lib/python3.7/site-packages/airflow/example_dags/tutorial.py
[2023-03-01T15:18:49.993+0000] {logging_mixin.py:137} INFO - [2023-03-01T15:18:49.992+0000] {dag.py:2690} INFO - Sync 1 DAGs
[2023-03-01T15:18:50.015+0000] {logging_mixin.py:137} INFO - [2023-03-01T15:18:50.015+0000] {dag.py:3441} INFO - Setting next_dagrun for tutorial to 2023-02-28T15:18:50.014839+00:00, run_after=2023-03-01T15:18:50.014839+00:00
[2023-03-01T15:18:50.033+0000] {processor.py:175} INFO - Processing /home/airflow/.local/lib/python3.7/site-packages/airflow/example_dags/tutorial.py took 0.077 seconds
[2023-03-01T15:19:20.669+0000] {processor.py:153} INFO - Started process (PID=261) to work on /home/airflow/.local/lib/python3.7/site-packages/airflow/example_dags/tutorial.py
[2023-03-01T15:19:20.671+0000] {processor.py:743} INFO - Processing file /home/airflow/.local/lib/python3.7/site-packages/airflow/example_dags/tutorial.py for tasks to queue
[2023-03-01T15:19:20.671+0000] {logging_mixin.py:137} INFO - [2023-03-01T15:19:20.671+0000] {dagbag.py:538} INFO - Filling up the DagBag from /home/airflow/.local/lib/python3.7/site-packages/airflow/example_dags/tutorial.py
[2023-03-01T15:19:20.700+0000] {processor.py:753} INFO - DAG(s) dict_keys(['tutorial']) retrieved from /home/airflow/.local/lib/python3.7/site-packages/airflow/example_dags/tutorial.py
[2023-03-01T15:19:20.729+0000] {logging_mixin.py:137} INFO - [2023-03-01T15:19:20.729+0000] {dag.py:2690} INFO - Sync 1 DAGs
[2023-03-01T15:19:20.754+0000] {logging_mixin.py:137} INFO - [2023-03-01T15:19:20.753+0000] {dag.py:3441} INFO - Setting next_dagrun for tutorial to 2023-02-28T15:19:20.753677+00:00, run_after=2023-03-01T15:19:20.753677+00:00
[2023-03-01T15:19:20.775+0000] {processor.py:175} INFO - Processing /home/airflow/.local/lib/python3.7/site-packages/airflow/example_dags/tutorial.py took 0.120 seconds
[2023-03-01T15:19:51.695+0000] {processor.py:153} INFO - Started process (PID=340) to work on /home/airflow/.local/lib/python3.7/site-packages/airflow/example_dags/tutorial.py
[2023-03-01T15:19:51.696+0000] {processor.py:743} INFO - Processing file /home/airflow/.local/lib/python3.7/site-packages/airflow/example_dags/tutorial.py for tasks to queue
[2023-03-01T15:19:51.697+0000] {logging_mixin.py:137} INFO - [2023-03-01T15:19:51.696+0000] {dagbag.py:538} INFO - Filling up the DagBag from /home/airflow/.local/lib/python3.7/site-packages/airflow/example_dags/tutorial.py
[2023-03-01T15:19:51.709+0000] {processor.py:753} INFO - DAG(s) dict_keys(['tutorial']) retrieved from /home/airflow/.local/lib/python3.7/site-packages/airflow/example_dags/tutorial.py
[2023-03-01T15:19:51.732+0000] {logging_mixin.py:137} INFO - [2023-03-01T15:19:51.732+0000] {dag.py:2690} INFO - Sync 1 DAGs
[2023-03-01T15:19:51.764+0000] {logging_mixin.py:137} INFO - [2023-03-01T15:19:51.764+0000] {dag.py:3441} INFO - Setting next_dagrun for tutorial to 2023-02-28T15:19:51.763802+00:00, run_after=2023-03-01T15:19:51.763802+00:00
[2023-03-01T15:19:51.791+0000] {processor.py:175} INFO - Processing /home/airflow/.local/lib/python3.7/site-packages/airflow/example_dags/tutorial.py took 0.099 seconds
[2023-03-01T15:20:22.233+0000] {processor.py:153} INFO - Started process (PID=439) to work on /home/airflow/.local/lib/python3.7/site-packages/airflow/example_dags/tutorial.py
[2023-03-01T15:20:22.235+0000] {processor.py:743} INFO - Processing file /home/airflow/.local/lib/python3.7/site-packages/airflow/example_dags/tutorial.py for tasks to queue
[2023-03-01T15:20:22.236+0000] {logging_mixin.py:137} INFO - [2023-03-01T15:20:22.236+0000] {dagbag.py:538} INFO - Filling up the DagBag from /home/airflow/.local/lib/python3.7/site-packages/airflow/example_dags/tutorial.py
[2023-03-01T15:20:22.254+0000] {processor.py:753} INFO - DAG(s) dict_keys(['tutorial']) retrieved from /home/airflow/.local/lib/python3.7/site-packages/airflow/example_dags/tutorial.py
[2023-03-01T15:20:22.287+0000] {logging_mixin.py:137} INFO - [2023-03-01T15:20:22.287+0000] {dag.py:2690} INFO - Sync 1 DAGs
[2023-03-01T15:20:22.321+0000] {logging_mixin.py:137} INFO - [2023-03-01T15:20:22.321+0000] {dag.py:3441} INFO - Setting next_dagrun for tutorial to 2023-02-28T15:20:22.321065+00:00, run_after=2023-03-01T15:20:22.321065+00:00
[2023-03-01T15:20:22.350+0000] {processor.py:175} INFO - Processing /home/airflow/.local/lib/python3.7/site-packages/airflow/example_dags/tutorial.py took 0.119 seconds
[2023-03-01T15:20:53.179+0000] {processor.py:153} INFO - Started process (PID=518) to work on /home/airflow/.local/lib/python3.7/site-packages/airflow/example_dags/tutorial.py
[2023-03-01T15:20:53.180+0000] {processor.py:743} INFO - Processing file /home/airflow/.local/lib/python3.7/site-packages/airflow/example_dags/tutorial.py for tasks to queue
[2023-03-01T15:20:53.181+0000] {logging_mixin.py:137} INFO - [2023-03-01T15:20:53.180+0000] {dagbag.py:538} INFO - Filling up the DagBag from /home/airflow/.local/lib/python3.7/site-packages/airflow/example_dags/tutorial.py
[2023-03-01T15:20:53.192+0000] {processor.py:753} INFO - DAG(s) dict_keys(['tutorial']) retrieved from /home/airflow/.local/lib/python3.7/site-packages/airflow/example_dags/tutorial.py
[2023-03-01T15:20:53.214+0000] {logging_mixin.py:137} INFO - [2023-03-01T15:20:53.213+0000] {dag.py:2690} INFO - Sync 1 DAGs
[2023-03-01T15:20:53.234+0000] {logging_mixin.py:137} INFO - [2023-03-01T15:20:53.234+0000] {dag.py:3441} INFO - Setting next_dagrun for tutorial to 2023-02-28T15:20:53.234080+00:00, run_after=2023-03-01T15:20:53.234080+00:00
[2023-03-01T15:20:53.252+0000] {processor.py:175} INFO - Processing /home/airflow/.local/lib/python3.7/site-packages/airflow/example_dags/tutorial.py took 0.075 seconds
[2023-03-01T15:21:23.595+0000] {processor.py:153} INFO - Started process (PID=617) to work on /home/airflow/.local/lib/python3.7/site-packages/airflow/example_dags/tutorial.py
[2023-03-01T15:21:23.596+0000] {processor.py:743} INFO - Processing file /home/airflow/.local/lib/python3.7/site-packages/airflow/example_dags/tutorial.py for tasks to queue
[2023-03-01T15:21:23.596+0000] {logging_mixin.py:137} INFO - [2023-03-01T15:21:23.596+0000] {dagbag.py:538} INFO - Filling up the DagBag from /home/airflow/.local/lib/python3.7/site-packages/airflow/example_dags/tutorial.py
[2023-03-01T15:21:23.608+0000] {processor.py:753} INFO - DAG(s) dict_keys(['tutorial']) retrieved from /home/airflow/.local/lib/python3.7/site-packages/airflow/example_dags/tutorial.py
[2023-03-01T15:21:23.630+0000] {logging_mixin.py:137} INFO - [2023-03-01T15:21:23.630+0000] {dag.py:2690} INFO - Sync 1 DAGs
[2023-03-01T15:21:23.656+0000] {logging_mixin.py:137} INFO - [2023-03-01T15:21:23.655+0000] {dag.py:3441} INFO - Setting next_dagrun for tutorial to 2023-02-28T15:21:23.655711+00:00, run_after=2023-03-01T15:21:23.655711+00:00
[2023-03-01T15:21:23.679+0000] {processor.py:175} INFO - Processing /home/airflow/.local/lib/python3.7/site-packages/airflow/example_dags/tutorial.py took 0.087 seconds
[2023-03-01T15:21:53.991+0000] {processor.py:153} INFO - Started process (PID=697) to work on /home/airflow/.local/lib/python3.7/site-packages/airflow/example_dags/tutorial.py
[2023-03-01T15:21:53.992+0000] {processor.py:743} INFO - Processing file /home/airflow/.local/lib/python3.7/site-packages/airflow/example_dags/tutorial.py for tasks to queue
[2023-03-01T15:21:53.992+0000] {logging_mixin.py:137} INFO - [2023-03-01T15:21:53.992+0000] {dagbag.py:538} INFO - Filling up the DagBag from /home/airflow/.local/lib/python3.7/site-packages/airflow/example_dags/tutorial.py
[2023-03-01T15:21:54.003+0000] {processor.py:753} INFO - DAG(s) dict_keys(['tutorial']) retrieved from /home/airflow/.local/lib/python3.7/site-packages/airflow/example_dags/tutorial.py
[2023-03-01T15:21:54.025+0000] {logging_mixin.py:137} INFO - [2023-03-01T15:21:54.025+0000] {dag.py:2690} INFO - Sync 1 DAGs
[2023-03-01T15:21:54.047+0000] {logging_mixin.py:137} INFO - [2023-03-01T15:21:54.047+0000] {dag.py:3441} INFO - Setting next_dagrun for tutorial to 2023-02-28T15:21:54.047109+00:00, run_after=2023-03-01T15:21:54.047109+00:00
[2023-03-01T15:21:54.068+0000] {processor.py:175} INFO - Processing /home/airflow/.local/lib/python3.7/site-packages/airflow/example_dags/tutorial.py took 0.079 seconds
[2023-03-01T15:22:24.657+0000] {processor.py:153} INFO - Started process (PID=796) to work on /home/airflow/.local/lib/python3.7/site-packages/airflow/example_dags/tutorial.py
[2023-03-01T15:22:24.657+0000] {processor.py:743} INFO - Processing file /home/airflow/.local/lib/python3.7/site-packages/airflow/example_dags/tutorial.py for tasks to queue
[2023-03-01T15:22:24.658+0000] {logging_mixin.py:137} INFO - [2023-03-01T15:22:24.658+0000] {dagbag.py:538} INFO - Filling up the DagBag from /home/airflow/.local/lib/python3.7/site-packages/airflow/example_dags/tutorial.py
[2023-03-01T15:22:24.670+0000] {processor.py:753} INFO - DAG(s) dict_keys(['tutorial']) retrieved from /home/airflow/.local/lib/python3.7/site-packages/airflow/example_dags/tutorial.py
[2023-03-01T15:22:24.692+0000] {logging_mixin.py:137} INFO - [2023-03-01T15:22:24.692+0000] {dag.py:2690} INFO - Sync 1 DAGs
[2023-03-01T15:22:24.714+0000] {logging_mixin.py:137} INFO - [2023-03-01T15:22:24.714+0000] {dag.py:3441} INFO - Setting next_dagrun for tutorial to 2023-02-28T15:22:24.714527+00:00, run_after=2023-03-01T15:22:24.714527+00:00
[2023-03-01T15:22:24.733+0000] {processor.py:175} INFO - Processing /home/airflow/.local/lib/python3.7/site-packages/airflow/example_dags/tutorial.py took 0.079 seconds
[2023-03-01T15:22:55.000+0000] {processor.py:153} INFO - Started process (PID=875) to work on /home/airflow/.local/lib/python3.7/site-packages/airflow/example_dags/tutorial.py
[2023-03-01T15:22:55.001+0000] {processor.py:743} INFO - Processing file /home/airflow/.local/lib/python3.7/site-packages/airflow/example_dags/tutorial.py for tasks to queue
[2023-03-01T15:22:55.001+0000] {logging_mixin.py:137} INFO - [2023-03-01T15:22:55.001+0000] {dagbag.py:538} INFO - Filling up the DagBag from /home/airflow/.local/lib/python3.7/site-packages/airflow/example_dags/tutorial.py
[2023-03-01T15:22:55.012+0000] {processor.py:753} INFO - DAG(s) dict_keys(['tutorial']) retrieved from /home/airflow/.local/lib/python3.7/site-packages/airflow/example_dags/tutorial.py
[2023-03-01T15:22:55.034+0000] {logging_mixin.py:137} INFO - [2023-03-01T15:22:55.034+0000] {dag.py:2690} INFO - Sync 1 DAGs
[2023-03-01T15:22:55.055+0000] {logging_mixin.py:137} INFO - [2023-03-01T15:22:55.055+0000] {dag.py:3441} INFO - Setting next_dagrun for tutorial to 2023-02-28T15:22:55.055120+00:00, run_after=2023-03-01T15:22:55.055120+00:00
[2023-03-01T15:22:55.074+0000] {processor.py:175} INFO - Processing /home/airflow/.local/lib/python3.7/site-packages/airflow/example_dags/tutorial.py took 0.077 seconds
[2023-03-01T15:23:25.849+0000] {processor.py:153} INFO - Started process (PID=974) to work on /home/airflow/.local/lib/python3.7/site-packages/airflow/example_dags/tutorial.py
[2023-03-01T15:23:25.850+0000] {processor.py:743} INFO - Processing file /home/airflow/.local/lib/python3.7/site-packages/airflow/example_dags/tutorial.py for tasks to queue
[2023-03-01T15:23:25.851+0000] {logging_mixin.py:137} INFO - [2023-03-01T15:23:25.850+0000] {dagbag.py:538} INFO - Filling up the DagBag from /home/airflow/.local/lib/python3.7/site-packages/airflow/example_dags/tutorial.py
[2023-03-01T15:23:25.862+0000] {processor.py:753} INFO - DAG(s) dict_keys(['tutorial']) retrieved from /home/airflow/.local/lib/python3.7/site-packages/airflow/example_dags/tutorial.py
[2023-03-01T15:23:25.885+0000] {logging_mixin.py:137} INFO - [2023-03-01T15:23:25.884+0000] {dag.py:2690} INFO - Sync 1 DAGs
[2023-03-01T15:23:25.909+0000] {logging_mixin.py:137} INFO - [2023-03-01T15:23:25.909+0000] {dag.py:3441} INFO - Setting next_dagrun for tutorial to 2023-02-28T15:23:25.909089+00:00, run_after=2023-03-01T15:23:25.909089+00:00
[2023-03-01T15:23:25.928+0000] {processor.py:175} INFO - Processing /home/airflow/.local/lib/python3.7/site-packages/airflow/example_dags/tutorial.py took 0.081 seconds
[2023-03-01T15:23:56.225+0000] {processor.py:153} INFO - Started process (PID=1053) to work on /home/airflow/.local/lib/python3.7/site-packages/airflow/example_dags/tutorial.py
[2023-03-01T15:23:56.226+0000] {processor.py:743} INFO - Processing file /home/airflow/.local/lib/python3.7/site-packages/airflow/example_dags/tutorial.py for tasks to queue
[2023-03-01T15:23:56.226+0000] {logging_mixin.py:137} INFO - [2023-03-01T15:23:56.226+0000] {dagbag.py:538} INFO - Filling up the DagBag from /home/airflow/.local/lib/python3.7/site-packages/airflow/example_dags/tutorial.py
[2023-03-01T15:23:56.238+0000] {processor.py:753} INFO - DAG(s) dict_keys(['tutorial']) retrieved from /home/airflow/.local/lib/python3.7/site-packages/airflow/example_dags/tutorial.py
[2023-03-01T15:23:56.259+0000] {logging_mixin.py:137} INFO - [2023-03-01T15:23:56.259+0000] {dag.py:2690} INFO - Sync 1 DAGs
[2023-03-01T15:23:56.281+0000] {logging_mixin.py:137} INFO - [2023-03-01T15:23:56.281+0000] {dag.py:3441} INFO - Setting next_dagrun for tutorial to 2023-02-28T15:23:56.280834+00:00, run_after=2023-03-01T15:23:56.280834+00:00
[2023-03-01T15:23:56.299+0000] {processor.py:175} INFO - Processing /home/airflow/.local/lib/python3.7/site-packages/airflow/example_dags/tutorial.py took 0.077 seconds
[2023-03-01T15:24:26.987+0000] {processor.py:153} INFO - Started process (PID=1152) to work on /home/airflow/.local/lib/python3.7/site-packages/airflow/example_dags/tutorial.py
[2023-03-01T15:24:26.988+0000] {processor.py:743} INFO - Processing file /home/airflow/.local/lib/python3.7/site-packages/airflow/example_dags/tutorial.py for tasks to queue
[2023-03-01T15:24:26.988+0000] {logging_mixin.py:137} INFO - [2023-03-01T15:24:26.988+0000] {dagbag.py:538} INFO - Filling up the DagBag from /home/airflow/.local/lib/python3.7/site-packages/airflow/example_dags/tutorial.py
[2023-03-01T15:24:27.000+0000] {processor.py:753} INFO - DAG(s) dict_keys(['tutorial']) retrieved from /home/airflow/.local/lib/python3.7/site-packages/airflow/example_dags/tutorial.py
[2023-03-01T15:24:27.022+0000] {logging_mixin.py:137} INFO - [2023-03-01T15:24:27.021+0000] {dag.py:2690} INFO - Sync 1 DAGs
[2023-03-01T15:24:27.045+0000] {logging_mixin.py:137} INFO - [2023-03-01T15:24:27.045+0000] {dag.py:3441} INFO - Setting next_dagrun for tutorial to 2023-02-28T15:24:27.045376+00:00, run_after=2023-03-01T15:24:27.045376+00:00
[2023-03-01T15:24:27.067+0000] {processor.py:175} INFO - Processing /home/airflow/.local/lib/python3.7/site-packages/airflow/example_dags/tutorial.py took 0.082 seconds
[2023-03-01T15:24:57.614+0000] {processor.py:153} INFO - Started process (PID=1231) to work on /home/airflow/.local/lib/python3.7/site-packages/airflow/example_dags/tutorial.py
[2023-03-01T15:24:57.615+0000] {processor.py:743} INFO - Processing file /home/airflow/.local/lib/python3.7/site-packages/airflow/example_dags/tutorial.py for tasks to queue
[2023-03-01T15:24:57.615+0000] {logging_mixin.py:137} INFO - [2023-03-01T15:24:57.615+0000] {dagbag.py:538} INFO - Filling up the DagBag from /home/airflow/.local/lib/python3.7/site-packages/airflow/example_dags/tutorial.py
[2023-03-01T15:24:57.626+0000] {processor.py:753} INFO - DAG(s) dict_keys(['tutorial']) retrieved from /home/airflow/.local/lib/python3.7/site-packages/airflow/example_dags/tutorial.py
[2023-03-01T15:24:57.646+0000] {logging_mixin.py:137} INFO - [2023-03-01T15:24:57.646+0000] {dag.py:2690} INFO - Sync 1 DAGs
[2023-03-01T15:24:57.669+0000] {logging_mixin.py:137} INFO - [2023-03-01T15:24:57.669+0000] {dag.py:3441} INFO - Setting next_dagrun for tutorial to 2023-02-28T15:24:57.668953+00:00, run_after=2023-03-01T15:24:57.668953+00:00
[2023-03-01T15:24:57.686+0000] {processor.py:175} INFO - Processing /home/airflow/.local/lib/python3.7/site-packages/airflow/example_dags/tutorial.py took 0.074 seconds
[2023-03-01T15:25:28.192+0000] {processor.py:153} INFO - Started process (PID=1330) to work on /home/airflow/.local/lib/python3.7/site-packages/airflow/example_dags/tutorial.py
[2023-03-01T15:25:28.193+0000] {processor.py:743} INFO - Processing file /home/airflow/.local/lib/python3.7/site-packages/airflow/example_dags/tutorial.py for tasks to queue
[2023-03-01T15:25:28.193+0000] {logging_mixin.py:137} INFO - [2023-03-01T15:25:28.193+0000] {dagbag.py:538} INFO - Filling up the DagBag from /home/airflow/.local/lib/python3.7/site-packages/airflow/example_dags/tutorial.py
[2023-03-01T15:25:28.203+0000] {processor.py:753} INFO - DAG(s) dict_keys(['tutorial']) retrieved from /home/airflow/.local/lib/python3.7/site-packages/airflow/example_dags/tutorial.py
[2023-03-01T15:25:28.226+0000] {logging_mixin.py:137} INFO - [2023-03-01T15:25:28.226+0000] {dag.py:2690} INFO - Sync 1 DAGs
[2023-03-01T15:25:28.248+0000] {logging_mixin.py:137} INFO - [2023-03-01T15:25:28.247+0000] {dag.py:3441} INFO - Setting next_dagrun for tutorial to 2023-02-28T15:25:28.247818+00:00, run_after=2023-03-01T15:25:28.247818+00:00
[2023-03-01T15:25:28.266+0000] {processor.py:175} INFO - Processing /home/airflow/.local/lib/python3.7/site-packages/airflow/example_dags/tutorial.py took 0.077 seconds
[2023-03-01T15:25:58.865+0000] {processor.py:153} INFO - Started process (PID=1409) to work on /home/airflow/.local/lib/python3.7/site-packages/airflow/example_dags/tutorial.py
[2023-03-01T15:25:58.866+0000] {processor.py:743} INFO - Processing file /home/airflow/.local/lib/python3.7/site-packages/airflow/example_dags/tutorial.py for tasks to queue
[2023-03-01T15:25:58.866+0000] {logging_mixin.py:137} INFO - [2023-03-01T15:25:58.866+0000] {dagbag.py:538} INFO - Filling up the DagBag from /home/airflow/.local/lib/python3.7/site-packages/airflow/example_dags/tutorial.py
[2023-03-01T15:25:58.877+0000] {processor.py:753} INFO - DAG(s) dict_keys(['tutorial']) retrieved from /home/airflow/.local/lib/python3.7/site-packages/airflow/example_dags/tutorial.py
[2023-03-01T15:25:58.897+0000] {logging_mixin.py:137} INFO - [2023-03-01T15:25:58.897+0000] {dag.py:2690} INFO - Sync 1 DAGs
[2023-03-01T15:25:58.919+0000] {logging_mixin.py:137} INFO - [2023-03-01T15:25:58.919+0000] {dag.py:3441} INFO - Setting next_dagrun for tutorial to 2023-02-28T15:25:58.918866+00:00, run_after=2023-03-01T15:25:58.918866+00:00
[2023-03-01T15:25:58.937+0000] {processor.py:175} INFO - Processing /home/airflow/.local/lib/python3.7/site-packages/airflow/example_dags/tutorial.py took 0.074 seconds
[2023-03-01T15:26:29.601+0000] {processor.py:153} INFO - Started process (PID=1508) to work on /home/airflow/.local/lib/python3.7/site-packages/airflow/example_dags/tutorial.py
[2023-03-01T15:26:29.602+0000] {processor.py:743} INFO - Processing file /home/airflow/.local/lib/python3.7/site-packages/airflow/example_dags/tutorial.py for tasks to queue
[2023-03-01T15:26:29.602+0000] {logging_mixin.py:137} INFO - [2023-03-01T15:26:29.602+0000] {dagbag.py:538} INFO - Filling up the DagBag from /home/airflow/.local/lib/python3.7/site-packages/airflow/example_dags/tutorial.py
[2023-03-01T15:26:29.614+0000] {processor.py:753} INFO - DAG(s) dict_keys(['tutorial']) retrieved from /home/airflow/.local/lib/python3.7/site-packages/airflow/example_dags/tutorial.py
[2023-03-01T15:26:29.636+0000] {logging_mixin.py:137} INFO - [2023-03-01T15:26:29.636+0000] {dag.py:2690} INFO - Sync 1 DAGs
[2023-03-01T15:26:29.659+0000] {logging_mixin.py:137} INFO - [2023-03-01T15:26:29.659+0000] {dag.py:3441} INFO - Setting next_dagrun for tutorial to 2023-02-28T15:26:29.658969+00:00, run_after=2023-03-01T15:26:29.658969+00:00
[2023-03-01T15:26:29.678+0000] {processor.py:175} INFO - Processing /home/airflow/.local/lib/python3.7/site-packages/airflow/example_dags/tutorial.py took 0.079 seconds
[2023-03-01T15:26:59.831+0000] {processor.py:153} INFO - Started process (PID=1587) to work on /home/airflow/.local/lib/python3.7/site-packages/airflow/example_dags/tutorial.py
[2023-03-01T15:26:59.832+0000] {processor.py:743} INFO - Processing file /home/airflow/.local/lib/python3.7/site-packages/airflow/example_dags/tutorial.py for tasks to queue
[2023-03-01T15:26:59.832+0000] {logging_mixin.py:137} INFO - [2023-03-01T15:26:59.832+0000] {dagbag.py:538} INFO - Filling up the DagBag from /home/airflow/.local/lib/python3.7/site-packages/airflow/example_dags/tutorial.py
[2023-03-01T15:26:59.843+0000] {processor.py:753} INFO - DAG(s) dict_keys(['tutorial']) retrieved from /home/airflow/.local/lib/python3.7/site-packages/airflow/example_dags/tutorial.py
[2023-03-01T15:26:59.864+0000] {logging_mixin.py:137} INFO - [2023-03-01T15:26:59.864+0000] {dag.py:2690} INFO - Sync 1 DAGs
[2023-03-01T15:26:59.888+0000] {logging_mixin.py:137} INFO - [2023-03-01T15:26:59.888+0000] {dag.py:3441} INFO - Setting next_dagrun for tutorial to 2023-02-28T15:26:59.888127+00:00, run_after=2023-03-01T15:26:59.888127+00:00
[2023-03-01T15:26:59.906+0000] {processor.py:175} INFO - Processing /home/airflow/.local/lib/python3.7/site-packages/airflow/example_dags/tutorial.py took 0.078 seconds
[2023-03-01T15:27:30.567+0000] {processor.py:153} INFO - Started process (PID=1687) to work on /home/airflow/.local/lib/python3.7/site-packages/airflow/example_dags/tutorial.py
[2023-03-01T15:27:30.568+0000] {processor.py:743} INFO - Processing file /home/airflow/.local/lib/python3.7/site-packages/airflow/example_dags/tutorial.py for tasks to queue
[2023-03-01T15:27:30.568+0000] {logging_mixin.py:137} INFO - [2023-03-01T15:27:30.568+0000] {dagbag.py:538} INFO - Filling up the DagBag from /home/airflow/.local/lib/python3.7/site-packages/airflow/example_dags/tutorial.py
[2023-03-01T15:27:30.580+0000] {processor.py:753} INFO - DAG(s) dict_keys(['tutorial']) retrieved from /home/airflow/.local/lib/python3.7/site-packages/airflow/example_dags/tutorial.py
[2023-03-01T15:27:30.603+0000] {logging_mixin.py:137} INFO - [2023-03-01T15:27:30.603+0000] {dag.py:2690} INFO - Sync 1 DAGs
[2023-03-01T15:27:30.625+0000] {logging_mixin.py:137} INFO - [2023-03-01T15:27:30.625+0000] {dag.py:3441} INFO - Setting next_dagrun for tutorial to 2023-02-28T15:27:30.625509+00:00, run_after=2023-03-01T15:27:30.625509+00:00
[2023-03-01T15:27:30.645+0000] {processor.py:175} INFO - Processing /home/airflow/.local/lib/python3.7/site-packages/airflow/example_dags/tutorial.py took 0.079 seconds
[2023-03-01T15:28:01.082+0000] {processor.py:153} INFO - Started process (PID=1765) to work on /home/airflow/.local/lib/python3.7/site-packages/airflow/example_dags/tutorial.py
[2023-03-01T15:28:01.083+0000] {processor.py:743} INFO - Processing file /home/airflow/.local/lib/python3.7/site-packages/airflow/example_dags/tutorial.py for tasks to queue
[2023-03-01T15:28:01.084+0000] {logging_mixin.py:137} INFO - [2023-03-01T15:28:01.084+0000] {dagbag.py:538} INFO - Filling up the DagBag from /home/airflow/.local/lib/python3.7/site-packages/airflow/example_dags/tutorial.py
[2023-03-01T15:28:01.097+0000] {processor.py:753} INFO - DAG(s) dict_keys(['tutorial']) retrieved from /home/airflow/.local/lib/python3.7/site-packages/airflow/example_dags/tutorial.py
[2023-03-01T15:28:01.123+0000] {logging_mixin.py:137} INFO - [2023-03-01T15:28:01.123+0000] {dag.py:2690} INFO - Sync 1 DAGs
[2023-03-01T15:28:01.147+0000] {logging_mixin.py:137} INFO - [2023-03-01T15:28:01.147+0000] {dag.py:3441} INFO - Setting next_dagrun for tutorial to 2023-02-28T15:28:01.147390+00:00, run_after=2023-03-01T15:28:01.147390+00:00
[2023-03-01T15:28:01.170+0000] {processor.py:175} INFO - Processing /home/airflow/.local/lib/python3.7/site-packages/airflow/example_dags/tutorial.py took 0.091 seconds
[2023-03-01T15:28:31.833+0000] {processor.py:153} INFO - Started process (PID=1864) to work on /home/airflow/.local/lib/python3.7/site-packages/airflow/example_dags/tutorial.py
[2023-03-01T15:28:31.834+0000] {processor.py:743} INFO - Processing file /home/airflow/.local/lib/python3.7/site-packages/airflow/example_dags/tutorial.py for tasks to queue
[2023-03-01T15:28:31.835+0000] {logging_mixin.py:137} INFO - [2023-03-01T15:28:31.835+0000] {dagbag.py:538} INFO - Filling up the DagBag from /home/airflow/.local/lib/python3.7/site-packages/airflow/example_dags/tutorial.py
[2023-03-01T15:28:31.852+0000] {processor.py:753} INFO - DAG(s) dict_keys(['tutorial']) retrieved from /home/airflow/.local/lib/python3.7/site-packages/airflow/example_dags/tutorial.py
[2023-03-01T15:28:31.877+0000] {logging_mixin.py:137} INFO - [2023-03-01T15:28:31.877+0000] {dag.py:2690} INFO - Sync 1 DAGs
[2023-03-01T15:28:31.900+0000] {logging_mixin.py:137} INFO - [2023-03-01T15:28:31.900+0000] {dag.py:3441} INFO - Setting next_dagrun for tutorial to 2023-02-28T15:28:31.900171+00:00, run_after=2023-03-01T15:28:31.900171+00:00
[2023-03-01T15:28:31.917+0000] {processor.py:175} INFO - Processing /home/airflow/.local/lib/python3.7/site-packages/airflow/example_dags/tutorial.py took 0.088 seconds
[2023-03-01T15:29:02.291+0000] {processor.py:153} INFO - Started process (PID=1943) to work on /home/airflow/.local/lib/python3.7/site-packages/airflow/example_dags/tutorial.py
[2023-03-01T15:29:02.292+0000] {processor.py:743} INFO - Processing file /home/airflow/.local/lib/python3.7/site-packages/airflow/example_dags/tutorial.py for tasks to queue
[2023-03-01T15:29:02.292+0000] {logging_mixin.py:137} INFO - [2023-03-01T15:29:02.292+0000] {dagbag.py:538} INFO - Filling up the DagBag from /home/airflow/.local/lib/python3.7/site-packages/airflow/example_dags/tutorial.py
[2023-03-01T15:29:02.307+0000] {processor.py:753} INFO - DAG(s) dict_keys(['tutorial']) retrieved from /home/airflow/.local/lib/python3.7/site-packages/airflow/example_dags/tutorial.py
[2023-03-01T15:29:02.332+0000] {logging_mixin.py:137} INFO - [2023-03-01T15:29:02.332+0000] {dag.py:2690} INFO - Sync 1 DAGs
[2023-03-01T15:29:02.358+0000] {logging_mixin.py:137} INFO - [2023-03-01T15:29:02.358+0000] {dag.py:3441} INFO - Setting next_dagrun for tutorial to 2023-02-28T15:29:02.358537+00:00, run_after=2023-03-01T15:29:02.358537+00:00
[2023-03-01T15:29:02.380+0000] {processor.py:175} INFO - Processing /home/airflow/.local/lib/python3.7/site-packages/airflow/example_dags/tutorial.py took 0.093 seconds
[2023-03-01T15:29:33.010+0000] {processor.py:153} INFO - Started process (PID=2042) to work on /home/airflow/.local/lib/python3.7/site-packages/airflow/example_dags/tutorial.py
[2023-03-01T15:29:33.011+0000] {processor.py:743} INFO - Processing file /home/airflow/.local/lib/python3.7/site-packages/airflow/example_dags/tutorial.py for tasks to queue
[2023-03-01T15:29:33.011+0000] {logging_mixin.py:137} INFO - [2023-03-01T15:29:33.011+0000] {dagbag.py:538} INFO - Filling up the DagBag from /home/airflow/.local/lib/python3.7/site-packages/airflow/example_dags/tutorial.py
[2023-03-01T15:29:33.025+0000] {processor.py:753} INFO - DAG(s) dict_keys(['tutorial']) retrieved from /home/airflow/.local/lib/python3.7/site-packages/airflow/example_dags/tutorial.py
[2023-03-01T15:29:33.049+0000] {logging_mixin.py:137} INFO - [2023-03-01T15:29:33.049+0000] {dag.py:2690} INFO - Sync 1 DAGs
[2023-03-01T15:29:33.072+0000] {logging_mixin.py:137} INFO - [2023-03-01T15:29:33.072+0000] {dag.py:3441} INFO - Setting next_dagrun for tutorial to 2023-02-28T15:29:33.072358+00:00, run_after=2023-03-01T15:29:33.072358+00:00
[2023-03-01T15:29:33.091+0000] {processor.py:175} INFO - Processing /home/airflow/.local/lib/python3.7/site-packages/airflow/example_dags/tutorial.py took 0.084 seconds
[2023-03-01T15:30:03.635+0000] {processor.py:153} INFO - Started process (PID=2121) to work on /home/airflow/.local/lib/python3.7/site-packages/airflow/example_dags/tutorial.py
[2023-03-01T15:30:03.635+0000] {processor.py:743} INFO - Processing file /home/airflow/.local/lib/python3.7/site-packages/airflow/example_dags/tutorial.py for tasks to queue
[2023-03-01T15:30:03.636+0000] {logging_mixin.py:137} INFO - [2023-03-01T15:30:03.636+0000] {dagbag.py:538} INFO - Filling up the DagBag from /home/airflow/.local/lib/python3.7/site-packages/airflow/example_dags/tutorial.py
[2023-03-01T15:30:03.647+0000] {processor.py:753} INFO - DAG(s) dict_keys(['tutorial']) retrieved from /home/airflow/.local/lib/python3.7/site-packages/airflow/example_dags/tutorial.py
[2023-03-01T15:30:03.667+0000] {logging_mixin.py:137} INFO - [2023-03-01T15:30:03.667+0000] {dag.py:2690} INFO - Sync 1 DAGs
[2023-03-01T15:30:03.689+0000] {logging_mixin.py:137} INFO - [2023-03-01T15:30:03.689+0000] {dag.py:3441} INFO - Setting next_dagrun for tutorial to 2023-02-28T15:30:03.688845+00:00, run_after=2023-03-01T15:30:03.688845+00:00
[2023-03-01T15:30:03.708+0000] {processor.py:175} INFO - Processing /home/airflow/.local/lib/python3.7/site-packages/airflow/example_dags/tutorial.py took 0.076 seconds
[2023-03-01T15:30:34.389+0000] {processor.py:153} INFO - Started process (PID=2221) to work on /home/airflow/.local/lib/python3.7/site-packages/airflow/example_dags/tutorial.py
[2023-03-01T15:30:34.391+0000] {processor.py:743} INFO - Processing file /home/airflow/.local/lib/python3.7/site-packages/airflow/example_dags/tutorial.py for tasks to queue
[2023-03-01T15:30:34.391+0000] {logging_mixin.py:137} INFO - [2023-03-01T15:30:34.391+0000] {dagbag.py:538} INFO - Filling up the DagBag from /home/airflow/.local/lib/python3.7/site-packages/airflow/example_dags/tutorial.py
[2023-03-01T15:30:34.401+0000] {processor.py:753} INFO - DAG(s) dict_keys(['tutorial']) retrieved from /home/airflow/.local/lib/python3.7/site-packages/airflow/example_dags/tutorial.py
[2023-03-01T15:30:34.423+0000] {logging_mixin.py:137} INFO - [2023-03-01T15:30:34.423+0000] {dag.py:2690} INFO - Sync 1 DAGs
[2023-03-01T15:30:34.448+0000] {logging_mixin.py:137} INFO - [2023-03-01T15:30:34.448+0000] {dag.py:3441} INFO - Setting next_dagrun for tutorial to 2023-02-28T15:30:34.448119+00:00, run_after=2023-03-01T15:30:34.448119+00:00
[2023-03-01T15:30:34.466+0000] {processor.py:175} INFO - Processing /home/airflow/.local/lib/python3.7/site-packages/airflow/example_dags/tutorial.py took 0.079 seconds
[2023-03-01T15:31:05.138+0000] {processor.py:153} INFO - Started process (PID=2300) to work on /home/airflow/.local/lib/python3.7/site-packages/airflow/example_dags/tutorial.py
[2023-03-01T15:31:05.139+0000] {processor.py:743} INFO - Processing file /home/airflow/.local/lib/python3.7/site-packages/airflow/example_dags/tutorial.py for tasks to queue
[2023-03-01T15:31:05.139+0000] {logging_mixin.py:137} INFO - [2023-03-01T15:31:05.139+0000] {dagbag.py:538} INFO - Filling up the DagBag from /home/airflow/.local/lib/python3.7/site-packages/airflow/example_dags/tutorial.py
[2023-03-01T15:31:05.149+0000] {processor.py:753} INFO - DAG(s) dict_keys(['tutorial']) retrieved from /home/airflow/.local/lib/python3.7/site-packages/airflow/example_dags/tutorial.py
[2023-03-01T15:31:05.170+0000] {logging_mixin.py:137} INFO - [2023-03-01T15:31:05.170+0000] {dag.py:2690} INFO - Sync 1 DAGs
[2023-03-01T15:31:05.193+0000] {logging_mixin.py:137} INFO - [2023-03-01T15:31:05.193+0000] {dag.py:3441} INFO - Setting next_dagrun for tutorial to 2023-02-28T15:31:05.193183+00:00, run_after=2023-03-01T15:31:05.193183+00:00
[2023-03-01T15:31:05.211+0000] {processor.py:175} INFO - Processing /home/airflow/.local/lib/python3.7/site-packages/airflow/example_dags/tutorial.py took 0.076 seconds
[2023-03-01T15:31:36.086+0000] {processor.py:153} INFO - Started process (PID=2399) to work on /home/airflow/.local/lib/python3.7/site-packages/airflow/example_dags/tutorial.py
[2023-03-01T15:31:36.086+0000] {processor.py:743} INFO - Processing file /home/airflow/.local/lib/python3.7/site-packages/airflow/example_dags/tutorial.py for tasks to queue
[2023-03-01T15:31:36.087+0000] {logging_mixin.py:137} INFO - [2023-03-01T15:31:36.087+0000] {dagbag.py:538} INFO - Filling up the DagBag from /home/airflow/.local/lib/python3.7/site-packages/airflow/example_dags/tutorial.py
[2023-03-01T15:31:36.098+0000] {processor.py:753} INFO - DAG(s) dict_keys(['tutorial']) retrieved from /home/airflow/.local/lib/python3.7/site-packages/airflow/example_dags/tutorial.py
[2023-03-01T15:31:36.125+0000] {logging_mixin.py:137} INFO - [2023-03-01T15:31:36.124+0000] {dag.py:2690} INFO - Sync 1 DAGs
[2023-03-01T15:31:36.150+0000] {logging_mixin.py:137} INFO - [2023-03-01T15:31:36.150+0000] {dag.py:3441} INFO - Setting next_dagrun for tutorial to 2023-02-28T15:31:36.150261+00:00, run_after=2023-03-01T15:31:36.150261+00:00
[2023-03-01T15:31:36.172+0000] {processor.py:175} INFO - Processing /home/airflow/.local/lib/python3.7/site-packages/airflow/example_dags/tutorial.py took 0.089 seconds
[2023-03-01T15:32:06.626+0000] {processor.py:153} INFO - Started process (PID=2498) to work on /home/airflow/.local/lib/python3.7/site-packages/airflow/example_dags/tutorial.py
[2023-03-01T15:32:06.626+0000] {processor.py:743} INFO - Processing file /home/airflow/.local/lib/python3.7/site-packages/airflow/example_dags/tutorial.py for tasks to queue
[2023-03-01T15:32:06.627+0000] {logging_mixin.py:137} INFO - [2023-03-01T15:32:06.627+0000] {dagbag.py:538} INFO - Filling up the DagBag from /home/airflow/.local/lib/python3.7/site-packages/airflow/example_dags/tutorial.py
[2023-03-01T15:32:06.639+0000] {processor.py:753} INFO - DAG(s) dict_keys(['tutorial']) retrieved from /home/airflow/.local/lib/python3.7/site-packages/airflow/example_dags/tutorial.py
[2023-03-01T15:32:06.661+0000] {logging_mixin.py:137} INFO - [2023-03-01T15:32:06.661+0000] {dag.py:2690} INFO - Sync 1 DAGs
[2023-03-01T15:32:06.683+0000] {logging_mixin.py:137} INFO - [2023-03-01T15:32:06.683+0000] {dag.py:3441} INFO - Setting next_dagrun for tutorial to 2023-02-28T15:32:06.683242+00:00, run_after=2023-03-01T15:32:06.683242+00:00
[2023-03-01T15:32:06.705+0000] {processor.py:175} INFO - Processing /home/airflow/.local/lib/python3.7/site-packages/airflow/example_dags/tutorial.py took 0.082 seconds
[2023-03-01T15:32:37.089+0000] {processor.py:153} INFO - Started process (PID=2577) to work on /home/airflow/.local/lib/python3.7/site-packages/airflow/example_dags/tutorial.py
[2023-03-01T15:32:37.090+0000] {processor.py:743} INFO - Processing file /home/airflow/.local/lib/python3.7/site-packages/airflow/example_dags/tutorial.py for tasks to queue
[2023-03-01T15:32:37.091+0000] {logging_mixin.py:137} INFO - [2023-03-01T15:32:37.091+0000] {dagbag.py:538} INFO - Filling up the DagBag from /home/airflow/.local/lib/python3.7/site-packages/airflow/example_dags/tutorial.py
[2023-03-01T15:32:37.102+0000] {processor.py:753} INFO - DAG(s) dict_keys(['tutorial']) retrieved from /home/airflow/.local/lib/python3.7/site-packages/airflow/example_dags/tutorial.py
[2023-03-01T15:32:37.123+0000] {logging_mixin.py:137} INFO - [2023-03-01T15:32:37.123+0000] {dag.py:2690} INFO - Sync 1 DAGs
[2023-03-01T15:32:37.146+0000] {logging_mixin.py:137} INFO - [2023-03-01T15:32:37.146+0000] {dag.py:3441} INFO - Setting next_dagrun for tutorial to 2023-02-28T15:32:37.146032+00:00, run_after=2023-03-01T15:32:37.146032+00:00
[2023-03-01T15:32:37.164+0000] {processor.py:175} INFO - Processing /home/airflow/.local/lib/python3.7/site-packages/airflow/example_dags/tutorial.py took 0.077 seconds
[2023-03-01T15:33:08.067+0000] {processor.py:153} INFO - Started process (PID=2676) to work on /home/airflow/.local/lib/python3.7/site-packages/airflow/example_dags/tutorial.py
[2023-03-01T15:33:08.067+0000] {processor.py:743} INFO - Processing file /home/airflow/.local/lib/python3.7/site-packages/airflow/example_dags/tutorial.py for tasks to queue
[2023-03-01T15:33:08.068+0000] {logging_mixin.py:137} INFO - [2023-03-01T15:33:08.068+0000] {dagbag.py:538} INFO - Filling up the DagBag from /home/airflow/.local/lib/python3.7/site-packages/airflow/example_dags/tutorial.py
[2023-03-01T15:33:08.078+0000] {processor.py:753} INFO - DAG(s) dict_keys(['tutorial']) retrieved from /home/airflow/.local/lib/python3.7/site-packages/airflow/example_dags/tutorial.py
[2023-03-01T15:33:08.099+0000] {logging_mixin.py:137} INFO - [2023-03-01T15:33:08.099+0000] {dag.py:2690} INFO - Sync 1 DAGs
[2023-03-01T15:33:08.121+0000] {logging_mixin.py:137} INFO - [2023-03-01T15:33:08.121+0000] {dag.py:3441} INFO - Setting next_dagrun for tutorial to 2023-02-28T15:33:08.121304+00:00, run_after=2023-03-01T15:33:08.121304+00:00
[2023-03-01T15:33:08.139+0000] {processor.py:175} INFO - Processing /home/airflow/.local/lib/python3.7/site-packages/airflow/example_dags/tutorial.py took 0.075 seconds
[2023-03-01T15:33:38.442+0000] {processor.py:153} INFO - Started process (PID=2755) to work on /home/airflow/.local/lib/python3.7/site-packages/airflow/example_dags/tutorial.py
[2023-03-01T15:33:38.443+0000] {processor.py:743} INFO - Processing file /home/airflow/.local/lib/python3.7/site-packages/airflow/example_dags/tutorial.py for tasks to queue
[2023-03-01T15:33:38.443+0000] {logging_mixin.py:137} INFO - [2023-03-01T15:33:38.443+0000] {dagbag.py:538} INFO - Filling up the DagBag from /home/airflow/.local/lib/python3.7/site-packages/airflow/example_dags/tutorial.py
[2023-03-01T15:33:38.454+0000] {processor.py:753} INFO - DAG(s) dict_keys(['tutorial']) retrieved from /home/airflow/.local/lib/python3.7/site-packages/airflow/example_dags/tutorial.py
[2023-03-01T15:33:38.474+0000] {logging_mixin.py:137} INFO - [2023-03-01T15:33:38.474+0000] {dag.py:2690} INFO - Sync 1 DAGs
[2023-03-01T15:33:38.496+0000] {logging_mixin.py:137} INFO - [2023-03-01T15:33:38.496+0000] {dag.py:3441} INFO - Setting next_dagrun for tutorial to 2023-02-28T15:33:38.495845+00:00, run_after=2023-03-01T15:33:38.495845+00:00
[2023-03-01T15:33:38.515+0000] {processor.py:175} INFO - Processing /home/airflow/.local/lib/python3.7/site-packages/airflow/example_dags/tutorial.py took 0.076 seconds
[2023-03-01T15:34:09.193+0000] {processor.py:153} INFO - Started process (PID=2853) to work on /home/airflow/.local/lib/python3.7/site-packages/airflow/example_dags/tutorial.py
[2023-03-01T15:34:09.194+0000] {processor.py:743} INFO - Processing file /home/airflow/.local/lib/python3.7/site-packages/airflow/example_dags/tutorial.py for tasks to queue
[2023-03-01T15:34:09.194+0000] {logging_mixin.py:137} INFO - [2023-03-01T15:34:09.194+0000] {dagbag.py:538} INFO - Filling up the DagBag from /home/airflow/.local/lib/python3.7/site-packages/airflow/example_dags/tutorial.py
[2023-03-01T15:34:09.205+0000] {processor.py:753} INFO - DAG(s) dict_keys(['tutorial']) retrieved from /home/airflow/.local/lib/python3.7/site-packages/airflow/example_dags/tutorial.py
[2023-03-01T15:34:09.225+0000] {logging_mixin.py:137} INFO - [2023-03-01T15:34:09.225+0000] {dag.py:2690} INFO - Sync 1 DAGs
[2023-03-01T15:34:09.249+0000] {logging_mixin.py:137} INFO - [2023-03-01T15:34:09.249+0000] {dag.py:3441} INFO - Setting next_dagrun for tutorial to 2023-02-28T15:34:09.249583+00:00, run_after=2023-03-01T15:34:09.249583+00:00
[2023-03-01T15:34:09.268+0000] {processor.py:175} INFO - Processing /home/airflow/.local/lib/python3.7/site-packages/airflow/example_dags/tutorial.py took 0.078 seconds
[2023-03-01T15:34:39.788+0000] {processor.py:153} INFO - Started process (PID=2933) to work on /home/airflow/.local/lib/python3.7/site-packages/airflow/example_dags/tutorial.py
[2023-03-01T15:34:39.788+0000] {processor.py:743} INFO - Processing file /home/airflow/.local/lib/python3.7/site-packages/airflow/example_dags/tutorial.py for tasks to queue
[2023-03-01T15:34:39.789+0000] {logging_mixin.py:137} INFO - [2023-03-01T15:34:39.789+0000] {dagbag.py:538} INFO - Filling up the DagBag from /home/airflow/.local/lib/python3.7/site-packages/airflow/example_dags/tutorial.py
[2023-03-01T15:34:39.800+0000] {processor.py:753} INFO - DAG(s) dict_keys(['tutorial']) retrieved from /home/airflow/.local/lib/python3.7/site-packages/airflow/example_dags/tutorial.py
[2023-03-01T15:34:39.821+0000] {logging_mixin.py:137} INFO - [2023-03-01T15:34:39.821+0000] {dag.py:2690} INFO - Sync 1 DAGs
[2023-03-01T15:34:39.843+0000] {logging_mixin.py:137} INFO - [2023-03-01T15:34:39.843+0000] {dag.py:3441} INFO - Setting next_dagrun for tutorial to 2023-02-28T15:34:39.843653+00:00, run_after=2023-03-01T15:34:39.843653+00:00
[2023-03-01T15:34:39.862+0000] {processor.py:175} INFO - Processing /home/airflow/.local/lib/python3.7/site-packages/airflow/example_dags/tutorial.py took 0.076 seconds
[2023-03-01T15:35:10.556+0000] {processor.py:153} INFO - Started process (PID=3032) to work on /home/airflow/.local/lib/python3.7/site-packages/airflow/example_dags/tutorial.py
[2023-03-01T15:35:10.557+0000] {processor.py:743} INFO - Processing file /home/airflow/.local/lib/python3.7/site-packages/airflow/example_dags/tutorial.py for tasks to queue
[2023-03-01T15:35:10.557+0000] {logging_mixin.py:137} INFO - [2023-03-01T15:35:10.557+0000] {dagbag.py:538} INFO - Filling up the DagBag from /home/airflow/.local/lib/python3.7/site-packages/airflow/example_dags/tutorial.py
[2023-03-01T15:35:10.568+0000] {processor.py:753} INFO - DAG(s) dict_keys(['tutorial']) retrieved from /home/airflow/.local/lib/python3.7/site-packages/airflow/example_dags/tutorial.py
[2023-03-01T15:35:10.588+0000] {logging_mixin.py:137} INFO - [2023-03-01T15:35:10.588+0000] {dag.py:2690} INFO - Sync 1 DAGs
[2023-03-01T15:35:10.610+0000] {logging_mixin.py:137} INFO - [2023-03-01T15:35:10.610+0000] {dag.py:3441} INFO - Setting next_dagrun for tutorial to 2023-02-28T15:35:10.610005+00:00, run_after=2023-03-01T15:35:10.610005+00:00
[2023-03-01T15:35:10.630+0000] {processor.py:175} INFO - Processing /home/airflow/.local/lib/python3.7/site-packages/airflow/example_dags/tutorial.py took 0.076 seconds
[2023-03-01T15:35:40.880+0000] {processor.py:153} INFO - Started process (PID=3111) to work on /home/airflow/.local/lib/python3.7/site-packages/airflow/example_dags/tutorial.py
[2023-03-01T15:35:40.881+0000] {processor.py:743} INFO - Processing file /home/airflow/.local/lib/python3.7/site-packages/airflow/example_dags/tutorial.py for tasks to queue
[2023-03-01T15:35:40.881+0000] {logging_mixin.py:137} INFO - [2023-03-01T15:35:40.881+0000] {dagbag.py:538} INFO - Filling up the DagBag from /home/airflow/.local/lib/python3.7/site-packages/airflow/example_dags/tutorial.py
[2023-03-01T15:35:40.892+0000] {processor.py:753} INFO - DAG(s) dict_keys(['tutorial']) retrieved from /home/airflow/.local/lib/python3.7/site-packages/airflow/example_dags/tutorial.py
[2023-03-01T15:35:40.915+0000] {logging_mixin.py:137} INFO - [2023-03-01T15:35:40.915+0000] {dag.py:2690} INFO - Sync 1 DAGs
[2023-03-01T15:35:40.938+0000] {logging_mixin.py:137} INFO - [2023-03-01T15:35:40.938+0000] {dag.py:3441} INFO - Setting next_dagrun for tutorial to 2023-02-28T15:35:40.938164+00:00, run_after=2023-03-01T15:35:40.938164+00:00
[2023-03-01T15:35:40.958+0000] {processor.py:175} INFO - Processing /home/airflow/.local/lib/python3.7/site-packages/airflow/example_dags/tutorial.py took 0.080 seconds
[2023-03-01T15:36:11.461+0000] {processor.py:153} INFO - Started process (PID=3210) to work on /home/airflow/.local/lib/python3.7/site-packages/airflow/example_dags/tutorial.py
[2023-03-01T15:36:11.462+0000] {processor.py:743} INFO - Processing file /home/airflow/.local/lib/python3.7/site-packages/airflow/example_dags/tutorial.py for tasks to queue
[2023-03-01T15:36:11.462+0000] {logging_mixin.py:137} INFO - [2023-03-01T15:36:11.462+0000] {dagbag.py:538} INFO - Filling up the DagBag from /home/airflow/.local/lib/python3.7/site-packages/airflow/example_dags/tutorial.py
[2023-03-01T15:36:11.473+0000] {processor.py:753} INFO - DAG(s) dict_keys(['tutorial']) retrieved from /home/airflow/.local/lib/python3.7/site-packages/airflow/example_dags/tutorial.py
[2023-03-01T15:36:11.496+0000] {logging_mixin.py:137} INFO - [2023-03-01T15:36:11.496+0000] {dag.py:2690} INFO - Sync 1 DAGs
[2023-03-01T15:36:11.520+0000] {logging_mixin.py:137} INFO - [2023-03-01T15:36:11.519+0000] {dag.py:3441} INFO - Setting next_dagrun for tutorial to 2023-02-28T15:36:11.519732+00:00, run_after=2023-03-01T15:36:11.519732+00:00
[2023-03-01T15:36:11.538+0000] {processor.py:175} INFO - Processing /home/airflow/.local/lib/python3.7/site-packages/airflow/example_dags/tutorial.py took 0.080 seconds
[2023-03-01T15:36:42.132+0000] {processor.py:153} INFO - Started process (PID=3289) to work on /home/airflow/.local/lib/python3.7/site-packages/airflow/example_dags/tutorial.py
[2023-03-01T15:36:42.132+0000] {processor.py:743} INFO - Processing file /home/airflow/.local/lib/python3.7/site-packages/airflow/example_dags/tutorial.py for tasks to queue
[2023-03-01T15:36:42.133+0000] {logging_mixin.py:137} INFO - [2023-03-01T15:36:42.133+0000] {dagbag.py:538} INFO - Filling up the DagBag from /home/airflow/.local/lib/python3.7/site-packages/airflow/example_dags/tutorial.py
[2023-03-01T15:36:42.143+0000] {processor.py:753} INFO - DAG(s) dict_keys(['tutorial']) retrieved from /home/airflow/.local/lib/python3.7/site-packages/airflow/example_dags/tutorial.py
[2023-03-01T15:36:42.165+0000] {logging_mixin.py:137} INFO - [2023-03-01T15:36:42.165+0000] {dag.py:2690} INFO - Sync 1 DAGs
[2023-03-01T15:36:42.192+0000] {logging_mixin.py:137} INFO - [2023-03-01T15:36:42.191+0000] {dag.py:3441} INFO - Setting next_dagrun for tutorial to 2023-02-28T15:36:42.191685+00:00, run_after=2023-03-01T15:36:42.191685+00:00
[2023-03-01T15:36:42.213+0000] {processor.py:175} INFO - Processing /home/airflow/.local/lib/python3.7/site-packages/airflow/example_dags/tutorial.py took 0.084 seconds
[2023-03-01T15:37:12.798+0000] {processor.py:153} INFO - Started process (PID=3388) to work on /home/airflow/.local/lib/python3.7/site-packages/airflow/example_dags/tutorial.py
[2023-03-01T15:37:12.798+0000] {processor.py:743} INFO - Processing file /home/airflow/.local/lib/python3.7/site-packages/airflow/example_dags/tutorial.py for tasks to queue
[2023-03-01T15:37:12.799+0000] {logging_mixin.py:137} INFO - [2023-03-01T15:37:12.799+0000] {dagbag.py:538} INFO - Filling up the DagBag from /home/airflow/.local/lib/python3.7/site-packages/airflow/example_dags/tutorial.py
[2023-03-01T15:37:12.809+0000] {processor.py:753} INFO - DAG(s) dict_keys(['tutorial']) retrieved from /home/airflow/.local/lib/python3.7/site-packages/airflow/example_dags/tutorial.py
[2023-03-01T15:37:12.830+0000] {logging_mixin.py:137} INFO - [2023-03-01T15:37:12.830+0000] {dag.py:2690} INFO - Sync 1 DAGs
[2023-03-01T15:37:12.852+0000] {logging_mixin.py:137} INFO - [2023-03-01T15:37:12.852+0000] {dag.py:3441} INFO - Setting next_dagrun for tutorial to 2023-02-28T15:37:12.852001+00:00, run_after=2023-03-01T15:37:12.852001+00:00
[2023-03-01T15:37:12.870+0000] {processor.py:175} INFO - Processing /home/airflow/.local/lib/python3.7/site-packages/airflow/example_dags/tutorial.py took 0.074 seconds
[2023-03-01T15:37:43.603+0000] {processor.py:153} INFO - Started process (PID=3467) to work on /home/airflow/.local/lib/python3.7/site-packages/airflow/example_dags/tutorial.py
[2023-03-01T15:37:43.603+0000] {processor.py:743} INFO - Processing file /home/airflow/.local/lib/python3.7/site-packages/airflow/example_dags/tutorial.py for tasks to queue
[2023-03-01T15:37:43.604+0000] {logging_mixin.py:137} INFO - [2023-03-01T15:37:43.604+0000] {dagbag.py:538} INFO - Filling up the DagBag from /home/airflow/.local/lib/python3.7/site-packages/airflow/example_dags/tutorial.py
[2023-03-01T15:37:43.614+0000] {processor.py:753} INFO - DAG(s) dict_keys(['tutorial']) retrieved from /home/airflow/.local/lib/python3.7/site-packages/airflow/example_dags/tutorial.py
[2023-03-01T15:37:43.637+0000] {logging_mixin.py:137} INFO - [2023-03-01T15:37:43.637+0000] {dag.py:2690} INFO - Sync 1 DAGs
[2023-03-01T15:37:43.660+0000] {logging_mixin.py:137} INFO - [2023-03-01T15:37:43.659+0000] {dag.py:3441} INFO - Setting next_dagrun for tutorial to 2023-02-28T15:37:43.659751+00:00, run_after=2023-03-01T15:37:43.659751+00:00
[2023-03-01T15:37:43.677+0000] {processor.py:175} INFO - Processing /home/airflow/.local/lib/python3.7/site-packages/airflow/example_dags/tutorial.py took 0.077 seconds
[2023-03-01T15:38:14.101+0000] {processor.py:153} INFO - Started process (PID=3566) to work on /home/airflow/.local/lib/python3.7/site-packages/airflow/example_dags/tutorial.py
[2023-03-01T15:38:14.102+0000] {processor.py:743} INFO - Processing file /home/airflow/.local/lib/python3.7/site-packages/airflow/example_dags/tutorial.py for tasks to queue
[2023-03-01T15:38:14.102+0000] {logging_mixin.py:137} INFO - [2023-03-01T15:38:14.102+0000] {dagbag.py:538} INFO - Filling up the DagBag from /home/airflow/.local/lib/python3.7/site-packages/airflow/example_dags/tutorial.py
[2023-03-01T15:38:14.113+0000] {processor.py:753} INFO - DAG(s) dict_keys(['tutorial']) retrieved from /home/airflow/.local/lib/python3.7/site-packages/airflow/example_dags/tutorial.py
[2023-03-01T15:38:14.134+0000] {logging_mixin.py:137} INFO - [2023-03-01T15:38:14.134+0000] {dag.py:2690} INFO - Sync 1 DAGs
[2023-03-01T15:38:14.156+0000] {logging_mixin.py:137} INFO - [2023-03-01T15:38:14.156+0000] {dag.py:3441} INFO - Setting next_dagrun for tutorial to 2023-02-28T15:38:14.156591+00:00, run_after=2023-03-01T15:38:14.156591+00:00
[2023-03-01T15:38:14.176+0000] {processor.py:175} INFO - Processing /home/airflow/.local/lib/python3.7/site-packages/airflow/example_dags/tutorial.py took 0.078 seconds
[2023-03-01T15:38:44.792+0000] {processor.py:153} INFO - Started process (PID=3645) to work on /home/airflow/.local/lib/python3.7/site-packages/airflow/example_dags/tutorial.py
[2023-03-01T15:38:44.793+0000] {processor.py:743} INFO - Processing file /home/airflow/.local/lib/python3.7/site-packages/airflow/example_dags/tutorial.py for tasks to queue
[2023-03-01T15:38:44.793+0000] {logging_mixin.py:137} INFO - [2023-03-01T15:38:44.793+0000] {dagbag.py:538} INFO - Filling up the DagBag from /home/airflow/.local/lib/python3.7/site-packages/airflow/example_dags/tutorial.py
[2023-03-01T15:38:44.804+0000] {processor.py:753} INFO - DAG(s) dict_keys(['tutorial']) retrieved from /home/airflow/.local/lib/python3.7/site-packages/airflow/example_dags/tutorial.py
[2023-03-01T15:38:44.827+0000] {logging_mixin.py:137} INFO - [2023-03-01T15:38:44.827+0000] {dag.py:2690} INFO - Sync 1 DAGs
[2023-03-01T15:38:44.850+0000] {logging_mixin.py:137} INFO - [2023-03-01T15:38:44.849+0000] {dag.py:3441} INFO - Setting next_dagrun for tutorial to 2023-02-28T15:38:44.849717+00:00, run_after=2023-03-01T15:38:44.849717+00:00
[2023-03-01T15:38:44.869+0000] {processor.py:175} INFO - Processing /home/airflow/.local/lib/python3.7/site-packages/airflow/example_dags/tutorial.py took 0.080 seconds
[2023-03-01T15:39:15.113+0000] {processor.py:153} INFO - Started process (PID=3745) to work on /home/airflow/.local/lib/python3.7/site-packages/airflow/example_dags/tutorial.py
[2023-03-01T15:39:15.115+0000] {processor.py:743} INFO - Processing file /home/airflow/.local/lib/python3.7/site-packages/airflow/example_dags/tutorial.py for tasks to queue
[2023-03-01T15:39:15.115+0000] {logging_mixin.py:137} INFO - [2023-03-01T15:39:15.115+0000] {dagbag.py:538} INFO - Filling up the DagBag from /home/airflow/.local/lib/python3.7/site-packages/airflow/example_dags/tutorial.py
[2023-03-01T15:39:15.126+0000] {processor.py:753} INFO - DAG(s) dict_keys(['tutorial']) retrieved from /home/airflow/.local/lib/python3.7/site-packages/airflow/example_dags/tutorial.py
[2023-03-01T15:39:15.148+0000] {logging_mixin.py:137} INFO - [2023-03-01T15:39:15.147+0000] {dag.py:2690} INFO - Sync 1 DAGs
[2023-03-01T15:39:15.170+0000] {logging_mixin.py:137} INFO - [2023-03-01T15:39:15.170+0000] {dag.py:3441} INFO - Setting next_dagrun for tutorial to 2023-02-28T15:39:15.170289+00:00, run_after=2023-03-01T15:39:15.170289+00:00
[2023-03-01T15:39:15.190+0000] {processor.py:175} INFO - Processing /home/airflow/.local/lib/python3.7/site-packages/airflow/example_dags/tutorial.py took 0.080 seconds
[2023-03-01T15:39:45.676+0000] {processor.py:153} INFO - Started process (PID=3830) to work on /home/airflow/.local/lib/python3.7/site-packages/airflow/example_dags/tutorial.py
[2023-03-01T15:39:45.677+0000] {processor.py:743} INFO - Processing file /home/airflow/.local/lib/python3.7/site-packages/airflow/example_dags/tutorial.py for tasks to queue
[2023-03-01T15:39:45.677+0000] {logging_mixin.py:137} INFO - [2023-03-01T15:39:45.677+0000] {dagbag.py:538} INFO - Filling up the DagBag from /home/airflow/.local/lib/python3.7/site-packages/airflow/example_dags/tutorial.py
[2023-03-01T15:39:45.690+0000] {processor.py:753} INFO - DAG(s) dict_keys(['tutorial']) retrieved from /home/airflow/.local/lib/python3.7/site-packages/airflow/example_dags/tutorial.py
[2023-03-01T15:39:45.717+0000] {logging_mixin.py:137} INFO - [2023-03-01T15:39:45.717+0000] {dag.py:2690} INFO - Sync 1 DAGs
[2023-03-01T15:39:45.748+0000] {logging_mixin.py:137} INFO - [2023-03-01T15:39:45.748+0000] {dag.py:3441} INFO - Setting next_dagrun for tutorial to 2023-02-28T15:39:45.748442+00:00, run_after=2023-03-01T15:39:45.748442+00:00
[2023-03-01T15:39:45.773+0000] {processor.py:175} INFO - Processing /home/airflow/.local/lib/python3.7/site-packages/airflow/example_dags/tutorial.py took 0.100 seconds
[2023-03-01T15:40:16.325+0000] {processor.py:153} INFO - Started process (PID=3923) to work on /home/airflow/.local/lib/python3.7/site-packages/airflow/example_dags/tutorial.py
[2023-03-01T15:40:16.326+0000] {processor.py:743} INFO - Processing file /home/airflow/.local/lib/python3.7/site-packages/airflow/example_dags/tutorial.py for tasks to queue
[2023-03-01T15:40:16.326+0000] {logging_mixin.py:137} INFO - [2023-03-01T15:40:16.326+0000] {dagbag.py:538} INFO - Filling up the DagBag from /home/airflow/.local/lib/python3.7/site-packages/airflow/example_dags/tutorial.py
[2023-03-01T15:40:16.336+0000] {processor.py:753} INFO - DAG(s) dict_keys(['tutorial']) retrieved from /home/airflow/.local/lib/python3.7/site-packages/airflow/example_dags/tutorial.py
[2023-03-01T15:40:16.357+0000] {logging_mixin.py:137} INFO - [2023-03-01T15:40:16.357+0000] {dag.py:2690} INFO - Sync 1 DAGs
[2023-03-01T15:40:16.379+0000] {logging_mixin.py:137} INFO - [2023-03-01T15:40:16.379+0000] {dag.py:3441} INFO - Setting next_dagrun for tutorial to 2023-02-28T15:40:16.379582+00:00, run_after=2023-03-01T15:40:16.379582+00:00
[2023-03-01T15:40:16.398+0000] {processor.py:175} INFO - Processing /home/airflow/.local/lib/python3.7/site-packages/airflow/example_dags/tutorial.py took 0.076 seconds
[2023-03-01T15:40:46.948+0000] {processor.py:153} INFO - Started process (PID=4011) to work on /home/airflow/.local/lib/python3.7/site-packages/airflow/example_dags/tutorial.py
[2023-03-01T15:40:46.948+0000] {processor.py:743} INFO - Processing file /home/airflow/.local/lib/python3.7/site-packages/airflow/example_dags/tutorial.py for tasks to queue
[2023-03-01T15:40:46.949+0000] {logging_mixin.py:137} INFO - [2023-03-01T15:40:46.949+0000] {dagbag.py:538} INFO - Filling up the DagBag from /home/airflow/.local/lib/python3.7/site-packages/airflow/example_dags/tutorial.py
[2023-03-01T15:40:46.967+0000] {processor.py:753} INFO - DAG(s) dict_keys(['tutorial']) retrieved from /home/airflow/.local/lib/python3.7/site-packages/airflow/example_dags/tutorial.py
[2023-03-01T15:40:47.001+0000] {logging_mixin.py:137} INFO - [2023-03-01T15:40:47.000+0000] {dag.py:2690} INFO - Sync 1 DAGs
[2023-03-01T15:40:47.053+0000] {logging_mixin.py:137} INFO - [2023-03-01T15:40:47.052+0000] {dag.py:3441} INFO - Setting next_dagrun for tutorial to 2023-02-28T15:40:47.052649+00:00, run_after=2023-03-01T15:40:47.052649+00:00
[2023-03-01T15:40:47.076+0000] {processor.py:175} INFO - Processing /home/airflow/.local/lib/python3.7/site-packages/airflow/example_dags/tutorial.py took 0.132 seconds
[2023-03-01T15:41:17.717+0000] {processor.py:153} INFO - Started process (PID=4101) to work on /home/airflow/.local/lib/python3.7/site-packages/airflow/example_dags/tutorial.py
[2023-03-01T15:41:17.717+0000] {processor.py:743} INFO - Processing file /home/airflow/.local/lib/python3.7/site-packages/airflow/example_dags/tutorial.py for tasks to queue
[2023-03-01T15:41:17.718+0000] {logging_mixin.py:137} INFO - [2023-03-01T15:41:17.718+0000] {dagbag.py:538} INFO - Filling up the DagBag from /home/airflow/.local/lib/python3.7/site-packages/airflow/example_dags/tutorial.py
[2023-03-01T15:41:17.729+0000] {processor.py:753} INFO - DAG(s) dict_keys(['tutorial']) retrieved from /home/airflow/.local/lib/python3.7/site-packages/airflow/example_dags/tutorial.py
[2023-03-01T15:41:17.752+0000] {logging_mixin.py:137} INFO - [2023-03-01T15:41:17.752+0000] {dag.py:2690} INFO - Sync 1 DAGs
[2023-03-01T15:41:17.775+0000] {logging_mixin.py:137} INFO - [2023-03-01T15:41:17.775+0000] {dag.py:3441} INFO - Setting next_dagrun for tutorial to 2023-02-28T15:41:17.775604+00:00, run_after=2023-03-01T15:41:17.775604+00:00
[2023-03-01T15:41:17.794+0000] {processor.py:175} INFO - Processing /home/airflow/.local/lib/python3.7/site-packages/airflow/example_dags/tutorial.py took 0.079 seconds
[2023-03-01T15:41:48.246+0000] {processor.py:153} INFO - Started process (PID=4200) to work on /home/airflow/.local/lib/python3.7/site-packages/airflow/example_dags/tutorial.py
[2023-03-01T15:41:48.247+0000] {processor.py:743} INFO - Processing file /home/airflow/.local/lib/python3.7/site-packages/airflow/example_dags/tutorial.py for tasks to queue
[2023-03-01T15:41:48.248+0000] {logging_mixin.py:137} INFO - [2023-03-01T15:41:48.247+0000] {dagbag.py:538} INFO - Filling up the DagBag from /home/airflow/.local/lib/python3.7/site-packages/airflow/example_dags/tutorial.py
[2023-03-01T15:41:48.260+0000] {processor.py:753} INFO - DAG(s) dict_keys(['tutorial']) retrieved from /home/airflow/.local/lib/python3.7/site-packages/airflow/example_dags/tutorial.py
[2023-03-01T15:41:48.340+0000] {logging_mixin.py:137} INFO - [2023-03-01T15:41:48.340+0000] {dag.py:2690} INFO - Sync 1 DAGs
[2023-03-01T15:41:48.376+0000] {logging_mixin.py:137} INFO - [2023-03-01T15:41:48.375+0000] {dag.py:3441} INFO - Setting next_dagrun for tutorial to 2023-02-28T15:41:48.375692+00:00, run_after=2023-03-01T15:41:48.375692+00:00
[2023-03-01T15:41:48.405+0000] {processor.py:175} INFO - Processing /home/airflow/.local/lib/python3.7/site-packages/airflow/example_dags/tutorial.py took 0.161 seconds
[2023-03-01T15:42:18.969+0000] {processor.py:153} INFO - Started process (PID=4279) to work on /home/airflow/.local/lib/python3.7/site-packages/airflow/example_dags/tutorial.py
[2023-03-01T15:42:18.970+0000] {processor.py:743} INFO - Processing file /home/airflow/.local/lib/python3.7/site-packages/airflow/example_dags/tutorial.py for tasks to queue
[2023-03-01T15:42:18.970+0000] {logging_mixin.py:137} INFO - [2023-03-01T15:42:18.970+0000] {dagbag.py:538} INFO - Filling up the DagBag from /home/airflow/.local/lib/python3.7/site-packages/airflow/example_dags/tutorial.py
[2023-03-01T15:42:18.980+0000] {processor.py:753} INFO - DAG(s) dict_keys(['tutorial']) retrieved from /home/airflow/.local/lib/python3.7/site-packages/airflow/example_dags/tutorial.py
[2023-03-01T15:42:19.000+0000] {logging_mixin.py:137} INFO - [2023-03-01T15:42:19.000+0000] {dag.py:2690} INFO - Sync 1 DAGs
[2023-03-01T15:42:19.023+0000] {logging_mixin.py:137} INFO - [2023-03-01T15:42:19.023+0000] {dag.py:3441} INFO - Setting next_dagrun for tutorial to 2023-02-28T15:42:19.022927+00:00, run_after=2023-03-01T15:42:19.022927+00:00
[2023-03-01T15:42:19.041+0000] {processor.py:175} INFO - Processing /home/airflow/.local/lib/python3.7/site-packages/airflow/example_dags/tutorial.py took 0.074 seconds
[2023-03-01T15:42:49.908+0000] {processor.py:153} INFO - Started process (PID=4378) to work on /home/airflow/.local/lib/python3.7/site-packages/airflow/example_dags/tutorial.py
[2023-03-01T15:42:49.909+0000] {processor.py:743} INFO - Processing file /home/airflow/.local/lib/python3.7/site-packages/airflow/example_dags/tutorial.py for tasks to queue
[2023-03-01T15:42:49.909+0000] {logging_mixin.py:137} INFO - [2023-03-01T15:42:49.909+0000] {dagbag.py:538} INFO - Filling up the DagBag from /home/airflow/.local/lib/python3.7/site-packages/airflow/example_dags/tutorial.py
[2023-03-01T15:42:49.921+0000] {processor.py:753} INFO - DAG(s) dict_keys(['tutorial']) retrieved from /home/airflow/.local/lib/python3.7/site-packages/airflow/example_dags/tutorial.py
[2023-03-01T15:42:49.949+0000] {logging_mixin.py:137} INFO - [2023-03-01T15:42:49.949+0000] {dag.py:2690} INFO - Sync 1 DAGs
[2023-03-01T15:42:49.980+0000] {logging_mixin.py:137} INFO - [2023-03-01T15:42:49.980+0000] {dag.py:3441} INFO - Setting next_dagrun for tutorial to 2023-02-28T15:42:49.980399+00:00, run_after=2023-03-01T15:42:49.980399+00:00
[2023-03-01T15:42:50.002+0000] {processor.py:175} INFO - Processing /home/airflow/.local/lib/python3.7/site-packages/airflow/example_dags/tutorial.py took 0.097 seconds
[2023-03-01T15:43:20.094+0000] {processor.py:153} INFO - Started process (PID=4457) to work on /home/airflow/.local/lib/python3.7/site-packages/airflow/example_dags/tutorial.py
[2023-03-01T15:43:20.095+0000] {processor.py:743} INFO - Processing file /home/airflow/.local/lib/python3.7/site-packages/airflow/example_dags/tutorial.py for tasks to queue
[2023-03-01T15:43:20.096+0000] {logging_mixin.py:137} INFO - [2023-03-01T15:43:20.096+0000] {dagbag.py:538} INFO - Filling up the DagBag from /home/airflow/.local/lib/python3.7/site-packages/airflow/example_dags/tutorial.py
[2023-03-01T15:43:20.113+0000] {processor.py:753} INFO - DAG(s) dict_keys(['tutorial']) retrieved from /home/airflow/.local/lib/python3.7/site-packages/airflow/example_dags/tutorial.py
[2023-03-01T15:43:20.144+0000] {logging_mixin.py:137} INFO - [2023-03-01T15:43:20.144+0000] {dag.py:2690} INFO - Sync 1 DAGs
[2023-03-01T15:43:20.174+0000] {logging_mixin.py:137} INFO - [2023-03-01T15:43:20.173+0000] {dag.py:3441} INFO - Setting next_dagrun for tutorial to 2023-02-28T15:43:20.173544+00:00, run_after=2023-03-01T15:43:20.173544+00:00
[2023-03-01T15:43:20.200+0000] {processor.py:175} INFO - Processing /home/airflow/.local/lib/python3.7/site-packages/airflow/example_dags/tutorial.py took 0.110 seconds
[2023-03-01T20:03:09.335+0000] {processor.py:153} INFO - Started process (PID=72) to work on /home/airflow/.local/lib/python3.7/site-packages/airflow/example_dags/tutorial.py
[2023-03-01T20:03:09.336+0000] {processor.py:743} INFO - Processing file /home/airflow/.local/lib/python3.7/site-packages/airflow/example_dags/tutorial.py for tasks to queue
[2023-03-01T20:03:09.337+0000] {logging_mixin.py:137} INFO - [2023-03-01T20:03:09.337+0000] {dagbag.py:538} INFO - Filling up the DagBag from /home/airflow/.local/lib/python3.7/site-packages/airflow/example_dags/tutorial.py
[2023-03-01T20:03:09.352+0000] {processor.py:753} INFO - DAG(s) dict_keys(['tutorial']) retrieved from /home/airflow/.local/lib/python3.7/site-packages/airflow/example_dags/tutorial.py
[2023-03-01T20:03:09.368+0000] {logging_mixin.py:137} INFO - [2023-03-01T20:03:09.367+0000] {dag.py:2690} INFO - Sync 1 DAGs
[2023-03-01T20:03:09.394+0000] {logging_mixin.py:137} INFO - [2023-03-01T20:03:09.394+0000] {dag.py:3441} INFO - Setting next_dagrun for tutorial to 2023-02-28T20:03:09.394549+00:00, run_after=2023-03-01T20:03:09.394549+00:00
[2023-03-01T20:03:09.422+0000] {processor.py:175} INFO - Processing /home/airflow/.local/lib/python3.7/site-packages/airflow/example_dags/tutorial.py took 0.091 seconds
[2023-03-01T20:03:40.418+0000] {processor.py:153} INFO - Started process (PID=162) to work on /home/airflow/.local/lib/python3.7/site-packages/airflow/example_dags/tutorial.py
[2023-03-01T20:03:40.419+0000] {processor.py:743} INFO - Processing file /home/airflow/.local/lib/python3.7/site-packages/airflow/example_dags/tutorial.py for tasks to queue
[2023-03-01T20:03:40.419+0000] {logging_mixin.py:137} INFO - [2023-03-01T20:03:40.419+0000] {dagbag.py:538} INFO - Filling up the DagBag from /home/airflow/.local/lib/python3.7/site-packages/airflow/example_dags/tutorial.py
[2023-03-01T20:03:40.430+0000] {processor.py:753} INFO - DAG(s) dict_keys(['tutorial']) retrieved from /home/airflow/.local/lib/python3.7/site-packages/airflow/example_dags/tutorial.py
[2023-03-01T20:03:40.455+0000] {logging_mixin.py:137} INFO - [2023-03-01T20:03:40.455+0000] {dag.py:2690} INFO - Sync 1 DAGs
[2023-03-01T20:03:40.483+0000] {logging_mixin.py:137} INFO - [2023-03-01T20:03:40.483+0000] {dag.py:3441} INFO - Setting next_dagrun for tutorial to 2023-02-28T20:03:40.483329+00:00, run_after=2023-03-01T20:03:40.483329+00:00
[2023-03-01T20:03:40.507+0000] {processor.py:175} INFO - Processing /home/airflow/.local/lib/python3.7/site-packages/airflow/example_dags/tutorial.py took 0.091 seconds
[2023-03-01T20:04:11.128+0000] {processor.py:153} INFO - Started process (PID=241) to work on /home/airflow/.local/lib/python3.7/site-packages/airflow/example_dags/tutorial.py
[2023-03-01T20:04:11.129+0000] {processor.py:743} INFO - Processing file /home/airflow/.local/lib/python3.7/site-packages/airflow/example_dags/tutorial.py for tasks to queue
[2023-03-01T20:04:11.130+0000] {logging_mixin.py:137} INFO - [2023-03-01T20:04:11.129+0000] {dagbag.py:538} INFO - Filling up the DagBag from /home/airflow/.local/lib/python3.7/site-packages/airflow/example_dags/tutorial.py
[2023-03-01T20:04:11.141+0000] {processor.py:753} INFO - DAG(s) dict_keys(['tutorial']) retrieved from /home/airflow/.local/lib/python3.7/site-packages/airflow/example_dags/tutorial.py
[2023-03-01T20:04:11.161+0000] {logging_mixin.py:137} INFO - [2023-03-01T20:04:11.161+0000] {dag.py:2690} INFO - Sync 1 DAGs
[2023-03-01T20:04:11.184+0000] {logging_mixin.py:137} INFO - [2023-03-01T20:04:11.184+0000] {dag.py:3441} INFO - Setting next_dagrun for tutorial to 2023-02-28T20:04:11.184576+00:00, run_after=2023-03-01T20:04:11.184576+00:00
[2023-03-01T20:04:11.201+0000] {processor.py:175} INFO - Processing /home/airflow/.local/lib/python3.7/site-packages/airflow/example_dags/tutorial.py took 0.075 seconds
[2023-03-01T20:04:41.507+0000] {processor.py:153} INFO - Started process (PID=340) to work on /home/airflow/.local/lib/python3.7/site-packages/airflow/example_dags/tutorial.py
[2023-03-01T20:04:41.507+0000] {processor.py:743} INFO - Processing file /home/airflow/.local/lib/python3.7/site-packages/airflow/example_dags/tutorial.py for tasks to queue
[2023-03-01T20:04:41.508+0000] {logging_mixin.py:137} INFO - [2023-03-01T20:04:41.508+0000] {dagbag.py:538} INFO - Filling up the DagBag from /home/airflow/.local/lib/python3.7/site-packages/airflow/example_dags/tutorial.py
[2023-03-01T20:04:41.518+0000] {processor.py:753} INFO - DAG(s) dict_keys(['tutorial']) retrieved from /home/airflow/.local/lib/python3.7/site-packages/airflow/example_dags/tutorial.py
[2023-03-01T20:04:41.540+0000] {logging_mixin.py:137} INFO - [2023-03-01T20:04:41.540+0000] {dag.py:2690} INFO - Sync 1 DAGs
[2023-03-01T20:04:41.562+0000] {logging_mixin.py:137} INFO - [2023-03-01T20:04:41.562+0000] {dag.py:3441} INFO - Setting next_dagrun for tutorial to 2023-02-28T20:04:41.562222+00:00, run_after=2023-03-01T20:04:41.562222+00:00
[2023-03-01T20:04:41.581+0000] {processor.py:175} INFO - Processing /home/airflow/.local/lib/python3.7/site-packages/airflow/example_dags/tutorial.py took 0.076 seconds
[2023-03-01T20:05:12.082+0000] {processor.py:153} INFO - Started process (PID=419) to work on /home/airflow/.local/lib/python3.7/site-packages/airflow/example_dags/tutorial.py
[2023-03-01T20:05:12.083+0000] {processor.py:743} INFO - Processing file /home/airflow/.local/lib/python3.7/site-packages/airflow/example_dags/tutorial.py for tasks to queue
[2023-03-01T20:05:12.084+0000] {logging_mixin.py:137} INFO - [2023-03-01T20:05:12.084+0000] {dagbag.py:538} INFO - Filling up the DagBag from /home/airflow/.local/lib/python3.7/site-packages/airflow/example_dags/tutorial.py
[2023-03-01T20:05:12.095+0000] {processor.py:753} INFO - DAG(s) dict_keys(['tutorial']) retrieved from /home/airflow/.local/lib/python3.7/site-packages/airflow/example_dags/tutorial.py
[2023-03-01T20:05:12.117+0000] {logging_mixin.py:137} INFO - [2023-03-01T20:05:12.117+0000] {dag.py:2690} INFO - Sync 1 DAGs
[2023-03-01T20:05:12.140+0000] {logging_mixin.py:137} INFO - [2023-03-01T20:05:12.140+0000] {dag.py:3441} INFO - Setting next_dagrun for tutorial to 2023-02-28T20:05:12.140494+00:00, run_after=2023-03-01T20:05:12.140494+00:00
[2023-03-01T20:05:12.161+0000] {processor.py:175} INFO - Processing /home/airflow/.local/lib/python3.7/site-packages/airflow/example_dags/tutorial.py took 0.080 seconds
[2023-03-01T20:05:42.425+0000] {processor.py:153} INFO - Started process (PID=518) to work on /home/airflow/.local/lib/python3.7/site-packages/airflow/example_dags/tutorial.py
[2023-03-01T20:05:42.426+0000] {processor.py:743} INFO - Processing file /home/airflow/.local/lib/python3.7/site-packages/airflow/example_dags/tutorial.py for tasks to queue
[2023-03-01T20:05:42.426+0000] {logging_mixin.py:137} INFO - [2023-03-01T20:05:42.426+0000] {dagbag.py:538} INFO - Filling up the DagBag from /home/airflow/.local/lib/python3.7/site-packages/airflow/example_dags/tutorial.py
[2023-03-01T20:05:42.436+0000] {processor.py:753} INFO - DAG(s) dict_keys(['tutorial']) retrieved from /home/airflow/.local/lib/python3.7/site-packages/airflow/example_dags/tutorial.py
[2023-03-01T20:05:42.458+0000] {logging_mixin.py:137} INFO - [2023-03-01T20:05:42.457+0000] {dag.py:2690} INFO - Sync 1 DAGs
[2023-03-01T20:05:42.486+0000] {logging_mixin.py:137} INFO - [2023-03-01T20:05:42.485+0000] {dag.py:3441} INFO - Setting next_dagrun for tutorial to 2023-02-28T20:05:42.485633+00:00, run_after=2023-03-01T20:05:42.485633+00:00
[2023-03-01T20:05:42.506+0000] {processor.py:175} INFO - Processing /home/airflow/.local/lib/python3.7/site-packages/airflow/example_dags/tutorial.py took 0.083 seconds
[2023-03-01T20:06:13.124+0000] {processor.py:153} INFO - Started process (PID=597) to work on /home/airflow/.local/lib/python3.7/site-packages/airflow/example_dags/tutorial.py
[2023-03-01T20:06:13.124+0000] {processor.py:743} INFO - Processing file /home/airflow/.local/lib/python3.7/site-packages/airflow/example_dags/tutorial.py for tasks to queue
[2023-03-01T20:06:13.125+0000] {logging_mixin.py:137} INFO - [2023-03-01T20:06:13.125+0000] {dagbag.py:538} INFO - Filling up the DagBag from /home/airflow/.local/lib/python3.7/site-packages/airflow/example_dags/tutorial.py
[2023-03-01T20:06:13.135+0000] {processor.py:753} INFO - DAG(s) dict_keys(['tutorial']) retrieved from /home/airflow/.local/lib/python3.7/site-packages/airflow/example_dags/tutorial.py
[2023-03-01T20:06:13.155+0000] {logging_mixin.py:137} INFO - [2023-03-01T20:06:13.155+0000] {dag.py:2690} INFO - Sync 1 DAGs
[2023-03-01T20:06:13.177+0000] {logging_mixin.py:137} INFO - [2023-03-01T20:06:13.177+0000] {dag.py:3441} INFO - Setting next_dagrun for tutorial to 2023-02-28T20:06:13.177127+00:00, run_after=2023-03-01T20:06:13.177127+00:00
[2023-03-01T20:06:13.196+0000] {processor.py:175} INFO - Processing /home/airflow/.local/lib/python3.7/site-packages/airflow/example_dags/tutorial.py took 0.074 seconds
[2023-03-01T20:06:43.527+0000] {processor.py:153} INFO - Started process (PID=696) to work on /home/airflow/.local/lib/python3.7/site-packages/airflow/example_dags/tutorial.py
[2023-03-01T20:06:43.527+0000] {processor.py:743} INFO - Processing file /home/airflow/.local/lib/python3.7/site-packages/airflow/example_dags/tutorial.py for tasks to queue
[2023-03-01T20:06:43.528+0000] {logging_mixin.py:137} INFO - [2023-03-01T20:06:43.528+0000] {dagbag.py:538} INFO - Filling up the DagBag from /home/airflow/.local/lib/python3.7/site-packages/airflow/example_dags/tutorial.py
[2023-03-01T20:06:43.540+0000] {processor.py:753} INFO - DAG(s) dict_keys(['tutorial']) retrieved from /home/airflow/.local/lib/python3.7/site-packages/airflow/example_dags/tutorial.py
[2023-03-01T20:06:43.562+0000] {logging_mixin.py:137} INFO - [2023-03-01T20:06:43.562+0000] {dag.py:2690} INFO - Sync 1 DAGs
[2023-03-01T20:06:43.584+0000] {logging_mixin.py:137} INFO - [2023-03-01T20:06:43.584+0000] {dag.py:3441} INFO - Setting next_dagrun for tutorial to 2023-02-28T20:06:43.584506+00:00, run_after=2023-03-01T20:06:43.584506+00:00
[2023-03-01T20:06:43.603+0000] {processor.py:175} INFO - Processing /home/airflow/.local/lib/python3.7/site-packages/airflow/example_dags/tutorial.py took 0.079 seconds
[2023-03-01T20:07:14.095+0000] {processor.py:153} INFO - Started process (PID=784) to work on /home/airflow/.local/lib/python3.7/site-packages/airflow/example_dags/tutorial.py
[2023-03-01T20:07:14.096+0000] {processor.py:743} INFO - Processing file /home/airflow/.local/lib/python3.7/site-packages/airflow/example_dags/tutorial.py for tasks to queue
[2023-03-01T20:07:14.096+0000] {logging_mixin.py:137} INFO - [2023-03-01T20:07:14.096+0000] {dagbag.py:538} INFO - Filling up the DagBag from /home/airflow/.local/lib/python3.7/site-packages/airflow/example_dags/tutorial.py
[2023-03-01T20:07:14.107+0000] {processor.py:753} INFO - DAG(s) dict_keys(['tutorial']) retrieved from /home/airflow/.local/lib/python3.7/site-packages/airflow/example_dags/tutorial.py
[2023-03-01T20:07:14.130+0000] {logging_mixin.py:137} INFO - [2023-03-01T20:07:14.130+0000] {dag.py:2690} INFO - Sync 1 DAGs
[2023-03-01T20:07:14.153+0000] {logging_mixin.py:137} INFO - [2023-03-01T20:07:14.153+0000] {dag.py:3441} INFO - Setting next_dagrun for tutorial to 2023-02-28T20:07:14.153285+00:00, run_after=2023-03-01T20:07:14.153285+00:00
[2023-03-01T20:07:14.172+0000] {processor.py:175} INFO - Processing /home/airflow/.local/lib/python3.7/site-packages/airflow/example_dags/tutorial.py took 0.080 seconds
[2023-03-01T20:07:44.993+0000] {processor.py:153} INFO - Started process (PID=874) to work on /home/airflow/.local/lib/python3.7/site-packages/airflow/example_dags/tutorial.py
[2023-03-01T20:07:44.993+0000] {processor.py:743} INFO - Processing file /home/airflow/.local/lib/python3.7/site-packages/airflow/example_dags/tutorial.py for tasks to queue
[2023-03-01T20:07:44.994+0000] {logging_mixin.py:137} INFO - [2023-03-01T20:07:44.994+0000] {dagbag.py:538} INFO - Filling up the DagBag from /home/airflow/.local/lib/python3.7/site-packages/airflow/example_dags/tutorial.py
[2023-03-01T20:07:45.005+0000] {processor.py:753} INFO - DAG(s) dict_keys(['tutorial']) retrieved from /home/airflow/.local/lib/python3.7/site-packages/airflow/example_dags/tutorial.py
[2023-03-01T20:07:45.027+0000] {logging_mixin.py:137} INFO - [2023-03-01T20:07:45.027+0000] {dag.py:2690} INFO - Sync 1 DAGs
[2023-03-01T20:07:45.050+0000] {logging_mixin.py:137} INFO - [2023-03-01T20:07:45.049+0000] {dag.py:3441} INFO - Setting next_dagrun for tutorial to 2023-02-28T20:07:45.049815+00:00, run_after=2023-03-01T20:07:45.049815+00:00
[2023-03-01T20:07:45.071+0000] {processor.py:175} INFO - Processing /home/airflow/.local/lib/python3.7/site-packages/airflow/example_dags/tutorial.py took 0.081 seconds
