[2023-03-02T22:44:09.531+0000] {taskinstance.py:1083} INFO - Dependencies all met for <TaskInstance: api_dag.create_table __airflow_temporary_run_2023-03-02T16:53:12.844498+00:00__ [queued]>
[2023-03-02T22:44:09.543+0000] {taskinstance.py:1083} INFO - Dependencies all met for <TaskInstance: api_dag.create_table __airflow_temporary_run_2023-03-02T16:53:12.844498+00:00__ [queued]>
[2023-03-02T22:44:09.543+0000] {taskinstance.py:1279} INFO - 
--------------------------------------------------------------------------------
[2023-03-02T22:44:09.543+0000] {taskinstance.py:1280} INFO - Starting attempt 1 of 2
[2023-03-02T22:44:09.543+0000] {taskinstance.py:1281} INFO - 
--------------------------------------------------------------------------------
[2023-03-02T22:44:09.558+0000] {taskinstance.py:1300} INFO - Executing <Task(PostgresOperator): create_table> on 2023-03-02 00:00:00+00:00
[2023-03-02T22:44:09.615+0000] {standard_task_runner.py:55} INFO - Started process 33775 to run task
[2023-03-02T22:44:09.619+0000] {standard_task_runner.py:82} INFO - Running: ['***', 'tasks', 'run', 'api_dag', 'create_table', '__***_temporary_run_2023-03-02T16:53:12.844498+00:00__', '--job-id', '15', '--raw', '--subdir', 'DAGS_FOLDER/api_dag.py', '--cfg-path', '/tmp/tmpwk_dbyt2']
[2023-03-02T22:44:09.619+0000] {standard_task_runner.py:83} INFO - Job 15: Subtask create_table
[2023-03-02T22:44:09.676+0000] {task_command.py:388} INFO - Running <TaskInstance: api_dag.create_table __airflow_temporary_run_2023-03-02T16:53:12.844498+00:00__ [running]> on host 9893918ef534
[2023-03-02T22:44:09.743+0000] {taskinstance.py:1509} INFO - Exporting the following env vars:
AIRFLOW_CTX_DAG_OWNER=Airflow
AIRFLOW_CTX_DAG_ID=api_dag
AIRFLOW_CTX_TASK_ID=create_table
AIRFLOW_CTX_EXECUTION_DATE=2023-03-02T00:00:00+00:00
AIRFLOW_CTX_TRY_NUMBER=1
AIRFLOW_CTX_DAG_RUN_ID=__***_temporary_run_2023-03-02T16:53:12.844498+00:00__
[2023-03-02T22:44:09.744+0000] {sql.py:254} INFO - Executing: 
            drop table if exists rates;
            create table rates(
                rate float not null,
                symbol text not null
            );
        
[2023-03-02T22:44:09.754+0000] {base.py:73} INFO - Using connection ID 'postgres' for task execution.
[2023-03-02T22:44:09.939+0000] {base.py:73} INFO - Using connection ID 'postgres' for task execution.
[2023-03-02T22:44:09.942+0000] {sql.py:375} INFO - Running statement: 
            drop table if exists rates;
            create table rates(
                rate float not null,
                symbol text not null
            );
        , parameters: None
[2023-03-02T22:44:09.963+0000] {taskinstance.py:1323} INFO - Marking task as SUCCESS. dag_id=api_dag, task_id=create_table, execution_date=20230302T000000, start_date=20230302T224409, end_date=20230302T224409
[2023-03-02T22:44:10.030+0000] {local_task_job.py:208} INFO - Task exited with return code 0
[2023-03-02T22:44:10.046+0000] {taskinstance.py:2578} INFO - 0 downstream tasks scheduled from follow-on schedule check
