[2023-03-02T22:44:07.946+0000] {taskinstance.py:1083} INFO - Dependencies all met for <TaskInstance: api_dag.is_api_available __airflow_temporary_run_2023-03-02T16:53:12.844498+00:00__ [queued]>
[2023-03-02T22:44:07.959+0000] {taskinstance.py:1083} INFO - Dependencies all met for <TaskInstance: api_dag.is_api_available __airflow_temporary_run_2023-03-02T16:53:12.844498+00:00__ [queued]>
[2023-03-02T22:44:07.959+0000] {taskinstance.py:1279} INFO - 
--------------------------------------------------------------------------------
[2023-03-02T22:44:07.959+0000] {taskinstance.py:1280} INFO - Starting attempt 1 of 2
[2023-03-02T22:44:07.959+0000] {taskinstance.py:1281} INFO - 
--------------------------------------------------------------------------------
[2023-03-02T22:44:07.977+0000] {taskinstance.py:1300} INFO - Executing <Task(HttpSensor): is_api_available> on 2023-03-02 00:00:00+00:00
[2023-03-02T22:44:07.986+0000] {standard_task_runner.py:55} INFO - Started process 33772 to run task
[2023-03-02T22:44:07.989+0000] {standard_task_runner.py:82} INFO - Running: ['***', 'tasks', 'run', 'api_dag', 'is_api_available', '__***_temporary_run_2023-03-02T16:53:12.844498+00:00__', '--job-id', '14', '--raw', '--subdir', 'DAGS_FOLDER/api_dag.py', '--cfg-path', '/tmp/tmp52mpvni9']
[2023-03-02T22:44:07.989+0000] {standard_task_runner.py:83} INFO - Job 14: Subtask is_api_available
[2023-03-02T22:44:08.067+0000] {task_command.py:388} INFO - Running <TaskInstance: api_dag.is_api_available __airflow_temporary_run_2023-03-02T16:53:12.844498+00:00__ [running]> on host 9893918ef534
[2023-03-02T22:44:08.162+0000] {taskinstance.py:1509} INFO - Exporting the following env vars:
AIRFLOW_CTX_DAG_OWNER=Airflow
AIRFLOW_CTX_DAG_ID=api_dag
AIRFLOW_CTX_TASK_ID=is_api_available
AIRFLOW_CTX_EXECUTION_DATE=2023-03-02T00:00:00+00:00
AIRFLOW_CTX_TRY_NUMBER=1
AIRFLOW_CTX_DAG_RUN_ID=__***_temporary_run_2023-03-02T16:53:12.844498+00:00__
[2023-03-02T22:44:08.163+0000] {http.py:122} INFO - Poking: /bitcoin/history?interval=d1
[2023-03-02T22:44:08.175+0000] {base.py:73} INFO - Using connection ID 'api_call' for task execution.
[2023-03-02T22:44:08.391+0000] {base.py:228} INFO - Success criteria met. Exiting.
[2023-03-02T22:44:08.403+0000] {taskinstance.py:1323} INFO - Marking task as SUCCESS. dag_id=api_dag, task_id=is_api_available, execution_date=20230302T000000, start_date=20230302T224407, end_date=20230302T224408
[2023-03-02T22:44:08.441+0000] {local_task_job.py:208} INFO - Task exited with return code 0
[2023-03-02T22:44:08.472+0000] {taskinstance.py:2578} INFO - 1 downstream tasks scheduled from follow-on schedule check
