[2023-03-03T13:27:07.093+0000] {processor.py:153} INFO - Started process (PID=42) to work on /opt/airflow/dags/2nddag.py
[2023-03-03T13:27:07.094+0000] {processor.py:743} INFO - Processing file /opt/airflow/dags/2nddag.py for tasks to queue
[2023-03-03T13:27:07.096+0000] {logging_mixin.py:137} INFO - [2023-03-03T13:27:07.095+0000] {dagbag.py:538} INFO - Filling up the DagBag from /opt/airflow/dags/2nddag.py
[2023-03-03T13:27:07.140+0000] {processor.py:753} INFO - DAG(s) dict_keys(['data_extraction']) retrieved from /opt/airflow/dags/2nddag.py
[2023-03-03T13:27:07.222+0000] {logging_mixin.py:137} INFO - [2023-03-03T13:27:07.222+0000] {dag.py:2690} INFO - Sync 1 DAGs
[2023-03-03T13:27:07.247+0000] {logging_mixin.py:137} INFO - [2023-03-03T13:27:07.246+0000] {dag.py:3441} INFO - Setting next_dagrun for data_extraction to 2023-03-02T00:00:00+00:00, run_after=2023-03-03T00:00:00+00:00
[2023-03-03T13:27:07.269+0000] {processor.py:175} INFO - Processing /opt/airflow/dags/2nddag.py took 0.179 seconds
[2023-03-03T13:27:37.455+0000] {processor.py:153} INFO - Started process (PID=104) to work on /opt/airflow/dags/2nddag.py
[2023-03-03T13:27:37.456+0000] {processor.py:743} INFO - Processing file /opt/airflow/dags/2nddag.py for tasks to queue
[2023-03-03T13:27:37.457+0000] {logging_mixin.py:137} INFO - [2023-03-03T13:27:37.456+0000] {dagbag.py:538} INFO - Filling up the DagBag from /opt/airflow/dags/2nddag.py
[2023-03-03T13:27:37.470+0000] {processor.py:753} INFO - DAG(s) dict_keys(['data_extraction']) retrieved from /opt/airflow/dags/2nddag.py
[2023-03-03T13:27:37.491+0000] {logging_mixin.py:137} INFO - [2023-03-03T13:27:37.491+0000] {dag.py:2690} INFO - Sync 1 DAGs
[2023-03-03T13:27:37.533+0000] {logging_mixin.py:137} INFO - [2023-03-03T13:27:37.533+0000] {dag.py:3441} INFO - Setting next_dagrun for data_extraction to 2023-03-02T00:00:00+00:00, run_after=2023-03-03T00:00:00+00:00
[2023-03-03T13:27:37.550+0000] {processor.py:175} INFO - Processing /opt/airflow/dags/2nddag.py took 0.097 seconds
[2023-03-03T13:28:07.737+0000] {processor.py:153} INFO - Started process (PID=146) to work on /opt/airflow/dags/2nddag.py
[2023-03-03T13:28:07.738+0000] {processor.py:743} INFO - Processing file /opt/airflow/dags/2nddag.py for tasks to queue
[2023-03-03T13:28:07.739+0000] {logging_mixin.py:137} INFO - [2023-03-03T13:28:07.739+0000] {dagbag.py:538} INFO - Filling up the DagBag from /opt/airflow/dags/2nddag.py
[2023-03-03T13:28:07.751+0000] {processor.py:753} INFO - DAG(s) dict_keys(['data_extraction']) retrieved from /opt/airflow/dags/2nddag.py
[2023-03-03T13:28:07.771+0000] {logging_mixin.py:137} INFO - [2023-03-03T13:28:07.771+0000] {dag.py:2690} INFO - Sync 1 DAGs
[2023-03-03T13:28:07.805+0000] {logging_mixin.py:137} INFO - [2023-03-03T13:28:07.805+0000] {dag.py:3441} INFO - Setting next_dagrun for data_extraction to 2023-03-02T00:00:00+00:00, run_after=2023-03-03T00:00:00+00:00
[2023-03-03T13:28:07.828+0000] {processor.py:175} INFO - Processing /opt/airflow/dags/2nddag.py took 0.093 seconds
[2023-03-03T13:28:38.023+0000] {processor.py:153} INFO - Started process (PID=208) to work on /opt/airflow/dags/2nddag.py
[2023-03-03T13:28:38.023+0000] {processor.py:743} INFO - Processing file /opt/airflow/dags/2nddag.py for tasks to queue
[2023-03-03T13:28:38.024+0000] {logging_mixin.py:137} INFO - [2023-03-03T13:28:38.024+0000] {dagbag.py:538} INFO - Filling up the DagBag from /opt/airflow/dags/2nddag.py
[2023-03-03T13:28:38.036+0000] {processor.py:753} INFO - DAG(s) dict_keys(['data_extraction']) retrieved from /opt/airflow/dags/2nddag.py
[2023-03-03T13:28:38.056+0000] {logging_mixin.py:137} INFO - [2023-03-03T13:28:38.055+0000] {dag.py:2690} INFO - Sync 1 DAGs
[2023-03-03T13:28:38.090+0000] {logging_mixin.py:137} INFO - [2023-03-03T13:28:38.089+0000] {dag.py:3441} INFO - Setting next_dagrun for data_extraction to 2023-03-02T00:00:00+00:00, run_after=2023-03-03T00:00:00+00:00
[2023-03-03T13:28:38.111+0000] {processor.py:175} INFO - Processing /opt/airflow/dags/2nddag.py took 0.090 seconds
[2023-03-03T13:29:08.309+0000] {processor.py:153} INFO - Started process (PID=250) to work on /opt/airflow/dags/2nddag.py
[2023-03-03T13:29:08.310+0000] {processor.py:743} INFO - Processing file /opt/airflow/dags/2nddag.py for tasks to queue
[2023-03-03T13:29:08.311+0000] {logging_mixin.py:137} INFO - [2023-03-03T13:29:08.310+0000] {dagbag.py:538} INFO - Filling up the DagBag from /opt/airflow/dags/2nddag.py
[2023-03-03T13:29:08.323+0000] {processor.py:753} INFO - DAG(s) dict_keys(['data_extraction']) retrieved from /opt/airflow/dags/2nddag.py
[2023-03-03T13:29:08.345+0000] {logging_mixin.py:137} INFO - [2023-03-03T13:29:08.345+0000] {dag.py:2690} INFO - Sync 1 DAGs
[2023-03-03T13:29:08.371+0000] {logging_mixin.py:137} INFO - [2023-03-03T13:29:08.371+0000] {dag.py:3441} INFO - Setting next_dagrun for data_extraction to 2023-03-02T00:00:00+00:00, run_after=2023-03-03T00:00:00+00:00
[2023-03-03T13:29:08.388+0000] {processor.py:175} INFO - Processing /opt/airflow/dags/2nddag.py took 0.081 seconds
[2023-03-03T13:29:38.576+0000] {processor.py:153} INFO - Started process (PID=312) to work on /opt/airflow/dags/2nddag.py
[2023-03-03T13:29:38.576+0000] {processor.py:743} INFO - Processing file /opt/airflow/dags/2nddag.py for tasks to queue
[2023-03-03T13:29:38.577+0000] {logging_mixin.py:137} INFO - [2023-03-03T13:29:38.577+0000] {dagbag.py:538} INFO - Filling up the DagBag from /opt/airflow/dags/2nddag.py
[2023-03-03T13:29:38.588+0000] {processor.py:753} INFO - DAG(s) dict_keys(['data_extraction']) retrieved from /opt/airflow/dags/2nddag.py
[2023-03-03T13:29:38.609+0000] {logging_mixin.py:137} INFO - [2023-03-03T13:29:38.609+0000] {dag.py:2690} INFO - Sync 1 DAGs
[2023-03-03T13:29:38.632+0000] {logging_mixin.py:137} INFO - [2023-03-03T13:29:38.632+0000] {dag.py:3441} INFO - Setting next_dagrun for data_extraction to 2023-03-02T00:00:00+00:00, run_after=2023-03-03T00:00:00+00:00
[2023-03-03T13:29:38.649+0000] {processor.py:175} INFO - Processing /opt/airflow/dags/2nddag.py took 0.075 seconds
[2023-03-03T13:30:08.842+0000] {processor.py:153} INFO - Started process (PID=354) to work on /opt/airflow/dags/2nddag.py
[2023-03-03T13:30:08.843+0000] {processor.py:743} INFO - Processing file /opt/airflow/dags/2nddag.py for tasks to queue
[2023-03-03T13:30:08.843+0000] {logging_mixin.py:137} INFO - [2023-03-03T13:30:08.843+0000] {dagbag.py:538} INFO - Filling up the DagBag from /opt/airflow/dags/2nddag.py
[2023-03-03T13:30:08.856+0000] {processor.py:753} INFO - DAG(s) dict_keys(['data_extraction']) retrieved from /opt/airflow/dags/2nddag.py
[2023-03-03T13:30:08.877+0000] {logging_mixin.py:137} INFO - [2023-03-03T13:30:08.877+0000] {dag.py:2690} INFO - Sync 1 DAGs
[2023-03-03T13:30:08.906+0000] {logging_mixin.py:137} INFO - [2023-03-03T13:30:08.906+0000] {dag.py:3441} INFO - Setting next_dagrun for data_extraction to 2023-03-02T00:00:00+00:00, run_after=2023-03-03T00:00:00+00:00
[2023-03-03T13:30:08.938+0000] {processor.py:175} INFO - Processing /opt/airflow/dags/2nddag.py took 0.098 seconds
[2023-03-03T13:30:39.140+0000] {processor.py:153} INFO - Started process (PID=415) to work on /opt/airflow/dags/2nddag.py
[2023-03-03T13:30:39.140+0000] {processor.py:743} INFO - Processing file /opt/airflow/dags/2nddag.py for tasks to queue
[2023-03-03T13:30:39.141+0000] {logging_mixin.py:137} INFO - [2023-03-03T13:30:39.141+0000] {dagbag.py:538} INFO - Filling up the DagBag from /opt/airflow/dags/2nddag.py
[2023-03-03T13:30:39.154+0000] {processor.py:753} INFO - DAG(s) dict_keys(['data_extraction']) retrieved from /opt/airflow/dags/2nddag.py
[2023-03-03T13:30:39.176+0000] {logging_mixin.py:137} INFO - [2023-03-03T13:30:39.175+0000] {dag.py:2690} INFO - Sync 1 DAGs
[2023-03-03T13:30:39.203+0000] {logging_mixin.py:137} INFO - [2023-03-03T13:30:39.203+0000] {dag.py:3441} INFO - Setting next_dagrun for data_extraction to 2023-03-02T00:00:00+00:00, run_after=2023-03-03T00:00:00+00:00
[2023-03-03T13:30:39.222+0000] {processor.py:175} INFO - Processing /opt/airflow/dags/2nddag.py took 0.085 seconds
[2023-03-03T13:31:09.413+0000] {processor.py:153} INFO - Started process (PID=457) to work on /opt/airflow/dags/2nddag.py
[2023-03-03T13:31:09.413+0000] {processor.py:743} INFO - Processing file /opt/airflow/dags/2nddag.py for tasks to queue
[2023-03-03T13:31:09.414+0000] {logging_mixin.py:137} INFO - [2023-03-03T13:31:09.414+0000] {dagbag.py:538} INFO - Filling up the DagBag from /opt/airflow/dags/2nddag.py
[2023-03-03T13:31:09.425+0000] {processor.py:753} INFO - DAG(s) dict_keys(['data_extraction']) retrieved from /opt/airflow/dags/2nddag.py
[2023-03-03T13:31:09.445+0000] {logging_mixin.py:137} INFO - [2023-03-03T13:31:09.444+0000] {dag.py:2690} INFO - Sync 1 DAGs
[2023-03-03T13:31:09.467+0000] {logging_mixin.py:137} INFO - [2023-03-03T13:31:09.467+0000] {dag.py:3441} INFO - Setting next_dagrun for data_extraction to 2023-03-02T00:00:00+00:00, run_after=2023-03-03T00:00:00+00:00
[2023-03-03T13:31:09.486+0000] {processor.py:175} INFO - Processing /opt/airflow/dags/2nddag.py took 0.076 seconds
[2023-03-03T13:31:39.672+0000] {processor.py:153} INFO - Started process (PID=519) to work on /opt/airflow/dags/2nddag.py
[2023-03-03T13:31:39.673+0000] {processor.py:743} INFO - Processing file /opt/airflow/dags/2nddag.py for tasks to queue
[2023-03-03T13:31:39.673+0000] {logging_mixin.py:137} INFO - [2023-03-03T13:31:39.673+0000] {dagbag.py:538} INFO - Filling up the DagBag from /opt/airflow/dags/2nddag.py
[2023-03-03T13:31:39.685+0000] {processor.py:753} INFO - DAG(s) dict_keys(['data_extraction']) retrieved from /opt/airflow/dags/2nddag.py
[2023-03-03T13:31:39.706+0000] {logging_mixin.py:137} INFO - [2023-03-03T13:31:39.706+0000] {dag.py:2690} INFO - Sync 1 DAGs
[2023-03-03T13:31:39.731+0000] {logging_mixin.py:137} INFO - [2023-03-03T13:31:39.730+0000] {dag.py:3441} INFO - Setting next_dagrun for data_extraction to 2023-03-02T00:00:00+00:00, run_after=2023-03-03T00:00:00+00:00
[2023-03-03T13:31:39.748+0000] {processor.py:175} INFO - Processing /opt/airflow/dags/2nddag.py took 0.079 seconds
[2023-03-03T13:32:09.967+0000] {processor.py:153} INFO - Started process (PID=561) to work on /opt/airflow/dags/2nddag.py
[2023-03-03T13:32:09.968+0000] {processor.py:743} INFO - Processing file /opt/airflow/dags/2nddag.py for tasks to queue
[2023-03-03T13:32:09.968+0000] {logging_mixin.py:137} INFO - [2023-03-03T13:32:09.968+0000] {dagbag.py:538} INFO - Filling up the DagBag from /opt/airflow/dags/2nddag.py
[2023-03-03T13:32:09.981+0000] {processor.py:753} INFO - DAG(s) dict_keys(['data_extraction']) retrieved from /opt/airflow/dags/2nddag.py
[2023-03-03T13:32:10.004+0000] {logging_mixin.py:137} INFO - [2023-03-03T13:32:10.004+0000] {dag.py:2690} INFO - Sync 1 DAGs
[2023-03-03T13:32:10.034+0000] {logging_mixin.py:137} INFO - [2023-03-03T13:32:10.034+0000] {dag.py:3441} INFO - Setting next_dagrun for data_extraction to 2023-03-02T00:00:00+00:00, run_after=2023-03-03T00:00:00+00:00
[2023-03-03T13:32:10.054+0000] {processor.py:175} INFO - Processing /opt/airflow/dags/2nddag.py took 0.089 seconds
[2023-03-03T13:32:40.140+0000] {processor.py:153} INFO - Started process (PID=623) to work on /opt/airflow/dags/2nddag.py
[2023-03-03T13:32:40.141+0000] {processor.py:743} INFO - Processing file /opt/airflow/dags/2nddag.py for tasks to queue
[2023-03-03T13:32:40.141+0000] {logging_mixin.py:137} INFO - [2023-03-03T13:32:40.141+0000] {dagbag.py:538} INFO - Filling up the DagBag from /opt/airflow/dags/2nddag.py
[2023-03-03T13:32:40.152+0000] {processor.py:753} INFO - DAG(s) dict_keys(['data_extraction']) retrieved from /opt/airflow/dags/2nddag.py
[2023-03-03T13:32:40.175+0000] {logging_mixin.py:137} INFO - [2023-03-03T13:32:40.175+0000] {dag.py:2690} INFO - Sync 1 DAGs
[2023-03-03T13:32:40.202+0000] {logging_mixin.py:137} INFO - [2023-03-03T13:32:40.201+0000] {dag.py:3441} INFO - Setting next_dagrun for data_extraction to 2023-03-02T00:00:00+00:00, run_after=2023-03-03T00:00:00+00:00
[2023-03-03T13:32:40.218+0000] {processor.py:175} INFO - Processing /opt/airflow/dags/2nddag.py took 0.080 seconds
[2023-03-03T13:33:10.377+0000] {processor.py:153} INFO - Started process (PID=665) to work on /opt/airflow/dags/2nddag.py
[2023-03-03T13:33:10.378+0000] {processor.py:743} INFO - Processing file /opt/airflow/dags/2nddag.py for tasks to queue
[2023-03-03T13:33:10.378+0000] {logging_mixin.py:137} INFO - [2023-03-03T13:33:10.378+0000] {dagbag.py:538} INFO - Filling up the DagBag from /opt/airflow/dags/2nddag.py
[2023-03-03T13:33:10.391+0000] {processor.py:753} INFO - DAG(s) dict_keys(['data_extraction']) retrieved from /opt/airflow/dags/2nddag.py
[2023-03-03T13:33:10.412+0000] {logging_mixin.py:137} INFO - [2023-03-03T13:33:10.412+0000] {dag.py:2690} INFO - Sync 1 DAGs
[2023-03-03T13:33:10.437+0000] {logging_mixin.py:137} INFO - [2023-03-03T13:33:10.437+0000] {dag.py:3441} INFO - Setting next_dagrun for data_extraction to 2023-03-02T00:00:00+00:00, run_after=2023-03-03T00:00:00+00:00
[2023-03-03T13:33:10.456+0000] {processor.py:175} INFO - Processing /opt/airflow/dags/2nddag.py took 0.081 seconds
[2023-03-03T13:33:40.647+0000] {processor.py:153} INFO - Started process (PID=727) to work on /opt/airflow/dags/2nddag.py
[2023-03-03T13:33:40.648+0000] {processor.py:743} INFO - Processing file /opt/airflow/dags/2nddag.py for tasks to queue
[2023-03-03T13:33:40.648+0000] {logging_mixin.py:137} INFO - [2023-03-03T13:33:40.648+0000] {dagbag.py:538} INFO - Filling up the DagBag from /opt/airflow/dags/2nddag.py
[2023-03-03T13:33:40.661+0000] {processor.py:753} INFO - DAG(s) dict_keys(['data_extraction']) retrieved from /opt/airflow/dags/2nddag.py
[2023-03-03T13:33:40.687+0000] {logging_mixin.py:137} INFO - [2023-03-03T13:33:40.687+0000] {dag.py:2690} INFO - Sync 1 DAGs
[2023-03-03T13:33:40.719+0000] {logging_mixin.py:137} INFO - [2023-03-03T13:33:40.718+0000] {dag.py:3441} INFO - Setting next_dagrun for data_extraction to 2023-03-02T00:00:00+00:00, run_after=2023-03-03T00:00:00+00:00
[2023-03-03T13:33:40.740+0000] {processor.py:175} INFO - Processing /opt/airflow/dags/2nddag.py took 0.096 seconds
[2023-03-03T13:34:10.944+0000] {processor.py:153} INFO - Started process (PID=769) to work on /opt/airflow/dags/2nddag.py
[2023-03-03T13:34:10.944+0000] {processor.py:743} INFO - Processing file /opt/airflow/dags/2nddag.py for tasks to queue
[2023-03-03T13:34:10.945+0000] {logging_mixin.py:137} INFO - [2023-03-03T13:34:10.945+0000] {dagbag.py:538} INFO - Filling up the DagBag from /opt/airflow/dags/2nddag.py
[2023-03-03T13:34:10.956+0000] {processor.py:753} INFO - DAG(s) dict_keys(['data_extraction']) retrieved from /opt/airflow/dags/2nddag.py
[2023-03-03T13:34:10.975+0000] {logging_mixin.py:137} INFO - [2023-03-03T13:34:10.975+0000] {dag.py:2690} INFO - Sync 1 DAGs
[2023-03-03T13:34:10.998+0000] {logging_mixin.py:137} INFO - [2023-03-03T13:34:10.998+0000] {dag.py:3441} INFO - Setting next_dagrun for data_extraction to 2023-03-02T00:00:00+00:00, run_after=2023-03-03T00:00:00+00:00
[2023-03-03T13:34:11.016+0000] {processor.py:175} INFO - Processing /opt/airflow/dags/2nddag.py took 0.074 seconds
[2023-03-03T13:34:41.203+0000] {processor.py:153} INFO - Started process (PID=831) to work on /opt/airflow/dags/2nddag.py
[2023-03-03T13:34:41.203+0000] {processor.py:743} INFO - Processing file /opt/airflow/dags/2nddag.py for tasks to queue
[2023-03-03T13:34:41.204+0000] {logging_mixin.py:137} INFO - [2023-03-03T13:34:41.204+0000] {dagbag.py:538} INFO - Filling up the DagBag from /opt/airflow/dags/2nddag.py
[2023-03-03T13:34:41.216+0000] {processor.py:753} INFO - DAG(s) dict_keys(['data_extraction']) retrieved from /opt/airflow/dags/2nddag.py
[2023-03-03T13:34:41.234+0000] {logging_mixin.py:137} INFO - [2023-03-03T13:34:41.234+0000] {dag.py:2690} INFO - Sync 1 DAGs
[2023-03-03T13:34:41.260+0000] {logging_mixin.py:137} INFO - [2023-03-03T13:34:41.260+0000] {dag.py:3441} INFO - Setting next_dagrun for data_extraction to 2023-03-02T00:00:00+00:00, run_after=2023-03-03T00:00:00+00:00
[2023-03-03T13:34:41.279+0000] {processor.py:175} INFO - Processing /opt/airflow/dags/2nddag.py took 0.079 seconds
[2023-03-03T13:35:11.466+0000] {processor.py:153} INFO - Started process (PID=872) to work on /opt/airflow/dags/2nddag.py
[2023-03-03T13:35:11.466+0000] {processor.py:743} INFO - Processing file /opt/airflow/dags/2nddag.py for tasks to queue
[2023-03-03T13:35:11.467+0000] {logging_mixin.py:137} INFO - [2023-03-03T13:35:11.467+0000] {dagbag.py:538} INFO - Filling up the DagBag from /opt/airflow/dags/2nddag.py
[2023-03-03T13:35:11.481+0000] {processor.py:753} INFO - DAG(s) dict_keys(['data_extraction']) retrieved from /opt/airflow/dags/2nddag.py
[2023-03-03T13:35:11.503+0000] {logging_mixin.py:137} INFO - [2023-03-03T13:35:11.502+0000] {dag.py:2690} INFO - Sync 1 DAGs
[2023-03-03T13:35:11.528+0000] {logging_mixin.py:137} INFO - [2023-03-03T13:35:11.528+0000] {dag.py:3441} INFO - Setting next_dagrun for data_extraction to 2023-03-02T00:00:00+00:00, run_after=2023-03-03T00:00:00+00:00
[2023-03-03T13:35:11.548+0000] {processor.py:175} INFO - Processing /opt/airflow/dags/2nddag.py took 0.085 seconds
[2023-03-03T13:35:41.743+0000] {processor.py:153} INFO - Started process (PID=934) to work on /opt/airflow/dags/2nddag.py
[2023-03-03T13:35:41.743+0000] {processor.py:743} INFO - Processing file /opt/airflow/dags/2nddag.py for tasks to queue
[2023-03-03T13:35:41.744+0000] {logging_mixin.py:137} INFO - [2023-03-03T13:35:41.744+0000] {dagbag.py:538} INFO - Filling up the DagBag from /opt/airflow/dags/2nddag.py
[2023-03-03T13:35:41.756+0000] {processor.py:753} INFO - DAG(s) dict_keys(['data_extraction']) retrieved from /opt/airflow/dags/2nddag.py
[2023-03-03T13:35:41.778+0000] {logging_mixin.py:137} INFO - [2023-03-03T13:35:41.777+0000] {dag.py:2690} INFO - Sync 1 DAGs
[2023-03-03T13:35:41.804+0000] {logging_mixin.py:137} INFO - [2023-03-03T13:35:41.804+0000] {dag.py:3441} INFO - Setting next_dagrun for data_extraction to 2023-03-02T00:00:00+00:00, run_after=2023-03-03T00:00:00+00:00
[2023-03-03T13:35:41.823+0000] {processor.py:175} INFO - Processing /opt/airflow/dags/2nddag.py took 0.083 seconds
[2023-03-03T13:36:12.023+0000] {processor.py:153} INFO - Started process (PID=976) to work on /opt/airflow/dags/2nddag.py
[2023-03-03T13:36:12.023+0000] {processor.py:743} INFO - Processing file /opt/airflow/dags/2nddag.py for tasks to queue
[2023-03-03T13:36:12.024+0000] {logging_mixin.py:137} INFO - [2023-03-03T13:36:12.024+0000] {dagbag.py:538} INFO - Filling up the DagBag from /opt/airflow/dags/2nddag.py
[2023-03-03T13:36:12.036+0000] {processor.py:753} INFO - DAG(s) dict_keys(['data_extraction']) retrieved from /opt/airflow/dags/2nddag.py
[2023-03-03T13:36:12.058+0000] {logging_mixin.py:137} INFO - [2023-03-03T13:36:12.058+0000] {dag.py:2690} INFO - Sync 1 DAGs
[2023-03-03T13:36:12.081+0000] {logging_mixin.py:137} INFO - [2023-03-03T13:36:12.081+0000] {dag.py:3441} INFO - Setting next_dagrun for data_extraction to 2023-03-02T00:00:00+00:00, run_after=2023-03-03T00:00:00+00:00
[2023-03-03T13:36:12.098+0000] {processor.py:175} INFO - Processing /opt/airflow/dags/2nddag.py took 0.077 seconds
[2023-03-03T13:36:42.293+0000] {processor.py:153} INFO - Started process (PID=1038) to work on /opt/airflow/dags/2nddag.py
[2023-03-03T13:36:42.294+0000] {processor.py:743} INFO - Processing file /opt/airflow/dags/2nddag.py for tasks to queue
[2023-03-03T13:36:42.294+0000] {logging_mixin.py:137} INFO - [2023-03-03T13:36:42.294+0000] {dagbag.py:538} INFO - Filling up the DagBag from /opt/airflow/dags/2nddag.py
[2023-03-03T13:36:42.306+0000] {processor.py:753} INFO - DAG(s) dict_keys(['data_extraction']) retrieved from /opt/airflow/dags/2nddag.py
[2023-03-03T13:36:42.327+0000] {logging_mixin.py:137} INFO - [2023-03-03T13:36:42.327+0000] {dag.py:2690} INFO - Sync 1 DAGs
[2023-03-03T13:36:42.354+0000] {logging_mixin.py:137} INFO - [2023-03-03T13:36:42.354+0000] {dag.py:3441} INFO - Setting next_dagrun for data_extraction to 2023-03-02T00:00:00+00:00, run_after=2023-03-03T00:00:00+00:00
[2023-03-03T13:36:42.373+0000] {processor.py:175} INFO - Processing /opt/airflow/dags/2nddag.py took 0.082 seconds
[2023-03-03T13:37:12.599+0000] {processor.py:153} INFO - Started process (PID=1080) to work on /opt/airflow/dags/2nddag.py
[2023-03-03T13:37:12.599+0000] {processor.py:743} INFO - Processing file /opt/airflow/dags/2nddag.py for tasks to queue
[2023-03-03T13:37:12.600+0000] {logging_mixin.py:137} INFO - [2023-03-03T13:37:12.599+0000] {dagbag.py:538} INFO - Filling up the DagBag from /opt/airflow/dags/2nddag.py
[2023-03-03T13:37:12.612+0000] {processor.py:753} INFO - DAG(s) dict_keys(['data_extraction']) retrieved from /opt/airflow/dags/2nddag.py
[2023-03-03T13:37:12.633+0000] {logging_mixin.py:137} INFO - [2023-03-03T13:37:12.633+0000] {dag.py:2690} INFO - Sync 1 DAGs
[2023-03-03T13:37:12.658+0000] {logging_mixin.py:137} INFO - [2023-03-03T13:37:12.658+0000] {dag.py:3441} INFO - Setting next_dagrun for data_extraction to 2023-03-02T00:00:00+00:00, run_after=2023-03-03T00:00:00+00:00
[2023-03-03T13:37:12.680+0000] {processor.py:175} INFO - Processing /opt/airflow/dags/2nddag.py took 0.084 seconds
[2023-03-03T13:37:42.861+0000] {processor.py:153} INFO - Started process (PID=1142) to work on /opt/airflow/dags/2nddag.py
[2023-03-03T13:37:42.862+0000] {processor.py:743} INFO - Processing file /opt/airflow/dags/2nddag.py for tasks to queue
[2023-03-03T13:37:42.863+0000] {logging_mixin.py:137} INFO - [2023-03-03T13:37:42.863+0000] {dagbag.py:538} INFO - Filling up the DagBag from /opt/airflow/dags/2nddag.py
[2023-03-03T13:37:42.877+0000] {processor.py:753} INFO - DAG(s) dict_keys(['data_extraction']) retrieved from /opt/airflow/dags/2nddag.py
[2023-03-03T13:37:42.898+0000] {logging_mixin.py:137} INFO - [2023-03-03T13:37:42.898+0000] {dag.py:2690} INFO - Sync 1 DAGs
[2023-03-03T13:37:42.921+0000] {logging_mixin.py:137} INFO - [2023-03-03T13:37:42.921+0000] {dag.py:3441} INFO - Setting next_dagrun for data_extraction to 2023-03-02T00:00:00+00:00, run_after=2023-03-03T00:00:00+00:00
[2023-03-03T13:37:42.937+0000] {processor.py:175} INFO - Processing /opt/airflow/dags/2nddag.py took 0.078 seconds
[2023-03-03T13:38:13.114+0000] {processor.py:153} INFO - Started process (PID=1184) to work on /opt/airflow/dags/2nddag.py
[2023-03-03T13:38:13.115+0000] {processor.py:743} INFO - Processing file /opt/airflow/dags/2nddag.py for tasks to queue
[2023-03-03T13:38:13.115+0000] {logging_mixin.py:137} INFO - [2023-03-03T13:38:13.115+0000] {dagbag.py:538} INFO - Filling up the DagBag from /opt/airflow/dags/2nddag.py
[2023-03-03T13:38:13.128+0000] {processor.py:753} INFO - DAG(s) dict_keys(['data_extraction']) retrieved from /opt/airflow/dags/2nddag.py
[2023-03-03T13:38:13.150+0000] {logging_mixin.py:137} INFO - [2023-03-03T13:38:13.150+0000] {dag.py:2690} INFO - Sync 1 DAGs
[2023-03-03T13:38:13.177+0000] {logging_mixin.py:137} INFO - [2023-03-03T13:38:13.177+0000] {dag.py:3441} INFO - Setting next_dagrun for data_extraction to 2023-03-02T00:00:00+00:00, run_after=2023-03-03T00:00:00+00:00
[2023-03-03T13:38:13.196+0000] {processor.py:175} INFO - Processing /opt/airflow/dags/2nddag.py took 0.084 seconds
[2023-03-03T13:38:43.387+0000] {processor.py:153} INFO - Started process (PID=1246) to work on /opt/airflow/dags/2nddag.py
[2023-03-03T13:38:43.388+0000] {processor.py:743} INFO - Processing file /opt/airflow/dags/2nddag.py for tasks to queue
[2023-03-03T13:38:43.388+0000] {logging_mixin.py:137} INFO - [2023-03-03T13:38:43.388+0000] {dagbag.py:538} INFO - Filling up the DagBag from /opt/airflow/dags/2nddag.py
[2023-03-03T13:38:43.400+0000] {processor.py:753} INFO - DAG(s) dict_keys(['data_extraction']) retrieved from /opt/airflow/dags/2nddag.py
[2023-03-03T13:38:43.421+0000] {logging_mixin.py:137} INFO - [2023-03-03T13:38:43.421+0000] {dag.py:2690} INFO - Sync 1 DAGs
[2023-03-03T13:38:43.448+0000] {logging_mixin.py:137} INFO - [2023-03-03T13:38:43.448+0000] {dag.py:3441} INFO - Setting next_dagrun for data_extraction to 2023-03-02T00:00:00+00:00, run_after=2023-03-03T00:00:00+00:00
[2023-03-03T13:38:43.464+0000] {processor.py:175} INFO - Processing /opt/airflow/dags/2nddag.py took 0.079 seconds
[2023-03-03T13:39:13.657+0000] {processor.py:153} INFO - Started process (PID=1288) to work on /opt/airflow/dags/2nddag.py
[2023-03-03T13:39:13.658+0000] {processor.py:743} INFO - Processing file /opt/airflow/dags/2nddag.py for tasks to queue
[2023-03-03T13:39:13.658+0000] {logging_mixin.py:137} INFO - [2023-03-03T13:39:13.658+0000] {dagbag.py:538} INFO - Filling up the DagBag from /opt/airflow/dags/2nddag.py
[2023-03-03T13:39:13.670+0000] {processor.py:753} INFO - DAG(s) dict_keys(['data_extraction']) retrieved from /opt/airflow/dags/2nddag.py
[2023-03-03T13:39:13.691+0000] {logging_mixin.py:137} INFO - [2023-03-03T13:39:13.691+0000] {dag.py:2690} INFO - Sync 1 DAGs
[2023-03-03T13:39:13.713+0000] {logging_mixin.py:137} INFO - [2023-03-03T13:39:13.713+0000] {dag.py:3441} INFO - Setting next_dagrun for data_extraction to 2023-03-02T00:00:00+00:00, run_after=2023-03-03T00:00:00+00:00
[2023-03-03T13:39:13.730+0000] {processor.py:175} INFO - Processing /opt/airflow/dags/2nddag.py took 0.075 seconds
[2023-03-03T13:39:43.927+0000] {processor.py:153} INFO - Started process (PID=1350) to work on /opt/airflow/dags/2nddag.py
[2023-03-03T13:39:43.927+0000] {processor.py:743} INFO - Processing file /opt/airflow/dags/2nddag.py for tasks to queue
[2023-03-03T13:39:43.928+0000] {logging_mixin.py:137} INFO - [2023-03-03T13:39:43.928+0000] {dagbag.py:538} INFO - Filling up the DagBag from /opt/airflow/dags/2nddag.py
[2023-03-03T13:39:43.940+0000] {processor.py:753} INFO - DAG(s) dict_keys(['data_extraction']) retrieved from /opt/airflow/dags/2nddag.py
[2023-03-03T13:39:43.959+0000] {logging_mixin.py:137} INFO - [2023-03-03T13:39:43.959+0000] {dag.py:2690} INFO - Sync 1 DAGs
[2023-03-03T13:39:43.983+0000] {logging_mixin.py:137} INFO - [2023-03-03T13:39:43.983+0000] {dag.py:3441} INFO - Setting next_dagrun for data_extraction to 2023-03-02T00:00:00+00:00, run_after=2023-03-03T00:00:00+00:00
[2023-03-03T13:39:44.000+0000] {processor.py:175} INFO - Processing /opt/airflow/dags/2nddag.py took 0.076 seconds
[2023-03-03T13:40:14.193+0000] {processor.py:153} INFO - Started process (PID=1392) to work on /opt/airflow/dags/2nddag.py
[2023-03-03T13:40:14.193+0000] {processor.py:743} INFO - Processing file /opt/airflow/dags/2nddag.py for tasks to queue
[2023-03-03T13:40:14.194+0000] {logging_mixin.py:137} INFO - [2023-03-03T13:40:14.194+0000] {dagbag.py:538} INFO - Filling up the DagBag from /opt/airflow/dags/2nddag.py
[2023-03-03T13:40:14.206+0000] {processor.py:753} INFO - DAG(s) dict_keys(['data_extraction']) retrieved from /opt/airflow/dags/2nddag.py
[2023-03-03T13:40:14.226+0000] {logging_mixin.py:137} INFO - [2023-03-03T13:40:14.226+0000] {dag.py:2690} INFO - Sync 1 DAGs
[2023-03-03T13:40:14.252+0000] {logging_mixin.py:137} INFO - [2023-03-03T13:40:14.251+0000] {dag.py:3441} INFO - Setting next_dagrun for data_extraction to 2023-03-02T00:00:00+00:00, run_after=2023-03-03T00:00:00+00:00
[2023-03-03T13:40:14.271+0000] {processor.py:175} INFO - Processing /opt/airflow/dags/2nddag.py took 0.081 seconds
[2023-03-03T13:40:44.466+0000] {processor.py:153} INFO - Started process (PID=1454) to work on /opt/airflow/dags/2nddag.py
[2023-03-03T13:40:44.466+0000] {processor.py:743} INFO - Processing file /opt/airflow/dags/2nddag.py for tasks to queue
[2023-03-03T13:40:44.467+0000] {logging_mixin.py:137} INFO - [2023-03-03T13:40:44.467+0000] {dagbag.py:538} INFO - Filling up the DagBag from /opt/airflow/dags/2nddag.py
[2023-03-03T13:40:44.479+0000] {processor.py:753} INFO - DAG(s) dict_keys(['data_extraction']) retrieved from /opt/airflow/dags/2nddag.py
[2023-03-03T13:40:44.500+0000] {logging_mixin.py:137} INFO - [2023-03-03T13:40:44.500+0000] {dag.py:2690} INFO - Sync 1 DAGs
[2023-03-03T13:40:44.528+0000] {logging_mixin.py:137} INFO - [2023-03-03T13:40:44.528+0000] {dag.py:3441} INFO - Setting next_dagrun for data_extraction to 2023-03-02T00:00:00+00:00, run_after=2023-03-03T00:00:00+00:00
[2023-03-03T13:40:44.546+0000] {processor.py:175} INFO - Processing /opt/airflow/dags/2nddag.py took 0.082 seconds
[2023-03-03T13:41:14.733+0000] {processor.py:153} INFO - Started process (PID=1496) to work on /opt/airflow/dags/2nddag.py
[2023-03-03T13:41:14.734+0000] {processor.py:743} INFO - Processing file /opt/airflow/dags/2nddag.py for tasks to queue
[2023-03-03T13:41:14.734+0000] {logging_mixin.py:137} INFO - [2023-03-03T13:41:14.734+0000] {dagbag.py:538} INFO - Filling up the DagBag from /opt/airflow/dags/2nddag.py
[2023-03-03T13:41:14.747+0000] {processor.py:753} INFO - DAG(s) dict_keys(['data_extraction']) retrieved from /opt/airflow/dags/2nddag.py
[2023-03-03T13:41:14.766+0000] {logging_mixin.py:137} INFO - [2023-03-03T13:41:14.766+0000] {dag.py:2690} INFO - Sync 1 DAGs
[2023-03-03T13:41:14.791+0000] {logging_mixin.py:137} INFO - [2023-03-03T13:41:14.791+0000] {dag.py:3441} INFO - Setting next_dagrun for data_extraction to 2023-03-02T00:00:00+00:00, run_after=2023-03-03T00:00:00+00:00
[2023-03-03T13:41:14.807+0000] {processor.py:175} INFO - Processing /opt/airflow/dags/2nddag.py took 0.075 seconds
[2023-03-03T13:41:44.981+0000] {processor.py:153} INFO - Started process (PID=1558) to work on /opt/airflow/dags/2nddag.py
[2023-03-03T13:41:44.982+0000] {processor.py:743} INFO - Processing file /opt/airflow/dags/2nddag.py for tasks to queue
[2023-03-03T13:41:44.982+0000] {logging_mixin.py:137} INFO - [2023-03-03T13:41:44.982+0000] {dagbag.py:538} INFO - Filling up the DagBag from /opt/airflow/dags/2nddag.py
[2023-03-03T13:41:44.995+0000] {processor.py:753} INFO - DAG(s) dict_keys(['data_extraction']) retrieved from /opt/airflow/dags/2nddag.py
[2023-03-03T13:41:45.019+0000] {logging_mixin.py:137} INFO - [2023-03-03T13:41:45.018+0000] {dag.py:2690} INFO - Sync 1 DAGs
[2023-03-03T13:41:45.045+0000] {logging_mixin.py:137} INFO - [2023-03-03T13:41:45.045+0000] {dag.py:3441} INFO - Setting next_dagrun for data_extraction to 2023-03-02T00:00:00+00:00, run_after=2023-03-03T00:00:00+00:00
[2023-03-03T13:41:45.066+0000] {processor.py:175} INFO - Processing /opt/airflow/dags/2nddag.py took 0.087 seconds
[2023-03-03T13:42:15.257+0000] {processor.py:153} INFO - Started process (PID=1600) to work on /opt/airflow/dags/2nddag.py
[2023-03-03T13:42:15.257+0000] {processor.py:743} INFO - Processing file /opt/airflow/dags/2nddag.py for tasks to queue
[2023-03-03T13:42:15.258+0000] {logging_mixin.py:137} INFO - [2023-03-03T13:42:15.258+0000] {dagbag.py:538} INFO - Filling up the DagBag from /opt/airflow/dags/2nddag.py
[2023-03-03T13:42:15.269+0000] {processor.py:753} INFO - DAG(s) dict_keys(['data_extraction']) retrieved from /opt/airflow/dags/2nddag.py
[2023-03-03T13:42:15.288+0000] {logging_mixin.py:137} INFO - [2023-03-03T13:42:15.288+0000] {dag.py:2690} INFO - Sync 1 DAGs
[2023-03-03T13:42:15.313+0000] {logging_mixin.py:137} INFO - [2023-03-03T13:42:15.313+0000] {dag.py:3441} INFO - Setting next_dagrun for data_extraction to 2023-03-02T00:00:00+00:00, run_after=2023-03-03T00:00:00+00:00
[2023-03-03T13:42:15.330+0000] {processor.py:175} INFO - Processing /opt/airflow/dags/2nddag.py took 0.075 seconds
[2023-03-03T13:42:45.501+0000] {processor.py:153} INFO - Started process (PID=1662) to work on /opt/airflow/dags/2nddag.py
[2023-03-03T13:42:45.508+0000] {processor.py:743} INFO - Processing file /opt/airflow/dags/2nddag.py for tasks to queue
[2023-03-03T13:42:45.509+0000] {logging_mixin.py:137} INFO - [2023-03-03T13:42:45.508+0000] {dagbag.py:538} INFO - Filling up the DagBag from /opt/airflow/dags/2nddag.py
[2023-03-03T13:42:45.520+0000] {processor.py:753} INFO - DAG(s) dict_keys(['data_extraction']) retrieved from /opt/airflow/dags/2nddag.py
[2023-03-03T13:42:45.539+0000] {logging_mixin.py:137} INFO - [2023-03-03T13:42:45.539+0000] {dag.py:2690} INFO - Sync 1 DAGs
[2023-03-03T13:42:45.563+0000] {logging_mixin.py:137} INFO - [2023-03-03T13:42:45.563+0000] {dag.py:3441} INFO - Setting next_dagrun for data_extraction to 2023-03-02T00:00:00+00:00, run_after=2023-03-03T00:00:00+00:00
[2023-03-03T13:42:45.581+0000] {processor.py:175} INFO - Processing /opt/airflow/dags/2nddag.py took 0.082 seconds
[2023-03-03T13:43:15.760+0000] {processor.py:153} INFO - Started process (PID=1703) to work on /opt/airflow/dags/2nddag.py
[2023-03-03T13:43:15.767+0000] {processor.py:743} INFO - Processing file /opt/airflow/dags/2nddag.py for tasks to queue
[2023-03-03T13:43:15.768+0000] {logging_mixin.py:137} INFO - [2023-03-03T13:43:15.768+0000] {dagbag.py:538} INFO - Filling up the DagBag from /opt/airflow/dags/2nddag.py
[2023-03-03T13:43:15.779+0000] {processor.py:753} INFO - DAG(s) dict_keys(['data_extraction']) retrieved from /opt/airflow/dags/2nddag.py
[2023-03-03T13:43:15.798+0000] {logging_mixin.py:137} INFO - [2023-03-03T13:43:15.798+0000] {dag.py:2690} INFO - Sync 1 DAGs
[2023-03-03T13:43:15.821+0000] {logging_mixin.py:137} INFO - [2023-03-03T13:43:15.821+0000] {dag.py:3441} INFO - Setting next_dagrun for data_extraction to 2023-03-02T00:00:00+00:00, run_after=2023-03-03T00:00:00+00:00
[2023-03-03T13:43:15.837+0000] {processor.py:175} INFO - Processing /opt/airflow/dags/2nddag.py took 0.079 seconds
[2023-03-03T13:43:46.015+0000] {processor.py:153} INFO - Started process (PID=1765) to work on /opt/airflow/dags/2nddag.py
[2023-03-03T13:43:46.022+0000] {processor.py:743} INFO - Processing file /opt/airflow/dags/2nddag.py for tasks to queue
[2023-03-03T13:43:46.023+0000] {logging_mixin.py:137} INFO - [2023-03-03T13:43:46.023+0000] {dagbag.py:538} INFO - Filling up the DagBag from /opt/airflow/dags/2nddag.py
[2023-03-03T13:43:46.034+0000] {processor.py:753} INFO - DAG(s) dict_keys(['data_extraction']) retrieved from /opt/airflow/dags/2nddag.py
[2023-03-03T13:43:46.053+0000] {logging_mixin.py:137} INFO - [2023-03-03T13:43:46.053+0000] {dag.py:2690} INFO - Sync 1 DAGs
[2023-03-03T13:43:46.076+0000] {logging_mixin.py:137} INFO - [2023-03-03T13:43:46.075+0000] {dag.py:3441} INFO - Setting next_dagrun for data_extraction to 2023-03-02T00:00:00+00:00, run_after=2023-03-03T00:00:00+00:00
[2023-03-03T13:43:46.090+0000] {processor.py:175} INFO - Processing /opt/airflow/dags/2nddag.py took 0.077 seconds
[2023-03-03T13:44:16.279+0000] {processor.py:153} INFO - Started process (PID=1807) to work on /opt/airflow/dags/2nddag.py
[2023-03-03T13:44:16.286+0000] {processor.py:743} INFO - Processing file /opt/airflow/dags/2nddag.py for tasks to queue
[2023-03-03T13:44:16.287+0000] {logging_mixin.py:137} INFO - [2023-03-03T13:44:16.287+0000] {dagbag.py:538} INFO - Filling up the DagBag from /opt/airflow/dags/2nddag.py
[2023-03-03T13:44:16.298+0000] {processor.py:753} INFO - DAG(s) dict_keys(['data_extraction']) retrieved from /opt/airflow/dags/2nddag.py
[2023-03-03T13:44:16.316+0000] {logging_mixin.py:137} INFO - [2023-03-03T13:44:16.316+0000] {dag.py:2690} INFO - Sync 1 DAGs
[2023-03-03T13:44:16.339+0000] {logging_mixin.py:137} INFO - [2023-03-03T13:44:16.338+0000] {dag.py:3441} INFO - Setting next_dagrun for data_extraction to 2023-03-02T00:00:00+00:00, run_after=2023-03-03T00:00:00+00:00
[2023-03-03T13:44:16.354+0000] {processor.py:175} INFO - Processing /opt/airflow/dags/2nddag.py took 0.077 seconds
[2023-03-03T13:44:46.520+0000] {processor.py:153} INFO - Started process (PID=1869) to work on /opt/airflow/dags/2nddag.py
[2023-03-03T13:44:46.520+0000] {processor.py:743} INFO - Processing file /opt/airflow/dags/2nddag.py for tasks to queue
[2023-03-03T13:44:46.521+0000] {logging_mixin.py:137} INFO - [2023-03-03T13:44:46.521+0000] {dagbag.py:538} INFO - Filling up the DagBag from /opt/airflow/dags/2nddag.py
[2023-03-03T13:44:46.532+0000] {processor.py:753} INFO - DAG(s) dict_keys(['data_extraction']) retrieved from /opt/airflow/dags/2nddag.py
[2023-03-03T13:44:46.552+0000] {logging_mixin.py:137} INFO - [2023-03-03T13:44:46.552+0000] {dag.py:2690} INFO - Sync 1 DAGs
[2023-03-03T13:44:46.575+0000] {logging_mixin.py:137} INFO - [2023-03-03T13:44:46.575+0000] {dag.py:3441} INFO - Setting next_dagrun for data_extraction to 2023-03-02T00:00:00+00:00, run_after=2023-03-03T00:00:00+00:00
[2023-03-03T13:44:46.593+0000] {processor.py:175} INFO - Processing /opt/airflow/dags/2nddag.py took 0.076 seconds
[2023-03-03T13:45:16.775+0000] {processor.py:153} INFO - Started process (PID=1912) to work on /opt/airflow/dags/2nddag.py
[2023-03-03T13:45:16.775+0000] {processor.py:743} INFO - Processing file /opt/airflow/dags/2nddag.py for tasks to queue
[2023-03-03T13:45:16.776+0000] {logging_mixin.py:137} INFO - [2023-03-03T13:45:16.776+0000] {dagbag.py:538} INFO - Filling up the DagBag from /opt/airflow/dags/2nddag.py
[2023-03-03T13:45:16.787+0000] {processor.py:753} INFO - DAG(s) dict_keys(['data_extraction']) retrieved from /opt/airflow/dags/2nddag.py
[2023-03-03T13:45:16.809+0000] {logging_mixin.py:137} INFO - [2023-03-03T13:45:16.808+0000] {dag.py:2690} INFO - Sync 1 DAGs
[2023-03-03T13:45:16.831+0000] {logging_mixin.py:137} INFO - [2023-03-03T13:45:16.831+0000] {dag.py:3441} INFO - Setting next_dagrun for data_extraction to 2023-03-02T00:00:00+00:00, run_after=2023-03-03T00:00:00+00:00
[2023-03-03T13:45:16.847+0000] {processor.py:175} INFO - Processing /opt/airflow/dags/2nddag.py took 0.074 seconds
[2023-03-03T13:45:47.017+0000] {processor.py:153} INFO - Started process (PID=1975) to work on /opt/airflow/dags/2nddag.py
[2023-03-03T13:45:47.023+0000] {processor.py:743} INFO - Processing file /opt/airflow/dags/2nddag.py for tasks to queue
[2023-03-03T13:45:47.024+0000] {logging_mixin.py:137} INFO - [2023-03-03T13:45:47.024+0000] {dagbag.py:538} INFO - Filling up the DagBag from /opt/airflow/dags/2nddag.py
[2023-03-03T13:45:47.035+0000] {processor.py:753} INFO - DAG(s) dict_keys(['data_extraction']) retrieved from /opt/airflow/dags/2nddag.py
[2023-03-03T13:45:47.055+0000] {logging_mixin.py:137} INFO - [2023-03-03T13:45:47.055+0000] {dag.py:2690} INFO - Sync 1 DAGs
[2023-03-03T13:45:47.078+0000] {logging_mixin.py:137} INFO - [2023-03-03T13:45:47.078+0000] {dag.py:3441} INFO - Setting next_dagrun for data_extraction to 2023-03-02T00:00:00+00:00, run_after=2023-03-03T00:00:00+00:00
[2023-03-03T13:45:47.096+0000] {processor.py:175} INFO - Processing /opt/airflow/dags/2nddag.py took 0.081 seconds
[2023-03-03T13:46:17.265+0000] {processor.py:153} INFO - Started process (PID=2017) to work on /opt/airflow/dags/2nddag.py
[2023-03-03T13:46:17.271+0000] {processor.py:743} INFO - Processing file /opt/airflow/dags/2nddag.py for tasks to queue
[2023-03-03T13:46:17.272+0000] {logging_mixin.py:137} INFO - [2023-03-03T13:46:17.272+0000] {dagbag.py:538} INFO - Filling up the DagBag from /opt/airflow/dags/2nddag.py
[2023-03-03T13:46:17.285+0000] {processor.py:753} INFO - DAG(s) dict_keys(['data_extraction']) retrieved from /opt/airflow/dags/2nddag.py
[2023-03-03T13:46:17.305+0000] {logging_mixin.py:137} INFO - [2023-03-03T13:46:17.304+0000] {dag.py:2690} INFO - Sync 1 DAGs
[2023-03-03T13:46:17.328+0000] {logging_mixin.py:137} INFO - [2023-03-03T13:46:17.327+0000] {dag.py:3441} INFO - Setting next_dagrun for data_extraction to 2023-03-02T00:00:00+00:00, run_after=2023-03-03T00:00:00+00:00
[2023-03-03T13:46:17.346+0000] {processor.py:175} INFO - Processing /opt/airflow/dags/2nddag.py took 0.084 seconds
[2023-03-03T13:46:47.532+0000] {processor.py:153} INFO - Started process (PID=2079) to work on /opt/airflow/dags/2nddag.py
[2023-03-03T13:46:47.533+0000] {processor.py:743} INFO - Processing file /opt/airflow/dags/2nddag.py for tasks to queue
[2023-03-03T13:46:47.533+0000] {logging_mixin.py:137} INFO - [2023-03-03T13:46:47.533+0000] {dagbag.py:538} INFO - Filling up the DagBag from /opt/airflow/dags/2nddag.py
[2023-03-03T13:46:47.544+0000] {processor.py:753} INFO - DAG(s) dict_keys(['data_extraction']) retrieved from /opt/airflow/dags/2nddag.py
[2023-03-03T13:46:47.565+0000] {logging_mixin.py:137} INFO - [2023-03-03T13:46:47.565+0000] {dag.py:2690} INFO - Sync 1 DAGs
[2023-03-03T13:46:47.590+0000] {logging_mixin.py:137} INFO - [2023-03-03T13:46:47.590+0000] {dag.py:3441} INFO - Setting next_dagrun for data_extraction to 2023-03-02T00:00:00+00:00, run_after=2023-03-03T00:00:00+00:00
[2023-03-03T13:46:47.608+0000] {processor.py:175} INFO - Processing /opt/airflow/dags/2nddag.py took 0.078 seconds
[2023-03-03T13:47:17.783+0000] {processor.py:153} INFO - Started process (PID=2121) to work on /opt/airflow/dags/2nddag.py
[2023-03-03T13:47:17.783+0000] {processor.py:743} INFO - Processing file /opt/airflow/dags/2nddag.py for tasks to queue
[2023-03-03T13:47:17.784+0000] {logging_mixin.py:137} INFO - [2023-03-03T13:47:17.784+0000] {dagbag.py:538} INFO - Filling up the DagBag from /opt/airflow/dags/2nddag.py
[2023-03-03T13:47:17.797+0000] {processor.py:753} INFO - DAG(s) dict_keys(['data_extraction']) retrieved from /opt/airflow/dags/2nddag.py
[2023-03-03T13:47:17.818+0000] {logging_mixin.py:137} INFO - [2023-03-03T13:47:17.818+0000] {dag.py:2690} INFO - Sync 1 DAGs
[2023-03-03T13:47:17.844+0000] {logging_mixin.py:137} INFO - [2023-03-03T13:47:17.844+0000] {dag.py:3441} INFO - Setting next_dagrun for data_extraction to 2023-03-02T00:00:00+00:00, run_after=2023-03-03T00:00:00+00:00
[2023-03-03T13:47:17.863+0000] {processor.py:175} INFO - Processing /opt/airflow/dags/2nddag.py took 0.082 seconds
[2023-03-03T13:47:48.032+0000] {processor.py:153} INFO - Started process (PID=2183) to work on /opt/airflow/dags/2nddag.py
[2023-03-03T13:47:48.039+0000] {processor.py:743} INFO - Processing file /opt/airflow/dags/2nddag.py for tasks to queue
[2023-03-03T13:47:48.039+0000] {logging_mixin.py:137} INFO - [2023-03-03T13:47:48.039+0000] {dagbag.py:538} INFO - Filling up the DagBag from /opt/airflow/dags/2nddag.py
[2023-03-03T13:47:48.053+0000] {processor.py:753} INFO - DAG(s) dict_keys(['data_extraction']) retrieved from /opt/airflow/dags/2nddag.py
[2023-03-03T13:47:48.074+0000] {logging_mixin.py:137} INFO - [2023-03-03T13:47:48.074+0000] {dag.py:2690} INFO - Sync 1 DAGs
[2023-03-03T13:47:48.098+0000] {logging_mixin.py:137} INFO - [2023-03-03T13:47:48.098+0000] {dag.py:3441} INFO - Setting next_dagrun for data_extraction to 2023-03-02T00:00:00+00:00, run_after=2023-03-03T00:00:00+00:00
[2023-03-03T13:47:48.115+0000] {processor.py:175} INFO - Processing /opt/airflow/dags/2nddag.py took 0.085 seconds
[2023-03-03T13:48:18.283+0000] {processor.py:153} INFO - Started process (PID=2225) to work on /opt/airflow/dags/2nddag.py
[2023-03-03T13:48:18.283+0000] {processor.py:743} INFO - Processing file /opt/airflow/dags/2nddag.py for tasks to queue
[2023-03-03T13:48:18.284+0000] {logging_mixin.py:137} INFO - [2023-03-03T13:48:18.284+0000] {dagbag.py:538} INFO - Filling up the DagBag from /opt/airflow/dags/2nddag.py
[2023-03-03T13:48:18.295+0000] {processor.py:753} INFO - DAG(s) dict_keys(['data_extraction']) retrieved from /opt/airflow/dags/2nddag.py
[2023-03-03T13:48:18.315+0000] {logging_mixin.py:137} INFO - [2023-03-03T13:48:18.315+0000] {dag.py:2690} INFO - Sync 1 DAGs
[2023-03-03T13:48:18.337+0000] {logging_mixin.py:137} INFO - [2023-03-03T13:48:18.337+0000] {dag.py:3441} INFO - Setting next_dagrun for data_extraction to 2023-03-02T00:00:00+00:00, run_after=2023-03-03T00:00:00+00:00
[2023-03-03T13:48:18.353+0000] {processor.py:175} INFO - Processing /opt/airflow/dags/2nddag.py took 0.072 seconds
[2023-03-03T13:48:48.523+0000] {processor.py:153} INFO - Started process (PID=2287) to work on /opt/airflow/dags/2nddag.py
[2023-03-03T13:48:48.524+0000] {processor.py:743} INFO - Processing file /opt/airflow/dags/2nddag.py for tasks to queue
[2023-03-03T13:48:48.524+0000] {logging_mixin.py:137} INFO - [2023-03-03T13:48:48.524+0000] {dagbag.py:538} INFO - Filling up the DagBag from /opt/airflow/dags/2nddag.py
[2023-03-03T13:48:48.535+0000] {processor.py:753} INFO - DAG(s) dict_keys(['data_extraction']) retrieved from /opt/airflow/dags/2nddag.py
[2023-03-03T13:48:48.554+0000] {logging_mixin.py:137} INFO - [2023-03-03T13:48:48.554+0000] {dag.py:2690} INFO - Sync 1 DAGs
[2023-03-03T13:48:48.576+0000] {logging_mixin.py:137} INFO - [2023-03-03T13:48:48.576+0000] {dag.py:3441} INFO - Setting next_dagrun for data_extraction to 2023-03-02T00:00:00+00:00, run_after=2023-03-03T00:00:00+00:00
[2023-03-03T13:48:48.590+0000] {processor.py:175} INFO - Processing /opt/airflow/dags/2nddag.py took 0.069 seconds
[2023-03-03T13:49:18.754+0000] {processor.py:153} INFO - Started process (PID=2329) to work on /opt/airflow/dags/2nddag.py
[2023-03-03T13:49:18.755+0000] {processor.py:743} INFO - Processing file /opt/airflow/dags/2nddag.py for tasks to queue
[2023-03-03T13:49:18.756+0000] {logging_mixin.py:137} INFO - [2023-03-03T13:49:18.756+0000] {dagbag.py:538} INFO - Filling up the DagBag from /opt/airflow/dags/2nddag.py
[2023-03-03T13:49:18.767+0000] {processor.py:753} INFO - DAG(s) dict_keys(['data_extraction']) retrieved from /opt/airflow/dags/2nddag.py
[2023-03-03T13:49:18.787+0000] {logging_mixin.py:137} INFO - [2023-03-03T13:49:18.787+0000] {dag.py:2690} INFO - Sync 1 DAGs
[2023-03-03T13:49:18.811+0000] {logging_mixin.py:137} INFO - [2023-03-03T13:49:18.811+0000] {dag.py:3441} INFO - Setting next_dagrun for data_extraction to 2023-03-02T00:00:00+00:00, run_after=2023-03-03T00:00:00+00:00
[2023-03-03T13:49:18.829+0000] {processor.py:175} INFO - Processing /opt/airflow/dags/2nddag.py took 0.077 seconds
[2023-03-03T13:49:48.993+0000] {processor.py:153} INFO - Started process (PID=2391) to work on /opt/airflow/dags/2nddag.py
[2023-03-03T13:49:48.999+0000] {processor.py:743} INFO - Processing file /opt/airflow/dags/2nddag.py for tasks to queue
[2023-03-03T13:49:49.000+0000] {logging_mixin.py:137} INFO - [2023-03-03T13:49:49.000+0000] {dagbag.py:538} INFO - Filling up the DagBag from /opt/airflow/dags/2nddag.py
[2023-03-03T13:49:49.013+0000] {processor.py:753} INFO - DAG(s) dict_keys(['data_extraction']) retrieved from /opt/airflow/dags/2nddag.py
[2023-03-03T13:49:49.035+0000] {logging_mixin.py:137} INFO - [2023-03-03T13:49:49.035+0000] {dag.py:2690} INFO - Sync 1 DAGs
[2023-03-03T13:49:49.063+0000] {logging_mixin.py:137} INFO - [2023-03-03T13:49:49.063+0000] {dag.py:3441} INFO - Setting next_dagrun for data_extraction to 2023-03-02T00:00:00+00:00, run_after=2023-03-03T00:00:00+00:00
[2023-03-03T13:49:49.084+0000] {processor.py:175} INFO - Processing /opt/airflow/dags/2nddag.py took 0.094 seconds
[2023-03-03T13:50:19.239+0000] {processor.py:153} INFO - Started process (PID=2433) to work on /opt/airflow/dags/2nddag.py
[2023-03-03T13:50:19.246+0000] {processor.py:743} INFO - Processing file /opt/airflow/dags/2nddag.py for tasks to queue
[2023-03-03T13:50:19.247+0000] {logging_mixin.py:137} INFO - [2023-03-03T13:50:19.247+0000] {dagbag.py:538} INFO - Filling up the DagBag from /opt/airflow/dags/2nddag.py
[2023-03-03T13:50:19.260+0000] {processor.py:753} INFO - DAG(s) dict_keys(['data_extraction']) retrieved from /opt/airflow/dags/2nddag.py
[2023-03-03T13:50:19.283+0000] {logging_mixin.py:137} INFO - [2023-03-03T13:50:19.282+0000] {dag.py:2690} INFO - Sync 1 DAGs
[2023-03-03T13:50:19.307+0000] {logging_mixin.py:137} INFO - [2023-03-03T13:50:19.307+0000] {dag.py:3441} INFO - Setting next_dagrun for data_extraction to 2023-03-02T00:00:00+00:00, run_after=2023-03-03T00:00:00+00:00
[2023-03-03T13:50:19.326+0000] {processor.py:175} INFO - Processing /opt/airflow/dags/2nddag.py took 0.089 seconds
[2023-03-03T13:50:49.511+0000] {processor.py:153} INFO - Started process (PID=2495) to work on /opt/airflow/dags/2nddag.py
[2023-03-03T13:50:49.517+0000] {processor.py:743} INFO - Processing file /opt/airflow/dags/2nddag.py for tasks to queue
[2023-03-03T13:50:49.518+0000] {logging_mixin.py:137} INFO - [2023-03-03T13:50:49.518+0000] {dagbag.py:538} INFO - Filling up the DagBag from /opt/airflow/dags/2nddag.py
[2023-03-03T13:50:49.529+0000] {processor.py:753} INFO - DAG(s) dict_keys(['data_extraction']) retrieved from /opt/airflow/dags/2nddag.py
[2023-03-03T13:50:49.549+0000] {logging_mixin.py:137} INFO - [2023-03-03T13:50:49.549+0000] {dag.py:2690} INFO - Sync 1 DAGs
[2023-03-03T13:50:49.571+0000] {logging_mixin.py:137} INFO - [2023-03-03T13:50:49.571+0000] {dag.py:3441} INFO - Setting next_dagrun for data_extraction to 2023-03-02T00:00:00+00:00, run_after=2023-03-03T00:00:00+00:00
[2023-03-03T13:50:49.589+0000] {processor.py:175} INFO - Processing /opt/airflow/dags/2nddag.py took 0.080 seconds
[2023-03-03T13:51:19.781+0000] {processor.py:153} INFO - Started process (PID=2537) to work on /opt/airflow/dags/2nddag.py
[2023-03-03T13:51:19.788+0000] {processor.py:743} INFO - Processing file /opt/airflow/dags/2nddag.py for tasks to queue
[2023-03-03T13:51:19.789+0000] {logging_mixin.py:137} INFO - [2023-03-03T13:51:19.788+0000] {dagbag.py:538} INFO - Filling up the DagBag from /opt/airflow/dags/2nddag.py
[2023-03-03T13:51:19.801+0000] {processor.py:753} INFO - DAG(s) dict_keys(['data_extraction']) retrieved from /opt/airflow/dags/2nddag.py
[2023-03-03T13:51:19.822+0000] {logging_mixin.py:137} INFO - [2023-03-03T13:51:19.822+0000] {dag.py:2690} INFO - Sync 1 DAGs
[2023-03-03T13:51:19.846+0000] {logging_mixin.py:137} INFO - [2023-03-03T13:51:19.846+0000] {dag.py:3441} INFO - Setting next_dagrun for data_extraction to 2023-03-02T00:00:00+00:00, run_after=2023-03-03T00:00:00+00:00
[2023-03-03T13:51:19.862+0000] {processor.py:175} INFO - Processing /opt/airflow/dags/2nddag.py took 0.084 seconds
[2023-03-03T13:51:50.049+0000] {processor.py:153} INFO - Started process (PID=2601) to work on /opt/airflow/dags/2nddag.py
[2023-03-03T13:51:50.050+0000] {processor.py:743} INFO - Processing file /opt/airflow/dags/2nddag.py for tasks to queue
[2023-03-03T13:51:50.051+0000] {logging_mixin.py:137} INFO - [2023-03-03T13:51:50.050+0000] {dagbag.py:538} INFO - Filling up the DagBag from /opt/airflow/dags/2nddag.py
[2023-03-03T13:51:50.064+0000] {processor.py:753} INFO - DAG(s) dict_keys(['data_extraction']) retrieved from /opt/airflow/dags/2nddag.py
[2023-03-03T13:51:50.108+0000] {logging_mixin.py:137} INFO - [2023-03-03T13:51:50.108+0000] {dag.py:2690} INFO - Sync 1 DAGs
[2023-03-03T13:51:50.132+0000] {logging_mixin.py:137} INFO - [2023-03-03T13:51:50.132+0000] {dag.py:3441} INFO - Setting next_dagrun for data_extraction to 2023-03-02T00:00:00+00:00, run_after=2023-03-03T00:00:00+00:00
[2023-03-03T13:51:50.151+0000] {processor.py:175} INFO - Processing /opt/airflow/dags/2nddag.py took 0.106 seconds
[2023-03-03T13:52:20.288+0000] {processor.py:153} INFO - Started process (PID=2642) to work on /opt/airflow/dags/2nddag.py
[2023-03-03T13:52:20.289+0000] {processor.py:743} INFO - Processing file /opt/airflow/dags/2nddag.py for tasks to queue
[2023-03-03T13:52:20.289+0000] {logging_mixin.py:137} INFO - [2023-03-03T13:52:20.289+0000] {dagbag.py:538} INFO - Filling up the DagBag from /opt/airflow/dags/2nddag.py
[2023-03-03T13:52:20.301+0000] {processor.py:753} INFO - DAG(s) dict_keys(['data_extraction']) retrieved from /opt/airflow/dags/2nddag.py
[2023-03-03T13:52:20.325+0000] {logging_mixin.py:137} INFO - [2023-03-03T13:52:20.325+0000] {dag.py:2690} INFO - Sync 1 DAGs
[2023-03-03T13:52:20.350+0000] {logging_mixin.py:137} INFO - [2023-03-03T13:52:20.349+0000] {dag.py:3441} INFO - Setting next_dagrun for data_extraction to 2023-03-02T00:00:00+00:00, run_after=2023-03-03T00:00:00+00:00
[2023-03-03T13:52:20.367+0000] {processor.py:175} INFO - Processing /opt/airflow/dags/2nddag.py took 0.081 seconds
