[2023-03-03T13:27:07.086+0000] {processor.py:153} INFO - Started process (PID=41) to work on /opt/airflow/dags/api_dag.py
[2023-03-03T13:27:07.086+0000] {processor.py:743} INFO - Processing file /opt/airflow/dags/api_dag.py for tasks to queue
[2023-03-03T13:27:07.087+0000] {logging_mixin.py:137} INFO - [2023-03-03T13:27:07.087+0000] {dagbag.py:538} INFO - Filling up the DagBag from /opt/airflow/dags/api_dag.py
[2023-03-03T13:27:07.205+0000] {processor.py:753} INFO - DAG(s) dict_keys(['ETL_dag']) retrieved from /opt/airflow/dags/api_dag.py
[2023-03-03T13:27:07.354+0000] {logging_mixin.py:137} INFO - [2023-03-03T13:27:07.353+0000] {manager.py:504} INFO - Created Permission View: can read on DAG:ETL_dag
[2023-03-03T13:27:07.362+0000] {logging_mixin.py:137} INFO - [2023-03-03T13:27:07.362+0000] {manager.py:504} INFO - Created Permission View: can edit on DAG:ETL_dag
[2023-03-03T13:27:07.369+0000] {logging_mixin.py:137} INFO - [2023-03-03T13:27:07.369+0000] {manager.py:504} INFO - Created Permission View: can delete on DAG:ETL_dag
[2023-03-03T13:27:07.369+0000] {logging_mixin.py:137} INFO - [2023-03-03T13:27:07.369+0000] {dag.py:2690} INFO - Sync 1 DAGs
[2023-03-03T13:27:07.380+0000] {logging_mixin.py:137} INFO - [2023-03-03T13:27:07.380+0000] {dag.py:2711} INFO - Creating ORM DAG for ETL_dag
[2023-03-03T13:27:07.391+0000] {logging_mixin.py:137} INFO - [2023-03-03T13:27:07.391+0000] {dag.py:3441} INFO - Setting next_dagrun for ETL_dag to 2023-03-02T00:00:00+00:00, run_after=2023-03-03T00:00:00+00:00
[2023-03-03T13:27:07.408+0000] {processor.py:175} INFO - Processing /opt/airflow/dags/api_dag.py took 0.325 seconds
[2023-03-03T13:27:37.445+0000] {processor.py:153} INFO - Started process (PID=103) to work on /opt/airflow/dags/api_dag.py
[2023-03-03T13:27:37.446+0000] {processor.py:743} INFO - Processing file /opt/airflow/dags/api_dag.py for tasks to queue
[2023-03-03T13:27:37.446+0000] {logging_mixin.py:137} INFO - [2023-03-03T13:27:37.446+0000] {dagbag.py:538} INFO - Filling up the DagBag from /opt/airflow/dags/api_dag.py
[2023-03-03T13:27:37.476+0000] {processor.py:753} INFO - DAG(s) dict_keys(['ETL_dag']) retrieved from /opt/airflow/dags/api_dag.py
[2023-03-03T13:27:37.495+0000] {logging_mixin.py:137} INFO - [2023-03-03T13:27:37.495+0000] {dag.py:2690} INFO - Sync 1 DAGs
[2023-03-03T13:27:37.529+0000] {logging_mixin.py:137} INFO - [2023-03-03T13:27:37.529+0000] {dag.py:3441} INFO - Setting next_dagrun for ETL_dag to 2023-03-02T00:00:00+00:00, run_after=2023-03-03T00:00:00+00:00
[2023-03-03T13:27:37.546+0000] {processor.py:175} INFO - Processing /opt/airflow/dags/api_dag.py took 0.103 seconds
[2023-03-03T13:28:07.732+0000] {processor.py:153} INFO - Started process (PID=145) to work on /opt/airflow/dags/api_dag.py
[2023-03-03T13:28:07.733+0000] {processor.py:743} INFO - Processing file /opt/airflow/dags/api_dag.py for tasks to queue
[2023-03-03T13:28:07.733+0000] {logging_mixin.py:137} INFO - [2023-03-03T13:28:07.733+0000] {dagbag.py:538} INFO - Filling up the DagBag from /opt/airflow/dags/api_dag.py
[2023-03-03T13:28:07.760+0000] {processor.py:753} INFO - DAG(s) dict_keys(['ETL_dag']) retrieved from /opt/airflow/dags/api_dag.py
[2023-03-03T13:28:07.784+0000] {logging_mixin.py:137} INFO - [2023-03-03T13:28:07.784+0000] {dag.py:2690} INFO - Sync 1 DAGs
[2023-03-03T13:28:07.818+0000] {logging_mixin.py:137} INFO - [2023-03-03T13:28:07.818+0000] {dag.py:3441} INFO - Setting next_dagrun for ETL_dag to 2023-03-03T00:00:00+00:00, run_after=2023-03-04T00:00:00+00:00
[2023-03-03T13:28:07.840+0000] {processor.py:175} INFO - Processing /opt/airflow/dags/api_dag.py took 0.111 seconds
[2023-03-03T13:28:38.016+0000] {processor.py:153} INFO - Started process (PID=207) to work on /opt/airflow/dags/api_dag.py
[2023-03-03T13:28:38.022+0000] {processor.py:743} INFO - Processing file /opt/airflow/dags/api_dag.py for tasks to queue
[2023-03-03T13:28:38.023+0000] {logging_mixin.py:137} INFO - [2023-03-03T13:28:38.023+0000] {dagbag.py:538} INFO - Filling up the DagBag from /opt/airflow/dags/api_dag.py
[2023-03-03T13:28:38.051+0000] {processor.py:753} INFO - DAG(s) dict_keys(['ETL_dag']) retrieved from /opt/airflow/dags/api_dag.py
[2023-03-03T13:28:38.076+0000] {logging_mixin.py:137} INFO - [2023-03-03T13:28:38.076+0000] {dag.py:2690} INFO - Sync 1 DAGs
[2023-03-03T13:28:38.109+0000] {logging_mixin.py:137} INFO - [2023-03-03T13:28:38.109+0000] {dag.py:3441} INFO - Setting next_dagrun for ETL_dag to 2023-03-03T00:00:00+00:00, run_after=2023-03-04T00:00:00+00:00
[2023-03-03T13:28:38.126+0000] {processor.py:175} INFO - Processing /opt/airflow/dags/api_dag.py took 0.113 seconds
[2023-03-03T13:29:08.299+0000] {processor.py:153} INFO - Started process (PID=249) to work on /opt/airflow/dags/api_dag.py
[2023-03-03T13:29:08.299+0000] {processor.py:743} INFO - Processing file /opt/airflow/dags/api_dag.py for tasks to queue
[2023-03-03T13:29:08.300+0000] {logging_mixin.py:137} INFO - [2023-03-03T13:29:08.300+0000] {dagbag.py:538} INFO - Filling up the DagBag from /opt/airflow/dags/api_dag.py
[2023-03-03T13:29:08.329+0000] {processor.py:753} INFO - DAG(s) dict_keys(['ETL_dag']) retrieved from /opt/airflow/dags/api_dag.py
[2023-03-03T13:29:08.350+0000] {logging_mixin.py:137} INFO - [2023-03-03T13:29:08.350+0000] {dag.py:2690} INFO - Sync 1 DAGs
[2023-03-03T13:29:08.375+0000] {logging_mixin.py:137} INFO - [2023-03-03T13:29:08.375+0000] {dag.py:3441} INFO - Setting next_dagrun for ETL_dag to 2023-03-03T00:00:00+00:00, run_after=2023-03-04T00:00:00+00:00
[2023-03-03T13:29:08.392+0000] {processor.py:175} INFO - Processing /opt/airflow/dags/api_dag.py took 0.095 seconds
[2023-03-03T13:29:38.568+0000] {processor.py:153} INFO - Started process (PID=311) to work on /opt/airflow/dags/api_dag.py
[2023-03-03T13:29:38.574+0000] {processor.py:743} INFO - Processing file /opt/airflow/dags/api_dag.py for tasks to queue
[2023-03-03T13:29:38.575+0000] {logging_mixin.py:137} INFO - [2023-03-03T13:29:38.575+0000] {dagbag.py:538} INFO - Filling up the DagBag from /opt/airflow/dags/api_dag.py
[2023-03-03T13:29:38.602+0000] {processor.py:753} INFO - DAG(s) dict_keys(['ETL_dag']) retrieved from /opt/airflow/dags/api_dag.py
[2023-03-03T13:29:38.620+0000] {logging_mixin.py:137} INFO - [2023-03-03T13:29:38.620+0000] {dag.py:2690} INFO - Sync 1 DAGs
[2023-03-03T13:29:38.645+0000] {logging_mixin.py:137} INFO - [2023-03-03T13:29:38.645+0000] {dag.py:3441} INFO - Setting next_dagrun for ETL_dag to 2023-03-03T00:00:00+00:00, run_after=2023-03-04T00:00:00+00:00
[2023-03-03T13:29:38.661+0000] {processor.py:175} INFO - Processing /opt/airflow/dags/api_dag.py took 0.095 seconds
[2023-03-03T13:30:08.835+0000] {processor.py:153} INFO - Started process (PID=353) to work on /opt/airflow/dags/api_dag.py
[2023-03-03T13:30:08.836+0000] {processor.py:743} INFO - Processing file /opt/airflow/dags/api_dag.py for tasks to queue
[2023-03-03T13:30:08.836+0000] {logging_mixin.py:137} INFO - [2023-03-03T13:30:08.836+0000] {dagbag.py:538} INFO - Filling up the DagBag from /opt/airflow/dags/api_dag.py
[2023-03-03T13:30:08.864+0000] {processor.py:753} INFO - DAG(s) dict_keys(['ETL_dag']) retrieved from /opt/airflow/dags/api_dag.py
[2023-03-03T13:30:08.884+0000] {logging_mixin.py:137} INFO - [2023-03-03T13:30:08.884+0000] {dag.py:2690} INFO - Sync 1 DAGs
[2023-03-03T13:30:08.919+0000] {logging_mixin.py:137} INFO - [2023-03-03T13:30:08.919+0000] {dag.py:3441} INFO - Setting next_dagrun for ETL_dag to 2023-03-03T00:00:00+00:00, run_after=2023-03-04T00:00:00+00:00
[2023-03-03T13:30:08.946+0000] {processor.py:175} INFO - Processing /opt/airflow/dags/api_dag.py took 0.113 seconds
[2023-03-03T13:30:39.133+0000] {processor.py:153} INFO - Started process (PID=414) to work on /opt/airflow/dags/api_dag.py
[2023-03-03T13:30:39.140+0000] {processor.py:743} INFO - Processing file /opt/airflow/dags/api_dag.py for tasks to queue
[2023-03-03T13:30:39.141+0000] {logging_mixin.py:137} INFO - [2023-03-03T13:30:39.140+0000] {dagbag.py:538} INFO - Filling up the DagBag from /opt/airflow/dags/api_dag.py
[2023-03-03T13:30:39.170+0000] {processor.py:753} INFO - DAG(s) dict_keys(['ETL_dag']) retrieved from /opt/airflow/dags/api_dag.py
[2023-03-03T13:30:39.192+0000] {logging_mixin.py:137} INFO - [2023-03-03T13:30:39.191+0000] {dag.py:2690} INFO - Sync 1 DAGs
[2023-03-03T13:30:39.219+0000] {logging_mixin.py:137} INFO - [2023-03-03T13:30:39.219+0000] {dag.py:3441} INFO - Setting next_dagrun for ETL_dag to 2023-03-03T00:00:00+00:00, run_after=2023-03-04T00:00:00+00:00
[2023-03-03T13:30:39.238+0000] {processor.py:175} INFO - Processing /opt/airflow/dags/api_dag.py took 0.108 seconds
[2023-03-03T13:31:09.408+0000] {processor.py:153} INFO - Started process (PID=456) to work on /opt/airflow/dags/api_dag.py
[2023-03-03T13:31:09.408+0000] {processor.py:743} INFO - Processing file /opt/airflow/dags/api_dag.py for tasks to queue
[2023-03-03T13:31:09.409+0000] {logging_mixin.py:137} INFO - [2023-03-03T13:31:09.409+0000] {dagbag.py:538} INFO - Filling up the DagBag from /opt/airflow/dags/api_dag.py
[2023-03-03T13:31:09.436+0000] {processor.py:753} INFO - DAG(s) dict_keys(['ETL_dag']) retrieved from /opt/airflow/dags/api_dag.py
[2023-03-03T13:31:09.455+0000] {logging_mixin.py:137} INFO - [2023-03-03T13:31:09.455+0000] {dag.py:2690} INFO - Sync 1 DAGs
[2023-03-03T13:31:09.479+0000] {logging_mixin.py:137} INFO - [2023-03-03T13:31:09.479+0000] {dag.py:3441} INFO - Setting next_dagrun for ETL_dag to 2023-03-03T00:00:00+00:00, run_after=2023-03-04T00:00:00+00:00
[2023-03-03T13:31:09.498+0000] {processor.py:175} INFO - Processing /opt/airflow/dags/api_dag.py took 0.092 seconds
[2023-03-03T13:31:39.664+0000] {processor.py:153} INFO - Started process (PID=518) to work on /opt/airflow/dags/api_dag.py
[2023-03-03T13:31:39.665+0000] {processor.py:743} INFO - Processing file /opt/airflow/dags/api_dag.py for tasks to queue
[2023-03-03T13:31:39.665+0000] {logging_mixin.py:137} INFO - [2023-03-03T13:31:39.665+0000] {dagbag.py:538} INFO - Filling up the DagBag from /opt/airflow/dags/api_dag.py
[2023-03-03T13:31:39.695+0000] {processor.py:753} INFO - DAG(s) dict_keys(['ETL_dag']) retrieved from /opt/airflow/dags/api_dag.py
[2023-03-03T13:31:39.716+0000] {logging_mixin.py:137} INFO - [2023-03-03T13:31:39.716+0000] {dag.py:2690} INFO - Sync 1 DAGs
[2023-03-03T13:31:39.743+0000] {logging_mixin.py:137} INFO - [2023-03-03T13:31:39.743+0000] {dag.py:3441} INFO - Setting next_dagrun for ETL_dag to 2023-03-03T00:00:00+00:00, run_after=2023-03-04T00:00:00+00:00
[2023-03-03T13:31:39.762+0000] {processor.py:175} INFO - Processing /opt/airflow/dags/api_dag.py took 0.101 seconds
[2023-03-03T13:32:09.959+0000] {processor.py:153} INFO - Started process (PID=560) to work on /opt/airflow/dags/api_dag.py
[2023-03-03T13:32:09.960+0000] {processor.py:743} INFO - Processing file /opt/airflow/dags/api_dag.py for tasks to queue
[2023-03-03T13:32:09.961+0000] {logging_mixin.py:137} INFO - [2023-03-03T13:32:09.961+0000] {dagbag.py:538} INFO - Filling up the DagBag from /opt/airflow/dags/api_dag.py
[2023-03-03T13:32:09.988+0000] {processor.py:753} INFO - DAG(s) dict_keys(['ETL_dag']) retrieved from /opt/airflow/dags/api_dag.py
[2023-03-03T13:32:10.012+0000] {logging_mixin.py:137} INFO - [2023-03-03T13:32:10.012+0000] {dag.py:2690} INFO - Sync 1 DAGs
[2023-03-03T13:32:10.039+0000] {logging_mixin.py:137} INFO - [2023-03-03T13:32:10.039+0000] {dag.py:3441} INFO - Setting next_dagrun for ETL_dag to 2023-03-03T00:00:00+00:00, run_after=2023-03-04T00:00:00+00:00
[2023-03-03T13:32:10.059+0000] {processor.py:175} INFO - Processing /opt/airflow/dags/api_dag.py took 0.101 seconds
[2023-03-03T13:32:40.132+0000] {processor.py:153} INFO - Started process (PID=622) to work on /opt/airflow/dags/api_dag.py
[2023-03-03T13:32:40.132+0000] {processor.py:743} INFO - Processing file /opt/airflow/dags/api_dag.py for tasks to queue
[2023-03-03T13:32:40.133+0000] {logging_mixin.py:137} INFO - [2023-03-03T13:32:40.133+0000] {dagbag.py:538} INFO - Filling up the DagBag from /opt/airflow/dags/api_dag.py
[2023-03-03T13:32:40.160+0000] {processor.py:753} INFO - DAG(s) dict_keys(['ETL_dag']) retrieved from /opt/airflow/dags/api_dag.py
[2023-03-03T13:32:40.182+0000] {logging_mixin.py:137} INFO - [2023-03-03T13:32:40.182+0000] {dag.py:2690} INFO - Sync 1 DAGs
[2023-03-03T13:32:40.210+0000] {logging_mixin.py:137} INFO - [2023-03-03T13:32:40.210+0000] {dag.py:3441} INFO - Setting next_dagrun for ETL_dag to 2023-03-03T00:00:00+00:00, run_after=2023-03-04T00:00:00+00:00
[2023-03-03T13:32:40.227+0000] {processor.py:175} INFO - Processing /opt/airflow/dags/api_dag.py took 0.097 seconds
[2023-03-03T13:33:10.371+0000] {processor.py:153} INFO - Started process (PID=664) to work on /opt/airflow/dags/api_dag.py
[2023-03-03T13:33:10.378+0000] {processor.py:743} INFO - Processing file /opt/airflow/dags/api_dag.py for tasks to queue
[2023-03-03T13:33:10.379+0000] {logging_mixin.py:137} INFO - [2023-03-03T13:33:10.378+0000] {dagbag.py:538} INFO - Filling up the DagBag from /opt/airflow/dags/api_dag.py
[2023-03-03T13:33:10.407+0000] {processor.py:753} INFO - DAG(s) dict_keys(['ETL_dag']) retrieved from /opt/airflow/dags/api_dag.py
[2023-03-03T13:33:10.427+0000] {logging_mixin.py:137} INFO - [2023-03-03T13:33:10.427+0000] {dag.py:2690} INFO - Sync 1 DAGs
[2023-03-03T13:33:10.451+0000] {logging_mixin.py:137} INFO - [2023-03-03T13:33:10.451+0000] {dag.py:3441} INFO - Setting next_dagrun for ETL_dag to 2023-03-03T00:00:00+00:00, run_after=2023-03-04T00:00:00+00:00
[2023-03-03T13:33:10.472+0000] {processor.py:175} INFO - Processing /opt/airflow/dags/api_dag.py took 0.104 seconds
[2023-03-03T13:33:40.640+0000] {processor.py:153} INFO - Started process (PID=726) to work on /opt/airflow/dags/api_dag.py
[2023-03-03T13:33:40.640+0000] {processor.py:743} INFO - Processing file /opt/airflow/dags/api_dag.py for tasks to queue
[2023-03-03T13:33:40.641+0000] {logging_mixin.py:137} INFO - [2023-03-03T13:33:40.641+0000] {dagbag.py:538} INFO - Filling up the DagBag from /opt/airflow/dags/api_dag.py
[2023-03-03T13:33:40.672+0000] {processor.py:753} INFO - DAG(s) dict_keys(['ETL_dag']) retrieved from /opt/airflow/dags/api_dag.py
[2023-03-03T13:33:40.697+0000] {logging_mixin.py:137} INFO - [2023-03-03T13:33:40.697+0000] {dag.py:2690} INFO - Sync 1 DAGs
[2023-03-03T13:33:40.728+0000] {logging_mixin.py:137} INFO - [2023-03-03T13:33:40.728+0000] {dag.py:3441} INFO - Setting next_dagrun for ETL_dag to 2023-03-03T00:00:00+00:00, run_after=2023-03-04T00:00:00+00:00
[2023-03-03T13:33:40.750+0000] {processor.py:175} INFO - Processing /opt/airflow/dags/api_dag.py took 0.113 seconds
[2023-03-03T13:34:10.936+0000] {processor.py:153} INFO - Started process (PID=768) to work on /opt/airflow/dags/api_dag.py
[2023-03-03T13:34:10.936+0000] {processor.py:743} INFO - Processing file /opt/airflow/dags/api_dag.py for tasks to queue
[2023-03-03T13:34:10.937+0000] {logging_mixin.py:137} INFO - [2023-03-03T13:34:10.937+0000] {dagbag.py:538} INFO - Filling up the DagBag from /opt/airflow/dags/api_dag.py
[2023-03-03T13:34:10.963+0000] {processor.py:753} INFO - DAG(s) dict_keys(['ETL_dag']) retrieved from /opt/airflow/dags/api_dag.py
[2023-03-03T13:34:10.982+0000] {logging_mixin.py:137} INFO - [2023-03-03T13:34:10.982+0000] {dag.py:2690} INFO - Sync 1 DAGs
[2023-03-03T13:34:11.007+0000] {logging_mixin.py:137} INFO - [2023-03-03T13:34:11.007+0000] {dag.py:3441} INFO - Setting next_dagrun for ETL_dag to 2023-03-03T00:00:00+00:00, run_after=2023-03-04T00:00:00+00:00
[2023-03-03T13:34:11.024+0000] {processor.py:175} INFO - Processing /opt/airflow/dags/api_dag.py took 0.091 seconds
[2023-03-03T13:34:41.197+0000] {processor.py:153} INFO - Started process (PID=830) to work on /opt/airflow/dags/api_dag.py
[2023-03-03T13:34:41.203+0000] {processor.py:743} INFO - Processing file /opt/airflow/dags/api_dag.py for tasks to queue
[2023-03-03T13:34:41.204+0000] {logging_mixin.py:137} INFO - [2023-03-03T13:34:41.204+0000] {dagbag.py:538} INFO - Filling up the DagBag from /opt/airflow/dags/api_dag.py
[2023-03-03T13:34:41.231+0000] {processor.py:753} INFO - DAG(s) dict_keys(['ETL_dag']) retrieved from /opt/airflow/dags/api_dag.py
[2023-03-03T13:34:41.250+0000] {logging_mixin.py:137} INFO - [2023-03-03T13:34:41.250+0000] {dag.py:2690} INFO - Sync 1 DAGs
[2023-03-03T13:34:41.275+0000] {logging_mixin.py:137} INFO - [2023-03-03T13:34:41.275+0000] {dag.py:3441} INFO - Setting next_dagrun for ETL_dag to 2023-03-03T00:00:00+00:00, run_after=2023-03-04T00:00:00+00:00
[2023-03-03T13:34:41.297+0000] {processor.py:175} INFO - Processing /opt/airflow/dags/api_dag.py took 0.103 seconds
[2023-03-03T13:35:11.458+0000] {processor.py:153} INFO - Started process (PID=871) to work on /opt/airflow/dags/api_dag.py
[2023-03-03T13:35:11.459+0000] {processor.py:743} INFO - Processing file /opt/airflow/dags/api_dag.py for tasks to queue
[2023-03-03T13:35:11.459+0000] {logging_mixin.py:137} INFO - [2023-03-03T13:35:11.459+0000] {dagbag.py:538} INFO - Filling up the DagBag from /opt/airflow/dags/api_dag.py
[2023-03-03T13:35:11.489+0000] {processor.py:753} INFO - DAG(s) dict_keys(['ETL_dag']) retrieved from /opt/airflow/dags/api_dag.py
[2023-03-03T13:35:11.510+0000] {logging_mixin.py:137} INFO - [2023-03-03T13:35:11.510+0000] {dag.py:2690} INFO - Sync 1 DAGs
[2023-03-03T13:35:11.536+0000] {logging_mixin.py:137} INFO - [2023-03-03T13:35:11.536+0000] {dag.py:3441} INFO - Setting next_dagrun for ETL_dag to 2023-03-03T00:00:00+00:00, run_after=2023-03-04T00:00:00+00:00
[2023-03-03T13:35:11.554+0000] {processor.py:175} INFO - Processing /opt/airflow/dags/api_dag.py took 0.099 seconds
[2023-03-03T13:35:41.732+0000] {processor.py:153} INFO - Started process (PID=933) to work on /opt/airflow/dags/api_dag.py
[2023-03-03T13:35:41.739+0000] {processor.py:743} INFO - Processing file /opt/airflow/dags/api_dag.py for tasks to queue
[2023-03-03T13:35:41.740+0000] {logging_mixin.py:137} INFO - [2023-03-03T13:35:41.740+0000] {dagbag.py:538} INFO - Filling up the DagBag from /opt/airflow/dags/api_dag.py
[2023-03-03T13:35:41.769+0000] {processor.py:753} INFO - DAG(s) dict_keys(['ETL_dag']) retrieved from /opt/airflow/dags/api_dag.py
[2023-03-03T13:35:41.790+0000] {logging_mixin.py:137} INFO - [2023-03-03T13:35:41.790+0000] {dag.py:2690} INFO - Sync 1 DAGs
[2023-03-03T13:35:41.814+0000] {logging_mixin.py:137} INFO - [2023-03-03T13:35:41.814+0000] {dag.py:3441} INFO - Setting next_dagrun for ETL_dag to 2023-03-03T00:00:00+00:00, run_after=2023-03-04T00:00:00+00:00
[2023-03-03T13:35:41.832+0000] {processor.py:175} INFO - Processing /opt/airflow/dags/api_dag.py took 0.102 seconds
[2023-03-03T13:36:12.015+0000] {processor.py:153} INFO - Started process (PID=975) to work on /opt/airflow/dags/api_dag.py
[2023-03-03T13:36:12.022+0000] {processor.py:743} INFO - Processing file /opt/airflow/dags/api_dag.py for tasks to queue
[2023-03-03T13:36:12.022+0000] {logging_mixin.py:137} INFO - [2023-03-03T13:36:12.022+0000] {dagbag.py:538} INFO - Filling up the DagBag from /opt/airflow/dags/api_dag.py
[2023-03-03T13:36:12.051+0000] {processor.py:753} INFO - DAG(s) dict_keys(['ETL_dag']) retrieved from /opt/airflow/dags/api_dag.py
[2023-03-03T13:36:12.071+0000] {logging_mixin.py:137} INFO - [2023-03-03T13:36:12.071+0000] {dag.py:2690} INFO - Sync 1 DAGs
[2023-03-03T13:36:12.095+0000] {logging_mixin.py:137} INFO - [2023-03-03T13:36:12.095+0000] {dag.py:3441} INFO - Setting next_dagrun for ETL_dag to 2023-03-03T00:00:00+00:00, run_after=2023-03-04T00:00:00+00:00
[2023-03-03T13:36:12.112+0000] {processor.py:175} INFO - Processing /opt/airflow/dags/api_dag.py took 0.099 seconds
[2023-03-03T13:36:42.284+0000] {processor.py:153} INFO - Started process (PID=1037) to work on /opt/airflow/dags/api_dag.py
[2023-03-03T13:36:42.291+0000] {processor.py:743} INFO - Processing file /opt/airflow/dags/api_dag.py for tasks to queue
[2023-03-03T13:36:42.292+0000] {logging_mixin.py:137} INFO - [2023-03-03T13:36:42.292+0000] {dagbag.py:538} INFO - Filling up the DagBag from /opt/airflow/dags/api_dag.py
[2023-03-03T13:36:42.320+0000] {processor.py:753} INFO - DAG(s) dict_keys(['ETL_dag']) retrieved from /opt/airflow/dags/api_dag.py
[2023-03-03T13:36:42.341+0000] {logging_mixin.py:137} INFO - [2023-03-03T13:36:42.341+0000] {dag.py:2690} INFO - Sync 1 DAGs
[2023-03-03T13:36:42.367+0000] {logging_mixin.py:137} INFO - [2023-03-03T13:36:42.366+0000] {dag.py:3441} INFO - Setting next_dagrun for ETL_dag to 2023-03-03T00:00:00+00:00, run_after=2023-03-04T00:00:00+00:00
[2023-03-03T13:36:42.386+0000] {processor.py:175} INFO - Processing /opt/airflow/dags/api_dag.py took 0.104 seconds
[2023-03-03T13:37:12.589+0000] {processor.py:153} INFO - Started process (PID=1079) to work on /opt/airflow/dags/api_dag.py
[2023-03-03T13:37:12.596+0000] {processor.py:743} INFO - Processing file /opt/airflow/dags/api_dag.py for tasks to queue
[2023-03-03T13:37:12.597+0000] {logging_mixin.py:137} INFO - [2023-03-03T13:37:12.597+0000] {dagbag.py:538} INFO - Filling up the DagBag from /opt/airflow/dags/api_dag.py
[2023-03-03T13:37:12.627+0000] {processor.py:753} INFO - DAG(s) dict_keys(['ETL_dag']) retrieved from /opt/airflow/dags/api_dag.py
[2023-03-03T13:37:12.648+0000] {logging_mixin.py:137} INFO - [2023-03-03T13:37:12.647+0000] {dag.py:2690} INFO - Sync 1 DAGs
[2023-03-03T13:37:12.674+0000] {logging_mixin.py:137} INFO - [2023-03-03T13:37:12.674+0000] {dag.py:3441} INFO - Setting next_dagrun for ETL_dag to 2023-03-03T00:00:00+00:00, run_after=2023-03-04T00:00:00+00:00
[2023-03-03T13:37:12.699+0000] {processor.py:175} INFO - Processing /opt/airflow/dags/api_dag.py took 0.112 seconds
[2023-03-03T13:37:42.856+0000] {processor.py:153} INFO - Started process (PID=1141) to work on /opt/airflow/dags/api_dag.py
[2023-03-03T13:37:42.862+0000] {processor.py:743} INFO - Processing file /opt/airflow/dags/api_dag.py for tasks to queue
[2023-03-03T13:37:42.863+0000] {logging_mixin.py:137} INFO - [2023-03-03T13:37:42.863+0000] {dagbag.py:538} INFO - Filling up the DagBag from /opt/airflow/dags/api_dag.py
[2023-03-03T13:37:42.891+0000] {processor.py:753} INFO - DAG(s) dict_keys(['ETL_dag']) retrieved from /opt/airflow/dags/api_dag.py
[2023-03-03T13:37:42.911+0000] {logging_mixin.py:137} INFO - [2023-03-03T13:37:42.911+0000] {dag.py:2690} INFO - Sync 1 DAGs
[2023-03-03T13:37:42.935+0000] {logging_mixin.py:137} INFO - [2023-03-03T13:37:42.935+0000] {dag.py:3441} INFO - Setting next_dagrun for ETL_dag to 2023-03-03T00:00:00+00:00, run_after=2023-03-04T00:00:00+00:00
[2023-03-03T13:37:42.952+0000] {processor.py:175} INFO - Processing /opt/airflow/dags/api_dag.py took 0.099 seconds
[2023-03-03T13:38:13.107+0000] {processor.py:153} INFO - Started process (PID=1183) to work on /opt/airflow/dags/api_dag.py
[2023-03-03T13:38:13.114+0000] {processor.py:743} INFO - Processing file /opt/airflow/dags/api_dag.py for tasks to queue
[2023-03-03T13:38:13.115+0000] {logging_mixin.py:137} INFO - [2023-03-03T13:38:13.115+0000] {dagbag.py:538} INFO - Filling up the DagBag from /opt/airflow/dags/api_dag.py
[2023-03-03T13:38:13.144+0000] {processor.py:753} INFO - DAG(s) dict_keys(['ETL_dag']) retrieved from /opt/airflow/dags/api_dag.py
[2023-03-03T13:38:13.165+0000] {logging_mixin.py:137} INFO - [2023-03-03T13:38:13.165+0000] {dag.py:2690} INFO - Sync 1 DAGs
[2023-03-03T13:38:13.191+0000] {logging_mixin.py:137} INFO - [2023-03-03T13:38:13.191+0000] {dag.py:3441} INFO - Setting next_dagrun for ETL_dag to 2023-03-03T00:00:00+00:00, run_after=2023-03-04T00:00:00+00:00
[2023-03-03T13:38:13.209+0000] {processor.py:175} INFO - Processing /opt/airflow/dags/api_dag.py took 0.104 seconds
[2023-03-03T13:38:43.378+0000] {processor.py:153} INFO - Started process (PID=1245) to work on /opt/airflow/dags/api_dag.py
[2023-03-03T13:38:43.384+0000] {processor.py:743} INFO - Processing file /opt/airflow/dags/api_dag.py for tasks to queue
[2023-03-03T13:38:43.385+0000] {logging_mixin.py:137} INFO - [2023-03-03T13:38:43.385+0000] {dagbag.py:538} INFO - Filling up the DagBag from /opt/airflow/dags/api_dag.py
[2023-03-03T13:38:43.416+0000] {processor.py:753} INFO - DAG(s) dict_keys(['ETL_dag']) retrieved from /opt/airflow/dags/api_dag.py
[2023-03-03T13:38:43.436+0000] {logging_mixin.py:137} INFO - [2023-03-03T13:38:43.436+0000] {dag.py:2690} INFO - Sync 1 DAGs
[2023-03-03T13:38:43.461+0000] {logging_mixin.py:137} INFO - [2023-03-03T13:38:43.460+0000] {dag.py:3441} INFO - Setting next_dagrun for ETL_dag to 2023-03-03T00:00:00+00:00, run_after=2023-03-04T00:00:00+00:00
[2023-03-03T13:38:43.480+0000] {processor.py:175} INFO - Processing /opt/airflow/dags/api_dag.py took 0.104 seconds
[2023-03-03T13:39:13.651+0000] {processor.py:153} INFO - Started process (PID=1287) to work on /opt/airflow/dags/api_dag.py
[2023-03-03T13:39:13.658+0000] {processor.py:743} INFO - Processing file /opt/airflow/dags/api_dag.py for tasks to queue
[2023-03-03T13:39:13.658+0000] {logging_mixin.py:137} INFO - [2023-03-03T13:39:13.658+0000] {dagbag.py:538} INFO - Filling up the DagBag from /opt/airflow/dags/api_dag.py
[2023-03-03T13:39:13.685+0000] {processor.py:753} INFO - DAG(s) dict_keys(['ETL_dag']) retrieved from /opt/airflow/dags/api_dag.py
[2023-03-03T13:39:13.704+0000] {logging_mixin.py:137} INFO - [2023-03-03T13:39:13.704+0000] {dag.py:2690} INFO - Sync 1 DAGs
[2023-03-03T13:39:13.728+0000] {logging_mixin.py:137} INFO - [2023-03-03T13:39:13.728+0000] {dag.py:3441} INFO - Setting next_dagrun for ETL_dag to 2023-03-03T00:00:00+00:00, run_after=2023-03-04T00:00:00+00:00
[2023-03-03T13:39:13.747+0000] {processor.py:175} INFO - Processing /opt/airflow/dags/api_dag.py took 0.099 seconds
[2023-03-03T13:39:43.918+0000] {processor.py:153} INFO - Started process (PID=1349) to work on /opt/airflow/dags/api_dag.py
[2023-03-03T13:39:43.925+0000] {processor.py:743} INFO - Processing file /opt/airflow/dags/api_dag.py for tasks to queue
[2023-03-03T13:39:43.925+0000] {logging_mixin.py:137} INFO - [2023-03-03T13:39:43.925+0000] {dagbag.py:538} INFO - Filling up the DagBag from /opt/airflow/dags/api_dag.py
[2023-03-03T13:39:43.953+0000] {processor.py:753} INFO - DAG(s) dict_keys(['ETL_dag']) retrieved from /opt/airflow/dags/api_dag.py
[2023-03-03T13:39:43.971+0000] {logging_mixin.py:137} INFO - [2023-03-03T13:39:43.971+0000] {dag.py:2690} INFO - Sync 1 DAGs
[2023-03-03T13:39:43.997+0000] {logging_mixin.py:137} INFO - [2023-03-03T13:39:43.997+0000] {dag.py:3441} INFO - Setting next_dagrun for ETL_dag to 2023-03-03T00:00:00+00:00, run_after=2023-03-04T00:00:00+00:00
[2023-03-03T13:39:44.014+0000] {processor.py:175} INFO - Processing /opt/airflow/dags/api_dag.py took 0.098 seconds
[2023-03-03T13:40:14.184+0000] {processor.py:153} INFO - Started process (PID=1391) to work on /opt/airflow/dags/api_dag.py
[2023-03-03T13:40:14.191+0000] {processor.py:743} INFO - Processing file /opt/airflow/dags/api_dag.py for tasks to queue
[2023-03-03T13:40:14.192+0000] {logging_mixin.py:137} INFO - [2023-03-03T13:40:14.192+0000] {dagbag.py:538} INFO - Filling up the DagBag from /opt/airflow/dags/api_dag.py
[2023-03-03T13:40:14.221+0000] {processor.py:753} INFO - DAG(s) dict_keys(['ETL_dag']) retrieved from /opt/airflow/dags/api_dag.py
[2023-03-03T13:40:14.242+0000] {logging_mixin.py:137} INFO - [2023-03-03T13:40:14.242+0000] {dag.py:2690} INFO - Sync 1 DAGs
[2023-03-03T13:40:14.269+0000] {logging_mixin.py:137} INFO - [2023-03-03T13:40:14.269+0000] {dag.py:3441} INFO - Setting next_dagrun for ETL_dag to 2023-03-03T00:00:00+00:00, run_after=2023-03-04T00:00:00+00:00
[2023-03-03T13:40:14.287+0000] {processor.py:175} INFO - Processing /opt/airflow/dags/api_dag.py took 0.105 seconds
[2023-03-03T13:40:44.459+0000] {processor.py:153} INFO - Started process (PID=1453) to work on /opt/airflow/dags/api_dag.py
[2023-03-03T13:40:44.466+0000] {processor.py:743} INFO - Processing file /opt/airflow/dags/api_dag.py for tasks to queue
[2023-03-03T13:40:44.467+0000] {logging_mixin.py:137} INFO - [2023-03-03T13:40:44.467+0000] {dagbag.py:538} INFO - Filling up the DagBag from /opt/airflow/dags/api_dag.py
[2023-03-03T13:40:44.494+0000] {processor.py:753} INFO - DAG(s) dict_keys(['ETL_dag']) retrieved from /opt/airflow/dags/api_dag.py
[2023-03-03T13:40:44.515+0000] {logging_mixin.py:137} INFO - [2023-03-03T13:40:44.515+0000] {dag.py:2690} INFO - Sync 1 DAGs
[2023-03-03T13:40:44.541+0000] {logging_mixin.py:137} INFO - [2023-03-03T13:40:44.540+0000] {dag.py:3441} INFO - Setting next_dagrun for ETL_dag to 2023-03-03T00:00:00+00:00, run_after=2023-03-04T00:00:00+00:00
[2023-03-03T13:40:44.558+0000] {processor.py:175} INFO - Processing /opt/airflow/dags/api_dag.py took 0.101 seconds
[2023-03-03T13:41:14.727+0000] {processor.py:153} INFO - Started process (PID=1495) to work on /opt/airflow/dags/api_dag.py
[2023-03-03T13:41:14.734+0000] {processor.py:743} INFO - Processing file /opt/airflow/dags/api_dag.py for tasks to queue
[2023-03-03T13:41:14.735+0000] {logging_mixin.py:137} INFO - [2023-03-03T13:41:14.735+0000] {dagbag.py:538} INFO - Filling up the DagBag from /opt/airflow/dags/api_dag.py
[2023-03-03T13:41:14.761+0000] {processor.py:753} INFO - DAG(s) dict_keys(['ETL_dag']) retrieved from /opt/airflow/dags/api_dag.py
[2023-03-03T13:41:14.780+0000] {logging_mixin.py:137} INFO - [2023-03-03T13:41:14.780+0000] {dag.py:2690} INFO - Sync 1 DAGs
[2023-03-03T13:41:14.805+0000] {logging_mixin.py:137} INFO - [2023-03-03T13:41:14.805+0000] {dag.py:3441} INFO - Setting next_dagrun for ETL_dag to 2023-03-03T00:00:00+00:00, run_after=2023-03-04T00:00:00+00:00
[2023-03-03T13:41:14.821+0000] {processor.py:175} INFO - Processing /opt/airflow/dags/api_dag.py took 0.096 seconds
[2023-03-03T13:41:27.889+0000] {processor.py:153} INFO - Started process (PID=1517) to work on /opt/airflow/dags/api_dag.py
[2023-03-03T13:41:27.890+0000] {processor.py:743} INFO - Processing file /opt/airflow/dags/api_dag.py for tasks to queue
[2023-03-03T13:41:27.890+0000] {logging_mixin.py:137} INFO - [2023-03-03T13:41:27.890+0000] {dagbag.py:538} INFO - Filling up the DagBag from /opt/airflow/dags/api_dag.py
[2023-03-03T13:41:27.918+0000] {processor.py:753} INFO - DAG(s) dict_keys(['ETL_dag']) retrieved from /opt/airflow/dags/api_dag.py
[2023-03-03T13:41:27.972+0000] {logging_mixin.py:137} INFO - [2023-03-03T13:41:27.972+0000] {dag.py:2690} INFO - Sync 1 DAGs
[2023-03-03T13:41:27.995+0000] {logging_mixin.py:137} INFO - [2023-03-03T13:41:27.995+0000] {dag.py:3441} INFO - Setting next_dagrun for ETL_dag to 2023-03-03T00:00:00+00:00, run_after=2023-03-04T00:00:00+00:00
[2023-03-03T13:41:28.018+0000] {processor.py:175} INFO - Processing /opt/airflow/dags/api_dag.py took 0.131 seconds
[2023-03-03T13:41:58.055+0000] {processor.py:153} INFO - Started process (PID=1579) to work on /opt/airflow/dags/api_dag.py
[2023-03-03T13:41:58.056+0000] {processor.py:743} INFO - Processing file /opt/airflow/dags/api_dag.py for tasks to queue
[2023-03-03T13:41:58.056+0000] {logging_mixin.py:137} INFO - [2023-03-03T13:41:58.056+0000] {dagbag.py:538} INFO - Filling up the DagBag from /opt/airflow/dags/api_dag.py
[2023-03-03T13:41:58.082+0000] {processor.py:753} INFO - DAG(s) dict_keys(['ETL_dag']) retrieved from /opt/airflow/dags/api_dag.py
[2023-03-03T13:41:58.102+0000] {logging_mixin.py:137} INFO - [2023-03-03T13:41:58.102+0000] {dag.py:2690} INFO - Sync 1 DAGs
[2023-03-03T13:41:58.127+0000] {logging_mixin.py:137} INFO - [2023-03-03T13:41:58.126+0000] {dag.py:3441} INFO - Setting next_dagrun for ETL_dag to 2023-03-03T00:00:00+00:00, run_after=2023-03-04T00:00:00+00:00
[2023-03-03T13:41:58.144+0000] {processor.py:175} INFO - Processing /opt/airflow/dags/api_dag.py took 0.091 seconds
[2023-03-03T13:42:28.343+0000] {processor.py:153} INFO - Started process (PID=1621) to work on /opt/airflow/dags/api_dag.py
[2023-03-03T13:42:28.350+0000] {processor.py:743} INFO - Processing file /opt/airflow/dags/api_dag.py for tasks to queue
[2023-03-03T13:42:28.351+0000] {logging_mixin.py:137} INFO - [2023-03-03T13:42:28.351+0000] {dagbag.py:538} INFO - Filling up the DagBag from /opt/airflow/dags/api_dag.py
[2023-03-03T13:42:28.377+0000] {processor.py:753} INFO - DAG(s) dict_keys(['ETL_dag']) retrieved from /opt/airflow/dags/api_dag.py
[2023-03-03T13:42:28.396+0000] {logging_mixin.py:137} INFO - [2023-03-03T13:42:28.396+0000] {dag.py:2690} INFO - Sync 1 DAGs
[2023-03-03T13:42:28.420+0000] {logging_mixin.py:137} INFO - [2023-03-03T13:42:28.420+0000] {dag.py:3441} INFO - Setting next_dagrun for ETL_dag to 2023-03-03T00:00:00+00:00, run_after=2023-03-04T00:00:00+00:00
[2023-03-03T13:42:28.438+0000] {processor.py:175} INFO - Processing /opt/airflow/dags/api_dag.py took 0.097 seconds
[2023-03-03T13:42:58.611+0000] {processor.py:153} INFO - Started process (PID=1683) to work on /opt/airflow/dags/api_dag.py
[2023-03-03T13:42:58.618+0000] {processor.py:743} INFO - Processing file /opt/airflow/dags/api_dag.py for tasks to queue
[2023-03-03T13:42:58.619+0000] {logging_mixin.py:137} INFO - [2023-03-03T13:42:58.618+0000] {dagbag.py:538} INFO - Filling up the DagBag from /opt/airflow/dags/api_dag.py
[2023-03-03T13:42:58.644+0000] {processor.py:753} INFO - DAG(s) dict_keys(['ETL_dag']) retrieved from /opt/airflow/dags/api_dag.py
[2023-03-03T13:42:58.664+0000] {logging_mixin.py:137} INFO - [2023-03-03T13:42:58.664+0000] {dag.py:2690} INFO - Sync 1 DAGs
[2023-03-03T13:42:58.688+0000] {logging_mixin.py:137} INFO - [2023-03-03T13:42:58.688+0000] {dag.py:3441} INFO - Setting next_dagrun for ETL_dag to 2023-03-03T00:00:00+00:00, run_after=2023-03-04T00:00:00+00:00
[2023-03-03T13:42:58.705+0000] {processor.py:175} INFO - Processing /opt/airflow/dags/api_dag.py took 0.096 seconds
[2023-03-03T13:43:28.884+0000] {processor.py:153} INFO - Started process (PID=1724) to work on /opt/airflow/dags/api_dag.py
[2023-03-03T13:43:28.890+0000] {processor.py:743} INFO - Processing file /opt/airflow/dags/api_dag.py for tasks to queue
[2023-03-03T13:43:28.891+0000] {logging_mixin.py:137} INFO - [2023-03-03T13:43:28.891+0000] {dagbag.py:538} INFO - Filling up the DagBag from /opt/airflow/dags/api_dag.py
[2023-03-03T13:43:28.917+0000] {processor.py:753} INFO - DAG(s) dict_keys(['ETL_dag']) retrieved from /opt/airflow/dags/api_dag.py
[2023-03-03T13:43:28.937+0000] {logging_mixin.py:137} INFO - [2023-03-03T13:43:28.937+0000] {dag.py:2690} INFO - Sync 1 DAGs
[2023-03-03T13:43:28.961+0000] {logging_mixin.py:137} INFO - [2023-03-03T13:43:28.961+0000] {dag.py:3441} INFO - Setting next_dagrun for ETL_dag to 2023-03-03T00:00:00+00:00, run_after=2023-03-04T00:00:00+00:00
[2023-03-03T13:43:28.979+0000] {processor.py:175} INFO - Processing /opt/airflow/dags/api_dag.py took 0.098 seconds
[2023-03-03T13:43:59.156+0000] {processor.py:153} INFO - Started process (PID=1786) to work on /opt/airflow/dags/api_dag.py
[2023-03-03T13:43:59.163+0000] {processor.py:743} INFO - Processing file /opt/airflow/dags/api_dag.py for tasks to queue
[2023-03-03T13:43:59.164+0000] {logging_mixin.py:137} INFO - [2023-03-03T13:43:59.163+0000] {dagbag.py:538} INFO - Filling up the DagBag from /opt/airflow/dags/api_dag.py
[2023-03-03T13:43:59.190+0000] {processor.py:753} INFO - DAG(s) dict_keys(['ETL_dag']) retrieved from /opt/airflow/dags/api_dag.py
[2023-03-03T13:43:59.208+0000] {logging_mixin.py:137} INFO - [2023-03-03T13:43:59.208+0000] {dag.py:2690} INFO - Sync 1 DAGs
[2023-03-03T13:43:59.230+0000] {logging_mixin.py:137} INFO - [2023-03-03T13:43:59.230+0000] {dag.py:3441} INFO - Setting next_dagrun for ETL_dag to 2023-03-03T00:00:00+00:00, run_after=2023-03-04T00:00:00+00:00
[2023-03-03T13:43:59.247+0000] {processor.py:175} INFO - Processing /opt/airflow/dags/api_dag.py took 0.093 seconds
[2023-03-03T13:44:29.412+0000] {processor.py:153} INFO - Started process (PID=1828) to work on /opt/airflow/dags/api_dag.py
[2023-03-03T13:44:29.419+0000] {processor.py:743} INFO - Processing file /opt/airflow/dags/api_dag.py for tasks to queue
[2023-03-03T13:44:29.420+0000] {logging_mixin.py:137} INFO - [2023-03-03T13:44:29.420+0000] {dagbag.py:538} INFO - Filling up the DagBag from /opt/airflow/dags/api_dag.py
[2023-03-03T13:44:29.449+0000] {processor.py:753} INFO - DAG(s) dict_keys(['ETL_dag']) retrieved from /opt/airflow/dags/api_dag.py
[2023-03-03T13:44:29.468+0000] {logging_mixin.py:137} INFO - [2023-03-03T13:44:29.468+0000] {dag.py:2690} INFO - Sync 1 DAGs
[2023-03-03T13:44:29.493+0000] {logging_mixin.py:137} INFO - [2023-03-03T13:44:29.493+0000] {dag.py:3441} INFO - Setting next_dagrun for ETL_dag to 2023-03-03T00:00:00+00:00, run_after=2023-03-04T00:00:00+00:00
[2023-03-03T13:44:29.512+0000] {processor.py:175} INFO - Processing /opt/airflow/dags/api_dag.py took 0.102 seconds
[2023-03-03T13:44:59.667+0000] {processor.py:153} INFO - Started process (PID=1891) to work on /opt/airflow/dags/api_dag.py
[2023-03-03T13:44:59.668+0000] {processor.py:743} INFO - Processing file /opt/airflow/dags/api_dag.py for tasks to queue
[2023-03-03T13:44:59.668+0000] {logging_mixin.py:137} INFO - [2023-03-03T13:44:59.668+0000] {dagbag.py:538} INFO - Filling up the DagBag from /opt/airflow/dags/api_dag.py
[2023-03-03T13:44:59.694+0000] {processor.py:753} INFO - DAG(s) dict_keys(['ETL_dag']) retrieved from /opt/airflow/dags/api_dag.py
[2023-03-03T13:44:59.713+0000] {logging_mixin.py:137} INFO - [2023-03-03T13:44:59.712+0000] {dag.py:2690} INFO - Sync 1 DAGs
[2023-03-03T13:44:59.737+0000] {logging_mixin.py:137} INFO - [2023-03-03T13:44:59.736+0000] {dag.py:3441} INFO - Setting next_dagrun for ETL_dag to 2023-03-03T00:00:00+00:00, run_after=2023-03-04T00:00:00+00:00
[2023-03-03T13:44:59.755+0000] {processor.py:175} INFO - Processing /opt/airflow/dags/api_dag.py took 0.089 seconds
[2023-03-03T13:45:29.915+0000] {processor.py:153} INFO - Started process (PID=1933) to work on /opt/airflow/dags/api_dag.py
[2023-03-03T13:45:29.921+0000] {processor.py:743} INFO - Processing file /opt/airflow/dags/api_dag.py for tasks to queue
[2023-03-03T13:45:29.923+0000] {logging_mixin.py:137} INFO - [2023-03-03T13:45:29.923+0000] {dagbag.py:538} INFO - Filling up the DagBag from /opt/airflow/dags/api_dag.py
[2023-03-03T13:45:29.949+0000] {processor.py:753} INFO - DAG(s) dict_keys(['ETL_dag']) retrieved from /opt/airflow/dags/api_dag.py
[2023-03-03T13:45:29.968+0000] {logging_mixin.py:137} INFO - [2023-03-03T13:45:29.967+0000] {dag.py:2690} INFO - Sync 1 DAGs
[2023-03-03T13:45:29.991+0000] {logging_mixin.py:137} INFO - [2023-03-03T13:45:29.991+0000] {dag.py:3441} INFO - Setting next_dagrun for ETL_dag to 2023-03-03T00:00:00+00:00, run_after=2023-03-04T00:00:00+00:00
[2023-03-03T13:45:30.010+0000] {processor.py:175} INFO - Processing /opt/airflow/dags/api_dag.py took 0.098 seconds
[2023-03-03T13:46:00.167+0000] {processor.py:153} INFO - Started process (PID=1996) to work on /opt/airflow/dags/api_dag.py
[2023-03-03T13:46:00.174+0000] {processor.py:743} INFO - Processing file /opt/airflow/dags/api_dag.py for tasks to queue
[2023-03-03T13:46:00.175+0000] {logging_mixin.py:137} INFO - [2023-03-03T13:46:00.174+0000] {dagbag.py:538} INFO - Filling up the DagBag from /opt/airflow/dags/api_dag.py
[2023-03-03T13:46:00.201+0000] {processor.py:753} INFO - DAG(s) dict_keys(['ETL_dag']) retrieved from /opt/airflow/dags/api_dag.py
[2023-03-03T13:46:00.222+0000] {logging_mixin.py:137} INFO - [2023-03-03T13:46:00.221+0000] {dag.py:2690} INFO - Sync 1 DAGs
[2023-03-03T13:46:00.245+0000] {logging_mixin.py:137} INFO - [2023-03-03T13:46:00.245+0000] {dag.py:3441} INFO - Setting next_dagrun for ETL_dag to 2023-03-03T00:00:00+00:00, run_after=2023-03-04T00:00:00+00:00
[2023-03-03T13:46:00.261+0000] {processor.py:175} INFO - Processing /opt/airflow/dags/api_dag.py took 0.096 seconds
[2023-03-03T13:46:30.434+0000] {processor.py:153} INFO - Started process (PID=2038) to work on /opt/airflow/dags/api_dag.py
[2023-03-03T13:46:30.434+0000] {processor.py:743} INFO - Processing file /opt/airflow/dags/api_dag.py for tasks to queue
[2023-03-03T13:46:30.435+0000] {logging_mixin.py:137} INFO - [2023-03-03T13:46:30.434+0000] {dagbag.py:538} INFO - Filling up the DagBag from /opt/airflow/dags/api_dag.py
[2023-03-03T13:46:30.461+0000] {processor.py:753} INFO - DAG(s) dict_keys(['ETL_dag']) retrieved from /opt/airflow/dags/api_dag.py
[2023-03-03T13:46:30.481+0000] {logging_mixin.py:137} INFO - [2023-03-03T13:46:30.481+0000] {dag.py:2690} INFO - Sync 1 DAGs
[2023-03-03T13:46:30.505+0000] {logging_mixin.py:137} INFO - [2023-03-03T13:46:30.505+0000] {dag.py:3441} INFO - Setting next_dagrun for ETL_dag to 2023-03-03T00:00:00+00:00, run_after=2023-03-04T00:00:00+00:00
[2023-03-03T13:46:30.521+0000] {processor.py:175} INFO - Processing /opt/airflow/dags/api_dag.py took 0.090 seconds
[2023-03-03T13:47:00.679+0000] {processor.py:153} INFO - Started process (PID=2100) to work on /opt/airflow/dags/api_dag.py
[2023-03-03T13:47:00.679+0000] {processor.py:743} INFO - Processing file /opt/airflow/dags/api_dag.py for tasks to queue
[2023-03-03T13:47:00.680+0000] {logging_mixin.py:137} INFO - [2023-03-03T13:47:00.680+0000] {dagbag.py:538} INFO - Filling up the DagBag from /opt/airflow/dags/api_dag.py
[2023-03-03T13:47:00.713+0000] {processor.py:753} INFO - DAG(s) dict_keys(['ETL_dag']) retrieved from /opt/airflow/dags/api_dag.py
[2023-03-03T13:47:00.738+0000] {logging_mixin.py:137} INFO - [2023-03-03T13:47:00.738+0000] {dag.py:2690} INFO - Sync 1 DAGs
[2023-03-03T13:47:00.766+0000] {logging_mixin.py:137} INFO - [2023-03-03T13:47:00.766+0000] {dag.py:3441} INFO - Setting next_dagrun for ETL_dag to 2023-03-03T00:00:00+00:00, run_after=2023-03-04T00:00:00+00:00
[2023-03-03T13:47:00.792+0000] {processor.py:175} INFO - Processing /opt/airflow/dags/api_dag.py took 0.115 seconds
[2023-03-03T13:47:30.859+0000] {processor.py:153} INFO - Started process (PID=2142) to work on /opt/airflow/dags/api_dag.py
[2023-03-03T13:47:30.865+0000] {processor.py:743} INFO - Processing file /opt/airflow/dags/api_dag.py for tasks to queue
[2023-03-03T13:47:30.866+0000] {logging_mixin.py:137} INFO - [2023-03-03T13:47:30.866+0000] {dagbag.py:538} INFO - Filling up the DagBag from /opt/airflow/dags/api_dag.py
[2023-03-03T13:47:30.894+0000] {processor.py:753} INFO - DAG(s) dict_keys(['ETL_dag']) retrieved from /opt/airflow/dags/api_dag.py
[2023-03-03T13:47:30.914+0000] {logging_mixin.py:137} INFO - [2023-03-03T13:47:30.914+0000] {dag.py:2690} INFO - Sync 1 DAGs
[2023-03-03T13:47:30.937+0000] {logging_mixin.py:137} INFO - [2023-03-03T13:47:30.937+0000] {dag.py:3441} INFO - Setting next_dagrun for ETL_dag to 2023-03-03T00:00:00+00:00, run_after=2023-03-04T00:00:00+00:00
[2023-03-03T13:47:30.952+0000] {processor.py:175} INFO - Processing /opt/airflow/dags/api_dag.py took 0.096 seconds
[2023-03-03T13:48:01.116+0000] {processor.py:153} INFO - Started process (PID=2204) to work on /opt/airflow/dags/api_dag.py
[2023-03-03T13:48:01.123+0000] {processor.py:743} INFO - Processing file /opt/airflow/dags/api_dag.py for tasks to queue
[2023-03-03T13:48:01.124+0000] {logging_mixin.py:137} INFO - [2023-03-03T13:48:01.124+0000] {dagbag.py:538} INFO - Filling up the DagBag from /opt/airflow/dags/api_dag.py
[2023-03-03T13:48:01.150+0000] {processor.py:753} INFO - DAG(s) dict_keys(['ETL_dag']) retrieved from /opt/airflow/dags/api_dag.py
[2023-03-03T13:48:01.171+0000] {logging_mixin.py:137} INFO - [2023-03-03T13:48:01.171+0000] {dag.py:2690} INFO - Sync 1 DAGs
[2023-03-03T13:48:01.195+0000] {logging_mixin.py:137} INFO - [2023-03-03T13:48:01.195+0000] {dag.py:3441} INFO - Setting next_dagrun for ETL_dag to 2023-03-03T00:00:00+00:00, run_after=2023-03-04T00:00:00+00:00
[2023-03-03T13:48:01.212+0000] {processor.py:175} INFO - Processing /opt/airflow/dags/api_dag.py took 0.098 seconds
[2023-03-03T13:48:31.376+0000] {processor.py:153} INFO - Started process (PID=2246) to work on /opt/airflow/dags/api_dag.py
[2023-03-03T13:48:31.376+0000] {processor.py:743} INFO - Processing file /opt/airflow/dags/api_dag.py for tasks to queue
[2023-03-03T13:48:31.377+0000] {logging_mixin.py:137} INFO - [2023-03-03T13:48:31.377+0000] {dagbag.py:538} INFO - Filling up the DagBag from /opt/airflow/dags/api_dag.py
[2023-03-03T13:48:31.402+0000] {processor.py:753} INFO - DAG(s) dict_keys(['ETL_dag']) retrieved from /opt/airflow/dags/api_dag.py
[2023-03-03T13:48:31.421+0000] {logging_mixin.py:137} INFO - [2023-03-03T13:48:31.421+0000] {dag.py:2690} INFO - Sync 1 DAGs
[2023-03-03T13:48:31.446+0000] {logging_mixin.py:137} INFO - [2023-03-03T13:48:31.446+0000] {dag.py:3441} INFO - Setting next_dagrun for ETL_dag to 2023-03-03T00:00:00+00:00, run_after=2023-03-04T00:00:00+00:00
[2023-03-03T13:48:31.462+0000] {processor.py:175} INFO - Processing /opt/airflow/dags/api_dag.py took 0.088 seconds
[2023-03-03T13:49:01.621+0000] {processor.py:153} INFO - Started process (PID=2308) to work on /opt/airflow/dags/api_dag.py
[2023-03-03T13:49:01.628+0000] {processor.py:743} INFO - Processing file /opt/airflow/dags/api_dag.py for tasks to queue
[2023-03-03T13:49:01.629+0000] {logging_mixin.py:137} INFO - [2023-03-03T13:49:01.629+0000] {dagbag.py:538} INFO - Filling up the DagBag from /opt/airflow/dags/api_dag.py
[2023-03-03T13:49:01.657+0000] {processor.py:753} INFO - DAG(s) dict_keys(['ETL_dag']) retrieved from /opt/airflow/dags/api_dag.py
[2023-03-03T13:49:01.677+0000] {logging_mixin.py:137} INFO - [2023-03-03T13:49:01.676+0000] {dag.py:2690} INFO - Sync 1 DAGs
[2023-03-03T13:49:01.701+0000] {logging_mixin.py:137} INFO - [2023-03-03T13:49:01.701+0000] {dag.py:3441} INFO - Setting next_dagrun for ETL_dag to 2023-03-03T00:00:00+00:00, run_after=2023-03-04T00:00:00+00:00
[2023-03-03T13:49:01.718+0000] {processor.py:175} INFO - Processing /opt/airflow/dags/api_dag.py took 0.099 seconds
[2023-03-03T13:49:31.887+0000] {processor.py:153} INFO - Started process (PID=2350) to work on /opt/airflow/dags/api_dag.py
[2023-03-03T13:49:31.894+0000] {processor.py:743} INFO - Processing file /opt/airflow/dags/api_dag.py for tasks to queue
[2023-03-03T13:49:31.895+0000] {logging_mixin.py:137} INFO - [2023-03-03T13:49:31.895+0000] {dagbag.py:538} INFO - Filling up the DagBag from /opt/airflow/dags/api_dag.py
[2023-03-03T13:49:31.921+0000] {processor.py:753} INFO - DAG(s) dict_keys(['ETL_dag']) retrieved from /opt/airflow/dags/api_dag.py
[2023-03-03T13:49:31.941+0000] {logging_mixin.py:137} INFO - [2023-03-03T13:49:31.941+0000] {dag.py:2690} INFO - Sync 1 DAGs
[2023-03-03T13:49:31.966+0000] {logging_mixin.py:137} INFO - [2023-03-03T13:49:31.966+0000] {dag.py:3441} INFO - Setting next_dagrun for ETL_dag to 2023-03-03T00:00:00+00:00, run_after=2023-03-04T00:00:00+00:00
[2023-03-03T13:49:31.983+0000] {processor.py:175} INFO - Processing /opt/airflow/dags/api_dag.py took 0.098 seconds
[2023-03-03T13:50:02.131+0000] {processor.py:153} INFO - Started process (PID=2412) to work on /opt/airflow/dags/api_dag.py
[2023-03-03T13:50:02.138+0000] {processor.py:743} INFO - Processing file /opt/airflow/dags/api_dag.py for tasks to queue
[2023-03-03T13:50:02.138+0000] {logging_mixin.py:137} INFO - [2023-03-03T13:50:02.138+0000] {dagbag.py:538} INFO - Filling up the DagBag from /opt/airflow/dags/api_dag.py
[2023-03-03T13:50:02.164+0000] {processor.py:753} INFO - DAG(s) dict_keys(['ETL_dag']) retrieved from /opt/airflow/dags/api_dag.py
[2023-03-03T13:50:02.185+0000] {logging_mixin.py:137} INFO - [2023-03-03T13:50:02.184+0000] {dag.py:2690} INFO - Sync 1 DAGs
[2023-03-03T13:50:02.209+0000] {logging_mixin.py:137} INFO - [2023-03-03T13:50:02.209+0000] {dag.py:3441} INFO - Setting next_dagrun for ETL_dag to 2023-03-03T00:00:00+00:00, run_after=2023-03-04T00:00:00+00:00
[2023-03-03T13:50:02.227+0000] {processor.py:175} INFO - Processing /opt/airflow/dags/api_dag.py took 0.098 seconds
[2023-03-03T13:50:32.389+0000] {processor.py:153} INFO - Started process (PID=2454) to work on /opt/airflow/dags/api_dag.py
[2023-03-03T13:50:32.396+0000] {processor.py:743} INFO - Processing file /opt/airflow/dags/api_dag.py for tasks to queue
[2023-03-03T13:50:32.396+0000] {logging_mixin.py:137} INFO - [2023-03-03T13:50:32.396+0000] {dagbag.py:538} INFO - Filling up the DagBag from /opt/airflow/dags/api_dag.py
[2023-03-03T13:50:32.422+0000] {processor.py:753} INFO - DAG(s) dict_keys(['ETL_dag']) retrieved from /opt/airflow/dags/api_dag.py
[2023-03-03T13:50:32.443+0000] {logging_mixin.py:137} INFO - [2023-03-03T13:50:32.443+0000] {dag.py:2690} INFO - Sync 1 DAGs
[2023-03-03T13:50:32.468+0000] {logging_mixin.py:137} INFO - [2023-03-03T13:50:32.468+0000] {dag.py:3441} INFO - Setting next_dagrun for ETL_dag to 2023-03-03T00:00:00+00:00, run_after=2023-03-04T00:00:00+00:00
[2023-03-03T13:50:32.485+0000] {processor.py:175} INFO - Processing /opt/airflow/dags/api_dag.py took 0.099 seconds
[2023-03-03T13:51:02.648+0000] {processor.py:153} INFO - Started process (PID=2516) to work on /opt/airflow/dags/api_dag.py
[2023-03-03T13:51:02.654+0000] {processor.py:743} INFO - Processing file /opt/airflow/dags/api_dag.py for tasks to queue
[2023-03-03T13:51:02.655+0000] {logging_mixin.py:137} INFO - [2023-03-03T13:51:02.655+0000] {dagbag.py:538} INFO - Filling up the DagBag from /opt/airflow/dags/api_dag.py
[2023-03-03T13:51:02.681+0000] {processor.py:753} INFO - DAG(s) dict_keys(['ETL_dag']) retrieved from /opt/airflow/dags/api_dag.py
[2023-03-03T13:51:02.702+0000] {logging_mixin.py:137} INFO - [2023-03-03T13:51:02.702+0000] {dag.py:2690} INFO - Sync 1 DAGs
[2023-03-03T13:51:02.727+0000] {logging_mixin.py:137} INFO - [2023-03-03T13:51:02.726+0000] {dag.py:3441} INFO - Setting next_dagrun for ETL_dag to 2023-03-03T00:00:00+00:00, run_after=2023-03-04T00:00:00+00:00
[2023-03-03T13:51:02.745+0000] {processor.py:175} INFO - Processing /opt/airflow/dags/api_dag.py took 0.100 seconds
[2023-03-03T13:51:32.904+0000] {processor.py:153} INFO - Started process (PID=2558) to work on /opt/airflow/dags/api_dag.py
[2023-03-03T13:51:32.905+0000] {processor.py:743} INFO - Processing file /opt/airflow/dags/api_dag.py for tasks to queue
[2023-03-03T13:51:32.906+0000] {logging_mixin.py:137} INFO - [2023-03-03T13:51:32.906+0000] {dagbag.py:538} INFO - Filling up the DagBag from /opt/airflow/dags/api_dag.py
[2023-03-03T13:51:32.935+0000] {processor.py:753} INFO - DAG(s) dict_keys(['ETL_dag']) retrieved from /opt/airflow/dags/api_dag.py
[2023-03-03T13:51:32.955+0000] {logging_mixin.py:137} INFO - [2023-03-03T13:51:32.955+0000] {dag.py:2690} INFO - Sync 1 DAGs
[2023-03-03T13:51:32.981+0000] {logging_mixin.py:137} INFO - [2023-03-03T13:51:32.981+0000] {dag.py:3441} INFO - Setting next_dagrun for ETL_dag to 2023-03-03T00:00:00+00:00, run_after=2023-03-04T00:00:00+00:00
[2023-03-03T13:51:33.000+0000] {processor.py:175} INFO - Processing /opt/airflow/dags/api_dag.py took 0.099 seconds
[2023-03-03T13:51:49.024+0000] {processor.py:153} INFO - Started process (PID=2599) to work on /opt/airflow/dags/api_dag.py
[2023-03-03T13:51:49.031+0000] {processor.py:743} INFO - Processing file /opt/airflow/dags/api_dag.py for tasks to queue
[2023-03-03T13:51:49.032+0000] {logging_mixin.py:137} INFO - [2023-03-03T13:51:49.032+0000] {dagbag.py:538} INFO - Filling up the DagBag from /opt/airflow/dags/api_dag.py
[2023-03-03T13:51:49.034+0000] {logging_mixin.py:137} INFO - [2023-03-03T13:51:49.033+0000] {dagbag.py:343} ERROR - Failed to import: /opt/airflow/dags/api_dag.py
Traceback (most recent call last):
  File "/home/airflow/.local/lib/python3.7/site-packages/airflow/models/dagbag.py", line 339, in parse
    loader.exec_module(new_module)
  File "<frozen importlib._bootstrap_external>", line 724, in exec_module
  File "<frozen importlib._bootstrap_external>", line 860, in get_code
  File "<frozen importlib._bootstrap_external>", line 791, in source_to_code
  File "<frozen importlib._bootstrap>", line 219, in _call_with_frames_removed
  File "/opt/airflow/dags/api_dag.py", line 62
    response_filter=lambda response: json.loads(response.text),
                  ^
SyntaxError: invalid syntax
[2023-03-03T13:51:49.034+0000] {processor.py:755} WARNING - No viable dags retrieved from /opt/airflow/dags/api_dag.py
[2023-03-03T13:51:49.050+0000] {processor.py:175} INFO - Processing /opt/airflow/dags/api_dag.py took 0.029 seconds
[2023-03-03T13:51:50.038+0000] {processor.py:153} INFO - Started process (PID=2600) to work on /opt/airflow/dags/api_dag.py
[2023-03-03T13:51:50.039+0000] {processor.py:743} INFO - Processing file /opt/airflow/dags/api_dag.py for tasks to queue
[2023-03-03T13:51:50.040+0000] {logging_mixin.py:137} INFO - [2023-03-03T13:51:50.039+0000] {dagbag.py:538} INFO - Filling up the DagBag from /opt/airflow/dags/api_dag.py
[2023-03-03T13:51:50.042+0000] {logging_mixin.py:137} INFO - [2023-03-03T13:51:50.041+0000] {dagbag.py:343} ERROR - Failed to import: /opt/airflow/dags/api_dag.py
Traceback (most recent call last):
  File "/home/airflow/.local/lib/python3.7/site-packages/airflow/models/dagbag.py", line 339, in parse
    loader.exec_module(new_module)
  File "<frozen importlib._bootstrap_external>", line 724, in exec_module
  File "<frozen importlib._bootstrap_external>", line 860, in get_code
  File "<frozen importlib._bootstrap_external>", line 791, in source_to_code
  File "<frozen importlib._bootstrap>", line 219, in _call_with_frames_removed
  File "/opt/airflow/dags/api_dag.py", line 62
    response_filter=lambda response: json.loads(response.text),
                  ^
SyntaxError: invalid syntax
[2023-03-03T13:51:50.042+0000] {processor.py:755} WARNING - No viable dags retrieved from /opt/airflow/dags/api_dag.py
[2023-03-03T13:51:50.062+0000] {processor.py:175} INFO - Processing /opt/airflow/dags/api_dag.py took 0.027 seconds
