[2023-03-03T13:57:11.174+0000] {processor.py:153} INFO - Started process (PID=3132) to work on /opt/airflow/dags/ETL_dag.py
[2023-03-03T13:57:11.174+0000] {processor.py:743} INFO - Processing file /opt/airflow/dags/ETL_dag.py for tasks to queue
[2023-03-03T13:57:11.175+0000] {logging_mixin.py:137} INFO - [2023-03-03T13:57:11.175+0000] {dagbag.py:538} INFO - Filling up the DagBag from /opt/airflow/dags/ETL_dag.py
[2023-03-03T13:57:11.208+0000] {processor.py:753} INFO - DAG(s) dict_keys(['ETL_dag']) retrieved from /opt/airflow/dags/ETL_dag.py
[2023-03-03T13:57:11.262+0000] {logging_mixin.py:137} INFO - [2023-03-03T13:57:11.262+0000] {dag.py:2690} INFO - Sync 1 DAGs
[2023-03-03T13:57:11.286+0000] {logging_mixin.py:137} INFO - [2023-03-03T13:57:11.286+0000] {dag.py:3441} INFO - Setting next_dagrun for ETL_dag to 2023-03-03T00:00:00+00:00, run_after=2023-03-04T00:00:00+00:00
[2023-03-03T13:57:11.306+0000] {processor.py:175} INFO - Processing /opt/airflow/dags/ETL_dag.py took 0.135 seconds
[2023-03-03T13:57:25.268+0000] {processor.py:153} INFO - Started process (PID=3154) to work on /opt/airflow/dags/ETL_dag.py
[2023-03-03T13:57:25.269+0000] {processor.py:743} INFO - Processing file /opt/airflow/dags/ETL_dag.py for tasks to queue
[2023-03-03T13:57:25.269+0000] {logging_mixin.py:137} INFO - [2023-03-03T13:57:25.269+0000] {dagbag.py:538} INFO - Filling up the DagBag from /opt/airflow/dags/ETL_dag.py
[2023-03-03T13:57:25.297+0000] {processor.py:753} INFO - DAG(s) dict_keys(['ETL_dag']) retrieved from /opt/airflow/dags/ETL_dag.py
[2023-03-03T13:57:25.308+0000] {logging_mixin.py:137} INFO - [2023-03-03T13:57:25.308+0000] {dag.py:2690} INFO - Sync 1 DAGs
[2023-03-03T13:57:25.332+0000] {logging_mixin.py:137} INFO - [2023-03-03T13:57:25.332+0000] {dag.py:3441} INFO - Setting next_dagrun for ETL_dag to 2023-03-03T00:00:00+00:00, run_after=2023-03-04T00:00:00+00:00
[2023-03-03T13:57:25.351+0000] {processor.py:175} INFO - Processing /opt/airflow/dags/ETL_dag.py took 0.085 seconds
[2023-03-03T13:57:26.365+0000] {processor.py:153} INFO - Started process (PID=3164) to work on /opt/airflow/dags/ETL_dag.py
[2023-03-03T13:57:26.366+0000] {processor.py:743} INFO - Processing file /opt/airflow/dags/ETL_dag.py for tasks to queue
[2023-03-03T13:57:26.366+0000] {logging_mixin.py:137} INFO - [2023-03-03T13:57:26.366+0000] {dagbag.py:538} INFO - Filling up the DagBag from /opt/airflow/dags/ETL_dag.py
[2023-03-03T13:57:26.396+0000] {processor.py:753} INFO - DAG(s) dict_keys(['ETL_dag']) retrieved from /opt/airflow/dags/ETL_dag.py
[2023-03-03T13:57:26.409+0000] {logging_mixin.py:137} INFO - [2023-03-03T13:57:26.409+0000] {dag.py:2690} INFO - Sync 1 DAGs
[2023-03-03T13:57:26.437+0000] {logging_mixin.py:137} INFO - [2023-03-03T13:57:26.437+0000] {dag.py:3441} INFO - Setting next_dagrun for ETL_dag to 2023-03-03T00:00:00+00:00, run_after=2023-03-04T00:00:00+00:00
[2023-03-03T13:57:26.463+0000] {processor.py:175} INFO - Processing /opt/airflow/dags/ETL_dag.py took 0.102 seconds
[2023-03-03T13:57:27.383+0000] {processor.py:153} INFO - Started process (PID=3176) to work on /opt/airflow/dags/ETL_dag.py
[2023-03-03T13:57:27.384+0000] {processor.py:743} INFO - Processing file /opt/airflow/dags/ETL_dag.py for tasks to queue
[2023-03-03T13:57:27.385+0000] {logging_mixin.py:137} INFO - [2023-03-03T13:57:27.385+0000] {dagbag.py:538} INFO - Filling up the DagBag from /opt/airflow/dags/ETL_dag.py
[2023-03-03T13:57:27.415+0000] {processor.py:753} INFO - DAG(s) dict_keys(['ETL_dag']) retrieved from /opt/airflow/dags/ETL_dag.py
[2023-03-03T13:57:27.429+0000] {logging_mixin.py:137} INFO - [2023-03-03T13:57:27.429+0000] {dag.py:2690} INFO - Sync 1 DAGs
[2023-03-03T13:57:27.457+0000] {logging_mixin.py:137} INFO - [2023-03-03T13:57:27.457+0000] {dag.py:3441} INFO - Setting next_dagrun for ETL_dag to 2023-03-03T00:00:00+00:00, run_after=2023-03-04T00:00:00+00:00
[2023-03-03T13:57:27.479+0000] {processor.py:175} INFO - Processing /opt/airflow/dags/ETL_dag.py took 0.098 seconds
[2023-03-03T13:57:57.683+0000] {processor.py:153} INFO - Started process (PID=3218) to work on /opt/airflow/dags/ETL_dag.py
[2023-03-03T13:57:57.690+0000] {processor.py:743} INFO - Processing file /opt/airflow/dags/ETL_dag.py for tasks to queue
[2023-03-03T13:57:57.691+0000] {logging_mixin.py:137} INFO - [2023-03-03T13:57:57.691+0000] {dagbag.py:538} INFO - Filling up the DagBag from /opt/airflow/dags/ETL_dag.py
[2023-03-03T13:57:57.718+0000] {processor.py:753} INFO - DAG(s) dict_keys(['ETL_dag']) retrieved from /opt/airflow/dags/ETL_dag.py
[2023-03-03T13:57:57.737+0000] {logging_mixin.py:137} INFO - [2023-03-03T13:57:57.737+0000] {dag.py:2690} INFO - Sync 1 DAGs
[2023-03-03T13:57:57.761+0000] {logging_mixin.py:137} INFO - [2023-03-03T13:57:57.761+0000] {dag.py:3441} INFO - Setting next_dagrun for ETL_dag to 2023-03-03T00:00:00+00:00, run_after=2023-03-04T00:00:00+00:00
[2023-03-03T13:57:57.776+0000] {processor.py:175} INFO - Processing /opt/airflow/dags/ETL_dag.py took 0.095 seconds
[2023-03-03T13:58:27.943+0000] {processor.py:153} INFO - Started process (PID=3280) to work on /opt/airflow/dags/ETL_dag.py
[2023-03-03T13:58:27.950+0000] {processor.py:743} INFO - Processing file /opt/airflow/dags/ETL_dag.py for tasks to queue
[2023-03-03T13:58:27.951+0000] {logging_mixin.py:137} INFO - [2023-03-03T13:58:27.951+0000] {dagbag.py:538} INFO - Filling up the DagBag from /opt/airflow/dags/ETL_dag.py
[2023-03-03T13:58:27.978+0000] {processor.py:753} INFO - DAG(s) dict_keys(['ETL_dag']) retrieved from /opt/airflow/dags/ETL_dag.py
[2023-03-03T13:58:27.999+0000] {logging_mixin.py:137} INFO - [2023-03-03T13:58:27.999+0000] {dag.py:2690} INFO - Sync 1 DAGs
[2023-03-03T13:58:28.024+0000] {logging_mixin.py:137} INFO - [2023-03-03T13:58:28.024+0000] {dag.py:3441} INFO - Setting next_dagrun for ETL_dag to 2023-03-03T00:00:00+00:00, run_after=2023-03-04T00:00:00+00:00
[2023-03-03T13:58:28.043+0000] {processor.py:175} INFO - Processing /opt/airflow/dags/ETL_dag.py took 0.102 seconds
[2023-03-03T13:58:48.132+0000] {processor.py:153} INFO - Started process (PID=3301) to work on /opt/airflow/dags/ETL_dag.py
[2023-03-03T13:58:48.139+0000] {processor.py:743} INFO - Processing file /opt/airflow/dags/ETL_dag.py for tasks to queue
[2023-03-03T13:58:48.140+0000] {logging_mixin.py:137} INFO - [2023-03-03T13:58:48.140+0000] {dagbag.py:538} INFO - Filling up the DagBag from /opt/airflow/dags/ETL_dag.py
[2023-03-03T13:58:48.167+0000] {processor.py:753} INFO - DAG(s) dict_keys(['ETL_dag']) retrieved from /opt/airflow/dags/ETL_dag.py
[2023-03-03T13:58:48.185+0000] {logging_mixin.py:137} INFO - [2023-03-03T13:58:48.185+0000] {dag.py:2690} INFO - Sync 1 DAGs
[2023-03-03T13:58:48.208+0000] {logging_mixin.py:137} INFO - [2023-03-03T13:58:48.207+0000] {dag.py:3441} INFO - Setting next_dagrun for ETL_dag to 2023-03-03T00:00:00+00:00, run_after=2023-03-04T00:00:00+00:00
[2023-03-03T13:58:48.224+0000] {processor.py:175} INFO - Processing /opt/airflow/dags/ETL_dag.py took 0.094 seconds
[2023-03-03T13:59:18.410+0000] {processor.py:153} INFO - Started process (PID=3363) to work on /opt/airflow/dags/ETL_dag.py
[2023-03-03T13:59:18.417+0000] {processor.py:743} INFO - Processing file /opt/airflow/dags/ETL_dag.py for tasks to queue
[2023-03-03T13:59:18.418+0000] {logging_mixin.py:137} INFO - [2023-03-03T13:59:18.418+0000] {dagbag.py:538} INFO - Filling up the DagBag from /opt/airflow/dags/ETL_dag.py
[2023-03-03T13:59:18.446+0000] {processor.py:753} INFO - DAG(s) dict_keys(['ETL_dag']) retrieved from /opt/airflow/dags/ETL_dag.py
[2023-03-03T13:59:18.466+0000] {logging_mixin.py:137} INFO - [2023-03-03T13:59:18.466+0000] {dag.py:2690} INFO - Sync 1 DAGs
[2023-03-03T13:59:18.489+0000] {logging_mixin.py:137} INFO - [2023-03-03T13:59:18.489+0000] {dag.py:3441} INFO - Setting next_dagrun for ETL_dag to 2023-03-03T00:00:00+00:00, run_after=2023-03-04T00:00:00+00:00
[2023-03-03T13:59:18.505+0000] {processor.py:175} INFO - Processing /opt/airflow/dags/ETL_dag.py took 0.098 seconds
[2023-03-03T13:59:48.687+0000] {processor.py:153} INFO - Started process (PID=3405) to work on /opt/airflow/dags/ETL_dag.py
[2023-03-03T13:59:48.694+0000] {processor.py:743} INFO - Processing file /opt/airflow/dags/ETL_dag.py for tasks to queue
[2023-03-03T13:59:48.695+0000] {logging_mixin.py:137} INFO - [2023-03-03T13:59:48.695+0000] {dagbag.py:538} INFO - Filling up the DagBag from /opt/airflow/dags/ETL_dag.py
[2023-03-03T13:59:48.721+0000] {processor.py:753} INFO - DAG(s) dict_keys(['ETL_dag']) retrieved from /opt/airflow/dags/ETL_dag.py
[2023-03-03T13:59:48.741+0000] {logging_mixin.py:137} INFO - [2023-03-03T13:59:48.741+0000] {dag.py:2690} INFO - Sync 1 DAGs
[2023-03-03T13:59:48.766+0000] {logging_mixin.py:137} INFO - [2023-03-03T13:59:48.766+0000] {dag.py:3441} INFO - Setting next_dagrun for ETL_dag to 2023-03-03T00:00:00+00:00, run_after=2023-03-04T00:00:00+00:00
[2023-03-03T13:59:48.783+0000] {processor.py:175} INFO - Processing /opt/airflow/dags/ETL_dag.py took 0.098 seconds
[2023-03-03T14:00:13.845+0000] {processor.py:153} INFO - Started process (PID=3447) to work on /opt/airflow/dags/ETL_dag.py
[2023-03-03T14:00:13.852+0000] {processor.py:743} INFO - Processing file /opt/airflow/dags/ETL_dag.py for tasks to queue
[2023-03-03T14:00:13.852+0000] {logging_mixin.py:137} INFO - [2023-03-03T14:00:13.852+0000] {dagbag.py:538} INFO - Filling up the DagBag from /opt/airflow/dags/ETL_dag.py
[2023-03-03T14:00:13.879+0000] {processor.py:753} INFO - DAG(s) dict_keys(['ETL_dag']) retrieved from /opt/airflow/dags/ETL_dag.py
[2023-03-03T14:00:13.898+0000] {logging_mixin.py:137} INFO - [2023-03-03T14:00:13.898+0000] {dag.py:2690} INFO - Sync 1 DAGs
[2023-03-03T14:00:13.920+0000] {logging_mixin.py:137} INFO - [2023-03-03T14:00:13.920+0000] {dag.py:3441} INFO - Setting next_dagrun for ETL_dag to 2023-03-03T00:00:00+00:00, run_after=2023-03-04T00:00:00+00:00
[2023-03-03T14:00:13.936+0000] {processor.py:175} INFO - Processing /opt/airflow/dags/ETL_dag.py took 0.093 seconds
[2023-03-03T14:00:14.923+0000] {processor.py:153} INFO - Started process (PID=3448) to work on /opt/airflow/dags/ETL_dag.py
[2023-03-03T14:00:14.924+0000] {processor.py:743} INFO - Processing file /opt/airflow/dags/ETL_dag.py for tasks to queue
[2023-03-03T14:00:14.924+0000] {logging_mixin.py:137} INFO - [2023-03-03T14:00:14.924+0000] {dagbag.py:538} INFO - Filling up the DagBag from /opt/airflow/dags/ETL_dag.py
[2023-03-03T14:00:14.951+0000] {processor.py:753} INFO - DAG(s) dict_keys(['ETL_dag']) retrieved from /opt/airflow/dags/ETL_dag.py
[2023-03-03T14:00:14.972+0000] {logging_mixin.py:137} INFO - [2023-03-03T14:00:14.971+0000] {dag.py:2690} INFO - Sync 1 DAGs
[2023-03-03T14:00:14.996+0000] {logging_mixin.py:137} INFO - [2023-03-03T14:00:14.996+0000] {dag.py:3441} INFO - Setting next_dagrun for ETL_dag to 2023-03-03T00:00:00+00:00, run_after=2023-03-04T00:00:00+00:00
[2023-03-03T14:00:15.014+0000] {processor.py:175} INFO - Processing /opt/airflow/dags/ETL_dag.py took 0.093 seconds
[2023-03-03T14:00:45.187+0000] {processor.py:153} INFO - Started process (PID=3510) to work on /opt/airflow/dags/ETL_dag.py
[2023-03-03T14:00:45.188+0000] {processor.py:743} INFO - Processing file /opt/airflow/dags/ETL_dag.py for tasks to queue
[2023-03-03T14:00:45.188+0000] {logging_mixin.py:137} INFO - [2023-03-03T14:00:45.188+0000] {dagbag.py:538} INFO - Filling up the DagBag from /opt/airflow/dags/ETL_dag.py
[2023-03-03T14:00:45.214+0000] {processor.py:753} INFO - DAG(s) dict_keys(['ETL_dag']) retrieved from /opt/airflow/dags/ETL_dag.py
[2023-03-03T14:00:45.234+0000] {logging_mixin.py:137} INFO - [2023-03-03T14:00:45.234+0000] {dag.py:2690} INFO - Sync 1 DAGs
[2023-03-03T14:00:45.258+0000] {logging_mixin.py:137} INFO - [2023-03-03T14:00:45.258+0000] {dag.py:3441} INFO - Setting next_dagrun for ETL_dag to 2023-03-03T00:00:00+00:00, run_after=2023-03-04T00:00:00+00:00
[2023-03-03T14:00:45.277+0000] {processor.py:175} INFO - Processing /opt/airflow/dags/ETL_dag.py took 0.092 seconds
[2023-03-03T14:01:15.458+0000] {processor.py:153} INFO - Started process (PID=3552) to work on /opt/airflow/dags/ETL_dag.py
[2023-03-03T14:01:15.458+0000] {processor.py:743} INFO - Processing file /opt/airflow/dags/ETL_dag.py for tasks to queue
[2023-03-03T14:01:15.459+0000] {logging_mixin.py:137} INFO - [2023-03-03T14:01:15.459+0000] {dagbag.py:538} INFO - Filling up the DagBag from /opt/airflow/dags/ETL_dag.py
[2023-03-03T14:01:15.486+0000] {processor.py:753} INFO - DAG(s) dict_keys(['ETL_dag']) retrieved from /opt/airflow/dags/ETL_dag.py
[2023-03-03T14:01:15.508+0000] {logging_mixin.py:137} INFO - [2023-03-03T14:01:15.508+0000] {dag.py:2690} INFO - Sync 1 DAGs
[2023-03-03T14:01:15.533+0000] {logging_mixin.py:137} INFO - [2023-03-03T14:01:15.533+0000] {dag.py:3441} INFO - Setting next_dagrun for ETL_dag to 2023-03-03T00:00:00+00:00, run_after=2023-03-04T00:00:00+00:00
[2023-03-03T14:01:15.550+0000] {processor.py:175} INFO - Processing /opt/airflow/dags/ETL_dag.py took 0.094 seconds
[2023-03-03T14:01:45.720+0000] {processor.py:153} INFO - Started process (PID=3614) to work on /opt/airflow/dags/ETL_dag.py
[2023-03-03T14:01:45.727+0000] {processor.py:743} INFO - Processing file /opt/airflow/dags/ETL_dag.py for tasks to queue
[2023-03-03T14:01:45.727+0000] {logging_mixin.py:137} INFO - [2023-03-03T14:01:45.727+0000] {dagbag.py:538} INFO - Filling up the DagBag from /opt/airflow/dags/ETL_dag.py
[2023-03-03T14:01:45.754+0000] {processor.py:753} INFO - DAG(s) dict_keys(['ETL_dag']) retrieved from /opt/airflow/dags/ETL_dag.py
[2023-03-03T14:01:45.774+0000] {logging_mixin.py:137} INFO - [2023-03-03T14:01:45.773+0000] {dag.py:2690} INFO - Sync 1 DAGs
[2023-03-03T14:01:45.799+0000] {logging_mixin.py:137} INFO - [2023-03-03T14:01:45.799+0000] {dag.py:3441} INFO - Setting next_dagrun for ETL_dag to 2023-03-03T00:00:00+00:00, run_after=2023-03-04T00:00:00+00:00
[2023-03-03T14:01:45.816+0000] {processor.py:175} INFO - Processing /opt/airflow/dags/ETL_dag.py took 0.098 seconds
[2023-03-03T14:02:16.004+0000] {processor.py:153} INFO - Started process (PID=3656) to work on /opt/airflow/dags/ETL_dag.py
[2023-03-03T14:02:16.011+0000] {processor.py:743} INFO - Processing file /opt/airflow/dags/ETL_dag.py for tasks to queue
[2023-03-03T14:02:16.012+0000] {logging_mixin.py:137} INFO - [2023-03-03T14:02:16.012+0000] {dagbag.py:538} INFO - Filling up the DagBag from /opt/airflow/dags/ETL_dag.py
[2023-03-03T14:02:16.039+0000] {processor.py:753} INFO - DAG(s) dict_keys(['ETL_dag']) retrieved from /opt/airflow/dags/ETL_dag.py
[2023-03-03T14:02:16.059+0000] {logging_mixin.py:137} INFO - [2023-03-03T14:02:16.059+0000] {dag.py:2690} INFO - Sync 1 DAGs
[2023-03-03T14:02:16.082+0000] {logging_mixin.py:137} INFO - [2023-03-03T14:02:16.082+0000] {dag.py:3441} INFO - Setting next_dagrun for ETL_dag to 2023-03-03T00:00:00+00:00, run_after=2023-03-04T00:00:00+00:00
[2023-03-03T14:02:16.102+0000] {processor.py:175} INFO - Processing /opt/airflow/dags/ETL_dag.py took 0.100 seconds
[2023-03-03T14:02:46.271+0000] {processor.py:153} INFO - Started process (PID=3718) to work on /opt/airflow/dags/ETL_dag.py
[2023-03-03T14:02:46.279+0000] {processor.py:743} INFO - Processing file /opt/airflow/dags/ETL_dag.py for tasks to queue
[2023-03-03T14:02:46.280+0000] {logging_mixin.py:137} INFO - [2023-03-03T14:02:46.279+0000] {dagbag.py:538} INFO - Filling up the DagBag from /opt/airflow/dags/ETL_dag.py
[2023-03-03T14:02:46.307+0000] {processor.py:753} INFO - DAG(s) dict_keys(['ETL_dag']) retrieved from /opt/airflow/dags/ETL_dag.py
[2023-03-03T14:02:46.327+0000] {logging_mixin.py:137} INFO - [2023-03-03T14:02:46.327+0000] {dag.py:2690} INFO - Sync 1 DAGs
[2023-03-03T14:02:46.353+0000] {logging_mixin.py:137} INFO - [2023-03-03T14:02:46.352+0000] {dag.py:3441} INFO - Setting next_dagrun for ETL_dag to 2023-03-03T00:00:00+00:00, run_after=2023-03-04T00:00:00+00:00
[2023-03-03T14:02:46.370+0000] {processor.py:175} INFO - Processing /opt/airflow/dags/ETL_dag.py took 0.100 seconds
[2023-03-03T14:03:16.537+0000] {processor.py:153} INFO - Started process (PID=3760) to work on /opt/airflow/dags/ETL_dag.py
[2023-03-03T14:03:16.544+0000] {processor.py:743} INFO - Processing file /opt/airflow/dags/ETL_dag.py for tasks to queue
[2023-03-03T14:03:16.545+0000] {logging_mixin.py:137} INFO - [2023-03-03T14:03:16.544+0000] {dagbag.py:538} INFO - Filling up the DagBag from /opt/airflow/dags/ETL_dag.py
[2023-03-03T14:03:16.571+0000] {processor.py:753} INFO - DAG(s) dict_keys(['ETL_dag']) retrieved from /opt/airflow/dags/ETL_dag.py
[2023-03-03T14:03:16.589+0000] {logging_mixin.py:137} INFO - [2023-03-03T14:03:16.589+0000] {dag.py:2690} INFO - Sync 1 DAGs
[2023-03-03T14:03:16.613+0000] {logging_mixin.py:137} INFO - [2023-03-03T14:03:16.613+0000] {dag.py:3441} INFO - Setting next_dagrun for ETL_dag to 2023-03-03T00:00:00+00:00, run_after=2023-03-04T00:00:00+00:00
[2023-03-03T14:03:16.630+0000] {processor.py:175} INFO - Processing /opt/airflow/dags/ETL_dag.py took 0.095 seconds
[2023-03-03T14:03:46.795+0000] {processor.py:153} INFO - Started process (PID=3822) to work on /opt/airflow/dags/ETL_dag.py
[2023-03-03T14:03:46.796+0000] {processor.py:743} INFO - Processing file /opt/airflow/dags/ETL_dag.py for tasks to queue
[2023-03-03T14:03:46.796+0000] {logging_mixin.py:137} INFO - [2023-03-03T14:03:46.796+0000] {dagbag.py:538} INFO - Filling up the DagBag from /opt/airflow/dags/ETL_dag.py
[2023-03-03T14:03:46.823+0000] {processor.py:753} INFO - DAG(s) dict_keys(['ETL_dag']) retrieved from /opt/airflow/dags/ETL_dag.py
[2023-03-03T14:03:46.843+0000] {logging_mixin.py:137} INFO - [2023-03-03T14:03:46.843+0000] {dag.py:2690} INFO - Sync 1 DAGs
[2023-03-03T14:03:46.868+0000] {logging_mixin.py:137} INFO - [2023-03-03T14:03:46.868+0000] {dag.py:3441} INFO - Setting next_dagrun for ETL_dag to 2023-03-03T00:00:00+00:00, run_after=2023-03-04T00:00:00+00:00
[2023-03-03T14:03:46.885+0000] {processor.py:175} INFO - Processing /opt/airflow/dags/ETL_dag.py took 0.092 seconds
[2023-03-03T14:04:17.056+0000] {processor.py:153} INFO - Started process (PID=3864) to work on /opt/airflow/dags/ETL_dag.py
[2023-03-03T14:04:17.063+0000] {processor.py:743} INFO - Processing file /opt/airflow/dags/ETL_dag.py for tasks to queue
[2023-03-03T14:04:17.063+0000] {logging_mixin.py:137} INFO - [2023-03-03T14:04:17.063+0000] {dagbag.py:538} INFO - Filling up the DagBag from /opt/airflow/dags/ETL_dag.py
[2023-03-03T14:04:17.090+0000] {processor.py:753} INFO - DAG(s) dict_keys(['ETL_dag']) retrieved from /opt/airflow/dags/ETL_dag.py
[2023-03-03T14:04:17.115+0000] {logging_mixin.py:137} INFO - [2023-03-03T14:04:17.114+0000] {dag.py:2690} INFO - Sync 1 DAGs
[2023-03-03T14:04:17.141+0000] {logging_mixin.py:137} INFO - [2023-03-03T14:04:17.141+0000] {dag.py:3441} INFO - Setting next_dagrun for ETL_dag to 2023-03-03T00:00:00+00:00, run_after=2023-03-04T00:00:00+00:00
[2023-03-03T14:04:17.157+0000] {processor.py:175} INFO - Processing /opt/airflow/dags/ETL_dag.py took 0.104 seconds
[2023-03-03T14:04:47.335+0000] {processor.py:153} INFO - Started process (PID=3926) to work on /opt/airflow/dags/ETL_dag.py
[2023-03-03T14:04:47.336+0000] {processor.py:743} INFO - Processing file /opt/airflow/dags/ETL_dag.py for tasks to queue
[2023-03-03T14:04:47.336+0000] {logging_mixin.py:137} INFO - [2023-03-03T14:04:47.336+0000] {dagbag.py:538} INFO - Filling up the DagBag from /opt/airflow/dags/ETL_dag.py
[2023-03-03T14:04:47.362+0000] {processor.py:753} INFO - DAG(s) dict_keys(['ETL_dag']) retrieved from /opt/airflow/dags/ETL_dag.py
[2023-03-03T14:04:47.381+0000] {logging_mixin.py:137} INFO - [2023-03-03T14:04:47.381+0000] {dag.py:2690} INFO - Sync 1 DAGs
[2023-03-03T14:04:47.404+0000] {logging_mixin.py:137} INFO - [2023-03-03T14:04:47.404+0000] {dag.py:3441} INFO - Setting next_dagrun for ETL_dag to 2023-03-03T00:00:00+00:00, run_after=2023-03-04T00:00:00+00:00
[2023-03-03T14:04:47.421+0000] {processor.py:175} INFO - Processing /opt/airflow/dags/ETL_dag.py took 0.088 seconds
[2023-03-03T14:05:17.597+0000] {processor.py:153} INFO - Started process (PID=3968) to work on /opt/airflow/dags/ETL_dag.py
[2023-03-03T14:05:17.604+0000] {processor.py:743} INFO - Processing file /opt/airflow/dags/ETL_dag.py for tasks to queue
[2023-03-03T14:05:17.604+0000] {logging_mixin.py:137} INFO - [2023-03-03T14:05:17.604+0000] {dagbag.py:538} INFO - Filling up the DagBag from /opt/airflow/dags/ETL_dag.py
[2023-03-03T14:05:17.630+0000] {processor.py:753} INFO - DAG(s) dict_keys(['ETL_dag']) retrieved from /opt/airflow/dags/ETL_dag.py
[2023-03-03T14:05:17.650+0000] {logging_mixin.py:137} INFO - [2023-03-03T14:05:17.649+0000] {dag.py:2690} INFO - Sync 1 DAGs
[2023-03-03T14:05:17.673+0000] {logging_mixin.py:137} INFO - [2023-03-03T14:05:17.673+0000] {dag.py:3441} INFO - Setting next_dagrun for ETL_dag to 2023-03-03T00:00:00+00:00, run_after=2023-03-04T00:00:00+00:00
[2023-03-03T14:05:17.690+0000] {processor.py:175} INFO - Processing /opt/airflow/dags/ETL_dag.py took 0.096 seconds
[2023-03-03T14:05:47.857+0000] {processor.py:153} INFO - Started process (PID=4030) to work on /opt/airflow/dags/ETL_dag.py
[2023-03-03T14:05:47.864+0000] {processor.py:743} INFO - Processing file /opt/airflow/dags/ETL_dag.py for tasks to queue
[2023-03-03T14:05:47.864+0000] {logging_mixin.py:137} INFO - [2023-03-03T14:05:47.864+0000] {dagbag.py:538} INFO - Filling up the DagBag from /opt/airflow/dags/ETL_dag.py
[2023-03-03T14:05:47.891+0000] {processor.py:753} INFO - DAG(s) dict_keys(['ETL_dag']) retrieved from /opt/airflow/dags/ETL_dag.py
[2023-03-03T14:05:47.910+0000] {logging_mixin.py:137} INFO - [2023-03-03T14:05:47.910+0000] {dag.py:2690} INFO - Sync 1 DAGs
[2023-03-03T14:05:47.935+0000] {logging_mixin.py:137} INFO - [2023-03-03T14:05:47.935+0000] {dag.py:3441} INFO - Setting next_dagrun for ETL_dag to 2023-03-03T00:00:00+00:00, run_after=2023-03-04T00:00:00+00:00
[2023-03-03T14:05:47.950+0000] {processor.py:175} INFO - Processing /opt/airflow/dags/ETL_dag.py took 0.096 seconds
[2023-03-03T14:06:18.135+0000] {processor.py:153} INFO - Started process (PID=4078) to work on /opt/airflow/dags/ETL_dag.py
[2023-03-03T14:06:18.136+0000] {processor.py:743} INFO - Processing file /opt/airflow/dags/ETL_dag.py for tasks to queue
[2023-03-03T14:06:18.136+0000] {logging_mixin.py:137} INFO - [2023-03-03T14:06:18.136+0000] {dagbag.py:538} INFO - Filling up the DagBag from /opt/airflow/dags/ETL_dag.py
[2023-03-03T14:06:18.168+0000] {processor.py:753} INFO - DAG(s) dict_keys(['ETL_dag']) retrieved from /opt/airflow/dags/ETL_dag.py
[2023-03-03T14:06:18.190+0000] {logging_mixin.py:137} INFO - [2023-03-03T14:06:18.190+0000] {dag.py:2690} INFO - Sync 1 DAGs
[2023-03-03T14:06:18.214+0000] {logging_mixin.py:137} INFO - [2023-03-03T14:06:18.214+0000] {dag.py:3441} INFO - Setting next_dagrun for ETL_dag to 2023-03-03T00:00:00+00:00, run_after=2023-03-04T00:00:00+00:00
[2023-03-03T14:06:18.232+0000] {processor.py:175} INFO - Processing /opt/airflow/dags/ETL_dag.py took 0.101 seconds
[2023-03-03T14:06:48.396+0000] {processor.py:153} INFO - Started process (PID=4134) to work on /opt/airflow/dags/ETL_dag.py
[2023-03-03T14:06:48.403+0000] {processor.py:743} INFO - Processing file /opt/airflow/dags/ETL_dag.py for tasks to queue
[2023-03-03T14:06:48.404+0000] {logging_mixin.py:137} INFO - [2023-03-03T14:06:48.404+0000] {dagbag.py:538} INFO - Filling up the DagBag from /opt/airflow/dags/ETL_dag.py
[2023-03-03T14:06:48.430+0000] {processor.py:753} INFO - DAG(s) dict_keys(['ETL_dag']) retrieved from /opt/airflow/dags/ETL_dag.py
[2023-03-03T14:06:48.451+0000] {logging_mixin.py:137} INFO - [2023-03-03T14:06:48.451+0000] {dag.py:2690} INFO - Sync 1 DAGs
[2023-03-03T14:06:48.475+0000] {logging_mixin.py:137} INFO - [2023-03-03T14:06:48.475+0000] {dag.py:3441} INFO - Setting next_dagrun for ETL_dag to 2023-03-03T00:00:00+00:00, run_after=2023-03-04T00:00:00+00:00
[2023-03-03T14:06:48.494+0000] {processor.py:175} INFO - Processing /opt/airflow/dags/ETL_dag.py took 0.100 seconds
[2023-03-03T14:07:18.690+0000] {processor.py:153} INFO - Started process (PID=4185) to work on /opt/airflow/dags/ETL_dag.py
[2023-03-03T14:07:18.696+0000] {processor.py:743} INFO - Processing file /opt/airflow/dags/ETL_dag.py for tasks to queue
[2023-03-03T14:07:18.697+0000] {logging_mixin.py:137} INFO - [2023-03-03T14:07:18.697+0000] {dagbag.py:538} INFO - Filling up the DagBag from /opt/airflow/dags/ETL_dag.py
[2023-03-03T14:07:18.724+0000] {processor.py:753} INFO - DAG(s) dict_keys(['ETL_dag']) retrieved from /opt/airflow/dags/ETL_dag.py
[2023-03-03T14:07:18.746+0000] {logging_mixin.py:137} INFO - [2023-03-03T14:07:18.745+0000] {dag.py:2690} INFO - Sync 1 DAGs
[2023-03-03T14:07:18.776+0000] {logging_mixin.py:137} INFO - [2023-03-03T14:07:18.775+0000] {dag.py:3441} INFO - Setting next_dagrun for ETL_dag to 2023-03-03T00:00:00+00:00, run_after=2023-03-04T00:00:00+00:00
[2023-03-03T14:07:18.799+0000] {processor.py:175} INFO - Processing /opt/airflow/dags/ETL_dag.py took 0.112 seconds
[2023-03-03T14:07:48.868+0000] {processor.py:153} INFO - Started process (PID=4238) to work on /opt/airflow/dags/ETL_dag.py
[2023-03-03T14:07:48.875+0000] {processor.py:743} INFO - Processing file /opt/airflow/dags/ETL_dag.py for tasks to queue
[2023-03-03T14:07:48.875+0000] {logging_mixin.py:137} INFO - [2023-03-03T14:07:48.875+0000] {dagbag.py:538} INFO - Filling up the DagBag from /opt/airflow/dags/ETL_dag.py
[2023-03-03T14:07:48.903+0000] {processor.py:753} INFO - DAG(s) dict_keys(['ETL_dag']) retrieved from /opt/airflow/dags/ETL_dag.py
[2023-03-03T14:07:48.924+0000] {logging_mixin.py:137} INFO - [2023-03-03T14:07:48.924+0000] {dag.py:2690} INFO - Sync 1 DAGs
[2023-03-03T14:07:48.949+0000] {logging_mixin.py:137} INFO - [2023-03-03T14:07:48.949+0000] {dag.py:3441} INFO - Setting next_dagrun for ETL_dag to 2023-03-03T00:00:00+00:00, run_after=2023-03-04T00:00:00+00:00
[2023-03-03T14:07:48.967+0000] {processor.py:175} INFO - Processing /opt/airflow/dags/ETL_dag.py took 0.101 seconds
[2023-03-03T14:08:19.136+0000] {processor.py:153} INFO - Started process (PID=4289) to work on /opt/airflow/dags/ETL_dag.py
[2023-03-03T14:08:19.139+0000] {processor.py:743} INFO - Processing file /opt/airflow/dags/ETL_dag.py for tasks to queue
[2023-03-03T14:08:19.140+0000] {logging_mixin.py:137} INFO - [2023-03-03T14:08:19.140+0000] {dagbag.py:538} INFO - Filling up the DagBag from /opt/airflow/dags/ETL_dag.py
[2023-03-03T14:08:19.169+0000] {processor.py:753} INFO - DAG(s) dict_keys(['ETL_dag']) retrieved from /opt/airflow/dags/ETL_dag.py
[2023-03-03T14:08:19.191+0000] {logging_mixin.py:137} INFO - [2023-03-03T14:08:19.190+0000] {dag.py:2690} INFO - Sync 1 DAGs
[2023-03-03T14:08:19.215+0000] {logging_mixin.py:137} INFO - [2023-03-03T14:08:19.215+0000] {dag.py:3441} INFO - Setting next_dagrun for ETL_dag to 2023-03-03T00:00:00+00:00, run_after=2023-03-04T00:00:00+00:00
[2023-03-03T14:08:19.236+0000] {processor.py:175} INFO - Processing /opt/airflow/dags/ETL_dag.py took 0.102 seconds
[2023-03-03T14:08:49.416+0000] {processor.py:153} INFO - Started process (PID=4342) to work on /opt/airflow/dags/ETL_dag.py
[2023-03-03T14:08:49.422+0000] {processor.py:743} INFO - Processing file /opt/airflow/dags/ETL_dag.py for tasks to queue
[2023-03-03T14:08:49.423+0000] {logging_mixin.py:137} INFO - [2023-03-03T14:08:49.423+0000] {dagbag.py:538} INFO - Filling up the DagBag from /opt/airflow/dags/ETL_dag.py
[2023-03-03T14:08:49.450+0000] {processor.py:753} INFO - DAG(s) dict_keys(['ETL_dag']) retrieved from /opt/airflow/dags/ETL_dag.py
[2023-03-03T14:08:49.470+0000] {logging_mixin.py:137} INFO - [2023-03-03T14:08:49.470+0000] {dag.py:2690} INFO - Sync 1 DAGs
[2023-03-03T14:08:49.494+0000] {logging_mixin.py:137} INFO - [2023-03-03T14:08:49.494+0000] {dag.py:3441} INFO - Setting next_dagrun for ETL_dag to 2023-03-03T00:00:00+00:00, run_after=2023-03-04T00:00:00+00:00
[2023-03-03T14:08:49.512+0000] {processor.py:175} INFO - Processing /opt/airflow/dags/ETL_dag.py took 0.099 seconds
[2023-03-03T14:09:19.599+0000] {processor.py:153} INFO - Started process (PID=4384) to work on /opt/airflow/dags/ETL_dag.py
[2023-03-03T14:09:19.606+0000] {processor.py:743} INFO - Processing file /opt/airflow/dags/ETL_dag.py for tasks to queue
[2023-03-03T14:09:19.607+0000] {logging_mixin.py:137} INFO - [2023-03-03T14:09:19.607+0000] {dagbag.py:538} INFO - Filling up the DagBag from /opt/airflow/dags/ETL_dag.py
[2023-03-03T14:09:19.639+0000] {processor.py:753} INFO - DAG(s) dict_keys(['ETL_dag']) retrieved from /opt/airflow/dags/ETL_dag.py
[2023-03-03T14:09:19.688+0000] {logging_mixin.py:137} INFO - [2023-03-03T14:09:19.687+0000] {dag.py:2690} INFO - Sync 1 DAGs
[2023-03-03T14:09:19.721+0000] {logging_mixin.py:137} INFO - [2023-03-03T14:09:19.721+0000] {dag.py:3441} INFO - Setting next_dagrun for ETL_dag to 2023-03-03T00:00:00+00:00, run_after=2023-03-04T00:00:00+00:00
[2023-03-03T14:09:19.741+0000] {processor.py:175} INFO - Processing /opt/airflow/dags/ETL_dag.py took 0.144 seconds
[2023-03-03T14:09:49.919+0000] {processor.py:153} INFO - Started process (PID=4446) to work on /opt/airflow/dags/ETL_dag.py
[2023-03-03T14:09:49.926+0000] {processor.py:743} INFO - Processing file /opt/airflow/dags/ETL_dag.py for tasks to queue
[2023-03-03T14:09:49.927+0000] {logging_mixin.py:137} INFO - [2023-03-03T14:09:49.927+0000] {dagbag.py:538} INFO - Filling up the DagBag from /opt/airflow/dags/ETL_dag.py
[2023-03-03T14:09:49.953+0000] {processor.py:753} INFO - DAG(s) dict_keys(['ETL_dag']) retrieved from /opt/airflow/dags/ETL_dag.py
[2023-03-03T14:09:49.973+0000] {logging_mixin.py:137} INFO - [2023-03-03T14:09:49.973+0000] {dag.py:2690} INFO - Sync 1 DAGs
[2023-03-03T14:09:49.997+0000] {logging_mixin.py:137} INFO - [2023-03-03T14:09:49.997+0000] {dag.py:3441} INFO - Setting next_dagrun for ETL_dag to 2023-03-03T00:00:00+00:00, run_after=2023-03-04T00:00:00+00:00
[2023-03-03T14:09:50.014+0000] {processor.py:175} INFO - Processing /opt/airflow/dags/ETL_dag.py took 0.097 seconds
[2023-03-03T14:10:20.192+0000] {processor.py:153} INFO - Started process (PID=4497) to work on /opt/airflow/dags/ETL_dag.py
[2023-03-03T14:10:20.193+0000] {processor.py:743} INFO - Processing file /opt/airflow/dags/ETL_dag.py for tasks to queue
[2023-03-03T14:10:20.194+0000] {logging_mixin.py:137} INFO - [2023-03-03T14:10:20.194+0000] {dagbag.py:538} INFO - Filling up the DagBag from /opt/airflow/dags/ETL_dag.py
[2023-03-03T14:10:20.221+0000] {processor.py:753} INFO - DAG(s) dict_keys(['ETL_dag']) retrieved from /opt/airflow/dags/ETL_dag.py
[2023-03-03T14:10:20.242+0000] {logging_mixin.py:137} INFO - [2023-03-03T14:10:20.241+0000] {dag.py:2690} INFO - Sync 1 DAGs
[2023-03-03T14:10:20.267+0000] {logging_mixin.py:137} INFO - [2023-03-03T14:10:20.267+0000] {dag.py:3441} INFO - Setting next_dagrun for ETL_dag to 2023-03-03T00:00:00+00:00, run_after=2023-03-04T00:00:00+00:00
[2023-03-03T14:10:20.290+0000] {processor.py:175} INFO - Processing /opt/airflow/dags/ETL_dag.py took 0.100 seconds
[2023-03-03T14:10:50.460+0000] {processor.py:153} INFO - Started process (PID=4550) to work on /opt/airflow/dags/ETL_dag.py
[2023-03-03T14:10:50.466+0000] {processor.py:743} INFO - Processing file /opt/airflow/dags/ETL_dag.py for tasks to queue
[2023-03-03T14:10:50.467+0000] {logging_mixin.py:137} INFO - [2023-03-03T14:10:50.467+0000] {dagbag.py:538} INFO - Filling up the DagBag from /opt/airflow/dags/ETL_dag.py
[2023-03-03T14:10:50.496+0000] {processor.py:753} INFO - DAG(s) dict_keys(['ETL_dag']) retrieved from /opt/airflow/dags/ETL_dag.py
[2023-03-03T14:10:50.516+0000] {logging_mixin.py:137} INFO - [2023-03-03T14:10:50.516+0000] {dag.py:2690} INFO - Sync 1 DAGs
[2023-03-03T14:10:50.540+0000] {logging_mixin.py:137} INFO - [2023-03-03T14:10:50.540+0000] {dag.py:3441} INFO - Setting next_dagrun for ETL_dag to 2023-03-03T00:00:00+00:00, run_after=2023-03-04T00:00:00+00:00
[2023-03-03T14:10:50.557+0000] {processor.py:175} INFO - Processing /opt/airflow/dags/ETL_dag.py took 0.100 seconds
[2023-03-03T14:11:20.722+0000] {processor.py:153} INFO - Started process (PID=4601) to work on /opt/airflow/dags/ETL_dag.py
[2023-03-03T14:11:20.729+0000] {processor.py:743} INFO - Processing file /opt/airflow/dags/ETL_dag.py for tasks to queue
[2023-03-03T14:11:20.729+0000] {logging_mixin.py:137} INFO - [2023-03-03T14:11:20.729+0000] {dagbag.py:538} INFO - Filling up the DagBag from /opt/airflow/dags/ETL_dag.py
[2023-03-03T14:11:20.757+0000] {processor.py:753} INFO - DAG(s) dict_keys(['ETL_dag']) retrieved from /opt/airflow/dags/ETL_dag.py
[2023-03-03T14:11:20.778+0000] {logging_mixin.py:137} INFO - [2023-03-03T14:11:20.778+0000] {dag.py:2690} INFO - Sync 1 DAGs
[2023-03-03T14:11:20.804+0000] {logging_mixin.py:137} INFO - [2023-03-03T14:11:20.803+0000] {dag.py:3441} INFO - Setting next_dagrun for ETL_dag to 2023-03-03T00:00:00+00:00, run_after=2023-03-04T00:00:00+00:00
[2023-03-03T14:11:20.822+0000] {processor.py:175} INFO - Processing /opt/airflow/dags/ETL_dag.py took 0.102 seconds
[2023-03-03T14:11:50.995+0000] {processor.py:153} INFO - Started process (PID=4654) to work on /opt/airflow/dags/ETL_dag.py
[2023-03-03T14:11:51.002+0000] {processor.py:743} INFO - Processing file /opt/airflow/dags/ETL_dag.py for tasks to queue
[2023-03-03T14:11:51.002+0000] {logging_mixin.py:137} INFO - [2023-03-03T14:11:51.002+0000] {dagbag.py:538} INFO - Filling up the DagBag from /opt/airflow/dags/ETL_dag.py
[2023-03-03T14:11:51.029+0000] {processor.py:753} INFO - DAG(s) dict_keys(['ETL_dag']) retrieved from /opt/airflow/dags/ETL_dag.py
[2023-03-03T14:11:51.050+0000] {logging_mixin.py:137} INFO - [2023-03-03T14:11:51.050+0000] {dag.py:2690} INFO - Sync 1 DAGs
[2023-03-03T14:11:51.074+0000] {logging_mixin.py:137} INFO - [2023-03-03T14:11:51.074+0000] {dag.py:3441} INFO - Setting next_dagrun for ETL_dag to 2023-03-03T00:00:00+00:00, run_after=2023-03-04T00:00:00+00:00
[2023-03-03T14:11:51.091+0000] {processor.py:175} INFO - Processing /opt/airflow/dags/ETL_dag.py took 0.099 seconds
[2023-03-03T14:12:21.293+0000] {processor.py:153} INFO - Started process (PID=4716) to work on /opt/airflow/dags/ETL_dag.py
[2023-03-03T14:12:21.300+0000] {processor.py:743} INFO - Processing file /opt/airflow/dags/ETL_dag.py for tasks to queue
[2023-03-03T14:12:21.301+0000] {logging_mixin.py:137} INFO - [2023-03-03T14:12:21.301+0000] {dagbag.py:538} INFO - Filling up the DagBag from /opt/airflow/dags/ETL_dag.py
[2023-03-03T14:12:21.358+0000] {processor.py:753} INFO - DAG(s) dict_keys(['ETL_dag']) retrieved from /opt/airflow/dags/ETL_dag.py
[2023-03-03T14:12:21.378+0000] {logging_mixin.py:137} INFO - [2023-03-03T14:12:21.378+0000] {dag.py:2690} INFO - Sync 1 DAGs
[2023-03-03T14:12:21.405+0000] {logging_mixin.py:137} INFO - [2023-03-03T14:12:21.405+0000] {dag.py:3441} INFO - Setting next_dagrun for ETL_dag to 2023-03-03T00:00:00+00:00, run_after=2023-03-04T00:00:00+00:00
[2023-03-03T14:12:21.422+0000] {processor.py:175} INFO - Processing /opt/airflow/dags/ETL_dag.py took 0.132 seconds
[2023-03-03T14:12:51.466+0000] {processor.py:153} INFO - Started process (PID=4758) to work on /opt/airflow/dags/ETL_dag.py
[2023-03-03T14:12:51.473+0000] {processor.py:743} INFO - Processing file /opt/airflow/dags/ETL_dag.py for tasks to queue
[2023-03-03T14:12:51.474+0000] {logging_mixin.py:137} INFO - [2023-03-03T14:12:51.473+0000] {dagbag.py:538} INFO - Filling up the DagBag from /opt/airflow/dags/ETL_dag.py
[2023-03-03T14:12:51.500+0000] {processor.py:753} INFO - DAG(s) dict_keys(['ETL_dag']) retrieved from /opt/airflow/dags/ETL_dag.py
[2023-03-03T14:12:51.519+0000] {logging_mixin.py:137} INFO - [2023-03-03T14:12:51.519+0000] {dag.py:2690} INFO - Sync 1 DAGs
[2023-03-03T14:12:51.541+0000] {logging_mixin.py:137} INFO - [2023-03-03T14:12:51.541+0000] {dag.py:3441} INFO - Setting next_dagrun for ETL_dag to 2023-03-03T00:00:00+00:00, run_after=2023-03-04T00:00:00+00:00
[2023-03-03T14:12:51.560+0000] {processor.py:175} INFO - Processing /opt/airflow/dags/ETL_dag.py took 0.097 seconds
[2023-03-03T14:13:21.725+0000] {processor.py:153} INFO - Started process (PID=4820) to work on /opt/airflow/dags/ETL_dag.py
[2023-03-03T14:13:21.726+0000] {processor.py:743} INFO - Processing file /opt/airflow/dags/ETL_dag.py for tasks to queue
[2023-03-03T14:13:21.727+0000] {logging_mixin.py:137} INFO - [2023-03-03T14:13:21.726+0000] {dagbag.py:538} INFO - Filling up the DagBag from /opt/airflow/dags/ETL_dag.py
[2023-03-03T14:13:21.759+0000] {processor.py:753} INFO - DAG(s) dict_keys(['ETL_dag']) retrieved from /opt/airflow/dags/ETL_dag.py
[2023-03-03T14:13:21.780+0000] {logging_mixin.py:137} INFO - [2023-03-03T14:13:21.780+0000] {dag.py:2690} INFO - Sync 1 DAGs
[2023-03-03T14:13:21.808+0000] {logging_mixin.py:137} INFO - [2023-03-03T14:13:21.807+0000] {dag.py:3441} INFO - Setting next_dagrun for ETL_dag to 2023-03-03T00:00:00+00:00, run_after=2023-03-04T00:00:00+00:00
[2023-03-03T14:13:21.826+0000] {processor.py:175} INFO - Processing /opt/airflow/dags/ETL_dag.py took 0.106 seconds
[2023-03-03T14:13:51.985+0000] {processor.py:153} INFO - Started process (PID=4862) to work on /opt/airflow/dags/ETL_dag.py
[2023-03-03T14:13:51.992+0000] {processor.py:743} INFO - Processing file /opt/airflow/dags/ETL_dag.py for tasks to queue
[2023-03-03T14:13:51.993+0000] {logging_mixin.py:137} INFO - [2023-03-03T14:13:51.993+0000] {dagbag.py:538} INFO - Filling up the DagBag from /opt/airflow/dags/ETL_dag.py
[2023-03-03T14:13:52.020+0000] {processor.py:753} INFO - DAG(s) dict_keys(['ETL_dag']) retrieved from /opt/airflow/dags/ETL_dag.py
[2023-03-03T14:13:52.041+0000] {logging_mixin.py:137} INFO - [2023-03-03T14:13:52.041+0000] {dag.py:2690} INFO - Sync 1 DAGs
[2023-03-03T14:13:52.068+0000] {logging_mixin.py:137} INFO - [2023-03-03T14:13:52.067+0000] {dag.py:3441} INFO - Setting next_dagrun for ETL_dag to 2023-03-03T00:00:00+00:00, run_after=2023-03-04T00:00:00+00:00
[2023-03-03T14:13:52.085+0000] {processor.py:175} INFO - Processing /opt/airflow/dags/ETL_dag.py took 0.103 seconds
[2023-03-03T14:14:22.246+0000] {processor.py:153} INFO - Started process (PID=4924) to work on /opt/airflow/dags/ETL_dag.py
[2023-03-03T14:14:22.253+0000] {processor.py:743} INFO - Processing file /opt/airflow/dags/ETL_dag.py for tasks to queue
[2023-03-03T14:14:22.254+0000] {logging_mixin.py:137} INFO - [2023-03-03T14:14:22.253+0000] {dagbag.py:538} INFO - Filling up the DagBag from /opt/airflow/dags/ETL_dag.py
[2023-03-03T14:14:22.281+0000] {processor.py:753} INFO - DAG(s) dict_keys(['ETL_dag']) retrieved from /opt/airflow/dags/ETL_dag.py
[2023-03-03T14:14:22.303+0000] {logging_mixin.py:137} INFO - [2023-03-03T14:14:22.302+0000] {dag.py:2690} INFO - Sync 1 DAGs
[2023-03-03T14:14:22.329+0000] {logging_mixin.py:137} INFO - [2023-03-03T14:14:22.328+0000] {dag.py:3441} INFO - Setting next_dagrun for ETL_dag to 2023-03-03T00:00:00+00:00, run_after=2023-03-04T00:00:00+00:00
[2023-03-03T14:14:22.348+0000] {processor.py:175} INFO - Processing /opt/airflow/dags/ETL_dag.py took 0.105 seconds
[2023-03-03T14:14:52.432+0000] {processor.py:153} INFO - Started process (PID=4966) to work on /opt/airflow/dags/ETL_dag.py
[2023-03-03T14:14:52.439+0000] {processor.py:743} INFO - Processing file /opt/airflow/dags/ETL_dag.py for tasks to queue
[2023-03-03T14:14:52.440+0000] {logging_mixin.py:137} INFO - [2023-03-03T14:14:52.440+0000] {dagbag.py:538} INFO - Filling up the DagBag from /opt/airflow/dags/ETL_dag.py
[2023-03-03T14:14:52.467+0000] {processor.py:753} INFO - DAG(s) dict_keys(['ETL_dag']) retrieved from /opt/airflow/dags/ETL_dag.py
[2023-03-03T14:14:52.486+0000] {logging_mixin.py:137} INFO - [2023-03-03T14:14:52.486+0000] {dag.py:2690} INFO - Sync 1 DAGs
[2023-03-03T14:14:52.510+0000] {logging_mixin.py:137} INFO - [2023-03-03T14:14:52.510+0000] {dag.py:3441} INFO - Setting next_dagrun for ETL_dag to 2023-03-03T00:00:00+00:00, run_after=2023-03-04T00:00:00+00:00
[2023-03-03T14:14:52.528+0000] {processor.py:175} INFO - Processing /opt/airflow/dags/ETL_dag.py took 0.098 seconds
[2023-03-03T14:15:22.692+0000] {processor.py:153} INFO - Started process (PID=5029) to work on /opt/airflow/dags/ETL_dag.py
[2023-03-03T14:15:22.699+0000] {processor.py:743} INFO - Processing file /opt/airflow/dags/ETL_dag.py for tasks to queue
[2023-03-03T14:15:22.700+0000] {logging_mixin.py:137} INFO - [2023-03-03T14:15:22.700+0000] {dagbag.py:538} INFO - Filling up the DagBag from /opt/airflow/dags/ETL_dag.py
[2023-03-03T14:15:22.728+0000] {processor.py:753} INFO - DAG(s) dict_keys(['ETL_dag']) retrieved from /opt/airflow/dags/ETL_dag.py
[2023-03-03T14:15:22.747+0000] {logging_mixin.py:137} INFO - [2023-03-03T14:15:22.747+0000] {dag.py:2690} INFO - Sync 1 DAGs
[2023-03-03T14:15:22.771+0000] {logging_mixin.py:137} INFO - [2023-03-03T14:15:22.771+0000] {dag.py:3441} INFO - Setting next_dagrun for ETL_dag to 2023-03-03T00:00:00+00:00, run_after=2023-03-04T00:00:00+00:00
[2023-03-03T14:15:22.789+0000] {processor.py:175} INFO - Processing /opt/airflow/dags/ETL_dag.py took 0.099 seconds
[2023-03-03T14:15:41.906+0000] {processor.py:153} INFO - Started process (PID=5051) to work on /opt/airflow/dags/ETL_dag.py
[2023-03-03T14:15:41.906+0000] {processor.py:743} INFO - Processing file /opt/airflow/dags/ETL_dag.py for tasks to queue
[2023-03-03T14:15:41.907+0000] {logging_mixin.py:137} INFO - [2023-03-03T14:15:41.907+0000] {dagbag.py:538} INFO - Filling up the DagBag from /opt/airflow/dags/ETL_dag.py
[2023-03-03T14:15:41.933+0000] {processor.py:753} INFO - DAG(s) dict_keys(['ETL_dag']) retrieved from /opt/airflow/dags/ETL_dag.py
[2023-03-03T14:15:41.953+0000] {logging_mixin.py:137} INFO - [2023-03-03T14:15:41.953+0000] {dag.py:2690} INFO - Sync 1 DAGs
[2023-03-03T14:15:41.977+0000] {logging_mixin.py:137} INFO - [2023-03-03T14:15:41.977+0000] {dag.py:3441} INFO - Setting next_dagrun for ETL_dag to 2023-03-03T00:00:00+00:00, run_after=2023-03-04T00:00:00+00:00
[2023-03-03T14:15:41.996+0000] {processor.py:175} INFO - Processing /opt/airflow/dags/ETL_dag.py took 0.093 seconds
[2023-03-03T14:15:42.925+0000] {processor.py:153} INFO - Started process (PID=5052) to work on /opt/airflow/dags/ETL_dag.py
[2023-03-03T14:15:42.925+0000] {processor.py:743} INFO - Processing file /opt/airflow/dags/ETL_dag.py for tasks to queue
[2023-03-03T14:15:42.926+0000] {logging_mixin.py:137} INFO - [2023-03-03T14:15:42.926+0000] {dagbag.py:538} INFO - Filling up the DagBag from /opt/airflow/dags/ETL_dag.py
[2023-03-03T14:15:42.952+0000] {processor.py:753} INFO - DAG(s) dict_keys(['ETL_dag']) retrieved from /opt/airflow/dags/ETL_dag.py
[2023-03-03T14:15:42.972+0000] {logging_mixin.py:137} INFO - [2023-03-03T14:15:42.972+0000] {dag.py:2690} INFO - Sync 1 DAGs
[2023-03-03T14:15:42.995+0000] {logging_mixin.py:137} INFO - [2023-03-03T14:15:42.995+0000] {dag.py:3441} INFO - Setting next_dagrun for ETL_dag to 2023-03-03T00:00:00+00:00, run_after=2023-03-04T00:00:00+00:00
[2023-03-03T14:15:43.014+0000] {processor.py:175} INFO - Processing /opt/airflow/dags/ETL_dag.py took 0.091 seconds
[2023-03-03T14:15:44.030+0000] {processor.py:153} INFO - Started process (PID=5053) to work on /opt/airflow/dags/ETL_dag.py
[2023-03-03T14:15:44.030+0000] {processor.py:743} INFO - Processing file /opt/airflow/dags/ETL_dag.py for tasks to queue
[2023-03-03T14:15:44.031+0000] {logging_mixin.py:137} INFO - [2023-03-03T14:15:44.031+0000] {dagbag.py:538} INFO - Filling up the DagBag from /opt/airflow/dags/ETL_dag.py
[2023-03-03T14:15:44.059+0000] {processor.py:753} INFO - DAG(s) dict_keys(['ETL_dag']) retrieved from /opt/airflow/dags/ETL_dag.py
[2023-03-03T14:15:44.078+0000] {logging_mixin.py:137} INFO - [2023-03-03T14:15:44.078+0000] {dag.py:2690} INFO - Sync 1 DAGs
[2023-03-03T14:15:44.102+0000] {logging_mixin.py:137} INFO - [2023-03-03T14:15:44.102+0000] {dag.py:3441} INFO - Setting next_dagrun for ETL_dag to 2023-03-03T00:00:00+00:00, run_after=2023-03-04T00:00:00+00:00
[2023-03-03T14:15:44.121+0000] {processor.py:175} INFO - Processing /opt/airflow/dags/ETL_dag.py took 0.093 seconds
[2023-03-03T14:16:14.271+0000] {processor.py:153} INFO - Started process (PID=5114) to work on /opt/airflow/dags/ETL_dag.py
[2023-03-03T14:16:14.278+0000] {processor.py:743} INFO - Processing file /opt/airflow/dags/ETL_dag.py for tasks to queue
[2023-03-03T14:16:14.279+0000] {logging_mixin.py:137} INFO - [2023-03-03T14:16:14.279+0000] {dagbag.py:538} INFO - Filling up the DagBag from /opt/airflow/dags/ETL_dag.py
[2023-03-03T14:16:14.305+0000] {processor.py:753} INFO - DAG(s) dict_keys(['ETL_dag']) retrieved from /opt/airflow/dags/ETL_dag.py
[2023-03-03T14:16:14.326+0000] {logging_mixin.py:137} INFO - [2023-03-03T14:16:14.326+0000] {dag.py:2690} INFO - Sync 1 DAGs
[2023-03-03T14:16:14.353+0000] {logging_mixin.py:137} INFO - [2023-03-03T14:16:14.353+0000] {dag.py:3441} INFO - Setting next_dagrun for ETL_dag to 2023-03-03T00:00:00+00:00, run_after=2023-03-04T00:00:00+00:00
[2023-03-03T14:16:14.370+0000] {processor.py:175} INFO - Processing /opt/airflow/dags/ETL_dag.py took 0.101 seconds
[2023-03-03T14:16:44.525+0000] {processor.py:153} INFO - Started process (PID=5156) to work on /opt/airflow/dags/ETL_dag.py
[2023-03-03T14:16:44.526+0000] {processor.py:743} INFO - Processing file /opt/airflow/dags/ETL_dag.py for tasks to queue
[2023-03-03T14:16:44.526+0000] {logging_mixin.py:137} INFO - [2023-03-03T14:16:44.526+0000] {dagbag.py:538} INFO - Filling up the DagBag from /opt/airflow/dags/ETL_dag.py
[2023-03-03T14:16:44.558+0000] {processor.py:753} INFO - DAG(s) dict_keys(['ETL_dag']) retrieved from /opt/airflow/dags/ETL_dag.py
[2023-03-03T14:16:44.579+0000] {logging_mixin.py:137} INFO - [2023-03-03T14:16:44.579+0000] {dag.py:2690} INFO - Sync 1 DAGs
[2023-03-03T14:16:44.605+0000] {logging_mixin.py:137} INFO - [2023-03-03T14:16:44.605+0000] {dag.py:3441} INFO - Setting next_dagrun for ETL_dag to 2023-03-03T00:00:00+00:00, run_after=2023-03-04T00:00:00+00:00
[2023-03-03T14:16:44.622+0000] {processor.py:175} INFO - Processing /opt/airflow/dags/ETL_dag.py took 0.099 seconds
[2023-03-03T14:16:54.588+0000] {processor.py:153} INFO - Started process (PID=5177) to work on /opt/airflow/dags/ETL_dag.py
[2023-03-03T14:16:54.589+0000] {processor.py:743} INFO - Processing file /opt/airflow/dags/ETL_dag.py for tasks to queue
[2023-03-03T14:16:54.589+0000] {logging_mixin.py:137} INFO - [2023-03-03T14:16:54.589+0000] {dagbag.py:538} INFO - Filling up the DagBag from /opt/airflow/dags/ETL_dag.py
[2023-03-03T14:16:54.617+0000] {processor.py:753} INFO - DAG(s) dict_keys(['ETL_dag']) retrieved from /opt/airflow/dags/ETL_dag.py
[2023-03-03T14:16:54.639+0000] {logging_mixin.py:137} INFO - [2023-03-03T14:16:54.638+0000] {dag.py:2690} INFO - Sync 1 DAGs
[2023-03-03T14:16:54.666+0000] {logging_mixin.py:137} INFO - [2023-03-03T14:16:54.666+0000] {dag.py:3441} INFO - Setting next_dagrun for ETL_dag to 2023-03-03T00:00:00+00:00, run_after=2023-03-04T00:00:00+00:00
[2023-03-03T14:16:54.685+0000] {processor.py:175} INFO - Processing /opt/airflow/dags/ETL_dag.py took 0.100 seconds
[2023-03-03T14:17:24.868+0000] {processor.py:153} INFO - Started process (PID=5239) to work on /opt/airflow/dags/ETL_dag.py
[2023-03-03T14:17:24.875+0000] {processor.py:743} INFO - Processing file /opt/airflow/dags/ETL_dag.py for tasks to queue
[2023-03-03T14:17:24.876+0000] {logging_mixin.py:137} INFO - [2023-03-03T14:17:24.876+0000] {dagbag.py:538} INFO - Filling up the DagBag from /opt/airflow/dags/ETL_dag.py
[2023-03-03T14:17:24.908+0000] {processor.py:753} INFO - DAG(s) dict_keys(['ETL_dag']) retrieved from /opt/airflow/dags/ETL_dag.py
[2023-03-03T14:17:24.931+0000] {logging_mixin.py:137} INFO - [2023-03-03T14:17:24.930+0000] {dag.py:2690} INFO - Sync 1 DAGs
[2023-03-03T14:17:24.957+0000] {logging_mixin.py:137} INFO - [2023-03-03T14:17:24.957+0000] {dag.py:3441} INFO - Setting next_dagrun for ETL_dag to 2023-03-03T00:00:00+00:00, run_after=2023-03-04T00:00:00+00:00
[2023-03-03T14:17:24.977+0000] {processor.py:175} INFO - Processing /opt/airflow/dags/ETL_dag.py took 0.111 seconds
[2023-03-03T14:17:39.067+0000] {processor.py:153} INFO - Started process (PID=5261) to work on /opt/airflow/dags/ETL_dag.py
[2023-03-03T14:17:39.067+0000] {processor.py:743} INFO - Processing file /opt/airflow/dags/ETL_dag.py for tasks to queue
[2023-03-03T14:17:39.068+0000] {logging_mixin.py:137} INFO - [2023-03-03T14:17:39.068+0000] {dagbag.py:538} INFO - Filling up the DagBag from /opt/airflow/dags/ETL_dag.py
[2023-03-03T14:17:39.095+0000] {processor.py:753} INFO - DAG(s) dict_keys(['ETL_dag']) retrieved from /opt/airflow/dags/ETL_dag.py
[2023-03-03T14:17:39.116+0000] {logging_mixin.py:137} INFO - [2023-03-03T14:17:39.115+0000] {dag.py:2690} INFO - Sync 1 DAGs
[2023-03-03T14:17:39.141+0000] {logging_mixin.py:137} INFO - [2023-03-03T14:17:39.141+0000] {dag.py:3441} INFO - Setting next_dagrun for ETL_dag to 2023-03-03T00:00:00+00:00, run_after=2023-03-04T00:00:00+00:00
[2023-03-03T14:17:39.160+0000] {processor.py:175} INFO - Processing /opt/airflow/dags/ETL_dag.py took 0.096 seconds
[2023-03-03T14:18:09.330+0000] {processor.py:153} INFO - Started process (PID=5303) to work on /opt/airflow/dags/ETL_dag.py
[2023-03-03T14:18:09.331+0000] {processor.py:743} INFO - Processing file /opt/airflow/dags/ETL_dag.py for tasks to queue
[2023-03-03T14:18:09.331+0000] {logging_mixin.py:137} INFO - [2023-03-03T14:18:09.331+0000] {dagbag.py:538} INFO - Filling up the DagBag from /opt/airflow/dags/ETL_dag.py
[2023-03-03T14:18:09.363+0000] {processor.py:753} INFO - DAG(s) dict_keys(['ETL_dag']) retrieved from /opt/airflow/dags/ETL_dag.py
[2023-03-03T14:18:09.382+0000] {logging_mixin.py:137} INFO - [2023-03-03T14:18:09.382+0000] {dag.py:2690} INFO - Sync 1 DAGs
[2023-03-03T14:18:09.404+0000] {logging_mixin.py:137} INFO - [2023-03-03T14:18:09.404+0000] {dag.py:3441} INFO - Setting next_dagrun for ETL_dag to 2023-03-03T00:00:00+00:00, run_after=2023-03-04T00:00:00+00:00
[2023-03-03T14:18:09.421+0000] {processor.py:175} INFO - Processing /opt/airflow/dags/ETL_dag.py took 0.094 seconds
[2023-03-03T14:18:31.460+0000] {processor.py:153} INFO - Started process (PID=5344) to work on /opt/airflow/dags/ETL_dag.py
[2023-03-03T14:18:31.466+0000] {processor.py:743} INFO - Processing file /opt/airflow/dags/ETL_dag.py for tasks to queue
[2023-03-03T14:18:31.467+0000] {logging_mixin.py:137} INFO - [2023-03-03T14:18:31.467+0000] {dagbag.py:538} INFO - Filling up the DagBag from /opt/airflow/dags/ETL_dag.py
[2023-03-03T14:18:31.494+0000] {processor.py:753} INFO - DAG(s) dict_keys(['ETL_dag']) retrieved from /opt/airflow/dags/ETL_dag.py
[2023-03-03T14:18:31.516+0000] {logging_mixin.py:137} INFO - [2023-03-03T14:18:31.516+0000] {dag.py:2690} INFO - Sync 1 DAGs
[2023-03-03T14:18:31.539+0000] {logging_mixin.py:137} INFO - [2023-03-03T14:18:31.538+0000] {dag.py:3441} INFO - Setting next_dagrun for ETL_dag to 2023-03-03T00:00:00+00:00, run_after=2023-03-04T00:00:00+00:00
[2023-03-03T14:18:31.556+0000] {processor.py:175} INFO - Processing /opt/airflow/dags/ETL_dag.py took 0.098 seconds
[2023-03-03T14:18:32.549+0000] {processor.py:153} INFO - Started process (PID=5345) to work on /opt/airflow/dags/ETL_dag.py
[2023-03-03T14:18:32.549+0000] {processor.py:743} INFO - Processing file /opt/airflow/dags/ETL_dag.py for tasks to queue
[2023-03-03T14:18:32.549+0000] {logging_mixin.py:137} INFO - [2023-03-03T14:18:32.549+0000] {dagbag.py:538} INFO - Filling up the DagBag from /opt/airflow/dags/ETL_dag.py
[2023-03-03T14:18:32.577+0000] {processor.py:753} INFO - DAG(s) dict_keys(['ETL_dag']) retrieved from /opt/airflow/dags/ETL_dag.py
[2023-03-03T14:18:32.598+0000] {logging_mixin.py:137} INFO - [2023-03-03T14:18:32.598+0000] {dag.py:2690} INFO - Sync 1 DAGs
[2023-03-03T14:18:32.622+0000] {logging_mixin.py:137} INFO - [2023-03-03T14:18:32.622+0000] {dag.py:3441} INFO - Setting next_dagrun for ETL_dag to 2023-03-03T00:00:00+00:00, run_after=2023-03-04T00:00:00+00:00
[2023-03-03T14:18:32.642+0000] {processor.py:175} INFO - Processing /opt/airflow/dags/ETL_dag.py took 0.096 seconds
[2023-03-03T14:18:41.711+0000] {processor.py:153} INFO - Started process (PID=5367) to work on /opt/airflow/dags/ETL_dag.py
[2023-03-03T14:18:41.712+0000] {processor.py:743} INFO - Processing file /opt/airflow/dags/ETL_dag.py for tasks to queue
[2023-03-03T14:18:41.712+0000] {logging_mixin.py:137} INFO - [2023-03-03T14:18:41.712+0000] {dagbag.py:538} INFO - Filling up the DagBag from /opt/airflow/dags/ETL_dag.py
[2023-03-03T14:18:41.740+0000] {processor.py:753} INFO - DAG(s) dict_keys(['ETL_dag']) retrieved from /opt/airflow/dags/ETL_dag.py
[2023-03-03T14:18:41.761+0000] {logging_mixin.py:137} INFO - [2023-03-03T14:18:41.760+0000] {dag.py:2690} INFO - Sync 1 DAGs
[2023-03-03T14:18:41.784+0000] {logging_mixin.py:137} INFO - [2023-03-03T14:18:41.784+0000] {dag.py:3441} INFO - Setting next_dagrun for ETL_dag to 2023-03-03T00:00:00+00:00, run_after=2023-03-04T00:00:00+00:00
[2023-03-03T14:18:41.805+0000] {processor.py:175} INFO - Processing /opt/airflow/dags/ETL_dag.py took 0.096 seconds
[2023-03-03T14:18:42.749+0000] {processor.py:153} INFO - Started process (PID=5368) to work on /opt/airflow/dags/ETL_dag.py
[2023-03-03T14:18:42.749+0000] {processor.py:743} INFO - Processing file /opt/airflow/dags/ETL_dag.py for tasks to queue
[2023-03-03T14:18:42.750+0000] {logging_mixin.py:137} INFO - [2023-03-03T14:18:42.749+0000] {dagbag.py:538} INFO - Filling up the DagBag from /opt/airflow/dags/ETL_dag.py
[2023-03-03T14:18:42.777+0000] {processor.py:753} INFO - DAG(s) dict_keys(['ETL_dag']) retrieved from /opt/airflow/dags/ETL_dag.py
[2023-03-03T14:18:42.797+0000] {logging_mixin.py:137} INFO - [2023-03-03T14:18:42.797+0000] {dag.py:2690} INFO - Sync 1 DAGs
[2023-03-03T14:18:42.822+0000] {logging_mixin.py:137} INFO - [2023-03-03T14:18:42.822+0000] {dag.py:3441} INFO - Setting next_dagrun for ETL_dag to 2023-03-03T00:00:00+00:00, run_after=2023-03-04T00:00:00+00:00
[2023-03-03T14:18:42.842+0000] {processor.py:175} INFO - Processing /opt/airflow/dags/ETL_dag.py took 0.096 seconds
[2023-03-03T14:19:13.006+0000] {processor.py:153} INFO - Started process (PID=5430) to work on /opt/airflow/dags/ETL_dag.py
[2023-03-03T14:19:13.013+0000] {processor.py:743} INFO - Processing file /opt/airflow/dags/ETL_dag.py for tasks to queue
[2023-03-03T14:19:13.015+0000] {logging_mixin.py:137} INFO - [2023-03-03T14:19:13.014+0000] {dagbag.py:538} INFO - Filling up the DagBag from /opt/airflow/dags/ETL_dag.py
[2023-03-03T14:19:13.062+0000] {processor.py:753} INFO - DAG(s) dict_keys(['ETL_dag']) retrieved from /opt/airflow/dags/ETL_dag.py
[2023-03-03T14:19:13.097+0000] {logging_mixin.py:137} INFO - [2023-03-03T14:19:13.097+0000] {dag.py:2690} INFO - Sync 1 DAGs
[2023-03-03T14:19:13.143+0000] {logging_mixin.py:137} INFO - [2023-03-03T14:19:13.143+0000] {dag.py:3441} INFO - Setting next_dagrun for ETL_dag to 2023-03-03T00:00:00+00:00, run_after=2023-03-04T00:00:00+00:00
[2023-03-03T14:19:13.172+0000] {processor.py:175} INFO - Processing /opt/airflow/dags/ETL_dag.py took 0.171 seconds
[2023-03-03T14:19:29.156+0000] {processor.py:153} INFO - Started process (PID=5451) to work on /opt/airflow/dags/ETL_dag.py
[2023-03-03T14:19:29.163+0000] {processor.py:743} INFO - Processing file /opt/airflow/dags/ETL_dag.py for tasks to queue
[2023-03-03T14:19:29.163+0000] {logging_mixin.py:137} INFO - [2023-03-03T14:19:29.163+0000] {dagbag.py:538} INFO - Filling up the DagBag from /opt/airflow/dags/ETL_dag.py
[2023-03-03T14:19:29.190+0000] {processor.py:753} INFO - DAG(s) dict_keys(['ETL_dag']) retrieved from /opt/airflow/dags/ETL_dag.py
[2023-03-03T14:19:29.209+0000] {logging_mixin.py:137} INFO - [2023-03-03T14:19:29.209+0000] {dag.py:2690} INFO - Sync 1 DAGs
[2023-03-03T14:19:29.232+0000] {logging_mixin.py:137} INFO - [2023-03-03T14:19:29.232+0000] {dag.py:3441} INFO - Setting next_dagrun for ETL_dag to 2023-03-03T00:00:00+00:00, run_after=2023-03-04T00:00:00+00:00
[2023-03-03T14:19:29.248+0000] {processor.py:175} INFO - Processing /opt/airflow/dags/ETL_dag.py took 0.094 seconds
[2023-03-03T14:19:59.413+0000] {processor.py:153} INFO - Started process (PID=5493) to work on /opt/airflow/dags/ETL_dag.py
[2023-03-03T14:19:59.414+0000] {processor.py:743} INFO - Processing file /opt/airflow/dags/ETL_dag.py for tasks to queue
[2023-03-03T14:19:59.414+0000] {logging_mixin.py:137} INFO - [2023-03-03T14:19:59.414+0000] {dagbag.py:538} INFO - Filling up the DagBag from /opt/airflow/dags/ETL_dag.py
[2023-03-03T14:19:59.442+0000] {processor.py:753} INFO - DAG(s) dict_keys(['ETL_dag']) retrieved from /opt/airflow/dags/ETL_dag.py
[2023-03-03T14:19:59.463+0000] {logging_mixin.py:137} INFO - [2023-03-03T14:19:59.463+0000] {dag.py:2690} INFO - Sync 1 DAGs
[2023-03-03T14:19:59.490+0000] {logging_mixin.py:137} INFO - [2023-03-03T14:19:59.490+0000] {dag.py:3441} INFO - Setting next_dagrun for ETL_dag to 2023-03-03T00:00:00+00:00, run_after=2023-03-04T00:00:00+00:00
[2023-03-03T14:19:59.508+0000] {processor.py:175} INFO - Processing /opt/airflow/dags/ETL_dag.py took 0.097 seconds
[2023-03-03T14:20:29.575+0000] {processor.py:153} INFO - Started process (PID=5556) to work on /opt/airflow/dags/ETL_dag.py
[2023-03-03T14:20:29.582+0000] {processor.py:743} INFO - Processing file /opt/airflow/dags/ETL_dag.py for tasks to queue
[2023-03-03T14:20:29.583+0000] {logging_mixin.py:137} INFO - [2023-03-03T14:20:29.583+0000] {dagbag.py:538} INFO - Filling up the DagBag from /opt/airflow/dags/ETL_dag.py
[2023-03-03T14:20:29.610+0000] {processor.py:753} INFO - DAG(s) dict_keys(['ETL_dag']) retrieved from /opt/airflow/dags/ETL_dag.py
[2023-03-03T14:20:29.631+0000] {logging_mixin.py:137} INFO - [2023-03-03T14:20:29.631+0000] {dag.py:2690} INFO - Sync 1 DAGs
[2023-03-03T14:20:29.655+0000] {logging_mixin.py:137} INFO - [2023-03-03T14:20:29.655+0000] {dag.py:3441} INFO - Setting next_dagrun for ETL_dag to 2023-03-03T00:00:00+00:00, run_after=2023-03-04T00:00:00+00:00
[2023-03-03T14:20:29.673+0000] {processor.py:175} INFO - Processing /opt/airflow/dags/ETL_dag.py took 0.101 seconds
[2023-03-03T14:20:59.859+0000] {processor.py:153} INFO - Started process (PID=5598) to work on /opt/airflow/dags/ETL_dag.py
[2023-03-03T14:20:59.866+0000] {processor.py:743} INFO - Processing file /opt/airflow/dags/ETL_dag.py for tasks to queue
[2023-03-03T14:20:59.867+0000] {logging_mixin.py:137} INFO - [2023-03-03T14:20:59.867+0000] {dagbag.py:538} INFO - Filling up the DagBag from /opt/airflow/dags/ETL_dag.py
[2023-03-03T14:20:59.894+0000] {processor.py:753} INFO - DAG(s) dict_keys(['ETL_dag']) retrieved from /opt/airflow/dags/ETL_dag.py
[2023-03-03T14:20:59.912+0000] {logging_mixin.py:137} INFO - [2023-03-03T14:20:59.912+0000] {dag.py:2690} INFO - Sync 1 DAGs
[2023-03-03T14:20:59.934+0000] {logging_mixin.py:137} INFO - [2023-03-03T14:20:59.934+0000] {dag.py:3441} INFO - Setting next_dagrun for ETL_dag to 2023-03-03T00:00:00+00:00, run_after=2023-03-04T00:00:00+00:00
[2023-03-03T14:20:59.949+0000] {processor.py:175} INFO - Processing /opt/airflow/dags/ETL_dag.py took 0.093 seconds
[2023-03-03T14:21:30.137+0000] {processor.py:153} INFO - Started process (PID=5660) to work on /opt/airflow/dags/ETL_dag.py
[2023-03-03T14:21:30.144+0000] {processor.py:743} INFO - Processing file /opt/airflow/dags/ETL_dag.py for tasks to queue
[2023-03-03T14:21:30.145+0000] {logging_mixin.py:137} INFO - [2023-03-03T14:21:30.145+0000] {dagbag.py:538} INFO - Filling up the DagBag from /opt/airflow/dags/ETL_dag.py
[2023-03-03T14:21:30.174+0000] {processor.py:753} INFO - DAG(s) dict_keys(['ETL_dag']) retrieved from /opt/airflow/dags/ETL_dag.py
[2023-03-03T14:21:30.195+0000] {logging_mixin.py:137} INFO - [2023-03-03T14:21:30.195+0000] {dag.py:2690} INFO - Sync 1 DAGs
[2023-03-03T14:21:30.220+0000] {logging_mixin.py:137} INFO - [2023-03-03T14:21:30.219+0000] {dag.py:3441} INFO - Setting next_dagrun for ETL_dag to 2023-03-03T00:00:00+00:00, run_after=2023-03-04T00:00:00+00:00
[2023-03-03T14:21:30.241+0000] {processor.py:175} INFO - Processing /opt/airflow/dags/ETL_dag.py took 0.107 seconds
[2023-03-03T14:22:00.360+0000] {processor.py:153} INFO - Started process (PID=5702) to work on /opt/airflow/dags/ETL_dag.py
[2023-03-03T14:22:00.367+0000] {processor.py:743} INFO - Processing file /opt/airflow/dags/ETL_dag.py for tasks to queue
[2023-03-03T14:22:00.368+0000] {logging_mixin.py:137} INFO - [2023-03-03T14:22:00.368+0000] {dagbag.py:538} INFO - Filling up the DagBag from /opt/airflow/dags/ETL_dag.py
[2023-03-03T14:22:00.394+0000] {processor.py:753} INFO - DAG(s) dict_keys(['ETL_dag']) retrieved from /opt/airflow/dags/ETL_dag.py
[2023-03-03T14:22:00.413+0000] {logging_mixin.py:137} INFO - [2023-03-03T14:22:00.413+0000] {dag.py:2690} INFO - Sync 1 DAGs
[2023-03-03T14:22:00.436+0000] {logging_mixin.py:137} INFO - [2023-03-03T14:22:00.436+0000] {dag.py:3441} INFO - Setting next_dagrun for ETL_dag to 2023-03-03T00:00:00+00:00, run_after=2023-03-04T00:00:00+00:00
[2023-03-03T14:22:00.455+0000] {processor.py:175} INFO - Processing /opt/airflow/dags/ETL_dag.py took 0.096 seconds
[2023-03-03T14:22:30.551+0000] {processor.py:153} INFO - Started process (PID=5764) to work on /opt/airflow/dags/ETL_dag.py
[2023-03-03T14:22:30.558+0000] {processor.py:743} INFO - Processing file /opt/airflow/dags/ETL_dag.py for tasks to queue
[2023-03-03T14:22:30.559+0000] {logging_mixin.py:137} INFO - [2023-03-03T14:22:30.558+0000] {dagbag.py:538} INFO - Filling up the DagBag from /opt/airflow/dags/ETL_dag.py
[2023-03-03T14:22:30.591+0000] {processor.py:753} INFO - DAG(s) dict_keys(['ETL_dag']) retrieved from /opt/airflow/dags/ETL_dag.py
[2023-03-03T14:22:30.612+0000] {logging_mixin.py:137} INFO - [2023-03-03T14:22:30.612+0000] {dag.py:2690} INFO - Sync 1 DAGs
[2023-03-03T14:22:30.638+0000] {logging_mixin.py:137} INFO - [2023-03-03T14:22:30.637+0000] {dag.py:3441} INFO - Setting next_dagrun for ETL_dag to 2023-03-03T00:00:00+00:00, run_after=2023-03-04T00:00:00+00:00
[2023-03-03T14:22:30.655+0000] {processor.py:175} INFO - Processing /opt/airflow/dags/ETL_dag.py took 0.106 seconds
[2023-03-03T14:23:00.823+0000] {processor.py:153} INFO - Started process (PID=5806) to work on /opt/airflow/dags/ETL_dag.py
[2023-03-03T14:23:00.830+0000] {processor.py:743} INFO - Processing file /opt/airflow/dags/ETL_dag.py for tasks to queue
[2023-03-03T14:23:00.831+0000] {logging_mixin.py:137} INFO - [2023-03-03T14:23:00.830+0000] {dagbag.py:538} INFO - Filling up the DagBag from /opt/airflow/dags/ETL_dag.py
[2023-03-03T14:23:00.857+0000] {processor.py:753} INFO - DAG(s) dict_keys(['ETL_dag']) retrieved from /opt/airflow/dags/ETL_dag.py
[2023-03-03T14:23:00.879+0000] {logging_mixin.py:137} INFO - [2023-03-03T14:23:00.879+0000] {dag.py:2690} INFO - Sync 1 DAGs
[2023-03-03T14:23:00.902+0000] {logging_mixin.py:137} INFO - [2023-03-03T14:23:00.902+0000] {dag.py:3441} INFO - Setting next_dagrun for ETL_dag to 2023-03-03T00:00:00+00:00, run_after=2023-03-04T00:00:00+00:00
[2023-03-03T14:23:00.920+0000] {processor.py:175} INFO - Processing /opt/airflow/dags/ETL_dag.py took 0.100 seconds
[2023-03-03T14:23:31.014+0000] {processor.py:153} INFO - Started process (PID=5868) to work on /opt/airflow/dags/ETL_dag.py
[2023-03-03T14:23:31.021+0000] {processor.py:743} INFO - Processing file /opt/airflow/dags/ETL_dag.py for tasks to queue
[2023-03-03T14:23:31.022+0000] {logging_mixin.py:137} INFO - [2023-03-03T14:23:31.022+0000] {dagbag.py:538} INFO - Filling up the DagBag from /opt/airflow/dags/ETL_dag.py
[2023-03-03T14:23:31.049+0000] {processor.py:753} INFO - DAG(s) dict_keys(['ETL_dag']) retrieved from /opt/airflow/dags/ETL_dag.py
[2023-03-03T14:23:31.070+0000] {logging_mixin.py:137} INFO - [2023-03-03T14:23:31.070+0000] {dag.py:2690} INFO - Sync 1 DAGs
[2023-03-03T14:23:31.094+0000] {logging_mixin.py:137} INFO - [2023-03-03T14:23:31.094+0000] {dag.py:3441} INFO - Setting next_dagrun for ETL_dag to 2023-03-03T00:00:00+00:00, run_after=2023-03-04T00:00:00+00:00
[2023-03-03T14:23:31.111+0000] {processor.py:175} INFO - Processing /opt/airflow/dags/ETL_dag.py took 0.100 seconds
[2023-03-03T14:24:01.293+0000] {processor.py:153} INFO - Started process (PID=5910) to work on /opt/airflow/dags/ETL_dag.py
[2023-03-03T14:24:01.299+0000] {processor.py:743} INFO - Processing file /opt/airflow/dags/ETL_dag.py for tasks to queue
[2023-03-03T14:24:01.300+0000] {logging_mixin.py:137} INFO - [2023-03-03T14:24:01.300+0000] {dagbag.py:538} INFO - Filling up the DagBag from /opt/airflow/dags/ETL_dag.py
[2023-03-03T14:24:01.327+0000] {processor.py:753} INFO - DAG(s) dict_keys(['ETL_dag']) retrieved from /opt/airflow/dags/ETL_dag.py
[2023-03-03T14:24:01.346+0000] {logging_mixin.py:137} INFO - [2023-03-03T14:24:01.346+0000] {dag.py:2690} INFO - Sync 1 DAGs
[2023-03-03T14:24:01.371+0000] {logging_mixin.py:137} INFO - [2023-03-03T14:24:01.371+0000] {dag.py:3441} INFO - Setting next_dagrun for ETL_dag to 2023-03-03T00:00:00+00:00, run_after=2023-03-04T00:00:00+00:00
[2023-03-03T14:24:01.389+0000] {processor.py:175} INFO - Processing /opt/airflow/dags/ETL_dag.py took 0.098 seconds
[2023-03-03T14:24:31.564+0000] {processor.py:153} INFO - Started process (PID=5972) to work on /opt/airflow/dags/ETL_dag.py
[2023-03-03T14:24:31.570+0000] {processor.py:743} INFO - Processing file /opt/airflow/dags/ETL_dag.py for tasks to queue
[2023-03-03T14:24:31.571+0000] {logging_mixin.py:137} INFO - [2023-03-03T14:24:31.571+0000] {dagbag.py:538} INFO - Filling up the DagBag from /opt/airflow/dags/ETL_dag.py
[2023-03-03T14:24:31.599+0000] {processor.py:753} INFO - DAG(s) dict_keys(['ETL_dag']) retrieved from /opt/airflow/dags/ETL_dag.py
[2023-03-03T14:24:31.618+0000] {logging_mixin.py:137} INFO - [2023-03-03T14:24:31.618+0000] {dag.py:2690} INFO - Sync 1 DAGs
[2023-03-03T14:24:31.649+0000] {logging_mixin.py:137} INFO - [2023-03-03T14:24:31.649+0000] {dag.py:3441} INFO - Setting next_dagrun for ETL_dag to 2023-03-03T00:00:00+00:00, run_after=2023-03-04T00:00:00+00:00
[2023-03-03T14:24:31.675+0000] {processor.py:175} INFO - Processing /opt/airflow/dags/ETL_dag.py took 0.113 seconds
[2023-03-03T14:25:01.751+0000] {processor.py:153} INFO - Started process (PID=6014) to work on /opt/airflow/dags/ETL_dag.py
[2023-03-03T14:25:01.758+0000] {processor.py:743} INFO - Processing file /opt/airflow/dags/ETL_dag.py for tasks to queue
[2023-03-03T14:25:01.759+0000] {logging_mixin.py:137} INFO - [2023-03-03T14:25:01.759+0000] {dagbag.py:538} INFO - Filling up the DagBag from /opt/airflow/dags/ETL_dag.py
[2023-03-03T14:25:01.785+0000] {processor.py:753} INFO - DAG(s) dict_keys(['ETL_dag']) retrieved from /opt/airflow/dags/ETL_dag.py
[2023-03-03T14:25:01.805+0000] {logging_mixin.py:137} INFO - [2023-03-03T14:25:01.805+0000] {dag.py:2690} INFO - Sync 1 DAGs
[2023-03-03T14:25:01.829+0000] {logging_mixin.py:137} INFO - [2023-03-03T14:25:01.829+0000] {dag.py:3441} INFO - Setting next_dagrun for ETL_dag to 2023-03-03T00:00:00+00:00, run_after=2023-03-04T00:00:00+00:00
[2023-03-03T14:25:01.844+0000] {processor.py:175} INFO - Processing /opt/airflow/dags/ETL_dag.py took 0.095 seconds
[2023-03-03T14:25:32.021+0000] {processor.py:153} INFO - Started process (PID=6076) to work on /opt/airflow/dags/ETL_dag.py
[2023-03-03T14:25:32.027+0000] {processor.py:743} INFO - Processing file /opt/airflow/dags/ETL_dag.py for tasks to queue
[2023-03-03T14:25:32.028+0000] {logging_mixin.py:137} INFO - [2023-03-03T14:25:32.028+0000] {dagbag.py:538} INFO - Filling up the DagBag from /opt/airflow/dags/ETL_dag.py
[2023-03-03T14:25:32.054+0000] {processor.py:753} INFO - DAG(s) dict_keys(['ETL_dag']) retrieved from /opt/airflow/dags/ETL_dag.py
[2023-03-03T14:25:32.073+0000] {logging_mixin.py:137} INFO - [2023-03-03T14:25:32.073+0000] {dag.py:2690} INFO - Sync 1 DAGs
[2023-03-03T14:25:32.098+0000] {logging_mixin.py:137} INFO - [2023-03-03T14:25:32.097+0000] {dag.py:3441} INFO - Setting next_dagrun for ETL_dag to 2023-03-03T00:00:00+00:00, run_after=2023-03-04T00:00:00+00:00
[2023-03-03T14:25:32.115+0000] {processor.py:175} INFO - Processing /opt/airflow/dags/ETL_dag.py took 0.096 seconds
[2023-03-03T14:26:02.287+0000] {processor.py:153} INFO - Started process (PID=6118) to work on /opt/airflow/dags/ETL_dag.py
[2023-03-03T14:26:02.287+0000] {processor.py:743} INFO - Processing file /opt/airflow/dags/ETL_dag.py for tasks to queue
[2023-03-03T14:26:02.288+0000] {logging_mixin.py:137} INFO - [2023-03-03T14:26:02.288+0000] {dagbag.py:538} INFO - Filling up the DagBag from /opt/airflow/dags/ETL_dag.py
[2023-03-03T14:26:02.315+0000] {processor.py:753} INFO - DAG(s) dict_keys(['ETL_dag']) retrieved from /opt/airflow/dags/ETL_dag.py
[2023-03-03T14:26:02.335+0000] {logging_mixin.py:137} INFO - [2023-03-03T14:26:02.335+0000] {dag.py:2690} INFO - Sync 1 DAGs
[2023-03-03T14:26:02.362+0000] {logging_mixin.py:137} INFO - [2023-03-03T14:26:02.362+0000] {dag.py:3441} INFO - Setting next_dagrun for ETL_dag to 2023-03-03T00:00:00+00:00, run_after=2023-03-04T00:00:00+00:00
[2023-03-03T14:26:02.381+0000] {processor.py:175} INFO - Processing /opt/airflow/dags/ETL_dag.py took 0.096 seconds
[2023-03-03T14:26:32.448+0000] {processor.py:153} INFO - Started process (PID=6180) to work on /opt/airflow/dags/ETL_dag.py
[2023-03-03T14:26:32.455+0000] {processor.py:743} INFO - Processing file /opt/airflow/dags/ETL_dag.py for tasks to queue
[2023-03-03T14:26:32.456+0000] {logging_mixin.py:137} INFO - [2023-03-03T14:26:32.455+0000] {dagbag.py:538} INFO - Filling up the DagBag from /opt/airflow/dags/ETL_dag.py
[2023-03-03T14:26:32.481+0000] {processor.py:753} INFO - DAG(s) dict_keys(['ETL_dag']) retrieved from /opt/airflow/dags/ETL_dag.py
[2023-03-03T14:26:32.502+0000] {logging_mixin.py:137} INFO - [2023-03-03T14:26:32.501+0000] {dag.py:2690} INFO - Sync 1 DAGs
[2023-03-03T14:26:32.526+0000] {logging_mixin.py:137} INFO - [2023-03-03T14:26:32.526+0000] {dag.py:3441} INFO - Setting next_dagrun for ETL_dag to 2023-03-03T00:00:00+00:00, run_after=2023-03-04T00:00:00+00:00
[2023-03-03T14:26:32.545+0000] {processor.py:175} INFO - Processing /opt/airflow/dags/ETL_dag.py took 0.100 seconds
[2023-03-03T14:27:02.716+0000] {processor.py:153} INFO - Started process (PID=6222) to work on /opt/airflow/dags/ETL_dag.py
[2023-03-03T14:27:02.716+0000] {processor.py:743} INFO - Processing file /opt/airflow/dags/ETL_dag.py for tasks to queue
[2023-03-03T14:27:02.717+0000] {logging_mixin.py:137} INFO - [2023-03-03T14:27:02.717+0000] {dagbag.py:538} INFO - Filling up the DagBag from /opt/airflow/dags/ETL_dag.py
[2023-03-03T14:27:02.745+0000] {processor.py:753} INFO - DAG(s) dict_keys(['ETL_dag']) retrieved from /opt/airflow/dags/ETL_dag.py
[2023-03-03T14:27:02.767+0000] {logging_mixin.py:137} INFO - [2023-03-03T14:27:02.767+0000] {dag.py:2690} INFO - Sync 1 DAGs
[2023-03-03T14:27:02.792+0000] {logging_mixin.py:137} INFO - [2023-03-03T14:27:02.791+0000] {dag.py:3441} INFO - Setting next_dagrun for ETL_dag to 2023-03-03T00:00:00+00:00, run_after=2023-03-04T00:00:00+00:00
[2023-03-03T14:27:02.811+0000] {processor.py:175} INFO - Processing /opt/airflow/dags/ETL_dag.py took 0.097 seconds
[2023-03-03T14:27:33.003+0000] {processor.py:153} INFO - Started process (PID=6284) to work on /opt/airflow/dags/ETL_dag.py
[2023-03-03T14:27:33.010+0000] {processor.py:743} INFO - Processing file /opt/airflow/dags/ETL_dag.py for tasks to queue
[2023-03-03T14:27:33.011+0000] {logging_mixin.py:137} INFO - [2023-03-03T14:27:33.011+0000] {dagbag.py:538} INFO - Filling up the DagBag from /opt/airflow/dags/ETL_dag.py
[2023-03-03T14:27:33.041+0000] {processor.py:753} INFO - DAG(s) dict_keys(['ETL_dag']) retrieved from /opt/airflow/dags/ETL_dag.py
[2023-03-03T14:27:33.061+0000] {logging_mixin.py:137} INFO - [2023-03-03T14:27:33.060+0000] {dag.py:2690} INFO - Sync 1 DAGs
[2023-03-03T14:27:33.085+0000] {logging_mixin.py:137} INFO - [2023-03-03T14:27:33.085+0000] {dag.py:3441} INFO - Setting next_dagrun for ETL_dag to 2023-03-03T00:00:00+00:00, run_after=2023-03-04T00:00:00+00:00
[2023-03-03T14:27:33.102+0000] {processor.py:175} INFO - Processing /opt/airflow/dags/ETL_dag.py took 0.101 seconds
[2023-03-03T14:28:03.183+0000] {processor.py:153} INFO - Started process (PID=6326) to work on /opt/airflow/dags/ETL_dag.py
[2023-03-03T14:28:03.190+0000] {processor.py:743} INFO - Processing file /opt/airflow/dags/ETL_dag.py for tasks to queue
[2023-03-03T14:28:03.191+0000] {logging_mixin.py:137} INFO - [2023-03-03T14:28:03.191+0000] {dagbag.py:538} INFO - Filling up the DagBag from /opt/airflow/dags/ETL_dag.py
[2023-03-03T14:28:03.218+0000] {processor.py:753} INFO - DAG(s) dict_keys(['ETL_dag']) retrieved from /opt/airflow/dags/ETL_dag.py
[2023-03-03T14:28:03.238+0000] {logging_mixin.py:137} INFO - [2023-03-03T14:28:03.238+0000] {dag.py:2690} INFO - Sync 1 DAGs
[2023-03-03T14:28:03.263+0000] {logging_mixin.py:137} INFO - [2023-03-03T14:28:03.263+0000] {dag.py:3441} INFO - Setting next_dagrun for ETL_dag to 2023-03-03T00:00:00+00:00, run_after=2023-03-04T00:00:00+00:00
[2023-03-03T14:28:03.282+0000] {processor.py:175} INFO - Processing /opt/airflow/dags/ETL_dag.py took 0.101 seconds
[2023-03-03T14:28:08.281+0000] {processor.py:153} INFO - Started process (PID=6347) to work on /opt/airflow/dags/ETL_dag.py
[2023-03-03T14:28:08.284+0000] {processor.py:743} INFO - Processing file /opt/airflow/dags/ETL_dag.py for tasks to queue
[2023-03-03T14:28:08.284+0000] {logging_mixin.py:137} INFO - [2023-03-03T14:28:08.284+0000] {dagbag.py:538} INFO - Filling up the DagBag from /opt/airflow/dags/ETL_dag.py
[2023-03-03T14:28:09.148+0000] {processor.py:753} INFO - DAG(s) dict_keys(['ETL_dag']) retrieved from /opt/airflow/dags/ETL_dag.py
[2023-03-03T14:28:09.195+0000] {logging_mixin.py:137} INFO - [2023-03-03T14:28:09.194+0000] {dag.py:2690} INFO - Sync 1 DAGs
[2023-03-03T14:28:09.215+0000] {logging_mixin.py:137} INFO - [2023-03-03T14:28:09.215+0000] {dag.py:3441} INFO - Setting next_dagrun for ETL_dag to 2023-03-03T00:00:00+00:00, run_after=2023-03-04T00:00:00+00:00
[2023-03-03T14:28:09.232+0000] {processor.py:175} INFO - Processing /opt/airflow/dags/ETL_dag.py took 0.954 seconds
[2023-03-03T14:28:39.424+0000] {processor.py:153} INFO - Started process (PID=6391) to work on /opt/airflow/dags/ETL_dag.py
[2023-03-03T14:28:39.431+0000] {processor.py:743} INFO - Processing file /opt/airflow/dags/ETL_dag.py for tasks to queue
[2023-03-03T14:28:39.431+0000] {logging_mixin.py:137} INFO - [2023-03-03T14:28:39.431+0000] {dagbag.py:538} INFO - Filling up the DagBag from /opt/airflow/dags/ETL_dag.py
[2023-03-03T14:28:39.761+0000] {processor.py:753} INFO - DAG(s) dict_keys(['ETL_dag']) retrieved from /opt/airflow/dags/ETL_dag.py
[2023-03-03T14:28:39.780+0000] {logging_mixin.py:137} INFO - [2023-03-03T14:28:39.779+0000] {dag.py:2690} INFO - Sync 1 DAGs
[2023-03-03T14:28:39.802+0000] {logging_mixin.py:137} INFO - [2023-03-03T14:28:39.802+0000] {dag.py:3441} INFO - Setting next_dagrun for ETL_dag to 2023-03-03T00:00:00+00:00, run_after=2023-03-04T00:00:00+00:00
[2023-03-03T14:28:39.826+0000] {processor.py:175} INFO - Processing /opt/airflow/dags/ETL_dag.py took 0.404 seconds
[2023-03-03T14:29:10.673+0000] {processor.py:153} INFO - Started process (PID=6454) to work on /opt/airflow/dags/ETL_dag.py
[2023-03-03T14:29:10.673+0000] {processor.py:743} INFO - Processing file /opt/airflow/dags/ETL_dag.py for tasks to queue
[2023-03-03T14:29:10.674+0000] {logging_mixin.py:137} INFO - [2023-03-03T14:29:10.674+0000] {dagbag.py:538} INFO - Filling up the DagBag from /opt/airflow/dags/ETL_dag.py
[2023-03-03T14:29:10.997+0000] {processor.py:753} INFO - DAG(s) dict_keys(['ETL_dag']) retrieved from /opt/airflow/dags/ETL_dag.py
[2023-03-03T14:29:11.015+0000] {logging_mixin.py:137} INFO - [2023-03-03T14:29:11.015+0000] {dag.py:2690} INFO - Sync 1 DAGs
[2023-03-03T14:29:11.039+0000] {logging_mixin.py:137} INFO - [2023-03-03T14:29:11.039+0000] {dag.py:3441} INFO - Setting next_dagrun for ETL_dag to 2023-03-03T00:00:00+00:00, run_after=2023-03-04T00:00:00+00:00
[2023-03-03T14:29:11.065+0000] {processor.py:175} INFO - Processing /opt/airflow/dags/ETL_dag.py took 0.394 seconds
[2023-03-03T14:29:11.776+0000] {processor.py:153} INFO - Started process (PID=6456) to work on /opt/airflow/dags/ETL_dag.py
[2023-03-03T14:29:11.776+0000] {processor.py:743} INFO - Processing file /opt/airflow/dags/ETL_dag.py for tasks to queue
[2023-03-03T14:29:11.777+0000] {logging_mixin.py:137} INFO - [2023-03-03T14:29:11.777+0000] {dagbag.py:538} INFO - Filling up the DagBag from /opt/airflow/dags/ETL_dag.py
[2023-03-03T14:29:12.118+0000] {processor.py:753} INFO - DAG(s) dict_keys(['ETL_dag']) retrieved from /opt/airflow/dags/ETL_dag.py
[2023-03-03T14:29:12.137+0000] {logging_mixin.py:137} INFO - [2023-03-03T14:29:12.136+0000] {dag.py:2690} INFO - Sync 1 DAGs
[2023-03-03T14:29:12.160+0000] {logging_mixin.py:137} INFO - [2023-03-03T14:29:12.160+0000] {dag.py:3441} INFO - Setting next_dagrun for ETL_dag to 2023-03-03T00:00:00+00:00, run_after=2023-03-04T00:00:00+00:00
[2023-03-03T14:29:12.179+0000] {processor.py:175} INFO - Processing /opt/airflow/dags/ETL_dag.py took 0.405 seconds
[2023-03-03T14:29:29.189+0000] {processor.py:153} INFO - Started process (PID=6487) to work on /opt/airflow/dags/ETL_dag.py
[2023-03-03T14:29:29.190+0000] {processor.py:743} INFO - Processing file /opt/airflow/dags/ETL_dag.py for tasks to queue
[2023-03-03T14:29:29.191+0000] {logging_mixin.py:137} INFO - [2023-03-03T14:29:29.191+0000] {dagbag.py:538} INFO - Filling up the DagBag from /opt/airflow/dags/ETL_dag.py
[2023-03-03T14:29:29.641+0000] {processor.py:753} INFO - DAG(s) dict_keys(['ETL_dag']) retrieved from /opt/airflow/dags/ETL_dag.py
[2023-03-03T14:29:29.662+0000] {logging_mixin.py:137} INFO - [2023-03-03T14:29:29.661+0000] {dag.py:2690} INFO - Sync 1 DAGs
[2023-03-03T14:29:29.687+0000] {logging_mixin.py:137} INFO - [2023-03-03T14:29:29.687+0000] {dag.py:3441} INFO - Setting next_dagrun for ETL_dag to 2023-03-03T00:00:00+00:00, run_after=2023-03-04T00:00:00+00:00
[2023-03-03T14:29:29.710+0000] {processor.py:175} INFO - Processing /opt/airflow/dags/ETL_dag.py took 0.525 seconds
[2023-03-03T14:29:30.292+0000] {processor.py:153} INFO - Started process (PID=6500) to work on /opt/airflow/dags/ETL_dag.py
[2023-03-03T14:29:30.292+0000] {processor.py:743} INFO - Processing file /opt/airflow/dags/ETL_dag.py for tasks to queue
[2023-03-03T14:29:30.293+0000] {logging_mixin.py:137} INFO - [2023-03-03T14:29:30.293+0000] {dagbag.py:538} INFO - Filling up the DagBag from /opt/airflow/dags/ETL_dag.py
[2023-03-03T14:29:30.631+0000] {processor.py:753} INFO - DAG(s) dict_keys(['ETL_dag']) retrieved from /opt/airflow/dags/ETL_dag.py
[2023-03-03T14:29:30.649+0000] {logging_mixin.py:137} INFO - [2023-03-03T14:29:30.649+0000] {dag.py:2690} INFO - Sync 1 DAGs
[2023-03-03T14:29:30.672+0000] {logging_mixin.py:137} INFO - [2023-03-03T14:29:30.672+0000] {dag.py:3441} INFO - Setting next_dagrun for ETL_dag to 2023-03-03T00:00:00+00:00, run_after=2023-03-04T00:00:00+00:00
[2023-03-03T14:29:30.705+0000] {processor.py:175} INFO - Processing /opt/airflow/dags/ETL_dag.py took 0.415 seconds
[2023-03-03T14:29:31.299+0000] {processor.py:153} INFO - Started process (PID=6502) to work on /opt/airflow/dags/ETL_dag.py
[2023-03-03T14:29:31.299+0000] {processor.py:743} INFO - Processing file /opt/airflow/dags/ETL_dag.py for tasks to queue
[2023-03-03T14:29:31.300+0000] {logging_mixin.py:137} INFO - [2023-03-03T14:29:31.300+0000] {dagbag.py:538} INFO - Filling up the DagBag from /opt/airflow/dags/ETL_dag.py
[2023-03-03T14:29:31.613+0000] {processor.py:753} INFO - DAG(s) dict_keys(['ETL_dag']) retrieved from /opt/airflow/dags/ETL_dag.py
[2023-03-03T14:29:31.631+0000] {logging_mixin.py:137} INFO - [2023-03-03T14:29:31.631+0000] {dag.py:2690} INFO - Sync 1 DAGs
[2023-03-03T14:29:31.654+0000] {logging_mixin.py:137} INFO - [2023-03-03T14:29:31.654+0000] {dag.py:3441} INFO - Setting next_dagrun for ETL_dag to 2023-03-03T00:00:00+00:00, run_after=2023-03-04T00:00:00+00:00
[2023-03-03T14:29:31.680+0000] {processor.py:175} INFO - Processing /opt/airflow/dags/ETL_dag.py took 0.384 seconds
[2023-03-03T14:30:01.859+0000] {processor.py:153} INFO - Started process (PID=6544) to work on /opt/airflow/dags/ETL_dag.py
[2023-03-03T14:30:01.866+0000] {processor.py:743} INFO - Processing file /opt/airflow/dags/ETL_dag.py for tasks to queue
[2023-03-03T14:30:01.867+0000] {logging_mixin.py:137} INFO - [2023-03-03T14:30:01.867+0000] {dagbag.py:538} INFO - Filling up the DagBag from /opt/airflow/dags/ETL_dag.py
[2023-03-03T14:30:02.175+0000] {processor.py:753} INFO - DAG(s) dict_keys(['ETL_dag']) retrieved from /opt/airflow/dags/ETL_dag.py
[2023-03-03T14:30:02.194+0000] {logging_mixin.py:137} INFO - [2023-03-03T14:30:02.194+0000] {dag.py:2690} INFO - Sync 1 DAGs
[2023-03-03T14:30:02.218+0000] {logging_mixin.py:137} INFO - [2023-03-03T14:30:02.218+0000] {dag.py:3441} INFO - Setting next_dagrun for ETL_dag to 2023-03-03T00:00:00+00:00, run_after=2023-03-04T00:00:00+00:00
[2023-03-03T14:30:02.240+0000] {processor.py:175} INFO - Processing /opt/airflow/dags/ETL_dag.py took 0.383 seconds
[2023-03-03T14:30:32.413+0000] {processor.py:153} INFO - Started process (PID=6606) to work on /opt/airflow/dags/ETL_dag.py
[2023-03-03T14:30:32.420+0000] {processor.py:743} INFO - Processing file /opt/airflow/dags/ETL_dag.py for tasks to queue
[2023-03-03T14:30:32.421+0000] {logging_mixin.py:137} INFO - [2023-03-03T14:30:32.421+0000] {dagbag.py:538} INFO - Filling up the DagBag from /opt/airflow/dags/ETL_dag.py
[2023-03-03T14:30:32.736+0000] {processor.py:753} INFO - DAG(s) dict_keys(['ETL_dag']) retrieved from /opt/airflow/dags/ETL_dag.py
[2023-03-03T14:30:32.755+0000] {logging_mixin.py:137} INFO - [2023-03-03T14:30:32.754+0000] {dag.py:2690} INFO - Sync 1 DAGs
[2023-03-03T14:30:32.779+0000] {logging_mixin.py:137} INFO - [2023-03-03T14:30:32.779+0000] {dag.py:3441} INFO - Setting next_dagrun for ETL_dag to 2023-03-03T00:00:00+00:00, run_after=2023-03-04T00:00:00+00:00
[2023-03-03T14:30:32.801+0000] {processor.py:175} INFO - Processing /opt/airflow/dags/ETL_dag.py took 0.390 seconds
[2023-03-03T14:30:56.947+0000] {processor.py:153} INFO - Started process (PID=6648) to work on /opt/airflow/dags/ETL_dag.py
[2023-03-03T14:30:56.954+0000] {processor.py:743} INFO - Processing file /opt/airflow/dags/ETL_dag.py for tasks to queue
[2023-03-03T14:30:56.955+0000] {logging_mixin.py:137} INFO - [2023-03-03T14:30:56.955+0000] {dagbag.py:538} INFO - Filling up the DagBag from /opt/airflow/dags/ETL_dag.py
[2023-03-03T14:30:57.285+0000] {processor.py:753} INFO - DAG(s) dict_keys(['ETL_dag']) retrieved from /opt/airflow/dags/ETL_dag.py
[2023-03-03T14:30:57.303+0000] {logging_mixin.py:137} INFO - [2023-03-03T14:30:57.303+0000] {dag.py:2690} INFO - Sync 1 DAGs
[2023-03-03T14:30:57.330+0000] {logging_mixin.py:137} INFO - [2023-03-03T14:30:57.329+0000] {dag.py:3441} INFO - Setting next_dagrun for ETL_dag to 2023-03-03T00:00:00+00:00, run_after=2023-03-04T00:00:00+00:00
[2023-03-03T14:30:57.352+0000] {processor.py:175} INFO - Processing /opt/airflow/dags/ETL_dag.py took 0.408 seconds
[2023-03-03T14:31:03.991+0000] {processor.py:153} INFO - Started process (PID=6650) to work on /opt/airflow/dags/ETL_dag.py
[2023-03-03T14:31:03.992+0000] {processor.py:743} INFO - Processing file /opt/airflow/dags/ETL_dag.py for tasks to queue
[2023-03-03T14:31:03.992+0000] {logging_mixin.py:137} INFO - [2023-03-03T14:31:03.992+0000] {dagbag.py:538} INFO - Filling up the DagBag from /opt/airflow/dags/ETL_dag.py
[2023-03-03T14:31:04.307+0000] {processor.py:753} INFO - DAG(s) dict_keys(['ETL_dag']) retrieved from /opt/airflow/dags/ETL_dag.py
[2023-03-03T14:31:04.328+0000] {logging_mixin.py:137} INFO - [2023-03-03T14:31:04.326+0000] {dag.py:2690} INFO - Sync 1 DAGs
[2023-03-03T14:31:04.350+0000] {logging_mixin.py:137} INFO - [2023-03-03T14:31:04.350+0000] {dag.py:3441} INFO - Setting next_dagrun for ETL_dag to 2023-03-03T00:00:00+00:00, run_after=2023-03-04T00:00:00+00:00
[2023-03-03T14:31:04.367+0000] {processor.py:175} INFO - Processing /opt/airflow/dags/ETL_dag.py took 0.378 seconds
