[2023-03-02T22:44:07.938+0000] {taskinstance.py:1083} INFO - Dependencies all met for <TaskInstance: api_dag.is_api_available scheduled__2023-03-01T00:00:00+00:00 [queued]>
[2023-03-02T22:44:07.952+0000] {taskinstance.py:1083} INFO - Dependencies all met for <TaskInstance: api_dag.is_api_available scheduled__2023-03-01T00:00:00+00:00 [queued]>
[2023-03-02T22:44:07.952+0000] {taskinstance.py:1279} INFO - 
--------------------------------------------------------------------------------
[2023-03-02T22:44:07.952+0000] {taskinstance.py:1280} INFO - Starting attempt 1 of 2
[2023-03-02T22:44:07.952+0000] {taskinstance.py:1281} INFO - 
--------------------------------------------------------------------------------
[2023-03-02T22:44:07.970+0000] {taskinstance.py:1300} INFO - Executing <Task(HttpSensor): is_api_available> on 2023-03-01 00:00:00+00:00
[2023-03-02T22:44:07.977+0000] {standard_task_runner.py:55} INFO - Started process 33771 to run task
[2023-03-02T22:44:07.981+0000] {standard_task_runner.py:82} INFO - Running: ['***', 'tasks', 'run', 'api_dag', 'is_api_available', 'scheduled__2023-03-01T00:00:00+00:00', '--job-id', '13', '--raw', '--subdir', 'DAGS_FOLDER/api_dag.py', '--cfg-path', '/tmp/tmpnvo485io']
[2023-03-02T22:44:07.981+0000] {standard_task_runner.py:83} INFO - Job 13: Subtask is_api_available
[2023-03-02T22:44:08.055+0000] {task_command.py:388} INFO - Running <TaskInstance: api_dag.is_api_available scheduled__2023-03-01T00:00:00+00:00 [running]> on host 9893918ef534
[2023-03-02T22:44:08.146+0000] {taskinstance.py:1509} INFO - Exporting the following env vars:
AIRFLOW_CTX_DAG_OWNER=Airflow
AIRFLOW_CTX_DAG_ID=api_dag
AIRFLOW_CTX_TASK_ID=is_api_available
AIRFLOW_CTX_EXECUTION_DATE=2023-03-01T00:00:00+00:00
AIRFLOW_CTX_TRY_NUMBER=1
AIRFLOW_CTX_DAG_RUN_ID=scheduled__2023-03-01T00:00:00+00:00
[2023-03-02T22:44:08.147+0000] {http.py:122} INFO - Poking: /bitcoin/history?interval=d1
[2023-03-02T22:44:08.164+0000] {base.py:73} INFO - Using connection ID 'api_call' for task execution.
[2023-03-02T22:44:08.393+0000] {base.py:228} INFO - Success criteria met. Exiting.
[2023-03-02T22:44:08.405+0000] {taskinstance.py:1323} INFO - Marking task as SUCCESS. dag_id=api_dag, task_id=is_api_available, execution_date=20230301T000000, start_date=20230302T224407, end_date=20230302T224408
[2023-03-02T22:44:08.434+0000] {local_task_job.py:208} INFO - Task exited with return code 0
[2023-03-02T22:44:08.466+0000] {taskinstance.py:2578} INFO - 1 downstream tasks scheduled from follow-on schedule check
