[2023-03-03T14:32:58.290+0000] {taskinstance.py:1083} INFO - Dependencies all met for <TaskInstance: ETL_dag.create_table manual__2023-03-03T14:32:54.034092+00:00 [queued]>
[2023-03-03T14:32:58.311+0000] {taskinstance.py:1083} INFO - Dependencies all met for <TaskInstance: ETL_dag.create_table manual__2023-03-03T14:32:54.034092+00:00 [queued]>
[2023-03-03T14:32:58.311+0000] {taskinstance.py:1279} INFO - 
--------------------------------------------------------------------------------
[2023-03-03T14:32:58.311+0000] {taskinstance.py:1280} INFO - Starting attempt 1 of 2
[2023-03-03T14:32:58.311+0000] {taskinstance.py:1281} INFO - 
--------------------------------------------------------------------------------
[2023-03-03T14:32:58.330+0000] {taskinstance.py:1300} INFO - Executing <Task(PostgresOperator): create_table> on 2023-03-03 14:32:54.034092+00:00
[2023-03-03T14:32:58.339+0000] {standard_task_runner.py:55} INFO - Started process 6783 to run task
[2023-03-03T14:32:58.342+0000] {standard_task_runner.py:82} INFO - Running: ['***', 'tasks', 'run', 'ETL_dag', 'create_table', 'manual__2023-03-03T14:32:54.034092+00:00', '--job-id', '26', '--raw', '--subdir', 'DAGS_FOLDER/ETL_dag.py', '--cfg-path', '/tmp/tmpwef07gha']
[2023-03-03T14:32:58.344+0000] {standard_task_runner.py:83} INFO - Job 26: Subtask create_table
[2023-03-03T14:32:58.414+0000] {task_command.py:388} INFO - Running <TaskInstance: ETL_dag.create_table manual__2023-03-03T14:32:54.034092+00:00 [running]> on host bb703684ec8f
[2023-03-03T14:32:58.500+0000] {taskinstance.py:1509} INFO - Exporting the following env vars:
AIRFLOW_CTX_DAG_OWNER=Airflow
AIRFLOW_CTX_DAG_ID=ETL_dag
AIRFLOW_CTX_TASK_ID=create_table
AIRFLOW_CTX_EXECUTION_DATE=2023-03-03T14:32:54.034092+00:00
AIRFLOW_CTX_TRY_NUMBER=1
AIRFLOW_CTX_DAG_RUN_ID=manual__2023-03-03T14:32:54.034092+00:00
[2023-03-03T14:32:58.501+0000] {sql.py:254} INFO - Executing: 
            drop table if exists rates;
            drop table if exists bitcoin_data; 
            create table bitcoin_data(
                priceUsd float not null,
                time int not null,
                circulatingsupply float not null,
                date date not null,
                hour int not null
            );
        
[2023-03-03T14:32:58.510+0000] {base.py:73} INFO - Using connection ID 'postgres' for task execution.
[2023-03-03T14:32:58.701+0000] {base.py:73} INFO - Using connection ID 'postgres' for task execution.
[2023-03-03T14:32:58.705+0000] {sql.py:375} INFO - Running statement: 
            drop table if exists rates;
            drop table if exists bitcoin_data; 
            create table bitcoin_data(
                priceUsd float not null,
                time int not null,
                circulatingsupply float not null,
                date date not null,
                hour int not null
            );
        , parameters: None
[2023-03-03T14:32:58.716+0000] {taskinstance.py:1323} INFO - Marking task as SUCCESS. dag_id=ETL_dag, task_id=create_table, execution_date=20230303T143254, start_date=20230303T143258, end_date=20230303T143258
[2023-03-03T14:32:58.755+0000] {local_task_job.py:208} INFO - Task exited with return code 0
[2023-03-03T14:32:58.778+0000] {taskinstance.py:2578} INFO - 1 downstream tasks scheduled from follow-on schedule check
